#
# A fatal error has been detected by the Java Runtime Environment:
#
#  SIGSEGV (0xb) at pc=0x00007fbb81020ed2, pid=7298, tid=140442277938944
#
# JRE version: Java(TM) SE Runtime Environment (8.0_25-b17) (build 1.8.0_25-b17)
# Java VM: Java HotSpot(TM) 64-Bit Server VM (25.25-b02 mixed mode linux-amd64 compressed oops)
# Problematic frame:
# j  com.sun.glass.ui.gtk.GtkView.notifyInputMethodDraw(Ljava/lang/String;III)V+13
#
# Failed to write core dump. Core dumps have been disabled. To enable core dumping, try "ulimit -c unlimited" before starting Java again
#
# If you would like to submit a bug report, please visit:
#   http://bugreport.sun.com/bugreport/crash.jsp
#

---------------  T H R E A D  ---------------

Current thread (0x00007fbb9031a800):  JavaThread "JavaFX Application Thread" [_thread_in_Java, id=7320, stack(0x00007fbb44068000,0x00007fbb44169000)]

siginfo: si_signo: 11 (SIGSEGV), si_code: 1 (SEGV_MAPERR), si_addr: 0x0000000020014318

Registers:
RAX=0x0000000000100000, RBX=0x00007fbb7ea85a58, RCX=0x0000000020014318, RDX=0x0000000070500004
RSP=0x00007fbb44166420, RBP=0x00007fbb44166488, RSI=0x00007fbb81010940, RDI=0x00007fbb44166560
R8 =0x00007fbb81010940, R9 =0x00007fbb44166708, R10=0x00007fbb9713f440, R11=0x0000000000017101
R12=0x0000000000000000, R13=0x00007fbb7eee98c5, R14=0x00007fbb441664b8, R15=0x00007fbb9031a800
RIP=0x00007fbb81020ed2, EFLAGS=0x0000000000010206, CSGSFS=0x0000000000000033, ERR=0x0000000000000004
  TRAPNO=0x000000000000000e

Top of Stack: (sp=0x00007fbb44166420)
0x00007fbb44166420:   00007fbb81007710 00000000ed029fb0
0x00007fbb44166430:   0000000000000003 0000000000000000
0x00007fbb44166440:   0000000020014318 00007fbb44166448
0x00007fbb44166450:   00007fbb7eee98c5 00007fbb441664b8
0x00007fbb44166460:   00007fbb7eef3408 00007fbb350dd028
0x00007fbb44166470:   00007fbb7eee98f8 0000000000000000
0x00007fbb44166480:   00007fbb44166498 00007fbb44166520
0x00007fbb44166490:   00007fbb810004e7 00007fbb00000003
0x00007fbb441664a0:   0000000000000003 00007fbb00000000
0x00007fbb441664b0:   00000000ed029fb0 00007fbb200142e8
0x00007fbb441664c0:   0000000000001fa0 00007fbb90319e28
0x00007fbb441664d0:   00007fbb9031a800 00007fbb441665a0
0x00007fbb441664e0:   00007fbb200142e8 00007fbb44166560
0x00007fbb441664f0:   00007fbb44166560 00007fbb441668b8
0x00007fbb44166500:   00007fbb0000000a 00007fbb7eee98f8
0x00007fbb44166510:   00007fbb81010940 00007fbb44166708
0x00007fbb44166520:   00007fbb44166690 00007fbb96847086
0x00007fbb44166530:   00007fbb00000005 00007fbb9031a800
0x00007fbb44166540:   00007fbb44166700 00007fbb441668b0
0x00007fbb44166550:   00007fbb81010940 000000000000000a
0x00007fbb44166560:   00007fbb9031a800 00007fbb20000a30
0x00007fbb44166570:   00007fbb7eee98f8 00007fbb200142e8
0x00007fbb44166580:   00007fbb44167600 00007fbb810156a8
0x00007fbb44166590:   00007fbb44167660 00007fbb441668b0
0x00007fbb441665a0:   00007fbb9031a800 00007fbb90319dd0
0x00007fbb441665b0:   00007fbb90319e10 00007fbb90319e30
0x00007fbb441665c0:   00007fbb90319ef8 00000000000000d8
0x00007fbb441665d0:   00007fbb44167890 897aa413b2a7bb00
0x00007fbb441665e0:   00007fbb7eee98f8 00007fbb9031a800
0x00007fbb441665f0:   00007fbb902a30f0 00007fbb902a3108
0x00007fbb44166600:   00007fbb7eee98f8 00007fbb9031a800
0x00007fbb44166610:   00007fbb44166620 00007fbb3e441dd7 

Instructions: (pc=0x00007fbb81020ed2)
0x00007fbb81020eb2:   13 97 bb 7f 00 00 49 8b 14 d2 52 41 8b d5 4c 8b
0x00007fbb81020ec2:   6d c8 8b c2 81 e0 00 00 10 00 0f 84 6a 01 00 00
0x00007fbb81020ed2:   48 3b 01 48 8b 45 e0 48 85 c0 0f 84 12 00 00 00
0x00007fbb81020ee2:   48 83 40 08 01 48 83 58 08 00 48 83 c0 30 48 89 

Register to memory mapping:

RAX=0x0000000000100000 is an unknown value
RBX={method} {0x00007fbb7ea85a58} 'replace' '(IILjava/lang/String;)Ljava/lang/StringBuilder;' in 'java/lang/StringBuilder'
RCX=0x0000000020014318 is an unknown value
RDX=0x0000000070500004 is an unknown value
RSP=0x00007fbb44166420 is pointing into the stack for thread: 0x00007fbb9031a800
RBP=0x00007fbb44166488 is pointing into the stack for thread: 0x00007fbb9031a800
RSI=0x00007fbb81010940 is at code_begin+0 in an Interpreter codelet
method entry point (kind = zerolocals)  [0x00007fbb81010940, 0x00007fbb81010dc0]  1152 bytes
RDI=0x00007fbb44166560 is pointing into the stack for thread: 0x00007fbb9031a800
R8 =0x00007fbb81010940 is at code_begin+0 in an Interpreter codelet
method entry point (kind = zerolocals)  [0x00007fbb81010940, 0x00007fbb81010dc0]  1152 bytes
R9 =0x00007fbb44166708 is pointing into the stack for thread: 0x00007fbb9031a800
R10=0x00007fbb9713f440: <offset 0xf5c440> in /usr/lib/jvm/jdk1.8.0_25/jre/lib/amd64/server/libjvm.so at 0x00007fbb961e3000
R11=0x0000000000017101 is an unknown value
R12=0x0000000000000000 is an unknown value
R13=0x00007fbb7eee98c5 is pointing into metadata
R14=0x00007fbb441664b8 is pointing into the stack for thread: 0x00007fbb9031a800
R15=0x00007fbb9031a800 is a thread


Stack: [0x00007fbb44068000,0x00007fbb44169000],  sp=0x00007fbb44166420,  free space=1017k
Native frames: (J=compiled Java code, j=interpreted, Vv=VM code, C=native code)
j  com.sun.glass.ui.gtk.GtkView.notifyInputMethodDraw(Ljava/lang/String;III)V+13
v  ~StubRoutines::call_stub
V  [libjvm.so+0x664086]  JavaCalls::call_helper(JavaValue*, methodHandle*, JavaCallArguments*, Thread*)+0x1056
V  [libjvm.so+0x6aa05b]  jni_invoke_nonstatic(JNIEnv_*, JavaValue*, _jobject*, JNICallType, _jmethodID*, JNI_ArgumentPusher*, Thread*)+0x41b
V  [libjvm.so+0x6ba06f]  jni_CallVoidMethodV+0x10f
C  [libglass.so+0x145e8]  JNIEnv_::CallVoidMethod(_jobject*, _jmethodID*, ...)+0x98
C  [libglass.so+0x1a93a]  im_preedit_draw(_XIM*, char*, char*)+0x8a
C  [libX11.so.6+0x591d8]
C  0x0000000000000003


---------------  P R O C E S S  ---------------

Java Threads: ( => current thread )
  0x00007fbb2049b800 JavaThread "Prism Font Disposer" daemon [_thread_blocked, id=7325, stack(0x00007fbb35d5f000,0x00007fbb35e60000)]
  0x00007fbb2026e000 JavaThread "Abandoned connection cleanup thread" daemon [_thread_blocked, id=7322, stack(0x00007fbb36d3a000,0x00007fbb36e3b000)]
  0x00007fbb9031e800 JavaThread "JavaFX-Launcher" [_thread_blocked, id=7321, stack(0x00007fbb3703b000,0x00007fbb3713c000)]
=>0x00007fbb9031a800 JavaThread "JavaFX Application Thread" [_thread_in_Java, id=7320, stack(0x00007fbb44068000,0x00007fbb44169000)]
  0x00007fbb90318000 JavaThread "Thread-1" daemon [_thread_blocked, id=7318, stack(0x00007fbb7c056000,0x00007fbb7c157000)]
  0x00007fbb9026a800 JavaThread "QuantumRenderer-0" daemon [_thread_blocked, id=7316, stack(0x00007fbb7c657000,0x00007fbb7c758000)]
  0x00007fbb9017b000 JavaThread "Service Thread" daemon [_thread_blocked, id=7314, stack(0x00007fbb7c8e5000,0x00007fbb7c9e6000)]
  0x00007fbb90178000 JavaThread "C1 CompilerThread2" daemon [_thread_blocked, id=7313, stack(0x00007fbb7c9e6000,0x00007fbb7cae7000)]
  0x00007fbb90176800 JavaThread "C2 CompilerThread1" daemon [_thread_blocked, id=7312, stack(0x00007fbb7cae7000,0x00007fbb7cbe8000)]
  0x00007fbb90173800 JavaThread "C2 CompilerThread0" daemon [_thread_blocked, id=7311, stack(0x00007fbb7cbe8000,0x00007fbb7cce9000)]
  0x00007fbb90171800 JavaThread "Signal Dispatcher" daemon [_thread_blocked, id=7310, stack(0x00007fbb7cce9000,0x00007fbb7cdea000)]
  0x00007fbb90143800 JavaThread "Finalizer" daemon [_thread_blocked, id=7309, stack(0x00007fbb7d729000,0x00007fbb7d82a000)]
  0x00007fbb90141800 JavaThread "Reference Handler" daemon [_thread_blocked, id=7308, stack(0x00007fbb7d82a000,0x00007fbb7d92b000)]
  0x00007fbb9000a000 JavaThread "main" [_thread_blocked, id=7301, stack(0x00007fbb97c67000,0x00007fbb97d68000)]

Other Threads:
  0x00007fbb9013a000 VMThread [stack: 0x00007fbb7d92b000,0x00007fbb7da2c000] [id=7307]
  0x00007fbb90182000 WatcherThread [stack: 0x00007fbb7c7e4000,0x00007fbb7c8e5000] [id=7315]

VM state:not at safepoint (normal execution)

VM Mutex/Monitor currently owned by a thread: None

Heap:
 PSYoungGen      total 35328K, used 20774K [0x00000000ec100000, 0x00000000ef600000, 0x0000000100000000)
  eden space 30208K, 51% used [0x00000000ec100000,0x00000000ed049a60,0x00000000ede80000)
  from space 5120K, 100% used [0x00000000ede80000,0x00000000ee380000,0x00000000ee380000)
  to   space 6656K, 0% used [0x00000000eef80000,0x00000000eef80000,0x00000000ef600000)
 ParOldGen       total 30208K, used 8923K [0x00000000c4200000, 0x00000000c5f80000, 0x00000000ec100000)
  object space 30208K, 29% used [0x00000000c4200000,0x00000000c4ab6f10,0x00000000c5f80000)
 Metaspace       used 22715K, capacity 24104K, committed 24448K, reserved 1071104K
  class space    used 3149K, capacity 3351K, committed 3456K, reserved 1048576K

Card table byte_map: [0x00007fbb948a3000,0x00007fbb94a83000] byte_map_base: 0x00007fbb94282000

Marking Bits: (ParMarkBitMap*) 0x00007fbb9713d2c0
 Begin Bits: [0x00007fbb7f210000, 0x00007fbb80108000)
 End Bits:   [0x00007fbb80108000, 0x00007fbb81000000)

Polling page: 0x00007fbb97d84000

CodeCache: size=245760Kb used=13238Kb max_used=13243Kb free=232521Kb
 bounds [0x00007fbb81000000, 0x00007fbb81d00000, 0x00007fbb90000000]
 total_blobs=4832 nmethods=4123 adapters=622
 compilation: enabled

Compilation events (10 events):
Event: 29,434 Thread 0x00007fbb90178000 nmethod 4147 0x00007fbb81cf0590 code [0x00007fbb81cf0720, 0x00007fbb81cf0a88]
Event: 29,435 Thread 0x00007fbb90173800 nmethod 4146 0x00007fbb81cf0250 code [0x00007fbb81cf03a0, 0x00007fbb81cf0498]
Event: 29,538 Thread 0x00007fbb90176800 4148       4       com.sun.javafx.scene.EnteredExitedHandler::dispatchCapturingEvent (222 bytes)
Event: 29,547 Thread 0x00007fbb90176800 nmethod 4148 0x00007fbb81cec490 code [0x00007fbb81cec680, 0x00007fbb81ceca58]
Event: 30,038 Thread 0x00007fbb90178000 4149       1       com.sun.scenario.effect.FilterContext::getReferent (5 bytes)
Event: 30,039 Thread 0x00007fbb90178000 nmethod 4149 0x00007fbb81cefed0 code [0x00007fbb81cf0020, 0x00007fbb81cf0130]
Event: 30,207 Thread 0x00007fbb90178000 4150       3       java.nio.Buffer::flip (20 bytes)
Event: 30,207 Thread 0x00007fbb90178000 nmethod 4150 0x00007fbb81cec150 code [0x00007fbb81cec2a0, 0x00007fbb81cec410]
Event: 30,547 Thread 0x00007fbb90178000 4151       3       com.sun.javafx.geom.DirtyRegionContainer::addDirtyRegion (172 bytes)
Event: 30,549 Thread 0x00007fbb90178000 nmethod 4151 0x00007fbb81cf8cd0 code [0x00007fbb81cf8f00, 0x00007fbb81cf9c58]

GC Heap History (10 events):
Event: 8,618 GC heap before
{Heap before GC invocations=4 (full 0):
 PSYoungGen      total 17920K, used 17888K [0x00000000ec100000, 0x00000000ed500000, 0x0000000100000000)
  eden space 15360K, 100% used [0x00000000ec100000,0x00000000ed000000,0x00000000ed000000)
  from space 2560K, 98% used [0x00000000ed000000,0x00000000ed278068,0x00000000ed280000)
  to   space 2560K, 0% used [0x00000000ed280000,0x00000000ed280000,0x00000000ed500000)
 ParOldGen       total 40960K, used 4060K [0x00000000c4200000, 0x00000000c6a00000, 0x00000000ec100000)
  object space 40960K, 9% used [0x00000000c4200000,0x00000000c45f7278,0x00000000c6a00000)
 Metaspace       used 19366K, capacity 20128K, committed 20352K, reserved 1067008K
  class space    used 2735K, capacity 2889K, committed 2944K, reserved 1048576K
Event: 8,625 GC heap after
Heap after GC invocations=4 (full 0):
 PSYoungGen      total 17920K, used 2544K [0x00000000ec100000, 0x00000000ed500000, 0x0000000100000000)
  eden space 15360K, 0% used [0x00000000ec100000,0x00000000ec100000,0x00000000ed000000)
  from space 2560K, 99% used [0x00000000ed280000,0x00000000ed4fc058,0x00000000ed500000)
  to   space 2560K, 0% used [0x00000000ed000000,0x00000000ed000000,0x00000000ed280000)
 ParOldGen       total 40960K, used 4769K [0x00000000c4200000, 0x00000000c6a00000, 0x00000000ec100000)
  object space 40960K, 11% used [0x00000000c4200000,0x00000000c46a8568,0x00000000c6a00000)
 Metaspace       used 19366K, capacity 20128K, committed 20352K, reserved 1067008K
  class space    used 2735K, capacity 2889K, committed 2944K, reserved 1048576K
}
Event: 8,870 GC heap before
{Heap before GC invocations=5 (full 0):
 PSYoungGen      total 17920K, used 15279K [0x00000000ec100000, 0x00000000ed500000, 0x0000000100000000)
  eden space 15360K, 82% used [0x00000000ec100000,0x00000000ecd6fdd0,0x00000000ed000000)
  from space 2560K, 99% used [0x00000000ed280000,0x00000000ed4fc058,0x00000000ed500000)
  to   space 2560K, 0% used [0x00000000ed000000,0x00000000ed000000,0x00000000ed280000)
 ParOldGen       total 40960K, used 4769K [0x00000000c4200000, 0x00000000c6a00000, 0x00000000ec100000)
  object space 40960K, 11% used [0x00000000c4200000,0x00000000c46a8568,0x00000000c6a00000)
 Metaspace       used 20231K, capacity 21184K, committed 21248K, reserved 1067008K
  class space    used 2891K, capacity 3051K, committed 3072K, reserved 1048576K
Event: 8,876 GC heap after
Heap after GC invocations=5 (full 0):
 PSYoungGen      total 17920K, used 2544K [0x00000000ec100000, 0x00000000ee900000, 0x0000000100000000)
  eden space 15360K, 0% used [0x00000000ec100000,0x00000000ec100000,0x00000000ed000000)
  from space 2560K, 99% used [0x00000000ed000000,0x00000000ed27c058,0x00000000ed280000)
  to   space 5120K, 0% used [0x00000000ee400000,0x00000000ee400000,0x00000000ee900000)
 ParOldGen       total 40960K, used 5663K [0x00000000c4200000, 0x00000000c6a00000, 0x00000000ec100000)
  object space 40960K, 13% used [0x00000000c4200000,0x00000000c4787ed8,0x00000000c6a00000)
 Metaspace       used 20231K, capacity 21184K, committed 21248K, reserved 1067008K
  class space    used 2891K, capacity 3051K, committed 3072K, reserved 1048576K
}
Event: 8,876 GC heap before
{Heap before GC invocations=6 (full 1):
 PSYoungGen      total 17920K, used 2544K [0x00000000ec100000, 0x00000000ee900000, 0x0000000100000000)
  eden space 15360K, 0% used [0x00000000ec100000,0x00000000ec100000,0x00000000ed000000)
  from space 2560K, 99% used [0x00000000ed000000,0x00000000ed27c058,0x00000000ed280000)
  to   space 5120K, 0% used [0x00000000ee400000,0x00000000ee400000,0x00000000ee900000)
 ParOldGen       total 40960K, used 5663K [0x00000000c4200000, 0x00000000c6a00000, 0x00000000ec100000)
  object space 40960K, 13% used [0x00000000c4200000,0x00000000c4787ed8,0x00000000c6a00000)
 Metaspace       used 20231K, capacity 21184K, committed 21248K, reserved 1067008K
  class space    used 2891K, capacity 3051K, committed 3072K, reserved 1048576K
Event: 8,925 GC heap after
Heap after GC invocations=6 (full 1):
 PSYoungGen      total 17920K, used 0K [0x00000000ec100000, 0x00000000ee900000, 0x0000000100000000)
  eden space 15360K, 0% used [0x00000000ec100000,0x00000000ec100000,0x00000000ed000000)
  from space 2560K, 0% used [0x00000000ed000000,0x00000000ed000000,0x00000000ed280000)
  to   space 5120K, 0% used [0x00000000ee400000,0x00000000ee400000,0x00000000ee900000)
 ParOldGen       total 30208K, used 7175K [0x00000000c4200000, 0x00000000c5f80000, 0x00000000ec100000)
  object space 30208K, 23% used [0x00000000c4200000,0x00000000c4901ef0,0x00000000c5f80000)
 Metaspace       used 20230K, capacity 21182K, committed 21248K, reserved 1067008K
  class space    used 2890K, capacity 3050K, committed 3072K, reserved 1048576K
}
Event: 12,341 GC heap before
{Heap before GC invocations=7 (full 1):
 PSYoungGen      total 17920K, used 15360K [0x00000000ec100000, 0x00000000ee900000, 0x0000000100000000)
  eden space 15360K, 100% used [0x00000000ec100000,0x00000000ed000000,0x00000000ed000000)
  from space 2560K, 0% used [0x00000000ed000000,0x00000000ed000000,0x00000000ed280000)
  to   space 5120K, 0% used [0x00000000ee400000,0x00000000ee400000,0x00000000ee900000)
 ParOldGen       total 30208K, used 7175K [0x00000000c4200000, 0x00000000c5f80000, 0x00000000ec100000)
  object space 30208K, 23% used [0x00000000c4200000,0x00000000c4901ef0,0x00000000c5f80000)
 Metaspace       used 22140K, capacity 23492K, committed 23680K, reserved 1069056K
  class space    used 3134K, capacity 3345K, committed 3456K, reserved 1048576K
Event: 12,349 GC heap after
Heap after GC invocations=7 (full 1):
 PSYoungGen      total 30208K, used 4384K [0x00000000ec100000, 0x00000000ee880000, 0x0000000100000000)
  eden space 25600K, 0% used [0x00000000ec100000,0x00000000ec100000,0x00000000eda00000)
  from space 4608K, 95% used [0x00000000ee400000,0x00000000ee848000,0x00000000ee880000)
  to   space 5120K, 0% used [0x00000000ede80000,0x00000000ede80000,0x00000000ee380000)
 ParOldGen       total 30208K, used 7183K [0x00000000c4200000, 0x00000000c5f80000, 0x00000000ec100000)
  object space 30208K, 23% used [0x00000000c4200000,0x00000000c4903ef0,0x00000000c5f80000)
 Metaspace       used 22140K, capacity 23492K, committed 23680K, reserved 1069056K
  class space    used 3134K, capacity 3345K, committed 3456K, reserved 1048576K
}
Event: 26,876 GC heap before
{Heap before GC invocations=8 (full 1):
 PSYoungGen      total 30208K, used 29984K [0x00000000ec100000, 0x00000000ee880000, 0x0000000100000000)
  eden space 25600K, 100% used [0x00000000ec100000,0x00000000eda00000,0x00000000eda00000)
  from space 4608K, 95% used [0x00000000ee400000,0x00000000ee848000,0x00000000ee880000)
  to   space 5120K, 0% used [0x00000000ede80000,0x00000000ede80000,0x00000000ee380000)
 ParOldGen       total 30208K, used 7183K [0x00000000c4200000, 0x00000000c5f80000, 0x00000000ec100000)
  object space 30208K, 23% used [0x00000000c4200000,0x00000000c4903ef0,0x00000000c5f80000)
 Metaspace       used 22700K, capacity 24104K, committed 24448K, reserved 1071104K
  class space    used 3146K, capacity 3351K, committed 3456K, reserved 1048576K
Event: 26,886 GC heap after
Heap after GC invocations=8 (full 1):
 PSYoungGen      total 35328K, used 5120K [0x00000000ec100000, 0x00000000ef600000, 0x0000000100000000)
  eden space 30208K, 0% used [0x00000000ec100000,0x00000000ec100000,0x00000000ede80000)
  from space 5120K, 100% used [0x00000000ede80000,0x00000000ee380000,0x00000000ee380000)
  to   space 6656K, 0% used [0x00000000eef80000,0x00000000eef80000,0x00000000ef600000)
 ParOldGen       total 30208K, used 8923K [0x00000000c4200000, 0x00000000c5f80000, 0x00000000ec100000)
  object space 30208K, 29% used [0x00000000c4200000,0x00000000c4ab6f10,0x00000000c5f80000)
 Metaspace       used 22700K, capacity 24104K, committed 24448K, reserved 1071104K
  class space    used 3146K, capacity 3351K, committed 3456K, reserved 1048576K
}

Deoptimization events (10 events):
Event: 30,226 Thread 0x00007fbb9031a800 Uncommon trap: reason=bimorphic action=maybe_recompile pc=0x00007fbb81bff36c method=com.sun.javafx.event.EventHandlerManager.dispatchCapturingEvent(Ljavafx/event/Event;)Ljavafx/event/Event; @ 1
Event: 30,226 Thread 0x00007fbb9031a800 Uncommon trap: reason=bimorphic action=maybe_recompile pc=0x00007fbb81cec918 method=com.sun.javafx.scene.EnteredExitedHandler.dispatchCapturingEvent(Ljavafx/event/Event;)Ljavafx/event/Event; @ 12
Event: 30,226 Thread 0x00007fbb9031a800 Uncommon trap: reason=bimorphic action=maybe_recompile pc=0x00007fbb81bff36c method=com.sun.javafx.event.EventHandlerManager.dispatchCapturingEvent(Ljavafx/event/Event;)Ljavafx/event/Event; @ 1
Event: 30,226 Thread 0x00007fbb9031a800 Uncommon trap: reason=bimorphic action=maybe_recompile pc=0x00007fbb81c2f3d8 method=com.sun.javafx.event.EventHandlerManager.dispatchBubblingEvent(Ljavafx/event/Event;)Ljavafx/event/Event; @ 1
Event: 30,227 Thread 0x00007fbb9031a800 Uncommon trap: reason=bimorphic action=maybe_recompile pc=0x00007fbb81c2f3d8 method=com.sun.javafx.event.EventHandlerManager.dispatchBubblingEvent(Ljavafx/event/Event;)Ljavafx/event/Event; @ 1
Event: 30,227 Thread 0x00007fbb9031a800 Uncommon trap: reason=bimorphic action=maybe_recompile pc=0x00007fbb81c2f3d8 method=com.sun.javafx.event.EventHandlerManager.dispatchBubblingEvent(Ljavafx/event/Event;)Ljavafx/event/Event; @ 1
Event: 30,377 Thread 0x00007fbb9031a800 Uncommon trap: reason=bimorphic action=maybe_recompile pc=0x00007fbb81bff36c method=com.sun.javafx.event.EventHandlerManager.dispatchCapturingEvent(Ljavafx/event/Event;)Ljavafx/event/Event; @ 1
Event: 30,377 Thread 0x00007fbb9031a800 Uncommon trap: reason=bimorphic action=maybe_recompile pc=0x00007fbb81cec918 method=com.sun.javafx.scene.EnteredExitedHandler.dispatchCapturingEvent(Ljavafx/event/Event;)Ljavafx/event/Event; @ 12
Event: 30,377 Thread 0x00007fbb9031a800 Uncommon trap: reason=bimorphic action=maybe_recompile pc=0x00007fbb81c2f3d8 method=com.sun.javafx.event.EventHandlerManager.dispatchBubblingEvent(Ljavafx/event/Event;)Ljavafx/event/Event; @ 1
Event: 30,495 Thread 0x00007fbb9031a800 Uncommon trap: reason=bimorphic action=maybe_recompile pc=0x00007fbb81cec918 method=com.sun.javafx.scene.EnteredExitedHandler.dispatchCapturingEvent(Ljavafx/event/Event;)Ljavafx/event/Event; @ 12

Internal exceptions (10 events):
Event: 8,689 Thread 0x00007fbb9031a800 Exception <a 'java/security/PrivilegedActionException'> (0x00000000ec8ef278) thrown at [/HUDSON/workspace/8-2-build-linux-amd64/jdk8u25/1514/hotspot/src/share/vm/prims/jvm.cpp, line 1312]
Event: 8,689 Thread 0x00007fbb9031a800 Exception <a 'java/security/PrivilegedActionException'> (0x00000000ec8efec0) thrown at [/HUDSON/workspace/8-2-build-linux-amd64/jdk8u25/1514/hotspot/src/share/vm/prims/jvm.cpp, line 1312]
Event: 8,689 Thread 0x00007fbb9031a800 Exception <a 'java/security/PrivilegedActionException'> (0x00000000ec8f0b80) thrown at [/HUDSON/workspace/8-2-build-linux-amd64/jdk8u25/1514/hotspot/src/share/vm/prims/jvm.cpp, line 1312]
Event: 8,691 Thread 0x00007fbb9031a800 Exception <a 'java/security/PrivilegedActionException'> (0x00000000ec90c7c0) thrown at [/HUDSON/workspace/8-2-build-linux-amd64/jdk8u25/1514/hotspot/src/share/vm/prims/jvm.cpp, line 1312]
Event: 8,691 Thread 0x00007fbb9031a800 Exception <a 'java/security/PrivilegedActionException'> (0x00000000ec90d4a8) thrown at [/HUDSON/workspace/8-2-build-linux-amd64/jdk8u25/1514/hotspot/src/share/vm/prims/jvm.cpp, line 1312]
Event: 9,465 Thread 0x00007fbb9031a800 Exception <a 'java/security/PrivilegedActionException'> (0x00000000ecd297c8) thrown at [/HUDSON/workspace/8-2-build-linux-amd64/jdk8u25/1514/hotspot/src/share/vm/prims/jvm.cpp, line 1312]
Event: 20,848 Thread 0x00007fbb9031a800 Exception <a 'java/security/PrivilegedActionException'> (0x00000000ec7414d0) thrown at [/HUDSON/workspace/8-2-build-linux-amd64/jdk8u25/1514/hotspot/src/share/vm/prims/jvm.cpp, line 1312]
Event: 20,848 Thread 0x00007fbb9031a800 Exception <a 'java/security/PrivilegedActionException'> (0x00000000ec742148) thrown at [/HUDSON/workspace/8-2-build-linux-amd64/jdk8u25/1514/hotspot/src/share/vm/prims/jvm.cpp, line 1312]
Event: 20,848 Thread 0x00007fbb9031a800 Exception <a 'java/security/PrivilegedActionException'> (0x00000000ec743f48) thrown at [/HUDSON/workspace/8-2-build-linux-amd64/jdk8u25/1514/hotspot/src/share/vm/prims/jvm.cpp, line 1312]
Event: 20,848 Thread 0x00007fbb9031a800 Exception <a 'java/security/PrivilegedActionException'> (0x00000000ec744a80) thrown at [/HUDSON/workspace/8-2-build-linux-amd64/jdk8u25/1514/hotspot/src/share/vm/prims/jvm.cpp, line 1312]

Events (10 events):
Event: 30,377 Thread 0x00007fbb9031a800 DEOPT UNPACKING pc=0x00007fbb81004f69 sp=0x00007fbb44165c40 mode 2
Event: 30,377 Thread 0x00007fbb9031a800 Uncommon trap: trap_request=0xffffffc6 fr.pc=0x00007fbb81cec918
Event: 30,377 Thread 0x00007fbb9031a800 DEOPT PACKING pc=0x00007fbb81cec918 sp=0x00007fbb44165bd0
Event: 30,377 Thread 0x00007fbb9031a800 DEOPT UNPACKING pc=0x00007fbb81004f69 sp=0x00007fbb44165b88 mode 2
Event: 30,377 Thread 0x00007fbb9031a800 Uncommon trap: trap_request=0xffffffc6 fr.pc=0x00007fbb81c2f3d8
Event: 30,377 Thread 0x00007fbb9031a800 DEOPT PACKING pc=0x00007fbb81c2f3d8 sp=0x00007fbb44165b70
Event: 30,377 Thread 0x00007fbb9031a800 DEOPT UNPACKING pc=0x00007fbb81004f69 sp=0x00007fbb44165b50 mode 2
Event: 30,495 Thread 0x00007fbb9031a800 Uncommon trap: trap_request=0xffffffc6 fr.pc=0x00007fbb81cec918
Event: 30,495 Thread 0x00007fbb9031a800 DEOPT PACKING pc=0x00007fbb81cec918 sp=0x00007fbb44165bd0
Event: 30,495 Thread 0x00007fbb9031a800 DEOPT UNPACKING pc=0x00007fbb81004f69 sp=0x00007fbb44165b88 mode 2


Dynamic libraries:
00400000-00401000 r-xp 00000000 08:07 267404                             /usr/lib/jvm/jdk1.8.0_25/jre/bin/java
00600000-00601000 rw-p 00000000 08:07 267404                             /usr/lib/jvm/jdk1.8.0_25/jre/bin/java
01455000-01476000 rw-p 00000000 00:00 0                                  [heap]
c4200000-c5f80000 rw-p 00000000 00:00 0 
c5f80000-ec100000 ---p 00000000 00:00 0 
ec100000-ef600000 rw-p 00000000 00:00 0 
ef600000-100000000 ---p 00000000 00:00 0 
100000000-100360000 rw-p 00000000 00:00 0 
100360000-140000000 ---p 00000000 00:00 0 
7fbb18000000-7fbb18021000 rw-p 00000000 00:00 0 
7fbb18021000-7fbb1c000000 ---p 00000000 00:00 0 
7fbb1c000000-7fbb1c021000 rw-p 00000000 00:00 0 
7fbb1c021000-7fbb20000000 ---p 00000000 00:00 0 
7fbb20000000-7fbb208ae000 rw-p 00000000 00:00 0 
7fbb208ae000-7fbb24000000 ---p 00000000 00:00 0 
7fbb24000000-7fbb24021000 rw-p 00000000 00:00 0 
7fbb24021000-7fbb28000000 ---p 00000000 00:00 0 
7fbb28000000-7fbb28021000 rw-p 00000000 00:00 0 
7fbb28021000-7fbb2c000000 ---p 00000000 00:00 0 
7fbb2c000000-7fbb2c022000 rw-p 00000000 00:00 0 
7fbb2c022000-7fbb30000000 ---p 00000000 00:00 0 
7fbb30000000-7fbb30021000 rw-p 00000000 00:00 0 
7fbb30021000-7fbb34000000 ---p 00000000 00:00 0 
7fbb34ff0000-7fbb34ff8000 rw-s 00000000 00:04 75808                      /drm mm object (deleted)
7fbb34ff8000-7fbb35000000 rw-s 00000000 00:04 75806                      /drm mm object (deleted)
7fbb35000000-7fbb35008000 rw-s 00000000 00:04 75804                      /drm mm object (deleted)
7fbb35008000-7fbb35010000 rw-s 00000000 00:04 75802                      /drm mm object (deleted)
7fbb35010000-7fbb35018000 rw-s 00000000 00:04 75800                      /drm mm object (deleted)
7fbb35018000-7fbb35020000 rw-s 00000000 00:04 75797                      /drm mm object (deleted)
7fbb35020000-7fbb35028000 rw-s 00000000 00:04 75795                      /drm mm object (deleted)
7fbb35028000-7fbb35030000 rw-s 00000000 00:04 75793                      /drm mm object (deleted)
7fbb35030000-7fbb35038000 rw-s 00000000 00:04 75791                      /drm mm object (deleted)
7fbb35038000-7fbb35040000 rw-s 00000000 00:04 75561                      /drm mm object (deleted)
7fbb35040000-7fbb35048000 rw-s 00000000 00:04 75559                      /drm mm object (deleted)
7fbb35048000-7fbb35058000 rw-s 00000000 00:04 72692                      /drm mm object (deleted)
7fbb35058000-7fbb35068000 rw-s 00000000 00:04 75531                      /drm mm object (deleted)
7fbb35068000-7fbb35078000 rw-s 00000000 00:04 72704                      /drm mm object (deleted)
7fbb35078000-7fbb35088000 rw-s 00000000 00:04 74117                      /drm mm object (deleted)
7fbb3508c000-7fbb35094000 rw-s 00000000 00:04 75557                      /drm mm object (deleted)
7fbb35094000-7fbb35114000 rw-p 00000000 00:00 0 
7fbb35114000-7fbb35294000 ---p 00000000 00:00 0 
7fbb35294000-7fbb35454000 rw-s 00000000 00:04 71539                      /drm mm object (deleted)
7fbb35454000-7fbb354fe000 r--p 00000000 08:07 1968774                    /usr/share/fonts/truetype/dejavu/DejaVuSans-Bold.ttf
7fbb354fe000-7fbb356fe000 rw-p 00000000 00:00 0 
7fbb356fe000-7fbb358fe000 rw-p 00000000 00:00 0 
7fbb358fe000-7fbb35906000 rw-s 00000000 00:04 72693                      /drm mm object (deleted)
7fbb35906000-7fbb3590e000 rw-s 00000000 00:04 74116                      /drm mm object (deleted)
7fbb3590e000-7fbb35915000 r--s 00000000 08:07 1312917                    /usr/lib/x86_64-linux-gnu/gconv/gconv-modules.cache
7fbb35919000-7fbb35979000 rw-s 102675000 00:05 460                       /dev/dri/card0
7fbb35979000-7fbb35987000 rw-s 1024c2000 00:05 460                       /dev/dri/card0
7fbb35987000-7fbb35989000 rw-p 00000000 00:00 0 
7fbb35989000-7fbb3598b000 rw-s 00000000 00:04 71537                      /drm mm object (deleted)
7fbb3598b000-7fbb35b4b000 rw-s 00000000 00:04 71501                      /drm mm object (deleted)
7fbb35b4b000-7fbb35b4c000 rw-p 00000000 00:00 0 
7fbb35b4c000-7fbb35b5f000 r--s 00344000 08:07 2495517                    /usr/lib/jvm/jdk1.8.0_25/jre/lib/resources.jar
7fbb35b5f000-7fbb35d5f000 rw-p 00000000 00:00 0 
7fbb35d5f000-7fbb35d62000 ---p 00000000 00:00 0 
7fbb35d62000-7fbb35e60000 rw-p 00000000 00:00 0                          [stack:7325]
7fbb35e60000-7fbb35f16000 r--p 00000000 08:07 1968775                    /usr/share/fonts/truetype/dejavu/DejaVuSans.ttf
7fbb35f16000-7fbb35f6b000 r--p 00000000 08:07 133747                     /usr/lib/jvm/jdk1.8.0_25/jre/lib/fonts/LucidaBrightRegular.ttf
7fbb35f6b000-7fbb35f7e000 r--p 00000000 08:07 133751                     /usr/lib/jvm/jdk1.8.0_25/jre/lib/fonts/LucidaBrightDemiBold.ttf
7fbb35f7e000-7fbb35f92000 r--p 00000000 08:07 133746                     /usr/lib/jvm/jdk1.8.0_25/jre/lib/fonts/LucidaBrightItalic.ttf
7fbb35f92000-7fbb35fce000 r--p 00000000 08:07 133745                     /usr/lib/jvm/jdk1.8.0_25/jre/lib/fonts/LucidaTypewriterRegular.ttf
7fbb35fce000-7fbb36079000 r--p 00000000 08:07 133749                     /usr/lib/jvm/jdk1.8.0_25/jre/lib/fonts/LucidaSansRegular.ttf
7fbb36079000-7fbb360b3000 r--p 00000000 08:07 133748                     /usr/lib/jvm/jdk1.8.0_25/jre/lib/fonts/LucidaTypewriterBold.ttf
7fbb360b3000-7fbb36101000 r--p 00000000 08:07 133752                     /usr/lib/jvm/jdk1.8.0_25/jre/lib/fonts/LucidaSansDemiBold.ttf
7fbb36101000-7fbb36114000 r--p 00000000 08:07 133750                     /usr/lib/jvm/jdk1.8.0_25/jre/lib/fonts/LucidaBrightDemiItalic.ttf
7fbb36114000-7fbb36118000 r-xp 00000000 08:07 2495494                    /usr/lib/jvm/jdk1.8.0_25/jre/lib/amd64/libjavafx_font_pango.so
7fbb36118000-7fbb36317000 ---p 00004000 08:07 2495494                    /usr/lib/jvm/jdk1.8.0_25/jre/lib/amd64/libjavafx_font_pango.so
7fbb36317000-7fbb36318000 r--p 00003000 08:07 2495494                    /usr/lib/jvm/jdk1.8.0_25/jre/lib/amd64/libjavafx_font_pango.so
7fbb36318000-7fbb36319000 rw-p 00004000 08:07 2495494                    /usr/lib/jvm/jdk1.8.0_25/jre/lib/amd64/libjavafx_font_pango.so
7fbb36319000-7fbb36519000 rw-p 00000000 00:00 0 
7fbb36519000-7fbb3651e000 r-xp 00000000 08:07 2495444                    /usr/lib/jvm/jdk1.8.0_25/jre/lib/amd64/libjavafx_font_freetype.so
7fbb3651e000-7fbb3671d000 ---p 00005000 08:07 2495444                    /usr/lib/jvm/jdk1.8.0_25/jre/lib/amd64/libjavafx_font_freetype.so
7fbb3671d000-7fbb3671e000 r--p 00004000 08:07 2495444                    /usr/lib/jvm/jdk1.8.0_25/jre/lib/amd64/libjavafx_font_freetype.so
7fbb3671e000-7fbb3671f000 rw-p 00005000 08:07 2495444                    /usr/lib/jvm/jdk1.8.0_25/jre/lib/amd64/libjavafx_font_freetype.so
7fbb3671f000-7fbb36722000 r-xp 00000000 08:07 2495448                    /usr/lib/jvm/jdk1.8.0_25/jre/lib/amd64/libjavafx_font.so
7fbb36722000-7fbb36921000 ---p 00003000 08:07 2495448                    /usr/lib/jvm/jdk1.8.0_25/jre/lib/amd64/libjavafx_font.so
7fbb36921000-7fbb36922000 r--p 00002000 08:07 2495448                    /usr/lib/jvm/jdk1.8.0_25/jre/lib/amd64/libjavafx_font.so
7fbb36922000-7fbb36923000 rw-p 00003000 08:07 2495448                    /usr/lib/jvm/jdk1.8.0_25/jre/lib/amd64/libjavafx_font.so
7fbb36923000-7fbb36939000 r-xp 00000000 08:07 2495477                    /usr/lib/jvm/jdk1.8.0_25/jre/lib/amd64/libnet.so
7fbb36939000-7fbb36b39000 ---p 00016000 08:07 2495477                    /usr/lib/jvm/jdk1.8.0_25/jre/lib/amd64/libnet.so
7fbb36b39000-7fbb36b3a000 rw-p 00016000 08:07 2495477                    /usr/lib/jvm/jdk1.8.0_25/jre/lib/amd64/libnet.so
7fbb36b3a000-7fbb36d3a000 rw-p 00000000 00:00 0 
7fbb36d3a000-7fbb36d3d000 ---p 00000000 00:00 0 
7fbb36d3d000-7fbb3703b000 rw-p 00000000 00:00 0                          [stack:7322]
7fbb3703b000-7fbb3703e000 ---p 00000000 00:00 0 
7fbb3703e000-7fbb3713c000 rw-p 00000000 00:00 0                          [stack:7321]
7fbb3713c000-7fbb3713d000 ---p 00000000 00:00 0 
7fbb3713d000-7fbb3793d000 rw-p 00000000 00:00 0                          [stack:7319]
7fbb3793d000-7fbb3793e000 ---p 00000000 00:00 0 
7fbb3793e000-7fbb3813e000 rw-p 00000000 00:00 0                          [stack:7317]
7fbb3813e000-7fbb38149000 r-xp 00000000 08:07 1313010                    /usr/lib/x86_64-linux-gnu/gio/modules/libdconfsettings.so
7fbb38149000-7fbb38349000 ---p 0000b000 08:07 1313010                    /usr/lib/x86_64-linux-gnu/gio/modules/libdconfsettings.so
7fbb38349000-7fbb3834a000 r--p 0000b000 08:07 1313010                    /usr/lib/x86_64-linux-gnu/gio/modules/libdconfsettings.so
7fbb3834a000-7fbb3834b000 rw-p 0000c000 08:07 1313010                    /usr/lib/x86_64-linux-gnu/gio/modules/libdconfsettings.so
7fbb3834b000-7fbb38364000 r-xp 00000000 08:07 1313014                    /usr/lib/x86_64-linux-gnu/gio/modules/libgioremote-volume-monitor.so
7fbb38364000-7fbb38564000 ---p 00019000 08:07 1313014                    /usr/lib/x86_64-linux-gnu/gio/modules/libgioremote-volume-monitor.so
7fbb38564000-7fbb38567000 r--p 00019000 08:07 1313014                    /usr/lib/x86_64-linux-gnu/gio/modules/libgioremote-volume-monitor.so
7fbb38567000-7fbb38568000 rw-p 0001c000 08:07 1313014                    /usr/lib/x86_64-linux-gnu/gio/modules/libgioremote-volume-monitor.so
7fbb38568000-7fbb3859c000 r-xp 00000000 08:07 1313315                    /usr/lib/x86_64-linux-gnu/gvfs/libgvfscommon.so
7fbb3859c000-7fbb3879c000 ---p 00034000 08:07 1313315                    /usr/lib/x86_64-linux-gnu/gvfs/libgvfscommon.so
7fbb3879c000-7fbb387a1000 r--p 00034000 08:07 1313315                    /usr/lib/x86_64-linux-gnu/gvfs/libgvfscommon.so
7fbb387a1000-7fbb387a2000 rw-p 00039000 08:07 1313315                    /usr/lib/x86_64-linux-gnu/gvfs/libgvfscommon.so
7fbb387a2000-7fbb387d1000 r-xp 00000000 08:07 1313015                    /usr/lib/x86_64-linux-gnu/gio/modules/libgvfsdbus.so
7fbb387d1000-7fbb389d1000 ---p 0002f000 08:07 1313015                    /usr/lib/x86_64-linux-gnu/gio/modules/libgvfsdbus.so
7fbb389d1000-7fbb389d2000 r--p 0002f000 08:07 1313015                    /usr/lib/x86_64-linux-gnu/gio/modules/libgvfsdbus.so
7fbb389d2000-7fbb389d3000 rw-p 00030000 08:07 1313015                    /usr/lib/x86_64-linux-gnu/gio/modules/libgvfsdbus.so
7fbb389d3000-7fbb389d4000 rw-p 00000000 00:00 0 
7fbb389d4000-7fbb389db000 r-xp 00000000 08:07 1058871                    /usr/lib/x86_64-linux-gnu/libogg.so.0.8.1
7fbb389db000-7fbb38bdb000 ---p 00007000 08:07 1058871                    /usr/lib/x86_64-linux-gnu/libogg.so.0.8.1
7fbb38bdb000-7fbb38bdc000 r--p 00007000 08:07 1058871                    /usr/lib/x86_64-linux-gnu/libogg.so.0.8.1
7fbb38bdc000-7fbb38bdd000 rw-p 00008000 08:07 1058871                    /usr/lib/x86_64-linux-gnu/libogg.so.0.8.1
7fbb38bdd000-7fbb38c09000 r-xp 00000000 08:07 1059149                    /usr/lib/x86_64-linux-gnu/libvorbis.so.0.4.5
7fbb38c09000-7fbb38e08000 ---p 0002c000 08:07 1059149                    /usr/lib/x86_64-linux-gnu/libvorbis.so.0.4.5
7fbb38e08000-7fbb38e09000 r--p 0002b000 08:07 1059149                    /usr/lib/x86_64-linux-gnu/libvorbis.so.0.4.5
7fbb38e09000-7fbb38e0a000 rw-p 0002c000 08:07 1059149                    /usr/lib/x86_64-linux-gnu/libvorbis.so.0.4.5
7fbb38e0a000-7fbb38e13000 r-xp 00000000 08:07 1058777                    /usr/lib/x86_64-linux-gnu/libltdl.so.7.3.0
7fbb38e13000-7fbb39012000 ---p 00009000 08:07 1058777                    /usr/lib/x86_64-linux-gnu/libltdl.so.7.3.0
7fbb39012000-7fbb39013000 r--p 00008000 08:07 1058777                    /usr/lib/x86_64-linux-gnu/libltdl.so.7.3.0
7fbb39013000-7fbb39014000 rw-p 00009000 08:07 1058777                    /usr/lib/x86_64-linux-gnu/libltdl.so.7.3.0
7fbb39014000-7fbb39025000 r-xp 00000000 08:07 1059068                    /usr/lib/x86_64-linux-gnu/libtdb.so.1.2.12
7fbb39025000-7fbb39224000 ---p 00011000 08:07 1059068                    /usr/lib/x86_64-linux-gnu/libtdb.so.1.2.12
7fbb39224000-7fbb39225000 r--p 00010000 08:07 1059068                    /usr/lib/x86_64-linux-gnu/libtdb.so.1.2.12
7fbb39225000-7fbb39226000 rw-p 00011000 08:07 1059068                    /usr/lib/x86_64-linux-gnu/libtdb.so.1.2.12
7fbb39226000-7fbb3922d000 r-xp 00000000 08:07 1059153                    /usr/lib/x86_64-linux-gnu/libvorbisfile.so.3.3.4
7fbb3922d000-7fbb3942c000 ---p 00007000 08:07 1059153                    /usr/lib/x86_64-linux-gnu/libvorbisfile.so.3.3.4
7fbb3942c000-7fbb3942d000 r--p 00006000 08:07 1059153                    /usr/lib/x86_64-linux-gnu/libvorbisfile.so.3.3.4
7fbb3942d000-7fbb3942e000 rw-p 00007000 08:07 1059153                    /usr/lib/x86_64-linux-gnu/libvorbisfile.so.3.3.4
7fbb3942e000-7fbb3943d000 r-xp 00000000 08:07 1058291                    /usr/lib/x86_64-linux-gnu/libcanberra.so.0.2.5
7fbb3943d000-7fbb3963c000 ---p 0000f000 08:07 1058291                    /usr/lib/x86_64-linux-gnu/libcanberra.so.0.2.5
7fbb3963c000-7fbb3963d000 r--p 0000e000 08:07 1058291                    /usr/lib/x86_64-linux-gnu/libcanberra.so.0.2.5
7fbb3963d000-7fbb3963e000 rw-p 0000f000 08:07 1058291                    /usr/lib/x86_64-linux-gnu/libcanberra.so.0.2.5
7fbb3963e000-7fbb39642000 r-xp 00000000 08:07 1058287                    /usr/lib/x86_64-linux-gnu/libcanberra-gtk.so.0.1.9
7fbb39642000-7fbb39841000 ---p 00004000 08:07 1058287                    /usr/lib/x86_64-linux-gnu/libcanberra-gtk.so.0.1.9
7fbb39841000-7fbb39842000 r--p 00003000 08:07 1058287                    /usr/lib/x86_64-linux-gnu/libcanberra-gtk.so.0.1.9
7fbb39842000-7fbb39843000 rw-p 00004000 08:07 1058287                    /usr/lib/x86_64-linux-gnu/libcanberra-gtk.so.0.1.9
7fbb39843000-7fbb39848000 r-xp 00000000 08:07 1313265                    /usr/lib/x86_64-linux-gnu/gtk-2.0/modules/libcanberra-gtk-module.so
7fbb39848000-7fbb39a47000 ---p 00005000 08:07 1313265                    /usr/lib/x86_64-linux-gnu/gtk-2.0/modules/libcanberra-gtk-module.so
7fbb39a47000-7fbb39a48000 r--p 00004000 08:07 1313265                    /usr/lib/x86_64-linux-gnu/gtk-2.0/modules/libcanberra-gtk-module.so
7fbb39a48000-7fbb39a49000 rw-p 00005000 08:07 1313265                    /usr/lib/x86_64-linux-gnu/gtk-2.0/modules/libcanberra-gtk-module.so
7fbb39a49000-7fbb39a78000 r-xp 00000000 08:07 1313247                    /usr/lib/x86_64-linux-gnu/gtk-2.0/2.10.0/engines/libmurrine.so
7fbb39a78000-7fbb39c78000 ---p 0002f000 08:07 1313247                    /usr/lib/x86_64-linux-gnu/gtk-2.0/2.10.0/engines/libmurrine.so
7fbb39c78000-7fbb39c79000 r--p 0002f000 08:07 1313247                    /usr/lib/x86_64-linux-gnu/gtk-2.0/2.10.0/engines/libmurrine.so
7fbb39c79000-7fbb39c7a000 rw-p 00030000 08:07 1313247                    /usr/lib/x86_64-linux-gnu/gtk-2.0/2.10.0/engines/libmurrine.so
7fbb39c7a000-7fbb39c8a000 r-xp 00000000 08:07 1059117                    /usr/lib/x86_64-linux-gnu/libunity-gtk2-parser.so.0.0.0
7fbb39c8a000-7fbb39e89000 ---p 00010000 08:07 1059117                    /usr/lib/x86_64-linux-gnu/libunity-gtk2-parser.so.0.0.0
7fbb39e89000-7fbb39e8a000 r--p 0000f000 08:07 1059117                    /usr/lib/x86_64-linux-gnu/libunity-gtk2-parser.so.0.0.0
7fbb39e8a000-7fbb39e8b000 rw-p 00010000 08:07 1059117                    /usr/lib/x86_64-linux-gnu/libunity-gtk2-parser.so.0.0.0
7fbb39e8b000-7fbb39e90000 r-xp 00000000 08:07 1313269                    /usr/lib/x86_64-linux-gnu/gtk-2.0/modules/libunity-gtk-module.so
7fbb39e90000-7fbb3a08f000 ---p 00005000 08:07 1313269                    /usr/lib/x86_64-linux-gnu/gtk-2.0/modules/libunity-gtk-module.so
7fbb3a08f000-7fbb3a090000 r--p 00004000 08:07 1313269                    /usr/lib/x86_64-linux-gnu/gtk-2.0/modules/libunity-gtk-module.so
7fbb3a090000-7fbb3a091000 rw-p 00005000 08:07 1313269                    /usr/lib/x86_64-linux-gnu/gtk-2.0/modules/libunity-gtk-module.so
7fbb3a091000-7fbb3a0a2000 r-xp 00000000 08:07 1313268                    /usr/lib/x86_64-linux-gnu/gtk-2.0/modules/liboverlay-scrollbar.so
7fbb3a0a2000-7fbb3a2a1000 ---p 00011000 08:07 1313268                    /usr/lib/x86_64-linux-gnu/gtk-2.0/modules/liboverlay-scrollbar.so
7fbb3a2a1000-7fbb3a2a2000 r--p 00010000 08:07 1313268                    /usr/lib/x86_64-linux-gnu/gtk-2.0/modules/liboverlay-scrollbar.so
7fbb3a2a2000-7fbb3a2a3000 rw-p 00011000 08:07 1313268                    /usr/lib/x86_64-linux-gnu/gtk-2.0/modules/liboverlay-scrollbar.so
7fbb3a2a3000-7fbb3a2cd000 r-xp 00000000 08:07 2495453                    /usr/lib/jvm/jdk1.8.0_25/jre/lib/amd64/libglass.so
7fbb3a2cd000-7fbb3a4cd000 ---p 0002a000 08:07 2495453                    /usr/lib/jvm/jdk1.8.0_25/jre/lib/amd64/libglass.so
7fbb3a4cd000-7fbb3a4cf000 r--p 0002a000 08:07 2495453                    /usr/lib/jvm/jdk1.8.0_25/jre/lib/amd64/libglass.so
7fbb3a4cf000-7fbb3a4d0000 rw-p 0002c000 08:07 2495453                    /usr/lib/jvm/jdk1.8.0_25/jre/lib/amd64/libglass.so
7fbb3a4d0000-7fbb3a4d1000 rw-p 00000000 00:00 0 
7fbb3a4d1000-7fbb3a508000 r-xp 00000000 08:07 1059100                    /usr/lib/x86_64-linux-gnu/libtxc_dxtn_s2tc.so.0.0.0
7fbb3a508000-7fbb3a707000 ---p 00037000 08:07 1059100                    /usr/lib/x86_64-linux-gnu/libtxc_dxtn_s2tc.so.0.0.0
7fbb3a707000-7fbb3a708000 r--p 00036000 08:07 1059100                    /usr/lib/x86_64-linux-gnu/libtxc_dxtn_s2tc.so.0.0.0
7fbb3a708000-7fbb3a709000 rw-p 00037000 08:07 1059100                    /usr/lib/x86_64-linux-gnu/libtxc_dxtn_s2tc.so.0.0.0
7fbb3a709000-7fbb3a711000 r-xp 00000000 08:07 1058903                    /usr/lib/x86_64-linux-gnu/libpciaccess.so.0.11.1
7fbb3a711000-7fbb3a910000 ---p 00008000 08:07 1058903                    /usr/lib/x86_64-linux-gnu/libpciaccess.so.0.11.1
7fbb3a910000-7fbb3a911000 r--p 00007000 08:07 1058903                    /usr/lib/x86_64-linux-gnu/libpciaccess.so.0.11.1
7fbb3a911000-7fbb3a912000 rw-p 00008000 08:07 1058903                    /usr/lib/x86_64-linux-gnu/libpciaccess.so.0.11.1
7fbb3a912000-7fbb3a91e000 r-xp 00000000 08:07 1058400                    /usr/lib/x86_64-linux-gnu/libdrm_radeon.so.1.0.1
7fbb3a91e000-7fbb3ab1d000 ---p 0000c000 08:07 1058400                    /usr/lib/x86_64-linux-gnu/libdrm_radeon.so.1.0.1
7fbb3ab1d000-7fbb3ab1e000 r--p 0000b000 08:07 1058400                    /usr/lib/x86_64-linux-gnu/libdrm_radeon.so.1.0.1
7fbb3ab1e000-7fbb3ab1f000 rw-p 0000c000 08:07 1058400                    /usr/lib/x86_64-linux-gnu/libdrm_radeon.so.1.0.1
7fbb3ab1f000-7fbb3ab24000 r-xp 00000000 08:07 1058398                    /usr/lib/x86_64-linux-gnu/libdrm_nouveau.so.2.0.0
7fbb3ab24000-7fbb3ad23000 ---p 00005000 08:07 1058398                    /usr/lib/x86_64-linux-gnu/libdrm_nouveau.so.2.0.0
7fbb3ad23000-7fbb3ad24000 r--p 00004000 08:07 1058398                    /usr/lib/x86_64-linux-gnu/libdrm_nouveau.so.2.0.0
7fbb3ad24000-7fbb3ad25000 rw-p 00005000 08:07 1058398                    /usr/lib/x86_64-linux-gnu/libdrm_nouveau.so.2.0.0
7fbb3ad25000-7fbb3ad44000 r-xp 00000000 08:07 1058396                    /usr/lib/x86_64-linux-gnu/libdrm_intel.so.1.0.0
7fbb3ad44000-7fbb3af43000 ---p 0001f000 08:07 1058396                    /usr/lib/x86_64-linux-gnu/libdrm_intel.so.1.0.0
7fbb3af43000-7fbb3af44000 r--p 0001e000 08:07 1058396                    /usr/lib/x86_64-linux-gnu/libdrm_intel.so.1.0.0
7fbb3af44000-7fbb3af45000 rw-p 0001f000 08:07 1058396                    /usr/lib/x86_64-linux-gnu/libdrm_intel.so.1.0.0
7fbb3af45000-7fbb3b432000 r-xp 00000000 08:07 1312344                    /usr/lib/x86_64-linux-gnu/dri/i965_dri.so
7fbb3b432000-7fbb3b632000 ---p 004ed000 08:07 1312344                    /usr/lib/x86_64-linux-gnu/dri/i965_dri.so
7fbb3b632000-7fbb3b649000 r--p 004ed000 08:07 1312344                    /usr/lib/x86_64-linux-gnu/dri/i965_dri.so
7fbb3b649000-7fbb3b655000 rw-p 00504000 08:07 1312344                    /usr/lib/x86_64-linux-gnu/dri/i965_dri.so
7fbb3b655000-7fbb3b6a1000 rw-p 00000000 00:00 0 
7fbb3b6a1000-7fbb3b6e5000 r-xp 00000000 08:07 1708082                    /lib/x86_64-linux-gnu/libdbus-1.so.3.7.6
7fbb3b6e5000-7fbb3b8e4000 ---p 00044000 08:07 1708082                    /lib/x86_64-linux-gnu/libdbus-1.so.3.7.6
7fbb3b8e4000-7fbb3b8e5000 r--p 00043000 08:07 1708082                    /lib/x86_64-linux-gnu/libdbus-1.so.3.7.6
7fbb3b8e5000-7fbb3b8e6000 rw-p 00044000 08:07 1708082                    /lib/x86_64-linux-gnu/libdbus-1.so.3.7.6
7fbb3b8e6000-7fbb3b8ee000 r-xp 00000000 08:07 1708130                    /lib/x86_64-linux-gnu/libnih-dbus.so.1.0.0
7fbb3b8ee000-7fbb3baee000 ---p 00008000 08:07 1708130                    /lib/x86_64-linux-gnu/libnih-dbus.so.1.0.0
7fbb3baee000-7fbb3baef000 r--p 00008000 08:07 1708130                    /lib/x86_64-linux-gnu/libnih-dbus.so.1.0.0
7fbb3baef000-7fbb3baf0000 rw-p 00009000 08:07 1708130                    /lib/x86_64-linux-gnu/libnih-dbus.so.1.0.0
7fbb3baf0000-7fbb3bb07000 r-xp 00000000 08:07 1708132                    /lib/x86_64-linux-gnu/libnih.so.1.0.0
7fbb3bb07000-7fbb3bd06000 ---p 00017000 08:07 1708132                    /lib/x86_64-linux-gnu/libnih.so.1.0.0
7fbb3bd06000-7fbb3bd07000 r--p 00016000 08:07 1708132                    /lib/x86_64-linux-gnu/libnih.so.1.0.0
7fbb3bd07000-7fbb3bd08000 rw-p 00017000 08:07 1708132                    /lib/x86_64-linux-gnu/libnih.so.1.0.0
7fbb3bd08000-7fbb3bd20000 r-xp 00000000 08:07 1708073                    /lib/x86_64-linux-gnu/libcgmanager.so.0.0.0
7fbb3bd20000-7fbb3bf1f000 ---p 00018000 08:07 1708073                    /lib/x86_64-linux-gnu/libcgmanager.so.0.0.0
7fbb3bf1f000-7fbb3bf21000 r--p 00017000 08:07 1708073                    /lib/x86_64-linux-gnu/libcgmanager.so.0.0.0
7fbb3bf21000-7fbb3bf22000 rw-p 00019000 08:07 1708073                    /lib/x86_64-linux-gnu/libcgmanager.so.0.0.0
7fbb3bf22000-7fbb3bf32000 r-xp 00000000 08:07 1708216                    /lib/x86_64-linux-gnu/libudev.so.1.3.5
7fbb3bf32000-7fbb3c131000 ---p 00010000 08:07 1708216                    /lib/x86_64-linux-gnu/libudev.so.1.3.5
7fbb3c131000-7fbb3c132000 r--p 0000f000 08:07 1708216                    /lib/x86_64-linux-gnu/libudev.so.1.3.5
7fbb3c132000-7fbb3c133000 rw-p 00010000 08:07 1708216                    /lib/x86_64-linux-gnu/libudev.so.1.3.5
7fbb3c133000-7fbb3c139000 r-xp 00000000 08:07 1058355                    /usr/lib/x86_64-linux-gnu/libdatrie.so.1.3.1
7fbb3c139000-7fbb3c338000 ---p 00006000 08:07 1058355                    /usr/lib/x86_64-linux-gnu/libdatrie.so.1.3.1
7fbb3c338000-7fbb3c339000 r--p 00005000 08:07 1058355                    /usr/lib/x86_64-linux-gnu/libdatrie.so.1.3.1
7fbb3c339000-7fbb3c33a000 rw-p 00006000 08:07 1058355                    /usr/lib/x86_64-linux-gnu/libdatrie.so.1.3.1
7fbb3c33a000-7fbb3c33f000 r-xp 00000000 08:07 1058163                    /usr/lib/x86_64-linux-gnu/libXdmcp.so.6.0.0
7fbb3c33f000-7fbb3c53e000 ---p 00005000 08:07 1058163                    /usr/lib/x86_64-linux-gnu/libXdmcp.so.6.0.0
7fbb3c53e000-7fbb3c53f000 r--p 00004000 08:07 1058163                    /usr/lib/x86_64-linux-gnu/libXdmcp.so.6.0.0
7fbb3c53f000-7fbb3c540000 rw-p 00005000 08:07 1058163                    /usr/lib/x86_64-linux-gnu/libXdmcp.so.6.0.0
7fbb3c540000-7fbb3c542000 r-xp 00000000 08:07 1058152                    /usr/lib/x86_64-linux-gnu/libXau.so.6.0.0
7fbb3c542000-7fbb3c742000 ---p 00002000 08:07 1058152                    /usr/lib/x86_64-linux-gnu/libXau.so.6.0.0
7fbb3c742000-7fbb3c743000 r--p 00002000 08:07 1058152                    /usr/lib/x86_64-linux-gnu/libXau.so.6.0.0
7fbb3c743000-7fbb3c744000 rw-p 00003000 08:07 1058152                    /usr/lib/x86_64-linux-gnu/libXau.so.6.0.0
7fbb3c744000-7fbb3c75e000 r-xp 00000000 08:07 1058581                    /usr/lib/x86_64-linux-gnu/libgraphite2.so.3.0.1
7fbb3c75e000-7fbb3c95d000 ---p 0001a000 08:07 1058581                    /usr/lib/x86_64-linux-gnu/libgraphite2.so.3.0.1
7fbb3c95d000-7fbb3c95f000 r--p 00019000 08:07 1058581                    /usr/lib/x86_64-linux-gnu/libgraphite2.so.3.0.1
7fbb3c95f000-7fbb3c960000 rw-p 0001b000 08:07 1058581                    /usr/lib/x86_64-linux-gnu/libgraphite2.so.3.0.1
7fbb3c960000-7fbb3c96b000 r-xp 00000000 08:07 1058394                    /usr/lib/x86_64-linux-gnu/libdrm.so.2.4.0
7fbb3c96b000-7fbb3cb6a000 ---p 0000b000 08:07 1058394                    /usr/lib/x86_64-linux-gnu/libdrm.so.2.4.0
7fbb3cb6a000-7fbb3cb6b000 r--p 0000a000 08:07 1058394                    /usr/lib/x86_64-linux-gnu/libdrm.so.2.4.0
7fbb3cb6b000-7fbb3cb6c000 rw-p 0000b000 08:07 1058394                    /usr/lib/x86_64-linux-gnu/libdrm.so.2.4.0
7fbb3cb6c000-7fbb3cb6d000 r-xp 00000000 08:07 1059228                    /usr/lib/x86_64-linux-gnu/libxshmfence.so.1.0.0
7fbb3cb6d000-7fbb3cd6c000 ---p 00001000 08:07 1059228                    /usr/lib/x86_64-linux-gnu/libxshmfence.so.1.0.0
7fbb3cd6c000-7fbb3cd6d000 r--p 00000000 08:07 1059228                    /usr/lib/x86_64-linux-gnu/libxshmfence.so.1.0.0
7fbb3cd6d000-7fbb3cd6e000 rw-p 00001000 08:07 1059228                    /usr/lib/x86_64-linux-gnu/libxshmfence.so.1.0.0
7fbb3cd6e000-7fbb3cd73000 r-xp 00000000 08:07 1059212                    /usr/lib/x86_64-linux-gnu/libxcb-sync.so.1.0.0
7fbb3cd73000-7fbb3cf72000 ---p 00005000 08:07 1059212                    /usr/lib/x86_64-linux-gnu/libxcb-sync.so.1.0.0
7fbb3cf72000-7fbb3cf73000 r--p 00004000 08:07 1059212                    /usr/lib/x86_64-linux-gnu/libxcb-sync.so.1.0.0
7fbb3cf73000-7fbb3cf74000 rw-p 00005000 08:07 1059212                    /usr/lib/x86_64-linux-gnu/libxcb-sync.so.1.0.0
7fbb3cf74000-7fbb3cf76000 r-xp 00000000 08:07 1059200                    /usr/lib/x86_64-linux-gnu/libxcb-present.so.0.0.0
7fbb3cf76000-7fbb3d175000 ---p 00002000 08:07 1059200                    /usr/lib/x86_64-linux-gnu/libxcb-present.so.0.0.0
7fbb3d175000-7fbb3d176000 r--p 00001000 08:07 1059200                    /usr/lib/x86_64-linux-gnu/libxcb-present.so.0.0.0
7fbb3d176000-7fbb3d177000 rw-p 00002000 08:07 1059200                    /usr/lib/x86_64-linux-gnu/libxcb-present.so.0.0.0
7fbb3d177000-7fbb3d179000 r-xp 00000000 08:07 1059192                    /usr/lib/x86_64-linux-gnu/libxcb-dri3.so.0.0.0
7fbb3d179000-7fbb3d378000 ---p 00002000 08:07 1059192                    /usr/lib/x86_64-linux-gnu/libxcb-dri3.so.0.0.0
7fbb3d378000-7fbb3d379000 r--p 00001000 08:07 1059192                    /usr/lib/x86_64-linux-gnu/libxcb-dri3.so.0.0.0
7fbb3d379000-7fbb3d37a000 rw-p 00002000 08:07 1059192                    /usr/lib/x86_64-linux-gnu/libxcb-dri3.so.0.0.0
7fbb3d37a000-7fbb3d37d000 r-xp 00000000 08:07 1059190                    /usr/lib/x86_64-linux-gnu/libxcb-dri2.so.0.0.0
7fbb3d37d000-7fbb3d57d000 ---p 00003000 08:07 1059190                    /usr/lib/x86_64-linux-gnu/libxcb-dri2.so.0.0.0
7fbb3d57d000-7fbb3d57e000 r--p 00003000 08:07 1059190                    /usr/lib/x86_64-linux-gnu/libxcb-dri2.so.0.0.0
7fbb3d57e000-7fbb3d57f000 rw-p 00004000 08:07 1059190                    /usr/lib/x86_64-linux-gnu/libxcb-dri2.so.0.0.0
7fbb3d57f000-7fbb3d594000 r-xp 00000000 08:07 1059194                    /usr/lib/x86_64-linux-gnu/libxcb-glx.so.0.0.0
7fbb3d594000-7fbb3d793000 ---p 00015000 08:07 1059194                    /usr/lib/x86_64-linux-gnu/libxcb-glx.so.0.0.0
7fbb3d793000-7fbb3d795000 r--p 00014000 08:07 1059194                    /usr/lib/x86_64-linux-gnu/libxcb-glx.so.0.0.0
7fbb3d795000-7fbb3d796000 rw-p 00016000 08:07 1059194                    /usr/lib/x86_64-linux-gnu/libxcb-glx.so.0.0.0
7fbb3d796000-7fbb3d797000 r-xp 00000000 08:07 1058146                    /usr/lib/x86_64-linux-gnu/libX11-xcb.so.1.0.0
7fbb3d797000-7fbb3d996000 ---p 00001000 08:07 1058146                    /usr/lib/x86_64-linux-gnu/libX11-xcb.so.1.0.0
7fbb3d996000-7fbb3d997000 r--p 00000000 08:07 1058146                    /usr/lib/x86_64-linux-gnu/libX11-xcb.so.1.0.0
7fbb3d997000-7fbb3d998000 rw-p 00001000 08:07 1058146                    /usr/lib/x86_64-linux-gnu/libX11-xcb.so.1.0.0
7fbb3d998000-7fbb3d9ba000 r-xp 00000000 08:07 1058539                    /usr/lib/x86_64-linux-gnu/libglapi.so.0.0.0
7fbb3d9ba000-7fbb3dbba000 ---p 00022000 08:07 1058539                    /usr/lib/x86_64-linux-gnu/libglapi.so.0.0.0
7fbb3dbba000-7fbb3dbbd000 r--p 00022000 08:07 1058539                    /usr/lib/x86_64-linux-gnu/libglapi.so.0.0.0
7fbb3dbbd000-7fbb3dbbe000 rw-p 00025000 08:07 1058539                    /usr/lib/x86_64-linux-gnu/libglapi.so.0.0.0
7fbb3dbbe000-7fbb3dbbf000 rw-p 00000000 00:00 0 
7fbb3dbbf000-7fbb3dbfc000 r-xp 00000000 08:07 1708171                    /lib/x86_64-linux-gnu/libpcre.so.3.13.1
7fbb3dbfc000-7fbb3ddfb000 ---p 0003d000 08:07 1708171                    /lib/x86_64-linux-gnu/libpcre.so.3.13.1
7fbb3ddfb000-7fbb3ddfc000 r--p 0003c000 08:07 1708171                    /lib/x86_64-linux-gnu/libpcre.so.3.13.1
7fbb3ddfc000-7fbb3ddfd000 rw-p 0003d000 08:07 1708171                    /lib/x86_64-linux-gnu/libpcre.so.3.13.1
7fbb3ddfd000-7fbb3de04000 r-xp 00000000 08:07 1058430                    /usr/lib/x86_64-linux-gnu/libffi.so.6.0.1
7fbb3de04000-7fbb3e003000 ---p 00007000 08:07 1058430                    /usr/lib/x86_64-linux-gnu/libffi.so.6.0.1
7fbb3e003000-7fbb3e004000 r--p 00006000 08:07 1058430                    /usr/lib/x86_64-linux-gnu/libffi.so.6.0.1
7fbb3e004000-7fbb3e005000 rw-p 00007000 08:07 1058430                    /usr/lib/x86_64-linux-gnu/libffi.so.6.0.1
7fbb3e005000-7fbb3e02c000 r-xp 00000000 08:07 1708090                    /lib/x86_64-linux-gnu/libexpat.so.1.6.0
7fbb3e02c000-7fbb3e22c000 ---p 00027000 08:07 1708090                    /lib/x86_64-linux-gnu/libexpat.so.1.6.0
7fbb3e22c000-7fbb3e22e000 r--p 00027000 08:07 1708090                    /lib/x86_64-linux-gnu/libexpat.so.1.6.0
7fbb3e22e000-7fbb3e22f000 rw-p 00029000 08:07 1708090                    /lib/x86_64-linux-gnu/libexpat.so.1.6.0
7fbb3e22f000-7fbb3e237000 r-xp 00000000 08:07 1059080                    /usr/lib/x86_64-linux-gnu/libthai.so.0.2.0
7fbb3e237000-7fbb3e436000 ---p 00008000 08:07 1059080                    /usr/lib/x86_64-linux-gnu/libthai.so.0.2.0
7fbb3e436000-7fbb3e437000 r--p 00007000 08:07 1059080                    /usr/lib/x86_64-linux-gnu/libthai.so.0.2.0
7fbb3e437000-7fbb3e438000 rw-p 00008000 08:07 1059080                    /usr/lib/x86_64-linux-gnu/libthai.so.0.2.0
7fbb3e438000-7fbb3e455000 r-xp 00000000 08:07 1059220                    /usr/lib/x86_64-linux-gnu/libxcb.so.1.1.0
7fbb3e455000-7fbb3e655000 ---p 0001d000 08:07 1059220                    /usr/lib/x86_64-linux-gnu/libxcb.so.1.1.0
7fbb3e655000-7fbb3e656000 r--p 0001d000 08:07 1059220                    /usr/lib/x86_64-linux-gnu/libxcb.so.1.1.0
7fbb3e656000-7fbb3e657000 rw-p 0001e000 08:07 1059220                    /usr/lib/x86_64-linux-gnu/libxcb.so.1.1.0
7fbb3e657000-7fbb3e65f000 r-xp 00000000 08:07 1059206                    /usr/lib/x86_64-linux-gnu/libxcb-render.so.0.0.0
7fbb3e65f000-7fbb3e85e000 ---p 00008000 08:07 1059206                    /usr/lib/x86_64-linux-gnu/libxcb-render.so.0.0.0
7fbb3e85e000-7fbb3e85f000 r--p 00007000 08:07 1059206                    /usr/lib/x86_64-linux-gnu/libxcb-render.so.0.0.0
7fbb3e85f000-7fbb3e860000 rw-p 00008000 08:07 1059206                    /usr/lib/x86_64-linux-gnu/libxcb-render.so.0.0.0
7fbb3e860000-7fbb3e862000 r-xp 00000000 08:07 1059210                    /usr/lib/x86_64-linux-gnu/libxcb-shm.so.0.0.0
7fbb3e862000-7fbb3ea61000 ---p 00002000 08:07 1059210                    /usr/lib/x86_64-linux-gnu/libxcb-shm.so.0.0.0
7fbb3ea61000-7fbb3ea62000 r--p 00001000 08:07 1059210                    /usr/lib/x86_64-linux-gnu/libxcb-shm.so.0.0.0
7fbb3ea62000-7fbb3ea63000 rw-p 00002000 08:07 1059210                    /usr/lib/x86_64-linux-gnu/libxcb-shm.so.0.0.0
7fbb3ea63000-7fbb3ea88000 r-xp 00000000 08:07 1708183                    /lib/x86_64-linux-gnu/libpng12.so.0.50.0
7fbb3ea88000-7fbb3ec87000 ---p 00025000 08:07 1708183                    /lib/x86_64-linux-gnu/libpng12.so.0.50.0
7fbb3ec87000-7fbb3ec88000 r--p 00024000 08:07 1708183                    /lib/x86_64-linux-gnu/libpng12.so.0.50.0
7fbb3ec88000-7fbb3ec89000 rw-p 00025000 08:07 1708183                    /lib/x86_64-linux-gnu/libpng12.so.0.50.0
7fbb3ec89000-7fbb3ed2a000 r-xp 00000000 08:07 1058910                    /usr/lib/x86_64-linux-gnu/libpixman-1.so.0.30.2
7fbb3ed2a000-7fbb3ef2a000 ---p 000a1000 08:07 1058910                    /usr/lib/x86_64-linux-gnu/libpixman-1.so.0.30.2
7fbb3ef2a000-7fbb3ef31000 r--p 000a1000 08:07 1058910                    /usr/lib/x86_64-linux-gnu/libpixman-1.so.0.30.2
7fbb3ef31000-7fbb3ef32000 rw-p 000a8000 08:07 1058910                    /usr/lib/x86_64-linux-gnu/libpixman-1.so.0.30.2
7fbb3ef32000-7fbb3ef85000 r-xp 00000000 08:07 1058694                    /usr/lib/x86_64-linux-gnu/libharfbuzz.so.0.927.0
7fbb3ef85000-7fbb3f185000 ---p 00053000 08:07 1058694                    /usr/lib/x86_64-linux-gnu/libharfbuzz.so.0.927.0
7fbb3f185000-7fbb3f186000 r--p 00053000 08:07 1058694                    /usr/lib/x86_64-linux-gnu/libharfbuzz.so.0.927.0
7fbb3f186000-7fbb3f187000 rw-p 00054000 08:07 1058694                    /usr/lib/x86_64-linux-gnu/libharfbuzz.so.0.927.0
7fbb3f187000-7fbb3f19e000 r-xp 00000000 08:07 1708194                    /lib/x86_64-linux-gnu/libresolv-2.19.so
7fbb3f19e000-7fbb3f39e000 ---p 00017000 08:07 1708194                    /lib/x86_64-linux-gnu/libresolv-2.19.so
7fbb3f39e000-7fbb3f39f000 r--p 00017000 08:07 1708194                    /lib/x86_64-linux-gnu/libresolv-2.19.so
7fbb3f39f000-7fbb3f3a0000 rw-p 00018000 08:07 1708194                    /lib/x86_64-linux-gnu/libresolv-2.19.so
7fbb3f3a0000-7fbb3f3a2000 rw-p 00000000 00:00 0 
7fbb3f3a2000-7fbb3f3c2000 r-xp 00000000 08:07 1708198                    /lib/x86_64-linux-gnu/libselinux.so.1
7fbb3f3c2000-7fbb3f5c1000 ---p 00020000 08:07 1708198                    /lib/x86_64-linux-gnu/libselinux.so.1
7fbb3f5c1000-7fbb3f5c2000 r--p 0001f000 08:07 1708198                    /lib/x86_64-linux-gnu/libselinux.so.1
7fbb3f5c2000-7fbb3f5c3000 rw-p 00020000 08:07 1708198                    /lib/x86_64-linux-gnu/libselinux.so.1
7fbb3f5c3000-7fbb3f5c5000 rw-p 00000000 00:00 0 
7fbb3f5c5000-7fbb3f5dd000 r-xp 00000000 08:07 1708231                    /lib/x86_64-linux-gnu/libz.so.1.2.8
7fbb3f5dd000-7fbb3f7dc000 ---p 00018000 08:07 1708231                    /lib/x86_64-linux-gnu/libz.so.1.2.8
7fbb3f7dc000-7fbb3f7dd000 r--p 00017000 08:07 1708231                    /lib/x86_64-linux-gnu/libz.so.1.2.8
7fbb3f7dd000-7fbb3f7de000 rw-p 00018000 08:07 1708231                    /lib/x86_64-linux-gnu/libz.so.1.2.8
7fbb3f7de000-7fbb3f7ef000 r-xp 00000000 08:07 1058165                    /usr/lib/x86_64-linux-gnu/libXext.so.6.4.0
7fbb3f7ef000-7fbb3f9ee000 ---p 00011000 08:07 1058165                    /usr/lib/x86_64-linux-gnu/libXext.so.6.4.0
7fbb3f9ee000-7fbb3f9ef000 r--p 00010000 08:07 1058165                    /usr/lib/x86_64-linux-gnu/libXext.so.6.4.0
7fbb3f9ef000-7fbb3f9f0000 rw-p 00011000 08:07 1058165                    /usr/lib/x86_64-linux-gnu/libXext.so.6.4.0
7fbb3f9f0000-7fbb3f9f2000 r-xp 00000000 08:07 1058161                    /usr/lib/x86_64-linux-gnu/libXdamage.so.1.1.0
7fbb3f9f2000-7fbb3fbf1000 ---p 00002000 08:07 1058161                    /usr/lib/x86_64-linux-gnu/libXdamage.so.1.1.0
7fbb3fbf1000-7fbb3fbf2000 r--p 00001000 08:07 1058161                    /usr/lib/x86_64-linux-gnu/libXdamage.so.1.1.0
7fbb3fbf2000-7fbb3fbf3000 rw-p 00002000 08:07 1058161                    /usr/lib/x86_64-linux-gnu/libXdamage.so.1.1.0
7fbb3fbf3000-7fbb3fbf5000 r-xp 00000000 08:07 1058157                    /usr/lib/x86_64-linux-gnu/libXcomposite.so.1.0.0
7fbb3fbf5000-7fbb3fdf4000 ---p 00002000 08:07 1058157                    /usr/lib/x86_64-linux-gnu/libXcomposite.so.1.0.0
7fbb3fdf4000-7fbb3fdf5000 r--p 00001000 08:07 1058157                    /usr/lib/x86_64-linux-gnu/libXcomposite.so.1.0.0
7fbb3fdf5000-7fbb3fdf6000 rw-p 00002000 08:07 1058157                    /usr/lib/x86_64-linux-gnu/libXcomposite.so.1.0.0
7fbb3fdf6000-7fbb3fdff000 r-xp 00000000 08:07 1058159                    /usr/lib/x86_64-linux-gnu/libXcursor.so.1.0.2
7fbb3fdff000-7fbb3fffe000 ---p 00009000 08:07 1058159                    /usr/lib/x86_64-linux-gnu/libXcursor.so.1.0.2
7fbb3fffe000-7fbb3ffff000 r--p 00008000 08:07 1058159                    /usr/lib/x86_64-linux-gnu/libXcursor.so.1.0.2
7fbb3ffff000-7fbb40000000 rw-p 00009000 08:07 1058159                    /usr/lib/x86_64-linux-gnu/libXcursor.so.1.0.2
7fbb40000000-7fbb41dfb000 rw-p 00000000 00:00 0 
7fbb41dfb000-7fbb44000000 ---p 00000000 00:00 0 
7fbb44000000-7fbb44001000 rw-s 00000000 00:04 74130                      /drm mm object (deleted)
7fbb44001000-7fbb4400d000 rw-s 00000000 00:04 75513                      /drm mm object (deleted)
7fbb4400d000-7fbb4400e000 rw-s 00000000 00:04 74129                      /drm mm object (deleted)
7fbb4400e000-7fbb4400f000 rw-s 00000000 00:04 71499                      /drm mm object (deleted)
7fbb4400f000-7fbb44014000 r--s 00084000 08:07 2495507                    /usr/lib/jvm/jdk1.8.0_25/jre/lib/jfr.jar
7fbb44014000-7fbb44015000 r--s 00000000 08:07 1187986                    /var/cache/fontconfig/c05880de57d1f5e948fdfacc138775d9-le64.cache-4
7fbb44015000-7fbb44020000 r--s 00000000 08:07 1187980                    /var/cache/fontconfig/945677eb7aeaf62f1d50efc3fb3ec7d8-le64.cache-4
7fbb44020000-7fbb44026000 r--s 00000000 08:07 1187966                    /var/cache/fontconfig/2cd17615ca594fa2959ae173292e504c-le64.cache-4
7fbb44026000-7fbb44027000 r--s 00000000 08:07 1187996                    /var/cache/fontconfig/e7071f4a29fa870f4323321c154eba04-le64.cache-4
7fbb44027000-7fbb44028000 r--s 00000000 08:07 1187963                    /var/cache/fontconfig/0d8c3b2ac0904cb8a57a757ad11a4a08-le64.cache-4
7fbb44028000-7fbb4402f000 r--s 00000000 08:07 1187983                    /var/cache/fontconfig/a755afe4a08bf5b97852ceb7400b47bc-le64.cache-4
7fbb4402f000-7fbb44043000 r--s 00000000 08:07 1187961                    /var/cache/fontconfig/04aabc0a78ac019cf9454389977116d2-le64.cache-4
7fbb44043000-7fbb44044000 r--s 00000000 08:07 1187965                    /var/cache/fontconfig/1ac9eb803944fde146138c791f5cc56a-le64.cache-4
7fbb44044000-7fbb44049000 r--s 00000000 08:07 1190938                    /var/cache/fontconfig/eb48934c523a49add3824bfad8846c40-le64.cache-4
7fbb44049000-7fbb4404e000 r--s 00000000 08:07 1190937                    /var/cache/fontconfig/385c0604a188198f04d133e54aba7fe7-le64.cache-4
7fbb4404e000-7fbb4404f000 r--s 00000000 08:07 1187993                    /var/cache/fontconfig/dc05db6664285cc2f12bf69c139ae4c3-le64.cache-4
7fbb4404f000-7fbb44051000 r--s 00000000 08:07 1187977                    /var/cache/fontconfig/767a8244fc0220cfb567a839d0392e0b-le64.cache-4
7fbb44051000-7fbb44052000 r--s 00000000 08:07 1187971                    /var/cache/fontconfig/4794a0821666d79190d59a36cb4f44b5-le64.cache-4
7fbb44052000-7fbb44057000 r--s 00000000 08:07 1187979                    /var/cache/fontconfig/8801497958630a81b71ace7c5f9b32a8-le64.cache-4
7fbb44057000-7fbb4405b000 r--s 00000000 08:07 1191336                    /var/cache/fontconfig/c57959a16110560c8d0fcea73374aeeb-le64.cache-4
7fbb4405b000-7fbb44062000 r--s 00000000 08:07 1187967                    /var/cache/fontconfig/3047814df9a2f067bd2d96a2b9c36e5a-le64.cache-4
7fbb44062000-7fbb44068000 r--s 00000000 08:07 1187984                    /var/cache/fontconfig/b47c4e1ecd0709278f4910c18777a504-le64.cache-4
7fbb44068000-7fbb4406b000 ---p 00000000 00:00 0 
7fbb4406b000-7fbb44169000 rw-p 00000000 00:00 0                          [stack:7320]
7fbb44169000-7fbb44172000 r-xp 00000000 08:07 1058185                    /usr/lib/x86_64-linux-gnu/libXrandr.so.2.2.0
7fbb44172000-7fbb44371000 ---p 00009000 08:07 1058185                    /usr/lib/x86_64-linux-gnu/libXrandr.so.2.2.0
7fbb44371000-7fbb44372000 r--p 00008000 08:07 1058185                    /usr/lib/x86_64-linux-gnu/libXrandr.so.2.2.0
7fbb44372000-7fbb44373000 rw-p 00009000 08:07 1058185                    /usr/lib/x86_64-linux-gnu/libXrandr.so.2.2.0
7fbb44373000-7fbb44382000 r-xp 00000000 08:07 1058173                    /usr/lib/x86_64-linux-gnu/libXi.so.6.1.0
7fbb44382000-7fbb44581000 ---p 0000f000 08:07 1058173                    /usr/lib/x86_64-linux-gnu/libXi.so.6.1.0
7fbb44581000-7fbb44582000 r--p 0000e000 08:07 1058173                    /usr/lib/x86_64-linux-gnu/libXi.so.6.1.0
7fbb44582000-7fbb44583000 rw-p 0000f000 08:07 1058173                    /usr/lib/x86_64-linux-gnu/libXi.so.6.1.0
7fbb44583000-7fbb44585000 r-xp 00000000 08:07 1058175                    /usr/lib/x86_64-linux-gnu/libXinerama.so.1.0.0
7fbb44585000-7fbb44784000 ---p 00002000 08:07 1058175                    /usr/lib/x86_64-linux-gnu/libXinerama.so.1.0.0
7fbb44784000-7fbb44785000 r--p 00001000 08:07 1058175                    /usr/lib/x86_64-linux-gnu/libXinerama.so.1.0.0
7fbb44785000-7fbb44786000 rw-p 00002000 08:07 1058175                    /usr/lib/x86_64-linux-gnu/libXinerama.so.1.0.0
7fbb44786000-7fbb4478f000 r-xp 00000000 08:07 1058187                    /usr/lib/x86_64-linux-gnu/libXrender.so.1.3.0
7fbb4478f000-7fbb4498e000 ---p 00009000 08:07 1058187                    /usr/lib/x86_64-linux-gnu/libXrender.so.1.3.0
7fbb4498e000-7fbb4498f000 r--p 00008000 08:07 1058187                    /usr/lib/x86_64-linux-gnu/libXrender.so.1.3.0
7fbb4498f000-7fbb44990000 rw-p 00009000 08:07 1058187                    /usr/lib/x86_64-linux-gnu/libXrender.so.1.3.0
7fbb44990000-7fbb44995000 r-xp 00000000 08:07 1058167                    /usr/lib/x86_64-linux-gnu/libXfixes.so.3.1.0
7fbb44995000-7fbb44b94000 ---p 00005000 08:07 1058167                    /usr/lib/x86_64-linux-gnu/libXfixes.so.3.1.0
7fbb44b94000-7fbb44b95000 r--p 00004000 08:07 1058167                    /usr/lib/x86_64-linux-gnu/libXfixes.so.3.1.0
7fbb44b95000-7fbb44b96000 rw-p 00005000 08:07 1058167                    /usr/lib/x86_64-linux-gnu/libXfixes.so.3.1.0
7fbb44b96000-7fbb44bac000 r-xp 00000000 08:07 1708095                    /lib/x86_64-linux-gnu/libgcc_s.so.1
7fbb44bac000-7fbb44dab000 ---p 00016000 08:07 1708095                    /lib/x86_64-linux-gnu/libgcc_s.so.1
7fbb44dab000-7fbb44dac000 rw-p 00015000 08:07 1708095                    /lib/x86_64-linux-gnu/libgcc_s.so.1
7fbb44dac000-7fbb44e92000 r-xp 00000000 08:07 1059058                    /usr/lib/x86_64-linux-gnu/libstdc++.so.6.0.19
7fbb44e92000-7fbb45091000 ---p 000e6000 08:07 1059058                    /usr/lib/x86_64-linux-gnu/libstdc++.so.6.0.19
7fbb45091000-7fbb45099000 r--p 000e5000 08:07 1059058                    /usr/lib/x86_64-linux-gnu/libstdc++.so.6.0.19
7fbb45099000-7fbb4509b000 rw-p 000ed000 08:07 1059058                    /usr/lib/x86_64-linux-gnu/libstdc++.so.6.0.19
7fbb4509b000-7fbb450b0000 rw-p 00000000 00:00 0 
7fbb450b0000-7fbb45111000 r-xp 00000000 08:07 1313456                    /usr/lib/x86_64-linux-gnu/mesa/libGL.so.1.2.0
7fbb45111000-7fbb45310000 ---p 00061000 08:07 1313456                    /usr/lib/x86_64-linux-gnu/mesa/libGL.so.1.2.0
7fbb45310000-7fbb45313000 r--p 00060000 08:07 1313456                    /usr/lib/x86_64-linux-gnu/mesa/libGL.so.1.2.0
7fbb45313000-7fbb45314000 rw-p 00063000 08:07 1313456                    /usr/lib/x86_64-linux-gnu/mesa/libGL.so.1.2.0
7fbb45314000-7fbb45315000 rw-p 00000000 00:00 0 
7fbb45315000-7fbb45319000 r-xp 00000000 08:07 1058203                    /usr/lib/x86_64-linux-gnu/libXxf86vm.so.1.0.0
7fbb45319000-7fbb45519000 ---p 00004000 08:07 1058203                    /usr/lib/x86_64-linux-gnu/libXxf86vm.so.1.0.0
7fbb45519000-7fbb4551a000 r--p 00004000 08:07 1058203                    /usr/lib/x86_64-linux-gnu/libXxf86vm.so.1.0.0
7fbb4551a000-7fbb4551b000 rw-p 00005000 08:07 1058203                    /usr/lib/x86_64-linux-gnu/libXxf86vm.so.1.0.0
7fbb4551b000-7fbb4564b000 r-xp 00000000 08:07 1058148                    /usr/lib/x86_64-linux-gnu/libX11.so.6.3.0
7fbb4564b000-7fbb4584b000 ---p 00130000 08:07 1058148                    /usr/lib/x86_64-linux-gnu/libX11.so.6.3.0
7fbb4584b000-7fbb4584c000 r--p 00130000 08:07 1058148                    /usr/lib/x86_64-linux-gnu/libX11.so.6.3.0
7fbb4584c000-7fbb45850000 rw-p 00131000 08:07 1058148                    /usr/lib/x86_64-linux-gnu/libX11.so.6.3.0
7fbb45850000-7fbb45855000 r-xp 00000000 08:07 1058193                    /usr/lib/x86_64-linux-gnu/libXtst.so.6.1.0
7fbb45855000-7fbb45a54000 ---p 00005000 08:07 1058193                    /usr/lib/x86_64-linux-gnu/libXtst.so.6.1.0
7fbb45a54000-7fbb45a55000 r--p 00004000 08:07 1058193                    /usr/lib/x86_64-linux-gnu/libXtst.so.6.1.0
7fbb45a55000-7fbb45a56000 rw-p 00005000 08:07 1058193                    /usr/lib/x86_64-linux-gnu/libXtst.so.6.1.0
7fbb45a56000-7fbb45b5c000 r-xp 00000000 08:07 1708099                    /lib/x86_64-linux-gnu/libglib-2.0.so.0.4000.0
7fbb45b5c000-7fbb45d5b000 ---p 00106000 08:07 1708099                    /lib/x86_64-linux-gnu/libglib-2.0.so.0.4000.0
7fbb45d5b000-7fbb45d5c000 r--p 00105000 08:07 1708099                    /lib/x86_64-linux-gnu/libglib-2.0.so.0.4000.0
7fbb45d5c000-7fbb45d5d000 rw-p 00106000 08:07 1708099                    /lib/x86_64-linux-gnu/libglib-2.0.so.0.4000.0
7fbb45d5d000-7fbb45d5e000 rw-p 00000000 00:00 0 
7fbb45d5e000-7fbb45d5f000 r-xp 00000000 08:07 1058670                    /usr/lib/x86_64-linux-gnu/libgthread-2.0.so.0.4000.0
7fbb45d5f000-7fbb45f5e000 ---p 00001000 08:07 1058670                    /usr/lib/x86_64-linux-gnu/libgthread-2.0.so.0.4000.0
7fbb45f5e000-7fbb45f5f000 r--p 00000000 08:07 1058670                    /usr/lib/x86_64-linux-gnu/libgthread-2.0.so.0.4000.0
7fbb45f5f000-7fbb45f60000 rw-p 00001000 08:07 1058670                    /usr/lib/x86_64-linux-gnu/libgthread-2.0.so.0.4000.0
7fbb45f60000-7fbb45f63000 r-xp 00000000 08:07 1058547                    /usr/lib/x86_64-linux-gnu/libgmodule-2.0.so.0.4000.0
7fbb45f63000-7fbb46162000 ---p 00003000 08:07 1058547                    /usr/lib/x86_64-linux-gnu/libgmodule-2.0.so.0.4000.0
7fbb46162000-7fbb46163000 r--p 00002000 08:07 1058547                    /usr/lib/x86_64-linux-gnu/libgmodule-2.0.so.0.4000.0
7fbb46163000-7fbb46164000 rw-p 00003000 08:07 1058547                    /usr/lib/x86_64-linux-gnu/libgmodule-2.0.so.0.4000.0
7fbb46164000-7fbb461b3000 r-xp 00000000 08:07 1058563                    /usr/lib/x86_64-linux-gnu/libgobject-2.0.so.0.4000.0
7fbb461b3000-7fbb463b3000 ---p 0004f000 08:07 1058563                    /usr/lib/x86_64-linux-gnu/libgobject-2.0.so.0.4000.0
7fbb463b3000-7fbb463b4000 r--p 0004f000 08:07 1058563                    /usr/lib/x86_64-linux-gnu/libgobject-2.0.so.0.4000.0
7fbb463b4000-7fbb463b5000 rw-p 00050000 08:07 1058563                    /usr/lib/x86_64-linux-gnu/libgobject-2.0.so.0.4000.0
7fbb463b5000-7fbb463ef000 r-xp 00000000 08:07 1058444                    /usr/lib/x86_64-linux-gnu/libfontconfig.so.1.8.0
7fbb463ef000-7fbb465ee000 ---p 0003a000 08:07 1058444                    /usr/lib/x86_64-linux-gnu/libfontconfig.so.1.8.0
7fbb465ee000-7fbb465f0000 r--p 00039000 08:07 1058444                    /usr/lib/x86_64-linux-gnu/libfontconfig.so.1.8.0
7fbb465f0000-7fbb465f1000 rw-p 0003b000 08:07 1058444                    /usr/lib/x86_64-linux-gnu/libfontconfig.so.1.8.0
7fbb465f1000-7fbb4668e000 r-xp 00000000 08:07 1058472                    /usr/lib/x86_64-linux-gnu/libfreetype.so.6.11.1
7fbb4668e000-7fbb4688d000 ---p 0009d000 08:07 1058472                    /usr/lib/x86_64-linux-gnu/libfreetype.so.6.11.1
7fbb4688d000-7fbb46893000 r--p 0009c000 08:07 1058472                    /usr/lib/x86_64-linux-gnu/libfreetype.so.6.11.1
7fbb46893000-7fbb46894000 rw-p 000a2000 08:07 1058472                    /usr/lib/x86_64-linux-gnu/libfreetype.so.6.11.1
7fbb46894000-7fbb468de000 r-xp 00000000 08:07 1058887                    /usr/lib/x86_64-linux-gnu/libpango-1.0.so.0.3600.3
7fbb468de000-7fbb46ade000 ---p 0004a000 08:07 1058887                    /usr/lib/x86_64-linux-gnu/libpango-1.0.so.0.3600.3
7fbb46ade000-7fbb46ae0000 r--p 0004a000 08:07 1058887                    /usr/lib/x86_64-linux-gnu/libpango-1.0.so.0.3600.3
7fbb46ae0000-7fbb46ae1000 rw-p 0004c000 08:07 1058887                    /usr/lib/x86_64-linux-gnu/libpango-1.0.so.0.3600.3
7fbb46ae1000-7fbb46be7000 r-xp 00000000 08:07 1058283                    /usr/lib/x86_64-linux-gnu/libcairo.so.2.11301.0
7fbb46be7000-7fbb46de6000 ---p 00106000 08:07 1058283                    /usr/lib/x86_64-linux-gnu/libcairo.so.2.11301.0
7fbb46de6000-7fbb46de9000 r--p 00105000 08:07 1058283                    /usr/lib/x86_64-linux-gnu/libcairo.so.2.11301.0
7fbb46de9000-7fbb46dea000 rw-p 00108000 08:07 1058283                    /usr/lib/x86_64-linux-gnu/libcairo.so.2.11301.0
7fbb46dea000-7fbb46dec000 rw-p 00000000 00:00 0 
7fbb46dec000-7fbb46df7000 r-xp 00000000 08:07 1058889                    /usr/lib/x86_64-linux-gnu/libpangocairo-1.0.so.0.3600.3
7fbb46df7000-7fbb46ff7000 ---p 0000b000 08:07 1058889                    /usr/lib/x86_64-linux-gnu/libpangocairo-1.0.so.0.3600.3
7fbb46ff7000-7fbb46ff8000 r--p 0000b000 08:07 1058889                    /usr/lib/x86_64-linux-gnu/libpangocairo-1.0.so.0.3600.3
7fbb46ff8000-7fbb46ff9000 rw-p 0000c000 08:07 1058889                    /usr/lib/x86_64-linux-gnu/libpangocairo-1.0.so.0.3600.3
7fbb46ff9000-7fbb47018000 r-xp 00000000 08:07 1058509                    /usr/lib/x86_64-linux-gnu/libgdk_pixbuf-2.0.so.0.3000.7
7fbb47018000-7fbb47218000 ---p 0001f000 08:07 1058509                    /usr/lib/x86_64-linux-gnu/libgdk_pixbuf-2.0.so.0.3000.7
7fbb47218000-7fbb47219000 r--p 0001f000 08:07 1058509                    /usr/lib/x86_64-linux-gnu/libgdk_pixbuf-2.0.so.0.3000.7
7fbb47219000-7fbb4721a000 rw-p 00020000 08:07 1058509                    /usr/lib/x86_64-linux-gnu/libgdk_pixbuf-2.0.so.0.3000.7
7fbb4721a000-7fbb4722e000 r-xp 00000000 08:07 1058891                    /usr/lib/x86_64-linux-gnu/libpangoft2-1.0.so.0.3600.3
7fbb4722e000-7fbb4742d000 ---p 00014000 08:07 1058891                    /usr/lib/x86_64-linux-gnu/libpangoft2-1.0.so.0.3600.3
7fbb4742d000-7fbb4742e000 r--p 00013000 08:07 1058891                    /usr/lib/x86_64-linux-gnu/libpangoft2-1.0.so.0.3600.3
7fbb4742e000-7fbb4742f000 rw-p 00014000 08:07 1058891                    /usr/lib/x86_64-linux-gnu/libpangoft2-1.0.so.0.3600.3
7fbb4742f000-7fbb4759a000 r-xp 00000000 08:07 1058533                    /usr/lib/x86_64-linux-gnu/libgio-2.0.so.0.4000.0
7fbb4759a000-7fbb4779a000 ---p 0016b000 08:07 1058533                    /usr/lib/x86_64-linux-gnu/libgio-2.0.so.0.4000.0
7fbb4779a000-7fbb4779e000 r--p 0016b000 08:07 1058533                    /usr/lib/x86_64-linux-gnu/libgio-2.0.so.0.4000.0
7fbb4779e000-7fbb477a0000 rw-p 0016f000 08:07 1058533                    /usr/lib/x86_64-linux-gnu/libgio-2.0.so.0.4000.0
7fbb477a0000-7fbb477a2000 rw-p 00000000 00:00 0 
7fbb477a2000-7fbb477c1000 r-xp 00000000 08:07 1058244                    /usr/lib/x86_64-linux-gnu/libatk-1.0.so.0.21009.1
7fbb477c1000-7fbb479c1000 ---p 0001f000 08:07 1058244                    /usr/lib/x86_64-linux-gnu/libatk-1.0.so.0.21009.1
7fbb479c1000-7fbb479c3000 r--p 0001f000 08:07 1058244                    /usr/lib/x86_64-linux-gnu/libatk-1.0.so.0.21009.1
7fbb479c3000-7fbb479c4000 rw-p 00021000 08:07 1058244                    /usr/lib/x86_64-linux-gnu/libatk-1.0.so.0.21009.1
7fbb479c4000-7fbb47df3000 r-xp 00000000 08:07 1058674                    /usr/lib/x86_64-linux-gnu/libgtk-x11-2.0.so.0.2400.23
7fbb47df3000-7fbb47ff2000 ---p 0042f000 08:07 1058674                    /usr/lib/x86_64-linux-gnu/libgtk-x11-2.0.so.0.2400.23
7fbb47ff2000-7fbb47ff9000 r--p 0042e000 08:07 1058674                    /usr/lib/x86_64-linux-gnu/libgtk-x11-2.0.so.0.2400.23
7fbb47ff9000-7fbb47ffd000 rw-p 00435000 08:07 1058674                    /usr/lib/x86_64-linux-gnu/libgtk-x11-2.0.so.0.2400.23
7fbb47ffd000-7fbb48000000 rw-p 00000000 00:00 0 
7fbb48000000-7fbb48021000 rw-p 00000000 00:00 0 
7fbb48021000-7fbb4c000000 ---p 00000000 00:00 0 
7fbb4c000000-7fbb4c021000 rw-p 00000000 00:00 0 
7fbb4c021000-7fbb50000000 ---p 00000000 00:00 0 
7fbb50000000-7fbb51698000 rw-p 00000000 00:00 0 
7fbb51698000-7fbb54000000 ---p 00000000 00:00 0 
7fbb54000000-7fbb547b8000 rw-p 00000000 00:00 0 
7fbb547b8000-7fbb58000000 ---p 00000000 00:00 0 
7fbb58000000-7fbb58021000 rw-p 00000000 00:00 0 
7fbb58021000-7fbb5c000000 ---p 00000000 00:00 0 
7fbb5c000000-7fbb5cc53000 rw-p 00000000 00:00 0 
7fbb5cc53000-7fbb60000000 ---p 00000000 00:00 0 
7fbb60000000-7fbb60021000 rw-p 00000000 00:00 0 
7fbb60021000-7fbb64000000 ---p 00000000 00:00 0 
7fbb64000000-7fbb64021000 rw-p 00000000 00:00 0 
7fbb64021000-7fbb68000000 ---p 00000000 00:00 0 
7fbb68000000-7fbb68021000 rw-p 00000000 00:00 0 
7fbb68021000-7fbb6c000000 ---p 00000000 00:00 0 
7fbb6c000000-7fbb6c0fa000 rw-p 00000000 00:00 0 
7fbb6c0fa000-7fbb70000000 ---p 00000000 00:00 0 
7fbb70000000-7fbb70021000 rw-p 00000000 00:00 0 
7fbb70021000-7fbb74000000 ---p 00000000 00:00 0 
7fbb74000000-7fbb74021000 rw-p 00000000 00:00 0 
7fbb74021000-7fbb78000000 ---p 00000000 00:00 0 
7fbb78000000-7fbb78021000 rw-p 00000000 00:00 0 
7fbb78021000-7fbb7c000000 ---p 00000000 00:00 0 
7fbb7c000000-7fbb7c001000 r--s 00000000 08:07 1187973                    /var/cache/fontconfig/56cf4f4769d0f4abc89a4895d7bd3ae1-le64.cache-4
7fbb7c001000-7fbb7c002000 r--s 00000000 08:07 1187985                    /var/cache/fontconfig/b9d506c9ac06c20b433354fa67a72993-le64.cache-4
7fbb7c002000-7fbb7c015000 r--s 00000000 08:07 1187990                    /var/cache/fontconfig/d52a8644073d54c13679302ca1180695-le64.cache-4
7fbb7c015000-7fbb7c01e000 r--s 00000000 08:07 1187970                    /var/cache/fontconfig/3f7329c5293ffd510edef78f73874cfd-le64.cache-4
7fbb7c01e000-7fbb7c022000 r--s 00000000 08:07 1187991                    /var/cache/fontconfig/d589a48862398ed80a3d6066f4f56f4c-le64.cache-4
7fbb7c022000-7fbb7c024000 r--s 00000000 08:07 1191335                    /var/cache/fontconfig/089dead882dea3570ffc31a9898cfb69-le64.cache-4
7fbb7c024000-7fbb7c028000 r--s 00000000 08:07 1188146                    /var/cache/fontconfig/7ef2298fde41cc6eeb7af42e48b7d293-le64.cache-4
7fbb7c028000-7fbb7c044000 r--s 00393000 08:07 267369                     /usr/lib/jvm/jdk1.8.0_25/jre/lib/ext/cldrdata.jar
7fbb7c044000-7fbb7c04e000 r--s 00116000 08:07 267363                     /usr/lib/jvm/jdk1.8.0_25/jre/lib/ext/localedata.jar
7fbb7c04e000-7fbb7c056000 r--s 000c4000 08:07 1716393                    /home/linhsan/NetBeansProjects/ClinicManagement/dist/run904561440/lib/mysql-connector-java-5.1.23-bin.jar
7fbb7c056000-7fbb7c059000 ---p 00000000 00:00 0 
7fbb7c059000-7fbb7c157000 rw-p 00000000 00:00 0                          [stack:7318]
7fbb7c157000-7fbb7c198000 r--p 00000000 08:07 1996843                    /usr/share/glib-2.0/schemas/gschemas.compiled
7fbb7c198000-7fbb7c245000 r-xp 00000000 08:07 1058507                    /usr/lib/x86_64-linux-gnu/libgdk-x11-2.0.so.0.2400.23
7fbb7c245000-7fbb7c444000 ---p 000ad000 08:07 1058507                    /usr/lib/x86_64-linux-gnu/libgdk-x11-2.0.so.0.2400.23
7fbb7c444000-7fbb7c448000 r--p 000ac000 08:07 1058507                    /usr/lib/x86_64-linux-gnu/libgdk-x11-2.0.so.0.2400.23
7fbb7c448000-7fbb7c44a000 rw-p 000b0000 08:07 1058507                    /usr/lib/x86_64-linux-gnu/libgdk-x11-2.0.so.0.2400.23
7fbb7c44a000-7fbb7c456000 r-xp 00000000 08:07 2495489                    /usr/lib/jvm/jdk1.8.0_25/jre/lib/amd64/libprism_es2.so
7fbb7c456000-7fbb7c655000 ---p 0000c000 08:07 2495489                    /usr/lib/jvm/jdk1.8.0_25/jre/lib/amd64/libprism_es2.so
7fbb7c655000-7fbb7c656000 r--p 0000b000 08:07 2495489                    /usr/lib/jvm/jdk1.8.0_25/jre/lib/amd64/libprism_es2.so
7fbb7c656000-7fbb7c657000 rw-p 0000c000 08:07 2495489                    /usr/lib/jvm/jdk1.8.0_25/jre/lib/amd64/libprism_es2.so
7fbb7c657000-7fbb7c65a000 ---p 00000000 00:00 0 
7fbb7c65a000-7fbb7c758000 rw-p 00000000 00:00 0                          [stack:7316]
7fbb7c758000-7fbb7c7e4000 r--s 00fea000 08:07 267368                     /usr/lib/jvm/jdk1.8.0_25/jre/lib/ext/jfxrt.jar
7fbb7c7e4000-7fbb7c7e5000 ---p 00000000 00:00 0 
7fbb7c7e5000-7fbb7c8e5000 rw-p 00000000 00:00 0                          [stack:7315]
7fbb7c8e5000-7fbb7c8e8000 ---p 00000000 00:00 0 
7fbb7c8e8000-7fbb7c9e6000 rw-p 00000000 00:00 0                          [stack:7314]
7fbb7c9e6000-7fbb7c9e9000 ---p 00000000 00:00 0 
7fbb7c9e9000-7fbb7cae7000 rw-p 00000000 00:00 0                          [stack:7313]
7fbb7cae7000-7fbb7caea000 ---p 00000000 00:00 0 
7fbb7caea000-7fbb7cbe8000 rw-p 00000000 00:00 0                          [stack:7312]
7fbb7cbe8000-7fbb7cbeb000 ---p 00000000 00:00 0 
7fbb7cbeb000-7fbb7cce9000 rw-p 00000000 00:00 0                          [stack:7311]
7fbb7cce9000-7fbb7ccec000 ---p 00000000 00:00 0 
7fbb7ccec000-7fbb7cdea000 rw-p 00000000 00:00 0                          [stack:7310]
7fbb7cdea000-7fbb7d729000 r--p 00000000 08:07 1056763                    /usr/lib/locale/locale-archive
7fbb7d729000-7fbb7d72c000 ---p 00000000 00:00 0 
7fbb7d72c000-7fbb7d82a000 rw-p 00000000 00:00 0                          [stack:7309]
7fbb7d82a000-7fbb7d82d000 ---p 00000000 00:00 0 
7fbb7d82d000-7fbb7d92b000 rw-p 00000000 00:00 0                          [stack:7308]
7fbb7d92b000-7fbb7d92c000 ---p 00000000 00:00 0 
7fbb7d92c000-7fbb7e83a000 rw-p 00000000 00:00 0                          [stack:7307]
7fbb7e83a000-7fbb7ea10000 r--s 03caa000 08:07 2495506                    /usr/lib/jvm/jdk1.8.0_25/jre/lib/rt.jar
7fbb7ea10000-7fbb81000000 rw-p 00000000 00:00 0 
7fbb81000000-7fbb81d00000 rwxp 00000000 00:00 0 
7fbb81d00000-7fbb90000000 ---p 00000000 00:00 0 
7fbb90000000-7fbb904c8000 rw-p 00000000 00:00 0 
7fbb904c8000-7fbb94000000 ---p 00000000 00:00 0 
7fbb94000000-7fbb94001000 r--s 00000000 08:07 1187962                    /var/cache/fontconfig/0c9eb80ebd1c36541ebe2852d3bb0c49-le64.cache-4
7fbb94001000-7fbb94009000 rw-s 00000000 00:04 75509                      /drm mm object (deleted)
7fbb94009000-7fbb9435f000 rw-p 00000000 00:00 0 
7fbb9435f000-7fbb94360000 ---p 00000000 00:00 0 
7fbb94360000-7fbb94460000 rw-p 00000000 00:00 0                          [stack:7305]
7fbb94460000-7fbb94461000 ---p 00000000 00:00 0 
7fbb94461000-7fbb94561000 rw-p 00000000 00:00 0                          [stack:7304]
7fbb94561000-7fbb94562000 ---p 00000000 00:00 0 
7fbb94562000-7fbb94662000 rw-p 00000000 00:00 0                          [stack:7303]
7fbb94662000-7fbb94663000 ---p 00000000 00:00 0 
7fbb94663000-7fbb94772000 rw-p 00000000 00:00 0                          [stack:7302]
7fbb94772000-7fbb948a3000 ---p 00000000 00:00 0 
7fbb948a3000-7fbb948b2000 rw-p 00000000 00:00 0 
7fbb948b2000-7fbb949e2000 ---p 00000000 00:00 0 
7fbb949e2000-7fbb949fd000 rw-p 00000000 00:00 0 
7fbb949fd000-7fbb94a82000 ---p 00000000 00:00 0 
7fbb94a82000-7fbb94ab7000 rw-p 00000000 00:00 0 
7fbb94ab7000-7fbb94e43000 ---p 00000000 00:00 0 
7fbb94e43000-7fbb94e5d000 r-xp 00000000 08:07 2495471                    /usr/lib/jvm/jdk1.8.0_25/jre/lib/amd64/libzip.so
7fbb94e5d000-7fbb9505d000 ---p 0001a000 08:07 2495471                    /usr/lib/jvm/jdk1.8.0_25/jre/lib/amd64/libzip.so
7fbb9505d000-7fbb9505e000 rw-p 0001a000 08:07 2495471                    /usr/lib/jvm/jdk1.8.0_25/jre/lib/amd64/libzip.so
7fbb9505e000-7fbb95069000 r-xp 00000000 08:07 1708143                    /lib/x86_64-linux-gnu/libnss_files-2.19.so
7fbb95069000-7fbb95268000 ---p 0000b000 08:07 1708143                    /lib/x86_64-linux-gnu/libnss_files-2.19.so
7fbb95268000-7fbb95269000 r--p 0000a000 08:07 1708143                    /lib/x86_64-linux-gnu/libnss_files-2.19.so
7fbb95269000-7fbb9526a000 rw-p 0000b000 08:07 1708143                    /lib/x86_64-linux-gnu/libnss_files-2.19.so
7fbb9526a000-7fbb95275000 r-xp 00000000 08:07 1708153                    /lib/x86_64-linux-gnu/libnss_nis-2.19.so
7fbb95275000-7fbb95474000 ---p 0000b000 08:07 1708153                    /lib/x86_64-linux-gnu/libnss_nis-2.19.so
7fbb95474000-7fbb95475000 r--p 0000a000 08:07 1708153                    /lib/x86_64-linux-gnu/libnss_nis-2.19.so
7fbb95475000-7fbb95476000 rw-p 0000b000 08:07 1708153                    /lib/x86_64-linux-gnu/libnss_nis-2.19.so
7fbb95476000-7fbb9548d000 r-xp 00000000 08:07 1708137                    /lib/x86_64-linux-gnu/libnsl-2.19.so
7fbb9548d000-7fbb9568c000 ---p 00017000 08:07 1708137                    /lib/x86_64-linux-gnu/libnsl-2.19.so
7fbb9568c000-7fbb9568d000 r--p 00016000 08:07 1708137                    /lib/x86_64-linux-gnu/libnsl-2.19.so
7fbb9568d000-7fbb9568e000 rw-p 00017000 08:07 1708137                    /lib/x86_64-linux-gnu/libnsl-2.19.so
7fbb9568e000-7fbb95690000 rw-p 00000000 00:00 0 
7fbb95690000-7fbb95699000 r-xp 00000000 08:07 1708139                    /lib/x86_64-linux-gnu/libnss_compat-2.19.so
7fbb95699000-7fbb95898000 ---p 00009000 08:07 1708139                    /lib/x86_64-linux-gnu/libnss_compat-2.19.so
7fbb95898000-7fbb95899000 r--p 00008000 08:07 1708139                    /lib/x86_64-linux-gnu/libnss_compat-2.19.so
7fbb95899000-7fbb9589a000 rw-p 00009000 08:07 1708139                    /lib/x86_64-linux-gnu/libnss_compat-2.19.so
7fbb9589a000-7fbb958c4000 r-xp 00000000 08:07 2495452                    /usr/lib/jvm/jdk1.8.0_25/jre/lib/amd64/libjava.so
7fbb958c4000-7fbb95ac4000 ---p 0002a000 08:07 2495452                    /usr/lib/jvm/jdk1.8.0_25/jre/lib/amd64/libjava.so
7fbb95ac4000-7fbb95ac6000 rw-p 0002a000 08:07 2495452                    /usr/lib/jvm/jdk1.8.0_25/jre/lib/amd64/libjava.so
7fbb95ac6000-7fbb95ad3000 r-xp 00000000 08:07 2495465                    /usr/lib/jvm/jdk1.8.0_25/jre/lib/amd64/libverify.so
7fbb95ad3000-7fbb95cd3000 ---p 0000d000 08:07 2495465                    /usr/lib/jvm/jdk1.8.0_25/jre/lib/amd64/libverify.so
7fbb95cd3000-7fbb95cd5000 rw-p 0000d000 08:07 2495465                    /usr/lib/jvm/jdk1.8.0_25/jre/lib/amd64/libverify.so
7fbb95cd5000-7fbb95cdc000 r-xp 00000000 08:07 1708196                    /lib/x86_64-linux-gnu/librt-2.19.so
7fbb95cdc000-7fbb95edb000 ---p 00007000 08:07 1708196                    /lib/x86_64-linux-gnu/librt-2.19.so
7fbb95edb000-7fbb95edc000 r--p 00006000 08:07 1708196                    /lib/x86_64-linux-gnu/librt-2.19.so
7fbb95edc000-7fbb95edd000 rw-p 00007000 08:07 1708196                    /lib/x86_64-linux-gnu/librt-2.19.so
7fbb95edd000-7fbb95fe2000 r-xp 00000000 08:07 1708118                    /lib/x86_64-linux-gnu/libm-2.19.so
7fbb95fe2000-7fbb961e1000 ---p 00105000 08:07 1708118                    /lib/x86_64-linux-gnu/libm-2.19.so
7fbb961e1000-7fbb961e2000 r--p 00104000 08:07 1708118                    /lib/x86_64-linux-gnu/libm-2.19.so
7fbb961e2000-7fbb961e3000 rw-p 00105000 08:07 1708118                    /lib/x86_64-linux-gnu/libm-2.19.so
7fbb961e3000-7fbb96e50000 r-xp 00000000 08:07 2625176                    /usr/lib/jvm/jdk1.8.0_25/jre/lib/amd64/server/libjvm.so
7fbb96e50000-7fbb9704f000 ---p 00c6d000 08:07 2625176                    /usr/lib/jvm/jdk1.8.0_25/jre/lib/amd64/server/libjvm.so
7fbb9704f000-7fbb97125000 rw-p 00c6c000 08:07 2625176                    /usr/lib/jvm/jdk1.8.0_25/jre/lib/amd64/server/libjvm.so
7fbb97125000-7fbb97168000 rw-p 00000000 00:00 0 
7fbb97168000-7fbb97324000 r-xp 00000000 08:07 1708068                    /lib/x86_64-linux-gnu/libc-2.19.so
7fbb97324000-7fbb97523000 ---p 001bc000 08:07 1708068                    /lib/x86_64-linux-gnu/libc-2.19.so
7fbb97523000-7fbb97527000 r--p 001bb000 08:07 1708068                    /lib/x86_64-linux-gnu/libc-2.19.so
7fbb97527000-7fbb97529000 rw-p 001bf000 08:07 1708068                    /lib/x86_64-linux-gnu/libc-2.19.so
7fbb97529000-7fbb9752e000 rw-p 00000000 00:00 0 
7fbb9752e000-7fbb97531000 r-xp 00000000 08:07 1708085                    /lib/x86_64-linux-gnu/libdl-2.19.so
7fbb97531000-7fbb97730000 ---p 00003000 08:07 1708085                    /lib/x86_64-linux-gnu/libdl-2.19.so
7fbb97730000-7fbb97731000 r--p 00002000 08:07 1708085                    /lib/x86_64-linux-gnu/libdl-2.19.so
7fbb97731000-7fbb97732000 rw-p 00003000 08:07 1708085                    /lib/x86_64-linux-gnu/libdl-2.19.so
7fbb97732000-7fbb97747000 r-xp 00000000 08:07 2625172                    /usr/lib/jvm/jdk1.8.0_25/jre/lib/amd64/jli/libjli.so
7fbb97747000-7fbb97946000 ---p 00015000 08:07 2625172                    /usr/lib/jvm/jdk1.8.0_25/jre/lib/amd64/jli/libjli.so
7fbb97946000-7fbb97947000 rw-p 00014000 08:07 2625172                    /usr/lib/jvm/jdk1.8.0_25/jre/lib/amd64/jli/libjli.so
7fbb97947000-7fbb97960000 r-xp 00000000 08:07 1708188                    /lib/x86_64-linux-gnu/libpthread-2.19.so
7fbb97960000-7fbb97b5f000 ---p 00019000 08:07 1708188                    /lib/x86_64-linux-gnu/libpthread-2.19.so
7fbb97b5f000-7fbb97b60000 r--p 00018000 08:07 1708188                    /lib/x86_64-linux-gnu/libpthread-2.19.so
7fbb97b60000-7fbb97b61000 rw-p 00019000 08:07 1708188                    /lib/x86_64-linux-gnu/libpthread-2.19.so
7fbb97b61000-7fbb97b65000 rw-p 00000000 00:00 0 
7fbb97b65000-7fbb97b88000 r-xp 00000000 08:07 1708044                    /lib/x86_64-linux-gnu/ld-2.19.so
7fbb97b88000-7fbb97b8c000 r--s 00093000 08:07 2495509                    /usr/lib/jvm/jdk1.8.0_25/jre/lib/jsse.jar
7fbb97b8c000-7fbb97b94000 rw-s 00000000 00:04 75508                      /drm mm object (deleted)
7fbb97b94000-7fbb97b9c000 rw-s 00000000 00:04 75504                      /drm mm object (deleted)
7fbb97b9c000-7fbb97ba2000 r--p 00000000 08:07 1591291                    /home/linhsan/.config/dconf/user
7fbb97ba2000-7fbb97baa000 rw-s 00000000 00:04 75494                      /drm mm object (deleted)
7fbb97baa000-7fbb97c67000 rw-p 00000000 00:00 0 
7fbb97c67000-7fbb97c6a000 ---p 00000000 00:00 0 
7fbb97c6a000-7fbb97d6c000 rw-p 00000000 00:00 0                          [stack:7301]
7fbb97d6c000-7fbb97d6f000 r--s 00000000 08:07 1190693                    /var/cache/fontconfig/e13b20fdb08344e0e664864cc2ede53d-le64.cache-4
7fbb97d6f000-7fbb97d70000 rw-s 00000000 00:04 75505                      /drm mm object (deleted)
7fbb97d70000-7fbb97d71000 r--s 00000000 00:16 64922                      /run/user/1000/dconf/user
7fbb97d71000-7fbb97d72000 rw-s 00000000 00:04 75491                      /drm mm object (deleted)
7fbb97d72000-7fbb97d7a000 rw-s 00000000 00:04 75490                      /drm mm object (deleted)
7fbb97d7a000-7fbb97d7b000 r--s 00007000 08:07 1714905                    /home/linhsan/NetBeansProjects/ClinicManagement/dist/run904561440/ClinicManagement.jar
7fbb97d7b000-7fbb97d83000 rw-s 00000000 08:07 393997                     /tmp/hsperfdata_linhsan/7298
7fbb97d83000-7fbb97d84000 rw-p 00000000 00:00 0 
7fbb97d84000-7fbb97d85000 r--p 00000000 00:00 0 
7fbb97d85000-7fbb97d87000 rw-p 00000000 00:00 0 
7fbb97d87000-7fbb97d88000 r--p 00022000 08:07 1708044                    /lib/x86_64-linux-gnu/ld-2.19.so
7fbb97d88000-7fbb97d89000 rw-p 00023000 08:07 1708044                    /lib/x86_64-linux-gnu/ld-2.19.so
7fbb97d89000-7fbb97d8a000 rw-p 00000000 00:00 0 
7fffe06c1000-7fffe06e2000 rw-p 00000000 00:00 0                          [stack]
7fffe0733000-7fffe0735000 r-xp 00000000 00:00 0                          [vdso]
ffffffffff600000-ffffffffff601000 r-xp 00000000 00:00 0                  [vsyscall]

VM Arguments:
jvm_args: -Dfile.encoding=UTF-8 
java_command: /home/linhsan/NetBeansProjects/ClinicManagement/dist/run904561440/ClinicManagement.jar
java_class_path (initial): /home/linhsan/NetBeansProjects/ClinicManagement/dist/run904561440/ClinicManagement.jar
Launcher Type: SUN_STANDARD

Environment Variables:
PATH=/usr/local/sbin:/usr/local/bin:/usr/sbin:/usr/bin:/sbin:/bin:/usr/games:/usr/local/games
LD_LIBRARY_PATH=/usr/lib/jvm/jdk1.8.0_25/jre/lib/amd64:/usr/lib/jvm/jdk1.8.0_25/jre/lib/i386:
SHELL=/bin/bash
DISPLAY=:0

Signal Handlers:
SIGSEGV: [libjvm.so+0xa79a80], sa_mask[0]=11111111011111111101111111111110, sa_flags=SA_RESTART|SA_SIGINFO
SIGBUS: [libjvm.so+0xa79a80], sa_mask[0]=11111111011111111101111111111110, sa_flags=SA_RESTART|SA_SIGINFO
SIGFPE: [libjvm.so+0x8e24e0], sa_mask[0]=11111111011111111101111111111110, sa_flags=SA_RESTART|SA_SIGINFO
SIGPIPE: SIG_IGN, sa_mask[0]=00000000000010000000000000000000, sa_flags=SA_RESTART
SIGXFSZ: [libjvm.so+0x8e24e0], sa_mask[0]=11111111011111111101111111111110, sa_flags=SA_RESTART|SA_SIGINFO
SIGILL: [libjvm.so+0x8e24e0], sa_mask[0]=11111111011111111101111111111110, sa_flags=SA_RESTART|SA_SIGINFO
SIGUSR1: SIG_DFL, sa_mask[0]=00000000000000000000000000000000, sa_flags=none
SIGUSR2: [libjvm.so+0x8e3d10], sa_mask[0]=00100000000000000000000000000000, sa_flags=SA_RESTART|SA_SIGINFO
SIGHUP: [libjvm.so+0x8e50d0], sa_mask[0]=11111111011111111101111111111110, sa_flags=SA_RESTART|SA_SIGINFO
SIGINT: SIG_IGN, sa_mask[0]=00000000000000000000000000000000, sa_flags=none
SIGTERM: [libjvm.so+0x8e50d0], sa_mask[0]=11111111011111111101111111111110, sa_flags=SA_RESTART|SA_SIGINFO
SIGQUIT: [libjvm.so+0x8e50d0], sa_mask[0]=11111111011111111101111111111110, sa_flags=SA_RESTART|SA_SIGINFO


---------------  S Y S T E M  ---------------

OS:DISTRIB_ID=Ubuntu
DISTRIB_RELEASE=14.04
DISTRIB_CODENAME=trusty
DISTRIB_DESCRIPTION="Ubuntu 14.04 LTS"

uname:Linux 3.13.0-24-generic #46-Ubuntu SMP Thu Apr 10 19:11:08 UTC 2014 x86_64
libc:glibc 2.19 NPTL 2.19 
rlimit: STACK 8192k, CORE 0k, NPROC 30460, NOFILE 4096, AS infinity
load average:1,02 0,80 0,69

/proc/meminfo:
MemTotal:        3920420 kB
MemFree:          148576 kB
Buffers:           22556 kB
Cached:           973700 kB
SwapCached:         5352 kB
Active:          2151972 kB
Inactive:        1380544 kB
Active(anon):    1915100 kB
Inactive(anon):  1154228 kB
Active(file):     236872 kB
Inactive(file):   226316 kB
Unevictable:         124 kB
Mlocked:             124 kB
SwapTotal:       7762940 kB
SwapFree:        7694216 kB
Dirty:               348 kB
Writeback:             0 kB
AnonPages:       2532240 kB
Mapped:           420336 kB
Shmem:            533068 kB
Slab:             102452 kB
SReclaimable:      62544 kB
SUnreclaim:        39908 kB
KernelStack:        6016 kB
PageTables:        52668 kB
NFS_Unstable:          0 kB
Bounce:                0 kB
WritebackTmp:          0 kB
CommitLimit:     9723148 kB
Committed_AS:    8443560 kB
VmallocTotal:   34359738367 kB
VmallocUsed:      545972 kB
VmallocChunk:   34359181820 kB
HardwareCorrupted:     0 kB
AnonHugePages:    677888 kB
HugePages_Total:       0
HugePages_Free:        0
HugePages_Rsvd:        0
HugePages_Surp:        0
Hugepagesize:       2048 kB
DirectMap4k:       87804 kB
DirectMap2M:     3979264 kB


CPU:total 4 (2 cores per cpu, 2 threads per core) family 6 model 58 stepping 9, cmov, cx8, fxsr, mmx, sse, sse2, sse3, ssse3, sse4.1, sse4.2, popcnt, avx, aes, clmul, erms, ht, tsc, tscinvbit, tscinv

/proc/cpuinfo:
processor	: 0
vendor_id	: GenuineIntel
cpu family	: 6
model		: 58
model name	: Intel(R) Core(TM) i5-3230M CPU @ 2.60GHz
stepping	: 9
microcode	: 0x15
cpu MHz		: 2601.000
cache size	: 3072 KB
physical id	: 0
siblings	: 4
core id		: 0
cpu cores	: 2
apicid		: 0
initial apicid	: 0
fpu		: yes
fpu_exception	: yes
cpuid level	: 13
wp		: yes
flags		: fpu vme de pse tsc msr pae mce cx8 apic sep mtrr pge mca cmov pat pse36 clflush dts acpi mmx fxsr sse sse2 ss ht tm pbe syscall nx rdtscp lm constant_tsc arch_perfmon pebs bts rep_good nopl xtopology nonstop_tsc aperfmperf eagerfpu pni pclmulqdq dtes64 monitor ds_cpl vmx est tm2 ssse3 cx16 xtpr pdcm pcid sse4_1 sse4_2 x2apic popcnt tsc_deadline_timer aes xsave avx f16c rdrand lahf_lm ida arat epb xsaveopt pln pts dtherm tpr_shadow vnmi flexpriority ept vpid fsgsbase smep erms
bogomips	: 5187.85
clflush size	: 64
cache_alignment	: 64
address sizes	: 36 bits physical, 48 bits virtual
power management:

processor	: 1
vendor_id	: GenuineIntel
cpu family	: 6
model		: 58
model name	: Intel(R) Core(TM) i5-3230M CPU @ 2.60GHz
stepping	: 9
microcode	: 0x15
cpu MHz		: 2601.000
cache size	: 3072 KB
physical id	: 0
siblings	: 4
core id		: 0
cpu cores	: 2
apicid		: 1
initial apicid	: 1
fpu		: yes
fpu_exception	: yes
cpuid level	: 13
wp		: yes
flags		: fpu vme de pse tsc msr pae mce cx8 apic sep mtrr pge mca cmov pat pse36 clflush dts acpi mmx fxsr sse sse2 ss ht tm pbe syscall nx rdtscp lm constant_tsc arch_perfmon pebs bts rep_good nopl xtopology nonstop_tsc aperfmperf eagerfpu pni pclmulqdq dtes64 monitor ds_cpl vmx est tm2 ssse3 cx16 xtpr pdcm pcid sse4_1 sse4_2 x2apic popcnt tsc_deadline_timer aes xsave avx f16c rdrand lahf_lm ida arat epb xsaveopt pln pts dtherm tpr_shadow vnmi flexpriority ept vpid fsgsbase smep erms
bogomips	: 5187.85
clflush size	: 64
cache_alignment	: 64
address sizes	: 36 bits physical, 48 bits virtual
power management:

processor	: 2
vendor_id	: GenuineIntel
cpu family	: 6
model		: 58
model name	: Intel(R) Core(TM) i5-3230M CPU @ 2.60GHz
stepping	: 9
microcode	: 0x15
cpu MHz		: 1200.000
cache size	: 3072 KB
physical id	: 0
siblings	: 4
core id		: 1
cpu cores	: 2
apicid		: 2
initial apicid	: 2
fpu		: yes
fpu_exception	: yes
cpuid level	: 13
wp		: yes
flags		: fpu vme de pse tsc msr pae mce cx8 apic sep mtrr pge mca cmov pat pse36 clflush dts acpi mmx fxsr sse sse2 ss ht tm pbe syscall nx rdtscp lm constant_tsc arch_perfmon pebs bts rep_good nopl xtopology nonstop_tsc aperfmperf eagerfpu pni pclmulqdq dtes64 monitor ds_cpl vmx est tm2 ssse3 cx16 xtpr pdcm pcid sse4_1 sse4_2 x2apic popcnt tsc_deadline_timer aes xsave avx f16c rdrand lahf_lm ida arat epb xsaveopt pln pts dtherm tpr_shadow vnmi flexpriority ept vpid fsgsbase smep erms
bogomips	: 5187.85
clflush size	: 64
cache_alignment	: 64
address sizes	: 36 bits physical, 48 bits virtual
power management:

processor	: 3
vendor_id	: GenuineIntel
cpu family	: 6
model		: 58
model name	: Intel(R) Core(TM) i5-3230M CPU @ 2.60GHz
stepping	: 9
microcode	: 0x15
cpu MHz		: 2601.000
cache size	: 3072 KB
physical id	: 0
siblings	: 4
core id		: 1
cpu cores	: 2
apicid		: 3
initial apicid	: 3
fpu		: yes
fpu_exception	: yes
cpuid level	: 13
wp		: yes
flags		: fpu vme de pse tsc msr pae mce cx8 apic sep mtrr pge mca cmov pat pse36 clflush dts acpi mmx fxsr sse sse2 ss ht tm pbe syscall nx rdtscp lm constant_tsc arch_perfmon pebs bts rep_good nopl xtopology nonstop_tsc aperfmperf eagerfpu pni pclmulqdq dtes64 monitor ds_cpl vmx est tm2 ssse3 cx16 xtpr pdcm pcid sse4_1 sse4_2 x2apic popcnt tsc_deadline_timer aes xsave avx f16c rdrand lahf_lm ida arat epb xsaveopt pln pts dtherm tpr_shadow vnmi flexpriority ept vpid fsgsbase smep erms
bogomips	: 5187.85
clflush size	: 64
cache_alignment	: 64
address sizes	: 36 bits physical, 48 bits virtual
power management:



Memory: 4k page, physical 3920420k(148576k free), swap 7762940k(7694216k free)

vm_info: Java HotSpot(TM) 64-Bit Server VM (25.25-b02) for linux-amd64 JRE (1.8.0_25-b17), built on Sep 17 2014 17:32:11 by "java_re" with gcc 4.3.0 20080428 (Red Hat 4.3.0-8)

time: Sat Nov 14 19:00:14 2015
elapsed time: 31 seconds (0d 0h 0m 31s)

