#
# A fatal error has been detected by the Java Runtime Environment:
#
#  SIGSEGV (0xb) at pc=0x00007f42c71fe013, pid=13587, tid=139923103459072
#
# JRE version: Java(TM) SE Runtime Environment (8.0_66-b17) (build 1.8.0_66-b17)
# Java VM: Java HotSpot(TM) 64-Bit Server VM (25.66-b17 mixed mode linux-amd64 compressed oops)
# Problematic frame:
# V  [libjvm.so+0x7f4013]  LinkResolver::resolve_invokevirtual(CallInfo&, Handle, constantPoolHandle, int, Thread*)+0x233
#
# Failed to write core dump. Core dumps have been disabled. To enable core dumping, try "ulimit -c unlimited" before starting Java again
#
# If you would like to submit a bug report, please visit:
#   http://bugreport.java.com/bugreport/crash.jsp
#

---------------  T H R E A D  ---------------

Current thread (0x00007f42c031c800):  JavaThread "JavaFX Application Thread" [_thread_in_vm, id=13607, stack(0x00007f4262d0a000,0x00007f4262e0b000)]

siginfo: si_signo: 11 (SIGSEGV), si_code: 1 (SEGV_MAPERR), si_addr: 0x00000000540fc328

Registers:
RAX=0x00007f42c798a770, RBX=0x00007f42c031c380, RCX=0x000000000000001e, RDX=0x00000000540fc320
RSP=0x00007f4262e07fd0, RBP=0x00007f4262e08070, RSI=0x00007f42c4ccadc8, RDI=0x000000000000000c
R8 =0x00007f42c031c380, R9 =0x000000000000000c, R10=0x000000000000000b, R11=0x000000010000da48
R12=0x0000000000000000, R13=0x00007f42c031c800, R14=0x00007f42c4ccadc8, R15=0x0000000000000019
RIP=0x00007f42c71fe013, EFLAGS=0x0000000000010202, CSGSFS=0x0000000000000033, ERR=0x0000000000000004
  TRAPNO=0x000000000000000e

Top of Stack: (sp=0x00007f4262e07fd0)
0x00007f4262e07fd0:   00007f42c031c800 00007f4262e08020
0x00007f4262e07fe0:   00007f4262e0830f 0000000000000010
0x00007f4262e07ff0:   00007f42c031c2b0 00007f4262e08190
0x00007f4262e08000:   00007f42c4ccadc8 00007f42c031c800
0x00007f4262e08010:   00000001000a0c50 00007f42c7af5dec
0x00007f4262e08020:   00007f42c84929e0 00007f42c8473850
0x00007f4262e08030:   000000010000da48 00007f4262e08300
0x00007f4262e08040:   00007f4262e08300 00007f42c031c380
0x00007f4262e08050:   0000000000000000 00007f42c031c800
0x00007f4262e08060:   0000000000000019 00007f4262e08190
0x00007f4262e08070:   00007f4262e08120 00007f42c72004f4
0x00007f4262e08080:   0000000000000000 0000000000000000
0x00007f4262e08090:   00007f4262e080b0 00007f42c72e7a99
0x00007f4262e080a0:   00007f4262e080e0 0000000000000000
0x00007f4262e080b0:   00007f4262e080d0 00007f42c7090355
0x00007f4262e080c0:   00007f42c4ccadc8 00007f42c031c800
0x00007f4262e080d0:   00007f4262e08120 00007f42c70903f0
0x00007f4262e080e0:   00007f4262e08450 00007f42b10210c3
0x00007f4262e080f0:   00007f42b10055d0 0000000000000019
0x00007f4262e08100:   0000000000000000 00007f42c031c800
0x00007f4262e08110:   00007f4262e08300 00007f4262e08190
0x00007f4262e08120:   00007f4262e08430 00007f42c708eb92
0x00007f4262e08130:   00007f42543c0360 00007f42c7adcac9
0x00007f4262e08140:   0000000000000000 00007f42850f9449
0x00007f4262e08150:   0004000500000008 0000003000000028
0x00007f4262e08160:   000000b662e08230 00007f4278011e50
0x00007f4262e08170:   00007f4278011e60 00007f4278012238
0x00007f4262e08180:   00000000000003d8 00007f42c031c2b0
0x00007f4262e08190:   0000000000000000 0000000000000000
0x00007f4262e081a0:   0000000000000000 0000000000000000
0x00007f4262e081b0:   0000000000000000 0000000000000000
0x00007f4262e081c0:   0000000000000000 0000000000000000 

Instructions: (pc=0x00007f42c71fe013)
0x00007f42c71fdff3:   83 7d 80 00 74 26 48 8b 45 80 48 8b 10 48 8b 05
0x00007f42c71fe003:   59 fd 76 00 80 38 00 74 69 48 8b 05 8d d7 76 00
0x00007f42c71fe013:   8b 52 08 8b 48 08 48 d3 e2 48 03 10 48 8b 4d c0
0x00007f42c71fe023:   4c 89 6c 24 18 c7 44 24 10 01 00 00 00 c7 44 24 

Register to memory mapping:

RAX=0x00007f42c798a770: <offset 0xf80770> in /usr/lib/jvm/jdk1.8.0_66/jre/lib/amd64/server/libjvm.so at 0x00007f42c6a0a000
RBX=0x00007f42c031c380 is an unknown value
RCX=0x000000000000001e is an unknown value
RDX=0x00000000540fc320 is an unknown value
RSP=0x00007f4262e07fd0 is pointing into the stack for thread: 0x00007f42c031c800
RBP=0x00007f4262e08070 is pointing into the stack for thread: 0x00007f42c031c800
RSI=0x00007f42c4ccadc8 is pointing into metadata
RDI=0x000000000000000c is an unknown value
R8 =0x00007f42c031c380 is an unknown value
R9 =0x000000000000000c is an unknown value
R10=0x000000000000000b is an unknown value
R11=0x000000010000da48 is pointing into metadata
R12=0x0000000000000000 is an unknown value
R13=0x00007f42c031c800 is a thread
R14=0x00007f42c4ccadc8 is pointing into metadata
R15=0x0000000000000019 is an unknown value


Stack: [0x00007f4262d0a000,0x00007f4262e0b000],  sp=0x00007f4262e07fd0,  free space=1015k
Native frames: (J=compiled Java code, j=interpreted, Vv=VM code, C=native code)
V  [libjvm.so+0x7f4013]  LinkResolver::resolve_invokevirtual(CallInfo&, Handle, constantPoolHandle, int, Thread*)+0x233
V  [libjvm.so+0x7f64f4]  LinkResolver::resolve_invoke(CallInfo&, Handle, constantPoolHandle, int, Bytecodes::Code, Thread*)+0x2e4
V  [libjvm.so+0x684b92]  InterpreterRuntime::resolve_invoke(JavaThread*, Bytecodes::Code)+0x1b2
j  com.sun.glass.ui.gtk.GtkView.notifyInputMethodDraw(Ljava/lang/String;III[B)V+36
v  ~StubRoutines::call_stub
V  [libjvm.so+0x68bc46]  JavaCalls::call_helper(JavaValue*, methodHandle*, JavaCallArguments*, Thread*)+0x1056
V  [libjvm.so+0x6cdeeb]  jni_invoke_nonstatic(JNIEnv_*, JavaValue*, _jobject*, JNICallType, _jmethodID*, JNI_ArgumentPusher*, Thread*)+0x40b
V  [libjvm.so+0x6d22bf]  jni_CallVoidMethodV+0x10f
C  [libglass.so+0x18641]  JNIEnv_::CallVoidMethod(_jobject*, _jmethodID*, ...)+0x81
C  [libglass.so+0x19ca9]  im_preedit_draw(_XIM*, char*, char*)+0x219
C  [libX11.so.6+0x61138]
C  0x0000000000000002

Java frames: (J=compiled Java code, j=interpreted, Vv=VM code)
j  com.sun.glass.ui.gtk.GtkView.notifyInputMethodDraw(Ljava/lang/String;III[B)V+36
v  ~StubRoutines::call_stub
j  com.sun.glass.ui.gtk.GtkApplication._runLoop(Ljava/lang/Runnable;Z)V+0
j  com.sun.glass.ui.gtk.GtkApplication.lambda$null$49(Ljava/lang/Runnable;Z)V+7
j  com.sun.glass.ui.gtk.GtkApplication$$Lambda$41.run()V+12
j  java.lang.Thread.run()V+11
v  ~StubRoutines::call_stub

---------------  P R O C E S S  ---------------

Java Threads: ( => current thread )
  0x00007f4254382800 JavaThread "Prism Font Disposer" daemon [_thread_blocked, id=13611, stack(0x00007f4261a32000,0x00007f4261b33000)]
  0x00007f4254197000 JavaThread "Abandoned connection cleanup thread" daemon [_thread_blocked, id=13609, stack(0x00007f4262908000,0x00007f4262a09000)]
  0x00007f42c0320800 JavaThread "JavaFX-Launcher" [_thread_blocked, id=13608, stack(0x00007f4262c09000,0x00007f4262d0a000)]
=>0x00007f42c031c800 JavaThread "JavaFX Application Thread" [_thread_in_vm, id=13607, stack(0x00007f4262d0a000,0x00007f4262e0b000)]
  0x00007f42c0318800 JavaThread "Thread-1" daemon [_thread_blocked, id=13606, stack(0x00007f4262e0b000,0x00007f4262f0c000)]
  0x00007f42c0271800 JavaThread "QuantumRenderer-0" daemon [_thread_blocked, id=13605, stack(0x00007f42a9d0b000,0x00007f42a9e0c000)]
  0x00007f42c0189800 JavaThread "Service Thread" daemon [_thread_blocked, id=13603, stack(0x00007f42a9f0d000,0x00007f42aa00e000)]
  0x00007f42c0184800 JavaThread "C1 CompilerThread2" daemon [_thread_blocked, id=13602, stack(0x00007f42aa00e000,0x00007f42aa10f000)]
  0x00007f42c0182800 JavaThread "C2 CompilerThread1" daemon [_thread_blocked, id=13601, stack(0x00007f42aa10f000,0x00007f42aa210000)]
  0x00007f42c017f800 JavaThread "C2 CompilerThread0" daemon [_thread_blocked, id=13600, stack(0x00007f42b00f1000,0x00007f42b01f2000)]
  0x00007f42c017e000 JavaThread "Signal Dispatcher" daemon [_thread_blocked, id=13599, stack(0x00007f42b01f2000,0x00007f42b02f3000)]
  0x00007f42c0145000 JavaThread "Finalizer" daemon [_thread_blocked, id=13598, stack(0x00007f42b02f3000,0x00007f42b03f4000)]
  0x00007f42c0143000 JavaThread "Reference Handler" daemon [_thread_blocked, id=13597, stack(0x00007f42b03f4000,0x00007f42b04f5000)]
  0x00007f42c0008800 JavaThread "main" [_thread_blocked, id=13589, stack(0x00007f42c84db000,0x00007f42c85dc000)]

Other Threads:
  0x00007f42c013e000 VMThread [stack: 0x00007f42b04f5000,0x00007f42b05f6000] [id=13596]
  0x00007f42c018c800 WatcherThread [stack: 0x00007f42a9e0c000,0x00007f42a9f0d000] [id=13604]

VM state:not at safepoint (normal execution)

VM Mutex/Monitor currently owned by a thread: None

Heap:
 PSYoungGen      total 29696K, used 13310K [0x00000000ec100000, 0x00000000ee500000, 0x0000000100000000)
  eden space 24576K, 42% used [0x00000000ec100000,0x00000000ecb1f818,0x00000000ed900000)
  from space 5120K, 57% used [0x00000000ee000000,0x00000000ee2e0000,0x00000000ee500000)
  to   space 6144K, 0% used [0x00000000ed900000,0x00000000ed900000,0x00000000edf00000)
 ParOldGen       total 31744K, used 8125K [0x00000000c4200000, 0x00000000c6100000, 0x00000000ec100000)
  object space 31744K, 25% used [0x00000000c4200000,0x00000000c49ef788,0x00000000c6100000)
 Metaspace       used 22429K, capacity 23774K, committed 23808K, reserved 1069056K
  class space    used 3041K, capacity 3306K, committed 3328K, reserved 1048576K

Card table byte_map: [0x00007f42c56f7000,0x00007f42c58d7000] byte_map_base: 0x00007f42c50d6000

Marking Bits: (ParMarkBitMap*) 0x00007f42c79b9020
 Begin Bits: [0x00007f42aa210000, 0x00007f42ab108000)
 End Bits:   [0x00007f42ab108000, 0x00007f42ac000000)

Polling page: 0x00007f42c85f8000

CodeCache: size=245760Kb used=12786Kb max_used=12786Kb free=232973Kb
 bounds [0x00007f42b1000000, 0x00007f42b1ca0000, 0x00007f42c0000000]
 total_blobs=4410 nmethods=3687 adapters=634
 compilation: enabled

Compilation events (10 events):
Event: 31,425 Thread 0x00007f42c0184800 3843       3       javafx.scene.Scene::access$2800 (6 bytes)
Event: 31,425 Thread 0x00007f42c0184800 nmethod 3843 0x00007f42b133f4d0 code [0x00007f42b133f640, 0x00007f42b133f8d0]
Event: 31,425 Thread 0x00007f42c0184800 3844       3       javafx.scene.Scene::access$2502 (6 bytes)
Event: 31,426 Thread 0x00007f42c0184800 nmethod 3844 0x00007f42b133f190 code [0x00007f42b133f2e0, 0x00007f42b133f430]
Event: 31,439 Thread 0x00007f42c0184800 3846       3       java.lang.invoke.LambdaForm::signatureArity (28 bytes)
Event: 31,440 Thread 0x00007f42c0184800 nmethod 3846 0x00007f42b1280210 code [0x00007f42b1280380, 0x00007f42b1280668]
Event: 31,441 Thread 0x00007f42c0184800 3850       3       jdk.internal.org.objectweb.asm.Type::getArgumentTypes (131 bytes)
Event: 31,442 Thread 0x00007f42c0184800 nmethod 3850 0x00007f42b1329590 code [0x00007f42b1329760, 0x00007f42b132a038]
Event: 32,050 Thread 0x00007f42c0184800 3855       3       com.sun.javafx.application.PlatformImpl::isCaspian (4 bytes)
Event: 32,050 Thread 0x00007f42c0184800 nmethod 3855 0x00007f42b13279d0 code [0x00007f42b1327b20, 0x00007f42b1327c70]

GC Heap History (10 events):
Event: 7,251 GC heap before
{Heap before GC invocations=3 (full 0):
 PSYoungGen      total 17920K, used 17888K [0x00000000ec100000, 0x00000000ed500000, 0x0000000100000000)
  eden space 15360K, 100% used [0x00000000ec100000,0x00000000ed000000,0x00000000ed000000)
  from space 2560K, 98% used [0x00000000ed280000,0x00000000ed4f8070,0x00000000ed500000)
  to   space 2560K, 0% used [0x00000000ed000000,0x00000000ed000000,0x00000000ed280000)
 ParOldGen       total 40960K, used 2813K [0x00000000c4200000, 0x00000000c6a00000, 0x00000000ec100000)
  object space 40960K, 6% used [0x00000000c4200000,0x00000000c44bf730,0x00000000c6a00000)
 Metaspace       used 18676K, capacity 19288K, committed 19456K, reserved 1067008K
  class space    used 2575K, capacity 2731K, committed 2816K, reserved 1048576K
Event: 7,261 GC heap after
Heap after GC invocations=3 (full 0):
 PSYoungGen      total 17920K, used 2544K [0x00000000ec100000, 0x00000000ed500000, 0x0000000100000000)
  eden space 15360K, 0% used [0x00000000ec100000,0x00000000ec100000,0x00000000ed000000)
  from space 2560K, 99% used [0x00000000ed000000,0x00000000ed27c060,0x00000000ed280000)
  to   space 2560K, 0% used [0x00000000ed280000,0x00000000ed280000,0x00000000ed500000)
 ParOldGen       total 40960K, used 5223K [0x00000000c4200000, 0x00000000c6a00000, 0x00000000ec100000)
  object space 40960K, 12% used [0x00000000c4200000,0x00000000c4719dc0,0x00000000c6a00000)
 Metaspace       used 18676K, capacity 19288K, committed 19456K, reserved 1067008K
  class space    used 2575K, capacity 2731K, committed 2816K, reserved 1048576K
}
Event: 7,567 GC heap before
{Heap before GC invocations=4 (full 0):
 PSYoungGen      total 17920K, used 13433K [0x00000000ec100000, 0x00000000ed500000, 0x0000000100000000)
  eden space 15360K, 70% used [0x00000000ec100000,0x00000000ecba23f0,0x00000000ed000000)
  from space 2560K, 99% used [0x00000000ed000000,0x00000000ed27c060,0x00000000ed280000)
  to   space 2560K, 0% used [0x00000000ed280000,0x00000000ed280000,0x00000000ed500000)
 ParOldGen       total 40960K, used 5223K [0x00000000c4200000, 0x00000000c6a00000, 0x00000000ec100000)
  object space 40960K, 12% used [0x00000000c4200000,0x00000000c4719dc0,0x00000000c6a00000)
 Metaspace       used 20326K, capacity 21278K, committed 21296K, reserved 1067008K
  class space    used 2859K, capacity 3054K, committed 3072K, reserved 1048576K
Event: 7,575 GC heap after
Heap after GC invocations=4 (full 0):
 PSYoungGen      total 17920K, used 2544K [0x00000000ec100000, 0x00000000ee400000, 0x0000000100000000)
  eden space 15360K, 0% used [0x00000000ec100000,0x00000000ec100000,0x00000000ed000000)
  from space 2560K, 99% used [0x00000000ed280000,0x00000000ed4fc060,0x00000000ed500000)
  to   space 2560K, 0% used [0x00000000ed000000,0x00000000ed000000,0x00000000ed280000)
 ParOldGen       total 40960K, used 6260K [0x00000000c4200000, 0x00000000c6a00000, 0x00000000ec100000)
  object space 40960K, 15% used [0x00000000c4200000,0x00000000c481d090,0x00000000c6a00000)
 Metaspace       used 20326K, capacity 21278K, committed 21296K, reserved 1067008K
  class space    used 2859K, capacity 3054K, committed 3072K, reserved 1048576K
}
Event: 7,575 GC heap before
{Heap before GC invocations=5 (full 1):
 PSYoungGen      total 17920K, used 2544K [0x00000000ec100000, 0x00000000ee400000, 0x0000000100000000)
  eden space 15360K, 0% used [0x00000000ec100000,0x00000000ec100000,0x00000000ed000000)
  from space 2560K, 99% used [0x00000000ed280000,0x00000000ed4fc060,0x00000000ed500000)
  to   space 2560K, 0% used [0x00000000ed000000,0x00000000ed000000,0x00000000ed280000)
 ParOldGen       total 40960K, used 6260K [0x00000000c4200000, 0x00000000c6a00000, 0x00000000ec100000)
  object space 40960K, 15% used [0x00000000c4200000,0x00000000c481d090,0x00000000c6a00000)
 Metaspace       used 20326K, capacity 21278K, committed 21296K, reserved 1067008K
  class space    used 2859K, capacity 3054K, committed 3072K, reserved 1048576K
Event: 7,609 GC heap after
Heap after GC invocations=5 (full 1):
 PSYoungGen      total 17920K, used 0K [0x00000000ec100000, 0x00000000ee400000, 0x0000000100000000)
  eden space 15360K, 0% used [0x00000000ec100000,0x00000000ec100000,0x00000000ed000000)
  from space 2560K, 0% used [0x00000000ed280000,0x00000000ed280000,0x00000000ed500000)
  to   space 2560K, 0% used [0x00000000ed000000,0x00000000ed000000,0x00000000ed280000)
 ParOldGen       total 31744K, used 7845K [0x00000000c4200000, 0x00000000c6100000, 0x00000000ec100000)
  object space 31744K, 24% used [0x00000000c4200000,0x00000000c49a9788,0x00000000c6100000)
 Metaspace       used 20326K, capacity 21278K, committed 21296K, reserved 1067008K
  class space    used 2859K, capacity 3054K, committed 3072K, reserved 1048576K
}
Event: 11,654 GC heap before
{Heap before GC invocations=6 (full 1):
 PSYoungGen      total 17920K, used 15360K [0x00000000ec100000, 0x00000000ee400000, 0x0000000100000000)
  eden space 15360K, 100% used [0x00000000ec100000,0x00000000ed000000,0x00000000ed000000)
  from space 2560K, 0% used [0x00000000ed280000,0x00000000ed280000,0x00000000ed500000)
  to   space 2560K, 0% used [0x00000000ed000000,0x00000000ed000000,0x00000000ed280000)
 ParOldGen       total 31744K, used 7845K [0x00000000c4200000, 0x00000000c6100000, 0x00000000ec100000)
  object space 31744K, 24% used [0x00000000c4200000,0x00000000c49a9788,0x00000000c6100000)
 Metaspace       used 21669K, capacity 22932K, committed 23040K, reserved 1069056K
  class space    used 3014K, capacity 3279K, committed 3328K, reserved 1048576K
Event: 11,660 GC heap after
Heap after GC invocations=6 (full 1):
 PSYoungGen      total 17920K, used 2560K [0x00000000ec100000, 0x00000000ee600000, 0x0000000100000000)
  eden space 15360K, 0% used [0x00000000ec100000,0x00000000ec100000,0x00000000ed000000)
  from space 2560K, 100% used [0x00000000ed000000,0x00000000ed280000,0x00000000ed280000)
  to   space 6144K, 0% used [0x00000000ee000000,0x00000000ee000000,0x00000000ee600000)
 ParOldGen       total 31744K, used 8125K [0x00000000c4200000, 0x00000000c6100000, 0x00000000ec100000)
  object space 31744K, 25% used [0x00000000c4200000,0x00000000c49ef788,0x00000000c6100000)
 Metaspace       used 21669K, capacity 22932K, committed 23040K, reserved 1069056K
  class space    used 3014K, capacity 3279K, committed 3328K, reserved 1048576K
}
Event: 20,519 GC heap before
{Heap before GC invocations=7 (full 1):
 PSYoungGen      total 17920K, used 17920K [0x00000000ec100000, 0x00000000ee600000, 0x0000000100000000)
  eden space 15360K, 100% used [0x00000000ec100000,0x00000000ed000000,0x00000000ed000000)
  from space 2560K, 100% used [0x00000000ed000000,0x00000000ed280000,0x00000000ed280000)
  to   space 6144K, 0% used [0x00000000ee000000,0x00000000ee000000,0x00000000ee600000)
 ParOldGen       total 31744K, used 8125K [0x00000000c4200000, 0x00000000c6100000, 0x00000000ec100000)
  object space 31744K, 25% used [0x00000000c4200000,0x00000000c49ef788,0x00000000c6100000)
 Metaspace       used 22166K, capacity 23490K, committed 23552K, reserved 1069056K
  class space    used 3029K, capacity 3296K, committed 3328K, reserved 1048576K
Event: 20,533 GC heap after
Heap after GC invocations=7 (full 1):
 PSYoungGen      total 29696K, used 2944K [0x00000000ec100000, 0x00000000ee500000, 0x0000000100000000)
  eden space 24576K, 0% used [0x00000000ec100000,0x00000000ec100000,0x00000000ed900000)
  from space 5120K, 57% used [0x00000000ee000000,0x00000000ee2e0000,0x00000000ee500000)
  to   space 6144K, 0% used [0x00000000ed900000,0x00000000ed900000,0x00000000edf00000)
 ParOldGen       total 31744K, used 8125K [0x00000000c4200000, 0x00000000c6100000, 0x00000000ec100000)
  object space 31744K, 25% used [0x00000000c4200000,0x00000000c49ef788,0x00000000c6100000)
 Metaspace       used 22166K, capacity 23490K, committed 23552K, reserved 1069056K
  class space    used 3029K, capacity 3296K, committed 3328K, reserved 1048576K
}

Deoptimization events (10 events):
Event: 20,478 Thread 0x00007f42c031c800 Uncommon trap: reason=class_check action=maybe_recompile pc=0x00007f42b14cba24 method=java.lang.Character.toLowerCase(I)I @ 5
Event: 20,478 Thread 0x00007f42c031c800 Uncommon trap: reason=class_check action=maybe_recompile pc=0x00007f42b14cbb2c method=java.lang.Character.toLowerCase(I)I @ 5
Event: 20,478 Thread 0x00007f42c031c800 Uncommon trap: reason=class_check action=maybe_recompile pc=0x00007f42b1555b10 method=java.lang.Character.toLowerCase(I)I @ 5
Event: 20,555 Thread 0x00007f42c031c800 Uncommon trap: reason=null_check action=make_not_entrant pc=0x00007f42b1981c64 method=javafx.scene.Node$MiscProperties.getClip()Ljavafx/scene/Node; @ 20
Event: 20,555 Thread 0x00007f42c031c800 Uncommon trap: reason=null_check action=make_not_entrant pc=0x00007f42b1a188d4 method=javafx.scene.Node$MiscProperties.getClip()Ljavafx/scene/Node; @ 20
Event: 20,555 Thread 0x00007f42c031c800 Uncommon trap: reason=null_check action=make_not_entrant pc=0x00007f42b1965564 method=javafx.scene.Node$MiscProperties.getClip()Ljavafx/scene/Node; @ 20
Event: 20,556 Thread 0x00007f42c031c800 Uncommon trap: reason=unstable_if action=reinterpret pc=0x00007f42b1aa1d68 method=com.sun.javafx.geom.transform.Translate2D.isIdentity()Z @ 15
Event: 21,742 Thread 0x00007f42c031c800 Uncommon trap: reason=unstable_if action=reinterpret pc=0x00007f42b1bb4454 method=javafx.scene.Node.updateBounds()V @ 70
Event: 24,778 Thread 0x00007f42c031c800 Uncommon trap: reason=unstable_if action=reinterpret pc=0x00007f42b19bdeb8 method=com.sun.javafx.text.TextRun.getPosX(I)F @ 75
Event: 31,022 Thread 0x00007f42c031c800 Uncommon trap: reason=unstable_if action=reinterpret pc=0x00007f42b1a54fac method=javafx.scene.Node.impl_intersectsBounds(Lcom/sun/javafx/geom/PickRay;)D @ 902

Internal exceptions (10 events):
Event: 1,365 Thread 0x00007f42c031c800 Implicit null exception at 0x00007f42b135cdbb to 0x00007f42b135d7a1
Event: 16,662 Thread 0x00007f42c031c800 Implicit null exception at 0x00007f42b1a59643 to 0x00007f42b1a63599
Event: 20,555 Thread 0x00007f42c031c800 Implicit null exception at 0x00007f42b197ff37 to 0x00007f42b1981c55
Event: 20,555 Thread 0x00007f42c031c800 Implicit null exception at 0x00007f42b1a17f3f to 0x00007f42b1a188b9
Event: 20,555 Thread 0x00007f42c031c800 Implicit null exception at 0x00007f42b1965507 to 0x00007f42b1965559
Event: 28,369 Thread 0x00007f42c031c800 Exception <a 'java/lang/NullPointerException'> (0x00000000ec9ffe70) thrown at [/HUDSON/workspace/8-2-build-linux-amd64/jdk8u66/4988/hotspot/src/share/vm/interpreter/linkResolver.cpp, line 1178]
Event: 28,555 Thread 0x00007f42c031c800 Exception <a 'java/lang/NullPointerException'> (0x00000000eca04a78) thrown at [/HUDSON/workspace/8-2-build-linux-amd64/jdk8u66/4988/hotspot/src/share/vm/interpreter/linkResolver.cpp, line 1178]
Event: 28,555 Thread 0x00007f42c031c800 Exception <a 'java/lang/NullPointerException'> (0x00000000eca06478) thrown at [/HUDSON/workspace/8-2-build-linux-amd64/jdk8u66/4988/hotspot/src/share/vm/interpreter/linkResolver.cpp, line 1178]
Event: 28,727 Thread 0x00007f42c031c800 Exception <a 'java/lang/NullPointerException'> (0x00000000eca0a9c0) thrown at [/HUDSON/workspace/8-2-build-linux-amd64/jdk8u66/4988/hotspot/src/share/vm/interpreter/linkResolver.cpp, line 1178]
Event: 28,728 Thread 0x00007f42c031c800 Exception <a 'java/lang/NullPointerException'> (0x00000000eca3e4f0) thrown at [/HUDSON/workspace/8-2-build-linux-amd64/jdk8u66/4988/hotspot/src/share/vm/interpreter/linkResolver.cpp, line 1178]

Events (10 events):
Event: 31,224 loading class java/text/StringCharacterIterator
Event: 31,224 loading class java/text/StringCharacterIterator done
Event: 31,439 loading class com/sun/glass/ui/ClipboardAssistance
Event: 31,439 loading class com/sun/glass/ui/ClipboardAssistance done
Event: 31,440 loading class com/sun/javafx/tk/quantum/GlassViewEventHandler
Event: 31,440 loading class com/sun/javafx/tk/quantum/GlassViewEventHandler done
Event: 31,442 loading class com/sun/glass/ui/ClipboardAssistance
Event: 31,442 loading class com/sun/glass/ui/ClipboardAssistance done
Event: 31,443 loading class com/sun/javafx/tk/quantum/GlassSceneDnDEventHandler
Event: 31,443 loading class com/sun/javafx/tk/quantum/GlassSceneDnDEventHandler done


Dynamic libraries:
00400000-00401000 r-xp 00000000 fd:00 160703                             /usr/lib/jvm/jdk1.8.0_66/jre/bin/java
00600000-00601000 rw-p 00000000 fd:00 160703                             /usr/lib/jvm/jdk1.8.0_66/jre/bin/java
01bf2000-01c13000 rw-p 00000000 00:00 0                                  [heap]
c4200000-c6100000 rw-p 00000000 00:00 0 
c6100000-ec100000 ---p 00000000 00:00 0 
ec100000-ee500000 rw-p 00000000 00:00 0 
ee500000-100000000 ---p 00000000 00:00 0 
100000000-100340000 rw-p 00000000 00:00 0 
100340000-140000000 ---p 00000000 00:00 0 
7f424c000000-7f424c021000 rw-p 00000000 00:00 0 
7f424c021000-7f4250000000 ---p 00000000 00:00 0 
7f4250000000-7f4250021000 rw-p 00000000 00:00 0 
7f4250021000-7f4254000000 ---p 00000000 00:00 0 
7f4254000000-7f42547d0000 rw-p 00000000 00:00 0 
7f42547d0000-7f4258000000 ---p 00000000 00:00 0 
7f4258000000-7f4258021000 rw-p 00000000 00:00 0 
7f4258021000-7f425c000000 ---p 00000000 00:00 0 
7f425c000000-7f425c021000 rw-p 00000000 00:00 0 
7f425c021000-7f4260000000 ---p 00000000 00:00 0 
7f4260cd7000-7f4260cde000 r--s 00000000 fd:00 2493270                    /usr/lib64/gconv/gconv-modules.cache
7f4260cde000-7f4260cee000 rw-s 00000000 00:05 160085                     /drm mm object (deleted)
7f4260cee000-7f4260cfe000 rw-s 00000000 00:05 160071                     /drm mm object (deleted)
7f4260cfe000-7f4260d06000 rw-s 00000000 00:05 159412                     /drm mm object (deleted)
7f4260d06000-7f4260d0e000 rw-s 00000000 00:05 159409                     /drm mm object (deleted)
7f4260d0e000-7f4260d1e000 rw-s 00000000 00:05 159408                     /drm mm object (deleted)
7f4260d1e000-7f4260d2e000 rw-s 00000000 00:05 159406                     /drm mm object (deleted)
7f4260d2e000-7f4260d36000 rw-s 00000000 00:05 159405                     /drm mm object (deleted)
7f4260d36000-7f4260d46000 rw-s 00000000 00:05 160069                     /drm mm object (deleted)
7f4260d46000-7f4260d56000 rw-s 00000000 00:05 160066                     /drm mm object (deleted)
7f4260d66000-7f4260d6e000 rw-s 00000000 00:05 159403                     /drm mm object (deleted)
7f4260d6e000-7f4260d7e000 rw-s 00000000 00:05 160064                     /drm mm object (deleted)
7f4260d7e000-7f4260d86000 rw-s 00000000 00:05 161341                     /drm mm object (deleted)
7f4260d86000-7f4260d8e000 rw-s 00000000 00:05 162056                     /drm mm object (deleted)
7f4260d8e000-7f4260f4e000 rw-s 00000000 00:05 159390                     /drm mm object (deleted)
7f4260f4e000-7f4260ffa000 r--p 00000000 fd:00 3165228                    /usr/share/fonts/dejavu/DejaVuSans-Bold.ttf
7f4260ffa000-7f42611fa000 rw-p 00000000 00:00 0 
7f42611fa000-7f42613fa000 rw-p 00000000 00:00 0 
7f42613fd000-7f42613fe000 rw-s 00000000 00:05 159410                     /drm mm object (deleted)
7f42613fe000-7f4261406000 rw-s 00000000 00:05 160068                     /drm mm object (deleted)
7f4261407000-7f426140a000 rw-p 00000000 00:00 0 
7f426140a000-7f4261412000 rw-s 00000000 00:05 160084                     /drm mm object (deleted)
7f4261412000-7f4261422000 rw-s 00000000 00:05 160082                     /drm mm object (deleted)
7f4261422000-7f42615e2000 rw-s 105830000 00:06 11805                     /dev/dri/card0
7f42615e2000-7f4261642000 rw-s 00000000 00:05 161323                     /drm mm object (deleted)
7f4261642000-7f4261650000 rw-s 00000000 00:05 161322                     /drm mm object (deleted)
7f4261650000-7f4261810000 rw-s 00000000 00:05 161315                     /drm mm object (deleted)
7f4261810000-7f4261820000 rw-s 00000000 00:05 159397                     /drm mm object (deleted)
7f4261820000-7f4261832000 r--s 00345000 fd:00 160749                     /usr/lib/jvm/jdk1.8.0_66/jre/lib/resources.jar
7f4261832000-7f4261a32000 rw-p 00000000 00:00 0 
7f4261a32000-7f4261a35000 ---p 00000000 00:00 0 
7f4261a35000-7f4261b33000 rw-p 00000000 00:00 0                          [stack:13611]
7f4261b33000-7f4261bec000 r--p 00000000 fd:00 3165231                    /usr/share/fonts/dejavu/DejaVuSans.ttf
7f4261bec000-7f4261c00000 r--p 00000000 fd:00 160843                     /usr/lib/jvm/jdk1.8.0_66/jre/lib/fonts/LucidaBrightItalic.ttf
7f4261c00000-7f4261c3a000 r--p 00000000 fd:00 160850                     /usr/lib/jvm/jdk1.8.0_66/jre/lib/fonts/LucidaTypewriterBold.ttf
7f4261c3a000-7f4261ce5000 r--p 00000000 fd:00 160844                     /usr/lib/jvm/jdk1.8.0_66/jre/lib/fonts/LucidaSansRegular.ttf
7f4261ce5000-7f4261ce9000 r-xp 00000000 fd:00 160760                     /usr/lib/jvm/jdk1.8.0_66/jre/lib/amd64/libjavafx_font_pango.so
7f4261ce9000-7f4261ee8000 ---p 00004000 fd:00 160760                     /usr/lib/jvm/jdk1.8.0_66/jre/lib/amd64/libjavafx_font_pango.so
7f4261ee8000-7f4261ee9000 rw-p 00003000 fd:00 160760                     /usr/lib/jvm/jdk1.8.0_66/jre/lib/amd64/libjavafx_font_pango.so
7f4261ee9000-7f4261eee000 r-xp 00000000 fd:00 160763                     /usr/lib/jvm/jdk1.8.0_66/jre/lib/amd64/libjavafx_font_freetype.so
7f4261eee000-7f42620ed000 ---p 00005000 fd:00 160763                     /usr/lib/jvm/jdk1.8.0_66/jre/lib/amd64/libjavafx_font_freetype.so
7f42620ed000-7f42620ee000 rw-p 00004000 fd:00 160763                     /usr/lib/jvm/jdk1.8.0_66/jre/lib/amd64/libjavafx_font_freetype.so
7f42620ee000-7f42620f1000 r-xp 00000000 fd:00 160801                     /usr/lib/jvm/jdk1.8.0_66/jre/lib/amd64/libjavafx_font.so
7f42620f1000-7f42622f0000 ---p 00003000 fd:00 160801                     /usr/lib/jvm/jdk1.8.0_66/jre/lib/amd64/libjavafx_font.so
7f42622f0000-7f42622f1000 rw-p 00002000 fd:00 160801                     /usr/lib/jvm/jdk1.8.0_66/jre/lib/amd64/libjavafx_font.so
7f42622f1000-7f42624f1000 rw-p 00000000 00:00 0 
7f42624f1000-7f4262507000 r-xp 00000000 fd:00 160800                     /usr/lib/jvm/jdk1.8.0_66/jre/lib/amd64/libnet.so
7f4262507000-7f4262707000 ---p 00016000 fd:00 160800                     /usr/lib/jvm/jdk1.8.0_66/jre/lib/amd64/libnet.so
7f4262707000-7f4262708000 rw-p 00016000 fd:00 160800                     /usr/lib/jvm/jdk1.8.0_66/jre/lib/amd64/libnet.so
7f4262708000-7f4262908000 rw-p 00000000 00:00 0 
7f4262908000-7f426290b000 ---p 00000000 00:00 0 
7f426290b000-7f4262c09000 rw-p 00000000 00:00 0                          [stack:13609]
7f4262c09000-7f4262c0c000 ---p 00000000 00:00 0 
7f4262c0c000-7f4262d0a000 rw-p 00000000 00:00 0                          [stack:13608]
7f4262d0a000-7f4262d0d000 ---p 00000000 00:00 0 
7f4262d0d000-7f4262e0b000 rw-p 00000000 00:00 0                          [stack:13607]
7f4262e0b000-7f4262e0e000 ---p 00000000 00:00 0 
7f4262e0e000-7f4262f0c000 rw-p 00000000 00:00 0                          [stack:13606]
7f4262f0c000-7f4262f83000 r-xp 00000000 fd:00 2237377                    /usr/lib64/libfreebl3.so
7f4262f83000-7f4263182000 ---p 00077000 fd:00 2237377                    /usr/lib64/libfreebl3.so
7f4263182000-7f4263184000 r--p 00076000 fd:00 2237377                    /usr/lib64/libfreebl3.so
7f4263184000-7f4263185000 rw-p 00078000 fd:00 2237377                    /usr/lib64/libfreebl3.so
7f4263185000-7f4263189000 rw-p 00000000 00:00 0 
7f4263189000-7f4263190000 r-xp 00000000 fd:00 2235341                    /usr/lib64/libcrypt-2.21.so
7f4263190000-7f426338f000 ---p 00007000 fd:00 2235341                    /usr/lib64/libcrypt-2.21.so
7f426338f000-7f4263390000 r--p 00006000 fd:00 2235341                    /usr/lib64/libcrypt-2.21.so
7f4263390000-7f4263391000 rw-p 00007000 fd:00 2235341                    /usr/lib64/libcrypt-2.21.so
7f4263391000-7f42633bf000 rw-p 00000000 00:00 0 
7f42633bf000-7f42633c5000 r-xp 00000000 fd:00 2237031                    /usr/lib64/libogg.so.0.8.2
7f42633c5000-7f42635c4000 ---p 00006000 fd:00 2237031                    /usr/lib64/libogg.so.0.8.2
7f42635c4000-7f42635c5000 r--p 00005000 fd:00 2237031                    /usr/lib64/libogg.so.0.8.2
7f42635c5000-7f42635c6000 rw-p 00006000 fd:00 2237031                    /usr/lib64/libogg.so.0.8.2
7f42635c6000-7f42635f1000 r-xp 00000000 fd:00 2237297                    /usr/lib64/libvorbis.so.0.4.7
7f42635f1000-7f42637f1000 ---p 0002b000 fd:00 2237297                    /usr/lib64/libvorbis.so.0.4.7
7f42637f1000-7f42637f2000 r--p 0002b000 fd:00 2237297                    /usr/lib64/libvorbis.so.0.4.7
7f42637f2000-7f42637f3000 rw-p 0002c000 fd:00 2237297                    /usr/lib64/libvorbis.so.0.4.7
7f42637f3000-7f42637fc000 r-xp 00000000 fd:00 2236924                    /usr/lib64/libltdl.so.7.3.0
7f42637fc000-7f42639fb000 ---p 00009000 fd:00 2236924                    /usr/lib64/libltdl.so.7.3.0
7f42639fb000-7f42639fc000 r--p 00008000 fd:00 2236924                    /usr/lib64/libltdl.so.7.3.0
7f42639fc000-7f42639fd000 rw-p 00009000 fd:00 2236924                    /usr/lib64/libltdl.so.7.3.0
7f42639fd000-7f4263a11000 r-xp 00000000 fd:00 2235942                    /usr/lib64/libtdb.so.1.3.7
7f4263a11000-7f4263c10000 ---p 00014000 fd:00 2235942                    /usr/lib64/libtdb.so.1.3.7
7f4263c10000-7f4263c11000 r--p 00013000 fd:00 2235942                    /usr/lib64/libtdb.so.1.3.7
7f4263c11000-7f4263c12000 rw-p 00014000 fd:00 2235942                    /usr/lib64/libtdb.so.1.3.7
7f4263c12000-7f4263c1a000 r-xp 00000000 fd:00 2237299                    /usr/lib64/libvorbisfile.so.3.3.6
7f4263c1a000-7f4263e19000 ---p 00008000 fd:00 2237299                    /usr/lib64/libvorbisfile.so.3.3.6
7f4263e19000-7f4263e1a000 r--p 00007000 fd:00 2237299                    /usr/lib64/libvorbisfile.so.3.3.6
7f4263e1a000-7f4263e1b000 rw-p 00008000 fd:00 2237299                    /usr/lib64/libvorbisfile.so.3.3.6
7f4263e1b000-7f4263e2c000 r-xp 00000000 fd:00 2236546                    /usr/lib64/libcanberra.so.0.2.5
7f4263e2c000-7f426402b000 ---p 00011000 fd:00 2236546                    /usr/lib64/libcanberra.so.0.2.5
7f426402b000-7f426402c000 r--p 00010000 fd:00 2236546                    /usr/lib64/libcanberra.so.0.2.5
7f426402c000-7f426402d000 rw-p 00011000 fd:00 2236546                    /usr/lib64/libcanberra.so.0.2.5
7f426402d000-7f4264031000 r-xp 00000000 fd:00 2236544                    /usr/lib64/libcanberra-gtk.so.0.1.9
7f4264031000-7f4264230000 ---p 00004000 fd:00 2236544                    /usr/lib64/libcanberra-gtk.so.0.1.9
7f4264230000-7f4264231000 r--p 00003000 fd:00 2236544                    /usr/lib64/libcanberra-gtk.so.0.1.9
7f4264231000-7f4264232000 rw-p 00004000 fd:00 2236544                    /usr/lib64/libcanberra-gtk.so.0.1.9
7f4264232000-7f4264237000 r-xp 00000000 fd:00 2494004                    /usr/lib64/gtk-2.0/modules/libcanberra-gtk-module.so
7f4264237000-7f4264437000 ---p 00005000 fd:00 2494004                    /usr/lib64/gtk-2.0/modules/libcanberra-gtk-module.so
7f4264437000-7f4264438000 r--p 00005000 fd:00 2494004                    /usr/lib64/gtk-2.0/modules/libcanberra-gtk-module.so
7f4264438000-7f4264439000 rw-p 00006000 fd:00 2494004                    /usr/lib64/gtk-2.0/modules/libcanberra-gtk-module.so
7f4264439000-7f426443a000 r-xp 00000000 fd:00 2499523                    /usr/lib64/gtk-2.0/modules/libpk-gtk-module.so
7f426443a000-7f4264639000 ---p 00001000 fd:00 2499523                    /usr/lib64/gtk-2.0/modules/libpk-gtk-module.so
7f4264639000-7f426463a000 r--p 00000000 fd:00 2499523                    /usr/lib64/gtk-2.0/modules/libpk-gtk-module.so
7f426463a000-7f426463b000 rw-p 00001000 fd:00 2499523                    /usr/lib64/gtk-2.0/modules/libpk-gtk-module.so
7f426463b000-7f426463e000 r-xp 00000000 fd:00 2493997                    /usr/lib64/gtk-2.0/2.10.0/engines/libadwaita.so
7f426463e000-7f426483d000 ---p 00003000 fd:00 2493997                    /usr/lib64/gtk-2.0/2.10.0/engines/libadwaita.so
7f426483d000-7f426483e000 r--p 00002000 fd:00 2493997                    /usr/lib64/gtk-2.0/2.10.0/engines/libadwaita.so
7f426483e000-7f426483f000 rw-p 00003000 fd:00 2493997                    /usr/lib64/gtk-2.0/2.10.0/engines/libadwaita.so
7f426483f000-7f4264849000 r-xp 00000000 fd:00 2493998                    /usr/lib64/gtk-2.0/2.10.0/engines/libpixmap.so
7f4264849000-7f4264a48000 ---p 0000a000 fd:00 2493998                    /usr/lib64/gtk-2.0/2.10.0/engines/libpixmap.so
7f4264a48000-7f4264a49000 r--p 00009000 fd:00 2493998                    /usr/lib64/gtk-2.0/2.10.0/engines/libpixmap.so
7f4264a49000-7f4264a4a000 rw-p 0000a000 fd:00 2493998                    /usr/lib64/gtk-2.0/2.10.0/engines/libpixmap.so
7f4264a4a000-7f4264a73000 r-xp 00000000 fd:00 160777                     /usr/lib/jvm/jdk1.8.0_66/jre/lib/amd64/libglass.so
7f4264a73000-7f4264c72000 ---p 00029000 fd:00 160777                     /usr/lib/jvm/jdk1.8.0_66/jre/lib/amd64/libglass.so
7f4264c72000-7f4264c75000 rw-p 00028000 fd:00 160777                     /usr/lib/jvm/jdk1.8.0_66/jre/lib/amd64/libglass.so
7f4264c75000-7f4264c7d000 r-xp 00000000 fd:00 2237064                    /usr/lib64/libpciaccess.so.0.11.1
7f4264c7d000-7f4264e7d000 ---p 00008000 fd:00 2237064                    /usr/lib64/libpciaccess.so.0.11.1
7f4264e7d000-7f4264e7e000 r--p 00008000 fd:00 2237064                    /usr/lib64/libpciaccess.so.0.11.1
7f4264e7e000-7f4264e7f000 rw-p 00009000 fd:00 2237064                    /usr/lib64/libpciaccess.so.0.11.1
7f4264e7f000-7f4264e8a000 r-xp 00000000 fd:00 2236637                    /usr/lib64/libdrm_radeon.so.1.0.1
7f4264e8a000-7f4265089000 ---p 0000b000 fd:00 2236637                    /usr/lib64/libdrm_radeon.so.1.0.1
7f4265089000-7f426508a000 r--p 0000a000 fd:00 2236637                    /usr/lib64/libdrm_radeon.so.1.0.1
7f426508a000-7f426508b000 rw-p 0000b000 fd:00 2236637                    /usr/lib64/libdrm_radeon.so.1.0.1
7f426508b000-7f4265091000 r-xp 00000000 fd:00 2236636                    /usr/lib64/libdrm_nouveau.so.2.0.0
7f4265091000-7f4265290000 ---p 00006000 fd:00 2236636                    /usr/lib64/libdrm_nouveau.so.2.0.0
7f4265290000-7f4265291000 r--p 00005000 fd:00 2236636                    /usr/lib64/libdrm_nouveau.so.2.0.0
7f4265291000-7f4265292000 rw-p 00006000 fd:00 2236636                    /usr/lib64/libdrm_nouveau.so.2.0.0
7f4265292000-7f42652b2000 r-xp 00000000 fd:00 2236635                    /usr/lib64/libdrm_intel.so.1.0.0
7f42652b2000-7f42654b2000 ---p 00020000 fd:00 2236635                    /usr/lib64/libdrm_intel.so.1.0.0
7f42654b2000-7f42654b3000 r--p 00020000 fd:00 2236635                    /usr/lib64/libdrm_intel.so.1.0.0
7f42654b3000-7f42654b4000 rw-p 00021000 fd:00 2236635                    /usr/lib64/libdrm_intel.so.1.0.0
7f42654b4000-7f4265a48000 r-xp 00000000 fd:00 2492960                    /usr/lib64/dri/i965_dri.so
7f4265a48000-7f4265c47000 ---p 00594000 fd:00 2492960                    /usr/lib64/dri/i965_dri.so
7f4265c47000-7f4265c72000 r--p 00593000 fd:00 2492960                    /usr/lib64/dri/i965_dri.so
7f4265c72000-7f4265c78000 rw-p 005be000 fd:00 2492960                    /usr/lib64/dri/i965_dri.so
7f4265c78000-7f4265c80000 rw-p 00000000 00:00 0 
7f4265c80000-7f4265ca5000 r-xp 00000000 fd:00 2236931                    /usr/lib64/liblzma.so.5.2.0
7f4265ca5000-7f4265ea4000 ---p 00025000 fd:00 2236931                    /usr/lib64/liblzma.so.5.2.0
7f4265ea4000-7f4265ea5000 r--p 00024000 fd:00 2236931                    /usr/lib64/liblzma.so.5.2.0
7f4265ea5000-7f4265ea6000 rw-p 00025000 fd:00 2236931                    /usr/lib64/liblzma.so.5.2.0
7f4265ea6000-7f4265ebb000 r-xp 00000000 fd:00 2237070                    /usr/lib64/libelf-0.163.so
7f4265ebb000-7f42660ba000 ---p 00015000 fd:00 2237070                    /usr/lib64/libelf-0.163.so
7f42660ba000-7f42660bb000 r--p 00014000 fd:00 2237070                    /usr/lib64/libelf-0.163.so
7f42660bb000-7f42660bc000 rw-p 00015000 fd:00 2237070                    /usr/lib64/libelf-0.163.so
7f42660bc000-7f42660c0000 r-xp 00000000 fd:00 2235270                    /usr/lib64/libattr.so.1.1.0
7f42660c0000-7f42662bf000 ---p 00004000 fd:00 2235270                    /usr/lib64/libattr.so.1.1.0
7f42662bf000-7f42662c0000 r--p 00003000 fd:00 2235270                    /usr/lib64/libattr.so.1.1.0
7f42662c0000-7f42662c1000 rw-p 00004000 fd:00 2235270                    /usr/lib64/libattr.so.1.1.0
7f42662c1000-7f4266307000 r-xp 00000000 fd:00 2232187                    /usr/lib64/libdw-0.163.so
7f4266307000-7f4266507000 ---p 00046000 fd:00 2232187                    /usr/lib64/libdw-0.163.so
7f4266507000-7f4266509000 r--p 00046000 fd:00 2232187                    /usr/lib64/libdw-0.163.so
7f4266509000-7f426650a000 rw-p 00048000 fd:00 2232187                    /usr/lib64/libdw-0.163.so
7f426650a000-7f426650e000 r-xp 00000000 fd:00 2236548                    /usr/lib64/libcap.so.2.24
7f426650e000-7f426670d000 ---p 00004000 fd:00 2236548                    /usr/lib64/libcap.so.2.24
7f426670d000-7f426670e000 r--p 00003000 fd:00 2236548                    /usr/lib64/libcap.so.2.24
7f426670e000-7f426670f000 rw-p 00004000 fd:00 2236548                    /usr/lib64/libcap.so.2.24
7f426670f000-7f4266711000 r-xp 00000000 fd:00 2236438                    /usr/lib64/libXau.so.6.0.0
7f4266711000-7f4266911000 ---p 00002000 fd:00 2236438                    /usr/lib64/libXau.so.6.0.0
7f4266911000-7f4266912000 r--p 00002000 fd:00 2236438                    /usr/lib64/libXau.so.6.0.0
7f4266912000-7f4266913000 rw-p 00003000 fd:00 2236438                    /usr/lib64/libXau.so.6.0.0
7f4266913000-7f4266922000 r-xp 00000000 fd:00 2237309                    /usr/lib64/libwayland-server.so.0.1.0
7f4266922000-7f4266b22000 ---p 0000f000 fd:00 2237309                    /usr/lib64/libwayland-server.so.0.1.0
7f4266b22000-7f4266b24000 r--p 0000f000 fd:00 2237309                    /usr/lib64/libwayland-server.so.0.1.0
7f4266b24000-7f4266b25000 rw-p 00011000 fd:00 2237309                    /usr/lib64/libwayland-server.so.0.1.0
7f4266b25000-7f4266b31000 r-xp 00000000 fd:00 2237306                    /usr/lib64/libwayland-client.so.0.3.0
7f4266b31000-7f4266d30000 ---p 0000c000 fd:00 2237306                    /usr/lib64/libwayland-client.so.0.3.0
7f4266d30000-7f4266d32000 r--p 0000b000 fd:00 2237306                    /usr/lib64/libwayland-client.so.0.3.0
7f4266d32000-7f4266d33000 rw-p 0000d000 fd:00 2237306                    /usr/lib64/libwayland-client.so.0.3.0
7f4266d33000-7f4266d3f000 r-xp 00000000 fd:00 2235662                    /usr/lib64/libgbm.so.1.0.0
7f4266d3f000-7f4266f3f000 ---p 0000c000 fd:00 2235662                    /usr/lib64/libgbm.so.1.0.0
7f4266f3f000-7f4266f40000 r--p 0000c000 fd:00 2235662                    /usr/lib64/libgbm.so.1.0.0
7f4266f40000-7f4266f41000 rw-p 0000d000 fd:00 2235662                    /usr/lib64/libgbm.so.1.0.0
7f4266f41000-7f4266f5d000 r-xp 00000000 fd:00 2236780                    /usr/lib64/libgraphite2.so.3.0.1
7f4266f5d000-7f426715c000 ---p 0001c000 fd:00 2236780                    /usr/lib64/libgraphite2.so.3.0.1
7f426715c000-7f426715e000 r--p 0001b000 fd:00 2236780                    /usr/lib64/libgraphite2.so.3.0.1
7f426715e000-7f426715f000 rw-p 0001d000 fd:00 2236780                    /usr/lib64/libgraphite2.so.3.0.1
7f426715f000-7f42671cd000 r-xp 00000000 fd:00 2235801                    /usr/lib64/libpcre.so.1.2.5
7f42671cd000-7f42673cd000 ---p 0006e000 fd:00 2235801                    /usr/lib64/libpcre.so.1.2.5
7f42673cd000-7f42673ce000 r--p 0006e000 fd:00 2235801                    /usr/lib64/libpcre.so.1.2.5
7f42673ce000-7f42673cf000 rw-p 0006f000 fd:00 2235801                    /usr/lib64/libpcre.so.1.2.5
7f42673cf000-7f42673db000 r-xp 00000000 fd:00 2236634                    /usr/lib64/libdrm.so.2.4.0
7f42673db000-7f42675da000 ---p 0000c000 fd:00 2236634                    /usr/lib64/libdrm.so.2.4.0
7f42675da000-7f42675db000 r--p 0000b000 fd:00 2236634                    /usr/lib64/libdrm.so.2.4.0
7f42675db000-7f42675dc000 rw-p 0000c000 fd:00 2236634                    /usr/lib64/libdrm.so.2.4.0
7f42675dc000-7f42675dd000 r-xp 00000000 fd:00 2237387                    /usr/lib64/libxshmfence.so.1.0.0
7f42675dd000-7f42677dd000 ---p 00001000 fd:00 2237387                    /usr/lib64/libxshmfence.so.1.0.0
7f42677dd000-7f42677de000 r--p 00001000 fd:00 2237387                    /usr/lib64/libxshmfence.so.1.0.0
7f42677de000-7f42677df000 rw-p 00002000 fd:00 2237387                    /usr/lib64/libxshmfence.so.1.0.0
7f42677df000-7f42677e4000 r-xp 00000000 fd:00 2232135                    /usr/lib64/libxcb-sync.so.1.0.0
7f42677e4000-7f42679e4000 ---p 00005000 fd:00 2232135                    /usr/lib64/libxcb-sync.so.1.0.0
7f42679e4000-7f42679e5000 r--p 00005000 fd:00 2232135                    /usr/lib64/libxcb-sync.so.1.0.0
7f42679e5000-7f42679e6000 rw-p 00006000 fd:00 2232135                    /usr/lib64/libxcb-sync.so.1.0.0
7f42679e6000-7f42679e9000 r-xp 00000000 fd:00 2232131                    /usr/lib64/libxcb-shape.so.0.0.0
7f42679e9000-7f4267be8000 ---p 00003000 fd:00 2232131                    /usr/lib64/libxcb-shape.so.0.0.0
7f4267be8000-7f4267be9000 r--p 00002000 fd:00 2232131                    /usr/lib64/libxcb-shape.so.0.0.0
7f4267be9000-7f4267bea000 rw-p 00003000 fd:00 2232131                    /usr/lib64/libxcb-shape.so.0.0.0
7f4267bea000-7f4267bf0000 r-xp 00000000 fd:00 2232141                    /usr/lib64/libxcb-xfixes.so.0.0.0
7f4267bf0000-7f4267df0000 ---p 00006000 fd:00 2232141                    /usr/lib64/libxcb-xfixes.so.0.0.0
7f4267df0000-7f4267df1000 r--p 00006000 fd:00 2232141                    /usr/lib64/libxcb-xfixes.so.0.0.0
7f4267df1000-7f4267df2000 rw-p 00007000 fd:00 2232141                    /usr/lib64/libxcb-xfixes.so.0.0.0
7f4267df2000-7f4267dfe000 r-xp 00000000 fd:00 2232120                    /usr/lib64/libxcb-randr.so.0.1.0
7f4267dfe000-7f4267ffe000 ---p 0000c000 fd:00 2232120                    /usr/lib64/libxcb-randr.so.0.1.0
7f4267ffe000-7f4267fff000 r--p 0000c000 fd:00 2232120                    /usr/lib64/libxcb-randr.so.0.1.0
7f4267fff000-7f4268000000 rw-p 0000d000 fd:00 2232120                    /usr/lib64/libxcb-randr.so.0.1.0
7f4268000000-7f4268021000 rw-p 00000000 00:00 0 
7f4268021000-7f426c000000 ---p 00000000 00:00 0 
7f426c000000-7f426ee2e000 rw-p 00000000 00:00 0 
7f426ee2e000-7f4270000000 ---p 00000000 00:00 0 
7f4270000000-7f427096a000 rw-p 00000000 00:00 0 
7f427096a000-7f4274000000 ---p 00000000 00:00 0 
7f4274000000-7f4274021000 rw-p 00000000 00:00 0 
7f4274021000-7f4278000000 ---p 00000000 00:00 0 
7f4278000000-7f4279550000 rw-p 00000000 00:00 0 
7f4279550000-7f427c000000 ---p 00000000 00:00 0 
7f427c000000-7f427e9ac000 rw-p 00000000 00:00 0 
7f427e9ac000-7f4280000000 ---p 00000000 00:00 0 
7f4280000000-7f4280021000 rw-p 00000000 00:00 0 
7f4280021000-7f4284000000 ---p 00000000 00:00 0 
7f4284000000-7f428400c000 rw-s 00000000 00:05 162023                     /drm mm object (deleted)
7f428400c000-7f4284061000 r--p 00000000 fd:00 160845                     /usr/lib/jvm/jdk1.8.0_66/jre/lib/fonts/LucidaBrightRegular.ttf
7f4284061000-7f4284063000 r-xp 00000000 fd:00 2232118                    /usr/lib64/libxcb-present.so.0.0.0
7f4284063000-7f4284262000 ---p 00002000 fd:00 2232118                    /usr/lib64/libxcb-present.so.0.0.0
7f4284262000-7f4284263000 r--p 00001000 fd:00 2232118                    /usr/lib64/libxcb-present.so.0.0.0
7f4284263000-7f4284264000 rw-p 00002000 fd:00 2232118                    /usr/lib64/libxcb-present.so.0.0.0
7f4284264000-7f4284266000 r-xp 00000000 fd:00 2232114                    /usr/lib64/libxcb-dri3.so.0.0.0
7f4284266000-7f4284465000 ---p 00002000 fd:00 2232114                    /usr/lib64/libxcb-dri3.so.0.0.0
7f4284465000-7f4284466000 r--p 00001000 fd:00 2232114                    /usr/lib64/libxcb-dri3.so.0.0.0
7f4284466000-7f4284467000 rw-p 00002000 fd:00 2232114                    /usr/lib64/libxcb-dri3.so.0.0.0
7f4284467000-7f428446b000 r-xp 00000000 fd:00 2232112                    /usr/lib64/libxcb-dri2.so.0.0.0
7f428446b000-7f428466a000 ---p 00004000 fd:00 2232112                    /usr/lib64/libxcb-dri2.so.0.0.0
7f428466a000-7f428466b000 r--p 00003000 fd:00 2232112                    /usr/lib64/libxcb-dri2.so.0.0.0
7f428466b000-7f428466c000 rw-p 00004000 fd:00 2232112                    /usr/lib64/libxcb-dri2.so.0.0.0
7f428466c000-7f4284683000 r-xp 00000000 fd:00 2232116                    /usr/lib64/libxcb-glx.so.0.0.0
7f4284683000-7f4284882000 ---p 00017000 fd:00 2232116                    /usr/lib64/libxcb-glx.so.0.0.0
7f4284882000-7f4284884000 r--p 00016000 fd:00 2232116                    /usr/lib64/libxcb-glx.so.0.0.0
7f4284884000-7f4284885000 rw-p 00018000 fd:00 2232116                    /usr/lib64/libxcb-glx.so.0.0.0
7f4284885000-7f4284886000 r-xp 00000000 fd:00 2236435                    /usr/lib64/libX11-xcb.so.1.0.0
7f4284886000-7f4284a85000 ---p 00001000 fd:00 2236435                    /usr/lib64/libX11-xcb.so.1.0.0
7f4284a85000-7f4284a86000 r--p 00000000 fd:00 2236435                    /usr/lib64/libX11-xcb.so.1.0.0
7f4284a86000-7f4284a87000 rw-p 00001000 fd:00 2236435                    /usr/lib64/libX11-xcb.so.1.0.0
7f4284a87000-7f4284ab0000 r-xp 00000000 fd:00 2235556                    /usr/lib64/libglapi.so.0.0.0
7f4284ab0000-7f4284caf000 ---p 00029000 fd:00 2235556                    /usr/lib64/libglapi.so.0.0.0
7f4284caf000-7f4284cb3000 r--p 00028000 fd:00 2235556                    /usr/lib64/libglapi.so.0.0.0
7f4284cb3000-7f4284cb4000 rw-p 0002c000 fd:00 2235556                    /usr/lib64/libglapi.so.0.0.0
7f4284cb4000-7f4284cb5000 rw-p 00000000 00:00 0 
7f4284cb5000-7f4284cdb000 r-xp 00000000 fd:00 2236673                    /usr/lib64/libexpat.so.1.6.0
7f4284cdb000-7f4284edb000 ---p 00026000 fd:00 2236673                    /usr/lib64/libexpat.so.1.6.0
7f4284edb000-7f4284ede000 r--p 00026000 fd:00 2236673                    /usr/lib64/libexpat.so.1.6.0
7f4284ede000-7f4284edf000 rw-p 00029000 fd:00 2236673                    /usr/lib64/libexpat.so.1.6.0
7f4284edf000-7f4284eee000 r-xp 00000000 fd:00 2236536                    /usr/lib64/libbz2.so.1.0.6
7f4284eee000-7f42850ed000 ---p 0000f000 fd:00 2236536                    /usr/lib64/libbz2.so.1.0.6
7f42850ed000-7f42850ee000 r--p 0000e000 fd:00 2236536                    /usr/lib64/libbz2.so.1.0.6
7f42850ee000-7f42850ef000 rw-p 0000f000 fd:00 2236536                    /usr/lib64/libbz2.so.1.0.6
7f42850ef000-7f4285110000 r-xp 00000000 fd:00 2232157                    /usr/lib64/libxcb.so.1.1.0
7f4285110000-7f428530f000 ---p 00021000 fd:00 2232157                    /usr/lib64/libxcb.so.1.1.0
7f428530f000-7f4285310000 r--p 00020000 fd:00 2232157                    /usr/lib64/libxcb.so.1.1.0
7f4285310000-7f4285311000 rw-p 00021000 fd:00 2232157                    /usr/lib64/libxcb.so.1.1.0
7f4285311000-7f428531a000 r-xp 00000000 fd:00 2232124                    /usr/lib64/libxcb-render.so.0.0.0
7f428531a000-7f4285519000 ---p 00009000 fd:00 2232124                    /usr/lib64/libxcb-render.so.0.0.0
7f4285519000-7f428551a000 r--p 00008000 fd:00 2232124                    /usr/lib64/libxcb-render.so.0.0.0
7f428551a000-7f428551b000 rw-p 00009000 fd:00 2232124                    /usr/lib64/libxcb-render.so.0.0.0
7f428551b000-7f428551d000 r-xp 00000000 fd:00 2232133                    /usr/lib64/libxcb-shm.so.0.0.0
7f428551d000-7f428571d000 ---p 00002000 fd:00 2232133                    /usr/lib64/libxcb-shm.so.0.0.0
7f428571d000-7f428571e000 r--p 00002000 fd:00 2232133                    /usr/lib64/libxcb-shm.so.0.0.0
7f428571e000-7f428571f000 rw-p 00003000 fd:00 2232133                    /usr/lib64/libxcb-shm.so.0.0.0
7f428571f000-7f4285745000 r-xp 00000000 fd:00 2235663                    /usr/lib64/libEGL.so.1.0.0
7f4285745000-7f4285944000 ---p 00026000 fd:00 2235663                    /usr/lib64/libEGL.so.1.0.0
7f4285944000-7f4285945000 r--p 00025000 fd:00 2235663                    /usr/lib64/libEGL.so.1.0.0
7f4285945000-7f4285946000 rw-p 00026000 fd:00 2235663                    /usr/lib64/libEGL.so.1.0.0
7f4285946000-7f428c000000 r--p 00000000 fd:00 2237682                    /usr/lib/locale/locale-archive
7f428c000000-7f428c021000 rw-p 00000000 00:00 0 
7f428c021000-7f4290000000 ---p 00000000 00:00 0 
7f4290000000-7f4290021000 rw-p 00000000 00:00 0 
7f4290021000-7f4294000000 ---p 00000000 00:00 0 
7f4294000000-7f4294021000 rw-p 00000000 00:00 0 
7f4294021000-7f4298000000 ---p 00000000 00:00 0 
7f4298000000-7f4298001000 rw-s 00000000 00:05 161308                     /drm mm object (deleted)
7f4298001000-7f4298002000 rw-s 00000000 00:05 162068                     /drm mm object (deleted)
7f4298002000-7f429800a000 rw-s 00000000 00:05 160063                     /drm mm object (deleted)
7f429800a000-7f429801d000 r--p 00000000 fd:00 160848                     /usr/lib/jvm/jdk1.8.0_66/jre/lib/fonts/LucidaBrightDemiItalic.ttf
7f429801d000-7f42980c0000 r-xp 00000000 fd:00 2235813                    /usr/lib64/libpixman-1.so.0.32.8
7f42980c0000-7f42982c0000 ---p 000a3000 fd:00 2235813                    /usr/lib64/libpixman-1.so.0.32.8
7f42982c0000-7f42982c7000 r--p 000a3000 fd:00 2235813                    /usr/lib64/libpixman-1.so.0.32.8
7f42982c7000-7f42982c8000 rw-p 000aa000 fd:00 2235813                    /usr/lib64/libpixman-1.so.0.32.8
7f42982c8000-7f42982fa000 r-xp 00000000 fd:00 2237088                    /usr/lib64/libpng16.so.16.16.0
7f42982fa000-7f42984f9000 ---p 00032000 fd:00 2237088                    /usr/lib64/libpng16.so.16.16.0
7f42984f9000-7f42984fa000 r--p 00031000 fd:00 2237088                    /usr/lib64/libpng16.so.16.16.0
7f42984fa000-7f42984fb000 rw-p 00032000 fd:00 2237088                    /usr/lib64/libpng16.so.16.16.0
7f42984fb000-7f4298556000 r-xp 00000000 fd:00 2236845                    /usr/lib64/libharfbuzz.so.0.940.0
7f4298556000-7f4298755000 ---p 0005b000 fd:00 2236845                    /usr/lib64/libharfbuzz.so.0.940.0
7f4298755000-7f4298756000 r--p 0005a000 fd:00 2236845                    /usr/lib64/libharfbuzz.so.0.940.0
7f4298756000-7f4298757000 rw-p 0005b000 fd:00 2236845                    /usr/lib64/libharfbuzz.so.0.940.0
7f4298757000-7f429876e000 r-xp 00000000 fd:00 2235834                    /usr/lib64/libresolv-2.21.so
7f429876e000-7f429896e000 ---p 00017000 fd:00 2235834                    /usr/lib64/libresolv-2.21.so
7f429896e000-7f429896f000 r--p 00017000 fd:00 2235834                    /usr/lib64/libresolv-2.21.so
7f429896f000-7f4298970000 rw-p 00018000 fd:00 2235834                    /usr/lib64/libresolv-2.21.so
7f4298970000-7f4298972000 rw-p 00000000 00:00 0 
7f4298972000-7f4298993000 r-xp 00000000 fd:00 2236224                    /usr/lib64/libselinux.so.1
7f4298993000-7f4298b92000 ---p 00021000 fd:00 2236224                    /usr/lib64/libselinux.so.1
7f4298b92000-7f4298b93000 r--p 00020000 fd:00 2236224                    /usr/lib64/libselinux.so.1
7f4298b93000-7f4298b94000 rw-p 00021000 fd:00 2236224                    /usr/lib64/libselinux.so.1
7f4298b94000-7f4298b96000 rw-p 00000000 00:00 0 
7f4298b96000-7f4298bab000 r-xp 00000000 fd:00 2237393                    /usr/lib64/libz.so.1.2.8
7f4298bab000-7f4298daa000 ---p 00015000 fd:00 2237393                    /usr/lib64/libz.so.1.2.8
7f4298daa000-7f4298dab000 r--p 00014000 fd:00 2237393                    /usr/lib64/libz.so.1.2.8
7f4298dab000-7f4298dac000 rw-p 00015000 fd:00 2237393                    /usr/lib64/libz.so.1.2.8
7f4298dac000-7f4298db3000 r-xp 00000000 fd:00 2236682                    /usr/lib64/libffi.so.6.0.2
7f4298db3000-7f4298fb2000 ---p 00007000 fd:00 2236682                    /usr/lib64/libffi.so.6.0.2
7f4298fb2000-7f4298fb3000 r--p 00006000 fd:00 2236682                    /usr/lib64/libffi.so.6.0.2
7f4298fb3000-7f4298fb4000 rw-p 00007000 fd:00 2236682                    /usr/lib64/libffi.so.6.0.2
7f4298fb4000-7f4298fc5000 r-xp 00000000 fd:00 2236444                    /usr/lib64/libXext.so.6.4.0
7f4298fc5000-7f42991c4000 ---p 00011000 fd:00 2236444                    /usr/lib64/libXext.so.6.4.0
7f42991c4000-7f42991c5000 r--p 00010000 fd:00 2236444                    /usr/lib64/libXext.so.6.4.0
7f42991c5000-7f42991c6000 rw-p 00011000 fd:00 2236444                    /usr/lib64/libXext.so.6.4.0
7f42991c6000-7f42991c8000 r-xp 00000000 fd:00 2236441                    /usr/lib64/libXdamage.so.1.1.0
7f42991c8000-7f42993c7000 ---p 00002000 fd:00 2236441                    /usr/lib64/libXdamage.so.1.1.0
7f42993c7000-7f42993c8000 r--p 00001000 fd:00 2236441                    /usr/lib64/libXdamage.so.1.1.0
7f42993c8000-7f42993c9000 rw-p 00002000 fd:00 2236441                    /usr/lib64/libXdamage.so.1.1.0
7f42993c9000-7f42993cb000 r-xp 00000000 fd:00 2236439                    /usr/lib64/libXcomposite.so.1.0.0
7f42993cb000-7f42995ca000 ---p 00002000 fd:00 2236439                    /usr/lib64/libXcomposite.so.1.0.0
7f42995ca000-7f42995cb000 r--p 00001000 fd:00 2236439                    /usr/lib64/libXcomposite.so.1.0.0
7f42995cb000-7f42995cc000 rw-p 00002000 fd:00 2236439                    /usr/lib64/libXcomposite.so.1.0.0
7f42995cc000-7f42995d6000 r-xp 00000000 fd:00 2236440                    /usr/lib64/libXcursor.so.1.0.2
7f42995d6000-7f42997d5000 ---p 0000a000 fd:00 2236440                    /usr/lib64/libXcursor.so.1.0.2
7f42997d5000-7f42997d6000 r--p 00009000 fd:00 2236440                    /usr/lib64/libXcursor.so.1.0.2
7f42997d6000-7f42997d7000 rw-p 0000a000 fd:00 2236440                    /usr/lib64/libXcursor.so.1.0.2
7f42997d7000-7f42997e0000 r-xp 00000000 fd:00 2236453                    /usr/lib64/libXrandr.so.2.2.0
7f42997e0000-7f42999df000 ---p 00009000 fd:00 2236453                    /usr/lib64/libXrandr.so.2.2.0
7f42999df000-7f42999e0000 r--p 00008000 fd:00 2236453                    /usr/lib64/libXrandr.so.2.2.0
7f42999e0000-7f42999e1000 rw-p 00009000 fd:00 2236453                    /usr/lib64/libXrandr.so.2.2.0
7f42999e1000-7f42999f0000 r-xp 00000000 fd:00 2236448                    /usr/lib64/libXi.so.6.1.0
7f42999f0000-7f4299bef000 ---p 0000f000 fd:00 2236448                    /usr/lib64/libXi.so.6.1.0
7f4299bef000-7f4299bf0000 r--p 0000e000 fd:00 2236448                    /usr/lib64/libXi.so.6.1.0
7f4299bf0000-7f4299bf1000 rw-p 0000f000 fd:00 2236448                    /usr/lib64/libXi.so.6.1.0
7f4299bf1000-7f4299bf3000 r-xp 00000000 fd:00 2236449                    /usr/lib64/libXinerama.so.1.0.0
7f4299bf3000-7f4299df2000 ---p 00002000 fd:00 2236449                    /usr/lib64/libXinerama.so.1.0.0
7f4299df2000-7f4299df3000 r--p 00001000 fd:00 2236449                    /usr/lib64/libXinerama.so.1.0.0
7f4299df3000-7f4299df4000 rw-p 00002000 fd:00 2236449                    /usr/lib64/libXinerama.so.1.0.0
7f4299df4000-7f4299dfd000 r-xp 00000000 fd:00 2236454                    /usr/lib64/libXrender.so.1.3.0
7f4299dfd000-7f4299ffc000 ---p 00009000 fd:00 2236454                    /usr/lib64/libXrender.so.1.3.0
7f4299ffc000-7f4299ffd000 r--p 00008000 fd:00 2236454                    /usr/lib64/libXrender.so.1.3.0
7f4299ffd000-7f4299ffe000 rw-p 00009000 fd:00 2236454                    /usr/lib64/libXrender.so.1.3.0
7f4299ffe000-7f429a003000 r-xp 00000000 fd:00 2236445                    /usr/lib64/libXfixes.so.3.1.0
7f429a003000-7f429a202000 ---p 00005000 fd:00 2236445                    /usr/lib64/libXfixes.so.3.1.0
7f429a202000-7f429a203000 r--p 00004000 fd:00 2236445                    /usr/lib64/libXfixes.so.3.1.0
7f429a203000-7f429a204000 rw-p 00005000 fd:00 2236445                    /usr/lib64/libXfixes.so.3.1.0
7f429a204000-7f429a21a000 r-xp 00000000 fd:00 2238760                    /usr/lib64/libgcc_s-5.1.1-20150618.so.1
7f429a21a000-7f429a419000 ---p 00016000 fd:00 2238760                    /usr/lib64/libgcc_s-5.1.1-20150618.so.1
7f429a419000-7f429a41a000 r--p 00015000 fd:00 2238760                    /usr/lib64/libgcc_s-5.1.1-20150618.so.1
7f429a41a000-7f429a41b000 rw-p 00016000 fd:00 2238760                    /usr/lib64/libgcc_s-5.1.1-20150618.so.1
7f429a41b000-7f429a58d000 r-xp 00000000 fd:00 2235932                    /usr/lib64/libstdc++.so.6.0.21
7f429a58d000-7f429a78d000 ---p 00172000 fd:00 2235932                    /usr/lib64/libstdc++.so.6.0.21
7f429a78d000-7f429a797000 r--p 00172000 fd:00 2235932                    /usr/lib64/libstdc++.so.6.0.21
7f429a797000-7f429a799000 rw-p 0017c000 fd:00 2235932                    /usr/lib64/libstdc++.so.6.0.21
7f429a799000-7f429a79d000 rw-p 00000000 00:00 0 
7f429a79d000-7f429a831000 r-xp 00000000 fd:00 2235594                    /usr/lib64/libGL.so.1.2.0
7f429a831000-7f429aa30000 ---p 00094000 fd:00 2235594                    /usr/lib64/libGL.so.1.2.0
7f429aa30000-7f429aa33000 r--p 00093000 fd:00 2235594                    /usr/lib64/libGL.so.1.2.0
7f429aa33000-7f429aa34000 rw-p 00096000 fd:00 2235594                    /usr/lib64/libGL.so.1.2.0
7f429aa34000-7f429aa35000 rw-p 00000000 00:00 0 
7f429aa35000-7f429aa3a000 r-xp 00000000 fd:00 2236462                    /usr/lib64/libXxf86vm.so.1.0.0
7f429aa3a000-7f429ac39000 ---p 00005000 fd:00 2236462                    /usr/lib64/libXxf86vm.so.1.0.0
7f429ac39000-7f429ac3a000 r--p 00004000 fd:00 2236462                    /usr/lib64/libXxf86vm.so.1.0.0
7f429ac3a000-7f429ac3b000 rw-p 00005000 fd:00 2236462                    /usr/lib64/libXxf86vm.so.1.0.0
7f429ac3b000-7f429ad76000 r-xp 00000000 fd:00 2236436                    /usr/lib64/libX11.so.6.3.0
7f429ad76000-7f429af76000 ---p 0013b000 fd:00 2236436                    /usr/lib64/libX11.so.6.3.0
7f429af76000-7f429af77000 r--p 0013b000 fd:00 2236436                    /usr/lib64/libX11.so.6.3.0
7f429af77000-7f429af7c000 rw-p 0013c000 fd:00 2236436                    /usr/lib64/libX11.so.6.3.0
7f429af7c000-7f429af81000 r-xp 00000000 fd:00 2236456                    /usr/lib64/libXtst.so.6.1.0
7f429af81000-7f429b180000 ---p 00005000 fd:00 2236456                    /usr/lib64/libXtst.so.6.1.0
7f429b180000-7f429b181000 r--p 00004000 fd:00 2236456                    /usr/lib64/libXtst.so.6.1.0
7f429b181000-7f429b182000 rw-p 00005000 fd:00 2236456                    /usr/lib64/libXtst.so.6.1.0
7f429b182000-7f429b2b9000 r-xp 00000000 fd:00 2235516                    /usr/lib64/libglib-2.0.so.0.4400.1
7f429b2b9000-7f429b4b9000 ---p 00137000 fd:00 2235516                    /usr/lib64/libglib-2.0.so.0.4400.1
7f429b4b9000-7f429b4ba000 r--p 00137000 fd:00 2235516                    /usr/lib64/libglib-2.0.so.0.4400.1
7f429b4ba000-7f429b4bb000 rw-p 00138000 fd:00 2235516                    /usr/lib64/libglib-2.0.so.0.4400.1
7f429b4bb000-7f429b4bc000 rw-p 00000000 00:00 0 
7f429b4bc000-7f429b4bd000 r-xp 00000000 fd:00 2235584                    /usr/lib64/libgthread-2.0.so.0.4400.1
7f429b4bd000-7f429b6bc000 ---p 00001000 fd:00 2235584                    /usr/lib64/libgthread-2.0.so.0.4400.1
7f429b6bc000-7f429b6bd000 r--p 00000000 fd:00 2235584                    /usr/lib64/libgthread-2.0.so.0.4400.1
7f429b6bd000-7f429b6be000 rw-p 00001000 fd:00 2235584                    /usr/lib64/libgthread-2.0.so.0.4400.1
7f429b6be000-7f429b6c1000 r-xp 00000000 fd:00 2235522                    /usr/lib64/libgmodule-2.0.so.0.4400.1
7f429b6c1000-7f429b8c0000 ---p 00003000 fd:00 2235522                    /usr/lib64/libgmodule-2.0.so.0.4400.1
7f429b8c0000-7f429b8c1000 r--p 00002000 fd:00 2235522                    /usr/lib64/libgmodule-2.0.so.0.4400.1
7f429b8c1000-7f429b8c2000 rw-p 00003000 fd:00 2235522                    /usr/lib64/libgmodule-2.0.so.0.4400.1
7f429b8c2000-7f429b912000 r-xp 00000000 fd:00 2235535                    /usr/lib64/libgobject-2.0.so.0.4400.1
7f429b912000-7f429bb12000 ---p 00050000 fd:00 2235535                    /usr/lib64/libgobject-2.0.so.0.4400.1
7f429bb12000-7f429bb13000 r--p 00050000 fd:00 2235535                    /usr/lib64/libgobject-2.0.so.0.4400.1
7f429bb13000-7f429bb14000 rw-p 00051000 fd:00 2235535                    /usr/lib64/libgobject-2.0.so.0.4400.1
7f429bb14000-7f429bb51000 r-xp 00000000 fd:00 2228951                    /usr/lib64/libfontconfig.so.1.9.0
7f429bb51000-7f429bd51000 ---p 0003d000 fd:00 2228951                    /usr/lib64/libfontconfig.so.1.9.0
7f429bd51000-7f429bd53000 r--p 0003d000 fd:00 2228951                    /usr/lib64/libfontconfig.so.1.9.0
7f429bd53000-7f429bd58000 rw-p 0003f000 fd:00 2228951                    /usr/lib64/libfontconfig.so.1.9.0
7f429bd58000-7f429bdfa000 r-xp 00000000 fd:00 2235467                    /usr/lib64/libfreetype.so.6.11.4
7f429bdfa000-7f429bff9000 ---p 000a2000 fd:00 2235467                    /usr/lib64/libfreetype.so.6.11.4
7f429bff9000-7f429bfff000 r--p 000a1000 fd:00 2235467                    /usr/lib64/libfreetype.so.6.11.4
7f429bfff000-7f429c000000 rw-p 000a7000 fd:00 2235467                    /usr/lib64/libfreetype.so.6.11.4
7f429c000000-7f429c021000 rw-p 00000000 00:00 0 
7f429c021000-7f42a0000000 ---p 00000000 00:00 0 
7f42a0000000-7f42a0021000 rw-p 00000000 00:00 0 
7f42a0021000-7f42a4000000 ---p 00000000 00:00 0 
7f42a4000000-7f42a4021000 rw-p 00000000 00:00 0 
7f42a4021000-7f42a8000000 ---p 00000000 00:00 0 
7f42a8000000-7f42a8001000 rw-s 00000000 00:05 162066                     /drm mm object (deleted)
7f42a8001000-7f42a803d000 r--p 00000000 fd:00 160849                     /usr/lib/jvm/jdk1.8.0_66/jre/lib/fonts/LucidaTypewriterRegular.ttf
7f42a803d000-7f42a8050000 r--p 00000000 fd:00 160851                     /usr/lib/jvm/jdk1.8.0_66/jre/lib/fonts/LucidaBrightDemiBold.ttf
7f42a8050000-7f42a8099000 r-xp 00000000 fd:00 2229493                    /usr/lib64/libpango-1.0.so.0.3600.8
7f42a8099000-7f42a8299000 ---p 00049000 fd:00 2229493                    /usr/lib64/libpango-1.0.so.0.3600.8
7f42a8299000-7f42a829b000 r--p 00049000 fd:00 2229493                    /usr/lib64/libpango-1.0.so.0.3600.8
7f42a829b000-7f42a829c000 rw-p 0004b000 fd:00 2229493                    /usr/lib64/libpango-1.0.so.0.3600.8
7f42a829c000-7f42a83c0000 r-xp 00000000 fd:00 2236541                    /usr/lib64/libcairo.so.2.11400.2
7f42a83c0000-7f42a85bf000 ---p 00124000 fd:00 2236541                    /usr/lib64/libcairo.so.2.11400.2
7f42a85bf000-7f42a85c2000 r--p 00123000 fd:00 2236541                    /usr/lib64/libcairo.so.2.11400.2
7f42a85c2000-7f42a85c4000 rw-p 00126000 fd:00 2236541                    /usr/lib64/libcairo.so.2.11400.2
7f42a85c4000-7f42a85c5000 rw-p 00000000 00:00 0 
7f42a85c5000-7f42a85d1000 r-xp 00000000 fd:00 2235836                    /usr/lib64/libpangocairo-1.0.so.0.3600.8
7f42a85d1000-7f42a87d0000 ---p 0000c000 fd:00 2235836                    /usr/lib64/libpangocairo-1.0.so.0.3600.8
7f42a87d0000-7f42a87d1000 r--p 0000b000 fd:00 2235836                    /usr/lib64/libpangocairo-1.0.so.0.3600.8
7f42a87d1000-7f42a87d2000 rw-p 0000c000 fd:00 2235836                    /usr/lib64/libpangocairo-1.0.so.0.3600.8
7f42a87d2000-7f42a87f6000 r-xp 00000000 fd:00 2235492                    /usr/lib64/libgdk_pixbuf-2.0.so.0.3100.6
7f42a87f6000-7f42a89f6000 ---p 00024000 fd:00 2235492                    /usr/lib64/libgdk_pixbuf-2.0.so.0.3100.6
7f42a89f6000-7f42a89f7000 r--p 00024000 fd:00 2235492                    /usr/lib64/libgdk_pixbuf-2.0.so.0.3100.6
7f42a89f7000-7f42a89f8000 rw-p 00025000 fd:00 2235492                    /usr/lib64/libgdk_pixbuf-2.0.so.0.3100.6
7f42a89f8000-7f42a8a0c000 r-xp 00000000 fd:00 2235837                    /usr/lib64/libpangoft2-1.0.so.0.3600.8
7f42a8a0c000-7f42a8c0b000 ---p 00014000 fd:00 2235837                    /usr/lib64/libpangoft2-1.0.so.0.3600.8
7f42a8c0b000-7f42a8c0c000 r--p 00013000 fd:00 2235837                    /usr/lib64/libpangoft2-1.0.so.0.3600.8
7f42a8c0c000-7f42a8c0d000 rw-p 00014000 fd:00 2235837                    /usr/lib64/libpangoft2-1.0.so.0.3600.8
7f42a8c0d000-7f42a8d83000 r-xp 00000000 fd:00 2235509                    /usr/lib64/libgio-2.0.so.0.4400.1
7f42a8d83000-7f42a8f83000 ---p 00176000 fd:00 2235509                    /usr/lib64/libgio-2.0.so.0.4400.1
7f42a8f83000-7f42a8f87000 r--p 00176000 fd:00 2235509                    /usr/lib64/libgio-2.0.so.0.4400.1
7f42a8f87000-7f42a8f89000 rw-p 0017a000 fd:00 2235509                    /usr/lib64/libgio-2.0.so.0.4400.1
7f42a8f89000-7f42a8f8b000 rw-p 00000000 00:00 0 
7f42a8f8b000-7f42a8fae000 r-xp 00000000 fd:00 2236486                    /usr/lib64/libatk-1.0.so.0.21609.1
7f42a8fae000-7f42a91ad000 ---p 00023000 fd:00 2236486                    /usr/lib64/libatk-1.0.so.0.21609.1
7f42a91ad000-7f42a91b0000 r--p 00022000 fd:00 2236486                    /usr/lib64/libatk-1.0.so.0.21609.1
7f42a91b0000-7f42a91b1000 rw-p 00025000 fd:00 2236486                    /usr/lib64/libatk-1.0.so.0.21609.1
7f42a91b1000-7f42a926e000 r-xp 00000000 fd:00 2236724                    /usr/lib64/libgdk-x11-2.0.so.0.2400.28
7f42a926e000-7f42a946d000 ---p 000bd000 fd:00 2236724                    /usr/lib64/libgdk-x11-2.0.so.0.2400.28
7f42a946d000-7f42a9471000 r--p 000bc000 fd:00 2236724                    /usr/lib64/libgdk-x11-2.0.so.0.2400.28
7f42a9471000-7f42a9473000 rw-p 000c0000 fd:00 2236724                    /usr/lib64/libgdk-x11-2.0.so.0.2400.28
7f42a9473000-7f42a98f1000 r-xp 00000000 fd:00 2236821                    /usr/lib64/libgtk-x11-2.0.so.0.2400.28
7f42a98f1000-7f42a9af1000 ---p 0047e000 fd:00 2236821                    /usr/lib64/libgtk-x11-2.0.so.0.2400.28
7f42a9af1000-7f42a9af8000 r--p 0047e000 fd:00 2236821                    /usr/lib64/libgtk-x11-2.0.so.0.2400.28
7f42a9af8000-7f42a9afc000 rw-p 00485000 fd:00 2236821                    /usr/lib64/libgtk-x11-2.0.so.0.2400.28
7f42a9afc000-7f42a9aff000 rw-p 00000000 00:00 0 
7f42a9aff000-7f42a9b0b000 r-xp 00000000 fd:00 160804                     /usr/lib/jvm/jdk1.8.0_66/jre/lib/amd64/libprism_es2.so
7f42a9b0b000-7f42a9d0a000 ---p 0000c000 fd:00 160804                     /usr/lib/jvm/jdk1.8.0_66/jre/lib/amd64/libprism_es2.so
7f42a9d0a000-7f42a9d0b000 rw-p 0000b000 fd:00 160804                     /usr/lib/jvm/jdk1.8.0_66/jre/lib/amd64/libprism_es2.so
7f42a9d0b000-7f42a9d0e000 ---p 00000000 00:00 0 
7f42a9d0e000-7f42a9e0c000 rw-p 00000000 00:00 0                          [stack:13605]
7f42a9e0c000-7f42a9e0d000 ---p 00000000 00:00 0 
7f42a9e0d000-7f42a9f0d000 rw-p 00000000 00:00 0                          [stack:13604]
7f42a9f0d000-7f42a9f10000 ---p 00000000 00:00 0 
7f42a9f10000-7f42aa00e000 rw-p 00000000 00:00 0                          [stack:13603]
7f42aa00e000-7f42aa011000 ---p 00000000 00:00 0 
7f42aa011000-7f42aa10f000 rw-p 00000000 00:00 0                          [stack:13602]
7f42aa10f000-7f42aa112000 ---p 00000000 00:00 0 
7f42aa112000-7f42ac000000 rw-p 00000000 00:00 0                          [stack:13601]
7f42ac000000-7f42ac021000 rw-p 00000000 00:00 0 
7f42ac021000-7f42b0000000 ---p 00000000 00:00 0 
7f42b0000000-7f42b0004000 rw-s 1059f0000 00:06 11805                     /dev/dri/card0
7f42b0004000-7f42b0005000 rw-s 00000000 00:05 162017                     /drm mm object (deleted)
7f42b0005000-7f42b0006000 rw-s 00000000 00:05 161316                     /drm mm object (deleted)
7f42b0006000-7f42b0007000 rw-s 00000000 00:05 161313                     /drm mm object (deleted)
7f42b0007000-7f42b0055000 r--p 00000000 fd:00 160846                     /usr/lib/jvm/jdk1.8.0_66/jre/lib/fonts/LucidaSansDemiBold.ttf
7f42b0055000-7f42b005a000 r--s 00083000 fd:00 160711                     /usr/lib/jvm/jdk1.8.0_66/jre/lib/jfr.jar
7f42b005a000-7f42b005c000 r--s 00000000 fd:00 923304                     /var/cache/fontconfig/87f5e051180a7a75f16eb6fe7dbd3749-le64.cache-7
7f42b005c000-7f42b00f1000 r--s 01108000 fd:00 160940                     /usr/lib/jvm/jdk1.8.0_66/jre/lib/ext/jfxrt.jar
7f42b00f1000-7f42b00f4000 ---p 00000000 00:00 0 
7f42b00f4000-7f42b01f2000 rw-p 00000000 00:00 0                          [stack:13600]
7f42b01f2000-7f42b01f5000 ---p 00000000 00:00 0 
7f42b01f5000-7f42b02f3000 rw-p 00000000 00:00 0                          [stack:13599]
7f42b02f3000-7f42b02f6000 ---p 00000000 00:00 0 
7f42b02f6000-7f42b03f4000 rw-p 00000000 00:00 0                          [stack:13598]
7f42b03f4000-7f42b03f7000 ---p 00000000 00:00 0 
7f42b03f7000-7f42b04f5000 rw-p 00000000 00:00 0                          [stack:13597]
7f42b04f5000-7f42b04f6000 ---p 00000000 00:00 0 
7f42b04f6000-7f42b1000000 rw-p 00000000 00:00 0                          [stack:13596]
7f42b1000000-7f42b1ca0000 rwxp 00000000 00:00 0 
7f42b1ca0000-7f42c0000000 ---p 00000000 00:00 0 
7f42c0000000-7f42c04ba000 rw-p 00000000 00:00 0 
7f42c04ba000-7f42c4000000 ---p 00000000 00:00 0 
7f42c4000000-7f42c400b000 r--s 00000000 fd:00 921923                     /var/cache/fontconfig/b79f3aaa7d385a141ab53ec885cc22a8-le64.cache-7
7f42c400b000-7f42c400d000 r--s 00000000 fd:00 923302                     /var/cache/fontconfig/2e1514a9fdd499050989183bb65136db-le64.cache-7
7f42c400d000-7f42c400f000 r--s 00000000 fd:00 923300                     /var/cache/fontconfig/3f821257dd33660ba7bbb45c32deb84c-le64.cache-7
7f42c400f000-7f42c4010000 r--s 00000000 fd:00 923299                     /var/cache/fontconfig/4e602040080c966cb821813a3e584564-le64.cache-7
7f42c4010000-7f42c4013000 r--s 00000000 fd:00 923295                     /var/cache/fontconfig/830f035fa84a65ce80e050178dbb630d-le64.cache-7
7f42c4013000-7f42c4014000 r--s 00000000 fd:00 923293                     /var/cache/fontconfig/81a173283b451552b599cfaafd6236bd-le64.cache-7
7f42c4014000-7f42c4015000 r--s 00000000 fd:00 923292                     /var/cache/fontconfig/ac68f755438cc3dc5a526084839fc7ca-le64.cache-7
7f42c4015000-7f42c4016000 r--s 00000000 fd:00 923291                     /var/cache/fontconfig/f951a6bc01c50d58ac4af16a0108457e-le64.cache-7
7f42c4016000-7f42c4017000 r--s 00000000 fd:00 923288                     /var/cache/fontconfig/8cab66d8f642305e525ba3e322d0979c-le64.cache-7
7f42c4017000-7f42c4018000 r--s 00000000 fd:00 923195                     /var/cache/fontconfig/12513961c6e7090f8648812f9eaf65d6-le64.cache-7
7f42c4018000-7f42c401b000 r--s 00000000 fd:00 923192                     /var/cache/fontconfig/e26bf336397aae6fcef4d3803472adec-le64.cache-7
7f42c401b000-7f42c401c000 r--s 00000000 fd:00 923183                     /var/cache/fontconfig/f132fa2327207a6ac3298c0518879731-le64.cache-7
7f42c401c000-7f42c401d000 r--s 00000000 fd:00 923316                     /var/cache/fontconfig/6fcb01a03a016cc71057b587cdea6709-le64.cache-7
7f42c401d000-7f42c4021000 r--s 00000000 fd:00 923175                     /var/cache/fontconfig/8aa05f52519ebacbdf5713e01a6153b0-le64.cache-7
7f42c4021000-7f42c4022000 r--s 00000000 fd:00 923165                     /var/cache/fontconfig/b887eea8f1b96e1d899b44ed6681fc27-le64.cache-7
7f42c4022000-7f42c4023000 r--s 00000000 fd:00 923146                     /var/cache/fontconfig/860639f272b8b4b3094f9e399e41bccd-le64.cache-7
7f42c4023000-7f42c4024000 r--s 00000000 fd:00 923126                     /var/cache/fontconfig/5d33f04e74a97395cf88bbd83847f1f1-le64.cache-7
7f42c4024000-7f42c4025000 r--s 00000000 fd:00 923117                     /var/cache/fontconfig/df893b4576ad6107f9397134092c4059-le64.cache-7
7f42c4025000-7f42c4026000 r--s 00000000 fd:00 923114                     /var/cache/fontconfig/1e1e03b57ed9f0c723c5aeafda46c3fb-le64.cache-7
7f42c4026000-7f42c4027000 r--s 00000000 fd:00 923112                     /var/cache/fontconfig/900402270e15d763a6e008bb2d4c7686-le64.cache-7
7f42c4027000-7f42c4028000 r--s 00000000 fd:00 923108                     /var/cache/fontconfig/47f48679023f44a4d1e44699a69464f6-le64.cache-7
7f42c4028000-7f42c4029000 r--s 00000000 fd:00 923106                     /var/cache/fontconfig/2881ed3fd21ca306ddad6f9b0dd3189f-le64.cache-7
7f42c4029000-7f42c402a000 r--s 00000000 fd:00 923101                     /var/cache/fontconfig/3c3fb04d32a5211b073874b125d29701-le64.cache-7
7f42c402a000-7f42c402b000 r--s 00000000 fd:00 923100                     /var/cache/fontconfig/e61abf8156cc476151baa07d67337cae-le64.cache-7
7f42c402b000-7f42c4030000 r--s 00000000 fd:00 923311                     /var/cache/fontconfig/b67b32625a2bb51b023d3814a918f351-le64.cache-7
7f42c4030000-7f42c4032000 r--s 00000000 fd:00 923094                     /var/cache/fontconfig/d3379abda271c4acd2ad0c01f565d0b0-le64.cache-7
7f42c4032000-7f42c4033000 r--s 00000000 fd:00 923093                     /var/cache/fontconfig/b4d0b56f766d89640448751fcd18ec1e-le64.cache-7
7f42c4033000-7f42c4035000 r--s 00000000 fd:00 923092                     /var/cache/fontconfig/7ee6df7a8311986241317a58487e0145-le64.cache-7
7f42c4035000-7f42c4037000 r--s 00000000 fd:00 922883                     /var/cache/fontconfig/99a1ce9f8b6a0434aadb01d3779b0780-le64.cache-7
7f42c4037000-7f42c404a000 r--s 00000000 fd:00 921966                     /var/cache/fontconfig/614d1caaa4d7914789410f6367de37ca-le64.cache-7
7f42c404a000-7f42c4055000 r--s 00000000 fd:00 923307                     /var/cache/fontconfig/12b26b760a24f8b4feb03ad48a333a72-le64.cache-7
7f42c4055000-7f42c405c000 r--s 00000000 fd:00 923528                     /var/cache/fontconfig/a4412f743c4d1c8e7d1a441b64ec7319-le64.cache-7
7f42c405c000-7f42c4061000 r--s 00000000 fd:00 921831                     /var/cache/fontconfig/a289f7e03715303a9a1b010d74c00c6a-le64.cache-7
7f42c4061000-7f42c4065000 r--s 00000000 fd:00 923303                     /var/cache/fontconfig/beeeeb3dfe132a8a0633a017c99ce0c0-le64.cache-7
7f42c4065000-7f42c406a000 r--s 00096000 fd:00 160750                     /usr/lib/jvm/jdk1.8.0_66/jre/lib/jsse.jar
7f42c406a000-7f42c407d000 r-xp 00000000 fd:00 2232205                    /usr/lib64/libudev.so.1.6.2
7f42c407d000-7f42c407e000 ---p 00013000 fd:00 2232205                    /usr/lib64/libudev.so.1.6.2
7f42c407e000-7f42c407f000 r--p 00013000 fd:00 2232205                    /usr/lib64/libudev.so.1.6.2
7f42c407f000-7f42c4080000 rw-p 00014000 fd:00 2232205                    /usr/lib64/libudev.so.1.6.2
7f42c4080000-7f42c4585000 rw-p 00000000 00:00 0 
7f42c4585000-7f42c475e000 r--s 03d20000 fd:00 160740                     /usr/lib/jvm/jdk1.8.0_66/jre/lib/rt.jar
7f42c475e000-7f42c51b3000 rw-p 00000000 00:00 0 
7f42c51b3000-7f42c51b4000 ---p 00000000 00:00 0 
7f42c51b4000-7f42c52b4000 rw-p 00000000 00:00 0                          [stack:13595]
7f42c52b4000-7f42c52b5000 ---p 00000000 00:00 0 
7f42c52b5000-7f42c53b5000 rw-p 00000000 00:00 0                          [stack:13594]
7f42c53b5000-7f42c53b6000 ---p 00000000 00:00 0 
7f42c53b6000-7f42c54b6000 rw-p 00000000 00:00 0                          [stack:13593]
7f42c54b6000-7f42c54b7000 ---p 00000000 00:00 0 
7f42c54b7000-7f42c55c7000 rw-p 00000000 00:00 0                          [stack:13592]
7f42c55c7000-7f42c56f7000 ---p 00000000 00:00 0 
7f42c56f7000-7f42c5707000 rw-p 00000000 00:00 0 
7f42c5707000-7f42c5836000 ---p 00000000 00:00 0 
7f42c5836000-7f42c5849000 rw-p 00000000 00:00 0 
7f42c5849000-7f42c58d6000 ---p 00000000 00:00 0 
7f42c58d6000-7f42c590a000 rw-p 00000000 00:00 0 
7f42c590a000-7f42c5c97000 ---p 00000000 00:00 0 
7f42c5c97000-7f42c5cb1000 r-xp 00000000 fd:00 160796                     /usr/lib/jvm/jdk1.8.0_66/jre/lib/amd64/libzip.so
7f42c5cb1000-7f42c5eb1000 ---p 0001a000 fd:00 160796                     /usr/lib/jvm/jdk1.8.0_66/jre/lib/amd64/libzip.so
7f42c5eb1000-7f42c5eb2000 rw-p 0001a000 fd:00 160796                     /usr/lib/jvm/jdk1.8.0_66/jre/lib/amd64/libzip.so
7f42c5eb2000-7f42c5ebe000 r-xp 00000000 fd:00 2235757                    /usr/lib64/libnss_files-2.21.so
7f42c5ebe000-7f42c60bd000 ---p 0000c000 fd:00 2235757                    /usr/lib64/libnss_files-2.21.so
7f42c60bd000-7f42c60be000 r--p 0000b000 fd:00 2235757                    /usr/lib64/libnss_files-2.21.so
7f42c60be000-7f42c60bf000 rw-p 0000c000 fd:00 2235757                    /usr/lib64/libnss_files-2.21.so
7f42c60bf000-7f42c60e9000 r-xp 00000000 fd:00 160791                     /usr/lib/jvm/jdk1.8.0_66/jre/lib/amd64/libjava.so
7f42c60e9000-7f42c62e9000 ---p 0002a000 fd:00 160791                     /usr/lib/jvm/jdk1.8.0_66/jre/lib/amd64/libjava.so
7f42c62e9000-7f42c62eb000 rw-p 0002a000 fd:00 160791                     /usr/lib/jvm/jdk1.8.0_66/jre/lib/amd64/libjava.so
7f42c62eb000-7f42c62f8000 r-xp 00000000 fd:00 160795                     /usr/lib/jvm/jdk1.8.0_66/jre/lib/amd64/libverify.so
7f42c62f8000-7f42c64f8000 ---p 0000d000 fd:00 160795                     /usr/lib/jvm/jdk1.8.0_66/jre/lib/amd64/libverify.so
7f42c64f8000-7f42c64fa000 rw-p 0000d000 fd:00 160795                     /usr/lib/jvm/jdk1.8.0_66/jre/lib/amd64/libverify.so
7f42c64fa000-7f42c6501000 r-xp 00000000 fd:00 2235865                    /usr/lib64/librt-2.21.so
7f42c6501000-7f42c6700000 ---p 00007000 fd:00 2235865                    /usr/lib64/librt-2.21.so
7f42c6700000-7f42c6701000 r--p 00006000 fd:00 2235865                    /usr/lib64/librt-2.21.so
7f42c6701000-7f42c6702000 rw-p 00007000 fd:00 2235865                    /usr/lib64/librt-2.21.so
7f42c6702000-7f42c6809000 r-xp 00000000 fd:00 2235393                    /usr/lib64/libm-2.21.so
7f42c6809000-7f42c6a08000 ---p 00107000 fd:00 2235393                    /usr/lib64/libm-2.21.so
7f42c6a08000-7f42c6a09000 r--p 00106000 fd:00 2235393                    /usr/lib64/libm-2.21.so
7f42c6a09000-7f42c6a0a000 rw-p 00107000 fd:00 2235393                    /usr/lib64/libm-2.21.so
7f42c6a0a000-7f42c76c8000 r-xp 00000000 fd:00 160818                     /usr/lib/jvm/jdk1.8.0_66/jre/lib/amd64/server/libjvm.so
7f42c76c8000-7f42c78c7000 ---p 00cbe000 fd:00 160818                     /usr/lib/jvm/jdk1.8.0_66/jre/lib/amd64/server/libjvm.so
7f42c78c7000-7f42c79a0000 rw-p 00cbd000 fd:00 160818                     /usr/lib/jvm/jdk1.8.0_66/jre/lib/amd64/server/libjvm.so
7f42c79a0000-7f42c79e4000 rw-p 00000000 00:00 0 
7f42c79e4000-7f42c7b9b000 r-xp 00000000 fd:00 2235248                    /usr/lib64/libc-2.21.so
7f42c7b9b000-7f42c7d9a000 ---p 001b7000 fd:00 2235248                    /usr/lib64/libc-2.21.so
7f42c7d9a000-7f42c7d9e000 r--p 001b6000 fd:00 2235248                    /usr/lib64/libc-2.21.so
7f42c7d9e000-7f42c7da0000 rw-p 001ba000 fd:00 2235248                    /usr/lib64/libc-2.21.so
7f42c7da0000-7f42c7da4000 rw-p 00000000 00:00 0 
7f42c7da4000-7f42c7da7000 r-xp 00000000 fd:00 2235371                    /usr/lib64/libdl-2.21.so
7f42c7da7000-7f42c7fa6000 ---p 00003000 fd:00 2235371                    /usr/lib64/libdl-2.21.so
7f42c7fa6000-7f42c7fa7000 r--p 00002000 fd:00 2235371                    /usr/lib64/libdl-2.21.so
7f42c7fa7000-7f42c7fa8000 rw-p 00003000 fd:00 2235371                    /usr/lib64/libdl-2.21.so
7f42c7fa8000-7f42c7fbd000 r-xp 00000000 fd:00 160814                     /usr/lib/jvm/jdk1.8.0_66/jre/lib/amd64/jli/libjli.so
7f42c7fbd000-7f42c81bd000 ---p 00015000 fd:00 160814                     /usr/lib/jvm/jdk1.8.0_66/jre/lib/amd64/jli/libjli.so
7f42c81bd000-7f42c81be000 rw-p 00015000 fd:00 160814                     /usr/lib/jvm/jdk1.8.0_66/jre/lib/amd64/jli/libjli.so
7f42c81be000-7f42c81d5000 r-xp 00000000 fd:00 2235761                    /usr/lib64/libpthread-2.21.so
7f42c81d5000-7f42c83d4000 ---p 00017000 fd:00 2235761                    /usr/lib64/libpthread-2.21.so
7f42c83d4000-7f42c83d5000 r--p 00016000 fd:00 2235761                    /usr/lib64/libpthread-2.21.so
7f42c83d5000-7f42c83d6000 rw-p 00017000 fd:00 2235761                    /usr/lib64/libpthread-2.21.so
7f42c83d6000-7f42c83da000 rw-p 00000000 00:00 0 
7f42c83da000-7f42c83fb000 r-xp 00000000 fd:00 2237522                    /usr/lib64/ld-2.21.so
7f42c83fb000-7f42c83fd000 r--s 00000000 fd:00 921988                     /var/cache/fontconfig/f9d379b867d7c69c85310a4f24e5228f-le64.cache-7
7f42c83fd000-7f42c83fe000 r--s 00000000 fd:00 921976                     /var/cache/fontconfig/a0c19c2c21e758d73376b5942921cc72-le64.cache-7
7f42c83fe000-7f42c8406000 r--s 000c4000 fd:02 1966861                    /home/XyzC/NetBeansProjects/ClinicManagementProject/dist/run1297064076/lib/mysql-connector-java-5.1.23-bin.jar
7f42c8406000-7f42c840e000 rw-s 00000000 00:05 162022                     /drm mm object (deleted)
7f42c840e000-7f42c8416000 rw-s 00000000 00:05 159398                     /drm mm object (deleted)
7f42c8416000-7f42c841e000 rw-s 00000000 00:05 162006                     /drm mm object (deleted)
7f42c841e000-7f42c84db000 rw-p 00000000 00:00 0 
7f42c84db000-7f42c84de000 ---p 00000000 00:00 0 
7f42c84de000-7f42c85e0000 rw-p 00000000 00:00 0                          [stack:13589]
7f42c85e0000-7f42c85e1000 r--s 00000000 fd:00 921793                     /var/cache/fontconfig/3640555adad8a8f6978400293cfce7ab-le64.cache-7
7f42c85e1000-7f42c85e3000 r--s 00000000 fd:00 921759                     /var/cache/fontconfig/b3043b29744cf0a429678d296f5e4026-le64.cache-7
7f42c85e3000-7f42c85e4000 rw-s 00000000 00:05 162003                     /drm mm object (deleted)
7f42c85e4000-7f42c85e5000 rw-s 105822000 00:06 11805                     /dev/dri/card0
7f42c85e5000-7f42c85ed000 rw-s 00000000 00:05 162002                     /drm mm object (deleted)
7f42c85ed000-7f42c85ef000 r--s 00017000 fd:02 1966855                    /home/XyzC/NetBeansProjects/ClinicManagementProject/dist/run1297064076/ClinicManagement.jar
7f42c85ef000-7f42c85f7000 rw-s 00000000 00:23 161970                     /tmp/hsperfdata_XyzC/13587
7f42c85f7000-7f42c85f8000 rw-p 00000000 00:00 0 
7f42c85f8000-7f42c85f9000 r--p 00000000 00:00 0 
7f42c85f9000-7f42c85fa000 rw-p 00000000 00:00 0 
7f42c85fa000-7f42c85fb000 r--p 00020000 fd:00 2237522                    /usr/lib64/ld-2.21.so
7f42c85fb000-7f42c85fc000 rw-p 00021000 fd:00 2237522                    /usr/lib64/ld-2.21.so
7f42c85fc000-7f42c85fd000 rw-p 00000000 00:00 0 
7ffcf5345000-7ffcf5366000 rw-p 00000000 00:00 0                          [stack]
7ffcf53c0000-7ffcf53c2000 r--p 00000000 00:00 0                          [vvar]
7ffcf53c2000-7ffcf53c4000 r-xp 00000000 00:00 0                          [vdso]
ffffffffff600000-ffffffffff601000 r-xp 00000000 00:00 0                  [vsyscall]

VM Arguments:
jvm_args: -Dfile.encoding=UTF-8 
java_command: /home/XyzC/NetBeansProjects/ClinicManagementProject/dist/run1297064076/ClinicManagement.jar
java_class_path (initial): /home/XyzC/NetBeansProjects/ClinicManagementProject/dist/run1297064076/ClinicManagement.jar
Launcher Type: SUN_STANDARD

Environment Variables:
PATH=/usr/lib64/qt-3.3/bin:/usr/local/bin:/usr/local/sbin:/usr/bin:/usr/sbin:/bin:/sbin:/home/XyzC/.local/bin:/home/XyzC/bin
USERNAME=XyzC
LD_LIBRARY_PATH=/usr/lib/jvm/jdk1.8.0_66/jre/lib/amd64:/usr/lib/jvm/jdk1.8.0_66/jre/lib/i386:
SHELL=/bin/bash
DISPLAY=:0

Signal Handlers:
SIGSEGV: [libjvm.so+0xaba2a0], sa_mask[0]=11111111011111111101111111111110, sa_flags=SA_RESTART|SA_SIGINFO
SIGBUS: [libjvm.so+0xaba2a0], sa_mask[0]=11111111011111111101111111111110, sa_flags=SA_RESTART|SA_SIGINFO
SIGFPE: [libjvm.so+0x917710], sa_mask[0]=11111111011111111101111111111110, sa_flags=SA_RESTART|SA_SIGINFO
SIGPIPE: SIG_IGN, sa_mask[0]=00000000000010000000000000000000, sa_flags=SA_RESTART
SIGXFSZ: [libjvm.so+0x917710], sa_mask[0]=11111111011111111101111111111110, sa_flags=SA_RESTART|SA_SIGINFO
SIGILL: [libjvm.so+0x917710], sa_mask[0]=11111111011111111101111111111110, sa_flags=SA_RESTART|SA_SIGINFO
SIGUSR1: SIG_DFL, sa_mask[0]=00000000000000000000000000000000, sa_flags=none
SIGUSR2: [libjvm.so+0x918d40], sa_mask[0]=00100000000000000000000000000000, sa_flags=SA_RESTART|SA_SIGINFO
SIGHUP: [libjvm.so+0x91a140], sa_mask[0]=11111111011111111101111111111110, sa_flags=SA_RESTART|SA_SIGINFO
SIGINT: SIG_IGN, sa_mask[0]=00000000000000000000000000000000, sa_flags=none
SIGTERM: [libjvm.so+0x91a140], sa_mask[0]=11111111011111111101111111111110, sa_flags=SA_RESTART|SA_SIGINFO
SIGQUIT: [libjvm.so+0x91a140], sa_mask[0]=11111111011111111101111111111110, sa_flags=SA_RESTART|SA_SIGINFO


---------------  S Y S T E M  ---------------

OS:Fedora release 22 (Twenty Two)

uname:Linux 4.2.3-200.fc22.x86_64 #1 SMP Thu Oct 8 03:23:55 UTC 2015 x86_64
libc:glibc 2.21 NPTL 2.21 
rlimit: STACK 8192k, CORE 0k, NPROC 4096, NOFILE 4096, AS infinity
load average:2,06 1,90 1,85

/proc/meminfo:
MemTotal:        3919720 kB
MemFree:          135552 kB
MemAvailable:     592816 kB
Buffers:           33492 kB
Cached:           591588 kB
SwapCached:         3520 kB
Active:          2375808 kB
Inactive:        1175324 kB
Active(anon):    2168024 kB
Inactive(anon):   945948 kB
Active(file):     207784 kB
Inactive(file):   229376 kB
Unevictable:          16 kB
Mlocked:              16 kB
SwapTotal:       3932156 kB
SwapFree:        3648508 kB
Dirty:                44 kB
Writeback:             0 kB
AnonPages:       2923140 kB
Mapped:           260052 kB
Shmem:            187912 kB
Slab:             108556 kB
SReclaimable:      49348 kB
SUnreclaim:        59208 kB
KernelStack:       10432 kB
PageTables:        55084 kB
NFS_Unstable:          0 kB
Bounce:                0 kB
WritebackTmp:          0 kB
CommitLimit:     5892016 kB
Committed_AS:    7624164 kB
VmallocTotal:   34359738367 kB
VmallocUsed:      557196 kB
VmallocChunk:   34358423548 kB
HardwareCorrupted:     0 kB
AnonHugePages:         0 kB
HugePages_Total:       0
HugePages_Free:        0
HugePages_Rsvd:        0
HugePages_Surp:        0
Hugepagesize:       2048 kB
DirectMap4k:      192252 kB
DirectMap2M:     3874816 kB


CPU:total 4 (2 cores per cpu, 2 threads per core) family 6 model 58 stepping 9, cmov, cx8, fxsr, mmx, sse, sse2, sse3, ssse3, sse4.1, sse4.2, popcnt, avx, aes, clmul, erms, ht, tsc, tscinvbit, tscinv

/proc/cpuinfo:
processor	: 0
vendor_id	: GenuineIntel
cpu family	: 6
model		: 58
model name	: Intel(R) Core(TM) i5-3230M CPU @ 2.60GHz
stepping	: 9
microcode	: 0x1b
cpu MHz		: 1709.398
cache size	: 3072 KB
physical id	: 0
siblings	: 4
core id		: 0
cpu cores	: 2
apicid		: 0
initial apicid	: 0
fpu		: yes
fpu_exception	: yes
cpuid level	: 13
wp		: yes
flags		: fpu vme de pse tsc msr pae mce cx8 apic sep mtrr pge mca cmov pat pse36 clflush dts acpi mmx fxsr sse sse2 ss ht tm pbe syscall nx rdtscp lm constant_tsc arch_perfmon pebs bts rep_good nopl xtopology nonstop_tsc aperfmperf eagerfpu pni pclmulqdq dtes64 monitor ds_cpl vmx est tm2 ssse3 cx16 xtpr pdcm pcid sse4_1 sse4_2 x2apic popcnt tsc_deadline_timer aes xsave avx f16c rdrand lahf_lm ida arat epb pln pts dtherm tpr_shadow vnmi flexpriority ept vpid fsgsbase smep erms xsaveopt
bugs		:
bogomips	: 5188.10
clflush size	: 64
cache_alignment	: 64
address sizes	: 36 bits physical, 48 bits virtual
power management:

processor	: 1
vendor_id	: GenuineIntel
cpu family	: 6
model		: 58
model name	: Intel(R) Core(TM) i5-3230M CPU @ 2.60GHz
stepping	: 9
microcode	: 0x1b
cpu MHz		: 1699.648
cache size	: 3072 KB
physical id	: 0
siblings	: 4
core id		: 0
cpu cores	: 2
apicid		: 1
initial apicid	: 1
fpu		: yes
fpu_exception	: yes
cpuid level	: 13
wp		: yes
flags		: fpu vme de pse tsc msr pae mce cx8 apic sep mtrr pge mca cmov pat pse36 clflush dts acpi mmx fxsr sse sse2 ss ht tm pbe syscall nx rdtscp lm constant_tsc arch_perfmon pebs bts rep_good nopl xtopology nonstop_tsc aperfmperf eagerfpu pni pclmulqdq dtes64 monitor ds_cpl vmx est tm2 ssse3 cx16 xtpr pdcm pcid sse4_1 sse4_2 x2apic popcnt tsc_deadline_timer aes xsave avx f16c rdrand lahf_lm ida arat epb pln pts dtherm tpr_shadow vnmi flexpriority ept vpid fsgsbase smep erms xsaveopt
bugs		:
bogomips	: 5188.10
clflush size	: 64
cache_alignment	: 64
address sizes	: 36 bits physical, 48 bits virtual
power management:

processor	: 2
vendor_id	: GenuineIntel
cpu family	: 6
model		: 58
model name	: Intel(R) Core(TM) i5-3230M CPU @ 2.60GHz
stepping	: 9
microcode	: 0x1b
cpu MHz		: 1710.617
cache size	: 3072 KB
physical id	: 0
siblings	: 4
core id		: 1
cpu cores	: 2
apicid		: 2
initial apicid	: 2
fpu		: yes
fpu_exception	: yes
cpuid level	: 13
wp		: yes
flags		: fpu vme de pse tsc msr pae mce cx8 apic sep mtrr pge mca cmov pat pse36 clflush dts acpi mmx fxsr sse sse2 ss ht tm pbe syscall nx rdtscp lm constant_tsc arch_perfmon pebs bts rep_good nopl xtopology nonstop_tsc aperfmperf eagerfpu pni pclmulqdq dtes64 monitor ds_cpl vmx est tm2 ssse3 cx16 xtpr pdcm pcid sse4_1 sse4_2 x2apic popcnt tsc_deadline_timer aes xsave avx f16c rdrand lahf_lm ida arat epb pln pts dtherm tpr_shadow vnmi flexpriority ept vpid fsgsbase smep erms xsaveopt
bugs		:
bogomips	: 5188.10
clflush size	: 64
cache_alignment	: 64
address sizes	: 36 bits physical, 48 bits virtual
power management:

processor	: 3
vendor_id	: GenuineIntel
cpu family	: 6
model		: 58
model name	: Intel(R) Core(TM) i5-3230M CPU @ 2.60GHz
stepping	: 9
microcode	: 0x1b
cpu MHz		: 1708.179
cache size	: 3072 KB
physical id	: 0
siblings	: 4
core id		: 1
cpu cores	: 2
apicid		: 3
initial apicid	: 3
fpu		: yes
fpu_exception	: yes
cpuid level	: 13
wp		: yes
flags		: fpu vme de pse tsc msr pae mce cx8 apic sep mtrr pge mca cmov pat pse36 clflush dts acpi mmx fxsr sse sse2 ss ht tm pbe syscall nx rdtscp lm constant_tsc arch_perfmon pebs bts rep_good nopl xtopology nonstop_tsc aperfmperf eagerfpu pni pclmulqdq dtes64 monitor ds_cpl vmx est tm2 ssse3 cx16 xtpr pdcm pcid sse4_1 sse4_2 x2apic popcnt tsc_deadline_timer aes xsave avx f16c rdrand lahf_lm ida arat epb pln pts dtherm tpr_shadow vnmi flexpriority ept vpid fsgsbase smep erms xsaveopt
bugs		:
bogomips	: 5188.10
clflush size	: 64
cache_alignment	: 64
address sizes	: 36 bits physical, 48 bits virtual
power management:



Memory: 4k page, physical 3919720k(135552k free), swap 3932156k(3648508k free)

vm_info: Java HotSpot(TM) 64-Bit Server VM (25.66-b17) for linux-amd64 JRE (1.8.0_66-b17), built on Oct  6 2015 17:28:34 by "java_re" with gcc 4.3.0 20080428 (Red Hat 4.3.0-8)

time: Sat Nov 28 17:51:37 2015
elapsed time: 32 seconds (0d 0h 0m 32s)

