#
# A fatal error has been detected by the Java Runtime Environment:
#
#  SIGSEGV (0xb) at pc=0x00007f48b662f0a3, pid=3555, tid=139948672091904
#
# JRE version: Java(TM) SE Runtime Environment (8.0_25-b17) (build 1.8.0_25-b17)
# Java VM: Java HotSpot(TM) 64-Bit Server VM (25.25-b02 mixed mode linux-amd64 compressed oops)
# Problematic frame:
# V  [libjvm.so+0x7c20a3]  LinkResolver::resolve_invokevirtual(CallInfo&, Handle, constantPoolHandle, int, Thread*)+0x233
#
# Failed to write core dump. Core dumps have been disabled. To enable core dumping, try "ulimit -c unlimited" before starting Java again
#
# If you would like to submit a bug report, please visit:
#   http://bugreport.sun.com/bugreport/crash.jsp
#

---------------  T H R E A D  ---------------

Current thread (0x00007f48b0377800):  JavaThread "JavaFX Application Thread" [_thread_in_vm, id=3578, stack(0x00007f4856d30000,0x00007f4856e31000)]

siginfo: si_signo: 11 (SIGSEGV), si_code: 1 (SEGV_MAPERR), si_addr: 0x0000000020000049

Registers:
RAX=0x00007f48b6d9ba50, RBX=0x00007f48b03771e0, RCX=0x000000000000001b, RDX=0x0000000020000041
RSP=0x00007f4856e2e030, RBP=0x00007f4856e2e0d0, RSI=0x00007f489ec08610, RDI=0x000000000000000c
R8 =0x00007f48b03771e0, R9 =0x000000000000000c, R10=0x000000000000000b, R11=0x000000010000d4b8
R12=0x0000000000000000, R13=0x00007f48b0377800, R14=0x00007f489ec08610, R15=0x0000000000000017
RIP=0x00007f48b662f0a3, EFLAGS=0x0000000000010202, CSGSFS=0x0000000000000033, ERR=0x0000000000000004
  TRAPNO=0x000000000000000e

Top of Stack: (sp=0x00007f4856e2e030)
0x00007f4856e2e030:   00007f48b0377800 00007f4856e2e230
0x00007f4856e2e040:   00007f4856e2e23f 00000000ec213728
0x00007f4856e2e050:   00007f48b0377110 00007f4856e2e1f0
0x00007f4856e2e060:   00007f489ec08610 00007f48b0377800
0x00007f4856e2e070:   0000000100092678 00007f48a1b91b34
0x00007f4856e2e080:   00007f48b78a7490 00007f48b78893f0
0x00007f4856e2e090:   000000010000d4b8 0000000000000000
0x00007f4856e2e0a0:   ffffffff00000000 00007f48b03771e0
0x00007f4856e2e0b0:   0000000000000000 00007f48b0377800
0x00007f4856e2e0c0:   0000000000000017 00007f4856e2e1f0
0x00007f4856e2e0d0:   00007f4856e2e180 00007f48b66309f4
0x00007f4856e2e0e0:   0000000000000000 00007f4800000001
0x00007f4856e2e0f0:   00007f4856e2e110 00007f48b6718639
0x00007f4856e2e100:   00007f4856e2e140 0000000000000000
0x00007f4856e2e110:   00007f4856e2e130 00007f48b64cb725
0x00007f4856e2e120:   00007f489ec08610 00007f48b0377800
0x00007f4856e2e130:   00007f4856e2e180 00007f48b64cb7c0
0x00007f4856e2e140:   00007f4856e2e4a8 00007f48a1020e03
0x00007f4856e2e150:   00007f48a1005310 0000000000000017
0x00007f4856e2e160:   0000000000000000 00007f48b0377800
0x00007f4856e2e170:   00007f4856e2e360 00007f4856e2e1f0
0x00007f4856e2e180:   00007f4856e2e490 00007f48b64ca5a2
0x00007f4856e2e190:   4060000000000000 408e300000000000
0x00007f4856e2e1a0:   4072a00000000000 00007f486529ecc2
0x00007f4856e2e1b0:   00007f4856e2e270 00007f48a1b82d0c
0x00007f4856e2e1c0:   000000b600000000 00007f487c02e0b0
0x00007f4856e2e1d0:   00007f487c02e0c0 00007f487c02e498
0x00007f4856e2e1e0:   00000000000003d8 00007f48b0377110
0x00007f4856e2e1f0:   0000000000000000 0000000000000000
0x00007f4856e2e200:   0000000000000000 0000000000000000
0x00007f4856e2e210:   0000000000000000 0000000000000000
0x00007f4856e2e220:   00007f48b0377800 0000000000000000 

Instructions: (pc=0x00007f48b662f0a3)
0x00007f48b662f083:   83 7d 80 00 74 26 48 8b 45 80 48 8b 10 48 8b 05
0x00007f48b662f093:   21 04 75 00 80 38 00 74 69 48 8b 05 1d df 74 00
0x00007f48b662f0a3:   8b 52 08 8b 48 08 48 d3 e2 48 03 10 48 8b 4d c0
0x00007f48b662f0b3:   4c 89 6c 24 18 c7 44 24 10 01 00 00 00 c7 44 24 

Register to memory mapping:

RAX=0x00007f48b6d9ba50: <offset 0xf2ea50> in /usr/lib/jvm/jdk1.8.0_25/jre/lib/amd64/server/libjvm.so at 0x00007f48b5e6d000
RBX=0x00007f48b03771e0 is an unknown value
RCX=0x000000000000001b is an unknown value
RDX=0x0000000020000041 is an unknown value
RSP=0x00007f4856e2e030 is pointing into the stack for thread: 0x00007f48b0377800
RBP=0x00007f4856e2e0d0 is pointing into the stack for thread: 0x00007f48b0377800
RSI=0x00007f489ec08610 is pointing into metadata
RDI=0x000000000000000c is an unknown value
R8 =0x00007f48b03771e0 is an unknown value
R9 =0x000000000000000c is an unknown value
R10=0x000000000000000b is an unknown value
R11=0x000000010000d4b8 is pointing into metadata
R12=0x0000000000000000 is an unknown value
R13=0x00007f48b0377800 is a thread
R14=0x00007f489ec08610 is pointing into metadata
R15=0x0000000000000017 is an unknown value


Stack: [0x00007f4856d30000,0x00007f4856e31000],  sp=0x00007f4856e2e030,  free space=1016k
Native frames: (J=compiled Java code, j=interpreted, Vv=VM code, C=native code)
V  [libjvm.so+0x7c20a3]  LinkResolver::resolve_invokevirtual(CallInfo&, Handle, constantPoolHandle, int, Thread*)+0x233
V  [libjvm.so+0x7c39f4]  LinkResolver::resolve_invoke(CallInfo&, Handle, constantPoolHandle, int, Bytecodes::Code, Thread*)+0x2e4
V  [libjvm.so+0x65d5a2]  InterpreterRuntime::resolve_invoke(JavaThread*, Bytecodes::Code)+0x1b2
j  com.sun.glass.ui.gtk.GtkView.notifyInputMethodDraw(Ljava/lang/String;III)V+13
v  ~StubRoutines::call_stub
V  [libjvm.so+0x664086]  JavaCalls::call_helper(JavaValue*, methodHandle*, JavaCallArguments*, Thread*)+0x1056
V  [libjvm.so+0x6aa05b]  jni_invoke_nonstatic(JNIEnv_*, JavaValue*, _jobject*, JNICallType, _jmethodID*, JNI_ArgumentPusher*, Thread*)+0x41b
V  [libjvm.so+0x6ba06f]  jni_CallVoidMethodV+0x10f
C  [libglass.so+0x145e8]  JNIEnv_::CallVoidMethod(_jobject*, _jmethodID*, ...)+0x98
C  [libglass.so+0x1a93a]  im_preedit_draw(_XIM*, char*, char*)+0x8a
C  [libX11.so.6+0x591d8]
C  0x0000000000000001

Java frames: (J=compiled Java code, j=interpreted, Vv=VM code)
j  com.sun.glass.ui.gtk.GtkView.notifyInputMethodDraw(Ljava/lang/String;III)V+13
v  ~StubRoutines::call_stub
j  com.sun.glass.ui.gtk.GtkApplication._runLoop(Ljava/lang/Runnable;Z)V+0
j  com.sun.glass.ui.gtk.GtkApplication.lambda$null$45(Ljava/lang/Runnable;Z)V+7
j  com.sun.glass.ui.gtk.GtkApplication$$Lambda$42.run()V+12
j  java.lang.Thread.run()V+11
v  ~StubRoutines::call_stub

---------------  P R O C E S S  ---------------

Java Threads: ( => current thread )
  0x00007f4840419800 JavaThread "Prism Font Disposer" daemon [_thread_blocked, id=3583, stack(0x00007f48559ee000,0x00007f4855aef000)]
  0x00007f48401e9000 JavaThread "Abandoned connection cleanup thread" daemon [_thread_blocked, id=3580, stack(0x00007f485692e000,0x00007f4856a2f000)]
  0x00007f48b037b000 JavaThread "JavaFX-Launcher" [_thread_blocked, id=3579, stack(0x00007f4856c2f000,0x00007f4856d30000)]
=>0x00007f48b0377800 JavaThread "JavaFX Application Thread" [_thread_in_vm, id=3578, stack(0x00007f4856d30000,0x00007f4856e31000)]
  0x00007f48b0358000 JavaThread "Thread-1" daemon [_thread_blocked, id=3577, stack(0x00007f4856e31000,0x00007f4856f32000)]
  0x00007f48b02c8800 JavaThread "QuantumRenderer-0" daemon [_thread_blocked, id=3574, stack(0x00007f489c276000,0x00007f489c377000)]
  0x00007f48b0196000 JavaThread "Service Thread" daemon [_thread_blocked, id=3571, stack(0x00007f489c504000,0x00007f489c605000)]
  0x00007f48b0176000 JavaThread "C1 CompilerThread2" daemon [_thread_blocked, id=3570, stack(0x00007f489c605000,0x00007f489c706000)]
  0x00007f48b0174800 JavaThread "C2 CompilerThread1" daemon [_thread_blocked, id=3569, stack(0x00007f489c706000,0x00007f489c807000)]
  0x00007f48b0171800 JavaThread "C2 CompilerThread0" daemon [_thread_blocked, id=3568, stack(0x00007f489c807000,0x00007f489c908000)]
  0x00007f48b016f800 JavaThread "Signal Dispatcher" daemon [_thread_blocked, id=3567, stack(0x00007f489c908000,0x00007f489ca09000)]
  0x00007f48b0143800 JavaThread "Finalizer" daemon [_thread_blocked, id=3566, stack(0x00007f489d348000,0x00007f489d449000)]
  0x00007f48b0141800 JavaThread "Reference Handler" daemon [_thread_blocked, id=3565, stack(0x00007f489d449000,0x00007f489d54a000)]
  0x00007f48b000a000 JavaThread "main" [_thread_blocked, id=3557, stack(0x00007f48b78f1000,0x00007f48b79f2000)]

Other Threads:
  0x00007f48b013a000 VMThread [stack: 0x00007f489d54a000,0x00007f489d64b000] [id=3564]
  0x00007f48b0198800 WatcherThread [stack: 0x00007f489c403000,0x00007f489c504000] [id=3572]

VM state:not at safepoint (normal execution)

VM Mutex/Monitor currently owned by a thread: None

Heap:
 PSYoungGen      total 28672K, used 18451K [0x00000000ec100000, 0x00000000eea00000, 0x0000000100000000)
  eden space 26624K, 65% used [0x00000000ec100000,0x00000000ed204e48,0x00000000edb00000)
  from space 2048K, 50% used [0x00000000ee800000,0x00000000ee900040,0x00000000eea00000)
  to   space 7680K, 0% used [0x00000000edb00000,0x00000000edb00000,0x00000000ee280000)
 ParOldGen       total 29184K, used 13847K [0x00000000c4200000, 0x00000000c5e80000, 0x00000000ec100000)
  object space 29184K, 47% used [0x00000000c4200000,0x00000000c4f85c98,0x00000000c5e80000)
 Metaspace       used 23520K, capacity 24840K, committed 25088K, reserved 1071104K
  class space    used 3086K, capacity 3321K, committed 3328K, reserved 1048576K

Card table byte_map: [0x00007f48b452d000,0x00007f48b470d000] byte_map_base: 0x00007f48b3f0c000

Marking Bits: (ParMarkBitMap*) 0x00007f48b6dc72c0
 Begin Bits: [0x00007f489f10f000, 0x00007f48a0007000)
 End Bits:   [0x00007f48a0007000, 0x00007f48a0eff000)

Polling page: 0x00007f48b7a0e000

CodeCache: size=245760Kb used=17604Kb max_used=17618Kb free=228155Kb
 bounds [0x00007f48a1000000, 0x00007f48a2160000, 0x00007f48b0000000]
 total_blobs=5871 nmethods=5164 adapters=619
 compilation: enabled

Compilation events (10 events):
Event: 1035,830 Thread 0x00007f48b0176000 6238       3       javafx.scene.control.SelectionModel::setSelectedItem (9 bytes)
Event: 1035,830 Thread 0x00007f48b0176000 nmethod 6238 0x00007f48a12073d0 code [0x00007f48a1207540, 0x00007f48a1207768]
Event: 1035,833 Thread 0x00007f48b0176000 6239   !   3       javafx.scene.control.cell.PropertyValueFactory::getCellDataReflectively (202 bytes)
Event: 1035,834 Thread 0x00007f48b0171800 6240       4       javafx.beans.property.StringPropertyBase::fireValueChangedEvent (8 bytes)
Event: 1035,835 Thread 0x00007f48b0171800 nmethod 6240 0x00007f48a179f8d0 code [0x00007f48a179fa20, 0x00007f48a179fab8]
Event: 1035,839 Thread 0x00007f48b0176000 nmethod 6239 0x00007f48a214fbd0 code [0x00007f48a214ff80, 0x00007f48a2152458]
Event: 1035,848 Thread 0x00007f48b0174800 6241       4       javafx.beans.property.BooleanPropertyBase::fireValueChangedEvent (8 bytes)
Event: 1035,848 Thread 0x00007f48b0174800 nmethod 6241 0x00007f48a1bc88d0 code [0x00007f48a1bc8a20, 0x00007f48a1bc8ab8]
Event: 1035,848 Thread 0x00007f48b0171800 6242       4       com.sun.javafx.sg.prism.NGShape::geometryChanged (45 bytes)
Event: 1035,853 Thread 0x00007f48b0171800 nmethod 6242 0x00007f48a2141890 code [0x00007f48a2141a20, 0x00007f48a2141cf8]

GC Heap History (10 events):
Event: 976,727 GC heap before
{Heap before GC invocations=9 (full 1):
 PSYoungGen      total 34816K, used 34816K [0x00000000ec100000, 0x00000000efb80000, 0x0000000100000000)
  eden space 29184K, 100% used [0x00000000ec100000,0x00000000edd80000,0x00000000edd80000)
  from space 5632K, 100% used [0x00000000edd80000,0x00000000ee300000,0x00000000ee300000)
  to   space 6656K, 0% used [0x00000000ef500000,0x00000000ef500000,0x00000000efb80000)
 ParOldGen       total 29184K, used 8127K [0x00000000c4200000, 0x00000000c5e80000, 0x00000000ec100000)
  object space 29184K, 27% used [0x00000000c4200000,0x00000000c49efd38,0x00000000c5e80000)
 Metaspace       used 23008K, capacity 24336K, committed 24576K, reserved 1071104K
  class space    used 3074K, capacity 3301K, committed 3328K, reserved 1048576K
Event: 976,739 GC heap after
Heap after GC invocations=9 (full 1):
 PSYoungGen      total 34816K, used 5760K [0x00000000ec100000, 0x00000000efb00000, 0x0000000100000000)
  eden space 28672K, 0% used [0x00000000ec100000,0x00000000ec100000,0x00000000edd00000)
  from space 6144K, 93% used [0x00000000ef500000,0x00000000efaa0000,0x00000000efb00000)
  to   space 7168K, 0% used [0x00000000eed00000,0x00000000eed00000,0x00000000ef400000)
 ParOldGen       total 29184K, used 8135K [0x00000000c4200000, 0x00000000c5e80000, 0x00000000ec100000)
  object space 29184K, 27% used [0x00000000c4200000,0x00000000c49f1d38,0x00000000c5e80000)
 Metaspace       used 23008K, capacity 24336K, committed 24576K, reserved 1071104K
  class space    used 3074K, capacity 3301K, committed 3328K, reserved 1048576K
}
Event: 989,040 GC heap before
{Heap before GC invocations=10 (full 1):
 PSYoungGen      total 34816K, used 34432K [0x00000000ec100000, 0x00000000efb00000, 0x0000000100000000)
  eden space 28672K, 100% used [0x00000000ec100000,0x00000000edd00000,0x00000000edd00000)
  from space 6144K, 93% used [0x00000000ef500000,0x00000000efaa0000,0x00000000efb00000)
  to   space 7168K, 0% used [0x00000000eed00000,0x00000000eed00000,0x00000000ef400000)
 ParOldGen       total 29184K, used 8135K [0x00000000c4200000, 0x00000000c5e80000, 0x00000000ec100000)
  object space 29184K, 27% used [0x00000000c4200000,0x00000000c49f1d38,0x00000000c5e80000)
 Metaspace       used 23130K, capacity 24464K, committed 24576K, reserved 1071104K
  class space    used 3074K, capacity 3301K, committed 3328K, reserved 1048576K
Event: 989,053 GC heap after
Heap after GC invocations=10 (full 1):
 PSYoungGen      total 30208K, used 1600K [0x00000000ec100000, 0x00000000ef580000, 0x0000000100000000)
  eden space 28160K, 0% used [0x00000000ec100000,0x00000000ec100000,0x00000000edc80000)
  from space 2048K, 78% used [0x00000000eed00000,0x00000000eee90000,0x00000000eef00000)
  to   space 6656K, 0% used [0x00000000eef00000,0x00000000eef00000,0x00000000ef580000)
 ParOldGen       total 29184K, used 12371K [0x00000000c4200000, 0x00000000c5e80000, 0x00000000ec100000)
  object space 29184K, 42% used [0x00000000c4200000,0x00000000c4e14c88,0x00000000c5e80000)
 Metaspace       used 23130K, capacity 24464K, committed 24576K, reserved 1071104K
  class space    used 3074K, capacity 3301K, committed 3328K, reserved 1048576K
}
Event: 1004,842 GC heap before
{Heap before GC invocations=11 (full 1):
 PSYoungGen      total 30208K, used 29760K [0x00000000ec100000, 0x00000000ef580000, 0x0000000100000000)
  eden space 28160K, 100% used [0x00000000ec100000,0x00000000edc80000,0x00000000edc80000)
  from space 2048K, 78% used [0x00000000eed00000,0x00000000eee90000,0x00000000eef00000)
  to   space 6656K, 0% used [0x00000000eef00000,0x00000000eef00000,0x00000000ef580000)
 ParOldGen       total 29184K, used 12371K [0x00000000c4200000, 0x00000000c5e80000, 0x00000000ec100000)
  object space 29184K, 42% used [0x00000000c4200000,0x00000000c4e14c88,0x00000000c5e80000)
 Metaspace       used 23165K, capacity 24464K, committed 24576K, reserved 1071104K
  class space    used 3075K, capacity 3301K, committed 3328K, reserved 1048576K
Event: 1004,850 GC heap after
Heap after GC invocations=11 (full 1):
 PSYoungGen      total 28160K, used 224K [0x00000000ec100000, 0x00000000eef80000, 0x0000000100000000)
  eden space 27648K, 0% used [0x00000000ec100000,0x00000000ec100000,0x00000000edc00000)
  from space 512K, 43% used [0x00000000eef00000,0x00000000eef38000,0x00000000eef80000)
  to   space 7680K, 0% used [0x00000000ee080000,0x00000000ee080000,0x00000000ee800000)
 ParOldGen       total 29184K, used 13791K [0x00000000c4200000, 0x00000000c5e80000, 0x00000000ec100000)
  object space 29184K, 47% used [0x00000000c4200000,0x00000000c4f77c98,0x00000000c5e80000)
 Metaspace       used 23165K, capacity 24464K, committed 24576K, reserved 1071104K
  class space    used 3075K, capacity 3301K, committed 3328K, reserved 1048576K
}
Event: 1021,082 GC heap before
{Heap before GC invocations=12 (full 1):
 PSYoungGen      total 28160K, used 27872K [0x00000000ec100000, 0x00000000eef80000, 0x0000000100000000)
  eden space 27648K, 100% used [0x00000000ec100000,0x00000000edc00000,0x00000000edc00000)
  from space 512K, 43% used [0x00000000eef00000,0x00000000eef38000,0x00000000eef80000)
  to   space 7680K, 0% used [0x00000000ee080000,0x00000000ee080000,0x00000000ee800000)
 ParOldGen       total 29184K, used 13791K [0x00000000c4200000, 0x00000000c5e80000, 0x00000000ec100000)
  object space 29184K, 47% used [0x00000000c4200000,0x00000000c4f77c98,0x00000000c5e80000)
 Metaspace       used 23210K, capacity 24528K, committed 24576K, reserved 1071104K
  class space    used 3075K, capacity 3301K, committed 3328K, reserved 1048576K
Event: 1021,085 GC heap after
Heap after GC invocations=12 (full 1):
 PSYoungGen      total 34816K, used 160K [0x00000000ec100000, 0x00000000eef80000, 0x0000000100000000)
  eden space 27136K, 0% used [0x00000000ec100000,0x00000000ec100000,0x00000000edb80000)
  from space 7680K, 2% used [0x00000000ee080000,0x00000000ee0a8000,0x00000000ee800000)
  to   space 7680K, 0% used [0x00000000ee800000,0x00000000ee800000,0x00000000eef80000)
 ParOldGen       total 29184K, used 13839K [0x00000000c4200000, 0x00000000c5e80000, 0x00000000ec100000)
  object space 29184K, 47% used [0x00000000c4200000,0x00000000c4f83c98,0x00000000c5e80000)
 Metaspace       used 23210K, capacity 24528K, committed 24576K, reserved 1071104K
  class space    used 3075K, capacity 3301K, committed 3328K, reserved 1048576K
}
Event: 1032,300 GC heap before
{Heap before GC invocations=13 (full 1):
 PSYoungGen      total 34816K, used 27296K [0x00000000ec100000, 0x00000000eef80000, 0x0000000100000000)
  eden space 27136K, 100% used [0x00000000ec100000,0x00000000edb80000,0x00000000edb80000)
  from space 7680K, 2% used [0x00000000ee080000,0x00000000ee0a8000,0x00000000ee800000)
  to   space 7680K, 0% used [0x00000000ee800000,0x00000000ee800000,0x00000000eef80000)
 ParOldGen       total 29184K, used 13839K [0x00000000c4200000, 0x00000000c5e80000, 0x00000000ec100000)
  object space 29184K, 47% used [0x00000000c4200000,0x00000000c4f83c98,0x00000000c5e80000)
 Metaspace       used 23442K, capacity 24840K, committed 25088K, reserved 1071104K
  class space    used 3086K, capacity 3321K, committed 3328K, reserved 1048576K
Event: 1032,304 GC heap after
Heap after GC invocations=13 (full 1):
 PSYoungGen      total 28672K, used 1024K [0x00000000ec100000, 0x00000000eea00000, 0x0000000100000000)
  eden space 26624K, 0% used [0x00000000ec100000,0x00000000ec100000,0x00000000edb00000)
  from space 2048K, 50% used [0x00000000ee800000,0x00000000ee900040,0x00000000eea00000)
  to   space 7680K, 0% used [0x00000000edb00000,0x00000000edb00000,0x00000000ee280000)
 ParOldGen       total 29184K, used 13847K [0x00000000c4200000, 0x00000000c5e80000, 0x00000000ec100000)
  object space 29184K, 47% used [0x00000000c4200000,0x00000000c4f85c98,0x00000000c5e80000)
 Metaspace       used 23442K, capacity 24840K, committed 25088K, reserved 1071104K
  class space    used 3086K, capacity 3321K, committed 3328K, reserved 1048576K
}

Deoptimization events (10 events):
Event: 1032,335 Thread 0x00007f48b0377800 Uncommon trap: reason=bimorphic action=maybe_recompile pc=0x00007f48a1e01da8 method=java.util.AbstractList.equals(Ljava/lang/Object;)Z @ 17
Event: 1032,339 Thread 0x00007f48b0377800 Uncommon trap: reason=bimorphic action=maybe_recompile pc=0x00007f48a1e01da8 method=java.util.AbstractList.equals(Ljava/lang/Object;)Z @ 17
Event: 1032,350 Thread 0x00007f48b0377800 Uncommon trap: reason=bimorphic action=maybe_recompile pc=0x00007f48a1e01da8 method=java.util.AbstractList.equals(Ljava/lang/Object;)Z @ 17
Event: 1032,370 Thread 0x00007f48b0377800 Uncommon trap: reason=bimorphic action=maybe_recompile pc=0x00007f48a1cc00dc method=javafx.collections.ListChangeListener$Change.wasPermutated()Z @ 1
Event: 1032,392 Thread 0x00007f48b0377800 Uncommon trap: reason=class_check action=maybe_recompile pc=0x00007f48a1ef2528 method=com.sun.javafx.binding.ExpressionHelper$SingleChange.fireValueChangedEvent()V @ 71
Event: 1032,392 Thread 0x00007f48b0377800 Uncommon trap: reason=class_check action=maybe_recompile pc=0x00007f48a1ef2528 method=com.sun.javafx.binding.ExpressionHelper$SingleChange.fireValueChangedEvent()V @ 71
Event: 1032,414 Thread 0x00007f48b0377800 Uncommon trap: reason=unreached action=reinterpret pc=0x00007f48a11c7f68 method=javafx.scene.control.cell.PropertyValueFactory.getCellDataReflectively(Ljava/lang/Object;)Ljavafx/beans/value/ObservableValue; @ 27
Event: 1032,417 Thread 0x00007f48b0377800 Uncommon trap: reason=unreached action=reinterpret pc=0x00007f48a1846ae8 method=com.sun.javafx.scene.control.skin.CellSkinBase.cellSizePropertyImpl()Ljavafx/beans/property/DoubleProperty; @ 4
Event: 1032,461 Thread 0x00007f48b0377800 Uncommon trap: reason=class_check action=maybe_recompile pc=0x00007f48a211baa0 method=javafx.scene.Parent$1.onChanged(Ljavafx/collections/ListChangeListener$Change;)V @ 223
Event: 1032,464 Thread 0x00007f48b0377800 Uncommon trap: reason=class_check action=maybe_recompile pc=0x00007f48a211baa0 method=javafx.scene.Parent$1.onChanged(Ljavafx/collections/ListChangeListener$Change;)V @ 223

Internal exceptions (10 events):
Event: 1032,308 Thread 0x00007f48b0377800 Exception <a 'java/security/PrivilegedActionException'> (0x00000000ec18ab10) thrown at [/HUDSON/workspace/8-2-build-linux-amd64/jdk8u25/1514/hotspot/src/share/vm/prims/jvm.cpp, line 1312]
Event: 1032,308 Thread 0x00007f48b0377800 Exception <a 'java/security/PrivilegedActionException'> (0x00000000ec1a6378) thrown at [/HUDSON/workspace/8-2-build-linux-amd64/jdk8u25/1514/hotspot/src/share/vm/prims/jvm.cpp, line 1312]
Event: 1032,308 Thread 0x00007f48b0377800 Exception <a 'java/security/PrivilegedActionException'> (0x00000000ec1a70a8) thrown at [/HUDSON/workspace/8-2-build-linux-amd64/jdk8u25/1514/hotspot/src/share/vm/prims/jvm.cpp, line 1312]
Event: 1032,308 Thread 0x00007f48b0377800 Exception <a 'java/security/PrivilegedActionException'> (0x00000000ec1a7cf0) thrown at [/HUDSON/workspace/8-2-build-linux-amd64/jdk8u25/1514/hotspot/src/share/vm/prims/jvm.cpp, line 1312]
Event: 1032,308 Thread 0x00007f48b0377800 Exception <a 'java/security/PrivilegedActionException'> (0x00000000ec1a89b0) thrown at [/HUDSON/workspace/8-2-build-linux-amd64/jdk8u25/1514/hotspot/src/share/vm/prims/jvm.cpp, line 1312]
Event: 1032,308 Thread 0x00007f48b0377800 Exception <a 'java/security/PrivilegedActionException'> (0x00000000ec1a95f8) thrown at [/HUDSON/workspace/8-2-build-linux-amd64/jdk8u25/1514/hotspot/src/share/vm/prims/jvm.cpp, line 1312]
Event: 1032,308 Thread 0x00007f48b0377800 Exception <a 'java/security/PrivilegedActionException'> (0x00000000ec1aa2b8) thrown at [/HUDSON/workspace/8-2-build-linux-amd64/jdk8u25/1514/hotspot/src/share/vm/prims/jvm.cpp, line 1312]
Event: 1032,309 Thread 0x00007f48b0377800 Exception <a 'java/security/PrivilegedActionException'> (0x00000000ec1c5ee0) thrown at [/HUDSON/workspace/8-2-build-linux-amd64/jdk8u25/1514/hotspot/src/share/vm/prims/jvm.cpp, line 1312]
Event: 1032,309 Thread 0x00007f48b0377800 Exception <a 'java/security/PrivilegedActionException'> (0x00000000ec1c6bc8) thrown at [/HUDSON/workspace/8-2-build-linux-amd64/jdk8u25/1514/hotspot/src/share/vm/prims/jvm.cpp, line 1312]
Event: 1032,417 Thread 0x00007f48b0377800 Implicit null exception at 0x00007f48a18469e7 to 0x00007f48a1846ad9

Events (10 events):
Event: 1034,966 Thread 0x00007f48b0174800 flushing nmethod 0x00007f48a12cf710
Event: 1034,971 Thread 0x00007f48b0176000 flushing nmethod 0x00007f48a1377410
Event: 1034,971 Thread 0x00007f48b0176000 flushing nmethod 0x00007f48a13a7b90
Event: 1034,971 Thread 0x00007f48b0176000 flushing nmethod 0x00007f48a13fc810
Event: 1035,835 Thread 0x00007f48b0171800 flushing nmethod 0x00007f48a150de90
Event: 1035,835 Thread 0x00007f48b0171800 flushing nmethod 0x00007f48a151d190
Event: 1035,835 Thread 0x00007f48b0171800 flushing nmethod 0x00007f48a1542210
Event: 1035,839 Thread 0x00007f48b0176000 flushing nmethod 0x00007f48a15ae850
Event: 1035,840 Thread 0x00007f48b0176000 flushing nmethod 0x00007f48a16034d0
Event: 1035,840 Thread 0x00007f48b0176000 flushing nmethod 0x00007f48a160b650


Dynamic libraries:
00400000-00401000 r-xp 00000000 08:07 267404                             /usr/lib/jvm/jdk1.8.0_25/jre/bin/java
00600000-00601000 rw-p 00000000 08:07 267404                             /usr/lib/jvm/jdk1.8.0_25/jre/bin/java
01bd4000-01bf5000 rw-p 00000000 00:00 0                                  [heap]
c4200000-c5e80000 rw-p 00000000 00:00 0 
c5e80000-ec100000 ---p 00000000 00:00 0 
ec100000-eea00000 rw-p 00000000 00:00 0 
eea00000-100000000 ---p 00000000 00:00 0 
100000000-100340000 rw-p 00000000 00:00 0 
100340000-140000000 ---p 00000000 00:00 0 
7f4838000000-7f4838021000 rw-p 00000000 00:00 0 
7f4838021000-7f483c000000 ---p 00000000 00:00 0 
7f483c000000-7f483c021000 rw-p 00000000 00:00 0 
7f483c021000-7f4840000000 ---p 00000000 00:00 0 
7f4840000000-7f48408ab000 rw-p 00000000 00:00 0 
7f48408ab000-7f4844000000 ---p 00000000 00:00 0 
7f4844000000-7f4844021000 rw-p 00000000 00:00 0 
7f4844021000-7f4848000000 ---p 00000000 00:00 0 
7f4848000000-7f4848021000 rw-p 00000000 00:00 0 
7f4848021000-7f484c000000 ---p 00000000 00:00 0 
7f484c000000-7f484c022000 rw-p 00000000 00:00 0 
7f484c022000-7f4850000000 ---p 00000000 00:00 0 
7f4850000000-7f4850021000 rw-p 00000000 00:00 0 
7f4850021000-7f4854000000 ---p 00000000 00:00 0 
7f4854ddf000-7f4854de7000 rw-s 00000000 00:04 57036                      /drm mm object (deleted)
7f4854de7000-7f4854def000 rw-s 00000000 00:04 57034                      /drm mm object (deleted)
7f4854def000-7f4854df7000 rw-s 00000000 00:04 57032                      /drm mm object (deleted)
7f4854df7000-7f4854dff000 rw-s 00000000 00:04 57030                      /drm mm object (deleted)
7f4854dff000-7f4854e07000 rw-s 00000000 00:04 57028                      /drm mm object (deleted)
7f4854e70000-7f4854e77000 r--s 00000000 08:07 1312917                    /usr/lib/x86_64-linux-gnu/gconv/gconv-modules.cache
7f4854e77000-7f4854e7f000 rw-s 00000000 00:04 57797                      /drm mm object (deleted)
7f4854e7f000-7f4854e87000 rw-s 00000000 00:04 57795                      /drm mm object (deleted)
7f4854e87000-7f4854e8f000 rw-s 00000000 00:04 57793                      /drm mm object (deleted)
7f4854e8f000-7f4854e97000 rw-s 00000000 00:04 57791                      /drm mm object (deleted)
7f4854e97000-7f4854e9f000 rw-s 00000000 00:04 57662                      /drm mm object (deleted)
7f4854e9f000-7f4854ea7000 rw-s 00000000 00:04 56192                      /drm mm object (deleted)
7f4854ea7000-7f4854eaf000 rw-s 00000000 00:04 57658                      /drm mm object (deleted)
7f4854eaf000-7f4854eb7000 rw-s 00000000 00:04 57789                      /drm mm object (deleted)
7f4854eb7000-7f4854ebf000 rw-s 00000000 00:04 57787                      /drm mm object (deleted)
7f4854ebf000-7f4854fff000 rw-p 00000000 00:00 0 
7f4854fff000-7f48550bf000 ---p 00000000 00:00 0 
7f48550bf000-7f48550c7000 rw-s 00000000 00:04 56190                      /drm mm object (deleted)
7f48550c7000-7f48550cf000 rw-s 00000000 00:04 57773                      /drm mm object (deleted)
7f48550cf000-7f48550d7000 rw-s 00000000 00:04 57771                      /drm mm object (deleted)
7f48550d7000-7f4855181000 r--p 00000000 08:07 1968774                    /usr/share/fonts/truetype/dejavu/DejaVuSans-Bold.ttf
7f4855181000-7f4855381000 rw-p 00000000 00:00 0 
7f4855381000-7f4855581000 rw-p 00000000 00:00 0 
7f4855581000-7f4855589000 rw-s 00000000 00:04 57769                      /drm mm object (deleted)
7f4855589000-7f4855591000 rw-s 00000000 00:04 57767                      /drm mm object (deleted)
7f4855591000-7f4855599000 rw-s 00000000 00:04 39675                      /drm mm object (deleted)
7f4855599000-7f48555a1000 rw-s 00000000 00:04 57785                      /drm mm object (deleted)
7f48555a1000-7f4855601000 rw-s 1011ef000 00:05 460                       /dev/dri/card0
7f4855601000-7f485560f000 rw-s 1010fc000 00:05 460                       /dev/dri/card0
7f485560f000-7f48557cf000 rw-s 00000000 00:04 20934                      /drm mm object (deleted)
7f48557cf000-7f48557db000 rw-s 00000000 00:04 22646                      /drm mm object (deleted)
7f48557db000-7f48557ee000 r--s 00344000 08:07 2495517                    /usr/lib/jvm/jdk1.8.0_25/jre/lib/resources.jar
7f48557ee000-7f48559ee000 rw-p 00000000 00:00 0 
7f48559ee000-7f48559f1000 ---p 00000000 00:00 0 
7f48559f1000-7f4855aef000 rw-p 00000000 00:00 0                          [stack:3583]
7f4855aef000-7f4855ba5000 r--p 00000000 08:07 1968775                    /usr/share/fonts/truetype/dejavu/DejaVuSans.ttf
7f4855ba5000-7f4855bfa000 r--p 00000000 08:07 133747                     /usr/lib/jvm/jdk1.8.0_25/jre/lib/fonts/LucidaBrightRegular.ttf
7f4855bfa000-7f4855c0d000 r--p 00000000 08:07 133751                     /usr/lib/jvm/jdk1.8.0_25/jre/lib/fonts/LucidaBrightDemiBold.ttf
7f4855c0d000-7f4855c21000 r--p 00000000 08:07 133746                     /usr/lib/jvm/jdk1.8.0_25/jre/lib/fonts/LucidaBrightItalic.ttf
7f4855c21000-7f4855c5d000 r--p 00000000 08:07 133745                     /usr/lib/jvm/jdk1.8.0_25/jre/lib/fonts/LucidaTypewriterRegular.ttf
7f4855c5d000-7f4855d08000 r--p 00000000 08:07 133749                     /usr/lib/jvm/jdk1.8.0_25/jre/lib/fonts/LucidaSansRegular.ttf
7f4855d08000-7f4855d0c000 r-xp 00000000 08:07 2495494                    /usr/lib/jvm/jdk1.8.0_25/jre/lib/amd64/libjavafx_font_pango.so
7f4855d0c000-7f4855f0b000 ---p 00004000 08:07 2495494                    /usr/lib/jvm/jdk1.8.0_25/jre/lib/amd64/libjavafx_font_pango.so
7f4855f0b000-7f4855f0c000 r--p 00003000 08:07 2495494                    /usr/lib/jvm/jdk1.8.0_25/jre/lib/amd64/libjavafx_font_pango.so
7f4855f0c000-7f4855f0d000 rw-p 00004000 08:07 2495494                    /usr/lib/jvm/jdk1.8.0_25/jre/lib/amd64/libjavafx_font_pango.so
7f4855f0d000-7f485610d000 rw-p 00000000 00:00 0 
7f485610d000-7f4856112000 r-xp 00000000 08:07 2495444                    /usr/lib/jvm/jdk1.8.0_25/jre/lib/amd64/libjavafx_font_freetype.so
7f4856112000-7f4856311000 ---p 00005000 08:07 2495444                    /usr/lib/jvm/jdk1.8.0_25/jre/lib/amd64/libjavafx_font_freetype.so
7f4856311000-7f4856312000 r--p 00004000 08:07 2495444                    /usr/lib/jvm/jdk1.8.0_25/jre/lib/amd64/libjavafx_font_freetype.so
7f4856312000-7f4856313000 rw-p 00005000 08:07 2495444                    /usr/lib/jvm/jdk1.8.0_25/jre/lib/amd64/libjavafx_font_freetype.so
7f4856313000-7f4856316000 r-xp 00000000 08:07 2495448                    /usr/lib/jvm/jdk1.8.0_25/jre/lib/amd64/libjavafx_font.so
7f4856316000-7f4856515000 ---p 00003000 08:07 2495448                    /usr/lib/jvm/jdk1.8.0_25/jre/lib/amd64/libjavafx_font.so
7f4856515000-7f4856516000 r--p 00002000 08:07 2495448                    /usr/lib/jvm/jdk1.8.0_25/jre/lib/amd64/libjavafx_font.so
7f4856516000-7f4856517000 rw-p 00003000 08:07 2495448                    /usr/lib/jvm/jdk1.8.0_25/jre/lib/amd64/libjavafx_font.so
7f4856517000-7f485652d000 r-xp 00000000 08:07 2495477                    /usr/lib/jvm/jdk1.8.0_25/jre/lib/amd64/libnet.so
7f485652d000-7f485672d000 ---p 00016000 08:07 2495477                    /usr/lib/jvm/jdk1.8.0_25/jre/lib/amd64/libnet.so
7f485672d000-7f485672e000 rw-p 00016000 08:07 2495477                    /usr/lib/jvm/jdk1.8.0_25/jre/lib/amd64/libnet.so
7f485672e000-7f485692e000 rw-p 00000000 00:00 0 
7f485692e000-7f4856931000 ---p 00000000 00:00 0 
7f4856931000-7f4856c2f000 rw-p 00000000 00:00 0                          [stack:3580]
7f4856c2f000-7f4856c32000 ---p 00000000 00:00 0 
7f4856c32000-7f4856d30000 rw-p 00000000 00:00 0                          [stack:3579]
7f4856d30000-7f4856d33000 ---p 00000000 00:00 0 
7f4856d33000-7f4856e31000 rw-p 00000000 00:00 0                          [stack:3578]
7f4856e31000-7f4856e34000 ---p 00000000 00:00 0 
7f4856e34000-7f4856f32000 rw-p 00000000 00:00 0                          [stack:3577]
7f4856f32000-7f4856f33000 ---p 00000000 00:00 0 
7f4856f33000-7f4857733000 rw-p 00000000 00:00 0                          [stack:3576]
7f4857733000-7f4857734000 ---p 00000000 00:00 0 
7f4857734000-7f4857f34000 rw-p 00000000 00:00 0                          [stack:3575]
7f4857f34000-7f4857f3f000 r-xp 00000000 08:07 1313010                    /usr/lib/x86_64-linux-gnu/gio/modules/libdconfsettings.so
7f4857f3f000-7f485813f000 ---p 0000b000 08:07 1313010                    /usr/lib/x86_64-linux-gnu/gio/modules/libdconfsettings.so
7f485813f000-7f4858140000 r--p 0000b000 08:07 1313010                    /usr/lib/x86_64-linux-gnu/gio/modules/libdconfsettings.so
7f4858140000-7f4858141000 rw-p 0000c000 08:07 1313010                    /usr/lib/x86_64-linux-gnu/gio/modules/libdconfsettings.so
7f4858141000-7f485815a000 r-xp 00000000 08:07 1313014                    /usr/lib/x86_64-linux-gnu/gio/modules/libgioremote-volume-monitor.so
7f485815a000-7f485835a000 ---p 00019000 08:07 1313014                    /usr/lib/x86_64-linux-gnu/gio/modules/libgioremote-volume-monitor.so
7f485835a000-7f485835d000 r--p 00019000 08:07 1313014                    /usr/lib/x86_64-linux-gnu/gio/modules/libgioremote-volume-monitor.so
7f485835d000-7f485835e000 rw-p 0001c000 08:07 1313014                    /usr/lib/x86_64-linux-gnu/gio/modules/libgioremote-volume-monitor.so
7f485835e000-7f4858392000 r-xp 00000000 08:07 1313315                    /usr/lib/x86_64-linux-gnu/gvfs/libgvfscommon.so
7f4858392000-7f4858592000 ---p 00034000 08:07 1313315                    /usr/lib/x86_64-linux-gnu/gvfs/libgvfscommon.so
7f4858592000-7f4858597000 r--p 00034000 08:07 1313315                    /usr/lib/x86_64-linux-gnu/gvfs/libgvfscommon.so
7f4858597000-7f4858598000 rw-p 00039000 08:07 1313315                    /usr/lib/x86_64-linux-gnu/gvfs/libgvfscommon.so
7f4858598000-7f48585c7000 r-xp 00000000 08:07 1313015                    /usr/lib/x86_64-linux-gnu/gio/modules/libgvfsdbus.so
7f48585c7000-7f48587c7000 ---p 0002f000 08:07 1313015                    /usr/lib/x86_64-linux-gnu/gio/modules/libgvfsdbus.so
7f48587c7000-7f48587c8000 r--p 0002f000 08:07 1313015                    /usr/lib/x86_64-linux-gnu/gio/modules/libgvfsdbus.so
7f48587c8000-7f48587c9000 rw-p 00030000 08:07 1313015                    /usr/lib/x86_64-linux-gnu/gio/modules/libgvfsdbus.so
7f48587c9000-7f48587ca000 rw-p 00000000 00:00 0 
7f48587ca000-7f48587d1000 r-xp 00000000 08:07 1058871                    /usr/lib/x86_64-linux-gnu/libogg.so.0.8.1
7f48587d1000-7f48589d1000 ---p 00007000 08:07 1058871                    /usr/lib/x86_64-linux-gnu/libogg.so.0.8.1
7f48589d1000-7f48589d2000 r--p 00007000 08:07 1058871                    /usr/lib/x86_64-linux-gnu/libogg.so.0.8.1
7f48589d2000-7f48589d3000 rw-p 00008000 08:07 1058871                    /usr/lib/x86_64-linux-gnu/libogg.so.0.8.1
7f48589d3000-7f48589ff000 r-xp 00000000 08:07 1059149                    /usr/lib/x86_64-linux-gnu/libvorbis.so.0.4.5
7f48589ff000-7f4858bfe000 ---p 0002c000 08:07 1059149                    /usr/lib/x86_64-linux-gnu/libvorbis.so.0.4.5
7f4858bfe000-7f4858bff000 r--p 0002b000 08:07 1059149                    /usr/lib/x86_64-linux-gnu/libvorbis.so.0.4.5
7f4858bff000-7f4858c00000 rw-p 0002c000 08:07 1059149                    /usr/lib/x86_64-linux-gnu/libvorbis.so.0.4.5
7f4858c00000-7f4858c09000 r-xp 00000000 08:07 1058777                    /usr/lib/x86_64-linux-gnu/libltdl.so.7.3.0
7f4858c09000-7f4858e08000 ---p 00009000 08:07 1058777                    /usr/lib/x86_64-linux-gnu/libltdl.so.7.3.0
7f4858e08000-7f4858e09000 r--p 00008000 08:07 1058777                    /usr/lib/x86_64-linux-gnu/libltdl.so.7.3.0
7f4858e09000-7f4858e0a000 rw-p 00009000 08:07 1058777                    /usr/lib/x86_64-linux-gnu/libltdl.so.7.3.0
7f4858e0a000-7f4858e1b000 r-xp 00000000 08:07 1059068                    /usr/lib/x86_64-linux-gnu/libtdb.so.1.2.12
7f4858e1b000-7f485901a000 ---p 00011000 08:07 1059068                    /usr/lib/x86_64-linux-gnu/libtdb.so.1.2.12
7f485901a000-7f485901b000 r--p 00010000 08:07 1059068                    /usr/lib/x86_64-linux-gnu/libtdb.so.1.2.12
7f485901b000-7f485901c000 rw-p 00011000 08:07 1059068                    /usr/lib/x86_64-linux-gnu/libtdb.so.1.2.12
7f485901c000-7f4859023000 r-xp 00000000 08:07 1059153                    /usr/lib/x86_64-linux-gnu/libvorbisfile.so.3.3.4
7f4859023000-7f4859222000 ---p 00007000 08:07 1059153                    /usr/lib/x86_64-linux-gnu/libvorbisfile.so.3.3.4
7f4859222000-7f4859223000 r--p 00006000 08:07 1059153                    /usr/lib/x86_64-linux-gnu/libvorbisfile.so.3.3.4
7f4859223000-7f4859224000 rw-p 00007000 08:07 1059153                    /usr/lib/x86_64-linux-gnu/libvorbisfile.so.3.3.4
7f4859224000-7f4859233000 r-xp 00000000 08:07 1058291                    /usr/lib/x86_64-linux-gnu/libcanberra.so.0.2.5
7f4859233000-7f4859432000 ---p 0000f000 08:07 1058291                    /usr/lib/x86_64-linux-gnu/libcanberra.so.0.2.5
7f4859432000-7f4859433000 r--p 0000e000 08:07 1058291                    /usr/lib/x86_64-linux-gnu/libcanberra.so.0.2.5
7f4859433000-7f4859434000 rw-p 0000f000 08:07 1058291                    /usr/lib/x86_64-linux-gnu/libcanberra.so.0.2.5
7f4859434000-7f4859438000 r-xp 00000000 08:07 1058287                    /usr/lib/x86_64-linux-gnu/libcanberra-gtk.so.0.1.9
7f4859438000-7f4859637000 ---p 00004000 08:07 1058287                    /usr/lib/x86_64-linux-gnu/libcanberra-gtk.so.0.1.9
7f4859637000-7f4859638000 r--p 00003000 08:07 1058287                    /usr/lib/x86_64-linux-gnu/libcanberra-gtk.so.0.1.9
7f4859638000-7f4859639000 rw-p 00004000 08:07 1058287                    /usr/lib/x86_64-linux-gnu/libcanberra-gtk.so.0.1.9
7f4859639000-7f485963e000 r-xp 00000000 08:07 1313265                    /usr/lib/x86_64-linux-gnu/gtk-2.0/modules/libcanberra-gtk-module.so
7f485963e000-7f485983d000 ---p 00005000 08:07 1313265                    /usr/lib/x86_64-linux-gnu/gtk-2.0/modules/libcanberra-gtk-module.so
7f485983d000-7f485983e000 r--p 00004000 08:07 1313265                    /usr/lib/x86_64-linux-gnu/gtk-2.0/modules/libcanberra-gtk-module.so
7f485983e000-7f485983f000 rw-p 00005000 08:07 1313265                    /usr/lib/x86_64-linux-gnu/gtk-2.0/modules/libcanberra-gtk-module.so
7f485983f000-7f485986e000 r-xp 00000000 08:07 1313247                    /usr/lib/x86_64-linux-gnu/gtk-2.0/2.10.0/engines/libmurrine.so
7f485986e000-7f4859a6e000 ---p 0002f000 08:07 1313247                    /usr/lib/x86_64-linux-gnu/gtk-2.0/2.10.0/engines/libmurrine.so
7f4859a6e000-7f4859a6f000 r--p 0002f000 08:07 1313247                    /usr/lib/x86_64-linux-gnu/gtk-2.0/2.10.0/engines/libmurrine.so
7f4859a6f000-7f4859a70000 rw-p 00030000 08:07 1313247                    /usr/lib/x86_64-linux-gnu/gtk-2.0/2.10.0/engines/libmurrine.so
7f4859a70000-7f4859a80000 r-xp 00000000 08:07 1059117                    /usr/lib/x86_64-linux-gnu/libunity-gtk2-parser.so.0.0.0
7f4859a80000-7f4859c7f000 ---p 00010000 08:07 1059117                    /usr/lib/x86_64-linux-gnu/libunity-gtk2-parser.so.0.0.0
7f4859c7f000-7f4859c80000 r--p 0000f000 08:07 1059117                    /usr/lib/x86_64-linux-gnu/libunity-gtk2-parser.so.0.0.0
7f4859c80000-7f4859c81000 rw-p 00010000 08:07 1059117                    /usr/lib/x86_64-linux-gnu/libunity-gtk2-parser.so.0.0.0
7f4859c81000-7f4859c86000 r-xp 00000000 08:07 1313269                    /usr/lib/x86_64-linux-gnu/gtk-2.0/modules/libunity-gtk-module.so
7f4859c86000-7f4859e85000 ---p 00005000 08:07 1313269                    /usr/lib/x86_64-linux-gnu/gtk-2.0/modules/libunity-gtk-module.so
7f4859e85000-7f4859e86000 r--p 00004000 08:07 1313269                    /usr/lib/x86_64-linux-gnu/gtk-2.0/modules/libunity-gtk-module.so
7f4859e86000-7f4859e87000 rw-p 00005000 08:07 1313269                    /usr/lib/x86_64-linux-gnu/gtk-2.0/modules/libunity-gtk-module.so
7f4859e87000-7f4859e98000 r-xp 00000000 08:07 1313268                    /usr/lib/x86_64-linux-gnu/gtk-2.0/modules/liboverlay-scrollbar.so
7f4859e98000-7f485a097000 ---p 00011000 08:07 1313268                    /usr/lib/x86_64-linux-gnu/gtk-2.0/modules/liboverlay-scrollbar.so
7f485a097000-7f485a098000 r--p 00010000 08:07 1313268                    /usr/lib/x86_64-linux-gnu/gtk-2.0/modules/liboverlay-scrollbar.so
7f485a098000-7f485a099000 rw-p 00011000 08:07 1313268                    /usr/lib/x86_64-linux-gnu/gtk-2.0/modules/liboverlay-scrollbar.so
7f485a099000-7f485a0c3000 r-xp 00000000 08:07 2495453                    /usr/lib/jvm/jdk1.8.0_25/jre/lib/amd64/libglass.so
7f485a0c3000-7f485a2c3000 ---p 0002a000 08:07 2495453                    /usr/lib/jvm/jdk1.8.0_25/jre/lib/amd64/libglass.so
7f485a2c3000-7f485a2c5000 r--p 0002a000 08:07 2495453                    /usr/lib/jvm/jdk1.8.0_25/jre/lib/amd64/libglass.so
7f485a2c5000-7f485a2c6000 rw-p 0002c000 08:07 2495453                    /usr/lib/jvm/jdk1.8.0_25/jre/lib/amd64/libglass.so
7f485a2c6000-7f485a2c7000 rw-p 00000000 00:00 0 
7f485a2c7000-7f485a2fe000 r-xp 00000000 08:07 1059100                    /usr/lib/x86_64-linux-gnu/libtxc_dxtn_s2tc.so.0.0.0
7f485a2fe000-7f485a4fd000 ---p 00037000 08:07 1059100                    /usr/lib/x86_64-linux-gnu/libtxc_dxtn_s2tc.so.0.0.0
7f485a4fd000-7f485a4fe000 r--p 00036000 08:07 1059100                    /usr/lib/x86_64-linux-gnu/libtxc_dxtn_s2tc.so.0.0.0
7f485a4fe000-7f485a4ff000 rw-p 00037000 08:07 1059100                    /usr/lib/x86_64-linux-gnu/libtxc_dxtn_s2tc.so.0.0.0
7f485a4ff000-7f485a507000 r-xp 00000000 08:07 1058903                    /usr/lib/x86_64-linux-gnu/libpciaccess.so.0.11.1
7f485a507000-7f485a706000 ---p 00008000 08:07 1058903                    /usr/lib/x86_64-linux-gnu/libpciaccess.so.0.11.1
7f485a706000-7f485a707000 r--p 00007000 08:07 1058903                    /usr/lib/x86_64-linux-gnu/libpciaccess.so.0.11.1
7f485a707000-7f485a708000 rw-p 00008000 08:07 1058903                    /usr/lib/x86_64-linux-gnu/libpciaccess.so.0.11.1
7f485a708000-7f485a714000 r-xp 00000000 08:07 1058400                    /usr/lib/x86_64-linux-gnu/libdrm_radeon.so.1.0.1
7f485a714000-7f485a913000 ---p 0000c000 08:07 1058400                    /usr/lib/x86_64-linux-gnu/libdrm_radeon.so.1.0.1
7f485a913000-7f485a914000 r--p 0000b000 08:07 1058400                    /usr/lib/x86_64-linux-gnu/libdrm_radeon.so.1.0.1
7f485a914000-7f485a915000 rw-p 0000c000 08:07 1058400                    /usr/lib/x86_64-linux-gnu/libdrm_radeon.so.1.0.1
7f485a915000-7f485a91a000 r-xp 00000000 08:07 1058398                    /usr/lib/x86_64-linux-gnu/libdrm_nouveau.so.2.0.0
7f485a91a000-7f485ab19000 ---p 00005000 08:07 1058398                    /usr/lib/x86_64-linux-gnu/libdrm_nouveau.so.2.0.0
7f485ab19000-7f485ab1a000 r--p 00004000 08:07 1058398                    /usr/lib/x86_64-linux-gnu/libdrm_nouveau.so.2.0.0
7f485ab1a000-7f485ab1b000 rw-p 00005000 08:07 1058398                    /usr/lib/x86_64-linux-gnu/libdrm_nouveau.so.2.0.0
7f485ab1b000-7f485ab3a000 r-xp 00000000 08:07 1058396                    /usr/lib/x86_64-linux-gnu/libdrm_intel.so.1.0.0
7f485ab3a000-7f485ad39000 ---p 0001f000 08:07 1058396                    /usr/lib/x86_64-linux-gnu/libdrm_intel.so.1.0.0
7f485ad39000-7f485ad3a000 r--p 0001e000 08:07 1058396                    /usr/lib/x86_64-linux-gnu/libdrm_intel.so.1.0.0
7f485ad3a000-7f485ad3b000 rw-p 0001f000 08:07 1058396                    /usr/lib/x86_64-linux-gnu/libdrm_intel.so.1.0.0
7f485ad3b000-7f485b228000 r-xp 00000000 08:07 1312344                    /usr/lib/x86_64-linux-gnu/dri/i965_dri.so
7f485b228000-7f485b428000 ---p 004ed000 08:07 1312344                    /usr/lib/x86_64-linux-gnu/dri/i965_dri.so
7f485b428000-7f485b43f000 r--p 004ed000 08:07 1312344                    /usr/lib/x86_64-linux-gnu/dri/i965_dri.so
7f485b43f000-7f485b44b000 rw-p 00504000 08:07 1312344                    /usr/lib/x86_64-linux-gnu/dri/i965_dri.so
7f485b44b000-7f485b497000 rw-p 00000000 00:00 0 
7f485b497000-7f485b4db000 r-xp 00000000 08:07 1708082                    /lib/x86_64-linux-gnu/libdbus-1.so.3.7.6
7f485b4db000-7f485b6da000 ---p 00044000 08:07 1708082                    /lib/x86_64-linux-gnu/libdbus-1.so.3.7.6
7f485b6da000-7f485b6db000 r--p 00043000 08:07 1708082                    /lib/x86_64-linux-gnu/libdbus-1.so.3.7.6
7f485b6db000-7f485b6dc000 rw-p 00044000 08:07 1708082                    /lib/x86_64-linux-gnu/libdbus-1.so.3.7.6
7f485b6dc000-7f485b6e4000 r-xp 00000000 08:07 1708130                    /lib/x86_64-linux-gnu/libnih-dbus.so.1.0.0
7f485b6e4000-7f485b8e4000 ---p 00008000 08:07 1708130                    /lib/x86_64-linux-gnu/libnih-dbus.so.1.0.0
7f485b8e4000-7f485b8e5000 r--p 00008000 08:07 1708130                    /lib/x86_64-linux-gnu/libnih-dbus.so.1.0.0
7f485b8e5000-7f485b8e6000 rw-p 00009000 08:07 1708130                    /lib/x86_64-linux-gnu/libnih-dbus.so.1.0.0
7f485b8e6000-7f485b8fd000 r-xp 00000000 08:07 1708132                    /lib/x86_64-linux-gnu/libnih.so.1.0.0
7f485b8fd000-7f485bafc000 ---p 00017000 08:07 1708132                    /lib/x86_64-linux-gnu/libnih.so.1.0.0
7f485bafc000-7f485bafd000 r--p 00016000 08:07 1708132                    /lib/x86_64-linux-gnu/libnih.so.1.0.0
7f485bafd000-7f485bafe000 rw-p 00017000 08:07 1708132                    /lib/x86_64-linux-gnu/libnih.so.1.0.0
7f485bafe000-7f485bb16000 r-xp 00000000 08:07 1708073                    /lib/x86_64-linux-gnu/libcgmanager.so.0.0.0
7f485bb16000-7f485bd15000 ---p 00018000 08:07 1708073                    /lib/x86_64-linux-gnu/libcgmanager.so.0.0.0
7f485bd15000-7f485bd17000 r--p 00017000 08:07 1708073                    /lib/x86_64-linux-gnu/libcgmanager.so.0.0.0
7f485bd17000-7f485bd18000 rw-p 00019000 08:07 1708073                    /lib/x86_64-linux-gnu/libcgmanager.so.0.0.0
7f485bd18000-7f485bd28000 r-xp 00000000 08:07 1708216                    /lib/x86_64-linux-gnu/libudev.so.1.3.5
7f485bd28000-7f485bf27000 ---p 00010000 08:07 1708216                    /lib/x86_64-linux-gnu/libudev.so.1.3.5
7f485bf27000-7f485bf28000 r--p 0000f000 08:07 1708216                    /lib/x86_64-linux-gnu/libudev.so.1.3.5
7f485bf28000-7f485bf29000 rw-p 00010000 08:07 1708216                    /lib/x86_64-linux-gnu/libudev.so.1.3.5
7f485bf29000-7f485bf2f000 r-xp 00000000 08:07 1058355                    /usr/lib/x86_64-linux-gnu/libdatrie.so.1.3.1
7f485bf2f000-7f485c12e000 ---p 00006000 08:07 1058355                    /usr/lib/x86_64-linux-gnu/libdatrie.so.1.3.1
7f485c12e000-7f485c12f000 r--p 00005000 08:07 1058355                    /usr/lib/x86_64-linux-gnu/libdatrie.so.1.3.1
7f485c12f000-7f485c130000 rw-p 00006000 08:07 1058355                    /usr/lib/x86_64-linux-gnu/libdatrie.so.1.3.1
7f485c130000-7f485c135000 r-xp 00000000 08:07 1058163                    /usr/lib/x86_64-linux-gnu/libXdmcp.so.6.0.0
7f485c135000-7f485c334000 ---p 00005000 08:07 1058163                    /usr/lib/x86_64-linux-gnu/libXdmcp.so.6.0.0
7f485c334000-7f485c335000 r--p 00004000 08:07 1058163                    /usr/lib/x86_64-linux-gnu/libXdmcp.so.6.0.0
7f485c335000-7f485c336000 rw-p 00005000 08:07 1058163                    /usr/lib/x86_64-linux-gnu/libXdmcp.so.6.0.0
7f485c336000-7f485c338000 r-xp 00000000 08:07 1058152                    /usr/lib/x86_64-linux-gnu/libXau.so.6.0.0
7f485c338000-7f485c538000 ---p 00002000 08:07 1058152                    /usr/lib/x86_64-linux-gnu/libXau.so.6.0.0
7f485c538000-7f485c539000 r--p 00002000 08:07 1058152                    /usr/lib/x86_64-linux-gnu/libXau.so.6.0.0
7f485c539000-7f485c53a000 rw-p 00003000 08:07 1058152                    /usr/lib/x86_64-linux-gnu/libXau.so.6.0.0
7f485c53a000-7f485c554000 r-xp 00000000 08:07 1058581                    /usr/lib/x86_64-linux-gnu/libgraphite2.so.3.0.1
7f485c554000-7f485c753000 ---p 0001a000 08:07 1058581                    /usr/lib/x86_64-linux-gnu/libgraphite2.so.3.0.1
7f485c753000-7f485c755000 r--p 00019000 08:07 1058581                    /usr/lib/x86_64-linux-gnu/libgraphite2.so.3.0.1
7f485c755000-7f485c756000 rw-p 0001b000 08:07 1058581                    /usr/lib/x86_64-linux-gnu/libgraphite2.so.3.0.1
7f485c756000-7f485c761000 r-xp 00000000 08:07 1058394                    /usr/lib/x86_64-linux-gnu/libdrm.so.2.4.0
7f485c761000-7f485c960000 ---p 0000b000 08:07 1058394                    /usr/lib/x86_64-linux-gnu/libdrm.so.2.4.0
7f485c960000-7f485c961000 r--p 0000a000 08:07 1058394                    /usr/lib/x86_64-linux-gnu/libdrm.so.2.4.0
7f485c961000-7f485c962000 rw-p 0000b000 08:07 1058394                    /usr/lib/x86_64-linux-gnu/libdrm.so.2.4.0
7f485c962000-7f485c963000 r-xp 00000000 08:07 1059228                    /usr/lib/x86_64-linux-gnu/libxshmfence.so.1.0.0
7f485c963000-7f485cb62000 ---p 00001000 08:07 1059228                    /usr/lib/x86_64-linux-gnu/libxshmfence.so.1.0.0
7f485cb62000-7f485cb63000 r--p 00000000 08:07 1059228                    /usr/lib/x86_64-linux-gnu/libxshmfence.so.1.0.0
7f485cb63000-7f485cb64000 rw-p 00001000 08:07 1059228                    /usr/lib/x86_64-linux-gnu/libxshmfence.so.1.0.0
7f485cb64000-7f485cb69000 r-xp 00000000 08:07 1059212                    /usr/lib/x86_64-linux-gnu/libxcb-sync.so.1.0.0
7f485cb69000-7f485cd68000 ---p 00005000 08:07 1059212                    /usr/lib/x86_64-linux-gnu/libxcb-sync.so.1.0.0
7f485cd68000-7f485cd69000 r--p 00004000 08:07 1059212                    /usr/lib/x86_64-linux-gnu/libxcb-sync.so.1.0.0
7f485cd69000-7f485cd6a000 rw-p 00005000 08:07 1059212                    /usr/lib/x86_64-linux-gnu/libxcb-sync.so.1.0.0
7f485cd6a000-7f485cd6c000 r-xp 00000000 08:07 1059200                    /usr/lib/x86_64-linux-gnu/libxcb-present.so.0.0.0
7f485cd6c000-7f485cf6b000 ---p 00002000 08:07 1059200                    /usr/lib/x86_64-linux-gnu/libxcb-present.so.0.0.0
7f485cf6b000-7f485cf6c000 r--p 00001000 08:07 1059200                    /usr/lib/x86_64-linux-gnu/libxcb-present.so.0.0.0
7f485cf6c000-7f485cf6d000 rw-p 00002000 08:07 1059200                    /usr/lib/x86_64-linux-gnu/libxcb-present.so.0.0.0
7f485cf6d000-7f485cf6f000 r-xp 00000000 08:07 1059192                    /usr/lib/x86_64-linux-gnu/libxcb-dri3.so.0.0.0
7f485cf6f000-7f485d16e000 ---p 00002000 08:07 1059192                    /usr/lib/x86_64-linux-gnu/libxcb-dri3.so.0.0.0
7f485d16e000-7f485d16f000 r--p 00001000 08:07 1059192                    /usr/lib/x86_64-linux-gnu/libxcb-dri3.so.0.0.0
7f485d16f000-7f485d170000 rw-p 00002000 08:07 1059192                    /usr/lib/x86_64-linux-gnu/libxcb-dri3.so.0.0.0
7f485d170000-7f485d173000 r-xp 00000000 08:07 1059190                    /usr/lib/x86_64-linux-gnu/libxcb-dri2.so.0.0.0
7f485d173000-7f485d373000 ---p 00003000 08:07 1059190                    /usr/lib/x86_64-linux-gnu/libxcb-dri2.so.0.0.0
7f485d373000-7f485d374000 r--p 00003000 08:07 1059190                    /usr/lib/x86_64-linux-gnu/libxcb-dri2.so.0.0.0
7f485d374000-7f485d375000 rw-p 00004000 08:07 1059190                    /usr/lib/x86_64-linux-gnu/libxcb-dri2.so.0.0.0
7f485d375000-7f485d38a000 r-xp 00000000 08:07 1059194                    /usr/lib/x86_64-linux-gnu/libxcb-glx.so.0.0.0
7f485d38a000-7f485d589000 ---p 00015000 08:07 1059194                    /usr/lib/x86_64-linux-gnu/libxcb-glx.so.0.0.0
7f485d589000-7f485d58b000 r--p 00014000 08:07 1059194                    /usr/lib/x86_64-linux-gnu/libxcb-glx.so.0.0.0
7f485d58b000-7f485d58c000 rw-p 00016000 08:07 1059194                    /usr/lib/x86_64-linux-gnu/libxcb-glx.so.0.0.0
7f485d58c000-7f485d58d000 r-xp 00000000 08:07 1058146                    /usr/lib/x86_64-linux-gnu/libX11-xcb.so.1.0.0
7f485d58d000-7f485d78c000 ---p 00001000 08:07 1058146                    /usr/lib/x86_64-linux-gnu/libX11-xcb.so.1.0.0
7f485d78c000-7f485d78d000 r--p 00000000 08:07 1058146                    /usr/lib/x86_64-linux-gnu/libX11-xcb.so.1.0.0
7f485d78d000-7f485d78e000 rw-p 00001000 08:07 1058146                    /usr/lib/x86_64-linux-gnu/libX11-xcb.so.1.0.0
7f485d78e000-7f485d7b0000 r-xp 00000000 08:07 1058539                    /usr/lib/x86_64-linux-gnu/libglapi.so.0.0.0
7f485d7b0000-7f485d9b0000 ---p 00022000 08:07 1058539                    /usr/lib/x86_64-linux-gnu/libglapi.so.0.0.0
7f485d9b0000-7f485d9b3000 r--p 00022000 08:07 1058539                    /usr/lib/x86_64-linux-gnu/libglapi.so.0.0.0
7f485d9b3000-7f485d9b4000 rw-p 00025000 08:07 1058539                    /usr/lib/x86_64-linux-gnu/libglapi.so.0.0.0
7f485d9b4000-7f485d9b5000 rw-p 00000000 00:00 0 
7f485d9b5000-7f485d9f2000 r-xp 00000000 08:07 1708171                    /lib/x86_64-linux-gnu/libpcre.so.3.13.1
7f485d9f2000-7f485dbf1000 ---p 0003d000 08:07 1708171                    /lib/x86_64-linux-gnu/libpcre.so.3.13.1
7f485dbf1000-7f485dbf2000 r--p 0003c000 08:07 1708171                    /lib/x86_64-linux-gnu/libpcre.so.3.13.1
7f485dbf2000-7f485dbf3000 rw-p 0003d000 08:07 1708171                    /lib/x86_64-linux-gnu/libpcre.so.3.13.1
7f485dbf3000-7f485dbfa000 r-xp 00000000 08:07 1058430                    /usr/lib/x86_64-linux-gnu/libffi.so.6.0.1
7f485dbfa000-7f485ddf9000 ---p 00007000 08:07 1058430                    /usr/lib/x86_64-linux-gnu/libffi.so.6.0.1
7f485ddf9000-7f485ddfa000 r--p 00006000 08:07 1058430                    /usr/lib/x86_64-linux-gnu/libffi.so.6.0.1
7f485ddfa000-7f485ddfb000 rw-p 00007000 08:07 1058430                    /usr/lib/x86_64-linux-gnu/libffi.so.6.0.1
7f485ddfb000-7f485de22000 r-xp 00000000 08:07 1708090                    /lib/x86_64-linux-gnu/libexpat.so.1.6.0
7f485de22000-7f485e022000 ---p 00027000 08:07 1708090                    /lib/x86_64-linux-gnu/libexpat.so.1.6.0
7f485e022000-7f485e024000 r--p 00027000 08:07 1708090                    /lib/x86_64-linux-gnu/libexpat.so.1.6.0
7f485e024000-7f485e025000 rw-p 00029000 08:07 1708090                    /lib/x86_64-linux-gnu/libexpat.so.1.6.0
7f485e025000-7f485e02d000 r-xp 00000000 08:07 1059080                    /usr/lib/x86_64-linux-gnu/libthai.so.0.2.0
7f485e02d000-7f485e22c000 ---p 00008000 08:07 1059080                    /usr/lib/x86_64-linux-gnu/libthai.so.0.2.0
7f485e22c000-7f485e22d000 r--p 00007000 08:07 1059080                    /usr/lib/x86_64-linux-gnu/libthai.so.0.2.0
7f485e22d000-7f485e22e000 rw-p 00008000 08:07 1059080                    /usr/lib/x86_64-linux-gnu/libthai.so.0.2.0
7f485e22e000-7f485e24b000 r-xp 00000000 08:07 1059220                    /usr/lib/x86_64-linux-gnu/libxcb.so.1.1.0
7f485e24b000-7f485e44b000 ---p 0001d000 08:07 1059220                    /usr/lib/x86_64-linux-gnu/libxcb.so.1.1.0
7f485e44b000-7f485e44c000 r--p 0001d000 08:07 1059220                    /usr/lib/x86_64-linux-gnu/libxcb.so.1.1.0
7f485e44c000-7f485e44d000 rw-p 0001e000 08:07 1059220                    /usr/lib/x86_64-linux-gnu/libxcb.so.1.1.0
7f485e44d000-7f485e455000 r-xp 00000000 08:07 1059206                    /usr/lib/x86_64-linux-gnu/libxcb-render.so.0.0.0
7f485e455000-7f485e654000 ---p 00008000 08:07 1059206                    /usr/lib/x86_64-linux-gnu/libxcb-render.so.0.0.0
7f485e654000-7f485e655000 r--p 00007000 08:07 1059206                    /usr/lib/x86_64-linux-gnu/libxcb-render.so.0.0.0
7f485e655000-7f485e656000 rw-p 00008000 08:07 1059206                    /usr/lib/x86_64-linux-gnu/libxcb-render.so.0.0.0
7f485e656000-7f485e658000 r-xp 00000000 08:07 1059210                    /usr/lib/x86_64-linux-gnu/libxcb-shm.so.0.0.0
7f485e658000-7f485e857000 ---p 00002000 08:07 1059210                    /usr/lib/x86_64-linux-gnu/libxcb-shm.so.0.0.0
7f485e857000-7f485e858000 r--p 00001000 08:07 1059210                    /usr/lib/x86_64-linux-gnu/libxcb-shm.so.0.0.0
7f485e858000-7f485e859000 rw-p 00002000 08:07 1059210                    /usr/lib/x86_64-linux-gnu/libxcb-shm.so.0.0.0
7f485e859000-7f485e87e000 r-xp 00000000 08:07 1708183                    /lib/x86_64-linux-gnu/libpng12.so.0.50.0
7f485e87e000-7f485ea7d000 ---p 00025000 08:07 1708183                    /lib/x86_64-linux-gnu/libpng12.so.0.50.0
7f485ea7d000-7f485ea7e000 r--p 00024000 08:07 1708183                    /lib/x86_64-linux-gnu/libpng12.so.0.50.0
7f485ea7e000-7f485ea7f000 rw-p 00025000 08:07 1708183                    /lib/x86_64-linux-gnu/libpng12.so.0.50.0
7f485ea7f000-7f485eb20000 r-xp 00000000 08:07 1058910                    /usr/lib/x86_64-linux-gnu/libpixman-1.so.0.30.2
7f485eb20000-7f485ed20000 ---p 000a1000 08:07 1058910                    /usr/lib/x86_64-linux-gnu/libpixman-1.so.0.30.2
7f485ed20000-7f485ed27000 r--p 000a1000 08:07 1058910                    /usr/lib/x86_64-linux-gnu/libpixman-1.so.0.30.2
7f485ed27000-7f485ed28000 rw-p 000a8000 08:07 1058910                    /usr/lib/x86_64-linux-gnu/libpixman-1.so.0.30.2
7f485ed28000-7f485ed7b000 r-xp 00000000 08:07 1058694                    /usr/lib/x86_64-linux-gnu/libharfbuzz.so.0.927.0
7f485ed7b000-7f485ef7b000 ---p 00053000 08:07 1058694                    /usr/lib/x86_64-linux-gnu/libharfbuzz.so.0.927.0
7f485ef7b000-7f485ef7c000 r--p 00053000 08:07 1058694                    /usr/lib/x86_64-linux-gnu/libharfbuzz.so.0.927.0
7f485ef7c000-7f485ef7d000 rw-p 00054000 08:07 1058694                    /usr/lib/x86_64-linux-gnu/libharfbuzz.so.0.927.0
7f485ef7d000-7f485ef94000 r-xp 00000000 08:07 1708194                    /lib/x86_64-linux-gnu/libresolv-2.19.so
7f485ef94000-7f485f194000 ---p 00017000 08:07 1708194                    /lib/x86_64-linux-gnu/libresolv-2.19.so
7f485f194000-7f485f195000 r--p 00017000 08:07 1708194                    /lib/x86_64-linux-gnu/libresolv-2.19.so
7f485f195000-7f485f196000 rw-p 00018000 08:07 1708194                    /lib/x86_64-linux-gnu/libresolv-2.19.so
7f485f196000-7f485f198000 rw-p 00000000 00:00 0 
7f485f198000-7f485f1b8000 r-xp 00000000 08:07 1708198                    /lib/x86_64-linux-gnu/libselinux.so.1
7f485f1b8000-7f485f3b7000 ---p 00020000 08:07 1708198                    /lib/x86_64-linux-gnu/libselinux.so.1
7f485f3b7000-7f485f3b8000 r--p 0001f000 08:07 1708198                    /lib/x86_64-linux-gnu/libselinux.so.1
7f485f3b8000-7f485f3b9000 rw-p 00020000 08:07 1708198                    /lib/x86_64-linux-gnu/libselinux.so.1
7f485f3b9000-7f485f3bb000 rw-p 00000000 00:00 0 
7f485f3bb000-7f485f3d3000 r-xp 00000000 08:07 1708231                    /lib/x86_64-linux-gnu/libz.so.1.2.8
7f485f3d3000-7f485f5d2000 ---p 00018000 08:07 1708231                    /lib/x86_64-linux-gnu/libz.so.1.2.8
7f485f5d2000-7f485f5d3000 r--p 00017000 08:07 1708231                    /lib/x86_64-linux-gnu/libz.so.1.2.8
7f485f5d3000-7f485f5d4000 rw-p 00018000 08:07 1708231                    /lib/x86_64-linux-gnu/libz.so.1.2.8
7f485f5d4000-7f485f5e5000 r-xp 00000000 08:07 1058165                    /usr/lib/x86_64-linux-gnu/libXext.so.6.4.0
7f485f5e5000-7f485f7e4000 ---p 00011000 08:07 1058165                    /usr/lib/x86_64-linux-gnu/libXext.so.6.4.0
7f485f7e4000-7f485f7e5000 r--p 00010000 08:07 1058165                    /usr/lib/x86_64-linux-gnu/libXext.so.6.4.0
7f485f7e5000-7f485f7e6000 rw-p 00011000 08:07 1058165                    /usr/lib/x86_64-linux-gnu/libXext.so.6.4.0
7f485f7e6000-7f485f7e8000 r-xp 00000000 08:07 1058161                    /usr/lib/x86_64-linux-gnu/libXdamage.so.1.1.0
7f485f7e8000-7f485f9e7000 ---p 00002000 08:07 1058161                    /usr/lib/x86_64-linux-gnu/libXdamage.so.1.1.0
7f485f9e7000-7f485f9e8000 r--p 00001000 08:07 1058161                    /usr/lib/x86_64-linux-gnu/libXdamage.so.1.1.0
7f485f9e8000-7f485f9e9000 rw-p 00002000 08:07 1058161                    /usr/lib/x86_64-linux-gnu/libXdamage.so.1.1.0
7f485f9e9000-7f485f9eb000 r-xp 00000000 08:07 1058157                    /usr/lib/x86_64-linux-gnu/libXcomposite.so.1.0.0
7f485f9eb000-7f485fbea000 ---p 00002000 08:07 1058157                    /usr/lib/x86_64-linux-gnu/libXcomposite.so.1.0.0
7f485fbea000-7f485fbeb000 r--p 00001000 08:07 1058157                    /usr/lib/x86_64-linux-gnu/libXcomposite.so.1.0.0
7f485fbeb000-7f485fbec000 rw-p 00002000 08:07 1058157                    /usr/lib/x86_64-linux-gnu/libXcomposite.so.1.0.0
7f485fbec000-7f485fbf5000 r-xp 00000000 08:07 1058159                    /usr/lib/x86_64-linux-gnu/libXcursor.so.1.0.2
7f485fbf5000-7f485fdf4000 ---p 00009000 08:07 1058159                    /usr/lib/x86_64-linux-gnu/libXcursor.so.1.0.2
7f485fdf4000-7f485fdf5000 r--p 00008000 08:07 1058159                    /usr/lib/x86_64-linux-gnu/libXcursor.so.1.0.2
7f485fdf5000-7f485fdf6000 rw-p 00009000 08:07 1058159                    /usr/lib/x86_64-linux-gnu/libXcursor.so.1.0.2
7f485fdf6000-7f485fdff000 r-xp 00000000 08:07 1058185                    /usr/lib/x86_64-linux-gnu/libXrandr.so.2.2.0
7f485fdff000-7f485fffe000 ---p 00009000 08:07 1058185                    /usr/lib/x86_64-linux-gnu/libXrandr.so.2.2.0
7f485fffe000-7f485ffff000 r--p 00008000 08:07 1058185                    /usr/lib/x86_64-linux-gnu/libXrandr.so.2.2.0
7f485ffff000-7f4860000000 rw-p 00009000 08:07 1058185                    /usr/lib/x86_64-linux-gnu/libXrandr.so.2.2.0
7f4860000000-7f4861f5d000 rw-p 00000000 00:00 0 
7f4861f5d000-7f4864000000 ---p 00000000 00:00 0 
7f4864006000-7f4864007000 rw-s 00000000 00:04 26836                      /drm mm object (deleted)
7f4864008000-7f4864009000 rw-s 00000000 00:04 26835                      /drm mm object (deleted)
7f4864009000-7f4864043000 r--p 00000000 08:07 133748                     /usr/lib/jvm/jdk1.8.0_25/jre/lib/fonts/LucidaTypewriterBold.ttf
7f4864043000-7f4864091000 r--p 00000000 08:07 133752                     /usr/lib/jvm/jdk1.8.0_25/jre/lib/fonts/LucidaSansDemiBold.ttf
7f4864091000-7f48640a4000 r--p 00000000 08:07 133750                     /usr/lib/jvm/jdk1.8.0_25/jre/lib/fonts/LucidaBrightDemiItalic.ttf
7f48640a4000-7f48640a9000 r--s 00084000 08:07 2495507                    /usr/lib/jvm/jdk1.8.0_25/jre/lib/jfr.jar
7f48640a9000-7f48640b4000 r--s 00000000 08:07 1187980                    /var/cache/fontconfig/945677eb7aeaf62f1d50efc3fb3ec7d8-le64.cache-4
7f48640b4000-7f48640ba000 r--s 00000000 08:07 1187966                    /var/cache/fontconfig/2cd17615ca594fa2959ae173292e504c-le64.cache-4
7f48640ba000-7f48640c1000 r--s 00000000 08:07 1187983                    /var/cache/fontconfig/a755afe4a08bf5b97852ceb7400b47bc-le64.cache-4
7f48640c1000-7f48640d0000 r-xp 00000000 08:07 1058173                    /usr/lib/x86_64-linux-gnu/libXi.so.6.1.0
7f48640d0000-7f48642cf000 ---p 0000f000 08:07 1058173                    /usr/lib/x86_64-linux-gnu/libXi.so.6.1.0
7f48642cf000-7f48642d0000 r--p 0000e000 08:07 1058173                    /usr/lib/x86_64-linux-gnu/libXi.so.6.1.0
7f48642d0000-7f48642d1000 rw-p 0000f000 08:07 1058173                    /usr/lib/x86_64-linux-gnu/libXi.so.6.1.0
7f48642d1000-7f48642d3000 r-xp 00000000 08:07 1058175                    /usr/lib/x86_64-linux-gnu/libXinerama.so.1.0.0
7f48642d3000-7f48644d2000 ---p 00002000 08:07 1058175                    /usr/lib/x86_64-linux-gnu/libXinerama.so.1.0.0
7f48644d2000-7f48644d3000 r--p 00001000 08:07 1058175                    /usr/lib/x86_64-linux-gnu/libXinerama.so.1.0.0
7f48644d3000-7f48644d4000 rw-p 00002000 08:07 1058175                    /usr/lib/x86_64-linux-gnu/libXinerama.so.1.0.0
7f48644d4000-7f48644dd000 r-xp 00000000 08:07 1058187                    /usr/lib/x86_64-linux-gnu/libXrender.so.1.3.0
7f48644dd000-7f48646dc000 ---p 00009000 08:07 1058187                    /usr/lib/x86_64-linux-gnu/libXrender.so.1.3.0
7f48646dc000-7f48646dd000 r--p 00008000 08:07 1058187                    /usr/lib/x86_64-linux-gnu/libXrender.so.1.3.0
7f48646dd000-7f48646de000 rw-p 00009000 08:07 1058187                    /usr/lib/x86_64-linux-gnu/libXrender.so.1.3.0
7f48646de000-7f48646e3000 r-xp 00000000 08:07 1058167                    /usr/lib/x86_64-linux-gnu/libXfixes.so.3.1.0
7f48646e3000-7f48648e2000 ---p 00005000 08:07 1058167                    /usr/lib/x86_64-linux-gnu/libXfixes.so.3.1.0
7f48648e2000-7f48648e3000 r--p 00004000 08:07 1058167                    /usr/lib/x86_64-linux-gnu/libXfixes.so.3.1.0
7f48648e3000-7f48648e4000 rw-p 00005000 08:07 1058167                    /usr/lib/x86_64-linux-gnu/libXfixes.so.3.1.0
7f48648e4000-7f48648fa000 r-xp 00000000 08:07 1708095                    /lib/x86_64-linux-gnu/libgcc_s.so.1
7f48648fa000-7f4864af9000 ---p 00016000 08:07 1708095                    /lib/x86_64-linux-gnu/libgcc_s.so.1
7f4864af9000-7f4864afa000 rw-p 00015000 08:07 1708095                    /lib/x86_64-linux-gnu/libgcc_s.so.1
7f4864afa000-7f4864be0000 r-xp 00000000 08:07 1059058                    /usr/lib/x86_64-linux-gnu/libstdc++.so.6.0.19
7f4864be0000-7f4864ddf000 ---p 000e6000 08:07 1059058                    /usr/lib/x86_64-linux-gnu/libstdc++.so.6.0.19
7f4864ddf000-7f4864de7000 r--p 000e5000 08:07 1059058                    /usr/lib/x86_64-linux-gnu/libstdc++.so.6.0.19
7f4864de7000-7f4864de9000 rw-p 000ed000 08:07 1059058                    /usr/lib/x86_64-linux-gnu/libstdc++.so.6.0.19
7f4864de9000-7f4864dfe000 rw-p 00000000 00:00 0 
7f4864dfe000-7f4864e5f000 r-xp 00000000 08:07 1313456                    /usr/lib/x86_64-linux-gnu/mesa/libGL.so.1.2.0
7f4864e5f000-7f486505e000 ---p 00061000 08:07 1313456                    /usr/lib/x86_64-linux-gnu/mesa/libGL.so.1.2.0
7f486505e000-7f4865061000 r--p 00060000 08:07 1313456                    /usr/lib/x86_64-linux-gnu/mesa/libGL.so.1.2.0
7f4865061000-7f4865062000 rw-p 00063000 08:07 1313456                    /usr/lib/x86_64-linux-gnu/mesa/libGL.so.1.2.0
7f4865062000-7f4865063000 rw-p 00000000 00:00 0 
7f4865063000-7f4865067000 r-xp 00000000 08:07 1058203                    /usr/lib/x86_64-linux-gnu/libXxf86vm.so.1.0.0
7f4865067000-7f4865267000 ---p 00004000 08:07 1058203                    /usr/lib/x86_64-linux-gnu/libXxf86vm.so.1.0.0
7f4865267000-7f4865268000 r--p 00004000 08:07 1058203                    /usr/lib/x86_64-linux-gnu/libXxf86vm.so.1.0.0
7f4865268000-7f4865269000 rw-p 00005000 08:07 1058203                    /usr/lib/x86_64-linux-gnu/libXxf86vm.so.1.0.0
7f4865269000-7f4865399000 r-xp 00000000 08:07 1058148                    /usr/lib/x86_64-linux-gnu/libX11.so.6.3.0
7f4865399000-7f4865599000 ---p 00130000 08:07 1058148                    /usr/lib/x86_64-linux-gnu/libX11.so.6.3.0
7f4865599000-7f486559a000 r--p 00130000 08:07 1058148                    /usr/lib/x86_64-linux-gnu/libX11.so.6.3.0
7f486559a000-7f486559e000 rw-p 00131000 08:07 1058148                    /usr/lib/x86_64-linux-gnu/libX11.so.6.3.0
7f486559e000-7f48655a3000 r-xp 00000000 08:07 1058193                    /usr/lib/x86_64-linux-gnu/libXtst.so.6.1.0
7f48655a3000-7f48657a2000 ---p 00005000 08:07 1058193                    /usr/lib/x86_64-linux-gnu/libXtst.so.6.1.0
7f48657a2000-7f48657a3000 r--p 00004000 08:07 1058193                    /usr/lib/x86_64-linux-gnu/libXtst.so.6.1.0
7f48657a3000-7f48657a4000 rw-p 00005000 08:07 1058193                    /usr/lib/x86_64-linux-gnu/libXtst.so.6.1.0
7f48657a4000-7f48658aa000 r-xp 00000000 08:07 1708099                    /lib/x86_64-linux-gnu/libglib-2.0.so.0.4000.0
7f48658aa000-7f4865aa9000 ---p 00106000 08:07 1708099                    /lib/x86_64-linux-gnu/libglib-2.0.so.0.4000.0
7f4865aa9000-7f4865aaa000 r--p 00105000 08:07 1708099                    /lib/x86_64-linux-gnu/libglib-2.0.so.0.4000.0
7f4865aaa000-7f4865aab000 rw-p 00106000 08:07 1708099                    /lib/x86_64-linux-gnu/libglib-2.0.so.0.4000.0
7f4865aab000-7f4865aac000 rw-p 00000000 00:00 0 
7f4865aac000-7f4865aad000 r-xp 00000000 08:07 1058670                    /usr/lib/x86_64-linux-gnu/libgthread-2.0.so.0.4000.0
7f4865aad000-7f4865cac000 ---p 00001000 08:07 1058670                    /usr/lib/x86_64-linux-gnu/libgthread-2.0.so.0.4000.0
7f4865cac000-7f4865cad000 r--p 00000000 08:07 1058670                    /usr/lib/x86_64-linux-gnu/libgthread-2.0.so.0.4000.0
7f4865cad000-7f4865cae000 rw-p 00001000 08:07 1058670                    /usr/lib/x86_64-linux-gnu/libgthread-2.0.so.0.4000.0
7f4865cae000-7f4865cb1000 r-xp 00000000 08:07 1058547                    /usr/lib/x86_64-linux-gnu/libgmodule-2.0.so.0.4000.0
7f4865cb1000-7f4865eb0000 ---p 00003000 08:07 1058547                    /usr/lib/x86_64-linux-gnu/libgmodule-2.0.so.0.4000.0
7f4865eb0000-7f4865eb1000 r--p 00002000 08:07 1058547                    /usr/lib/x86_64-linux-gnu/libgmodule-2.0.so.0.4000.0
7f4865eb1000-7f4865eb2000 rw-p 00003000 08:07 1058547                    /usr/lib/x86_64-linux-gnu/libgmodule-2.0.so.0.4000.0
7f4865eb2000-7f4865f01000 r-xp 00000000 08:07 1058563                    /usr/lib/x86_64-linux-gnu/libgobject-2.0.so.0.4000.0
7f4865f01000-7f4866101000 ---p 0004f000 08:07 1058563                    /usr/lib/x86_64-linux-gnu/libgobject-2.0.so.0.4000.0
7f4866101000-7f4866102000 r--p 0004f000 08:07 1058563                    /usr/lib/x86_64-linux-gnu/libgobject-2.0.so.0.4000.0
7f4866102000-7f4866103000 rw-p 00050000 08:07 1058563                    /usr/lib/x86_64-linux-gnu/libgobject-2.0.so.0.4000.0
7f4866103000-7f486613d000 r-xp 00000000 08:07 1058444                    /usr/lib/x86_64-linux-gnu/libfontconfig.so.1.8.0
7f486613d000-7f486633c000 ---p 0003a000 08:07 1058444                    /usr/lib/x86_64-linux-gnu/libfontconfig.so.1.8.0
7f486633c000-7f486633e000 r--p 00039000 08:07 1058444                    /usr/lib/x86_64-linux-gnu/libfontconfig.so.1.8.0
7f486633e000-7f486633f000 rw-p 0003b000 08:07 1058444                    /usr/lib/x86_64-linux-gnu/libfontconfig.so.1.8.0
7f486633f000-7f48663dc000 r-xp 00000000 08:07 1058472                    /usr/lib/x86_64-linux-gnu/libfreetype.so.6.11.1
7f48663dc000-7f48665db000 ---p 0009d000 08:07 1058472                    /usr/lib/x86_64-linux-gnu/libfreetype.so.6.11.1
7f48665db000-7f48665e1000 r--p 0009c000 08:07 1058472                    /usr/lib/x86_64-linux-gnu/libfreetype.so.6.11.1
7f48665e1000-7f48665e2000 rw-p 000a2000 08:07 1058472                    /usr/lib/x86_64-linux-gnu/libfreetype.so.6.11.1
7f48665e2000-7f486662c000 r-xp 00000000 08:07 1058887                    /usr/lib/x86_64-linux-gnu/libpango-1.0.so.0.3600.3
7f486662c000-7f486682c000 ---p 0004a000 08:07 1058887                    /usr/lib/x86_64-linux-gnu/libpango-1.0.so.0.3600.3
7f486682c000-7f486682e000 r--p 0004a000 08:07 1058887                    /usr/lib/x86_64-linux-gnu/libpango-1.0.so.0.3600.3
7f486682e000-7f486682f000 rw-p 0004c000 08:07 1058887                    /usr/lib/x86_64-linux-gnu/libpango-1.0.so.0.3600.3
7f486682f000-7f4866935000 r-xp 00000000 08:07 1058283                    /usr/lib/x86_64-linux-gnu/libcairo.so.2.11301.0
7f4866935000-7f4866b34000 ---p 00106000 08:07 1058283                    /usr/lib/x86_64-linux-gnu/libcairo.so.2.11301.0
7f4866b34000-7f4866b37000 r--p 00105000 08:07 1058283                    /usr/lib/x86_64-linux-gnu/libcairo.so.2.11301.0
7f4866b37000-7f4866b38000 rw-p 00108000 08:07 1058283                    /usr/lib/x86_64-linux-gnu/libcairo.so.2.11301.0
7f4866b38000-7f4866b3a000 rw-p 00000000 00:00 0 
7f4866b3a000-7f4866b45000 r-xp 00000000 08:07 1058889                    /usr/lib/x86_64-linux-gnu/libpangocairo-1.0.so.0.3600.3
7f4866b45000-7f4866d45000 ---p 0000b000 08:07 1058889                    /usr/lib/x86_64-linux-gnu/libpangocairo-1.0.so.0.3600.3
7f4866d45000-7f4866d46000 r--p 0000b000 08:07 1058889                    /usr/lib/x86_64-linux-gnu/libpangocairo-1.0.so.0.3600.3
7f4866d46000-7f4866d47000 rw-p 0000c000 08:07 1058889                    /usr/lib/x86_64-linux-gnu/libpangocairo-1.0.so.0.3600.3
7f4866d47000-7f4866d66000 r-xp 00000000 08:07 1058509                    /usr/lib/x86_64-linux-gnu/libgdk_pixbuf-2.0.so.0.3000.7
7f4866d66000-7f4866f66000 ---p 0001f000 08:07 1058509                    /usr/lib/x86_64-linux-gnu/libgdk_pixbuf-2.0.so.0.3000.7
7f4866f66000-7f4866f67000 r--p 0001f000 08:07 1058509                    /usr/lib/x86_64-linux-gnu/libgdk_pixbuf-2.0.so.0.3000.7
7f4866f67000-7f4866f68000 rw-p 00020000 08:07 1058509                    /usr/lib/x86_64-linux-gnu/libgdk_pixbuf-2.0.so.0.3000.7
7f4866f68000-7f4866f7c000 r-xp 00000000 08:07 1058891                    /usr/lib/x86_64-linux-gnu/libpangoft2-1.0.so.0.3600.3
7f4866f7c000-7f486717b000 ---p 00014000 08:07 1058891                    /usr/lib/x86_64-linux-gnu/libpangoft2-1.0.so.0.3600.3
7f486717b000-7f486717c000 r--p 00013000 08:07 1058891                    /usr/lib/x86_64-linux-gnu/libpangoft2-1.0.so.0.3600.3
7f486717c000-7f486717d000 rw-p 00014000 08:07 1058891                    /usr/lib/x86_64-linux-gnu/libpangoft2-1.0.so.0.3600.3
7f486717d000-7f48672e8000 r-xp 00000000 08:07 1058533                    /usr/lib/x86_64-linux-gnu/libgio-2.0.so.0.4000.0
7f48672e8000-7f48674e8000 ---p 0016b000 08:07 1058533                    /usr/lib/x86_64-linux-gnu/libgio-2.0.so.0.4000.0
7f48674e8000-7f48674ec000 r--p 0016b000 08:07 1058533                    /usr/lib/x86_64-linux-gnu/libgio-2.0.so.0.4000.0
7f48674ec000-7f48674ee000 rw-p 0016f000 08:07 1058533                    /usr/lib/x86_64-linux-gnu/libgio-2.0.so.0.4000.0
7f48674ee000-7f48674f0000 rw-p 00000000 00:00 0 
7f48674f0000-7f486750f000 r-xp 00000000 08:07 1058244                    /usr/lib/x86_64-linux-gnu/libatk-1.0.so.0.21009.1
7f486750f000-7f486770f000 ---p 0001f000 08:07 1058244                    /usr/lib/x86_64-linux-gnu/libatk-1.0.so.0.21009.1
7f486770f000-7f4867711000 r--p 0001f000 08:07 1058244                    /usr/lib/x86_64-linux-gnu/libatk-1.0.so.0.21009.1
7f4867711000-7f4867712000 rw-p 00021000 08:07 1058244                    /usr/lib/x86_64-linux-gnu/libatk-1.0.so.0.21009.1
7f4867712000-7f48677bf000 r-xp 00000000 08:07 1058507                    /usr/lib/x86_64-linux-gnu/libgdk-x11-2.0.so.0.2400.23
7f48677bf000-7f48679be000 ---p 000ad000 08:07 1058507                    /usr/lib/x86_64-linux-gnu/libgdk-x11-2.0.so.0.2400.23
7f48679be000-7f48679c2000 r--p 000ac000 08:07 1058507                    /usr/lib/x86_64-linux-gnu/libgdk-x11-2.0.so.0.2400.23
7f48679c2000-7f48679c4000 rw-p 000b0000 08:07 1058507                    /usr/lib/x86_64-linux-gnu/libgdk-x11-2.0.so.0.2400.23
7f48679c4000-7f4867df3000 r-xp 00000000 08:07 1058674                    /usr/lib/x86_64-linux-gnu/libgtk-x11-2.0.so.0.2400.23
7f4867df3000-7f4867ff2000 ---p 0042f000 08:07 1058674                    /usr/lib/x86_64-linux-gnu/libgtk-x11-2.0.so.0.2400.23
7f4867ff2000-7f4867ff9000 r--p 0042e000 08:07 1058674                    /usr/lib/x86_64-linux-gnu/libgtk-x11-2.0.so.0.2400.23
7f4867ff9000-7f4867ffd000 rw-p 00435000 08:07 1058674                    /usr/lib/x86_64-linux-gnu/libgtk-x11-2.0.so.0.2400.23
7f4867ffd000-7f4868000000 rw-p 00000000 00:00 0 
7f4868000000-7f4868021000 rw-p 00000000 00:00 0 
7f4868021000-7f486c000000 ---p 00000000 00:00 0 
7f486c000000-7f486c021000 rw-p 00000000 00:00 0 
7f486c021000-7f4870000000 ---p 00000000 00:00 0 
7f4870000000-7f4871ae0000 rw-p 00000000 00:00 0 
7f4871ae0000-7f4874000000 ---p 00000000 00:00 0 
7f4874000000-7f4874bff000 rw-p 00000000 00:00 0 
7f4874bff000-7f4878000000 ---p 00000000 00:00 0 
7f4878000000-7f4878021000 rw-p 00000000 00:00 0 
7f4878021000-7f487c000000 ---p 00000000 00:00 0 
7f487c000000-7f487d6ec000 rw-p 00000000 00:00 0 
7f487d6ec000-7f4880000000 ---p 00000000 00:00 0 
7f4880000000-7f4880021000 rw-p 00000000 00:00 0 
7f4880021000-7f4884000000 ---p 00000000 00:00 0 
7f4884000000-7f4884021000 rw-p 00000000 00:00 0 
7f4884021000-7f4888000000 ---p 00000000 00:00 0 
7f4888000000-7f4888021000 rw-p 00000000 00:00 0 
7f4888021000-7f488c000000 ---p 00000000 00:00 0 
7f488c000000-7f488c0fa000 rw-p 00000000 00:00 0 
7f488c0fa000-7f4890000000 ---p 00000000 00:00 0 
7f4890000000-7f4890021000 rw-p 00000000 00:00 0 
7f4890021000-7f4894000000 ---p 00000000 00:00 0 
7f4894000000-7f4894021000 rw-p 00000000 00:00 0 
7f4894021000-7f4898000000 ---p 00000000 00:00 0 
7f4898000000-7f4898021000 rw-p 00000000 00:00 0 
7f4898021000-7f489c000000 ---p 00000000 00:00 0 
7f489c000000-7f489c001000 rw-s 00000000 00:04 22672                      /drm mm object (deleted)
7f489c001000-7f489c002000 r--s 00000000 08:07 1187986                    /var/cache/fontconfig/c05880de57d1f5e948fdfacc138775d9-le64.cache-4
7f489c002000-7f489c003000 r--s 00000000 08:07 1187996                    /var/cache/fontconfig/e7071f4a29fa870f4323321c154eba04-le64.cache-4
7f489c003000-7f489c004000 r--s 00000000 08:07 1187963                    /var/cache/fontconfig/0d8c3b2ac0904cb8a57a757ad11a4a08-le64.cache-4
7f489c004000-7f489c018000 r--s 00000000 08:07 1187961                    /var/cache/fontconfig/04aabc0a78ac019cf9454389977116d2-le64.cache-4
7f489c018000-7f489c019000 r--s 00000000 08:07 1187965                    /var/cache/fontconfig/1ac9eb803944fde146138c791f5cc56a-le64.cache-4
7f489c019000-7f489c01e000 r--s 00000000 08:07 1190938                    /var/cache/fontconfig/eb48934c523a49add3824bfad8846c40-le64.cache-4
7f489c01e000-7f489c023000 r--s 00000000 08:07 1190937                    /var/cache/fontconfig/385c0604a188198f04d133e54aba7fe7-le64.cache-4
7f489c023000-7f489c024000 r--s 00000000 08:07 1187993                    /var/cache/fontconfig/dc05db6664285cc2f12bf69c139ae4c3-le64.cache-4
7f489c024000-7f489c029000 r--s 00000000 08:07 1187979                    /var/cache/fontconfig/8801497958630a81b71ace7c5f9b32a8-le64.cache-4
7f489c029000-7f489c02d000 r--s 00000000 08:07 1191336                    /var/cache/fontconfig/c57959a16110560c8d0fcea73374aeeb-le64.cache-4
7f489c02d000-7f489c034000 r--s 00000000 08:07 1187967                    /var/cache/fontconfig/3047814df9a2f067bd2d96a2b9c36e5a-le64.cache-4
7f489c034000-7f489c03a000 r--s 00000000 08:07 1187984                    /var/cache/fontconfig/b47c4e1ecd0709278f4910c18777a504-le64.cache-4
7f489c03a000-7f489c04d000 r--s 00000000 08:07 1187990                    /var/cache/fontconfig/d52a8644073d54c13679302ca1180695-le64.cache-4
7f489c04d000-7f489c069000 r--s 00393000 08:07 267369                     /usr/lib/jvm/jdk1.8.0_25/jre/lib/ext/cldrdata.jar
7f489c069000-7f489c075000 r-xp 00000000 08:07 2495489                    /usr/lib/jvm/jdk1.8.0_25/jre/lib/amd64/libprism_es2.so
7f489c075000-7f489c274000 ---p 0000c000 08:07 2495489                    /usr/lib/jvm/jdk1.8.0_25/jre/lib/amd64/libprism_es2.so
7f489c274000-7f489c275000 r--p 0000b000 08:07 2495489                    /usr/lib/jvm/jdk1.8.0_25/jre/lib/amd64/libprism_es2.so
7f489c275000-7f489c276000 rw-p 0000c000 08:07 2495489                    /usr/lib/jvm/jdk1.8.0_25/jre/lib/amd64/libprism_es2.so
7f489c276000-7f489c279000 ---p 00000000 00:00 0 
7f489c279000-7f489c377000 rw-p 00000000 00:00 0                          [stack:3574]
7f489c377000-7f489c403000 r--s 00fea000 08:07 267368                     /usr/lib/jvm/jdk1.8.0_25/jre/lib/ext/jfxrt.jar
7f489c403000-7f489c404000 ---p 00000000 00:00 0 
7f489c404000-7f489c504000 rw-p 00000000 00:00 0                          [stack:3572]
7f489c504000-7f489c507000 ---p 00000000 00:00 0 
7f489c507000-7f489c605000 rw-p 00000000 00:00 0                          [stack:3571]
7f489c605000-7f489c608000 ---p 00000000 00:00 0 
7f489c608000-7f489c706000 rw-p 00000000 00:00 0                          [stack:3570]
7f489c706000-7f489c709000 ---p 00000000 00:00 0 
7f489c709000-7f489c807000 rw-p 00000000 00:00 0                          [stack:3569]
7f489c807000-7f489c80a000 ---p 00000000 00:00 0 
7f489c80a000-7f489c908000 rw-p 00000000 00:00 0                          [stack:3568]
7f489c908000-7f489c90b000 ---p 00000000 00:00 0 
7f489c90b000-7f489ca09000 rw-p 00000000 00:00 0                          [stack:3567]
7f489ca09000-7f489d348000 r--p 00000000 08:07 1056763                    /usr/lib/locale/locale-archive
7f489d348000-7f489d34b000 ---p 00000000 00:00 0 
7f489d34b000-7f489d449000 rw-p 00000000 00:00 0                          [stack:3566]
7f489d449000-7f489d44c000 ---p 00000000 00:00 0 
7f489d44c000-7f489d54a000 rw-p 00000000 00:00 0                          [stack:3565]
7f489d54a000-7f489d54b000 ---p 00000000 00:00 0 
7f489d54b000-7f489e55a000 rw-p 00000000 00:00 0                          [stack:3564]
7f489e55a000-7f489e730000 r--s 03caa000 08:07 2495506                    /usr/lib/jvm/jdk1.8.0_25/jre/lib/rt.jar
7f489e730000-7f48a0eff000 rw-p 00000000 00:00 0 
7f48a0eff000-7f48a0f00000 ---p 00000000 00:00 0 
7f48a0f00000-7f48a1000000 rw-p 00000000 00:00 0                          [stack:3563]
7f48a1000000-7f48a2160000 rwxp 00000000 00:00 0 
7f48a2160000-7f48b0000000 ---p 00000000 00:00 0 
7f48b0000000-7f48b0527000 rw-p 00000000 00:00 0 
7f48b0527000-7f48b4000000 ---p 00000000 00:00 0 
7f48b4000000-7f48b4002000 r--s 00000000 08:07 1187977                    /var/cache/fontconfig/767a8244fc0220cfb567a839d0392e0b-le64.cache-4
7f48b4002000-7f48b4003000 r--s 00000000 08:07 1187971                    /var/cache/fontconfig/4794a0821666d79190d59a36cb4f44b5-le64.cache-4
7f48b4003000-7f48b4004000 r--s 00000000 08:07 1187973                    /var/cache/fontconfig/56cf4f4769d0f4abc89a4895d7bd3ae1-le64.cache-4
7f48b4004000-7f48b4005000 r--s 00000000 08:07 1187985                    /var/cache/fontconfig/b9d506c9ac06c20b433354fa67a72993-le64.cache-4
7f48b4005000-7f48b400e000 r--s 00000000 08:07 1187970                    /var/cache/fontconfig/3f7329c5293ffd510edef78f73874cfd-le64.cache-4
7f48b400e000-7f48b4012000 r--s 00000000 08:07 1187991                    /var/cache/fontconfig/d589a48862398ed80a3d6066f4f56f4c-le64.cache-4
7f48b4012000-7f48b4014000 r--s 00000000 08:07 1191335                    /var/cache/fontconfig/089dead882dea3570ffc31a9898cfb69-le64.cache-4
7f48b4014000-7f48b4015000 r--s 00000000 08:07 1187962                    /var/cache/fontconfig/0c9eb80ebd1c36541ebe2852d3bb0c49-le64.cache-4
7f48b4015000-7f48b4019000 r--s 00000000 08:07 1188146                    /var/cache/fontconfig/7ef2298fde41cc6eeb7af42e48b7d293-le64.cache-4
7f48b4019000-7f48b4023000 r--s 00116000 08:07 267363                     /usr/lib/jvm/jdk1.8.0_25/jre/lib/ext/localedata.jar
7f48b4023000-7f48b402b000 r--s 000c4000 08:07 1716395                    /home/linhsan/NetBeansProjects/ClinicManagement/dist/run211295384/lib/mysql-connector-java-5.1.23-bin.jar
7f48b402d000-7f48b402e000 rw-s 00000000 00:04 53325                      /drm mm object (deleted)
7f48b402e000-7f48b402f000 rw-s 00000000 00:04 53324                      /drm mm object (deleted)
7f48b402f000-7f48b4031000 rw-s 00000000 00:04 21138                      /drm mm object (deleted)
7f48b4031000-7f48b4033000 rw-s 00000000 00:04 21137                      /drm mm object (deleted)
7f48b4033000-7f48b4074000 r--p 00000000 08:07 1996843                    /usr/share/glib-2.0/schemas/gschemas.compiled
7f48b4074000-7f48b40ea000 rw-p 00000000 00:00 0 
7f48b40ea000-7f48b40eb000 ---p 00000000 00:00 0 
7f48b40eb000-7f48b41eb000 rw-p 00000000 00:00 0                          [stack:3562]
7f48b41eb000-7f48b41ec000 ---p 00000000 00:00 0 
7f48b41ec000-7f48b42ec000 rw-p 00000000 00:00 0                          [stack:3561]
7f48b42ec000-7f48b42ed000 ---p 00000000 00:00 0 
7f48b42ed000-7f48b43fc000 rw-p 00000000 00:00 0                          [stack:3559]
7f48b43fc000-7f48b452d000 ---p 00000000 00:00 0 
7f48b452d000-7f48b453c000 rw-p 00000000 00:00 0 
7f48b453c000-7f48b466c000 ---p 00000000 00:00 0 
7f48b466c000-7f48b4681000 rw-p 00000000 00:00 0 
7f48b4681000-7f48b470c000 ---p 00000000 00:00 0 
7f48b470c000-7f48b4753000 rw-p 00000000 00:00 0 
7f48b4753000-7f48b4acd000 ---p 00000000 00:00 0 
7f48b4acd000-7f48b4ae7000 r-xp 00000000 08:07 2495471                    /usr/lib/jvm/jdk1.8.0_25/jre/lib/amd64/libzip.so
7f48b4ae7000-7f48b4ce7000 ---p 0001a000 08:07 2495471                    /usr/lib/jvm/jdk1.8.0_25/jre/lib/amd64/libzip.so
7f48b4ce7000-7f48b4ce8000 rw-p 0001a000 08:07 2495471                    /usr/lib/jvm/jdk1.8.0_25/jre/lib/amd64/libzip.so
7f48b4ce8000-7f48b4cf3000 r-xp 00000000 08:07 1708143                    /lib/x86_64-linux-gnu/libnss_files-2.19.so
7f48b4cf3000-7f48b4ef2000 ---p 0000b000 08:07 1708143                    /lib/x86_64-linux-gnu/libnss_files-2.19.so
7f48b4ef2000-7f48b4ef3000 r--p 0000a000 08:07 1708143                    /lib/x86_64-linux-gnu/libnss_files-2.19.so
7f48b4ef3000-7f48b4ef4000 rw-p 0000b000 08:07 1708143                    /lib/x86_64-linux-gnu/libnss_files-2.19.so
7f48b4ef4000-7f48b4eff000 r-xp 00000000 08:07 1708153                    /lib/x86_64-linux-gnu/libnss_nis-2.19.so
7f48b4eff000-7f48b50fe000 ---p 0000b000 08:07 1708153                    /lib/x86_64-linux-gnu/libnss_nis-2.19.so
7f48b50fe000-7f48b50ff000 r--p 0000a000 08:07 1708153                    /lib/x86_64-linux-gnu/libnss_nis-2.19.so
7f48b50ff000-7f48b5100000 rw-p 0000b000 08:07 1708153                    /lib/x86_64-linux-gnu/libnss_nis-2.19.so
7f48b5100000-7f48b5117000 r-xp 00000000 08:07 1708137                    /lib/x86_64-linux-gnu/libnsl-2.19.so
7f48b5117000-7f48b5316000 ---p 00017000 08:07 1708137                    /lib/x86_64-linux-gnu/libnsl-2.19.so
7f48b5316000-7f48b5317000 r--p 00016000 08:07 1708137                    /lib/x86_64-linux-gnu/libnsl-2.19.so
7f48b5317000-7f48b5318000 rw-p 00017000 08:07 1708137                    /lib/x86_64-linux-gnu/libnsl-2.19.so
7f48b5318000-7f48b531a000 rw-p 00000000 00:00 0 
7f48b531a000-7f48b5323000 r-xp 00000000 08:07 1708139                    /lib/x86_64-linux-gnu/libnss_compat-2.19.so
7f48b5323000-7f48b5522000 ---p 00009000 08:07 1708139                    /lib/x86_64-linux-gnu/libnss_compat-2.19.so
7f48b5522000-7f48b5523000 r--p 00008000 08:07 1708139                    /lib/x86_64-linux-gnu/libnss_compat-2.19.so
7f48b5523000-7f48b5524000 rw-p 00009000 08:07 1708139                    /lib/x86_64-linux-gnu/libnss_compat-2.19.so
7f48b5524000-7f48b554e000 r-xp 00000000 08:07 2495452                    /usr/lib/jvm/jdk1.8.0_25/jre/lib/amd64/libjava.so
7f48b554e000-7f48b574e000 ---p 0002a000 08:07 2495452                    /usr/lib/jvm/jdk1.8.0_25/jre/lib/amd64/libjava.so
7f48b574e000-7f48b5750000 rw-p 0002a000 08:07 2495452                    /usr/lib/jvm/jdk1.8.0_25/jre/lib/amd64/libjava.so
7f48b5750000-7f48b575d000 r-xp 00000000 08:07 2495465                    /usr/lib/jvm/jdk1.8.0_25/jre/lib/amd64/libverify.so
7f48b575d000-7f48b595d000 ---p 0000d000 08:07 2495465                    /usr/lib/jvm/jdk1.8.0_25/jre/lib/amd64/libverify.so
7f48b595d000-7f48b595f000 rw-p 0000d000 08:07 2495465                    /usr/lib/jvm/jdk1.8.0_25/jre/lib/amd64/libverify.so
7f48b595f000-7f48b5966000 r-xp 00000000 08:07 1708196                    /lib/x86_64-linux-gnu/librt-2.19.so
7f48b5966000-7f48b5b65000 ---p 00007000 08:07 1708196                    /lib/x86_64-linux-gnu/librt-2.19.so
7f48b5b65000-7f48b5b66000 r--p 00006000 08:07 1708196                    /lib/x86_64-linux-gnu/librt-2.19.so
7f48b5b66000-7f48b5b67000 rw-p 00007000 08:07 1708196                    /lib/x86_64-linux-gnu/librt-2.19.so
7f48b5b67000-7f48b5c6c000 r-xp 00000000 08:07 1708118                    /lib/x86_64-linux-gnu/libm-2.19.so
7f48b5c6c000-7f48b5e6b000 ---p 00105000 08:07 1708118                    /lib/x86_64-linux-gnu/libm-2.19.so
7f48b5e6b000-7f48b5e6c000 r--p 00104000 08:07 1708118                    /lib/x86_64-linux-gnu/libm-2.19.so
7f48b5e6c000-7f48b5e6d000 rw-p 00105000 08:07 1708118                    /lib/x86_64-linux-gnu/libm-2.19.so
7f48b5e6d000-7f48b6ada000 r-xp 00000000 08:07 2625176                    /usr/lib/jvm/jdk1.8.0_25/jre/lib/amd64/server/libjvm.so
7f48b6ada000-7f48b6cd9000 ---p 00c6d000 08:07 2625176                    /usr/lib/jvm/jdk1.8.0_25/jre/lib/amd64/server/libjvm.so
7f48b6cd9000-7f48b6daf000 rw-p 00c6c000 08:07 2625176                    /usr/lib/jvm/jdk1.8.0_25/jre/lib/amd64/server/libjvm.so
7f48b6daf000-7f48b6df2000 rw-p 00000000 00:00 0 
7f48b6df2000-7f48b6fae000 r-xp 00000000 08:07 1708068                    /lib/x86_64-linux-gnu/libc-2.19.so
7f48b6fae000-7f48b71ad000 ---p 001bc000 08:07 1708068                    /lib/x86_64-linux-gnu/libc-2.19.so
7f48b71ad000-7f48b71b1000 r--p 001bb000 08:07 1708068                    /lib/x86_64-linux-gnu/libc-2.19.so
7f48b71b1000-7f48b71b3000 rw-p 001bf000 08:07 1708068                    /lib/x86_64-linux-gnu/libc-2.19.so
7f48b71b3000-7f48b71b8000 rw-p 00000000 00:00 0 
7f48b71b8000-7f48b71bb000 r-xp 00000000 08:07 1708085                    /lib/x86_64-linux-gnu/libdl-2.19.so
7f48b71bb000-7f48b73ba000 ---p 00003000 08:07 1708085                    /lib/x86_64-linux-gnu/libdl-2.19.so
7f48b73ba000-7f48b73bb000 r--p 00002000 08:07 1708085                    /lib/x86_64-linux-gnu/libdl-2.19.so
7f48b73bb000-7f48b73bc000 rw-p 00003000 08:07 1708085                    /lib/x86_64-linux-gnu/libdl-2.19.so
7f48b73bc000-7f48b73d1000 r-xp 00000000 08:07 2625172                    /usr/lib/jvm/jdk1.8.0_25/jre/lib/amd64/jli/libjli.so
7f48b73d1000-7f48b75d0000 ---p 00015000 08:07 2625172                    /usr/lib/jvm/jdk1.8.0_25/jre/lib/amd64/jli/libjli.so
7f48b75d0000-7f48b75d1000 rw-p 00014000 08:07 2625172                    /usr/lib/jvm/jdk1.8.0_25/jre/lib/amd64/jli/libjli.so
7f48b75d1000-7f48b75ea000 r-xp 00000000 08:07 1708188                    /lib/x86_64-linux-gnu/libpthread-2.19.so
7f48b75ea000-7f48b77e9000 ---p 00019000 08:07 1708188                    /lib/x86_64-linux-gnu/libpthread-2.19.so
7f48b77e9000-7f48b77ea000 r--p 00018000 08:07 1708188                    /lib/x86_64-linux-gnu/libpthread-2.19.so
7f48b77ea000-7f48b77eb000 rw-p 00019000 08:07 1708188                    /lib/x86_64-linux-gnu/libpthread-2.19.so
7f48b77eb000-7f48b77ef000 rw-p 00000000 00:00 0 
7f48b77ef000-7f48b7812000 r-xp 00000000 08:07 1708044                    /lib/x86_64-linux-gnu/ld-2.19.so
7f48b7812000-7f48b7816000 r--s 00093000 08:07 2495509                    /usr/lib/jvm/jdk1.8.0_25/jre/lib/jsse.jar
7f48b7817000-7f48b781a000 rw-p 00000000 00:00 0 
7f48b781a000-7f48b781b000 rw-s 00000000 00:04 57800                      /drm mm object (deleted)
7f48b781b000-7f48b781c000 rw-s 00000000 00:04 57799                      /drm mm object (deleted)
7f48b781c000-7f48b781d000 rw-s 00000000 00:04 56068                      /drm mm object (deleted)
7f48b781d000-7f48b781e000 rw-s 00000000 00:04 56067                      /drm mm object (deleted)
7f48b781e000-7f48b7826000 rw-s 00000000 00:04 57783                      /drm mm object (deleted)
7f48b7826000-7f48b782c000 r--p 00000000 08:07 1591538                    /home/linhsan/.config/dconf/user (deleted)
7f48b782c000-7f48b7834000 rw-s 00000000 00:04 20918                      /drm mm object (deleted)
7f48b7834000-7f48b78f1000 rw-p 00000000 00:00 0 
7f48b78f1000-7f48b78f4000 ---p 00000000 00:00 0 
7f48b78f4000-7f48b79f6000 rw-p 00000000 00:00 0                          [stack:3557]
7f48b79f6000-7f48b79f9000 r--s 00000000 08:07 1190693                    /var/cache/fontconfig/e13b20fdb08344e0e664864cc2ede53d-le64.cache-4
7f48b79f9000-7f48b79fa000 rw-s 00000000 00:04 22638                      /drm mm object (deleted)
7f48b79fa000-7f48b79fb000 r--s 00000000 00:16 18990                      /run/user/1000/dconf/user (deleted)
7f48b79fb000-7f48b79fc000 rw-s 00000000 00:04 20915                      /drm mm object (deleted)
7f48b79fc000-7f48b7a04000 rw-s 00000000 00:04 20914                      /drm mm object (deleted)
7f48b7a04000-7f48b7a05000 r--s 00007000 08:07 1716388                    /home/linhsan/NetBeansProjects/ClinicManagement/dist/run211295384/ClinicManagement.jar
7f48b7a05000-7f48b7a0d000 rw-s 00000000 08:07 393907                     /tmp/hsperfdata_linhsan/3555
7f48b7a0d000-7f48b7a0e000 rw-p 00000000 00:00 0 
7f48b7a0e000-7f48b7a0f000 r--p 00000000 00:00 0 
7f48b7a0f000-7f48b7a11000 rw-p 00000000 00:00 0 
7f48b7a11000-7f48b7a12000 r--p 00022000 08:07 1708044                    /lib/x86_64-linux-gnu/ld-2.19.so
7f48b7a12000-7f48b7a13000 rw-p 00023000 08:07 1708044                    /lib/x86_64-linux-gnu/ld-2.19.so
7f48b7a13000-7f48b7a14000 rw-p 00000000 00:00 0 
7fffc6dfa000-7fffc6e1b000 rw-p 00000000 00:00 0                          [stack]
7fffc6f68000-7fffc6f6a000 r-xp 00000000 00:00 0                          [vdso]
ffffffffff600000-ffffffffff601000 r-xp 00000000 00:00 0                  [vsyscall]

VM Arguments:
jvm_args: -Dfile.encoding=UTF-8 
java_command: /home/linhsan/NetBeansProjects/ClinicManagement/dist/run211295384/ClinicManagement.jar
java_class_path (initial): /home/linhsan/NetBeansProjects/ClinicManagement/dist/run211295384/ClinicManagement.jar
Launcher Type: SUN_STANDARD

Environment Variables:
PATH=/usr/local/sbin:/usr/local/bin:/usr/sbin:/usr/bin:/sbin:/bin:/usr/games:/usr/local/games
LD_LIBRARY_PATH=/usr/lib/jvm/jdk1.8.0_25/jre/lib/amd64:/usr/lib/jvm/jdk1.8.0_25/jre/lib/i386:
SHELL=/bin/bash
DISPLAY=:0

Signal Handlers:
SIGSEGV: [libjvm.so+0xa79a80], sa_mask[0]=11111111011111111101111111111110, sa_flags=SA_RESTART|SA_SIGINFO
SIGBUS: [libjvm.so+0xa79a80], sa_mask[0]=11111111011111111101111111111110, sa_flags=SA_RESTART|SA_SIGINFO
SIGFPE: [libjvm.so+0x8e24e0], sa_mask[0]=11111111011111111101111111111110, sa_flags=SA_RESTART|SA_SIGINFO
SIGPIPE: SIG_IGN, sa_mask[0]=00000000000010000000000000000000, sa_flags=SA_RESTART
SIGXFSZ: [libjvm.so+0x8e24e0], sa_mask[0]=11111111011111111101111111111110, sa_flags=SA_RESTART|SA_SIGINFO
SIGILL: [libjvm.so+0x8e24e0], sa_mask[0]=11111111011111111101111111111110, sa_flags=SA_RESTART|SA_SIGINFO
SIGUSR1: SIG_DFL, sa_mask[0]=00000000000000000000000000000000, sa_flags=none
SIGUSR2: [libjvm.so+0x8e3d10], sa_mask[0]=00100000000000000000000000000000, sa_flags=SA_RESTART|SA_SIGINFO
SIGHUP: [libjvm.so+0x8e50d0], sa_mask[0]=11111111011111111101111111111110, sa_flags=SA_RESTART|SA_SIGINFO
SIGINT: SIG_IGN, sa_mask[0]=00000000000000000000000000000000, sa_flags=none
SIGTERM: [libjvm.so+0x8e50d0], sa_mask[0]=11111111011111111101111111111110, sa_flags=SA_RESTART|SA_SIGINFO
SIGQUIT: [libjvm.so+0x8e50d0], sa_mask[0]=11111111011111111101111111111110, sa_flags=SA_RESTART|SA_SIGINFO


---------------  S Y S T E M  ---------------

OS:DISTRIB_ID=Ubuntu
DISTRIB_RELEASE=14.04
DISTRIB_CODENAME=trusty
DISTRIB_DESCRIPTION="Ubuntu 14.04 LTS"

uname:Linux 3.13.0-24-generic #46-Ubuntu SMP Thu Apr 10 19:11:08 UTC 2014 x86_64
libc:glibc 2.19 NPTL 2.19 
rlimit: STACK 8192k, CORE 0k, NPROC 30460, NOFILE 4096, AS infinity
load average:0,43 0,53 0,56

/proc/meminfo:
MemTotal:        3920420 kB
MemFree:          215684 kB
Buffers:           21836 kB
Cached:           934084 kB
SwapCached:         3272 kB
Active:          2122672 kB
Inactive:        1347932 kB
Active(anon):    1873860 kB
Inactive(anon):  1088356 kB
Active(file):     248812 kB
Inactive(file):   259576 kB
Unevictable:         104 kB
Mlocked:             104 kB
SwapTotal:       7762940 kB
SwapFree:        7751960 kB
Dirty:               180 kB
Writeback:             4 kB
AnonPages:       2512464 kB
Mapped:           379860 kB
Shmem:            447240 kB
Slab:             104520 kB
SReclaimable:      65448 kB
SUnreclaim:        39072 kB
KernelStack:        5816 kB
PageTables:        47708 kB
NFS_Unstable:          0 kB
Bounce:                0 kB
WritebackTmp:          0 kB
CommitLimit:     9723148 kB
Committed_AS:    7820456 kB
VmallocTotal:   34359738367 kB
VmallocUsed:      545972 kB
VmallocChunk:   34359181820 kB
HardwareCorrupted:     0 kB
AnonHugePages:    577536 kB
HugePages_Total:       0
HugePages_Free:        0
HugePages_Rsvd:        0
HugePages_Surp:        0
Hugepagesize:       2048 kB
DirectMap4k:       87804 kB
DirectMap2M:     3979264 kB


CPU:total 4 (2 cores per cpu, 2 threads per core) family 6 model 58 stepping 9, cmov, cx8, fxsr, mmx, sse, sse2, sse3, ssse3, sse4.1, sse4.2, popcnt, avx, aes, clmul, erms, ht, tsc, tscinvbit, tscinv

/proc/cpuinfo:
processor	: 0
vendor_id	: GenuineIntel
cpu family	: 6
model		: 58
model name	: Intel(R) Core(TM) i5-3230M CPU @ 2.60GHz
stepping	: 9
microcode	: 0x15
cpu MHz		: 2601.000
cache size	: 3072 KB
physical id	: 0
siblings	: 4
core id		: 0
cpu cores	: 2
apicid		: 0
initial apicid	: 0
fpu		: yes
fpu_exception	: yes
cpuid level	: 13
wp		: yes
flags		: fpu vme de pse tsc msr pae mce cx8 apic sep mtrr pge mca cmov pat pse36 clflush dts acpi mmx fxsr sse sse2 ss ht tm pbe syscall nx rdtscp lm constant_tsc arch_perfmon pebs bts rep_good nopl xtopology nonstop_tsc aperfmperf eagerfpu pni pclmulqdq dtes64 monitor ds_cpl vmx est tm2 ssse3 cx16 xtpr pdcm pcid sse4_1 sse4_2 x2apic popcnt tsc_deadline_timer aes xsave avx f16c rdrand lahf_lm ida arat epb xsaveopt pln pts dtherm tpr_shadow vnmi flexpriority ept vpid fsgsbase smep erms
bogomips	: 5187.85
clflush size	: 64
cache_alignment	: 64
address sizes	: 36 bits physical, 48 bits virtual
power management:

processor	: 1
vendor_id	: GenuineIntel
cpu family	: 6
model		: 58
model name	: Intel(R) Core(TM) i5-3230M CPU @ 2.60GHz
stepping	: 9
microcode	: 0x15
cpu MHz		: 1200.000
cache size	: 3072 KB
physical id	: 0
siblings	: 4
core id		: 0
cpu cores	: 2
apicid		: 1
initial apicid	: 1
fpu		: yes
fpu_exception	: yes
cpuid level	: 13
wp		: yes
flags		: fpu vme de pse tsc msr pae mce cx8 apic sep mtrr pge mca cmov pat pse36 clflush dts acpi mmx fxsr sse sse2 ss ht tm pbe syscall nx rdtscp lm constant_tsc arch_perfmon pebs bts rep_good nopl xtopology nonstop_tsc aperfmperf eagerfpu pni pclmulqdq dtes64 monitor ds_cpl vmx est tm2 ssse3 cx16 xtpr pdcm pcid sse4_1 sse4_2 x2apic popcnt tsc_deadline_timer aes xsave avx f16c rdrand lahf_lm ida arat epb xsaveopt pln pts dtherm tpr_shadow vnmi flexpriority ept vpid fsgsbase smep erms
bogomips	: 5187.85
clflush size	: 64
cache_alignment	: 64
address sizes	: 36 bits physical, 48 bits virtual
power management:

processor	: 2
vendor_id	: GenuineIntel
cpu family	: 6
model		: 58
model name	: Intel(R) Core(TM) i5-3230M CPU @ 2.60GHz
stepping	: 9
microcode	: 0x15
cpu MHz		: 2601.000
cache size	: 3072 KB
physical id	: 0
siblings	: 4
core id		: 1
cpu cores	: 2
apicid		: 2
initial apicid	: 2
fpu		: yes
fpu_exception	: yes
cpuid level	: 13
wp		: yes
flags		: fpu vme de pse tsc msr pae mce cx8 apic sep mtrr pge mca cmov pat pse36 clflush dts acpi mmx fxsr sse sse2 ss ht tm pbe syscall nx rdtscp lm constant_tsc arch_perfmon pebs bts rep_good nopl xtopology nonstop_tsc aperfmperf eagerfpu pni pclmulqdq dtes64 monitor ds_cpl vmx est tm2 ssse3 cx16 xtpr pdcm pcid sse4_1 sse4_2 x2apic popcnt tsc_deadline_timer aes xsave avx f16c rdrand lahf_lm ida arat epb xsaveopt pln pts dtherm tpr_shadow vnmi flexpriority ept vpid fsgsbase smep erms
bogomips	: 5187.85
clflush size	: 64
cache_alignment	: 64
address sizes	: 36 bits physical, 48 bits virtual
power management:

processor	: 3
vendor_id	: GenuineIntel
cpu family	: 6
model		: 58
model name	: Intel(R) Core(TM) i5-3230M CPU @ 2.60GHz
stepping	: 9
microcode	: 0x15
cpu MHz		: 2601.000
cache size	: 3072 KB
physical id	: 0
siblings	: 4
core id		: 1
cpu cores	: 2
apicid		: 3
initial apicid	: 3
fpu		: yes
fpu_exception	: yes
cpuid level	: 13
wp		: yes
flags		: fpu vme de pse tsc msr pae mce cx8 apic sep mtrr pge mca cmov pat pse36 clflush dts acpi mmx fxsr sse sse2 ss ht tm pbe syscall nx rdtscp lm constant_tsc arch_perfmon pebs bts rep_good nopl xtopology nonstop_tsc aperfmperf eagerfpu pni pclmulqdq dtes64 monitor ds_cpl vmx est tm2 ssse3 cx16 xtpr pdcm pcid sse4_1 sse4_2 x2apic popcnt tsc_deadline_timer aes xsave avx f16c rdrand lahf_lm ida arat epb xsaveopt pln pts dtherm tpr_shadow vnmi flexpriority ept vpid fsgsbase smep erms
bogomips	: 5187.85
clflush size	: 64
cache_alignment	: 64
address sizes	: 36 bits physical, 48 bits virtual
power management:



Memory: 4k page, physical 3920420k(215560k free), swap 7762940k(7751960k free)

vm_info: Java HotSpot(TM) 64-Bit Server VM (25.25-b02) for linux-amd64 JRE (1.8.0_25-b17), built on Sep 17 2014 17:32:11 by "java_re" with gcc 4.3.0 20080428 (Red Hat 4.3.0-8)

time: Sat Nov 14 18:47:08 2015
elapsed time: 1036 seconds (0d 0h 17m 16s)

