#
# A fatal error has been detected by the Java Runtime Environment:
#
#  SIGSEGV (0xb) at pc=0x00007f3eaf8a10a3, pid=14749, tid=139905608623872
#
# JRE version: Java(TM) SE Runtime Environment (8.0_25-b17) (build 1.8.0_25-b17)
# Java VM: Java HotSpot(TM) 64-Bit Server VM (25.25-b02 mixed mode linux-amd64 compressed oops)
# Problematic frame:
# V  [libjvm.so+0x7c20a3]  LinkResolver::resolve_invokevirtual(CallInfo&, Handle, constantPoolHandle, int, Thread*)+0x233
#
# Failed to write core dump. Core dumps have been disabled. To enable core dumping, try "ulimit -c unlimited" before starting Java again
#
# If you would like to submit a bug report, please visit:
#   http://bugreport.sun.com/bugreport/crash.jsp
#

---------------  T H R E A D  ---------------

Current thread (0x00007f3ea8353000):  JavaThread "JavaFX Application Thread" [_thread_in_vm, id=14771, stack(0x00007f3e500aa000,0x00007f3e501ab000)]

siginfo: si_signo: 11 (SIGSEGV), si_code: 1 (SEGV_MAPERR), si_addr: 0x000000003c019960

Registers:
RAX=0x00007f3eb000da50, RBX=0x00007f3ea83372c0, RCX=0x000000000000001b, RDX=0x000000003c019958
RSP=0x00007f3e501a8130, RBP=0x00007f3e501a81d0, RSI=0x00007f3eacd54610, RDI=0x000000000000000c
R8 =0x00007f3ea83372c0, R9 =0x000000000000000c, R10=0x000000000000000b, R11=0x000000010000d4b8
R12=0x0000000000000000, R13=0x00007f3ea8353000, R14=0x00007f3eacd54610, R15=0x0000000000000017
RIP=0x00007f3eaf8a10a3, EFLAGS=0x0000000000010202, CSGSFS=0x0000000000000033, ERR=0x0000000000000004
  TRAPNO=0x000000000000000e

Top of Stack: (sp=0x00007f3e501a8130)
0x00007f3e501a8130:   00007f3ea8353000 00007f3e501a8330
0x00007f3e501a8140:   00007f3e501a833f 0000000000000000
0x00007f3e501a8150:   00007f3ea8352660 00007f3e501a82f0
0x00007f3e501a8160:   00007f3eacd54610 00007f3ea8353000
0x00007f3e501a8170:   0000000100092678 00007f3e501a81a8
0x00007f3e501a8180:   00007f3eb0b1a490 00007f3eb0afc3f0
0x00007f3e501a8190:   000000010000d4b8 0000000000000000
0x00007f3e501a81a0:   ffffffffffffffff 00007f3ea83372c0
0x00007f3e501a81b0:   0000000000000000 00007f3ea8353000
0x00007f3e501a81c0:   0000000000000017 00007f3e501a82f0
0x00007f3e501a81d0:   00007f3e501a8280 00007f3eaf8a29f4
0x00007f3e501a81e0:   0000000000000000 00007f3e9951000c
0x00007f3e501a81f0:   00007f3e501a8210 00007f3eaf98a639
0x00007f3e501a8200:   00007f3e501a8240 0000000000000000
0x00007f3e501a8210:   00007f3e501a8230 00007f3eaf73d725
0x00007f3e501a8220:   00007f3eacd54610 00007f3ea8353000
0x00007f3e501a8230:   00007f3e501a8280 00007f3eaf73d7c0
0x00007f3e501a8240:   00007f3e501a85a8 00007f3e99020e03
0x00007f3e501a8250:   00007f3e99005310 0000000000000017
0x00007f3e501a8260:   0000000000000000 00007f3ea8353000
0x00007f3e501a8270:   00007f3e501a8460 00007f3e501a82f0
0x00007f3e501a8280:   00007f3e501a8590 00007f3eaf73c5a2
0x00007f3e501a8290:   00007f3ea82da070 0000000100000001
0x00007f3e501a82a0:   0000000000000000 00007f3e5a557cc2
0x00007f3e501a82b0:   00007f3ea82db334 0000000000001000
0x00007f3e501a82c0:   000000b600000000 00007f3e70039ba0
0x00007f3e501a82d0:   00007f3e70039bb0 00007f3e70039f88
0x00007f3e501a82e0:   00000000000003d8 00007f3ea8352660
0x00007f3e501a82f0:   0000000000000000 0000000000000000
0x00007f3e501a8300:   0000000000000000 0000000000000000
0x00007f3e501a8310:   0000000000000000 0000000000000000
0x00007f3e501a8320:   00007f3e501a8348 0000000000000000 

Instructions: (pc=0x00007f3eaf8a10a3)
0x00007f3eaf8a1083:   83 7d 80 00 74 26 48 8b 45 80 48 8b 10 48 8b 05
0x00007f3eaf8a1093:   21 04 75 00 80 38 00 74 69 48 8b 05 1d df 74 00
0x00007f3eaf8a10a3:   8b 52 08 8b 48 08 48 d3 e2 48 03 10 48 8b 4d c0
0x00007f3eaf8a10b3:   4c 89 6c 24 18 c7 44 24 10 01 00 00 00 c7 44 24 

Register to memory mapping:

RAX=0x00007f3eb000da50: <offset 0xf2ea50> in /usr/lib/jvm/jdk1.8.0_25/jre/lib/amd64/server/libjvm.so at 0x00007f3eaf0df000
RBX=0x00007f3ea83372c0 is an unknown value
RCX=0x000000000000001b is an unknown value
RDX=0x000000003c019958 is an unknown value
RSP=0x00007f3e501a8130 is pointing into the stack for thread: 0x00007f3ea8353000
RBP=0x00007f3e501a81d0 is pointing into the stack for thread: 0x00007f3ea8353000
RSI=0x00007f3eacd54610 is pointing into metadata
RDI=0x000000000000000c is an unknown value
R8 =0x00007f3ea83372c0 is an unknown value
R9 =0x000000000000000c is an unknown value
R10=0x000000000000000b is an unknown value
R11=0x000000010000d4b8 is pointing into metadata
R12=0x0000000000000000 is an unknown value
R13=0x00007f3ea8353000 is a thread
R14=0x00007f3eacd54610 is pointing into metadata
R15=0x0000000000000017 is an unknown value


Stack: [0x00007f3e500aa000,0x00007f3e501ab000],  sp=0x00007f3e501a8130,  free space=1016k
Native frames: (J=compiled Java code, j=interpreted, Vv=VM code, C=native code)
V  [libjvm.so+0x7c20a3]  LinkResolver::resolve_invokevirtual(CallInfo&, Handle, constantPoolHandle, int, Thread*)+0x233
V  [libjvm.so+0x7c39f4]  LinkResolver::resolve_invoke(CallInfo&, Handle, constantPoolHandle, int, Bytecodes::Code, Thread*)+0x2e4
V  [libjvm.so+0x65d5a2]  InterpreterRuntime::resolve_invoke(JavaThread*, Bytecodes::Code)+0x1b2
j  com.sun.glass.ui.gtk.GtkView.notifyInputMethodDraw(Ljava/lang/String;III)V+13
v  ~StubRoutines::call_stub
V  [libjvm.so+0x664086]  JavaCalls::call_helper(JavaValue*, methodHandle*, JavaCallArguments*, Thread*)+0x1056
V  [libjvm.so+0x6aa05b]  jni_invoke_nonstatic(JNIEnv_*, JavaValue*, _jobject*, JNICallType, _jmethodID*, JNI_ArgumentPusher*, Thread*)+0x41b
V  [libjvm.so+0x6ba06f]  jni_CallVoidMethodV+0x10f
C  [libglass.so+0x145e8]  JNIEnv_::CallVoidMethod(_jobject*, _jmethodID*, ...)+0x98
C  [libglass.so+0x1a93a]  im_preedit_draw(_XIM*, char*, char*)+0x8a
C  [libX11.so.6+0x591d8]
C  0x0000000000000002

Java frames: (J=compiled Java code, j=interpreted, Vv=VM code)
j  com.sun.glass.ui.gtk.GtkView.notifyInputMethodDraw(Ljava/lang/String;III)V+13
v  ~StubRoutines::call_stub
j  com.sun.glass.ui.gtk.GtkApplication._runLoop(Ljava/lang/Runnable;Z)V+0
j  com.sun.glass.ui.gtk.GtkApplication.lambda$null$45(Ljava/lang/Runnable;Z)V+7
j  com.sun.glass.ui.gtk.GtkApplication$$Lambda$42.run()V+12
j  java.lang.Thread.run()V+11
v  ~StubRoutines::call_stub

---------------  P R O C E S S  ---------------

Java Threads: ( => current thread )
  0x00007f3e3c3e3000 JavaThread "Prism Font Disposer" daemon [_thread_blocked, id=14776, stack(0x00007f3e42c5d000,0x00007f3e42d5e000)]
  0x00007f3e3c205800 JavaThread "Abandoned connection cleanup thread" daemon [_thread_blocked, id=14773, stack(0x00007f3e43bfe000,0x00007f3e43cff000)]
  0x00007f3ea8356800 JavaThread "JavaFX-Launcher" [_thread_blocked, id=14772, stack(0x00007f3e43eff000,0x00007f3e44000000)]
=>0x00007f3ea8353000 JavaThread "JavaFX Application Thread" [_thread_in_vm, id=14771, stack(0x00007f3e500aa000,0x00007f3e501ab000)]
  0x00007f3ea834f000 JavaThread "Thread-1" daemon [_thread_blocked, id=14770, stack(0x00007f3e501ab000,0x00007f3e502ac000)]
  0x00007f3ea82a2800 JavaThread "QuantumRenderer-0" daemon [_thread_blocked, id=14767, stack(0x00007f3e914cd000,0x00007f3e915ce000)]
  0x00007f3ea8180000 JavaThread "Service Thread" daemon [_thread_blocked, id=14765, stack(0x00007f3e916cf000,0x00007f3e917d0000)]
  0x00007f3ea8178000 JavaThread "C1 CompilerThread2" daemon [_thread_blocked, id=14764, stack(0x00007f3e917d0000,0x00007f3e918d1000)]
  0x00007f3ea8176000 JavaThread "C2 CompilerThread1" daemon [_thread_blocked, id=14763, stack(0x00007f3e980f1000,0x00007f3e981f2000)]
  0x00007f3ea8173800 JavaThread "C2 CompilerThread0" daemon [_thread_blocked, id=14762, stack(0x00007f3e981f2000,0x00007f3e982f3000)]
  0x00007f3ea8171000 JavaThread "Signal Dispatcher" daemon [_thread_blocked, id=14761, stack(0x00007f3e982f3000,0x00007f3e983f4000)]
  0x00007f3ea8143800 JavaThread "Finalizer" daemon [_thread_blocked, id=14760, stack(0x00007f3e983f4000,0x00007f3e984f5000)]
  0x00007f3ea8141800 JavaThread "Reference Handler" daemon [_thread_blocked, id=14759, stack(0x00007f3e984f5000,0x00007f3e985f6000)]
  0x00007f3ea800a000 JavaThread "main" [_thread_blocked, id=14753, stack(0x00007f3eb0b64000,0x00007f3eb0c65000)]

Other Threads:
  0x00007f3ea813a000 VMThread [stack: 0x00007f3e985f6000,0x00007f3e986f7000] [id=14758]
  0x00007f3ea8182000 WatcherThread [stack: 0x00007f3e915ce000,0x00007f3e916cf000] [id=14766]

VM state:not at safepoint (normal execution)

VM Mutex/Monitor currently owned by a thread: None

Heap:
 PSYoungGen      total 17920K, used 11572K [0x00000000ec100000, 0x00000000ee900000, 0x0000000100000000)
  eden space 15360K, 75% used [0x00000000ec100000,0x00000000ecc4d2b8,0x00000000ed000000)
  from space 2560K, 0% used [0x00000000ed000000,0x00000000ed000000,0x00000000ed280000)
  to   space 5120K, 0% used [0x00000000ee400000,0x00000000ee400000,0x00000000ee900000)
 ParOldGen       total 29184K, used 7427K [0x00000000c4200000, 0x00000000c5e80000, 0x00000000ec100000)
  object space 29184K, 25% used [0x00000000c4200000,0x00000000c4940f70,0x00000000c5e80000)
 Metaspace       used 21225K, capacity 22298K, committed 22448K, reserved 1069056K
  class space    used 2984K, capacity 3188K, committed 3248K, reserved 1048576K

Card table byte_map: [0x00007f3ead79f000,0x00007f3ead97f000] byte_map_base: 0x00007f3ead17e000

Marking Bits: (ParMarkBitMap*) 0x00007f3eb00392c0
 Begin Bits: [0x00007f3e92210000, 0x00007f3e93108000)
 End Bits:   [0x00007f3e93108000, 0x00007f3e94000000)

Polling page: 0x00007f3eb0c80000

CodeCache: size=245760Kb used=9550Kb max_used=9550Kb free=236209Kb
 bounds [0x00007f3e99000000, 0x00007f3e99960000, 0x00007f3ea8000000]
 total_blobs=3656 nmethods=2959 adapters=610
 compilation: enabled

Compilation events (10 events):
Event: 18,177 Thread 0x00007f3ea8173800 nmethod 2958 0x00007f3e9993b4d0 code [0x00007f3e9993b620, 0x00007f3e9993b6b8]
Event: 18,177 Thread 0x00007f3ea8178000 nmethod 2959 0x00007f3e99958490 code [0x00007f3e999585e0, 0x00007f3e999586f0]
Event: 18,177 Thread 0x00007f3ea8178000 2956       3       javafx.scene.layout.GridPane::getNodeRowEndConvertRemaining (29 bytes)
Event: 18,179 Thread 0x00007f3ea8178000 nmethod 2956 0x00007f3e99956f10 code [0x00007f3e99957140, 0x00007f3e99957ec8]
Event: 18,179 Thread 0x00007f3ea8178000 2957       3       javafx.scene.layout.GridPane::getNodeColumnEndConvertRemaining (29 bytes)
Event: 18,181 Thread 0x00007f3ea8178000 nmethod 2957 0x00007f3e99958750 code [0x00007f3e99958980, 0x00007f3e99959708]
Event: 18,181 Thread 0x00007f3ea8178000 2960       3       com.sun.prism.impl.ManagedResource$WeakLinkedList::getResource (11 bytes)
Event: 18,182 Thread 0x00007f3ea8178000 nmethod 2960 0x00007f3e99956a10 code [0x00007f3e99956b80, 0x00007f3e99956e50]
Event: 18,281 Thread 0x00007f3ea8178000 2961       1       java.nio.Buffer::remaining (10 bytes)
Event: 18,281 Thread 0x00007f3ea8178000 nmethod 2961 0x00007f3e99956750 code [0x00007f3e999568a0, 0x00007f3e999569b0]

GC Heap History (10 events):
Event: 1,599 GC heap before
{Heap before GC invocations=2 (full 0):
 PSYoungGen      total 17920K, used 17616K [0x00000000ec100000, 0x00000000ed500000, 0x0000000100000000)
  eden space 15360K, 100% used [0x00000000ec100000,0x00000000ed000000,0x00000000ed000000)
  from space 2560K, 88% used [0x00000000ed000000,0x00000000ed234030,0x00000000ed280000)
  to   space 2560K, 0% used [0x00000000ed280000,0x00000000ed280000,0x00000000ed500000)
 ParOldGen       total 40960K, used 80K [0x00000000c4200000, 0x00000000c6a00000, 0x00000000ec100000)
  object space 40960K, 0% used [0x00000000c4200000,0x00000000c4214010,0x00000000c6a00000)
 Metaspace       used 14836K, capacity 15236K, committed 15488K, reserved 1062912K
  class space    used 1944K, capacity 2077K, committed 2176K, reserved 1048576K
Event: 1,609 GC heap after
Heap after GC invocations=2 (full 0):
 PSYoungGen      total 17920K, used 2544K [0x00000000ec100000, 0x00000000ed500000, 0x0000000100000000)
  eden space 15360K, 0% used [0x00000000ec100000,0x00000000ec100000,0x00000000ed000000)
  from space 2560K, 99% used [0x00000000ed280000,0x00000000ed4fc070,0x00000000ed500000)
  to   space 2560K, 0% used [0x00000000ed000000,0x00000000ed000000,0x00000000ed280000)
 ParOldGen       total 40960K, used 2756K [0x00000000c4200000, 0x00000000c6a00000, 0x00000000ec100000)
  object space 40960K, 6% used [0x00000000c4200000,0x00000000c44b1340,0x00000000c6a00000)
 Metaspace       used 14836K, capacity 15236K, committed 15488K, reserved 1062912K
  class space    used 1944K, capacity 2077K, committed 2176K, reserved 1048576K
}
Event: 11,130 GC heap before
{Heap before GC invocations=3 (full 0):
 PSYoungGen      total 17920K, used 17904K [0x00000000ec100000, 0x00000000ed500000, 0x0000000100000000)
  eden space 15360K, 100% used [0x00000000ec100000,0x00000000ed000000,0x00000000ed000000)
  from space 2560K, 99% used [0x00000000ed280000,0x00000000ed4fc070,0x00000000ed500000)
  to   space 2560K, 0% used [0x00000000ed000000,0x00000000ed000000,0x00000000ed280000)
 ParOldGen       total 40960K, used 2756K [0x00000000c4200000, 0x00000000c6a00000, 0x00000000ec100000)
  object space 40960K, 6% used [0x00000000c4200000,0x00000000c44b1340,0x00000000c6a00000)
 Metaspace       used 18376K, capacity 18932K, committed 19200K, reserved 1064960K
  class space    used 2557K, capacity 2715K, committed 2816K, reserved 1048576K
Event: 11,136 GC heap after
Heap after GC invocations=3 (full 0):
 PSYoungGen      total 17920K, used 2528K [0x00000000ec100000, 0x00000000ed500000, 0x0000000100000000)
  eden space 15360K, 0% used [0x00000000ec100000,0x00000000ec100000,0x00000000ed000000)
  from space 2560K, 98% used [0x00000000ed000000,0x00000000ed278058,0x00000000ed280000)
  to   space 2560K, 0% used [0x00000000ed280000,0x00000000ed280000,0x00000000ed500000)
 ParOldGen       total 40960K, used 4012K [0x00000000c4200000, 0x00000000c6a00000, 0x00000000ec100000)
  object space 40960K, 9% used [0x00000000c4200000,0x00000000c45eb370,0x00000000c6a00000)
 Metaspace       used 18376K, capacity 18932K, committed 19200K, reserved 1064960K
  class space    used 2557K, capacity 2715K, committed 2816K, reserved 1048576K
}
Event: 11,366 GC heap before
{Heap before GC invocations=4 (full 0):
 PSYoungGen      total 17920K, used 17888K [0x00000000ec100000, 0x00000000ed500000, 0x0000000100000000)
  eden space 15360K, 100% used [0x00000000ec100000,0x00000000ed000000,0x00000000ed000000)
  from space 2560K, 98% used [0x00000000ed000000,0x00000000ed278058,0x00000000ed280000)
  to   space 2560K, 0% used [0x00000000ed280000,0x00000000ed280000,0x00000000ed500000)
 ParOldGen       total 40960K, used 4012K [0x00000000c4200000, 0x00000000c6a00000, 0x00000000ec100000)
  object space 40960K, 9% used [0x00000000c4200000,0x00000000c45eb370,0x00000000c6a00000)
 Metaspace       used 19197K, capacity 19892K, committed 20096K, reserved 1067008K
  class space    used 2693K, capacity 2851K, committed 2944K, reserved 1048576K
Event: 11,371 GC heap after
Heap after GC invocations=4 (full 0):
 PSYoungGen      total 17920K, used 2528K [0x00000000ec100000, 0x00000000ed500000, 0x0000000100000000)
  eden space 15360K, 0% used [0x00000000ec100000,0x00000000ec100000,0x00000000ed000000)
  from space 2560K, 98% used [0x00000000ed280000,0x00000000ed4f8040,0x00000000ed500000)
  to   space 2560K, 0% used [0x00000000ed000000,0x00000000ed000000,0x00000000ed280000)
 ParOldGen       total 40960K, used 4612K [0x00000000c4200000, 0x00000000c6a00000, 0x00000000ec100000)
  object space 40960K, 11% used [0x00000000c4200000,0x00000000c4681398,0x00000000c6a00000)
 Metaspace       used 19197K, capacity 19892K, committed 20096K, reserved 1067008K
  class space    used 2693K, capacity 2851K, committed 2944K, reserved 1048576K
}
Event: 11,630 GC heap before
{Heap before GC invocations=5 (full 0):
 PSYoungGen      total 17920K, used 9990K [0x00000000ec100000, 0x00000000ed500000, 0x0000000100000000)
  eden space 15360K, 48% used [0x00000000ec100000,0x00000000ec849940,0x00000000ed000000)
  from space 2560K, 98% used [0x00000000ed280000,0x00000000ed4f8040,0x00000000ed500000)
  to   space 2560K, 0% used [0x00000000ed000000,0x00000000ed000000,0x00000000ed280000)
 ParOldGen       total 40960K, used 4612K [0x00000000c4200000, 0x00000000c6a00000, 0x00000000ec100000)
  object space 40960K, 11% used [0x00000000c4200000,0x00000000c4681398,0x00000000c6a00000)
 Metaspace       used 20239K, capacity 21228K, committed 21296K, reserved 1067008K
  class space    used 2888K, capacity 3081K, committed 3120K, reserved 1048576K
Event: 11,643 GC heap after
Heap after GC invocations=5 (full 0):
 PSYoungGen      total 17920K, used 2528K [0x00000000ec100000, 0x00000000ee900000, 0x0000000100000000)
  eden space 15360K, 0% used [0x00000000ec100000,0x00000000ec100000,0x00000000ed000000)
  from space 2560K, 98% used [0x00000000ed000000,0x00000000ed278020,0x00000000ed280000)
  to   space 5120K, 0% used [0x00000000ee400000,0x00000000ee400000,0x00000000ee900000)
 ParOldGen       total 40960K, used 5892K [0x00000000c4200000, 0x00000000c6a00000, 0x00000000ec100000)
  object space 40960K, 14% used [0x00000000c4200000,0x00000000c47c13b8,0x00000000c6a00000)
 Metaspace       used 20239K, capacity 21228K, committed 21296K, reserved 1067008K
  class space    used 2888K, capacity 3081K, committed 3120K, reserved 1048576K
}
Event: 11,643 GC heap before
{Heap before GC invocations=6 (full 1):
 PSYoungGen      total 17920K, used 2528K [0x00000000ec100000, 0x00000000ee900000, 0x0000000100000000)
  eden space 15360K, 0% used [0x00000000ec100000,0x00000000ec100000,0x00000000ed000000)
  from space 2560K, 98% used [0x00000000ed000000,0x00000000ed278020,0x00000000ed280000)
  to   space 5120K, 0% used [0x00000000ee400000,0x00000000ee400000,0x00000000ee900000)
 ParOldGen       total 40960K, used 5892K [0x00000000c4200000, 0x00000000c6a00000, 0x00000000ec100000)
  object space 40960K, 14% used [0x00000000c4200000,0x00000000c47c13b8,0x00000000c6a00000)
 Metaspace       used 20239K, capacity 21228K, committed 21296K, reserved 1067008K
  class space    used 2888K, capacity 3081K, committed 3120K, reserved 1048576K
Event: 11,699 GC heap after
Heap after GC invocations=6 (full 1):
 PSYoungGen      total 17920K, used 0K [0x00000000ec100000, 0x00000000ee900000, 0x0000000100000000)
  eden space 15360K, 0% used [0x00000000ec100000,0x00000000ec100000,0x00000000ed000000)
  from space 2560K, 0% used [0x00000000ed000000,0x00000000ed000000,0x00000000ed280000)
  to   space 5120K, 0% used [0x00000000ee400000,0x00000000ee400000,0x00000000ee900000)
 ParOldGen       total 29184K, used 7427K [0x00000000c4200000, 0x00000000c5e80000, 0x00000000ec100000)
  object space 29184K, 25% used [0x00000000c4200000,0x00000000c4940f70,0x00000000c5e80000)
 Metaspace       used 20238K, capacity 21226K, committed 21296K, reserved 1067008K
  class space    used 2887K, capacity 3080K, committed 3120K, reserved 1048576K
}

Deoptimization events (10 events):
Event: 1,581 Thread 0x00007f3ea8353000 Uncommon trap: reason=class_check action=maybe_recompile pc=0x00007f3e9911f078 method=java.lang.String.equals(Ljava/lang/Object;)Z @ 8
Event: 1,581 Thread 0x00007f3ea8353000 Uncommon trap: reason=class_check action=maybe_recompile pc=0x00007f3e9911f078 method=java.lang.String.equals(Ljava/lang/Object;)Z @ 8
Event: 1,704 Thread 0x00007f3ea8353000 Uncommon trap: reason=class_check action=maybe_recompile pc=0x00007f3e9911f078 method=java.lang.String.equals(Ljava/lang/Object;)Z @ 8
Event: 1,853 Thread 0x00007f3ea8353000 Uncommon trap: reason=unloaded action=reinterpret pc=0x00007f3e99240558 method=java.lang.CharacterData.of(I)Ljava/lang/CharacterData; @ 96
Event: 11,584 Thread 0x00007f3ea8353000 Uncommon trap: reason=array_check action=maybe_recompile pc=0x00007f3e996fbf18 method=com.sun.javafx.css.SimpleSelector.applies(Ljavafx/css/Styleable;[Ljava/util/Set;I)Z @ 37
Event: 11,584 Thread 0x00007f3ea8353000 Uncommon trap: reason=array_check action=maybe_recompile pc=0x00007f3e996fbf18 method=com.sun.javafx.css.SimpleSelector.applies(Ljavafx/css/Styleable;[Ljava/util/Set;I)Z @ 37
Event: 11,584 Thread 0x00007f3ea8353000 Uncommon trap: reason=array_check action=maybe_recompile pc=0x00007f3e996fbf18 method=com.sun.javafx.css.SimpleSelector.applies(Ljavafx/css/Styleable;[Ljava/util/Set;I)Z @ 37
Event: 11,584 Thread 0x00007f3ea8353000 Uncommon trap: reason=array_check action=maybe_recompile pc=0x00007f3e996fbf18 method=com.sun.javafx.css.SimpleSelector.applies(Ljavafx/css/Styleable;[Ljava/util/Set;I)Z @ 37
Event: 15,672 Thread 0x00007f3ea8353000 Uncommon trap: reason=array_check action=maybe_recompile pc=0x00007f3e99845820 method=com.sun.javafx.css.SimpleSelector.applies(Ljavafx/css/Styleable;[Ljava/util/Set;I)Z @ 37
Event: 15,678 Thread 0x00007f3ea8353000 Uncommon trap: reason=unreached action=reinterpret pc=0x00007f3e997b96d0 method=javafx.scene.CssStyleHelper.lookup(Ljavafx/css/Styleable;Ljavafx/css/CssMetaData;Lcom/sun/javafx/css/StyleMap;Ljava/util/Set;Ljavafx/css/Styleable;Lcom/sun/javafx/css/Calculat

Internal exceptions (10 events):
Event: 15,646 Thread 0x00007f3ea8353000 Exception <a 'java/security/PrivilegedActionException'> (0x00000000eca8a9e8) thrown at [/HUDSON/workspace/8-2-build-linux-amd64/jdk8u25/1514/hotspot/src/share/vm/prims/jvm.cpp, line 1312]
Event: 15,647 Thread 0x00007f3ea8353000 Exception <a 'java/security/PrivilegedActionException'> (0x00000000ecaa9838) thrown at [/HUDSON/workspace/8-2-build-linux-amd64/jdk8u25/1514/hotspot/src/share/vm/prims/jvm.cpp, line 1312]
Event: 15,647 Thread 0x00007f3ea8353000 Exception <a 'java/security/PrivilegedActionException'> (0x00000000ecaaa1e0) thrown at [/HUDSON/workspace/8-2-build-linux-amd64/jdk8u25/1514/hotspot/src/share/vm/prims/jvm.cpp, line 1312]
Event: 15,647 Thread 0x00007f3ea8353000 Exception <a 'java/security/PrivilegedActionException'> (0x00000000ecaaaa68) thrown at [/HUDSON/workspace/8-2-build-linux-amd64/jdk8u25/1514/hotspot/src/share/vm/prims/jvm.cpp, line 1312]
Event: 15,647 Thread 0x00007f3ea8353000 Exception <a 'java/security/PrivilegedActionException'> (0x00000000ecaab3b0) thrown at [/HUDSON/workspace/8-2-build-linux-amd64/jdk8u25/1514/hotspot/src/share/vm/prims/jvm.cpp, line 1312]
Event: 15,647 Thread 0x00007f3ea8353000 Exception <a 'java/security/PrivilegedActionException'> (0x00000000ecaabc38) thrown at [/HUDSON/workspace/8-2-build-linux-amd64/jdk8u25/1514/hotspot/src/share/vm/prims/jvm.cpp, line 1312]
Event: 15,647 Thread 0x00007f3ea8353000 Exception <a 'java/security/PrivilegedActionException'> (0x00000000ecaac580) thrown at [/HUDSON/workspace/8-2-build-linux-amd64/jdk8u25/1514/hotspot/src/share/vm/prims/jvm.cpp, line 1312]
Event: 15,647 Thread 0x00007f3ea8353000 Exception <a 'java/security/PrivilegedActionException'> (0x00000000ecac7e68) thrown at [/HUDSON/workspace/8-2-build-linux-amd64/jdk8u25/1514/hotspot/src/share/vm/prims/jvm.cpp, line 1312]
Event: 15,647 Thread 0x00007f3ea8353000 Exception <a 'java/security/PrivilegedActionException'> (0x00000000ecac87f0) thrown at [/HUDSON/workspace/8-2-build-linux-amd64/jdk8u25/1514/hotspot/src/share/vm/prims/jvm.cpp, line 1312]
Event: 18,279 Thread 0x00007f3ea8353000 Exception <a 'java/lang/NullPointerException'> (0x00000000ecc28940) thrown at [/HUDSON/workspace/8-2-build-linux-amd64/jdk8u25/1514/hotspot/src/share/vm/interpreter/linkResolver.cpp, line 1178]

Events (10 events):
Event: 15,673 Thread 0x00007f3ea8353000 DEOPT UNPACKING pc=0x00007f3e99004f69 sp=0x00007f3e501a6070 mode 2
Event: 15,677 Thread 0x00007f3ea8353000 DEOPT PACKING pc=0x00007f3e99662a95 sp=0x00007f3e501a6510
Event: 15,677 Thread 0x00007f3ea8353000 DEOPT UNPACKING pc=0x00007f3e99047373 sp=0x00007f3e501a6290 mode 0
Event: 15,678 Thread 0x00007f3ea8353000 Uncommon trap: trap_request=0xffffffad fr.pc=0x00007f3e997b96d0
Event: 15,678 Thread 0x00007f3ea8353000 DEOPT PACKING pc=0x00007f3e997b96d0 sp=0x00007f3e501a6710
Event: 15,678 Thread 0x00007f3ea8353000 DEOPT UNPACKING pc=0x00007f3e99004f69 sp=0x00007f3e501a66d0 mode 2
Event: 15,723 Executing VM operation: RevokeBias
Event: 15,723 Executing VM operation: RevokeBias done
Event: 18,280 loading class java/lang/Throwable$WrappedPrintStream
Event: 18,280 loading class java/lang/Throwable$WrappedPrintStream done


Dynamic libraries:
00400000-00401000 r-xp 00000000 08:07 267404                             /usr/lib/jvm/jdk1.8.0_25/jre/bin/java
00600000-00601000 rw-p 00000000 08:07 267404                             /usr/lib/jvm/jdk1.8.0_25/jre/bin/java
0202f000-02050000 rw-p 00000000 00:00 0                                  [heap]
c4200000-c5e80000 rw-p 00000000 00:00 0 
c5e80000-ec100000 ---p 00000000 00:00 0 
ec100000-ee900000 rw-p 00000000 00:00 0 
ee900000-100000000 ---p 00000000 00:00 0 
100000000-10032c000 rw-p 00000000 00:00 0 
10032c000-140000000 ---p 00000000 00:00 0 
7f3e30000000-7f3e30021000 rw-p 00000000 00:00 0 
7f3e30021000-7f3e34000000 ---p 00000000 00:00 0 
7f3e34000000-7f3e34021000 rw-p 00000000 00:00 0 
7f3e34021000-7f3e38000000 ---p 00000000 00:00 0 
7f3e38000000-7f3e38021000 rw-p 00000000 00:00 0 
7f3e38021000-7f3e3c000000 ---p 00000000 00:00 0 
7f3e3c000000-7f3e3c7c7000 rw-p 00000000 00:00 0 
7f3e3c7c7000-7f3e40000000 ---p 00000000 00:00 0 
7f3e42357000-7f3e4235e000 r--s 00000000 08:07 1312917                    /usr/lib/x86_64-linux-gnu/gconv/gconv-modules.cache
7f3e4235e000-7f3e42408000 r--p 00000000 08:07 1968774                    /usr/share/fonts/truetype/dejavu/DejaVuSans-Bold.ttf
7f3e42408000-7f3e424c8000 rw-p 00000000 00:00 0 
7f3e424c8000-7f3e42608000 ---p 00000000 00:00 0 
7f3e42608000-7f3e42808000 rw-p 00000000 00:00 0 
7f3e42808000-7f3e42810000 rw-s 00000000 00:04 189675                     /drm mm object (deleted)
7f3e42810000-7f3e42870000 rw-s 102d6e000 00:05 9846                      /dev/dri/card0
7f3e42870000-7f3e4287e000 rw-s 102d60000 00:05 9846                      /dev/dri/card0
7f3e4287e000-7f3e42a3e000 rw-s 00000000 00:04 189583                     /drm mm object (deleted)
7f3e42a3e000-7f3e42a4a000 rw-s 00000000 00:04 189567                     /drm mm object (deleted)
7f3e42a4a000-7f3e42a5d000 r--s 00344000 08:07 2495517                    /usr/lib/jvm/jdk1.8.0_25/jre/lib/resources.jar
7f3e42a5d000-7f3e42c5d000 rw-p 00000000 00:00 0 
7f3e42c5d000-7f3e42c60000 ---p 00000000 00:00 0 
7f3e42c60000-7f3e42d5e000 rw-p 00000000 00:00 0                          [stack:14776]
7f3e42d5e000-7f3e42e14000 r--p 00000000 08:07 1968775                    /usr/share/fonts/truetype/dejavu/DejaVuSans.ttf
7f3e42e14000-7f3e42e69000 r--p 00000000 08:07 133747                     /usr/lib/jvm/jdk1.8.0_25/jre/lib/fonts/LucidaBrightRegular.ttf
7f3e42e69000-7f3e42ea5000 r--p 00000000 08:07 133745                     /usr/lib/jvm/jdk1.8.0_25/jre/lib/fonts/LucidaTypewriterRegular.ttf
7f3e42ea5000-7f3e42f50000 r--p 00000000 08:07 133749                     /usr/lib/jvm/jdk1.8.0_25/jre/lib/fonts/LucidaSansRegular.ttf
7f3e42f50000-7f3e42f8a000 r--p 00000000 08:07 133748                     /usr/lib/jvm/jdk1.8.0_25/jre/lib/fonts/LucidaTypewriterBold.ttf
7f3e42f8a000-7f3e42fd8000 r--p 00000000 08:07 133752                     /usr/lib/jvm/jdk1.8.0_25/jre/lib/fonts/LucidaSansDemiBold.ttf
7f3e42fd8000-7f3e42fdc000 r-xp 00000000 08:07 2495494                    /usr/lib/jvm/jdk1.8.0_25/jre/lib/amd64/libjavafx_font_pango.so
7f3e42fdc000-7f3e431db000 ---p 00004000 08:07 2495494                    /usr/lib/jvm/jdk1.8.0_25/jre/lib/amd64/libjavafx_font_pango.so
7f3e431db000-7f3e431dc000 r--p 00003000 08:07 2495494                    /usr/lib/jvm/jdk1.8.0_25/jre/lib/amd64/libjavafx_font_pango.so
7f3e431dc000-7f3e431dd000 rw-p 00004000 08:07 2495494                    /usr/lib/jvm/jdk1.8.0_25/jre/lib/amd64/libjavafx_font_pango.so
7f3e431dd000-7f3e433dd000 rw-p 00000000 00:00 0 
7f3e433dd000-7f3e433e2000 r-xp 00000000 08:07 2495444                    /usr/lib/jvm/jdk1.8.0_25/jre/lib/amd64/libjavafx_font_freetype.so
7f3e433e2000-7f3e435e1000 ---p 00005000 08:07 2495444                    /usr/lib/jvm/jdk1.8.0_25/jre/lib/amd64/libjavafx_font_freetype.so
7f3e435e1000-7f3e435e2000 r--p 00004000 08:07 2495444                    /usr/lib/jvm/jdk1.8.0_25/jre/lib/amd64/libjavafx_font_freetype.so
7f3e435e2000-7f3e435e3000 rw-p 00005000 08:07 2495444                    /usr/lib/jvm/jdk1.8.0_25/jre/lib/amd64/libjavafx_font_freetype.so
7f3e435e3000-7f3e435e6000 r-xp 00000000 08:07 2495448                    /usr/lib/jvm/jdk1.8.0_25/jre/lib/amd64/libjavafx_font.so
7f3e435e6000-7f3e437e5000 ---p 00003000 08:07 2495448                    /usr/lib/jvm/jdk1.8.0_25/jre/lib/amd64/libjavafx_font.so
7f3e437e5000-7f3e437e6000 r--p 00002000 08:07 2495448                    /usr/lib/jvm/jdk1.8.0_25/jre/lib/amd64/libjavafx_font.so
7f3e437e6000-7f3e437e7000 rw-p 00003000 08:07 2495448                    /usr/lib/jvm/jdk1.8.0_25/jre/lib/amd64/libjavafx_font.so
7f3e437e7000-7f3e437fd000 r-xp 00000000 08:07 2495477                    /usr/lib/jvm/jdk1.8.0_25/jre/lib/amd64/libnet.so
7f3e437fd000-7f3e439fd000 ---p 00016000 08:07 2495477                    /usr/lib/jvm/jdk1.8.0_25/jre/lib/amd64/libnet.so
7f3e439fd000-7f3e439fe000 rw-p 00016000 08:07 2495477                    /usr/lib/jvm/jdk1.8.0_25/jre/lib/amd64/libnet.so
7f3e439fe000-7f3e43bfe000 rw-p 00000000 00:00 0 
7f3e43bfe000-7f3e43c01000 ---p 00000000 00:00 0 
7f3e43c01000-7f3e43eff000 rw-p 00000000 00:00 0                          [stack:14773]
7f3e43eff000-7f3e43f02000 ---p 00000000 00:00 0 
7f3e43f02000-7f3e44000000 rw-p 00000000 00:00 0                          [stack:14772]
7f3e44000000-7f3e44022000 rw-p 00000000 00:00 0 
7f3e44022000-7f3e48000000 ---p 00000000 00:00 0 
7f3e48000000-7f3e48021000 rw-p 00000000 00:00 0 
7f3e48021000-7f3e4c000000 ---p 00000000 00:00 0 
7f3e4c000000-7f3e4c021000 rw-p 00000000 00:00 0 
7f3e4c021000-7f3e50000000 ---p 00000000 00:00 0 
7f3e50002000-7f3e50005000 rw-p 00000000 00:00 0 
7f3e50005000-7f3e50007000 rw-s 00000000 00:04 191064                     /drm mm object (deleted)
7f3e50007000-7f3e50008000 rw-s 00000000 00:04 188231                     /drm mm object (deleted)
7f3e50008000-7f3e50009000 rw-s 00000000 00:04 191929                     /drm mm object (deleted)
7f3e50009000-7f3e5000a000 rw-s 00000000 00:04 188230                     /drm mm object (deleted)
7f3e5000a000-7f3e5000b000 rw-s 00000000 00:04 191928                     /drm mm object (deleted)
7f3e5000b000-7f3e5000c000 rw-s 00000000 00:04 189577                     /drm mm object (deleted)
7f3e5000c000-7f3e5001f000 r--p 00000000 08:07 133751                     /usr/lib/jvm/jdk1.8.0_25/jre/lib/fonts/LucidaBrightDemiBold.ttf
7f3e5001f000-7f3e50033000 r--p 00000000 08:07 133746                     /usr/lib/jvm/jdk1.8.0_25/jre/lib/fonts/LucidaBrightItalic.ttf
7f3e50033000-7f3e50046000 r--p 00000000 08:07 133750                     /usr/lib/jvm/jdk1.8.0_25/jre/lib/fonts/LucidaBrightDemiItalic.ttf
7f3e50046000-7f3e5004b000 r--s 00084000 08:07 2495507                    /usr/lib/jvm/jdk1.8.0_25/jre/lib/jfr.jar
7f3e5004b000-7f3e5004c000 r--s 00000000 08:07 1187986                    /var/cache/fontconfig/c05880de57d1f5e948fdfacc138775d9-le64.cache-4
7f3e5004c000-7f3e50057000 r--s 00000000 08:07 1187980                    /var/cache/fontconfig/945677eb7aeaf62f1d50efc3fb3ec7d8-le64.cache-4
7f3e50057000-7f3e5005d000 r--s 00000000 08:07 1187966                    /var/cache/fontconfig/2cd17615ca594fa2959ae173292e504c-le64.cache-4
7f3e5005d000-7f3e5005e000 r--s 00000000 08:07 1187996                    /var/cache/fontconfig/e7071f4a29fa870f4323321c154eba04-le64.cache-4
7f3e5005e000-7f3e5005f000 r--s 00000000 08:07 1187963                    /var/cache/fontconfig/0d8c3b2ac0904cb8a57a757ad11a4a08-le64.cache-4
7f3e5005f000-7f3e50066000 r--s 00000000 08:07 1187983                    /var/cache/fontconfig/a755afe4a08bf5b97852ceb7400b47bc-le64.cache-4
7f3e50066000-7f3e5007a000 r--s 00000000 08:07 1187961                    /var/cache/fontconfig/04aabc0a78ac019cf9454389977116d2-le64.cache-4
7f3e5007a000-7f3e5007b000 r--s 00000000 08:07 1187965                    /var/cache/fontconfig/1ac9eb803944fde146138c791f5cc56a-le64.cache-4
7f3e5007b000-7f3e50080000 r--s 00000000 08:07 1190938                    /var/cache/fontconfig/eb48934c523a49add3824bfad8846c40-le64.cache-4
7f3e50080000-7f3e50085000 r--s 00000000 08:07 1190937                    /var/cache/fontconfig/385c0604a188198f04d133e54aba7fe7-le64.cache-4
7f3e50085000-7f3e5008a000 r--s 00000000 08:07 1187979                    /var/cache/fontconfig/8801497958630a81b71ace7c5f9b32a8-le64.cache-4
7f3e5008a000-7f3e5008e000 r--s 00000000 08:07 1191336                    /var/cache/fontconfig/c57959a16110560c8d0fcea73374aeeb-le64.cache-4
7f3e5008e000-7f3e500a1000 r--s 00000000 08:07 1187990                    /var/cache/fontconfig/d52a8644073d54c13679302ca1180695-le64.cache-4
7f3e500a1000-7f3e500aa000 r--s 00000000 08:07 1187970                    /var/cache/fontconfig/3f7329c5293ffd510edef78f73874cfd-le64.cache-4
7f3e500aa000-7f3e500ad000 ---p 00000000 00:00 0 
7f3e500ad000-7f3e501ab000 rw-p 00000000 00:00 0                          [stack:14771]
7f3e501ab000-7f3e501ae000 ---p 00000000 00:00 0 
7f3e501ae000-7f3e502ac000 rw-p 00000000 00:00 0                          [stack:14770]
7f3e502ac000-7f3e502ad000 ---p 00000000 00:00 0 
7f3e502ad000-7f3e50aad000 rw-p 00000000 00:00 0                          [stack:14769]
7f3e50aad000-7f3e50aae000 ---p 00000000 00:00 0 
7f3e50aae000-7f3e512ae000 rw-p 00000000 00:00 0                          [stack:14768]
7f3e512ae000-7f3e512b9000 r-xp 00000000 08:07 1313010                    /usr/lib/x86_64-linux-gnu/gio/modules/libdconfsettings.so
7f3e512b9000-7f3e514b9000 ---p 0000b000 08:07 1313010                    /usr/lib/x86_64-linux-gnu/gio/modules/libdconfsettings.so
7f3e514b9000-7f3e514ba000 r--p 0000b000 08:07 1313010                    /usr/lib/x86_64-linux-gnu/gio/modules/libdconfsettings.so
7f3e514ba000-7f3e514bb000 rw-p 0000c000 08:07 1313010                    /usr/lib/x86_64-linux-gnu/gio/modules/libdconfsettings.so
7f3e514bb000-7f3e514d4000 r-xp 00000000 08:07 1313014                    /usr/lib/x86_64-linux-gnu/gio/modules/libgioremote-volume-monitor.so
7f3e514d4000-7f3e516d4000 ---p 00019000 08:07 1313014                    /usr/lib/x86_64-linux-gnu/gio/modules/libgioremote-volume-monitor.so
7f3e516d4000-7f3e516d7000 r--p 00019000 08:07 1313014                    /usr/lib/x86_64-linux-gnu/gio/modules/libgioremote-volume-monitor.so
7f3e516d7000-7f3e516d8000 rw-p 0001c000 08:07 1313014                    /usr/lib/x86_64-linux-gnu/gio/modules/libgioremote-volume-monitor.so
7f3e516d8000-7f3e5170c000 r-xp 00000000 08:07 1313315                    /usr/lib/x86_64-linux-gnu/gvfs/libgvfscommon.so
7f3e5170c000-7f3e5190c000 ---p 00034000 08:07 1313315                    /usr/lib/x86_64-linux-gnu/gvfs/libgvfscommon.so
7f3e5190c000-7f3e51911000 r--p 00034000 08:07 1313315                    /usr/lib/x86_64-linux-gnu/gvfs/libgvfscommon.so
7f3e51911000-7f3e51912000 rw-p 00039000 08:07 1313315                    /usr/lib/x86_64-linux-gnu/gvfs/libgvfscommon.so
7f3e51912000-7f3e51941000 r-xp 00000000 08:07 1313015                    /usr/lib/x86_64-linux-gnu/gio/modules/libgvfsdbus.so
7f3e51941000-7f3e51b41000 ---p 0002f000 08:07 1313015                    /usr/lib/x86_64-linux-gnu/gio/modules/libgvfsdbus.so
7f3e51b41000-7f3e51b42000 r--p 0002f000 08:07 1313015                    /usr/lib/x86_64-linux-gnu/gio/modules/libgvfsdbus.so
7f3e51b42000-7f3e51b43000 rw-p 00030000 08:07 1313015                    /usr/lib/x86_64-linux-gnu/gio/modules/libgvfsdbus.so
7f3e51b43000-7f3e51b44000 rw-p 00000000 00:00 0 
7f3e51b44000-7f3e51b4b000 r-xp 00000000 08:07 1058871                    /usr/lib/x86_64-linux-gnu/libogg.so.0.8.1
7f3e51b4b000-7f3e51d4b000 ---p 00007000 08:07 1058871                    /usr/lib/x86_64-linux-gnu/libogg.so.0.8.1
7f3e51d4b000-7f3e51d4c000 r--p 00007000 08:07 1058871                    /usr/lib/x86_64-linux-gnu/libogg.so.0.8.1
7f3e51d4c000-7f3e51d4d000 rw-p 00008000 08:07 1058871                    /usr/lib/x86_64-linux-gnu/libogg.so.0.8.1
7f3e51d4d000-7f3e51d79000 r-xp 00000000 08:07 1059149                    /usr/lib/x86_64-linux-gnu/libvorbis.so.0.4.5
7f3e51d79000-7f3e51f78000 ---p 0002c000 08:07 1059149                    /usr/lib/x86_64-linux-gnu/libvorbis.so.0.4.5
7f3e51f78000-7f3e51f79000 r--p 0002b000 08:07 1059149                    /usr/lib/x86_64-linux-gnu/libvorbis.so.0.4.5
7f3e51f79000-7f3e51f7a000 rw-p 0002c000 08:07 1059149                    /usr/lib/x86_64-linux-gnu/libvorbis.so.0.4.5
7f3e51f7a000-7f3e51f83000 r-xp 00000000 08:07 1058777                    /usr/lib/x86_64-linux-gnu/libltdl.so.7.3.0
7f3e51f83000-7f3e52182000 ---p 00009000 08:07 1058777                    /usr/lib/x86_64-linux-gnu/libltdl.so.7.3.0
7f3e52182000-7f3e52183000 r--p 00008000 08:07 1058777                    /usr/lib/x86_64-linux-gnu/libltdl.so.7.3.0
7f3e52183000-7f3e52184000 rw-p 00009000 08:07 1058777                    /usr/lib/x86_64-linux-gnu/libltdl.so.7.3.0
7f3e52184000-7f3e52195000 r-xp 00000000 08:07 1059068                    /usr/lib/x86_64-linux-gnu/libtdb.so.1.2.12
7f3e52195000-7f3e52394000 ---p 00011000 08:07 1059068                    /usr/lib/x86_64-linux-gnu/libtdb.so.1.2.12
7f3e52394000-7f3e52395000 r--p 00010000 08:07 1059068                    /usr/lib/x86_64-linux-gnu/libtdb.so.1.2.12
7f3e52395000-7f3e52396000 rw-p 00011000 08:07 1059068                    /usr/lib/x86_64-linux-gnu/libtdb.so.1.2.12
7f3e52396000-7f3e5239d000 r-xp 00000000 08:07 1059153                    /usr/lib/x86_64-linux-gnu/libvorbisfile.so.3.3.4
7f3e5239d000-7f3e5259c000 ---p 00007000 08:07 1059153                    /usr/lib/x86_64-linux-gnu/libvorbisfile.so.3.3.4
7f3e5259c000-7f3e5259d000 r--p 00006000 08:07 1059153                    /usr/lib/x86_64-linux-gnu/libvorbisfile.so.3.3.4
7f3e5259d000-7f3e5259e000 rw-p 00007000 08:07 1059153                    /usr/lib/x86_64-linux-gnu/libvorbisfile.so.3.3.4
7f3e5259e000-7f3e525ad000 r-xp 00000000 08:07 1058291                    /usr/lib/x86_64-linux-gnu/libcanberra.so.0.2.5
7f3e525ad000-7f3e527ac000 ---p 0000f000 08:07 1058291                    /usr/lib/x86_64-linux-gnu/libcanberra.so.0.2.5
7f3e527ac000-7f3e527ad000 r--p 0000e000 08:07 1058291                    /usr/lib/x86_64-linux-gnu/libcanberra.so.0.2.5
7f3e527ad000-7f3e527ae000 rw-p 0000f000 08:07 1058291                    /usr/lib/x86_64-linux-gnu/libcanberra.so.0.2.5
7f3e527ae000-7f3e527b2000 r-xp 00000000 08:07 1058287                    /usr/lib/x86_64-linux-gnu/libcanberra-gtk.so.0.1.9
7f3e527b2000-7f3e529b1000 ---p 00004000 08:07 1058287                    /usr/lib/x86_64-linux-gnu/libcanberra-gtk.so.0.1.9
7f3e529b1000-7f3e529b2000 r--p 00003000 08:07 1058287                    /usr/lib/x86_64-linux-gnu/libcanberra-gtk.so.0.1.9
7f3e529b2000-7f3e529b3000 rw-p 00004000 08:07 1058287                    /usr/lib/x86_64-linux-gnu/libcanberra-gtk.so.0.1.9
7f3e529b3000-7f3e529b8000 r-xp 00000000 08:07 1313265                    /usr/lib/x86_64-linux-gnu/gtk-2.0/modules/libcanberra-gtk-module.so
7f3e529b8000-7f3e52bb7000 ---p 00005000 08:07 1313265                    /usr/lib/x86_64-linux-gnu/gtk-2.0/modules/libcanberra-gtk-module.so
7f3e52bb7000-7f3e52bb8000 r--p 00004000 08:07 1313265                    /usr/lib/x86_64-linux-gnu/gtk-2.0/modules/libcanberra-gtk-module.so
7f3e52bb8000-7f3e52bb9000 rw-p 00005000 08:07 1313265                    /usr/lib/x86_64-linux-gnu/gtk-2.0/modules/libcanberra-gtk-module.so
7f3e52bb9000-7f3e52be8000 r-xp 00000000 08:07 1313247                    /usr/lib/x86_64-linux-gnu/gtk-2.0/2.10.0/engines/libmurrine.so
7f3e52be8000-7f3e52de8000 ---p 0002f000 08:07 1313247                    /usr/lib/x86_64-linux-gnu/gtk-2.0/2.10.0/engines/libmurrine.so
7f3e52de8000-7f3e52de9000 r--p 0002f000 08:07 1313247                    /usr/lib/x86_64-linux-gnu/gtk-2.0/2.10.0/engines/libmurrine.so
7f3e52de9000-7f3e52dea000 rw-p 00030000 08:07 1313247                    /usr/lib/x86_64-linux-gnu/gtk-2.0/2.10.0/engines/libmurrine.so
7f3e52dea000-7f3e52dfa000 r-xp 00000000 08:07 1059117                    /usr/lib/x86_64-linux-gnu/libunity-gtk2-parser.so.0.0.0
7f3e52dfa000-7f3e52ff9000 ---p 00010000 08:07 1059117                    /usr/lib/x86_64-linux-gnu/libunity-gtk2-parser.so.0.0.0
7f3e52ff9000-7f3e52ffa000 r--p 0000f000 08:07 1059117                    /usr/lib/x86_64-linux-gnu/libunity-gtk2-parser.so.0.0.0
7f3e52ffa000-7f3e52ffb000 rw-p 00010000 08:07 1059117                    /usr/lib/x86_64-linux-gnu/libunity-gtk2-parser.so.0.0.0
7f3e52ffb000-7f3e53000000 r-xp 00000000 08:07 1313269                    /usr/lib/x86_64-linux-gnu/gtk-2.0/modules/libunity-gtk-module.so
7f3e53000000-7f3e531ff000 ---p 00005000 08:07 1313269                    /usr/lib/x86_64-linux-gnu/gtk-2.0/modules/libunity-gtk-module.so
7f3e531ff000-7f3e53200000 r--p 00004000 08:07 1313269                    /usr/lib/x86_64-linux-gnu/gtk-2.0/modules/libunity-gtk-module.so
7f3e53200000-7f3e53201000 rw-p 00005000 08:07 1313269                    /usr/lib/x86_64-linux-gnu/gtk-2.0/modules/libunity-gtk-module.so
7f3e53201000-7f3e53212000 r-xp 00000000 08:07 1313268                    /usr/lib/x86_64-linux-gnu/gtk-2.0/modules/liboverlay-scrollbar.so
7f3e53212000-7f3e53411000 ---p 00011000 08:07 1313268                    /usr/lib/x86_64-linux-gnu/gtk-2.0/modules/liboverlay-scrollbar.so
7f3e53411000-7f3e53412000 r--p 00010000 08:07 1313268                    /usr/lib/x86_64-linux-gnu/gtk-2.0/modules/liboverlay-scrollbar.so
7f3e53412000-7f3e53413000 rw-p 00011000 08:07 1313268                    /usr/lib/x86_64-linux-gnu/gtk-2.0/modules/liboverlay-scrollbar.so
7f3e53413000-7f3e5343d000 r-xp 00000000 08:07 2495453                    /usr/lib/jvm/jdk1.8.0_25/jre/lib/amd64/libglass.so
7f3e5343d000-7f3e5363d000 ---p 0002a000 08:07 2495453                    /usr/lib/jvm/jdk1.8.0_25/jre/lib/amd64/libglass.so
7f3e5363d000-7f3e5363f000 r--p 0002a000 08:07 2495453                    /usr/lib/jvm/jdk1.8.0_25/jre/lib/amd64/libglass.so
7f3e5363f000-7f3e53640000 rw-p 0002c000 08:07 2495453                    /usr/lib/jvm/jdk1.8.0_25/jre/lib/amd64/libglass.so
7f3e53640000-7f3e53641000 rw-p 00000000 00:00 0 
7f3e53641000-7f3e53678000 r-xp 00000000 08:07 1059100                    /usr/lib/x86_64-linux-gnu/libtxc_dxtn_s2tc.so.0.0.0
7f3e53678000-7f3e53877000 ---p 00037000 08:07 1059100                    /usr/lib/x86_64-linux-gnu/libtxc_dxtn_s2tc.so.0.0.0
7f3e53877000-7f3e53878000 r--p 00036000 08:07 1059100                    /usr/lib/x86_64-linux-gnu/libtxc_dxtn_s2tc.so.0.0.0
7f3e53878000-7f3e53879000 rw-p 00037000 08:07 1059100                    /usr/lib/x86_64-linux-gnu/libtxc_dxtn_s2tc.so.0.0.0
7f3e53879000-7f3e53881000 r-xp 00000000 08:07 1058903                    /usr/lib/x86_64-linux-gnu/libpciaccess.so.0.11.1
7f3e53881000-7f3e53a80000 ---p 00008000 08:07 1058903                    /usr/lib/x86_64-linux-gnu/libpciaccess.so.0.11.1
7f3e53a80000-7f3e53a81000 r--p 00007000 08:07 1058903                    /usr/lib/x86_64-linux-gnu/libpciaccess.so.0.11.1
7f3e53a81000-7f3e53a82000 rw-p 00008000 08:07 1058903                    /usr/lib/x86_64-linux-gnu/libpciaccess.so.0.11.1
7f3e53a82000-7f3e53a8e000 r-xp 00000000 08:07 1058400                    /usr/lib/x86_64-linux-gnu/libdrm_radeon.so.1.0.1
7f3e53a8e000-7f3e53c8d000 ---p 0000c000 08:07 1058400                    /usr/lib/x86_64-linux-gnu/libdrm_radeon.so.1.0.1
7f3e53c8d000-7f3e53c8e000 r--p 0000b000 08:07 1058400                    /usr/lib/x86_64-linux-gnu/libdrm_radeon.so.1.0.1
7f3e53c8e000-7f3e53c8f000 rw-p 0000c000 08:07 1058400                    /usr/lib/x86_64-linux-gnu/libdrm_radeon.so.1.0.1
7f3e53c8f000-7f3e53c94000 r-xp 00000000 08:07 1058398                    /usr/lib/x86_64-linux-gnu/libdrm_nouveau.so.2.0.0
7f3e53c94000-7f3e53e93000 ---p 00005000 08:07 1058398                    /usr/lib/x86_64-linux-gnu/libdrm_nouveau.so.2.0.0
7f3e53e93000-7f3e53e94000 r--p 00004000 08:07 1058398                    /usr/lib/x86_64-linux-gnu/libdrm_nouveau.so.2.0.0
7f3e53e94000-7f3e53e95000 rw-p 00005000 08:07 1058398                    /usr/lib/x86_64-linux-gnu/libdrm_nouveau.so.2.0.0
7f3e53e95000-7f3e53eb4000 r-xp 00000000 08:07 1058396                    /usr/lib/x86_64-linux-gnu/libdrm_intel.so.1.0.0
7f3e53eb4000-7f3e540b3000 ---p 0001f000 08:07 1058396                    /usr/lib/x86_64-linux-gnu/libdrm_intel.so.1.0.0
7f3e540b3000-7f3e540b4000 r--p 0001e000 08:07 1058396                    /usr/lib/x86_64-linux-gnu/libdrm_intel.so.1.0.0
7f3e540b4000-7f3e540b5000 rw-p 0001f000 08:07 1058396                    /usr/lib/x86_64-linux-gnu/libdrm_intel.so.1.0.0
7f3e540b5000-7f3e545a2000 r-xp 00000000 08:07 1312344                    /usr/lib/x86_64-linux-gnu/dri/i965_dri.so
7f3e545a2000-7f3e547a2000 ---p 004ed000 08:07 1312344                    /usr/lib/x86_64-linux-gnu/dri/i965_dri.so
7f3e547a2000-7f3e547b9000 r--p 004ed000 08:07 1312344                    /usr/lib/x86_64-linux-gnu/dri/i965_dri.so
7f3e547b9000-7f3e547c5000 rw-p 00504000 08:07 1312344                    /usr/lib/x86_64-linux-gnu/dri/i965_dri.so
7f3e547c5000-7f3e54811000 rw-p 00000000 00:00 0 
7f3e54811000-7f3e54855000 r-xp 00000000 08:07 1708082                    /lib/x86_64-linux-gnu/libdbus-1.so.3.7.6
7f3e54855000-7f3e54a54000 ---p 00044000 08:07 1708082                    /lib/x86_64-linux-gnu/libdbus-1.so.3.7.6
7f3e54a54000-7f3e54a55000 r--p 00043000 08:07 1708082                    /lib/x86_64-linux-gnu/libdbus-1.so.3.7.6
7f3e54a55000-7f3e54a56000 rw-p 00044000 08:07 1708082                    /lib/x86_64-linux-gnu/libdbus-1.so.3.7.6
7f3e54a56000-7f3e54a5e000 r-xp 00000000 08:07 1708130                    /lib/x86_64-linux-gnu/libnih-dbus.so.1.0.0
7f3e54a5e000-7f3e54c5e000 ---p 00008000 08:07 1708130                    /lib/x86_64-linux-gnu/libnih-dbus.so.1.0.0
7f3e54c5e000-7f3e54c5f000 r--p 00008000 08:07 1708130                    /lib/x86_64-linux-gnu/libnih-dbus.so.1.0.0
7f3e54c5f000-7f3e54c60000 rw-p 00009000 08:07 1708130                    /lib/x86_64-linux-gnu/libnih-dbus.so.1.0.0
7f3e54c60000-7f3e54c77000 r-xp 00000000 08:07 1708132                    /lib/x86_64-linux-gnu/libnih.so.1.0.0
7f3e54c77000-7f3e54e76000 ---p 00017000 08:07 1708132                    /lib/x86_64-linux-gnu/libnih.so.1.0.0
7f3e54e76000-7f3e54e77000 r--p 00016000 08:07 1708132                    /lib/x86_64-linux-gnu/libnih.so.1.0.0
7f3e54e77000-7f3e54e78000 rw-p 00017000 08:07 1708132                    /lib/x86_64-linux-gnu/libnih.so.1.0.0
7f3e54e78000-7f3e54e90000 r-xp 00000000 08:07 1708073                    /lib/x86_64-linux-gnu/libcgmanager.so.0.0.0
7f3e54e90000-7f3e5508f000 ---p 00018000 08:07 1708073                    /lib/x86_64-linux-gnu/libcgmanager.so.0.0.0
7f3e5508f000-7f3e55091000 r--p 00017000 08:07 1708073                    /lib/x86_64-linux-gnu/libcgmanager.so.0.0.0
7f3e55091000-7f3e55092000 rw-p 00019000 08:07 1708073                    /lib/x86_64-linux-gnu/libcgmanager.so.0.0.0
7f3e55092000-7f3e550a2000 r-xp 00000000 08:07 1708216                    /lib/x86_64-linux-gnu/libudev.so.1.3.5
7f3e550a2000-7f3e552a1000 ---p 00010000 08:07 1708216                    /lib/x86_64-linux-gnu/libudev.so.1.3.5
7f3e552a1000-7f3e552a2000 r--p 0000f000 08:07 1708216                    /lib/x86_64-linux-gnu/libudev.so.1.3.5
7f3e552a2000-7f3e552a3000 rw-p 00010000 08:07 1708216                    /lib/x86_64-linux-gnu/libudev.so.1.3.5
7f3e552a3000-7f3e552a9000 r-xp 00000000 08:07 1058355                    /usr/lib/x86_64-linux-gnu/libdatrie.so.1.3.1
7f3e552a9000-7f3e554a8000 ---p 00006000 08:07 1058355                    /usr/lib/x86_64-linux-gnu/libdatrie.so.1.3.1
7f3e554a8000-7f3e554a9000 r--p 00005000 08:07 1058355                    /usr/lib/x86_64-linux-gnu/libdatrie.so.1.3.1
7f3e554a9000-7f3e554aa000 rw-p 00006000 08:07 1058355                    /usr/lib/x86_64-linux-gnu/libdatrie.so.1.3.1
7f3e554aa000-7f3e554af000 r-xp 00000000 08:07 1058163                    /usr/lib/x86_64-linux-gnu/libXdmcp.so.6.0.0
7f3e554af000-7f3e556ae000 ---p 00005000 08:07 1058163                    /usr/lib/x86_64-linux-gnu/libXdmcp.so.6.0.0
7f3e556ae000-7f3e556af000 r--p 00004000 08:07 1058163                    /usr/lib/x86_64-linux-gnu/libXdmcp.so.6.0.0
7f3e556af000-7f3e556b0000 rw-p 00005000 08:07 1058163                    /usr/lib/x86_64-linux-gnu/libXdmcp.so.6.0.0
7f3e556b0000-7f3e556b2000 r-xp 00000000 08:07 1058152                    /usr/lib/x86_64-linux-gnu/libXau.so.6.0.0
7f3e556b2000-7f3e558b2000 ---p 00002000 08:07 1058152                    /usr/lib/x86_64-linux-gnu/libXau.so.6.0.0
7f3e558b2000-7f3e558b3000 r--p 00002000 08:07 1058152                    /usr/lib/x86_64-linux-gnu/libXau.so.6.0.0
7f3e558b3000-7f3e558b4000 rw-p 00003000 08:07 1058152                    /usr/lib/x86_64-linux-gnu/libXau.so.6.0.0
7f3e558b4000-7f3e558ce000 r-xp 00000000 08:07 1058581                    /usr/lib/x86_64-linux-gnu/libgraphite2.so.3.0.1
7f3e558ce000-7f3e55acd000 ---p 0001a000 08:07 1058581                    /usr/lib/x86_64-linux-gnu/libgraphite2.so.3.0.1
7f3e55acd000-7f3e55acf000 r--p 00019000 08:07 1058581                    /usr/lib/x86_64-linux-gnu/libgraphite2.so.3.0.1
7f3e55acf000-7f3e55ad0000 rw-p 0001b000 08:07 1058581                    /usr/lib/x86_64-linux-gnu/libgraphite2.so.3.0.1
7f3e55ad0000-7f3e55adb000 r-xp 00000000 08:07 1058394                    /usr/lib/x86_64-linux-gnu/libdrm.so.2.4.0
7f3e55adb000-7f3e55cda000 ---p 0000b000 08:07 1058394                    /usr/lib/x86_64-linux-gnu/libdrm.so.2.4.0
7f3e55cda000-7f3e55cdb000 r--p 0000a000 08:07 1058394                    /usr/lib/x86_64-linux-gnu/libdrm.so.2.4.0
7f3e55cdb000-7f3e55cdc000 rw-p 0000b000 08:07 1058394                    /usr/lib/x86_64-linux-gnu/libdrm.so.2.4.0
7f3e55cdc000-7f3e55cdd000 r-xp 00000000 08:07 1059228                    /usr/lib/x86_64-linux-gnu/libxshmfence.so.1.0.0
7f3e55cdd000-7f3e55edc000 ---p 00001000 08:07 1059228                    /usr/lib/x86_64-linux-gnu/libxshmfence.so.1.0.0
7f3e55edc000-7f3e55edd000 r--p 00000000 08:07 1059228                    /usr/lib/x86_64-linux-gnu/libxshmfence.so.1.0.0
7f3e55edd000-7f3e55ede000 rw-p 00001000 08:07 1059228                    /usr/lib/x86_64-linux-gnu/libxshmfence.so.1.0.0
7f3e55ede000-7f3e55ee3000 r-xp 00000000 08:07 1059212                    /usr/lib/x86_64-linux-gnu/libxcb-sync.so.1.0.0
7f3e55ee3000-7f3e560e2000 ---p 00005000 08:07 1059212                    /usr/lib/x86_64-linux-gnu/libxcb-sync.so.1.0.0
7f3e560e2000-7f3e560e3000 r--p 00004000 08:07 1059212                    /usr/lib/x86_64-linux-gnu/libxcb-sync.so.1.0.0
7f3e560e3000-7f3e560e4000 rw-p 00005000 08:07 1059212                    /usr/lib/x86_64-linux-gnu/libxcb-sync.so.1.0.0
7f3e560e4000-7f3e560e6000 r-xp 00000000 08:07 1059200                    /usr/lib/x86_64-linux-gnu/libxcb-present.so.0.0.0
7f3e560e6000-7f3e562e5000 ---p 00002000 08:07 1059200                    /usr/lib/x86_64-linux-gnu/libxcb-present.so.0.0.0
7f3e562e5000-7f3e562e6000 r--p 00001000 08:07 1059200                    /usr/lib/x86_64-linux-gnu/libxcb-present.so.0.0.0
7f3e562e6000-7f3e562e7000 rw-p 00002000 08:07 1059200                    /usr/lib/x86_64-linux-gnu/libxcb-present.so.0.0.0
7f3e562e7000-7f3e562e9000 r-xp 00000000 08:07 1059192                    /usr/lib/x86_64-linux-gnu/libxcb-dri3.so.0.0.0
7f3e562e9000-7f3e564e8000 ---p 00002000 08:07 1059192                    /usr/lib/x86_64-linux-gnu/libxcb-dri3.so.0.0.0
7f3e564e8000-7f3e564e9000 r--p 00001000 08:07 1059192                    /usr/lib/x86_64-linux-gnu/libxcb-dri3.so.0.0.0
7f3e564e9000-7f3e564ea000 rw-p 00002000 08:07 1059192                    /usr/lib/x86_64-linux-gnu/libxcb-dri3.so.0.0.0
7f3e564ea000-7f3e564ed000 r-xp 00000000 08:07 1059190                    /usr/lib/x86_64-linux-gnu/libxcb-dri2.so.0.0.0
7f3e564ed000-7f3e566ed000 ---p 00003000 08:07 1059190                    /usr/lib/x86_64-linux-gnu/libxcb-dri2.so.0.0.0
7f3e566ed000-7f3e566ee000 r--p 00003000 08:07 1059190                    /usr/lib/x86_64-linux-gnu/libxcb-dri2.so.0.0.0
7f3e566ee000-7f3e566ef000 rw-p 00004000 08:07 1059190                    /usr/lib/x86_64-linux-gnu/libxcb-dri2.so.0.0.0
7f3e566ef000-7f3e56704000 r-xp 00000000 08:07 1059194                    /usr/lib/x86_64-linux-gnu/libxcb-glx.so.0.0.0
7f3e56704000-7f3e56903000 ---p 00015000 08:07 1059194                    /usr/lib/x86_64-linux-gnu/libxcb-glx.so.0.0.0
7f3e56903000-7f3e56905000 r--p 00014000 08:07 1059194                    /usr/lib/x86_64-linux-gnu/libxcb-glx.so.0.0.0
7f3e56905000-7f3e56906000 rw-p 00016000 08:07 1059194                    /usr/lib/x86_64-linux-gnu/libxcb-glx.so.0.0.0
7f3e56906000-7f3e56907000 r-xp 00000000 08:07 1058146                    /usr/lib/x86_64-linux-gnu/libX11-xcb.so.1.0.0
7f3e56907000-7f3e56b06000 ---p 00001000 08:07 1058146                    /usr/lib/x86_64-linux-gnu/libX11-xcb.so.1.0.0
7f3e56b06000-7f3e56b07000 r--p 00000000 08:07 1058146                    /usr/lib/x86_64-linux-gnu/libX11-xcb.so.1.0.0
7f3e56b07000-7f3e56b08000 rw-p 00001000 08:07 1058146                    /usr/lib/x86_64-linux-gnu/libX11-xcb.so.1.0.0
7f3e56b08000-7f3e56b2a000 r-xp 00000000 08:07 1058539                    /usr/lib/x86_64-linux-gnu/libglapi.so.0.0.0
7f3e56b2a000-7f3e56d2a000 ---p 00022000 08:07 1058539                    /usr/lib/x86_64-linux-gnu/libglapi.so.0.0.0
7f3e56d2a000-7f3e56d2d000 r--p 00022000 08:07 1058539                    /usr/lib/x86_64-linux-gnu/libglapi.so.0.0.0
7f3e56d2d000-7f3e56d2e000 rw-p 00025000 08:07 1058539                    /usr/lib/x86_64-linux-gnu/libglapi.so.0.0.0
7f3e56d2e000-7f3e56d2f000 rw-p 00000000 00:00 0 
7f3e56d2f000-7f3e56d6c000 r-xp 00000000 08:07 1708171                    /lib/x86_64-linux-gnu/libpcre.so.3.13.1
7f3e56d6c000-7f3e56f6b000 ---p 0003d000 08:07 1708171                    /lib/x86_64-linux-gnu/libpcre.so.3.13.1
7f3e56f6b000-7f3e56f6c000 r--p 0003c000 08:07 1708171                    /lib/x86_64-linux-gnu/libpcre.so.3.13.1
7f3e56f6c000-7f3e56f6d000 rw-p 0003d000 08:07 1708171                    /lib/x86_64-linux-gnu/libpcre.so.3.13.1
7f3e56f6d000-7f3e56f74000 r-xp 00000000 08:07 1058430                    /usr/lib/x86_64-linux-gnu/libffi.so.6.0.1
7f3e56f74000-7f3e57173000 ---p 00007000 08:07 1058430                    /usr/lib/x86_64-linux-gnu/libffi.so.6.0.1
7f3e57173000-7f3e57174000 r--p 00006000 08:07 1058430                    /usr/lib/x86_64-linux-gnu/libffi.so.6.0.1
7f3e57174000-7f3e57175000 rw-p 00007000 08:07 1058430                    /usr/lib/x86_64-linux-gnu/libffi.so.6.0.1
7f3e57175000-7f3e5719c000 r-xp 00000000 08:07 1708090                    /lib/x86_64-linux-gnu/libexpat.so.1.6.0
7f3e5719c000-7f3e5739c000 ---p 00027000 08:07 1708090                    /lib/x86_64-linux-gnu/libexpat.so.1.6.0
7f3e5739c000-7f3e5739e000 r--p 00027000 08:07 1708090                    /lib/x86_64-linux-gnu/libexpat.so.1.6.0
7f3e5739e000-7f3e5739f000 rw-p 00029000 08:07 1708090                    /lib/x86_64-linux-gnu/libexpat.so.1.6.0
7f3e5739f000-7f3e573a7000 r-xp 00000000 08:07 1059080                    /usr/lib/x86_64-linux-gnu/libthai.so.0.2.0
7f3e573a7000-7f3e575a6000 ---p 00008000 08:07 1059080                    /usr/lib/x86_64-linux-gnu/libthai.so.0.2.0
7f3e575a6000-7f3e575a7000 r--p 00007000 08:07 1059080                    /usr/lib/x86_64-linux-gnu/libthai.so.0.2.0
7f3e575a7000-7f3e575a8000 rw-p 00008000 08:07 1059080                    /usr/lib/x86_64-linux-gnu/libthai.so.0.2.0
7f3e575a8000-7f3e575c5000 r-xp 00000000 08:07 1059220                    /usr/lib/x86_64-linux-gnu/libxcb.so.1.1.0
7f3e575c5000-7f3e577c5000 ---p 0001d000 08:07 1059220                    /usr/lib/x86_64-linux-gnu/libxcb.so.1.1.0
7f3e577c5000-7f3e577c6000 r--p 0001d000 08:07 1059220                    /usr/lib/x86_64-linux-gnu/libxcb.so.1.1.0
7f3e577c6000-7f3e577c7000 rw-p 0001e000 08:07 1059220                    /usr/lib/x86_64-linux-gnu/libxcb.so.1.1.0
7f3e577c7000-7f3e577cf000 r-xp 00000000 08:07 1059206                    /usr/lib/x86_64-linux-gnu/libxcb-render.so.0.0.0
7f3e577cf000-7f3e579ce000 ---p 00008000 08:07 1059206                    /usr/lib/x86_64-linux-gnu/libxcb-render.so.0.0.0
7f3e579ce000-7f3e579cf000 r--p 00007000 08:07 1059206                    /usr/lib/x86_64-linux-gnu/libxcb-render.so.0.0.0
7f3e579cf000-7f3e579d0000 rw-p 00008000 08:07 1059206                    /usr/lib/x86_64-linux-gnu/libxcb-render.so.0.0.0
7f3e579d0000-7f3e579d2000 r-xp 00000000 08:07 1059210                    /usr/lib/x86_64-linux-gnu/libxcb-shm.so.0.0.0
7f3e579d2000-7f3e57bd1000 ---p 00002000 08:07 1059210                    /usr/lib/x86_64-linux-gnu/libxcb-shm.so.0.0.0
7f3e57bd1000-7f3e57bd2000 r--p 00001000 08:07 1059210                    /usr/lib/x86_64-linux-gnu/libxcb-shm.so.0.0.0
7f3e57bd2000-7f3e57bd3000 rw-p 00002000 08:07 1059210                    /usr/lib/x86_64-linux-gnu/libxcb-shm.so.0.0.0
7f3e57bd3000-7f3e57bf8000 r-xp 00000000 08:07 1708183                    /lib/x86_64-linux-gnu/libpng12.so.0.50.0
7f3e57bf8000-7f3e57df7000 ---p 00025000 08:07 1708183                    /lib/x86_64-linux-gnu/libpng12.so.0.50.0
7f3e57df7000-7f3e57df8000 r--p 00024000 08:07 1708183                    /lib/x86_64-linux-gnu/libpng12.so.0.50.0
7f3e57df8000-7f3e57df9000 rw-p 00025000 08:07 1708183                    /lib/x86_64-linux-gnu/libpng12.so.0.50.0
7f3e57df9000-7f3e57e9a000 r-xp 00000000 08:07 1058910                    /usr/lib/x86_64-linux-gnu/libpixman-1.so.0.30.2
7f3e57e9a000-7f3e5809a000 ---p 000a1000 08:07 1058910                    /usr/lib/x86_64-linux-gnu/libpixman-1.so.0.30.2
7f3e5809a000-7f3e580a1000 r--p 000a1000 08:07 1058910                    /usr/lib/x86_64-linux-gnu/libpixman-1.so.0.30.2
7f3e580a1000-7f3e580a2000 rw-p 000a8000 08:07 1058910                    /usr/lib/x86_64-linux-gnu/libpixman-1.so.0.30.2
7f3e580a2000-7f3e580f5000 r-xp 00000000 08:07 1058694                    /usr/lib/x86_64-linux-gnu/libharfbuzz.so.0.927.0
7f3e580f5000-7f3e582f5000 ---p 00053000 08:07 1058694                    /usr/lib/x86_64-linux-gnu/libharfbuzz.so.0.927.0
7f3e582f5000-7f3e582f6000 r--p 00053000 08:07 1058694                    /usr/lib/x86_64-linux-gnu/libharfbuzz.so.0.927.0
7f3e582f6000-7f3e582f7000 rw-p 00054000 08:07 1058694                    /usr/lib/x86_64-linux-gnu/libharfbuzz.so.0.927.0
7f3e582f7000-7f3e5830e000 r-xp 00000000 08:07 1708194                    /lib/x86_64-linux-gnu/libresolv-2.19.so
7f3e5830e000-7f3e5850e000 ---p 00017000 08:07 1708194                    /lib/x86_64-linux-gnu/libresolv-2.19.so
7f3e5850e000-7f3e5850f000 r--p 00017000 08:07 1708194                    /lib/x86_64-linux-gnu/libresolv-2.19.so
7f3e5850f000-7f3e58510000 rw-p 00018000 08:07 1708194                    /lib/x86_64-linux-gnu/libresolv-2.19.so
7f3e58510000-7f3e58512000 rw-p 00000000 00:00 0 
7f3e58512000-7f3e58532000 r-xp 00000000 08:07 1708198                    /lib/x86_64-linux-gnu/libselinux.so.1
7f3e58532000-7f3e58731000 ---p 00020000 08:07 1708198                    /lib/x86_64-linux-gnu/libselinux.so.1
7f3e58731000-7f3e58732000 r--p 0001f000 08:07 1708198                    /lib/x86_64-linux-gnu/libselinux.so.1
7f3e58732000-7f3e58733000 rw-p 00020000 08:07 1708198                    /lib/x86_64-linux-gnu/libselinux.so.1
7f3e58733000-7f3e58735000 rw-p 00000000 00:00 0 
7f3e58735000-7f3e5874d000 r-xp 00000000 08:07 1708231                    /lib/x86_64-linux-gnu/libz.so.1.2.8
7f3e5874d000-7f3e5894c000 ---p 00018000 08:07 1708231                    /lib/x86_64-linux-gnu/libz.so.1.2.8
7f3e5894c000-7f3e5894d000 r--p 00017000 08:07 1708231                    /lib/x86_64-linux-gnu/libz.so.1.2.8
7f3e5894d000-7f3e5894e000 rw-p 00018000 08:07 1708231                    /lib/x86_64-linux-gnu/libz.so.1.2.8
7f3e5894e000-7f3e5895f000 r-xp 00000000 08:07 1058165                    /usr/lib/x86_64-linux-gnu/libXext.so.6.4.0
7f3e5895f000-7f3e58b5e000 ---p 00011000 08:07 1058165                    /usr/lib/x86_64-linux-gnu/libXext.so.6.4.0
7f3e58b5e000-7f3e58b5f000 r--p 00010000 08:07 1058165                    /usr/lib/x86_64-linux-gnu/libXext.so.6.4.0
7f3e58b5f000-7f3e58b60000 rw-p 00011000 08:07 1058165                    /usr/lib/x86_64-linux-gnu/libXext.so.6.4.0
7f3e58b60000-7f3e58b62000 r-xp 00000000 08:07 1058161                    /usr/lib/x86_64-linux-gnu/libXdamage.so.1.1.0
7f3e58b62000-7f3e58d61000 ---p 00002000 08:07 1058161                    /usr/lib/x86_64-linux-gnu/libXdamage.so.1.1.0
7f3e58d61000-7f3e58d62000 r--p 00001000 08:07 1058161                    /usr/lib/x86_64-linux-gnu/libXdamage.so.1.1.0
7f3e58d62000-7f3e58d63000 rw-p 00002000 08:07 1058161                    /usr/lib/x86_64-linux-gnu/libXdamage.so.1.1.0
7f3e58d63000-7f3e58d65000 r-xp 00000000 08:07 1058157                    /usr/lib/x86_64-linux-gnu/libXcomposite.so.1.0.0
7f3e58d65000-7f3e58f64000 ---p 00002000 08:07 1058157                    /usr/lib/x86_64-linux-gnu/libXcomposite.so.1.0.0
7f3e58f64000-7f3e58f65000 r--p 00001000 08:07 1058157                    /usr/lib/x86_64-linux-gnu/libXcomposite.so.1.0.0
7f3e58f65000-7f3e58f66000 rw-p 00002000 08:07 1058157                    /usr/lib/x86_64-linux-gnu/libXcomposite.so.1.0.0
7f3e58f66000-7f3e58f6f000 r-xp 00000000 08:07 1058159                    /usr/lib/x86_64-linux-gnu/libXcursor.so.1.0.2
7f3e58f6f000-7f3e5916e000 ---p 00009000 08:07 1058159                    /usr/lib/x86_64-linux-gnu/libXcursor.so.1.0.2
7f3e5916e000-7f3e5916f000 r--p 00008000 08:07 1058159                    /usr/lib/x86_64-linux-gnu/libXcursor.so.1.0.2
7f3e5916f000-7f3e59170000 rw-p 00009000 08:07 1058159                    /usr/lib/x86_64-linux-gnu/libXcursor.so.1.0.2
7f3e59170000-7f3e59179000 r-xp 00000000 08:07 1058185                    /usr/lib/x86_64-linux-gnu/libXrandr.so.2.2.0
7f3e59179000-7f3e59378000 ---p 00009000 08:07 1058185                    /usr/lib/x86_64-linux-gnu/libXrandr.so.2.2.0
7f3e59378000-7f3e59379000 r--p 00008000 08:07 1058185                    /usr/lib/x86_64-linux-gnu/libXrandr.so.2.2.0
7f3e59379000-7f3e5937a000 rw-p 00009000 08:07 1058185                    /usr/lib/x86_64-linux-gnu/libXrandr.so.2.2.0
7f3e5937a000-7f3e59389000 r-xp 00000000 08:07 1058173                    /usr/lib/x86_64-linux-gnu/libXi.so.6.1.0
7f3e59389000-7f3e59588000 ---p 0000f000 08:07 1058173                    /usr/lib/x86_64-linux-gnu/libXi.so.6.1.0
7f3e59588000-7f3e59589000 r--p 0000e000 08:07 1058173                    /usr/lib/x86_64-linux-gnu/libXi.so.6.1.0
7f3e59589000-7f3e5958a000 rw-p 0000f000 08:07 1058173                    /usr/lib/x86_64-linux-gnu/libXi.so.6.1.0
7f3e5958a000-7f3e5958c000 r-xp 00000000 08:07 1058175                    /usr/lib/x86_64-linux-gnu/libXinerama.so.1.0.0
7f3e5958c000-7f3e5978b000 ---p 00002000 08:07 1058175                    /usr/lib/x86_64-linux-gnu/libXinerama.so.1.0.0
7f3e5978b000-7f3e5978c000 r--p 00001000 08:07 1058175                    /usr/lib/x86_64-linux-gnu/libXinerama.so.1.0.0
7f3e5978c000-7f3e5978d000 rw-p 00002000 08:07 1058175                    /usr/lib/x86_64-linux-gnu/libXinerama.so.1.0.0
7f3e5978d000-7f3e59796000 r-xp 00000000 08:07 1058187                    /usr/lib/x86_64-linux-gnu/libXrender.so.1.3.0
7f3e59796000-7f3e59995000 ---p 00009000 08:07 1058187                    /usr/lib/x86_64-linux-gnu/libXrender.so.1.3.0
7f3e59995000-7f3e59996000 r--p 00008000 08:07 1058187                    /usr/lib/x86_64-linux-gnu/libXrender.so.1.3.0
7f3e59996000-7f3e59997000 rw-p 00009000 08:07 1058187                    /usr/lib/x86_64-linux-gnu/libXrender.so.1.3.0
7f3e59997000-7f3e5999c000 r-xp 00000000 08:07 1058167                    /usr/lib/x86_64-linux-gnu/libXfixes.so.3.1.0
7f3e5999c000-7f3e59b9b000 ---p 00005000 08:07 1058167                    /usr/lib/x86_64-linux-gnu/libXfixes.so.3.1.0
7f3e59b9b000-7f3e59b9c000 r--p 00004000 08:07 1058167                    /usr/lib/x86_64-linux-gnu/libXfixes.so.3.1.0
7f3e59b9c000-7f3e59b9d000 rw-p 00005000 08:07 1058167                    /usr/lib/x86_64-linux-gnu/libXfixes.so.3.1.0
7f3e59b9d000-7f3e59bb3000 r-xp 00000000 08:07 1708095                    /lib/x86_64-linux-gnu/libgcc_s.so.1
7f3e59bb3000-7f3e59db2000 ---p 00016000 08:07 1708095                    /lib/x86_64-linux-gnu/libgcc_s.so.1
7f3e59db2000-7f3e59db3000 rw-p 00015000 08:07 1708095                    /lib/x86_64-linux-gnu/libgcc_s.so.1
7f3e59db3000-7f3e59e99000 r-xp 00000000 08:07 1059058                    /usr/lib/x86_64-linux-gnu/libstdc++.so.6.0.19
7f3e59e99000-7f3e5a098000 ---p 000e6000 08:07 1059058                    /usr/lib/x86_64-linux-gnu/libstdc++.so.6.0.19
7f3e5a098000-7f3e5a0a0000 r--p 000e5000 08:07 1059058                    /usr/lib/x86_64-linux-gnu/libstdc++.so.6.0.19
7f3e5a0a0000-7f3e5a0a2000 rw-p 000ed000 08:07 1059058                    /usr/lib/x86_64-linux-gnu/libstdc++.so.6.0.19
7f3e5a0a2000-7f3e5a0b7000 rw-p 00000000 00:00 0 
7f3e5a0b7000-7f3e5a118000 r-xp 00000000 08:07 1313456                    /usr/lib/x86_64-linux-gnu/mesa/libGL.so.1.2.0
7f3e5a118000-7f3e5a317000 ---p 00061000 08:07 1313456                    /usr/lib/x86_64-linux-gnu/mesa/libGL.so.1.2.0
7f3e5a317000-7f3e5a31a000 r--p 00060000 08:07 1313456                    /usr/lib/x86_64-linux-gnu/mesa/libGL.so.1.2.0
7f3e5a31a000-7f3e5a31b000 rw-p 00063000 08:07 1313456                    /usr/lib/x86_64-linux-gnu/mesa/libGL.so.1.2.0
7f3e5a31b000-7f3e5a31c000 rw-p 00000000 00:00 0 
7f3e5a31c000-7f3e5a320000 r-xp 00000000 08:07 1058203                    /usr/lib/x86_64-linux-gnu/libXxf86vm.so.1.0.0
7f3e5a320000-7f3e5a520000 ---p 00004000 08:07 1058203                    /usr/lib/x86_64-linux-gnu/libXxf86vm.so.1.0.0
7f3e5a520000-7f3e5a521000 r--p 00004000 08:07 1058203                    /usr/lib/x86_64-linux-gnu/libXxf86vm.so.1.0.0
7f3e5a521000-7f3e5a522000 rw-p 00005000 08:07 1058203                    /usr/lib/x86_64-linux-gnu/libXxf86vm.so.1.0.0
7f3e5a522000-7f3e5a652000 r-xp 00000000 08:07 1058148                    /usr/lib/x86_64-linux-gnu/libX11.so.6.3.0
7f3e5a652000-7f3e5a852000 ---p 00130000 08:07 1058148                    /usr/lib/x86_64-linux-gnu/libX11.so.6.3.0
7f3e5a852000-7f3e5a853000 r--p 00130000 08:07 1058148                    /usr/lib/x86_64-linux-gnu/libX11.so.6.3.0
7f3e5a853000-7f3e5a857000 rw-p 00131000 08:07 1058148                    /usr/lib/x86_64-linux-gnu/libX11.so.6.3.0
7f3e5a857000-7f3e5a85c000 r-xp 00000000 08:07 1058193                    /usr/lib/x86_64-linux-gnu/libXtst.so.6.1.0
7f3e5a85c000-7f3e5aa5b000 ---p 00005000 08:07 1058193                    /usr/lib/x86_64-linux-gnu/libXtst.so.6.1.0
7f3e5aa5b000-7f3e5aa5c000 r--p 00004000 08:07 1058193                    /usr/lib/x86_64-linux-gnu/libXtst.so.6.1.0
7f3e5aa5c000-7f3e5aa5d000 rw-p 00005000 08:07 1058193                    /usr/lib/x86_64-linux-gnu/libXtst.so.6.1.0
7f3e5aa5d000-7f3e5ab63000 r-xp 00000000 08:07 1708099                    /lib/x86_64-linux-gnu/libglib-2.0.so.0.4000.0
7f3e5ab63000-7f3e5ad62000 ---p 00106000 08:07 1708099                    /lib/x86_64-linux-gnu/libglib-2.0.so.0.4000.0
7f3e5ad62000-7f3e5ad63000 r--p 00105000 08:07 1708099                    /lib/x86_64-linux-gnu/libglib-2.0.so.0.4000.0
7f3e5ad63000-7f3e5ad64000 rw-p 00106000 08:07 1708099                    /lib/x86_64-linux-gnu/libglib-2.0.so.0.4000.0
7f3e5ad64000-7f3e5ad65000 rw-p 00000000 00:00 0 
7f3e5ad65000-7f3e5ad66000 r-xp 00000000 08:07 1058670                    /usr/lib/x86_64-linux-gnu/libgthread-2.0.so.0.4000.0
7f3e5ad66000-7f3e5af65000 ---p 00001000 08:07 1058670                    /usr/lib/x86_64-linux-gnu/libgthread-2.0.so.0.4000.0
7f3e5af65000-7f3e5af66000 r--p 00000000 08:07 1058670                    /usr/lib/x86_64-linux-gnu/libgthread-2.0.so.0.4000.0
7f3e5af66000-7f3e5af67000 rw-p 00001000 08:07 1058670                    /usr/lib/x86_64-linux-gnu/libgthread-2.0.so.0.4000.0
7f3e5af67000-7f3e5af6a000 r-xp 00000000 08:07 1058547                    /usr/lib/x86_64-linux-gnu/libgmodule-2.0.so.0.4000.0
7f3e5af6a000-7f3e5b169000 ---p 00003000 08:07 1058547                    /usr/lib/x86_64-linux-gnu/libgmodule-2.0.so.0.4000.0
7f3e5b169000-7f3e5b16a000 r--p 00002000 08:07 1058547                    /usr/lib/x86_64-linux-gnu/libgmodule-2.0.so.0.4000.0
7f3e5b16a000-7f3e5b16b000 rw-p 00003000 08:07 1058547                    /usr/lib/x86_64-linux-gnu/libgmodule-2.0.so.0.4000.0
7f3e5b16b000-7f3e5b1ba000 r-xp 00000000 08:07 1058563                    /usr/lib/x86_64-linux-gnu/libgobject-2.0.so.0.4000.0
7f3e5b1ba000-7f3e5b3ba000 ---p 0004f000 08:07 1058563                    /usr/lib/x86_64-linux-gnu/libgobject-2.0.so.0.4000.0
7f3e5b3ba000-7f3e5b3bb000 r--p 0004f000 08:07 1058563                    /usr/lib/x86_64-linux-gnu/libgobject-2.0.so.0.4000.0
7f3e5b3bb000-7f3e5b3bc000 rw-p 00050000 08:07 1058563                    /usr/lib/x86_64-linux-gnu/libgobject-2.0.so.0.4000.0
7f3e5b3bc000-7f3e5b3f6000 r-xp 00000000 08:07 1058444                    /usr/lib/x86_64-linux-gnu/libfontconfig.so.1.8.0
7f3e5b3f6000-7f3e5b5f5000 ---p 0003a000 08:07 1058444                    /usr/lib/x86_64-linux-gnu/libfontconfig.so.1.8.0
7f3e5b5f5000-7f3e5b5f7000 r--p 00039000 08:07 1058444                    /usr/lib/x86_64-linux-gnu/libfontconfig.so.1.8.0
7f3e5b5f7000-7f3e5b5f8000 rw-p 0003b000 08:07 1058444                    /usr/lib/x86_64-linux-gnu/libfontconfig.so.1.8.0
7f3e5b5f8000-7f3e5b695000 r-xp 00000000 08:07 1058472                    /usr/lib/x86_64-linux-gnu/libfreetype.so.6.11.1
7f3e5b695000-7f3e5b894000 ---p 0009d000 08:07 1058472                    /usr/lib/x86_64-linux-gnu/libfreetype.so.6.11.1
7f3e5b894000-7f3e5b89a000 r--p 0009c000 08:07 1058472                    /usr/lib/x86_64-linux-gnu/libfreetype.so.6.11.1
7f3e5b89a000-7f3e5b89b000 rw-p 000a2000 08:07 1058472                    /usr/lib/x86_64-linux-gnu/libfreetype.so.6.11.1
7f3e5b89b000-7f3e5b8e5000 r-xp 00000000 08:07 1058887                    /usr/lib/x86_64-linux-gnu/libpango-1.0.so.0.3600.3
7f3e5b8e5000-7f3e5bae5000 ---p 0004a000 08:07 1058887                    /usr/lib/x86_64-linux-gnu/libpango-1.0.so.0.3600.3
7f3e5bae5000-7f3e5bae7000 r--p 0004a000 08:07 1058887                    /usr/lib/x86_64-linux-gnu/libpango-1.0.so.0.3600.3
7f3e5bae7000-7f3e5bae8000 rw-p 0004c000 08:07 1058887                    /usr/lib/x86_64-linux-gnu/libpango-1.0.so.0.3600.3
7f3e5bae8000-7f3e5bbee000 r-xp 00000000 08:07 1058283                    /usr/lib/x86_64-linux-gnu/libcairo.so.2.11301.0
7f3e5bbee000-7f3e5bded000 ---p 00106000 08:07 1058283                    /usr/lib/x86_64-linux-gnu/libcairo.so.2.11301.0
7f3e5bded000-7f3e5bdf0000 r--p 00105000 08:07 1058283                    /usr/lib/x86_64-linux-gnu/libcairo.so.2.11301.0
7f3e5bdf0000-7f3e5bdf1000 rw-p 00108000 08:07 1058283                    /usr/lib/x86_64-linux-gnu/libcairo.so.2.11301.0
7f3e5bdf1000-7f3e5bdf3000 rw-p 00000000 00:00 0 
7f3e5bdf3000-7f3e5bdfe000 r-xp 00000000 08:07 1058889                    /usr/lib/x86_64-linux-gnu/libpangocairo-1.0.so.0.3600.3
7f3e5bdfe000-7f3e5bffe000 ---p 0000b000 08:07 1058889                    /usr/lib/x86_64-linux-gnu/libpangocairo-1.0.so.0.3600.3
7f3e5bffe000-7f3e5bfff000 r--p 0000b000 08:07 1058889                    /usr/lib/x86_64-linux-gnu/libpangocairo-1.0.so.0.3600.3
7f3e5bfff000-7f3e5c000000 rw-p 0000c000 08:07 1058889                    /usr/lib/x86_64-linux-gnu/libpangocairo-1.0.so.0.3600.3
7f3e5c000000-7f3e5c021000 rw-p 00000000 00:00 0 
7f3e5c021000-7f3e60000000 ---p 00000000 00:00 0 
7f3e60000000-7f3e61d7e000 rw-p 00000000 00:00 0 
7f3e61d7e000-7f3e64000000 ---p 00000000 00:00 0 
7f3e64000000-7f3e646b9000 rw-p 00000000 00:00 0 
7f3e646b9000-7f3e68000000 ---p 00000000 00:00 0 
7f3e68000000-7f3e68021000 rw-p 00000000 00:00 0 
7f3e68021000-7f3e6c000000 ---p 00000000 00:00 0 
7f3e6c000000-7f3e6c76d000 rw-p 00000000 00:00 0 
7f3e6c76d000-7f3e70000000 ---p 00000000 00:00 0 
7f3e70000000-7f3e70b33000 rw-p 00000000 00:00 0 
7f3e70b33000-7f3e74000000 ---p 00000000 00:00 0 
7f3e74000000-7f3e74021000 rw-p 00000000 00:00 0 
7f3e74021000-7f3e78000000 ---p 00000000 00:00 0 
7f3e78000000-7f3e78021000 rw-p 00000000 00:00 0 
7f3e78021000-7f3e7c000000 ---p 00000000 00:00 0 
7f3e7c000000-7f3e7c0fa000 rw-p 00000000 00:00 0 
7f3e7c0fa000-7f3e80000000 ---p 00000000 00:00 0 
7f3e80000000-7f3e80021000 rw-p 00000000 00:00 0 
7f3e80021000-7f3e84000000 ---p 00000000 00:00 0 
7f3e84000000-7f3e84021000 rw-p 00000000 00:00 0 
7f3e84021000-7f3e88000000 ---p 00000000 00:00 0 
7f3e88000000-7f3e88021000 rw-p 00000000 00:00 0 
7f3e88021000-7f3e8c000000 ---p 00000000 00:00 0 
7f3e8c000000-7f3e8c021000 rw-p 00000000 00:00 0 
7f3e8c021000-7f3e90000000 ---p 00000000 00:00 0 
7f3e90000000-7f3e90007000 r--s 00000000 08:07 1187967                    /var/cache/fontconfig/3047814df9a2f067bd2d96a2b9c36e5a-le64.cache-4
7f3e90007000-7f3e90026000 r-xp 00000000 08:07 1058509                    /usr/lib/x86_64-linux-gnu/libgdk_pixbuf-2.0.so.0.3000.7
7f3e90026000-7f3e90226000 ---p 0001f000 08:07 1058509                    /usr/lib/x86_64-linux-gnu/libgdk_pixbuf-2.0.so.0.3000.7
7f3e90226000-7f3e90227000 r--p 0001f000 08:07 1058509                    /usr/lib/x86_64-linux-gnu/libgdk_pixbuf-2.0.so.0.3000.7
7f3e90227000-7f3e90228000 rw-p 00020000 08:07 1058509                    /usr/lib/x86_64-linux-gnu/libgdk_pixbuf-2.0.so.0.3000.7
7f3e90228000-7f3e9023c000 r-xp 00000000 08:07 1058891                    /usr/lib/x86_64-linux-gnu/libpangoft2-1.0.so.0.3600.3
7f3e9023c000-7f3e9043b000 ---p 00014000 08:07 1058891                    /usr/lib/x86_64-linux-gnu/libpangoft2-1.0.so.0.3600.3
7f3e9043b000-7f3e9043c000 r--p 00013000 08:07 1058891                    /usr/lib/x86_64-linux-gnu/libpangoft2-1.0.so.0.3600.3
7f3e9043c000-7f3e9043d000 rw-p 00014000 08:07 1058891                    /usr/lib/x86_64-linux-gnu/libpangoft2-1.0.so.0.3600.3
7f3e9043d000-7f3e905a8000 r-xp 00000000 08:07 1058533                    /usr/lib/x86_64-linux-gnu/libgio-2.0.so.0.4000.0
7f3e905a8000-7f3e907a8000 ---p 0016b000 08:07 1058533                    /usr/lib/x86_64-linux-gnu/libgio-2.0.so.0.4000.0
7f3e907a8000-7f3e907ac000 r--p 0016b000 08:07 1058533                    /usr/lib/x86_64-linux-gnu/libgio-2.0.so.0.4000.0
7f3e907ac000-7f3e907ae000 rw-p 0016f000 08:07 1058533                    /usr/lib/x86_64-linux-gnu/libgio-2.0.so.0.4000.0
7f3e907ae000-7f3e907b0000 rw-p 00000000 00:00 0 
7f3e907b0000-7f3e907cf000 r-xp 00000000 08:07 1058244                    /usr/lib/x86_64-linux-gnu/libatk-1.0.so.0.21009.1
7f3e907cf000-7f3e909cf000 ---p 0001f000 08:07 1058244                    /usr/lib/x86_64-linux-gnu/libatk-1.0.so.0.21009.1
7f3e909cf000-7f3e909d1000 r--p 0001f000 08:07 1058244                    /usr/lib/x86_64-linux-gnu/libatk-1.0.so.0.21009.1
7f3e909d1000-7f3e909d2000 rw-p 00021000 08:07 1058244                    /usr/lib/x86_64-linux-gnu/libatk-1.0.so.0.21009.1
7f3e909d2000-7f3e90a7f000 r-xp 00000000 08:07 1058507                    /usr/lib/x86_64-linux-gnu/libgdk-x11-2.0.so.0.2400.23
7f3e90a7f000-7f3e90c7e000 ---p 000ad000 08:07 1058507                    /usr/lib/x86_64-linux-gnu/libgdk-x11-2.0.so.0.2400.23
7f3e90c7e000-7f3e90c82000 r--p 000ac000 08:07 1058507                    /usr/lib/x86_64-linux-gnu/libgdk-x11-2.0.so.0.2400.23
7f3e90c82000-7f3e90c84000 rw-p 000b0000 08:07 1058507                    /usr/lib/x86_64-linux-gnu/libgdk-x11-2.0.so.0.2400.23
7f3e90c84000-7f3e910b3000 r-xp 00000000 08:07 1058674                    /usr/lib/x86_64-linux-gnu/libgtk-x11-2.0.so.0.2400.23
7f3e910b3000-7f3e912b2000 ---p 0042f000 08:07 1058674                    /usr/lib/x86_64-linux-gnu/libgtk-x11-2.0.so.0.2400.23
7f3e912b2000-7f3e912b9000 r--p 0042e000 08:07 1058674                    /usr/lib/x86_64-linux-gnu/libgtk-x11-2.0.so.0.2400.23
7f3e912b9000-7f3e912bd000 rw-p 00435000 08:07 1058674                    /usr/lib/x86_64-linux-gnu/libgtk-x11-2.0.so.0.2400.23
7f3e912bd000-7f3e912c0000 rw-p 00000000 00:00 0 
7f3e912c0000-7f3e912cc000 r-xp 00000000 08:07 2495489                    /usr/lib/jvm/jdk1.8.0_25/jre/lib/amd64/libprism_es2.so
7f3e912cc000-7f3e914cb000 ---p 0000c000 08:07 2495489                    /usr/lib/jvm/jdk1.8.0_25/jre/lib/amd64/libprism_es2.so
7f3e914cb000-7f3e914cc000 r--p 0000b000 08:07 2495489                    /usr/lib/jvm/jdk1.8.0_25/jre/lib/amd64/libprism_es2.so
7f3e914cc000-7f3e914cd000 rw-p 0000c000 08:07 2495489                    /usr/lib/jvm/jdk1.8.0_25/jre/lib/amd64/libprism_es2.so
7f3e914cd000-7f3e914d0000 ---p 00000000 00:00 0 
7f3e914d0000-7f3e915ce000 rw-p 00000000 00:00 0                          [stack:14767]
7f3e915ce000-7f3e915cf000 ---p 00000000 00:00 0 
7f3e915cf000-7f3e916cf000 rw-p 00000000 00:00 0                          [stack:14766]
7f3e916cf000-7f3e916d2000 ---p 00000000 00:00 0 
7f3e916d2000-7f3e917d0000 rw-p 00000000 00:00 0                          [stack:14765]
7f3e917d0000-7f3e917d3000 ---p 00000000 00:00 0 
7f3e917d3000-7f3e918d1000 rw-p 00000000 00:00 0                          [stack:14764]
7f3e918d1000-7f3e92210000 r--p 00000000 08:07 1056763                    /usr/lib/locale/locale-archive
7f3e92210000-7f3e94000000 rw-p 00000000 00:00 0 
7f3e94000000-7f3e94021000 rw-p 00000000 00:00 0 
7f3e94021000-7f3e98000000 ---p 00000000 00:00 0 
7f3e98000000-7f3e98002000 r--s 00000000 08:07 1187977                    /var/cache/fontconfig/767a8244fc0220cfb567a839d0392e0b-le64.cache-4
7f3e98002000-7f3e98008000 r--s 00000000 08:07 1187984                    /var/cache/fontconfig/b47c4e1ecd0709278f4910c18777a504-le64.cache-4
7f3e98008000-7f3e98024000 r--s 00393000 08:07 267369                     /usr/lib/jvm/jdk1.8.0_25/jre/lib/ext/cldrdata.jar
7f3e98024000-7f3e98065000 r--p 00000000 08:07 1996843                    /usr/share/glib-2.0/schemas/gschemas.compiled
7f3e98065000-7f3e980f1000 r--s 00fea000 08:07 267368                     /usr/lib/jvm/jdk1.8.0_25/jre/lib/ext/jfxrt.jar
7f3e980f1000-7f3e980f4000 ---p 00000000 00:00 0 
7f3e980f4000-7f3e981f2000 rw-p 00000000 00:00 0                          [stack:14763]
7f3e981f2000-7f3e981f5000 ---p 00000000 00:00 0 
7f3e981f5000-7f3e982f3000 rw-p 00000000 00:00 0                          [stack:14762]
7f3e982f3000-7f3e982f6000 ---p 00000000 00:00 0 
7f3e982f6000-7f3e983f4000 rw-p 00000000 00:00 0                          [stack:14761]
7f3e983f4000-7f3e983f7000 ---p 00000000 00:00 0 
7f3e983f7000-7f3e984f5000 rw-p 00000000 00:00 0                          [stack:14760]
7f3e984f5000-7f3e984f8000 ---p 00000000 00:00 0 
7f3e984f8000-7f3e985f6000 rw-p 00000000 00:00 0                          [stack:14759]
7f3e985f6000-7f3e985f7000 ---p 00000000 00:00 0 
7f3e985f7000-7f3e99000000 rw-p 00000000 00:00 0                          [stack:14758]
7f3e99000000-7f3e99960000 rwxp 00000000 00:00 0 
7f3e99960000-7f3ea8000000 ---p 00000000 00:00 0 
7f3ea8000000-7f3ea84ec000 rw-p 00000000 00:00 0 
7f3ea84ec000-7f3eac000000 ---p 00000000 00:00 0 
7f3eac000000-7f3eac001000 r--s 00000000 08:07 1187993                    /var/cache/fontconfig/dc05db6664285cc2f12bf69c139ae4c3-le64.cache-4
7f3eac001000-7f3eac002000 r--s 00000000 08:07 1187971                    /var/cache/fontconfig/4794a0821666d79190d59a36cb4f44b5-le64.cache-4
7f3eac002000-7f3eac003000 r--s 00000000 08:07 1187973                    /var/cache/fontconfig/56cf4f4769d0f4abc89a4895d7bd3ae1-le64.cache-4
7f3eac003000-7f3eac007000 r--s 00000000 08:07 1187991                    /var/cache/fontconfig/d589a48862398ed80a3d6066f4f56f4c-le64.cache-4
7f3eac007000-7f3eac009000 r--s 00000000 08:07 1191335                    /var/cache/fontconfig/089dead882dea3570ffc31a9898cfb69-le64.cache-4
7f3eac009000-7f3eac00c000 r--s 00000000 08:07 1190693                    /var/cache/fontconfig/e13b20fdb08344e0e664864cc2ede53d-le64.cache-4
7f3eac00c000-7f3eac010000 r--s 00000000 08:07 1188146                    /var/cache/fontconfig/7ef2298fde41cc6eeb7af42e48b7d293-le64.cache-4
7f3eac010000-7f3eac01a000 r--s 00116000 08:07 267363                     /usr/lib/jvm/jdk1.8.0_25/jre/lib/ext/localedata.jar
7f3eac01a000-7f3eac022000 r--s 000c4000 08:07 1717062                    /home/linhsan/NetBeansProjects/ClinicManagement/dist/run1154470186/lib/mysql-connector-java-5.1.23-bin.jar
7f3eac022000-7f3eac02a000 rw-s 00000000 00:04 189563                     /drm mm object (deleted)
7f3eac02a000-7f3eac630000 rw-p 00000000 00:00 0 
7f3eac630000-7f3eac806000 r--s 03caa000 08:07 2495506                    /usr/lib/jvm/jdk1.8.0_25/jre/lib/rt.jar
7f3eac806000-7f3ead25b000 rw-p 00000000 00:00 0 
7f3ead25b000-7f3ead25c000 ---p 00000000 00:00 0 
7f3ead25c000-7f3ead35c000 rw-p 00000000 00:00 0                          [stack:14757]
7f3ead35c000-7f3ead35d000 ---p 00000000 00:00 0 
7f3ead35d000-7f3ead45d000 rw-p 00000000 00:00 0                          [stack:14756]
7f3ead45d000-7f3ead45e000 ---p 00000000 00:00 0 
7f3ead45e000-7f3ead55e000 rw-p 00000000 00:00 0                          [stack:14755]
7f3ead55e000-7f3ead55f000 ---p 00000000 00:00 0 
7f3ead55f000-7f3ead66e000 rw-p 00000000 00:00 0                          [stack:14754]
7f3ead66e000-7f3ead79f000 ---p 00000000 00:00 0 
7f3ead79f000-7f3ead7ae000 rw-p 00000000 00:00 0 
7f3ead7ae000-7f3ead8de000 ---p 00000000 00:00 0 
7f3ead8de000-7f3ead8f3000 rw-p 00000000 00:00 0 
7f3ead8f3000-7f3ead97e000 ---p 00000000 00:00 0 
7f3ead97e000-7f3ead9a5000 rw-p 00000000 00:00 0 
7f3ead9a5000-7f3eadd3f000 ---p 00000000 00:00 0 
7f3eadd3f000-7f3eadd59000 r-xp 00000000 08:07 2495471                    /usr/lib/jvm/jdk1.8.0_25/jre/lib/amd64/libzip.so
7f3eadd59000-7f3eadf59000 ---p 0001a000 08:07 2495471                    /usr/lib/jvm/jdk1.8.0_25/jre/lib/amd64/libzip.so
7f3eadf59000-7f3eadf5a000 rw-p 0001a000 08:07 2495471                    /usr/lib/jvm/jdk1.8.0_25/jre/lib/amd64/libzip.so
7f3eadf5a000-7f3eadf65000 r-xp 00000000 08:07 1708143                    /lib/x86_64-linux-gnu/libnss_files-2.19.so
7f3eadf65000-7f3eae164000 ---p 0000b000 08:07 1708143                    /lib/x86_64-linux-gnu/libnss_files-2.19.so
7f3eae164000-7f3eae165000 r--p 0000a000 08:07 1708143                    /lib/x86_64-linux-gnu/libnss_files-2.19.so
7f3eae165000-7f3eae166000 rw-p 0000b000 08:07 1708143                    /lib/x86_64-linux-gnu/libnss_files-2.19.so
7f3eae166000-7f3eae171000 r-xp 00000000 08:07 1708153                    /lib/x86_64-linux-gnu/libnss_nis-2.19.so
7f3eae171000-7f3eae370000 ---p 0000b000 08:07 1708153                    /lib/x86_64-linux-gnu/libnss_nis-2.19.so
7f3eae370000-7f3eae371000 r--p 0000a000 08:07 1708153                    /lib/x86_64-linux-gnu/libnss_nis-2.19.so
7f3eae371000-7f3eae372000 rw-p 0000b000 08:07 1708153                    /lib/x86_64-linux-gnu/libnss_nis-2.19.so
7f3eae372000-7f3eae389000 r-xp 00000000 08:07 1708137                    /lib/x86_64-linux-gnu/libnsl-2.19.so
7f3eae389000-7f3eae588000 ---p 00017000 08:07 1708137                    /lib/x86_64-linux-gnu/libnsl-2.19.so
7f3eae588000-7f3eae589000 r--p 00016000 08:07 1708137                    /lib/x86_64-linux-gnu/libnsl-2.19.so
7f3eae589000-7f3eae58a000 rw-p 00017000 08:07 1708137                    /lib/x86_64-linux-gnu/libnsl-2.19.so
7f3eae58a000-7f3eae58c000 rw-p 00000000 00:00 0 
7f3eae58c000-7f3eae595000 r-xp 00000000 08:07 1708139                    /lib/x86_64-linux-gnu/libnss_compat-2.19.so
7f3eae595000-7f3eae794000 ---p 00009000 08:07 1708139                    /lib/x86_64-linux-gnu/libnss_compat-2.19.so
7f3eae794000-7f3eae795000 r--p 00008000 08:07 1708139                    /lib/x86_64-linux-gnu/libnss_compat-2.19.so
7f3eae795000-7f3eae796000 rw-p 00009000 08:07 1708139                    /lib/x86_64-linux-gnu/libnss_compat-2.19.so
7f3eae796000-7f3eae7c0000 r-xp 00000000 08:07 2495452                    /usr/lib/jvm/jdk1.8.0_25/jre/lib/amd64/libjava.so
7f3eae7c0000-7f3eae9c0000 ---p 0002a000 08:07 2495452                    /usr/lib/jvm/jdk1.8.0_25/jre/lib/amd64/libjava.so
7f3eae9c0000-7f3eae9c2000 rw-p 0002a000 08:07 2495452                    /usr/lib/jvm/jdk1.8.0_25/jre/lib/amd64/libjava.so
7f3eae9c2000-7f3eae9cf000 r-xp 00000000 08:07 2495465                    /usr/lib/jvm/jdk1.8.0_25/jre/lib/amd64/libverify.so
7f3eae9cf000-7f3eaebcf000 ---p 0000d000 08:07 2495465                    /usr/lib/jvm/jdk1.8.0_25/jre/lib/amd64/libverify.so
7f3eaebcf000-7f3eaebd1000 rw-p 0000d000 08:07 2495465                    /usr/lib/jvm/jdk1.8.0_25/jre/lib/amd64/libverify.so
7f3eaebd1000-7f3eaebd8000 r-xp 00000000 08:07 1708196                    /lib/x86_64-linux-gnu/librt-2.19.so
7f3eaebd8000-7f3eaedd7000 ---p 00007000 08:07 1708196                    /lib/x86_64-linux-gnu/librt-2.19.so
7f3eaedd7000-7f3eaedd8000 r--p 00006000 08:07 1708196                    /lib/x86_64-linux-gnu/librt-2.19.so
7f3eaedd8000-7f3eaedd9000 rw-p 00007000 08:07 1708196                    /lib/x86_64-linux-gnu/librt-2.19.so
7f3eaedd9000-7f3eaeede000 r-xp 00000000 08:07 1708118                    /lib/x86_64-linux-gnu/libm-2.19.so
7f3eaeede000-7f3eaf0dd000 ---p 00105000 08:07 1708118                    /lib/x86_64-linux-gnu/libm-2.19.so
7f3eaf0dd000-7f3eaf0de000 r--p 00104000 08:07 1708118                    /lib/x86_64-linux-gnu/libm-2.19.so
7f3eaf0de000-7f3eaf0df000 rw-p 00105000 08:07 1708118                    /lib/x86_64-linux-gnu/libm-2.19.so
7f3eaf0df000-7f3eafd4c000 r-xp 00000000 08:07 2625176                    /usr/lib/jvm/jdk1.8.0_25/jre/lib/amd64/server/libjvm.so
7f3eafd4c000-7f3eaff4b000 ---p 00c6d000 08:07 2625176                    /usr/lib/jvm/jdk1.8.0_25/jre/lib/amd64/server/libjvm.so
7f3eaff4b000-7f3eb0021000 rw-p 00c6c000 08:07 2625176                    /usr/lib/jvm/jdk1.8.0_25/jre/lib/amd64/server/libjvm.so
7f3eb0021000-7f3eb0064000 rw-p 00000000 00:00 0 
7f3eb0064000-7f3eb0220000 r-xp 00000000 08:07 1708068                    /lib/x86_64-linux-gnu/libc-2.19.so
7f3eb0220000-7f3eb041f000 ---p 001bc000 08:07 1708068                    /lib/x86_64-linux-gnu/libc-2.19.so
7f3eb041f000-7f3eb0423000 r--p 001bb000 08:07 1708068                    /lib/x86_64-linux-gnu/libc-2.19.so
7f3eb0423000-7f3eb0425000 rw-p 001bf000 08:07 1708068                    /lib/x86_64-linux-gnu/libc-2.19.so
7f3eb0425000-7f3eb042a000 rw-p 00000000 00:00 0 
7f3eb042a000-7f3eb042d000 r-xp 00000000 08:07 1708085                    /lib/x86_64-linux-gnu/libdl-2.19.so
7f3eb042d000-7f3eb062c000 ---p 00003000 08:07 1708085                    /lib/x86_64-linux-gnu/libdl-2.19.so
7f3eb062c000-7f3eb062d000 r--p 00002000 08:07 1708085                    /lib/x86_64-linux-gnu/libdl-2.19.so
7f3eb062d000-7f3eb062e000 rw-p 00003000 08:07 1708085                    /lib/x86_64-linux-gnu/libdl-2.19.so
7f3eb062e000-7f3eb0643000 r-xp 00000000 08:07 2625172                    /usr/lib/jvm/jdk1.8.0_25/jre/lib/amd64/jli/libjli.so
7f3eb0643000-7f3eb0842000 ---p 00015000 08:07 2625172                    /usr/lib/jvm/jdk1.8.0_25/jre/lib/amd64/jli/libjli.so
7f3eb0842000-7f3eb0843000 rw-p 00014000 08:07 2625172                    /usr/lib/jvm/jdk1.8.0_25/jre/lib/amd64/jli/libjli.so
7f3eb0843000-7f3eb085c000 r-xp 00000000 08:07 1708188                    /lib/x86_64-linux-gnu/libpthread-2.19.so
7f3eb085c000-7f3eb0a5b000 ---p 00019000 08:07 1708188                    /lib/x86_64-linux-gnu/libpthread-2.19.so
7f3eb0a5b000-7f3eb0a5c000 r--p 00018000 08:07 1708188                    /lib/x86_64-linux-gnu/libpthread-2.19.so
7f3eb0a5c000-7f3eb0a5d000 rw-p 00019000 08:07 1708188                    /lib/x86_64-linux-gnu/libpthread-2.19.so
7f3eb0a5d000-7f3eb0a61000 rw-p 00000000 00:00 0 
7f3eb0a61000-7f3eb0a84000 r-xp 00000000 08:07 1708044                    /lib/x86_64-linux-gnu/ld-2.19.so
7f3eb0a84000-7f3eb0a85000 r--s 00000000 08:07 1187985                    /var/cache/fontconfig/b9d506c9ac06c20b433354fa67a72993-le64.cache-4
7f3eb0a85000-7f3eb0a89000 r--s 00093000 08:07 2495509                    /usr/lib/jvm/jdk1.8.0_25/jre/lib/jsse.jar
7f3eb0a89000-7f3eb0a91000 rw-s 00000000 00:04 189562                     /drm mm object (deleted)
7f3eb0a91000-7f3eb0a99000 rw-s 00000000 00:04 189558                     /drm mm object (deleted)
7f3eb0a99000-7f3eb0a9f000 r--p 00000000 08:07 1593722                    /home/linhsan/.config/dconf/user
7f3eb0a9f000-7f3eb0aa7000 rw-s 00000000 00:04 189549                     /drm mm object (deleted)
7f3eb0aa7000-7f3eb0b64000 rw-p 00000000 00:00 0 
7f3eb0b64000-7f3eb0b67000 ---p 00000000 00:00 0 
7f3eb0b67000-7f3eb0c69000 rw-p 00000000 00:00 0                          [stack:14753]
7f3eb0c69000-7f3eb0c6a000 r--s 00000000 08:07 1187962                    /var/cache/fontconfig/0c9eb80ebd1c36541ebe2852d3bb0c49-le64.cache-4
7f3eb0c6a000-7f3eb0c6b000 rw-s 00000000 00:04 189559                     /drm mm object (deleted)
7f3eb0c6b000-7f3eb0c6c000 r--s 00000000 00:15 156619                     /run/user/1000/dconf/user
7f3eb0c6c000-7f3eb0c6d000 rw-s 00000000 00:04 189546                     /drm mm object (deleted)
7f3eb0c6d000-7f3eb0c75000 rw-s 00000000 00:04 189545                     /drm mm object (deleted)
7f3eb0c75000-7f3eb0c77000 r--s 00004000 08:07 1717049                    /home/linhsan/NetBeansProjects/ClinicManagement/dist/run1154470186/ClinicManagement.jar
7f3eb0c77000-7f3eb0c7f000 rw-s 00000000 08:07 403560                     /tmp/hsperfdata_linhsan/14749
7f3eb0c7f000-7f3eb0c80000 rw-p 00000000 00:00 0 
7f3eb0c80000-7f3eb0c81000 r--p 00000000 00:00 0 
7f3eb0c81000-7f3eb0c83000 rw-p 00000000 00:00 0 
7f3eb0c83000-7f3eb0c84000 r--p 00022000 08:07 1708044                    /lib/x86_64-linux-gnu/ld-2.19.so
7f3eb0c84000-7f3eb0c85000 rw-p 00023000 08:07 1708044                    /lib/x86_64-linux-gnu/ld-2.19.so
7f3eb0c85000-7f3eb0c86000 rw-p 00000000 00:00 0 
7ffffebb3000-7ffffebd4000 rw-p 00000000 00:00 0                          [stack]
7ffffebed000-7ffffebef000 r-xp 00000000 00:00 0                          [vdso]
ffffffffff600000-ffffffffff601000 r-xp 00000000 00:00 0                  [vsyscall]

VM Arguments:
jvm_args: -Dfile.encoding=UTF-8 
java_command: /home/linhsan/NetBeansProjects/ClinicManagement/dist/run1154470186/ClinicManagement.jar
java_class_path (initial): /home/linhsan/NetBeansProjects/ClinicManagement/dist/run1154470186/ClinicManagement.jar
Launcher Type: SUN_STANDARD

Environment Variables:
PATH=/usr/local/sbin:/usr/local/bin:/usr/sbin:/usr/bin:/sbin:/bin:/usr/games:/usr/local/games
LD_LIBRARY_PATH=/usr/lib/jvm/jdk1.8.0_25/jre/lib/amd64:/usr/lib/jvm/jdk1.8.0_25/jre/lib/i386:
SHELL=/bin/bash
DISPLAY=:0

Signal Handlers:
SIGSEGV: [libjvm.so+0xa79a80], sa_mask[0]=11111111011111111101111111111110, sa_flags=SA_RESTART|SA_SIGINFO
SIGBUS: [libjvm.so+0xa79a80], sa_mask[0]=11111111011111111101111111111110, sa_flags=SA_RESTART|SA_SIGINFO
SIGFPE: [libjvm.so+0x8e24e0], sa_mask[0]=11111111011111111101111111111110, sa_flags=SA_RESTART|SA_SIGINFO
SIGPIPE: SIG_IGN, sa_mask[0]=00000000000010000000000000000000, sa_flags=SA_RESTART
SIGXFSZ: [libjvm.so+0x8e24e0], sa_mask[0]=11111111011111111101111111111110, sa_flags=SA_RESTART|SA_SIGINFO
SIGILL: [libjvm.so+0x8e24e0], sa_mask[0]=11111111011111111101111111111110, sa_flags=SA_RESTART|SA_SIGINFO
SIGUSR1: SIG_DFL, sa_mask[0]=00000000000000000000000000000000, sa_flags=none
SIGUSR2: [libjvm.so+0x8e3d10], sa_mask[0]=00100000000000000000000000000000, sa_flags=SA_RESTART|SA_SIGINFO
SIGHUP: [libjvm.so+0x8e50d0], sa_mask[0]=11111111011111111101111111111110, sa_flags=SA_RESTART|SA_SIGINFO
SIGINT: SIG_IGN, sa_mask[0]=00000000000000000000000000000000, sa_flags=none
SIGTERM: [libjvm.so+0x8e50d0], sa_mask[0]=11111111011111111101111111111110, sa_flags=SA_RESTART|SA_SIGINFO
SIGQUIT: [libjvm.so+0x8e50d0], sa_mask[0]=11111111011111111101111111111110, sa_flags=SA_RESTART|SA_SIGINFO


---------------  S Y S T E M  ---------------

OS:DISTRIB_ID=Ubuntu
DISTRIB_RELEASE=14.04
DISTRIB_CODENAME=trusty
DISTRIB_DESCRIPTION="Ubuntu 14.04 LTS"

uname:Linux 3.13.0-24-generic #46-Ubuntu SMP Thu Apr 10 19:11:08 UTC 2014 x86_64
libc:glibc 2.19 NPTL 2.19 
rlimit: STACK 8192k, CORE 0k, NPROC 30460, NOFILE 4096, AS infinity
load average:1,10 1,32 1,11

/proc/meminfo:
MemTotal:        3920420 kB
MemFree:          322684 kB
Buffers:           35568 kB
Cached:           818888 kB
SwapCached:       106848 kB
Active:          2145124 kB
Inactive:        1222552 kB
Active(anon):    1930868 kB
Inactive(anon):  1045960 kB
Active(file):     214256 kB
Inactive(file):   176592 kB
Unevictable:          80 kB
Mlocked:              80 kB
SwapTotal:       7762940 kB
SwapFree:        7373708 kB
Dirty:              2292 kB
Writeback:             0 kB
AnonPages:       2425932 kB
Mapped:           270116 kB
Shmem:            463608 kB
Slab:              93728 kB
SReclaimable:      52424 kB
SUnreclaim:        41304 kB
KernelStack:        5728 kB
PageTables:        51088 kB
NFS_Unstable:          0 kB
Bounce:                0 kB
WritebackTmp:          0 kB
CommitLimit:     9723148 kB
Committed_AS:    8061464 kB
VmallocTotal:   34359738367 kB
VmallocUsed:      545908 kB
VmallocChunk:   34359181820 kB
HardwareCorrupted:     0 kB
AnonHugePages:    790528 kB
HugePages_Total:       0
HugePages_Free:        0
HugePages_Rsvd:        0
HugePages_Surp:        0
Hugepagesize:       2048 kB
DirectMap4k:       83708 kB
DirectMap2M:     3983360 kB


CPU:total 4 (2 cores per cpu, 2 threads per core) family 6 model 58 stepping 9, cmov, cx8, fxsr, mmx, sse, sse2, sse3, ssse3, sse4.1, sse4.2, popcnt, avx, aes, clmul, erms, ht, tsc, tscinvbit, tscinv

/proc/cpuinfo:
processor	: 0
vendor_id	: GenuineIntel
cpu family	: 6
model		: 58
model name	: Intel(R) Core(TM) i5-3230M CPU @ 2.60GHz
stepping	: 9
microcode	: 0x15
cpu MHz		: 2601.000
cache size	: 3072 KB
physical id	: 0
siblings	: 4
core id		: 0
cpu cores	: 2
apicid		: 0
initial apicid	: 0
fpu		: yes
fpu_exception	: yes
cpuid level	: 13
wp		: yes
flags		: fpu vme de pse tsc msr pae mce cx8 apic sep mtrr pge mca cmov pat pse36 clflush dts acpi mmx fxsr sse sse2 ss ht tm pbe syscall nx rdtscp lm constant_tsc arch_perfmon pebs bts rep_good nopl xtopology nonstop_tsc aperfmperf eagerfpu pni pclmulqdq dtes64 monitor ds_cpl vmx est tm2 ssse3 cx16 xtpr pdcm pcid sse4_1 sse4_2 x2apic popcnt tsc_deadline_timer aes xsave avx f16c rdrand lahf_lm ida arat epb xsaveopt pln pts dtherm tpr_shadow vnmi flexpriority ept vpid fsgsbase smep erms
bogomips	: 5188.11
clflush size	: 64
cache_alignment	: 64
address sizes	: 36 bits physical, 48 bits virtual
power management:

processor	: 1
vendor_id	: GenuineIntel
cpu family	: 6
model		: 58
model name	: Intel(R) Core(TM) i5-3230M CPU @ 2.60GHz
stepping	: 9
microcode	: 0x15
cpu MHz		: 2601.000
cache size	: 3072 KB
physical id	: 0
siblings	: 4
core id		: 0
cpu cores	: 2
apicid		: 1
initial apicid	: 1
fpu		: yes
fpu_exception	: yes
cpuid level	: 13
wp		: yes
flags		: fpu vme de pse tsc msr pae mce cx8 apic sep mtrr pge mca cmov pat pse36 clflush dts acpi mmx fxsr sse sse2 ss ht tm pbe syscall nx rdtscp lm constant_tsc arch_perfmon pebs bts rep_good nopl xtopology nonstop_tsc aperfmperf eagerfpu pni pclmulqdq dtes64 monitor ds_cpl vmx est tm2 ssse3 cx16 xtpr pdcm pcid sse4_1 sse4_2 x2apic popcnt tsc_deadline_timer aes xsave avx f16c rdrand lahf_lm ida arat epb xsaveopt pln pts dtherm tpr_shadow vnmi flexpriority ept vpid fsgsbase smep erms
bogomips	: 5188.11
clflush size	: 64
cache_alignment	: 64
address sizes	: 36 bits physical, 48 bits virtual
power management:

processor	: 2
vendor_id	: GenuineIntel
cpu family	: 6
model		: 58
model name	: Intel(R) Core(TM) i5-3230M CPU @ 2.60GHz
stepping	: 9
microcode	: 0x15
cpu MHz		: 2601.000
cache size	: 3072 KB
physical id	: 0
siblings	: 4
core id		: 1
cpu cores	: 2
apicid		: 2
initial apicid	: 2
fpu		: yes
fpu_exception	: yes
cpuid level	: 13
wp		: yes
flags		: fpu vme de pse tsc msr pae mce cx8 apic sep mtrr pge mca cmov pat pse36 clflush dts acpi mmx fxsr sse sse2 ss ht tm pbe syscall nx rdtscp lm constant_tsc arch_perfmon pebs bts rep_good nopl xtopology nonstop_tsc aperfmperf eagerfpu pni pclmulqdq dtes64 monitor ds_cpl vmx est tm2 ssse3 cx16 xtpr pdcm pcid sse4_1 sse4_2 x2apic popcnt tsc_deadline_timer aes xsave avx f16c rdrand lahf_lm ida arat epb xsaveopt pln pts dtherm tpr_shadow vnmi flexpriority ept vpid fsgsbase smep erms
bogomips	: 5188.11
clflush size	: 64
cache_alignment	: 64
address sizes	: 36 bits physical, 48 bits virtual
power management:

processor	: 3
vendor_id	: GenuineIntel
cpu family	: 6
model		: 58
model name	: Intel(R) Core(TM) i5-3230M CPU @ 2.60GHz
stepping	: 9
microcode	: 0x15
cpu MHz		: 2601.000
cache size	: 3072 KB
physical id	: 0
siblings	: 4
core id		: 1
cpu cores	: 2
apicid		: 3
initial apicid	: 3
fpu		: yes
fpu_exception	: yes
cpuid level	: 13
wp		: yes
flags		: fpu vme de pse tsc msr pae mce cx8 apic sep mtrr pge mca cmov pat pse36 clflush dts acpi mmx fxsr sse sse2 ss ht tm pbe syscall nx rdtscp lm constant_tsc arch_perfmon pebs bts rep_good nopl xtopology nonstop_tsc aperfmperf eagerfpu pni pclmulqdq dtes64 monitor ds_cpl vmx est tm2 ssse3 cx16 xtpr pdcm pcid sse4_1 sse4_2 x2apic popcnt tsc_deadline_timer aes xsave avx f16c rdrand lahf_lm ida arat epb xsaveopt pln pts dtherm tpr_shadow vnmi flexpriority ept vpid fsgsbase smep erms
bogomips	: 5188.11
clflush size	: 64
cache_alignment	: 64
address sizes	: 36 bits physical, 48 bits virtual
power management:



Memory: 4k page, physical 3920420k(322684k free), swap 7762940k(7373708k free)

vm_info: Java HotSpot(TM) 64-Bit Server VM (25.25-b02) for linux-amd64 JRE (1.8.0_25-b17), built on Sep 17 2014 17:32:11 by "java_re" with gcc 4.3.0 20080428 (Red Hat 4.3.0-8)

time: Thu Nov  5 20:38:58 2015
elapsed time: 18 seconds (0d 0h 0m 18s)

