#
# A fatal error has been detected by the Java Runtime Environment:
#
#  SIGSEGV (0xb) at pc=0x00007f7d15020ed2, pid=4781, tid=140173959739136
#
# JRE version: Java(TM) SE Runtime Environment (8.0_25-b17) (build 1.8.0_25-b17)
# Java VM: Java HotSpot(TM) 64-Bit Server VM (25.25-b02 mixed mode linux-amd64 compressed oops)
# Problematic frame:
# j  com.sun.glass.ui.gtk.GtkView.notifyInputMethodDraw(Ljava/lang/String;III)V+13
#
# Failed to write core dump. Core dumps have been disabled. To enable core dumping, try "ulimit -c unlimited" before starting Java again
#
# If you would like to submit a bug report, please visit:
#   http://bugreport.sun.com/bugreport/crash.jsp
#

---------------  T H R E A D  ---------------

Current thread (0x00007f7d24342000):  JavaThread "JavaFX Application Thread" [_thread_in_Java, id=4803, stack(0x00007f7ccb03b000,0x00007f7ccb13c000)]

siginfo: si_signo: 11 (SIGSEGV), si_code: 1 (SEGV_MAPERR), si_addr: 0x00000000b4014320

Registers:
RAX=0x0000000000100000, RBX=0x00007f7d12a85a58, RCX=0x00000000b4014320, RDX=0x0000000070500004
RSP=0x00007f7ccb1395a0, RBP=0x00007f7ccb139608, RSI=0x00007f7d15010940, RDI=0x00007f7ccb1396e0
R8 =0x00007f7d15010940, R9 =0x00007f7ccb139888, R10=0x00007f7d2b07f440, R11=0x0000000000017101
R12=0x0000000000000000, R13=0x00007f7d12ee98c5, R14=0x00007f7ccb139638, R15=0x00007f7d24342000
RIP=0x00007f7d15020ed2, EFLAGS=0x0000000000010206, CSGSFS=0x0000000000000033, ERR=0x0000000000000004
  TRAPNO=0x000000000000000e

Top of Stack: (sp=0x00007f7ccb1395a0)
0x00007f7ccb1395a0:   00007f7d15007710 00000000ecb4f1b0
0x00007f7ccb1395b0:   0000000000000000 0000000000000000
0x00007f7ccb1395c0:   00000000b4014320 00007f7ccb1395c8
0x00007f7ccb1395d0:   00007f7d12ee98c5 00007f7ccb139638
0x00007f7ccb1395e0:   00007f7d12ef3408 0000000000000000
0x00007f7ccb1395f0:   00007f7d12ee98f8 0000000000000000
0x00007f7ccb139600:   00007f7ccb139618 00007f7ccb1396a0
0x00007f7ccb139610:   00007f7d150004e7 00007f7c00000001
0x00007f7ccb139620:   0000000000000000 00007f7c00000000
0x00007f7ccb139630:   00000000ecb4f1b0 00007f7cb40142f0
0x00007f7ccb139640:   0000000000001fa0 00007f7d24341bc8
0x00007f7ccb139650:   00007f7d24342000 00007f7ccb139720
0x00007f7ccb139660:   00007f7cb40142f0 00007f7ccb1396e0
0x00007f7ccb139670:   00007f7ccb1396e0 00007f7ccb139a38
0x00007f7ccb139680:   00007f7c0000000a 00007f7d12ee98f8
0x00007f7ccb139690:   00007f7d15010940 00007f7ccb139888
0x00007f7ccb1396a0:   00007f7ccb139810 00007f7d2a787086
0x00007f7ccb1396b0:   00007f7d00000005 00007f7d24342000
0x00007f7ccb1396c0:   00007f7ccb139880 00007f7ccb139a30
0x00007f7ccb1396d0:   00007f7d15010940 000000000000000a
0x00007f7ccb1396e0:   00007f7d24342000 00007f7cb4000a30
0x00007f7ccb1396f0:   00007f7d12ee98f8 00007f7cb40142f0
0x00007f7ccb139700:   00007f7ccb13a780 00007f7d150156a8
0x00007f7ccb139710:   00007f7ccb13a7e0 00007f7ccb139a30
0x00007f7ccb139720:   00007f7d24342000 00007f7d24341b70
0x00007f7ccb139730:   00007f7d24341bb0 00007f7d24341bd0
0x00007f7ccb139740:   00007f7d24341c98 00000000000000d8
0x00007f7ccb139750:   00007f7ccb13aa10 febde4f155c91700
0x00007f7ccb139760:   00007f7d12ee98f8 00007f7d24342000
0x00007f7ccb139770:   00007f7d242cae50 00007f7d242cae68
0x00007f7ccb139780:   00007f7d12ee98f8 00007f7d24342000
0x00007f7ccb139790:   00007f7ccb1397a0 00007f7cd2441dd7 

Instructions: (pc=0x00007f7d15020ed2)
0x00007f7d15020eb2:   07 2b 7d 7f 00 00 49 8b 14 d2 52 41 8b d5 4c 8b
0x00007f7d15020ec2:   6d c8 8b c2 81 e0 00 00 10 00 0f 84 6a 01 00 00
0x00007f7d15020ed2:   48 3b 01 48 8b 45 e0 48 85 c0 0f 84 12 00 00 00
0x00007f7d15020ee2:   48 83 40 08 01 48 83 58 08 00 48 83 c0 30 48 89 

Register to memory mapping:

RAX=0x0000000000100000 is an unknown value
RBX={method} {0x00007f7d12a85a58} 'replace' '(IILjava/lang/String;)Ljava/lang/StringBuilder;' in 'java/lang/StringBuilder'
RCX=0x00000000b4014320 is an unknown value
RDX=0x0000000070500004 is an unknown value
RSP=0x00007f7ccb1395a0 is pointing into the stack for thread: 0x00007f7d24342000
RBP=0x00007f7ccb139608 is pointing into the stack for thread: 0x00007f7d24342000
RSI=0x00007f7d15010940 is at code_begin+0 in an Interpreter codelet
method entry point (kind = zerolocals)  [0x00007f7d15010940, 0x00007f7d15010dc0]  1152 bytes
RDI=0x00007f7ccb1396e0 is pointing into the stack for thread: 0x00007f7d24342000
R8 =0x00007f7d15010940 is at code_begin+0 in an Interpreter codelet
method entry point (kind = zerolocals)  [0x00007f7d15010940, 0x00007f7d15010dc0]  1152 bytes
R9 =0x00007f7ccb139888 is pointing into the stack for thread: 0x00007f7d24342000
R10=0x00007f7d2b07f440: <offset 0xf5c440> in /usr/lib/jvm/jdk1.8.0_25/jre/lib/amd64/server/libjvm.so at 0x00007f7d2a123000
R11=0x0000000000017101 is an unknown value
R12=0x0000000000000000 is an unknown value
R13=0x00007f7d12ee98c5 is pointing into metadata
R14=0x00007f7ccb139638 is pointing into the stack for thread: 0x00007f7d24342000
R15=0x00007f7d24342000 is a thread


Stack: [0x00007f7ccb03b000,0x00007f7ccb13c000],  sp=0x00007f7ccb1395a0,  free space=1017k
Native frames: (J=compiled Java code, j=interpreted, Vv=VM code, C=native code)
j  com.sun.glass.ui.gtk.GtkView.notifyInputMethodDraw(Ljava/lang/String;III)V+13
v  ~StubRoutines::call_stub
V  [libjvm.so+0x664086]  JavaCalls::call_helper(JavaValue*, methodHandle*, JavaCallArguments*, Thread*)+0x1056
V  [libjvm.so+0x6aa05b]  jni_invoke_nonstatic(JNIEnv_*, JavaValue*, _jobject*, JNICallType, _jmethodID*, JNI_ArgumentPusher*, Thread*)+0x41b
V  [libjvm.so+0x6ba06f]  jni_CallVoidMethodV+0x10f
C  [libglass.so+0x145e8]  JNIEnv_::CallVoidMethod(_jobject*, _jmethodID*, ...)+0x98
C  [libglass.so+0x1a93a]  im_preedit_draw(_XIM*, char*, char*)+0x8a
C  [libX11.so.6+0x591d8]
C  0x0000000000000001


---------------  P R O C E S S  ---------------

Java Threads: ( => current thread )
  0x00007f7cb448f800 JavaThread "Prism Font Disposer" daemon [_thread_blocked, id=4806, stack(0x00007f7cc9cab000,0x00007f7cc9dac000)]
  0x00007f7cb423c000 JavaThread "Abandoned connection cleanup thread" daemon [_thread_blocked, id=4805, stack(0x00007f7ccac39000,0x00007f7ccad3a000)]
  0x00007f7d24346000 JavaThread "JavaFX-Launcher" [_thread_blocked, id=4804, stack(0x00007f7ccaf3a000,0x00007f7ccb03b000)]
=>0x00007f7d24342000 JavaThread "JavaFX Application Thread" [_thread_in_Java, id=4803, stack(0x00007f7ccb03b000,0x00007f7ccb13c000)]
  0x00007f7d2433e800 JavaThread "Thread-1" daemon [_thread_blocked, id=4802, stack(0x00007f7cd8068000,0x00007f7cd8169000)]
  0x00007f7d24292000 JavaThread "QuantumRenderer-0" daemon [_thread_blocked, id=4799, stack(0x00007f7d10556000,0x00007f7d10657000)]
  0x00007f7d2417b000 JavaThread "Service Thread" daemon [_thread_blocked, id=4797, stack(0x00007f7d107e4000,0x00007f7d108e5000)]
  0x00007f7d24178000 JavaThread "C1 CompilerThread2" daemon [_thread_blocked, id=4796, stack(0x00007f7d108e5000,0x00007f7d109e6000)]
  0x00007f7d24176800 JavaThread "C2 CompilerThread1" daemon [_thread_blocked, id=4795, stack(0x00007f7d109e6000,0x00007f7d10ae7000)]
  0x00007f7d24173800 JavaThread "C2 CompilerThread0" daemon [_thread_blocked, id=4794, stack(0x00007f7d10ae7000,0x00007f7d10be8000)]
  0x00007f7d24171800 JavaThread "Signal Dispatcher" daemon [_thread_blocked, id=4793, stack(0x00007f7d10be8000,0x00007f7d10ce9000)]
  0x00007f7d24143800 JavaThread "Finalizer" daemon [_thread_blocked, id=4792, stack(0x00007f7d11628000,0x00007f7d11729000)]
  0x00007f7d24141800 JavaThread "Reference Handler" daemon [_thread_blocked, id=4791, stack(0x00007f7d11729000,0x00007f7d1182a000)]
  0x00007f7d2400a000 JavaThread "main" [_thread_blocked, id=4785, stack(0x00007f7d2bba7000,0x00007f7d2bca8000)]

Other Threads:
  0x00007f7d2413a000 VMThread [stack: 0x00007f7d1182a000,0x00007f7d1192b000] [id=4790]
  0x00007f7d24182000 WatcherThread [stack: 0x00007f7d106e3000,0x00007f7d107e4000] [id=4798]

VM state:not at safepoint (normal execution)

VM Mutex/Monitor currently owned by a thread: None

Heap:
 PSYoungGen      total 53248K, used 13501K [0x00000000ec100000, 0x00000000efd80000, 0x0000000100000000)
  eden space 48640K, 22% used [0x00000000ec100000,0x00000000ecb87518,0x00000000ef080000)
  from space 4608K, 59% used [0x00000000ef900000,0x00000000efba8000,0x00000000efd80000)
  to   space 6656K, 0% used [0x00000000ef080000,0x00000000ef080000,0x00000000ef700000)
 ParOldGen       total 31232K, used 9608K [0x00000000c4200000, 0x00000000c6080000, 0x00000000ec100000)
  object space 31232K, 30% used [0x00000000c4200000,0x00000000c4b62040,0x00000000c6080000)
 Metaspace       used 22664K, capacity 23920K, committed 24064K, reserved 1071104K
  class space    used 3083K, capacity 3295K, committed 3328K, reserved 1048576K

Card table byte_map: [0x00007f7d287e3000,0x00007f7d289c3000] byte_map_base: 0x00007f7d281c2000

Marking Bits: (ParMarkBitMap*) 0x00007f7d2b07d2c0
 Begin Bits: [0x00007f7d13210000, 0x00007f7d14108000)
 End Bits:   [0x00007f7d14108000, 0x00007f7d15000000)

Polling page: 0x00007f7d2bcc4000

CodeCache: size=245760Kb used=15233Kb max_used=15242Kb free=230526Kb
 bounds [0x00007f7d15000000, 0x00007f7d15f00000, 0x00007f7d24000000]
 total_blobs=5236 nmethods=4528 adapters=621
 compilation: enabled

Compilation events (10 events):
Event: 31,187 Thread 0x00007f7d24173800 4665       4       javafx.scene.control.Labeled$StyleableProperties$7::isSettable (9 bytes)
Event: 31,188 Thread 0x00007f7d24173800 nmethod 4665 0x00007f7d15ed4510 code [0x00007f7d15ed4660, 0x00007f7d15ed4758]
Event: 31,192 Thread 0x00007f7d24178000 nmethod 4666 0x00007f7d15ee3b50 code [0x00007f7d15ee42a0, 0x00007f7d15eeaec8]
Event: 31,192 Thread 0x00007f7d24178000 4668       3       com.sun.javafx.sg.prism.NGNode::getOpaqueRegion (173 bytes)
Event: 31,194 Thread 0x00007f7d24178000 nmethod 4668 0x00007f7d15ed6090 code [0x00007f7d15ed62c0, 0x00007f7d15ed71b8]
Event: 31,194 Thread 0x00007f7d24178000 4667       3       com.sun.javafx.geom.DirtyRegionContainer::reset (6 bytes)
Event: 31,195 Thread 0x00007f7d24178000 nmethod 4667 0x00007f7d15ed5d50 code [0x00007f7d15ed5ea0, 0x00007f7d15ed5ff0]
Event: 31,198 Thread 0x00007f7d24176800 nmethod 4662 0x00007f7d15ef0fd0 code [0x00007f7d15ef12a0, 0x00007f7d15ef2078]
Event: 31,200 Thread 0x00007f7d24173800 4669       4       com.sun.javafx.sg.prism.NGShape::renderContent (386 bytes)
Event: 31,211 Thread 0x00007f7d24173800 nmethod 4669 0x00007f7d15eee950 code [0x00007f7d15eeebc0, 0x00007f7d15eef3d0]

GC Heap History (10 events):
Event: 10,356 GC heap before
{Heap before GC invocations=3 (full 0):
 PSYoungGen      total 33280K, used 33264K [0x00000000ec100000, 0x00000000ee400000, 0x0000000100000000)
  eden space 30720K, 100% used [0x00000000ec100000,0x00000000edf00000,0x00000000edf00000)
  from space 2560K, 99% used [0x00000000ee180000,0x00000000ee3fc070,0x00000000ee400000)
  to   space 2560K, 0% used [0x00000000edf00000,0x00000000edf00000,0x00000000ee180000)
 ParOldGen       total 40960K, used 2757K [0x00000000c4200000, 0x00000000c6a00000, 0x00000000ec100000)
  object space 40960K, 6% used [0x00000000c4200000,0x00000000c44b1498,0x00000000c6a00000)
 Metaspace       used 19579K, capacity 20348K, committed 20608K, reserved 1067008K
  class space    used 2726K, capacity 2895K, committed 2944K, reserved 1048576K
Event: 10,371 GC heap after
Heap after GC invocations=3 (full 0):
 PSYoungGen      total 33280K, used 2528K [0x00000000ec100000, 0x00000000ee400000, 0x0000000100000000)
  eden space 30720K, 0% used [0x00000000ec100000,0x00000000ec100000,0x00000000edf00000)
  from space 2560K, 98% used [0x00000000edf00000,0x00000000ee178098,0x00000000ee180000)
  to   space 2560K, 0% used [0x00000000ee180000,0x00000000ee180000,0x00000000ee400000)
 ParOldGen       total 40960K, used 4829K [0x00000000c4200000, 0x00000000c6a00000, 0x00000000ec100000)
  object space 40960K, 11% used [0x00000000c4200000,0x00000000c46b7750,0x00000000c6a00000)
 Metaspace       used 19579K, capacity 20348K, committed 20608K, reserved 1067008K
  class space    used 2726K, capacity 2895K, committed 2944K, reserved 1048576K
}
Event: 10,632 GC heap before
{Heap before GC invocations=4 (full 0):
 PSYoungGen      total 33280K, used 9387K [0x00000000ec100000, 0x00000000ee400000, 0x0000000100000000)
  eden space 30720K, 22% used [0x00000000ec100000,0x00000000ec7b2ec8,0x00000000edf00000)
  from space 2560K, 98% used [0x00000000edf00000,0x00000000ee178098,0x00000000ee180000)
  to   space 2560K, 0% used [0x00000000ee180000,0x00000000ee180000,0x00000000ee400000)
 ParOldGen       total 40960K, used 4829K [0x00000000c4200000, 0x00000000c6a00000, 0x00000000ec100000)
  object space 40960K, 11% used [0x00000000c4200000,0x00000000c46b7750,0x00000000c6a00000)
 Metaspace       used 20282K, capacity 21154K, committed 21248K, reserved 1067008K
  class space    used 2845K, capacity 3024K, committed 3072K, reserved 1048576K
Event: 10,640 GC heap after
Heap after GC invocations=4 (full 0):
 PSYoungGen      total 33280K, used 2528K [0x00000000ec100000, 0x00000000f0200000, 0x0000000100000000)
  eden space 30720K, 0% used [0x00000000ec100000,0x00000000ec100000,0x00000000edf00000)
  from space 2560K, 98% used [0x00000000ee180000,0x00000000ee3f8078,0x00000000ee400000)
  to   space 2560K, 0% used [0x00000000edf00000,0x00000000edf00000,0x00000000ee180000)
 ParOldGen       total 40960K, used 5486K [0x00000000c4200000, 0x00000000c6a00000, 0x00000000ec100000)
  object space 40960K, 13% used [0x00000000c4200000,0x00000000c475bab0,0x00000000c6a00000)
 Metaspace       used 20282K, capacity 21154K, committed 21248K, reserved 1067008K
  class space    used 2845K, capacity 3024K, committed 3072K, reserved 1048576K
}
Event: 10,640 GC heap before
{Heap before GC invocations=5 (full 1):
 PSYoungGen      total 33280K, used 2528K [0x00000000ec100000, 0x00000000f0200000, 0x0000000100000000)
  eden space 30720K, 0% used [0x00000000ec100000,0x00000000ec100000,0x00000000edf00000)
  from space 2560K, 98% used [0x00000000ee180000,0x00000000ee3f8078,0x00000000ee400000)
  to   space 2560K, 0% used [0x00000000edf00000,0x00000000edf00000,0x00000000ee180000)
 ParOldGen       total 40960K, used 5486K [0x00000000c4200000, 0x00000000c6a00000, 0x00000000ec100000)
  object space 40960K, 13% used [0x00000000c4200000,0x00000000c475bab0,0x00000000c6a00000)
 Metaspace       used 20282K, capacity 21154K, committed 21248K, reserved 1067008K
  class space    used 2845K, capacity 3024K, committed 3072K, reserved 1048576K
Event: 10,702 GC heap after
Heap after GC invocations=5 (full 1):
 PSYoungGen      total 33280K, used 0K [0x00000000ec100000, 0x00000000f0200000, 0x0000000100000000)
  eden space 30720K, 0% used [0x00000000ec100000,0x00000000ec100000,0x00000000edf00000)
  from space 2560K, 0% used [0x00000000ee180000,0x00000000ee180000,0x00000000ee400000)
  to   space 2560K, 0% used [0x00000000edf00000,0x00000000edf00000,0x00000000ee180000)
 ParOldGen       total 31232K, used 7008K [0x00000000c4200000, 0x00000000c6080000, 0x00000000ec100000)
  object space 31232K, 22% used [0x00000000c4200000,0x00000000c48d8040,0x00000000c6080000)
 Metaspace       used 20281K, capacity 21152K, committed 21248K, reserved 1067008K
  class space    used 2845K, capacity 3023K, committed 3072K, reserved 1048576K
}
Event: 20,483 GC heap before
{Heap before GC invocations=6 (full 1):
 PSYoungGen      total 33280K, used 30720K [0x00000000ec100000, 0x00000000f0200000, 0x0000000100000000)
  eden space 30720K, 100% used [0x00000000ec100000,0x00000000edf00000,0x00000000edf00000)
  from space 2560K, 0% used [0x00000000ee180000,0x00000000ee180000,0x00000000ee400000)
  to   space 2560K, 0% used [0x00000000edf00000,0x00000000edf00000,0x00000000ee180000)
 ParOldGen       total 31232K, used 7008K [0x00000000c4200000, 0x00000000c6080000, 0x00000000ec100000)
  object space 31232K, 22% used [0x00000000c4200000,0x00000000c48d8040,0x00000000c6080000)
 Metaspace       used 22441K, capacity 23788K, committed 24064K, reserved 1071104K
  class space    used 3076K, capacity 3295K, committed 3328K, reserved 1048576K
Event: 20,498 GC heap after
Heap after GC invocations=6 (full 1):
 PSYoungGen      total 33280K, used 2560K [0x00000000ec100000, 0x00000000eff80000, 0x0000000100000000)
  eden space 30720K, 0% used [0x00000000ec100000,0x00000000ec100000,0x00000000edf00000)
  from space 2560K, 100% used [0x00000000edf00000,0x00000000ee180000,0x00000000ee180000)
  to   space 6656K, 0% used [0x00000000ef900000,0x00000000ef900000,0x00000000eff80000)
 ParOldGen       total 31232K, used 9600K [0x00000000c4200000, 0x00000000c6080000, 0x00000000ec100000)
  object space 31232K, 30% used [0x00000000c4200000,0x00000000c4b60040,0x00000000c6080000)
 Metaspace       used 22441K, capacity 23788K, committed 24064K, reserved 1071104K
  class space    used 3076K, capacity 3295K, committed 3328K, reserved 1048576K
}
Event: 24,214 GC heap before
{Heap before GC invocations=7 (full 1):
 PSYoungGen      total 33280K, used 33280K [0x00000000ec100000, 0x00000000eff80000, 0x0000000100000000)
  eden space 30720K, 100% used [0x00000000ec100000,0x00000000edf00000,0x00000000edf00000)
  from space 2560K, 100% used [0x00000000edf00000,0x00000000ee180000,0x00000000ee180000)
  to   space 6656K, 0% used [0x00000000ef900000,0x00000000ef900000,0x00000000eff80000)
 ParOldGen       total 31232K, used 9600K [0x00000000c4200000, 0x00000000c6080000, 0x00000000ec100000)
  object space 31232K, 30% used [0x00000000c4200000,0x00000000c4b60040,0x00000000c6080000)
 Metaspace       used 22564K, capacity 23852K, committed 24064K, reserved 1071104K
  class space    used 3078K, capacity 3295K, committed 3328K, reserved 1048576K
Event: 24,220 GC heap after
Heap after GC invocations=7 (full 1):
 PSYoungGen      total 53248K, used 2720K [0x00000000ec100000, 0x00000000efd80000, 0x0000000100000000)
  eden space 48640K, 0% used [0x00000000ec100000,0x00000000ec100000,0x00000000ef080000)
  from space 4608K, 59% used [0x00000000ef900000,0x00000000efba8000,0x00000000efd80000)
  to   space 6656K, 0% used [0x00000000ef080000,0x00000000ef080000,0x00000000ef700000)
 ParOldGen       total 31232K, used 9608K [0x00000000c4200000, 0x00000000c6080000, 0x00000000ec100000)
  object space 31232K, 30% used [0x00000000c4200000,0x00000000c4b62040,0x00000000c6080000)
 Metaspace       used 22564K, capacity 23852K, committed 24064K, reserved 1071104K
  class space    used 3078K, capacity 3295K, committed 3328K, reserved 1048576K
}

Deoptimization events (10 events):
Event: 29,492 Thread 0x00007f7d24342000 Uncommon trap: reason=class_check action=maybe_recompile pc=0x00007f7d15e5dfd4 method=java.util.AbstractList.rangeCheckForAdd(I)V @ 6
Event: 29,494 Thread 0x00007f7d24342000 Uncommon trap: reason=class_check action=maybe_recompile pc=0x00007f7d15dfb6f4 method=com.sun.javafx.scene.control.skin.LabeledSkinBase.updateChildren()V @ 4
Event: 29,499 Thread 0x00007f7d24292000 Uncommon trap: reason=bimorphic action=maybe_recompile pc=0x00007f7d15d8f8e8 method=com.sun.javafx.sg.prism.NGNode.getContentBounds(Lcom/sun/javafx/geom/BaseBounds;Lcom/sun/javafx/geom/transform/BaseTransform;)Lcom/sun/javafx/geom/BaseBounds; @ 24
Event: 29,499 Thread 0x00007f7d24292000 Uncommon trap: reason=unreached action=reinterpret pc=0x00007f7d15e5f064 method=com.sun.javafx.sg.prism.NGNode.getOpaqueRegion()Lcom/sun/javafx/geom/RectBounds; @ 11
Event: 30,085 Thread 0x00007f7d24342000 Uncommon trap: reason=class_check action=maybe_recompile pc=0x00007f7d15e5dfd4 method=java.util.AbstractList.rangeCheckForAdd(I)V @ 6
Event: 31,158 Thread 0x00007f7d24342000 Uncommon trap: reason=class_check action=maybe_recompile pc=0x00007f7d15535c60 method=java.lang.Character.toLowerCase(I)I @ 5
Event: 31,159 Thread 0x00007f7d24342000 Uncommon trap: reason=class_check action=maybe_recompile pc=0x00007f7d1552b308 method=java.lang.Character.toLowerCase(I)I @ 5
Event: 31,159 Thread 0x00007f7d24342000 Uncommon trap: reason=class_check action=maybe_recompile pc=0x00007f7d1552b308 method=java.lang.Character.toLowerCase(I)I @ 5
Event: 31,159 Thread 0x00007f7d24342000 Uncommon trap: reason=class_check action=maybe_recompile pc=0x00007f7d15535c60 method=java.lang.Character.toLowerCase(I)I @ 5
Event: 31,159 Thread 0x00007f7d24342000 Uncommon trap: reason=class_check action=maybe_recompile pc=0x00007f7d1552b308 method=java.lang.Character.toLowerCase(I)I @ 5

Internal exceptions (10 events):
Event: 10,405 Thread 0x00007f7d24342000 Exception <a 'java/security/PrivilegedActionException'> (0x00000000ec39b508) thrown at [/HUDSON/workspace/8-2-build-linux-amd64/jdk8u25/1514/hotspot/src/share/vm/prims/jvm.cpp, line 1312]
Event: 10,405 Thread 0x00007f7d24342000 Exception <a 'java/security/PrivilegedActionException'> (0x00000000ec39c150) thrown at [/HUDSON/workspace/8-2-build-linux-amd64/jdk8u25/1514/hotspot/src/share/vm/prims/jvm.cpp, line 1312]
Event: 10,405 Thread 0x00007f7d24342000 Exception <a 'java/security/PrivilegedActionException'> (0x00000000ec39ce10) thrown at [/HUDSON/workspace/8-2-build-linux-amd64/jdk8u25/1514/hotspot/src/share/vm/prims/jvm.cpp, line 1312]
Event: 10,405 Thread 0x00007f7d24342000 Exception <a 'java/security/PrivilegedActionException'> (0x00000000ec39da58) thrown at [/HUDSON/workspace/8-2-build-linux-amd64/jdk8u25/1514/hotspot/src/share/vm/prims/jvm.cpp, line 1312]
Event: 10,405 Thread 0x00007f7d24342000 Exception <a 'java/security/PrivilegedActionException'> (0x00000000ec39e718) thrown at [/HUDSON/workspace/8-2-build-linux-amd64/jdk8u25/1514/hotspot/src/share/vm/prims/jvm.cpp, line 1312]
Event: 10,405 Thread 0x00007f7d24342000 Exception <a 'java/security/PrivilegedActionException'> (0x00000000ec3ba340) thrown at [/HUDSON/workspace/8-2-build-linux-amd64/jdk8u25/1514/hotspot/src/share/vm/prims/jvm.cpp, line 1312]
Event: 10,405 Thread 0x00007f7d24342000 Exception <a 'java/security/PrivilegedActionException'> (0x00000000ec3bb028) thrown at [/HUDSON/workspace/8-2-build-linux-amd64/jdk8u25/1514/hotspot/src/share/vm/prims/jvm.cpp, line 1312]
Event: 11,222 Thread 0x00007f7d24342000 Exception <a 'java/security/PrivilegedActionException'> (0x00000000ece10218) thrown at [/HUDSON/workspace/8-2-build-linux-amd64/jdk8u25/1514/hotspot/src/share/vm/prims/jvm.cpp, line 1312]
Event: 25,343 Thread 0x00007f7d24342000 Implicit null exception at 0x00007f7d15e4c47e to 0x00007f7d15e4c5db
Event: 28,862 Thread 0x00007f7d24342000 Implicit null exception at 0x00007f7d15ae3d41 to 0x00007f7d15ae4625

Events (10 events):
Event: 31,159 Thread 0x00007f7d24342000 DEOPT UNPACKING pc=0x00007f7d15004f69 sp=0x00007f7ccb137e50 mode 2
Event: 31,159 Thread 0x00007f7d24342000 Uncommon trap: trap_request=0xffffffde fr.pc=0x00007f7d1552b308
Event: 31,159 Thread 0x00007f7d24342000 DEOPT PACKING pc=0x00007f7d1552b308 sp=0x00007f7ccb137e90
Event: 31,159 Thread 0x00007f7d24342000 DEOPT UNPACKING pc=0x00007f7d15004f69 sp=0x00007f7ccb137e50 mode 2
Event: 31,159 Thread 0x00007f7d24342000 Uncommon trap: trap_request=0xffffffde fr.pc=0x00007f7d15535c60
Event: 31,159 Thread 0x00007f7d24342000 DEOPT PACKING pc=0x00007f7d15535c60 sp=0x00007f7ccb137f20
Event: 31,159 Thread 0x00007f7d24342000 DEOPT UNPACKING pc=0x00007f7d15004f69 sp=0x00007f7ccb137e60 mode 2
Event: 31,159 Thread 0x00007f7d24342000 Uncommon trap: trap_request=0xffffffde fr.pc=0x00007f7d1552b308
Event: 31,159 Thread 0x00007f7d24342000 DEOPT PACKING pc=0x00007f7d1552b308 sp=0x00007f7ccb137e90
Event: 31,159 Thread 0x00007f7d24342000 DEOPT UNPACKING pc=0x00007f7d15004f69 sp=0x00007f7ccb137e50 mode 2


Dynamic libraries:
00400000-00401000 r-xp 00000000 08:07 267404                             /usr/lib/jvm/jdk1.8.0_25/jre/bin/java
00600000-00601000 rw-p 00000000 08:07 267404                             /usr/lib/jvm/jdk1.8.0_25/jre/bin/java
00e43000-00e64000 rw-p 00000000 00:00 0                                  [heap]
c4200000-c6080000 rw-p 00000000 00:00 0 
c6080000-ec100000 ---p 00000000 00:00 0 
ec100000-efd80000 rw-p 00000000 00:00 0 
efd80000-100000000 ---p 00000000 00:00 0 
100000000-100340000 rw-p 00000000 00:00 0 
100340000-140000000 ---p 00000000 00:00 0 
7f7cac000000-7f7cac021000 rw-p 00000000 00:00 0 
7f7cac021000-7f7cb0000000 ---p 00000000 00:00 0 
7f7cb0000000-7f7cb0021000 rw-p 00000000 00:00 0 
7f7cb0021000-7f7cb4000000 ---p 00000000 00:00 0 
7f7cb4000000-7f7cb4794000 rw-p 00000000 00:00 0 
7f7cb4794000-7f7cb8000000 ---p 00000000 00:00 0 
7f7cb8000000-7f7cb8021000 rw-p 00000000 00:00 0 
7f7cb8021000-7f7cbc000000 ---p 00000000 00:00 0 
7f7cbc000000-7f7cbc022000 rw-p 00000000 00:00 0 
7f7cbc022000-7f7cc0000000 ---p 00000000 00:00 0 
7f7cc0000000-7f7cc0021000 rw-p 00000000 00:00 0 
7f7cc0021000-7f7cc4000000 ---p 00000000 00:00 0 
7f7cc4000000-7f7cc4021000 rw-p 00000000 00:00 0 
7f7cc4021000-7f7cc8000000 ---p 00000000 00:00 0 
7f7cc9078000-7f7cc9080000 rw-s 00000000 00:04 34939                      /drm mm object (deleted)
7f7cc9080000-7f7cc9088000 rw-s 00000000 00:04 37013                      /drm mm object (deleted)
7f7cc9088000-7f7cc9090000 rw-s 00000000 00:04 37011                      /drm mm object (deleted)
7f7cc90a0000-7f7cc90a8000 rw-s 00000000 00:04 34936                      /drm mm object (deleted)
7f7cc90c8000-7f7cc90d0000 rw-s 00000000 00:04 34926                      /drm mm object (deleted)
7f7cc90d0000-7f7cc90d8000 rw-s 00000000 00:04 34924                      /drm mm object (deleted)
7f7cc90d8000-7f7cc90e0000 rw-s 00000000 00:04 37007                      /drm mm object (deleted)
7f7cc9130000-7f7cc9170000 rw-p 00000000 00:00 0 
7f7cc9170000-7f7cc9330000 ---p 00000000 00:00 0 
7f7cc9330000-7f7cc9338000 rw-s 00000000 00:04 28419                      /drm mm object (deleted)
7f7cc9338000-7f7cc9340000 rw-s 00000000 00:04 34909                      /drm mm object (deleted)
7f7cc9344000-7f7cc934c000 rw-s 00000000 00:04 28417                      /drm mm object (deleted)
7f7cc934c000-7f7cc9354000 rw-s 00000000 00:04 28415                      /drm mm object (deleted)
7f7cc9354000-7f7cc935c000 rw-s 00000000 00:04 28413                      /drm mm object (deleted)
7f7cc9368000-7f7cc9370000 rw-s 00000000 00:04 34951                      /drm mm object (deleted)
7f7cc9370000-7f7cc9378000 rw-s 00000000 00:04 35912                      /drm mm object (deleted)
7f7cc9378000-7f7cc9380000 rw-s 00000000 00:04 28411                      /drm mm object (deleted)
7f7cc9380000-7f7cc9388000 rw-s 00000000 00:04 28409                      /drm mm object (deleted)
7f7cc9388000-7f7cc9390000 rw-s 00000000 00:04 28380                      /drm mm object (deleted)
7f7cc9390000-7f7cc9398000 rw-s 00000000 00:04 28407                      /drm mm object (deleted)
7f7cc9398000-7f7cc9442000 r--p 00000000 08:07 1968774                    /usr/share/fonts/truetype/dejavu/DejaVuSans-Bold.ttf
7f7cc9442000-7f7cc9642000 rw-p 00000000 00:00 0 
7f7cc9642000-7f7cc9842000 rw-p 00000000 00:00 0 
7f7cc9842000-7f7cc9849000 r--s 00000000 08:07 1312917                    /usr/lib/x86_64-linux-gnu/gconv/gconv-modules.cache
7f7cc9849000-7f7cc9851000 rw-s 00000000 00:04 34947                      /drm mm object (deleted)
7f7cc9851000-7f7cc9859000 rw-s 00000000 00:04 34945                      /drm mm object (deleted)
7f7cc9859000-7f7cc98b9000 rw-s 102056000 00:05 9793                      /dev/dri/card0
7f7cc98b9000-7f7cc98c7000 rw-s 101b00000 00:05 9793                      /dev/dri/card0
7f7cc98cb000-7f7cc9a8b000 rw-s 00000000 00:04 36933                      /drm mm object (deleted)
7f7cc9a8c000-7f7cc9a98000 rw-s 00000000 00:04 34862                      /drm mm object (deleted)
7f7cc9a98000-7f7cc9aab000 r--s 00344000 08:07 2495517                    /usr/lib/jvm/jdk1.8.0_25/jre/lib/resources.jar
7f7cc9aab000-7f7cc9cab000 rw-p 00000000 00:00 0 
7f7cc9cab000-7f7cc9cae000 ---p 00000000 00:00 0 
7f7cc9cae000-7f7cc9dac000 rw-p 00000000 00:00 0                          [stack:4806]
7f7cc9dac000-7f7cc9e62000 r--p 00000000 08:07 1968775                    /usr/share/fonts/truetype/dejavu/DejaVuSans.ttf
7f7cc9e62000-7f7cc9eb7000 r--p 00000000 08:07 133747                     /usr/lib/jvm/jdk1.8.0_25/jre/lib/fonts/LucidaBrightRegular.ttf
7f7cc9eb7000-7f7cc9eca000 r--p 00000000 08:07 133751                     /usr/lib/jvm/jdk1.8.0_25/jre/lib/fonts/LucidaBrightDemiBold.ttf
7f7cc9eca000-7f7cc9ede000 r--p 00000000 08:07 133746                     /usr/lib/jvm/jdk1.8.0_25/jre/lib/fonts/LucidaBrightItalic.ttf
7f7cc9ede000-7f7cc9f1a000 r--p 00000000 08:07 133745                     /usr/lib/jvm/jdk1.8.0_25/jre/lib/fonts/LucidaTypewriterRegular.ttf
7f7cc9f1a000-7f7cc9fc5000 r--p 00000000 08:07 133749                     /usr/lib/jvm/jdk1.8.0_25/jre/lib/fonts/LucidaSansRegular.ttf
7f7cc9fc5000-7f7cca013000 r--p 00000000 08:07 133752                     /usr/lib/jvm/jdk1.8.0_25/jre/lib/fonts/LucidaSansDemiBold.ttf
7f7cca013000-7f7cca017000 r-xp 00000000 08:07 2495494                    /usr/lib/jvm/jdk1.8.0_25/jre/lib/amd64/libjavafx_font_pango.so
7f7cca017000-7f7cca216000 ---p 00004000 08:07 2495494                    /usr/lib/jvm/jdk1.8.0_25/jre/lib/amd64/libjavafx_font_pango.so
7f7cca216000-7f7cca217000 r--p 00003000 08:07 2495494                    /usr/lib/jvm/jdk1.8.0_25/jre/lib/amd64/libjavafx_font_pango.so
7f7cca217000-7f7cca218000 rw-p 00004000 08:07 2495494                    /usr/lib/jvm/jdk1.8.0_25/jre/lib/amd64/libjavafx_font_pango.so
7f7cca218000-7f7cca418000 rw-p 00000000 00:00 0 
7f7cca418000-7f7cca41d000 r-xp 00000000 08:07 2495444                    /usr/lib/jvm/jdk1.8.0_25/jre/lib/amd64/libjavafx_font_freetype.so
7f7cca41d000-7f7cca61c000 ---p 00005000 08:07 2495444                    /usr/lib/jvm/jdk1.8.0_25/jre/lib/amd64/libjavafx_font_freetype.so
7f7cca61c000-7f7cca61d000 r--p 00004000 08:07 2495444                    /usr/lib/jvm/jdk1.8.0_25/jre/lib/amd64/libjavafx_font_freetype.so
7f7cca61d000-7f7cca61e000 rw-p 00005000 08:07 2495444                    /usr/lib/jvm/jdk1.8.0_25/jre/lib/amd64/libjavafx_font_freetype.so
7f7cca61e000-7f7cca621000 r-xp 00000000 08:07 2495448                    /usr/lib/jvm/jdk1.8.0_25/jre/lib/amd64/libjavafx_font.so
7f7cca621000-7f7cca820000 ---p 00003000 08:07 2495448                    /usr/lib/jvm/jdk1.8.0_25/jre/lib/amd64/libjavafx_font.so
7f7cca820000-7f7cca821000 r--p 00002000 08:07 2495448                    /usr/lib/jvm/jdk1.8.0_25/jre/lib/amd64/libjavafx_font.so
7f7cca821000-7f7cca822000 rw-p 00003000 08:07 2495448                    /usr/lib/jvm/jdk1.8.0_25/jre/lib/amd64/libjavafx_font.so
7f7cca822000-7f7cca838000 r-xp 00000000 08:07 2495477                    /usr/lib/jvm/jdk1.8.0_25/jre/lib/amd64/libnet.so
7f7cca838000-7f7ccaa38000 ---p 00016000 08:07 2495477                    /usr/lib/jvm/jdk1.8.0_25/jre/lib/amd64/libnet.so
7f7ccaa38000-7f7ccaa39000 rw-p 00016000 08:07 2495477                    /usr/lib/jvm/jdk1.8.0_25/jre/lib/amd64/libnet.so
7f7ccaa39000-7f7ccac39000 rw-p 00000000 00:00 0 
7f7ccac39000-7f7ccac3c000 ---p 00000000 00:00 0 
7f7ccac3c000-7f7ccaf3a000 rw-p 00000000 00:00 0                          [stack:4805]
7f7ccaf3a000-7f7ccaf3d000 ---p 00000000 00:00 0 
7f7ccaf3d000-7f7ccb03b000 rw-p 00000000 00:00 0                          [stack:4804]
7f7ccb03b000-7f7ccb03e000 ---p 00000000 00:00 0 
7f7ccb03e000-7f7ccb13c000 rw-p 00000000 00:00 0                          [stack:4803]
7f7ccb13c000-7f7ccb13d000 ---p 00000000 00:00 0 
7f7ccb13d000-7f7ccb93d000 rw-p 00000000 00:00 0                          [stack:4801]
7f7ccb93d000-7f7ccb93e000 ---p 00000000 00:00 0 
7f7ccb93e000-7f7ccc13e000 rw-p 00000000 00:00 0                          [stack:4800]
7f7ccc13e000-7f7ccc149000 r-xp 00000000 08:07 1313010                    /usr/lib/x86_64-linux-gnu/gio/modules/libdconfsettings.so
7f7ccc149000-7f7ccc349000 ---p 0000b000 08:07 1313010                    /usr/lib/x86_64-linux-gnu/gio/modules/libdconfsettings.so
7f7ccc349000-7f7ccc34a000 r--p 0000b000 08:07 1313010                    /usr/lib/x86_64-linux-gnu/gio/modules/libdconfsettings.so
7f7ccc34a000-7f7ccc34b000 rw-p 0000c000 08:07 1313010                    /usr/lib/x86_64-linux-gnu/gio/modules/libdconfsettings.so
7f7ccc34b000-7f7ccc364000 r-xp 00000000 08:07 1313014                    /usr/lib/x86_64-linux-gnu/gio/modules/libgioremote-volume-monitor.so
7f7ccc364000-7f7ccc564000 ---p 00019000 08:07 1313014                    /usr/lib/x86_64-linux-gnu/gio/modules/libgioremote-volume-monitor.so
7f7ccc564000-7f7ccc567000 r--p 00019000 08:07 1313014                    /usr/lib/x86_64-linux-gnu/gio/modules/libgioremote-volume-monitor.so
7f7ccc567000-7f7ccc568000 rw-p 0001c000 08:07 1313014                    /usr/lib/x86_64-linux-gnu/gio/modules/libgioremote-volume-monitor.so
7f7ccc568000-7f7ccc59c000 r-xp 00000000 08:07 1313315                    /usr/lib/x86_64-linux-gnu/gvfs/libgvfscommon.so
7f7ccc59c000-7f7ccc79c000 ---p 00034000 08:07 1313315                    /usr/lib/x86_64-linux-gnu/gvfs/libgvfscommon.so
7f7ccc79c000-7f7ccc7a1000 r--p 00034000 08:07 1313315                    /usr/lib/x86_64-linux-gnu/gvfs/libgvfscommon.so
7f7ccc7a1000-7f7ccc7a2000 rw-p 00039000 08:07 1313315                    /usr/lib/x86_64-linux-gnu/gvfs/libgvfscommon.so
7f7ccc7a2000-7f7ccc7d1000 r-xp 00000000 08:07 1313015                    /usr/lib/x86_64-linux-gnu/gio/modules/libgvfsdbus.so
7f7ccc7d1000-7f7ccc9d1000 ---p 0002f000 08:07 1313015                    /usr/lib/x86_64-linux-gnu/gio/modules/libgvfsdbus.so
7f7ccc9d1000-7f7ccc9d2000 r--p 0002f000 08:07 1313015                    /usr/lib/x86_64-linux-gnu/gio/modules/libgvfsdbus.so
7f7ccc9d2000-7f7ccc9d3000 rw-p 00030000 08:07 1313015                    /usr/lib/x86_64-linux-gnu/gio/modules/libgvfsdbus.so
7f7ccc9d3000-7f7ccc9d4000 rw-p 00000000 00:00 0 
7f7ccc9d4000-7f7ccc9db000 r-xp 00000000 08:07 1058871                    /usr/lib/x86_64-linux-gnu/libogg.so.0.8.1
7f7ccc9db000-7f7cccbdb000 ---p 00007000 08:07 1058871                    /usr/lib/x86_64-linux-gnu/libogg.so.0.8.1
7f7cccbdb000-7f7cccbdc000 r--p 00007000 08:07 1058871                    /usr/lib/x86_64-linux-gnu/libogg.so.0.8.1
7f7cccbdc000-7f7cccbdd000 rw-p 00008000 08:07 1058871                    /usr/lib/x86_64-linux-gnu/libogg.so.0.8.1
7f7cccbdd000-7f7cccc09000 r-xp 00000000 08:07 1059149                    /usr/lib/x86_64-linux-gnu/libvorbis.so.0.4.5
7f7cccc09000-7f7ccce08000 ---p 0002c000 08:07 1059149                    /usr/lib/x86_64-linux-gnu/libvorbis.so.0.4.5
7f7ccce08000-7f7ccce09000 r--p 0002b000 08:07 1059149                    /usr/lib/x86_64-linux-gnu/libvorbis.so.0.4.5
7f7ccce09000-7f7ccce0a000 rw-p 0002c000 08:07 1059149                    /usr/lib/x86_64-linux-gnu/libvorbis.so.0.4.5
7f7ccce0a000-7f7ccce13000 r-xp 00000000 08:07 1058777                    /usr/lib/x86_64-linux-gnu/libltdl.so.7.3.0
7f7ccce13000-7f7ccd012000 ---p 00009000 08:07 1058777                    /usr/lib/x86_64-linux-gnu/libltdl.so.7.3.0
7f7ccd012000-7f7ccd013000 r--p 00008000 08:07 1058777                    /usr/lib/x86_64-linux-gnu/libltdl.so.7.3.0
7f7ccd013000-7f7ccd014000 rw-p 00009000 08:07 1058777                    /usr/lib/x86_64-linux-gnu/libltdl.so.7.3.0
7f7ccd014000-7f7ccd025000 r-xp 00000000 08:07 1059068                    /usr/lib/x86_64-linux-gnu/libtdb.so.1.2.12
7f7ccd025000-7f7ccd224000 ---p 00011000 08:07 1059068                    /usr/lib/x86_64-linux-gnu/libtdb.so.1.2.12
7f7ccd224000-7f7ccd225000 r--p 00010000 08:07 1059068                    /usr/lib/x86_64-linux-gnu/libtdb.so.1.2.12
7f7ccd225000-7f7ccd226000 rw-p 00011000 08:07 1059068                    /usr/lib/x86_64-linux-gnu/libtdb.so.1.2.12
7f7ccd226000-7f7ccd22d000 r-xp 00000000 08:07 1059153                    /usr/lib/x86_64-linux-gnu/libvorbisfile.so.3.3.4
7f7ccd22d000-7f7ccd42c000 ---p 00007000 08:07 1059153                    /usr/lib/x86_64-linux-gnu/libvorbisfile.so.3.3.4
7f7ccd42c000-7f7ccd42d000 r--p 00006000 08:07 1059153                    /usr/lib/x86_64-linux-gnu/libvorbisfile.so.3.3.4
7f7ccd42d000-7f7ccd42e000 rw-p 00007000 08:07 1059153                    /usr/lib/x86_64-linux-gnu/libvorbisfile.so.3.3.4
7f7ccd42e000-7f7ccd43d000 r-xp 00000000 08:07 1058291                    /usr/lib/x86_64-linux-gnu/libcanberra.so.0.2.5
7f7ccd43d000-7f7ccd63c000 ---p 0000f000 08:07 1058291                    /usr/lib/x86_64-linux-gnu/libcanberra.so.0.2.5
7f7ccd63c000-7f7ccd63d000 r--p 0000e000 08:07 1058291                    /usr/lib/x86_64-linux-gnu/libcanberra.so.0.2.5
7f7ccd63d000-7f7ccd63e000 rw-p 0000f000 08:07 1058291                    /usr/lib/x86_64-linux-gnu/libcanberra.so.0.2.5
7f7ccd63e000-7f7ccd642000 r-xp 00000000 08:07 1058287                    /usr/lib/x86_64-linux-gnu/libcanberra-gtk.so.0.1.9
7f7ccd642000-7f7ccd841000 ---p 00004000 08:07 1058287                    /usr/lib/x86_64-linux-gnu/libcanberra-gtk.so.0.1.9
7f7ccd841000-7f7ccd842000 r--p 00003000 08:07 1058287                    /usr/lib/x86_64-linux-gnu/libcanberra-gtk.so.0.1.9
7f7ccd842000-7f7ccd843000 rw-p 00004000 08:07 1058287                    /usr/lib/x86_64-linux-gnu/libcanberra-gtk.so.0.1.9
7f7ccd843000-7f7ccd848000 r-xp 00000000 08:07 1313265                    /usr/lib/x86_64-linux-gnu/gtk-2.0/modules/libcanberra-gtk-module.so
7f7ccd848000-7f7ccda47000 ---p 00005000 08:07 1313265                    /usr/lib/x86_64-linux-gnu/gtk-2.0/modules/libcanberra-gtk-module.so
7f7ccda47000-7f7ccda48000 r--p 00004000 08:07 1313265                    /usr/lib/x86_64-linux-gnu/gtk-2.0/modules/libcanberra-gtk-module.so
7f7ccda48000-7f7ccda49000 rw-p 00005000 08:07 1313265                    /usr/lib/x86_64-linux-gnu/gtk-2.0/modules/libcanberra-gtk-module.so
7f7ccda49000-7f7ccda78000 r-xp 00000000 08:07 1313247                    /usr/lib/x86_64-linux-gnu/gtk-2.0/2.10.0/engines/libmurrine.so
7f7ccda78000-7f7ccdc78000 ---p 0002f000 08:07 1313247                    /usr/lib/x86_64-linux-gnu/gtk-2.0/2.10.0/engines/libmurrine.so
7f7ccdc78000-7f7ccdc79000 r--p 0002f000 08:07 1313247                    /usr/lib/x86_64-linux-gnu/gtk-2.0/2.10.0/engines/libmurrine.so
7f7ccdc79000-7f7ccdc7a000 rw-p 00030000 08:07 1313247                    /usr/lib/x86_64-linux-gnu/gtk-2.0/2.10.0/engines/libmurrine.so
7f7ccdc7a000-7f7ccdc8a000 r-xp 00000000 08:07 1059117                    /usr/lib/x86_64-linux-gnu/libunity-gtk2-parser.so.0.0.0
7f7ccdc8a000-7f7ccde89000 ---p 00010000 08:07 1059117                    /usr/lib/x86_64-linux-gnu/libunity-gtk2-parser.so.0.0.0
7f7ccde89000-7f7ccde8a000 r--p 0000f000 08:07 1059117                    /usr/lib/x86_64-linux-gnu/libunity-gtk2-parser.so.0.0.0
7f7ccde8a000-7f7ccde8b000 rw-p 00010000 08:07 1059117                    /usr/lib/x86_64-linux-gnu/libunity-gtk2-parser.so.0.0.0
7f7ccde8b000-7f7ccde90000 r-xp 00000000 08:07 1313269                    /usr/lib/x86_64-linux-gnu/gtk-2.0/modules/libunity-gtk-module.so
7f7ccde90000-7f7cce08f000 ---p 00005000 08:07 1313269                    /usr/lib/x86_64-linux-gnu/gtk-2.0/modules/libunity-gtk-module.so
7f7cce08f000-7f7cce090000 r--p 00004000 08:07 1313269                    /usr/lib/x86_64-linux-gnu/gtk-2.0/modules/libunity-gtk-module.so
7f7cce090000-7f7cce091000 rw-p 00005000 08:07 1313269                    /usr/lib/x86_64-linux-gnu/gtk-2.0/modules/libunity-gtk-module.so
7f7cce091000-7f7cce0a2000 r-xp 00000000 08:07 1313268                    /usr/lib/x86_64-linux-gnu/gtk-2.0/modules/liboverlay-scrollbar.so
7f7cce0a2000-7f7cce2a1000 ---p 00011000 08:07 1313268                    /usr/lib/x86_64-linux-gnu/gtk-2.0/modules/liboverlay-scrollbar.so
7f7cce2a1000-7f7cce2a2000 r--p 00010000 08:07 1313268                    /usr/lib/x86_64-linux-gnu/gtk-2.0/modules/liboverlay-scrollbar.so
7f7cce2a2000-7f7cce2a3000 rw-p 00011000 08:07 1313268                    /usr/lib/x86_64-linux-gnu/gtk-2.0/modules/liboverlay-scrollbar.so
7f7cce2a3000-7f7cce2cd000 r-xp 00000000 08:07 2495453                    /usr/lib/jvm/jdk1.8.0_25/jre/lib/amd64/libglass.so
7f7cce2cd000-7f7cce4cd000 ---p 0002a000 08:07 2495453                    /usr/lib/jvm/jdk1.8.0_25/jre/lib/amd64/libglass.so
7f7cce4cd000-7f7cce4cf000 r--p 0002a000 08:07 2495453                    /usr/lib/jvm/jdk1.8.0_25/jre/lib/amd64/libglass.so
7f7cce4cf000-7f7cce4d0000 rw-p 0002c000 08:07 2495453                    /usr/lib/jvm/jdk1.8.0_25/jre/lib/amd64/libglass.so
7f7cce4d0000-7f7cce4d1000 rw-p 00000000 00:00 0 
7f7cce4d1000-7f7cce508000 r-xp 00000000 08:07 1059100                    /usr/lib/x86_64-linux-gnu/libtxc_dxtn_s2tc.so.0.0.0
7f7cce508000-7f7cce707000 ---p 00037000 08:07 1059100                    /usr/lib/x86_64-linux-gnu/libtxc_dxtn_s2tc.so.0.0.0
7f7cce707000-7f7cce708000 r--p 00036000 08:07 1059100                    /usr/lib/x86_64-linux-gnu/libtxc_dxtn_s2tc.so.0.0.0
7f7cce708000-7f7cce709000 rw-p 00037000 08:07 1059100                    /usr/lib/x86_64-linux-gnu/libtxc_dxtn_s2tc.so.0.0.0
7f7cce709000-7f7cce711000 r-xp 00000000 08:07 1058903                    /usr/lib/x86_64-linux-gnu/libpciaccess.so.0.11.1
7f7cce711000-7f7cce910000 ---p 00008000 08:07 1058903                    /usr/lib/x86_64-linux-gnu/libpciaccess.so.0.11.1
7f7cce910000-7f7cce911000 r--p 00007000 08:07 1058903                    /usr/lib/x86_64-linux-gnu/libpciaccess.so.0.11.1
7f7cce911000-7f7cce912000 rw-p 00008000 08:07 1058903                    /usr/lib/x86_64-linux-gnu/libpciaccess.so.0.11.1
7f7cce912000-7f7cce91e000 r-xp 00000000 08:07 1058400                    /usr/lib/x86_64-linux-gnu/libdrm_radeon.so.1.0.1
7f7cce91e000-7f7cceb1d000 ---p 0000c000 08:07 1058400                    /usr/lib/x86_64-linux-gnu/libdrm_radeon.so.1.0.1
7f7cceb1d000-7f7cceb1e000 r--p 0000b000 08:07 1058400                    /usr/lib/x86_64-linux-gnu/libdrm_radeon.so.1.0.1
7f7cceb1e000-7f7cceb1f000 rw-p 0000c000 08:07 1058400                    /usr/lib/x86_64-linux-gnu/libdrm_radeon.so.1.0.1
7f7cceb1f000-7f7cceb24000 r-xp 00000000 08:07 1058398                    /usr/lib/x86_64-linux-gnu/libdrm_nouveau.so.2.0.0
7f7cceb24000-7f7cced23000 ---p 00005000 08:07 1058398                    /usr/lib/x86_64-linux-gnu/libdrm_nouveau.so.2.0.0
7f7cced23000-7f7cced24000 r--p 00004000 08:07 1058398                    /usr/lib/x86_64-linux-gnu/libdrm_nouveau.so.2.0.0
7f7cced24000-7f7cced25000 rw-p 00005000 08:07 1058398                    /usr/lib/x86_64-linux-gnu/libdrm_nouveau.so.2.0.0
7f7cced25000-7f7cced44000 r-xp 00000000 08:07 1058396                    /usr/lib/x86_64-linux-gnu/libdrm_intel.so.1.0.0
7f7cced44000-7f7ccef43000 ---p 0001f000 08:07 1058396                    /usr/lib/x86_64-linux-gnu/libdrm_intel.so.1.0.0
7f7ccef43000-7f7ccef44000 r--p 0001e000 08:07 1058396                    /usr/lib/x86_64-linux-gnu/libdrm_intel.so.1.0.0
7f7ccef44000-7f7ccef45000 rw-p 0001f000 08:07 1058396                    /usr/lib/x86_64-linux-gnu/libdrm_intel.so.1.0.0
7f7ccef45000-7f7ccf432000 r-xp 00000000 08:07 1312344                    /usr/lib/x86_64-linux-gnu/dri/i965_dri.so
7f7ccf432000-7f7ccf632000 ---p 004ed000 08:07 1312344                    /usr/lib/x86_64-linux-gnu/dri/i965_dri.so
7f7ccf632000-7f7ccf649000 r--p 004ed000 08:07 1312344                    /usr/lib/x86_64-linux-gnu/dri/i965_dri.so
7f7ccf649000-7f7ccf655000 rw-p 00504000 08:07 1312344                    /usr/lib/x86_64-linux-gnu/dri/i965_dri.so
7f7ccf655000-7f7ccf6a1000 rw-p 00000000 00:00 0 
7f7ccf6a1000-7f7ccf6e5000 r-xp 00000000 08:07 1708082                    /lib/x86_64-linux-gnu/libdbus-1.so.3.7.6
7f7ccf6e5000-7f7ccf8e4000 ---p 00044000 08:07 1708082                    /lib/x86_64-linux-gnu/libdbus-1.so.3.7.6
7f7ccf8e4000-7f7ccf8e5000 r--p 00043000 08:07 1708082                    /lib/x86_64-linux-gnu/libdbus-1.so.3.7.6
7f7ccf8e5000-7f7ccf8e6000 rw-p 00044000 08:07 1708082                    /lib/x86_64-linux-gnu/libdbus-1.so.3.7.6
7f7ccf8e6000-7f7ccf8ee000 r-xp 00000000 08:07 1708130                    /lib/x86_64-linux-gnu/libnih-dbus.so.1.0.0
7f7ccf8ee000-7f7ccfaee000 ---p 00008000 08:07 1708130                    /lib/x86_64-linux-gnu/libnih-dbus.so.1.0.0
7f7ccfaee000-7f7ccfaef000 r--p 00008000 08:07 1708130                    /lib/x86_64-linux-gnu/libnih-dbus.so.1.0.0
7f7ccfaef000-7f7ccfaf0000 rw-p 00009000 08:07 1708130                    /lib/x86_64-linux-gnu/libnih-dbus.so.1.0.0
7f7ccfaf0000-7f7ccfb07000 r-xp 00000000 08:07 1708132                    /lib/x86_64-linux-gnu/libnih.so.1.0.0
7f7ccfb07000-7f7ccfd06000 ---p 00017000 08:07 1708132                    /lib/x86_64-linux-gnu/libnih.so.1.0.0
7f7ccfd06000-7f7ccfd07000 r--p 00016000 08:07 1708132                    /lib/x86_64-linux-gnu/libnih.so.1.0.0
7f7ccfd07000-7f7ccfd08000 rw-p 00017000 08:07 1708132                    /lib/x86_64-linux-gnu/libnih.so.1.0.0
7f7ccfd08000-7f7ccfd20000 r-xp 00000000 08:07 1708073                    /lib/x86_64-linux-gnu/libcgmanager.so.0.0.0
7f7ccfd20000-7f7ccff1f000 ---p 00018000 08:07 1708073                    /lib/x86_64-linux-gnu/libcgmanager.so.0.0.0
7f7ccff1f000-7f7ccff21000 r--p 00017000 08:07 1708073                    /lib/x86_64-linux-gnu/libcgmanager.so.0.0.0
7f7ccff21000-7f7ccff22000 rw-p 00019000 08:07 1708073                    /lib/x86_64-linux-gnu/libcgmanager.so.0.0.0
7f7ccff22000-7f7ccff32000 r-xp 00000000 08:07 1708216                    /lib/x86_64-linux-gnu/libudev.so.1.3.5
7f7ccff32000-7f7cd0131000 ---p 00010000 08:07 1708216                    /lib/x86_64-linux-gnu/libudev.so.1.3.5
7f7cd0131000-7f7cd0132000 r--p 0000f000 08:07 1708216                    /lib/x86_64-linux-gnu/libudev.so.1.3.5
7f7cd0132000-7f7cd0133000 rw-p 00010000 08:07 1708216                    /lib/x86_64-linux-gnu/libudev.so.1.3.5
7f7cd0133000-7f7cd0139000 r-xp 00000000 08:07 1058355                    /usr/lib/x86_64-linux-gnu/libdatrie.so.1.3.1
7f7cd0139000-7f7cd0338000 ---p 00006000 08:07 1058355                    /usr/lib/x86_64-linux-gnu/libdatrie.so.1.3.1
7f7cd0338000-7f7cd0339000 r--p 00005000 08:07 1058355                    /usr/lib/x86_64-linux-gnu/libdatrie.so.1.3.1
7f7cd0339000-7f7cd033a000 rw-p 00006000 08:07 1058355                    /usr/lib/x86_64-linux-gnu/libdatrie.so.1.3.1
7f7cd033a000-7f7cd033f000 r-xp 00000000 08:07 1058163                    /usr/lib/x86_64-linux-gnu/libXdmcp.so.6.0.0
7f7cd033f000-7f7cd053e000 ---p 00005000 08:07 1058163                    /usr/lib/x86_64-linux-gnu/libXdmcp.so.6.0.0
7f7cd053e000-7f7cd053f000 r--p 00004000 08:07 1058163                    /usr/lib/x86_64-linux-gnu/libXdmcp.so.6.0.0
7f7cd053f000-7f7cd0540000 rw-p 00005000 08:07 1058163                    /usr/lib/x86_64-linux-gnu/libXdmcp.so.6.0.0
7f7cd0540000-7f7cd0542000 r-xp 00000000 08:07 1058152                    /usr/lib/x86_64-linux-gnu/libXau.so.6.0.0
7f7cd0542000-7f7cd0742000 ---p 00002000 08:07 1058152                    /usr/lib/x86_64-linux-gnu/libXau.so.6.0.0
7f7cd0742000-7f7cd0743000 r--p 00002000 08:07 1058152                    /usr/lib/x86_64-linux-gnu/libXau.so.6.0.0
7f7cd0743000-7f7cd0744000 rw-p 00003000 08:07 1058152                    /usr/lib/x86_64-linux-gnu/libXau.so.6.0.0
7f7cd0744000-7f7cd075e000 r-xp 00000000 08:07 1058581                    /usr/lib/x86_64-linux-gnu/libgraphite2.so.3.0.1
7f7cd075e000-7f7cd095d000 ---p 0001a000 08:07 1058581                    /usr/lib/x86_64-linux-gnu/libgraphite2.so.3.0.1
7f7cd095d000-7f7cd095f000 r--p 00019000 08:07 1058581                    /usr/lib/x86_64-linux-gnu/libgraphite2.so.3.0.1
7f7cd095f000-7f7cd0960000 rw-p 0001b000 08:07 1058581                    /usr/lib/x86_64-linux-gnu/libgraphite2.so.3.0.1
7f7cd0960000-7f7cd096b000 r-xp 00000000 08:07 1058394                    /usr/lib/x86_64-linux-gnu/libdrm.so.2.4.0
7f7cd096b000-7f7cd0b6a000 ---p 0000b000 08:07 1058394                    /usr/lib/x86_64-linux-gnu/libdrm.so.2.4.0
7f7cd0b6a000-7f7cd0b6b000 r--p 0000a000 08:07 1058394                    /usr/lib/x86_64-linux-gnu/libdrm.so.2.4.0
7f7cd0b6b000-7f7cd0b6c000 rw-p 0000b000 08:07 1058394                    /usr/lib/x86_64-linux-gnu/libdrm.so.2.4.0
7f7cd0b6c000-7f7cd0b6d000 r-xp 00000000 08:07 1059228                    /usr/lib/x86_64-linux-gnu/libxshmfence.so.1.0.0
7f7cd0b6d000-7f7cd0d6c000 ---p 00001000 08:07 1059228                    /usr/lib/x86_64-linux-gnu/libxshmfence.so.1.0.0
7f7cd0d6c000-7f7cd0d6d000 r--p 00000000 08:07 1059228                    /usr/lib/x86_64-linux-gnu/libxshmfence.so.1.0.0
7f7cd0d6d000-7f7cd0d6e000 rw-p 00001000 08:07 1059228                    /usr/lib/x86_64-linux-gnu/libxshmfence.so.1.0.0
7f7cd0d6e000-7f7cd0d73000 r-xp 00000000 08:07 1059212                    /usr/lib/x86_64-linux-gnu/libxcb-sync.so.1.0.0
7f7cd0d73000-7f7cd0f72000 ---p 00005000 08:07 1059212                    /usr/lib/x86_64-linux-gnu/libxcb-sync.so.1.0.0
7f7cd0f72000-7f7cd0f73000 r--p 00004000 08:07 1059212                    /usr/lib/x86_64-linux-gnu/libxcb-sync.so.1.0.0
7f7cd0f73000-7f7cd0f74000 rw-p 00005000 08:07 1059212                    /usr/lib/x86_64-linux-gnu/libxcb-sync.so.1.0.0
7f7cd0f74000-7f7cd0f76000 r-xp 00000000 08:07 1059200                    /usr/lib/x86_64-linux-gnu/libxcb-present.so.0.0.0
7f7cd0f76000-7f7cd1175000 ---p 00002000 08:07 1059200                    /usr/lib/x86_64-linux-gnu/libxcb-present.so.0.0.0
7f7cd1175000-7f7cd1176000 r--p 00001000 08:07 1059200                    /usr/lib/x86_64-linux-gnu/libxcb-present.so.0.0.0
7f7cd1176000-7f7cd1177000 rw-p 00002000 08:07 1059200                    /usr/lib/x86_64-linux-gnu/libxcb-present.so.0.0.0
7f7cd1177000-7f7cd1179000 r-xp 00000000 08:07 1059192                    /usr/lib/x86_64-linux-gnu/libxcb-dri3.so.0.0.0
7f7cd1179000-7f7cd1378000 ---p 00002000 08:07 1059192                    /usr/lib/x86_64-linux-gnu/libxcb-dri3.so.0.0.0
7f7cd1378000-7f7cd1379000 r--p 00001000 08:07 1059192                    /usr/lib/x86_64-linux-gnu/libxcb-dri3.so.0.0.0
7f7cd1379000-7f7cd137a000 rw-p 00002000 08:07 1059192                    /usr/lib/x86_64-linux-gnu/libxcb-dri3.so.0.0.0
7f7cd137a000-7f7cd137d000 r-xp 00000000 08:07 1059190                    /usr/lib/x86_64-linux-gnu/libxcb-dri2.so.0.0.0
7f7cd137d000-7f7cd157d000 ---p 00003000 08:07 1059190                    /usr/lib/x86_64-linux-gnu/libxcb-dri2.so.0.0.0
7f7cd157d000-7f7cd157e000 r--p 00003000 08:07 1059190                    /usr/lib/x86_64-linux-gnu/libxcb-dri2.so.0.0.0
7f7cd157e000-7f7cd157f000 rw-p 00004000 08:07 1059190                    /usr/lib/x86_64-linux-gnu/libxcb-dri2.so.0.0.0
7f7cd157f000-7f7cd1594000 r-xp 00000000 08:07 1059194                    /usr/lib/x86_64-linux-gnu/libxcb-glx.so.0.0.0
7f7cd1594000-7f7cd1793000 ---p 00015000 08:07 1059194                    /usr/lib/x86_64-linux-gnu/libxcb-glx.so.0.0.0
7f7cd1793000-7f7cd1795000 r--p 00014000 08:07 1059194                    /usr/lib/x86_64-linux-gnu/libxcb-glx.so.0.0.0
7f7cd1795000-7f7cd1796000 rw-p 00016000 08:07 1059194                    /usr/lib/x86_64-linux-gnu/libxcb-glx.so.0.0.0
7f7cd1796000-7f7cd1797000 r-xp 00000000 08:07 1058146                    /usr/lib/x86_64-linux-gnu/libX11-xcb.so.1.0.0
7f7cd1797000-7f7cd1996000 ---p 00001000 08:07 1058146                    /usr/lib/x86_64-linux-gnu/libX11-xcb.so.1.0.0
7f7cd1996000-7f7cd1997000 r--p 00000000 08:07 1058146                    /usr/lib/x86_64-linux-gnu/libX11-xcb.so.1.0.0
7f7cd1997000-7f7cd1998000 rw-p 00001000 08:07 1058146                    /usr/lib/x86_64-linux-gnu/libX11-xcb.so.1.0.0
7f7cd1998000-7f7cd19ba000 r-xp 00000000 08:07 1058539                    /usr/lib/x86_64-linux-gnu/libglapi.so.0.0.0
7f7cd19ba000-7f7cd1bba000 ---p 00022000 08:07 1058539                    /usr/lib/x86_64-linux-gnu/libglapi.so.0.0.0
7f7cd1bba000-7f7cd1bbd000 r--p 00022000 08:07 1058539                    /usr/lib/x86_64-linux-gnu/libglapi.so.0.0.0
7f7cd1bbd000-7f7cd1bbe000 rw-p 00025000 08:07 1058539                    /usr/lib/x86_64-linux-gnu/libglapi.so.0.0.0
7f7cd1bbe000-7f7cd1bbf000 rw-p 00000000 00:00 0 
7f7cd1bbf000-7f7cd1bfc000 r-xp 00000000 08:07 1708171                    /lib/x86_64-linux-gnu/libpcre.so.3.13.1
7f7cd1bfc000-7f7cd1dfb000 ---p 0003d000 08:07 1708171                    /lib/x86_64-linux-gnu/libpcre.so.3.13.1
7f7cd1dfb000-7f7cd1dfc000 r--p 0003c000 08:07 1708171                    /lib/x86_64-linux-gnu/libpcre.so.3.13.1
7f7cd1dfc000-7f7cd1dfd000 rw-p 0003d000 08:07 1708171                    /lib/x86_64-linux-gnu/libpcre.so.3.13.1
7f7cd1dfd000-7f7cd1e04000 r-xp 00000000 08:07 1058430                    /usr/lib/x86_64-linux-gnu/libffi.so.6.0.1
7f7cd1e04000-7f7cd2003000 ---p 00007000 08:07 1058430                    /usr/lib/x86_64-linux-gnu/libffi.so.6.0.1
7f7cd2003000-7f7cd2004000 r--p 00006000 08:07 1058430                    /usr/lib/x86_64-linux-gnu/libffi.so.6.0.1
7f7cd2004000-7f7cd2005000 rw-p 00007000 08:07 1058430                    /usr/lib/x86_64-linux-gnu/libffi.so.6.0.1
7f7cd2005000-7f7cd202c000 r-xp 00000000 08:07 1708090                    /lib/x86_64-linux-gnu/libexpat.so.1.6.0
7f7cd202c000-7f7cd222c000 ---p 00027000 08:07 1708090                    /lib/x86_64-linux-gnu/libexpat.so.1.6.0
7f7cd222c000-7f7cd222e000 r--p 00027000 08:07 1708090                    /lib/x86_64-linux-gnu/libexpat.so.1.6.0
7f7cd222e000-7f7cd222f000 rw-p 00029000 08:07 1708090                    /lib/x86_64-linux-gnu/libexpat.so.1.6.0
7f7cd222f000-7f7cd2237000 r-xp 00000000 08:07 1059080                    /usr/lib/x86_64-linux-gnu/libthai.so.0.2.0
7f7cd2237000-7f7cd2436000 ---p 00008000 08:07 1059080                    /usr/lib/x86_64-linux-gnu/libthai.so.0.2.0
7f7cd2436000-7f7cd2437000 r--p 00007000 08:07 1059080                    /usr/lib/x86_64-linux-gnu/libthai.so.0.2.0
7f7cd2437000-7f7cd2438000 rw-p 00008000 08:07 1059080                    /usr/lib/x86_64-linux-gnu/libthai.so.0.2.0
7f7cd2438000-7f7cd2455000 r-xp 00000000 08:07 1059220                    /usr/lib/x86_64-linux-gnu/libxcb.so.1.1.0
7f7cd2455000-7f7cd2655000 ---p 0001d000 08:07 1059220                    /usr/lib/x86_64-linux-gnu/libxcb.so.1.1.0
7f7cd2655000-7f7cd2656000 r--p 0001d000 08:07 1059220                    /usr/lib/x86_64-linux-gnu/libxcb.so.1.1.0
7f7cd2656000-7f7cd2657000 rw-p 0001e000 08:07 1059220                    /usr/lib/x86_64-linux-gnu/libxcb.so.1.1.0
7f7cd2657000-7f7cd265f000 r-xp 00000000 08:07 1059206                    /usr/lib/x86_64-linux-gnu/libxcb-render.so.0.0.0
7f7cd265f000-7f7cd285e000 ---p 00008000 08:07 1059206                    /usr/lib/x86_64-linux-gnu/libxcb-render.so.0.0.0
7f7cd285e000-7f7cd285f000 r--p 00007000 08:07 1059206                    /usr/lib/x86_64-linux-gnu/libxcb-render.so.0.0.0
7f7cd285f000-7f7cd2860000 rw-p 00008000 08:07 1059206                    /usr/lib/x86_64-linux-gnu/libxcb-render.so.0.0.0
7f7cd2860000-7f7cd2862000 r-xp 00000000 08:07 1059210                    /usr/lib/x86_64-linux-gnu/libxcb-shm.so.0.0.0
7f7cd2862000-7f7cd2a61000 ---p 00002000 08:07 1059210                    /usr/lib/x86_64-linux-gnu/libxcb-shm.so.0.0.0
7f7cd2a61000-7f7cd2a62000 r--p 00001000 08:07 1059210                    /usr/lib/x86_64-linux-gnu/libxcb-shm.so.0.0.0
7f7cd2a62000-7f7cd2a63000 rw-p 00002000 08:07 1059210                    /usr/lib/x86_64-linux-gnu/libxcb-shm.so.0.0.0
7f7cd2a63000-7f7cd2a88000 r-xp 00000000 08:07 1708183                    /lib/x86_64-linux-gnu/libpng12.so.0.50.0
7f7cd2a88000-7f7cd2c87000 ---p 00025000 08:07 1708183                    /lib/x86_64-linux-gnu/libpng12.so.0.50.0
7f7cd2c87000-7f7cd2c88000 r--p 00024000 08:07 1708183                    /lib/x86_64-linux-gnu/libpng12.so.0.50.0
7f7cd2c88000-7f7cd2c89000 rw-p 00025000 08:07 1708183                    /lib/x86_64-linux-gnu/libpng12.so.0.50.0
7f7cd2c89000-7f7cd2d2a000 r-xp 00000000 08:07 1058910                    /usr/lib/x86_64-linux-gnu/libpixman-1.so.0.30.2
7f7cd2d2a000-7f7cd2f2a000 ---p 000a1000 08:07 1058910                    /usr/lib/x86_64-linux-gnu/libpixman-1.so.0.30.2
7f7cd2f2a000-7f7cd2f31000 r--p 000a1000 08:07 1058910                    /usr/lib/x86_64-linux-gnu/libpixman-1.so.0.30.2
7f7cd2f31000-7f7cd2f32000 rw-p 000a8000 08:07 1058910                    /usr/lib/x86_64-linux-gnu/libpixman-1.so.0.30.2
7f7cd2f32000-7f7cd2f85000 r-xp 00000000 08:07 1058694                    /usr/lib/x86_64-linux-gnu/libharfbuzz.so.0.927.0
7f7cd2f85000-7f7cd3185000 ---p 00053000 08:07 1058694                    /usr/lib/x86_64-linux-gnu/libharfbuzz.so.0.927.0
7f7cd3185000-7f7cd3186000 r--p 00053000 08:07 1058694                    /usr/lib/x86_64-linux-gnu/libharfbuzz.so.0.927.0
7f7cd3186000-7f7cd3187000 rw-p 00054000 08:07 1058694                    /usr/lib/x86_64-linux-gnu/libharfbuzz.so.0.927.0
7f7cd3187000-7f7cd319e000 r-xp 00000000 08:07 1708194                    /lib/x86_64-linux-gnu/libresolv-2.19.so
7f7cd319e000-7f7cd339e000 ---p 00017000 08:07 1708194                    /lib/x86_64-linux-gnu/libresolv-2.19.so
7f7cd339e000-7f7cd339f000 r--p 00017000 08:07 1708194                    /lib/x86_64-linux-gnu/libresolv-2.19.so
7f7cd339f000-7f7cd33a0000 rw-p 00018000 08:07 1708194                    /lib/x86_64-linux-gnu/libresolv-2.19.so
7f7cd33a0000-7f7cd33a2000 rw-p 00000000 00:00 0 
7f7cd33a2000-7f7cd33c2000 r-xp 00000000 08:07 1708198                    /lib/x86_64-linux-gnu/libselinux.so.1
7f7cd33c2000-7f7cd35c1000 ---p 00020000 08:07 1708198                    /lib/x86_64-linux-gnu/libselinux.so.1
7f7cd35c1000-7f7cd35c2000 r--p 0001f000 08:07 1708198                    /lib/x86_64-linux-gnu/libselinux.so.1
7f7cd35c2000-7f7cd35c3000 rw-p 00020000 08:07 1708198                    /lib/x86_64-linux-gnu/libselinux.so.1
7f7cd35c3000-7f7cd35c5000 rw-p 00000000 00:00 0 
7f7cd35c5000-7f7cd35dd000 r-xp 00000000 08:07 1708231                    /lib/x86_64-linux-gnu/libz.so.1.2.8
7f7cd35dd000-7f7cd37dc000 ---p 00018000 08:07 1708231                    /lib/x86_64-linux-gnu/libz.so.1.2.8
7f7cd37dc000-7f7cd37dd000 r--p 00017000 08:07 1708231                    /lib/x86_64-linux-gnu/libz.so.1.2.8
7f7cd37dd000-7f7cd37de000 rw-p 00018000 08:07 1708231                    /lib/x86_64-linux-gnu/libz.so.1.2.8
7f7cd37de000-7f7cd37ef000 r-xp 00000000 08:07 1058165                    /usr/lib/x86_64-linux-gnu/libXext.so.6.4.0
7f7cd37ef000-7f7cd39ee000 ---p 00011000 08:07 1058165                    /usr/lib/x86_64-linux-gnu/libXext.so.6.4.0
7f7cd39ee000-7f7cd39ef000 r--p 00010000 08:07 1058165                    /usr/lib/x86_64-linux-gnu/libXext.so.6.4.0
7f7cd39ef000-7f7cd39f0000 rw-p 00011000 08:07 1058165                    /usr/lib/x86_64-linux-gnu/libXext.so.6.4.0
7f7cd39f0000-7f7cd39f2000 r-xp 00000000 08:07 1058161                    /usr/lib/x86_64-linux-gnu/libXdamage.so.1.1.0
7f7cd39f2000-7f7cd3bf1000 ---p 00002000 08:07 1058161                    /usr/lib/x86_64-linux-gnu/libXdamage.so.1.1.0
7f7cd3bf1000-7f7cd3bf2000 r--p 00001000 08:07 1058161                    /usr/lib/x86_64-linux-gnu/libXdamage.so.1.1.0
7f7cd3bf2000-7f7cd3bf3000 rw-p 00002000 08:07 1058161                    /usr/lib/x86_64-linux-gnu/libXdamage.so.1.1.0
7f7cd3bf3000-7f7cd3bf5000 r-xp 00000000 08:07 1058157                    /usr/lib/x86_64-linux-gnu/libXcomposite.so.1.0.0
7f7cd3bf5000-7f7cd3df4000 ---p 00002000 08:07 1058157                    /usr/lib/x86_64-linux-gnu/libXcomposite.so.1.0.0
7f7cd3df4000-7f7cd3df5000 r--p 00001000 08:07 1058157                    /usr/lib/x86_64-linux-gnu/libXcomposite.so.1.0.0
7f7cd3df5000-7f7cd3df6000 rw-p 00002000 08:07 1058157                    /usr/lib/x86_64-linux-gnu/libXcomposite.so.1.0.0
7f7cd3df6000-7f7cd3dff000 r-xp 00000000 08:07 1058159                    /usr/lib/x86_64-linux-gnu/libXcursor.so.1.0.2
7f7cd3dff000-7f7cd3ffe000 ---p 00009000 08:07 1058159                    /usr/lib/x86_64-linux-gnu/libXcursor.so.1.0.2
7f7cd3ffe000-7f7cd3fff000 r--p 00008000 08:07 1058159                    /usr/lib/x86_64-linux-gnu/libXcursor.so.1.0.2
7f7cd3fff000-7f7cd4000000 rw-p 00009000 08:07 1058159                    /usr/lib/x86_64-linux-gnu/libXcursor.so.1.0.2
7f7cd4000000-7f7cd5e7c000 rw-p 00000000 00:00 0 
7f7cd5e7c000-7f7cd8000000 ---p 00000000 00:00 0 
7f7cd8001000-7f7cd8002000 rw-p 00000000 00:00 0 
7f7cd8002000-7f7cd8003000 rw-s 00000000 00:04 36931                      /drm mm object (deleted)
7f7cd8003000-7f7cd803d000 r--p 00000000 08:07 133748                     /usr/lib/jvm/jdk1.8.0_25/jre/lib/fonts/LucidaTypewriterBold.ttf
7f7cd803d000-7f7cd8050000 r--p 00000000 08:07 133750                     /usr/lib/jvm/jdk1.8.0_25/jre/lib/fonts/LucidaBrightDemiItalic.ttf
7f7cd8050000-7f7cd8055000 r--s 00084000 08:07 2495507                    /usr/lib/jvm/jdk1.8.0_25/jre/lib/jfr.jar
7f7cd8055000-7f7cd8056000 r--s 00000000 08:07 1187986                    /var/cache/fontconfig/c05880de57d1f5e948fdfacc138775d9-le64.cache-4
7f7cd8056000-7f7cd8061000 r--s 00000000 08:07 1187980                    /var/cache/fontconfig/945677eb7aeaf62f1d50efc3fb3ec7d8-le64.cache-4
7f7cd8061000-7f7cd8067000 r--s 00000000 08:07 1187966                    /var/cache/fontconfig/2cd17615ca594fa2959ae173292e504c-le64.cache-4
7f7cd8067000-7f7cd8068000 r--s 00000000 08:07 1187996                    /var/cache/fontconfig/e7071f4a29fa870f4323321c154eba04-le64.cache-4
7f7cd8068000-7f7cd806b000 ---p 00000000 00:00 0 
7f7cd806b000-7f7cd8169000 rw-p 00000000 00:00 0                          [stack:4802]
7f7cd8169000-7f7cd8172000 r-xp 00000000 08:07 1058185                    /usr/lib/x86_64-linux-gnu/libXrandr.so.2.2.0
7f7cd8172000-7f7cd8371000 ---p 00009000 08:07 1058185                    /usr/lib/x86_64-linux-gnu/libXrandr.so.2.2.0
7f7cd8371000-7f7cd8372000 r--p 00008000 08:07 1058185                    /usr/lib/x86_64-linux-gnu/libXrandr.so.2.2.0
7f7cd8372000-7f7cd8373000 rw-p 00009000 08:07 1058185                    /usr/lib/x86_64-linux-gnu/libXrandr.so.2.2.0
7f7cd8373000-7f7cd8382000 r-xp 00000000 08:07 1058173                    /usr/lib/x86_64-linux-gnu/libXi.so.6.1.0
7f7cd8382000-7f7cd8581000 ---p 0000f000 08:07 1058173                    /usr/lib/x86_64-linux-gnu/libXi.so.6.1.0
7f7cd8581000-7f7cd8582000 r--p 0000e000 08:07 1058173                    /usr/lib/x86_64-linux-gnu/libXi.so.6.1.0
7f7cd8582000-7f7cd8583000 rw-p 0000f000 08:07 1058173                    /usr/lib/x86_64-linux-gnu/libXi.so.6.1.0
7f7cd8583000-7f7cd8585000 r-xp 00000000 08:07 1058175                    /usr/lib/x86_64-linux-gnu/libXinerama.so.1.0.0
7f7cd8585000-7f7cd8784000 ---p 00002000 08:07 1058175                    /usr/lib/x86_64-linux-gnu/libXinerama.so.1.0.0
7f7cd8784000-7f7cd8785000 r--p 00001000 08:07 1058175                    /usr/lib/x86_64-linux-gnu/libXinerama.so.1.0.0
7f7cd8785000-7f7cd8786000 rw-p 00002000 08:07 1058175                    /usr/lib/x86_64-linux-gnu/libXinerama.so.1.0.0
7f7cd8786000-7f7cd878f000 r-xp 00000000 08:07 1058187                    /usr/lib/x86_64-linux-gnu/libXrender.so.1.3.0
7f7cd878f000-7f7cd898e000 ---p 00009000 08:07 1058187                    /usr/lib/x86_64-linux-gnu/libXrender.so.1.3.0
7f7cd898e000-7f7cd898f000 r--p 00008000 08:07 1058187                    /usr/lib/x86_64-linux-gnu/libXrender.so.1.3.0
7f7cd898f000-7f7cd8990000 rw-p 00009000 08:07 1058187                    /usr/lib/x86_64-linux-gnu/libXrender.so.1.3.0
7f7cd8990000-7f7cd8995000 r-xp 00000000 08:07 1058167                    /usr/lib/x86_64-linux-gnu/libXfixes.so.3.1.0
7f7cd8995000-7f7cd8b94000 ---p 00005000 08:07 1058167                    /usr/lib/x86_64-linux-gnu/libXfixes.so.3.1.0
7f7cd8b94000-7f7cd8b95000 r--p 00004000 08:07 1058167                    /usr/lib/x86_64-linux-gnu/libXfixes.so.3.1.0
7f7cd8b95000-7f7cd8b96000 rw-p 00005000 08:07 1058167                    /usr/lib/x86_64-linux-gnu/libXfixes.so.3.1.0
7f7cd8b96000-7f7cd8bac000 r-xp 00000000 08:07 1708095                    /lib/x86_64-linux-gnu/libgcc_s.so.1
7f7cd8bac000-7f7cd8dab000 ---p 00016000 08:07 1708095                    /lib/x86_64-linux-gnu/libgcc_s.so.1
7f7cd8dab000-7f7cd8dac000 rw-p 00015000 08:07 1708095                    /lib/x86_64-linux-gnu/libgcc_s.so.1
7f7cd8dac000-7f7cd8e92000 r-xp 00000000 08:07 1059058                    /usr/lib/x86_64-linux-gnu/libstdc++.so.6.0.19
7f7cd8e92000-7f7cd9091000 ---p 000e6000 08:07 1059058                    /usr/lib/x86_64-linux-gnu/libstdc++.so.6.0.19
7f7cd9091000-7f7cd9099000 r--p 000e5000 08:07 1059058                    /usr/lib/x86_64-linux-gnu/libstdc++.so.6.0.19
7f7cd9099000-7f7cd909b000 rw-p 000ed000 08:07 1059058                    /usr/lib/x86_64-linux-gnu/libstdc++.so.6.0.19
7f7cd909b000-7f7cd90b0000 rw-p 00000000 00:00 0 
7f7cd90b0000-7f7cd9111000 r-xp 00000000 08:07 1313456                    /usr/lib/x86_64-linux-gnu/mesa/libGL.so.1.2.0
7f7cd9111000-7f7cd9310000 ---p 00061000 08:07 1313456                    /usr/lib/x86_64-linux-gnu/mesa/libGL.so.1.2.0
7f7cd9310000-7f7cd9313000 r--p 00060000 08:07 1313456                    /usr/lib/x86_64-linux-gnu/mesa/libGL.so.1.2.0
7f7cd9313000-7f7cd9314000 rw-p 00063000 08:07 1313456                    /usr/lib/x86_64-linux-gnu/mesa/libGL.so.1.2.0
7f7cd9314000-7f7cd9315000 rw-p 00000000 00:00 0 
7f7cd9315000-7f7cd9319000 r-xp 00000000 08:07 1058203                    /usr/lib/x86_64-linux-gnu/libXxf86vm.so.1.0.0
7f7cd9319000-7f7cd9519000 ---p 00004000 08:07 1058203                    /usr/lib/x86_64-linux-gnu/libXxf86vm.so.1.0.0
7f7cd9519000-7f7cd951a000 r--p 00004000 08:07 1058203                    /usr/lib/x86_64-linux-gnu/libXxf86vm.so.1.0.0
7f7cd951a000-7f7cd951b000 rw-p 00005000 08:07 1058203                    /usr/lib/x86_64-linux-gnu/libXxf86vm.so.1.0.0
7f7cd951b000-7f7cd964b000 r-xp 00000000 08:07 1058148                    /usr/lib/x86_64-linux-gnu/libX11.so.6.3.0
7f7cd964b000-7f7cd984b000 ---p 00130000 08:07 1058148                    /usr/lib/x86_64-linux-gnu/libX11.so.6.3.0
7f7cd984b000-7f7cd984c000 r--p 00130000 08:07 1058148                    /usr/lib/x86_64-linux-gnu/libX11.so.6.3.0
7f7cd984c000-7f7cd9850000 rw-p 00131000 08:07 1058148                    /usr/lib/x86_64-linux-gnu/libX11.so.6.3.0
7f7cd9850000-7f7cd9855000 r-xp 00000000 08:07 1058193                    /usr/lib/x86_64-linux-gnu/libXtst.so.6.1.0
7f7cd9855000-7f7cd9a54000 ---p 00005000 08:07 1058193                    /usr/lib/x86_64-linux-gnu/libXtst.so.6.1.0
7f7cd9a54000-7f7cd9a55000 r--p 00004000 08:07 1058193                    /usr/lib/x86_64-linux-gnu/libXtst.so.6.1.0
7f7cd9a55000-7f7cd9a56000 rw-p 00005000 08:07 1058193                    /usr/lib/x86_64-linux-gnu/libXtst.so.6.1.0
7f7cd9a56000-7f7cd9b5c000 r-xp 00000000 08:07 1708099                    /lib/x86_64-linux-gnu/libglib-2.0.so.0.4000.0
7f7cd9b5c000-7f7cd9d5b000 ---p 00106000 08:07 1708099                    /lib/x86_64-linux-gnu/libglib-2.0.so.0.4000.0
7f7cd9d5b000-7f7cd9d5c000 r--p 00105000 08:07 1708099                    /lib/x86_64-linux-gnu/libglib-2.0.so.0.4000.0
7f7cd9d5c000-7f7cd9d5d000 rw-p 00106000 08:07 1708099                    /lib/x86_64-linux-gnu/libglib-2.0.so.0.4000.0
7f7cd9d5d000-7f7cd9d5e000 rw-p 00000000 00:00 0 
7f7cd9d5e000-7f7cd9d5f000 r-xp 00000000 08:07 1058670                    /usr/lib/x86_64-linux-gnu/libgthread-2.0.so.0.4000.0
7f7cd9d5f000-7f7cd9f5e000 ---p 00001000 08:07 1058670                    /usr/lib/x86_64-linux-gnu/libgthread-2.0.so.0.4000.0
7f7cd9f5e000-7f7cd9f5f000 r--p 00000000 08:07 1058670                    /usr/lib/x86_64-linux-gnu/libgthread-2.0.so.0.4000.0
7f7cd9f5f000-7f7cd9f60000 rw-p 00001000 08:07 1058670                    /usr/lib/x86_64-linux-gnu/libgthread-2.0.so.0.4000.0
7f7cd9f60000-7f7cd9f63000 r-xp 00000000 08:07 1058547                    /usr/lib/x86_64-linux-gnu/libgmodule-2.0.so.0.4000.0
7f7cd9f63000-7f7cda162000 ---p 00003000 08:07 1058547                    /usr/lib/x86_64-linux-gnu/libgmodule-2.0.so.0.4000.0
7f7cda162000-7f7cda163000 r--p 00002000 08:07 1058547                    /usr/lib/x86_64-linux-gnu/libgmodule-2.0.so.0.4000.0
7f7cda163000-7f7cda164000 rw-p 00003000 08:07 1058547                    /usr/lib/x86_64-linux-gnu/libgmodule-2.0.so.0.4000.0
7f7cda164000-7f7cda1b3000 r-xp 00000000 08:07 1058563                    /usr/lib/x86_64-linux-gnu/libgobject-2.0.so.0.4000.0
7f7cda1b3000-7f7cda3b3000 ---p 0004f000 08:07 1058563                    /usr/lib/x86_64-linux-gnu/libgobject-2.0.so.0.4000.0
7f7cda3b3000-7f7cda3b4000 r--p 0004f000 08:07 1058563                    /usr/lib/x86_64-linux-gnu/libgobject-2.0.so.0.4000.0
7f7cda3b4000-7f7cda3b5000 rw-p 00050000 08:07 1058563                    /usr/lib/x86_64-linux-gnu/libgobject-2.0.so.0.4000.0
7f7cda3b5000-7f7cda3ef000 r-xp 00000000 08:07 1058444                    /usr/lib/x86_64-linux-gnu/libfontconfig.so.1.8.0
7f7cda3ef000-7f7cda5ee000 ---p 0003a000 08:07 1058444                    /usr/lib/x86_64-linux-gnu/libfontconfig.so.1.8.0
7f7cda5ee000-7f7cda5f0000 r--p 00039000 08:07 1058444                    /usr/lib/x86_64-linux-gnu/libfontconfig.so.1.8.0
7f7cda5f0000-7f7cda5f1000 rw-p 0003b000 08:07 1058444                    /usr/lib/x86_64-linux-gnu/libfontconfig.so.1.8.0
7f7cda5f1000-7f7cda68e000 r-xp 00000000 08:07 1058472                    /usr/lib/x86_64-linux-gnu/libfreetype.so.6.11.1
7f7cda68e000-7f7cda88d000 ---p 0009d000 08:07 1058472                    /usr/lib/x86_64-linux-gnu/libfreetype.so.6.11.1
7f7cda88d000-7f7cda893000 r--p 0009c000 08:07 1058472                    /usr/lib/x86_64-linux-gnu/libfreetype.so.6.11.1
7f7cda893000-7f7cda894000 rw-p 000a2000 08:07 1058472                    /usr/lib/x86_64-linux-gnu/libfreetype.so.6.11.1
7f7cda894000-7f7cda8de000 r-xp 00000000 08:07 1058887                    /usr/lib/x86_64-linux-gnu/libpango-1.0.so.0.3600.3
7f7cda8de000-7f7cdaade000 ---p 0004a000 08:07 1058887                    /usr/lib/x86_64-linux-gnu/libpango-1.0.so.0.3600.3
7f7cdaade000-7f7cdaae0000 r--p 0004a000 08:07 1058887                    /usr/lib/x86_64-linux-gnu/libpango-1.0.so.0.3600.3
7f7cdaae0000-7f7cdaae1000 rw-p 0004c000 08:07 1058887                    /usr/lib/x86_64-linux-gnu/libpango-1.0.so.0.3600.3
7f7cdaae1000-7f7cdabe7000 r-xp 00000000 08:07 1058283                    /usr/lib/x86_64-linux-gnu/libcairo.so.2.11301.0
7f7cdabe7000-7f7cdade6000 ---p 00106000 08:07 1058283                    /usr/lib/x86_64-linux-gnu/libcairo.so.2.11301.0
7f7cdade6000-7f7cdade9000 r--p 00105000 08:07 1058283                    /usr/lib/x86_64-linux-gnu/libcairo.so.2.11301.0
7f7cdade9000-7f7cdadea000 rw-p 00108000 08:07 1058283                    /usr/lib/x86_64-linux-gnu/libcairo.so.2.11301.0
7f7cdadea000-7f7cdadec000 rw-p 00000000 00:00 0 
7f7cdadec000-7f7cdadf7000 r-xp 00000000 08:07 1058889                    /usr/lib/x86_64-linux-gnu/libpangocairo-1.0.so.0.3600.3
7f7cdadf7000-7f7cdaff7000 ---p 0000b000 08:07 1058889                    /usr/lib/x86_64-linux-gnu/libpangocairo-1.0.so.0.3600.3
7f7cdaff7000-7f7cdaff8000 r--p 0000b000 08:07 1058889                    /usr/lib/x86_64-linux-gnu/libpangocairo-1.0.so.0.3600.3
7f7cdaff8000-7f7cdaff9000 rw-p 0000c000 08:07 1058889                    /usr/lib/x86_64-linux-gnu/libpangocairo-1.0.so.0.3600.3
7f7cdaff9000-7f7cdb018000 r-xp 00000000 08:07 1058509                    /usr/lib/x86_64-linux-gnu/libgdk_pixbuf-2.0.so.0.3000.7
7f7cdb018000-7f7cdb218000 ---p 0001f000 08:07 1058509                    /usr/lib/x86_64-linux-gnu/libgdk_pixbuf-2.0.so.0.3000.7
7f7cdb218000-7f7cdb219000 r--p 0001f000 08:07 1058509                    /usr/lib/x86_64-linux-gnu/libgdk_pixbuf-2.0.so.0.3000.7
7f7cdb219000-7f7cdb21a000 rw-p 00020000 08:07 1058509                    /usr/lib/x86_64-linux-gnu/libgdk_pixbuf-2.0.so.0.3000.7
7f7cdb21a000-7f7cdb22e000 r-xp 00000000 08:07 1058891                    /usr/lib/x86_64-linux-gnu/libpangoft2-1.0.so.0.3600.3
7f7cdb22e000-7f7cdb42d000 ---p 00014000 08:07 1058891                    /usr/lib/x86_64-linux-gnu/libpangoft2-1.0.so.0.3600.3
7f7cdb42d000-7f7cdb42e000 r--p 00013000 08:07 1058891                    /usr/lib/x86_64-linux-gnu/libpangoft2-1.0.so.0.3600.3
7f7cdb42e000-7f7cdb42f000 rw-p 00014000 08:07 1058891                    /usr/lib/x86_64-linux-gnu/libpangoft2-1.0.so.0.3600.3
7f7cdb42f000-7f7cdb59a000 r-xp 00000000 08:07 1058533                    /usr/lib/x86_64-linux-gnu/libgio-2.0.so.0.4000.0
7f7cdb59a000-7f7cdb79a000 ---p 0016b000 08:07 1058533                    /usr/lib/x86_64-linux-gnu/libgio-2.0.so.0.4000.0
7f7cdb79a000-7f7cdb79e000 r--p 0016b000 08:07 1058533                    /usr/lib/x86_64-linux-gnu/libgio-2.0.so.0.4000.0
7f7cdb79e000-7f7cdb7a0000 rw-p 0016f000 08:07 1058533                    /usr/lib/x86_64-linux-gnu/libgio-2.0.so.0.4000.0
7f7cdb7a0000-7f7cdb7a2000 rw-p 00000000 00:00 0 
7f7cdb7a2000-7f7cdb7c1000 r-xp 00000000 08:07 1058244                    /usr/lib/x86_64-linux-gnu/libatk-1.0.so.0.21009.1
7f7cdb7c1000-7f7cdb9c1000 ---p 0001f000 08:07 1058244                    /usr/lib/x86_64-linux-gnu/libatk-1.0.so.0.21009.1
7f7cdb9c1000-7f7cdb9c3000 r--p 0001f000 08:07 1058244                    /usr/lib/x86_64-linux-gnu/libatk-1.0.so.0.21009.1
7f7cdb9c3000-7f7cdb9c4000 rw-p 00021000 08:07 1058244                    /usr/lib/x86_64-linux-gnu/libatk-1.0.so.0.21009.1
7f7cdb9c4000-7f7cdbdf3000 r-xp 00000000 08:07 1058674                    /usr/lib/x86_64-linux-gnu/libgtk-x11-2.0.so.0.2400.23
7f7cdbdf3000-7f7cdbff2000 ---p 0042f000 08:07 1058674                    /usr/lib/x86_64-linux-gnu/libgtk-x11-2.0.so.0.2400.23
7f7cdbff2000-7f7cdbff9000 r--p 0042e000 08:07 1058674                    /usr/lib/x86_64-linux-gnu/libgtk-x11-2.0.so.0.2400.23
7f7cdbff9000-7f7cdbffd000 rw-p 00435000 08:07 1058674                    /usr/lib/x86_64-linux-gnu/libgtk-x11-2.0.so.0.2400.23
7f7cdbffd000-7f7cdc000000 rw-p 00000000 00:00 0 
7f7cdc000000-7f7cdc021000 rw-p 00000000 00:00 0 
7f7cdc021000-7f7ce0000000 ---p 00000000 00:00 0 
7f7ce0000000-7f7ce0021000 rw-p 00000000 00:00 0 
7f7ce0021000-7f7ce4000000 ---p 00000000 00:00 0 
7f7ce4000000-7f7ce4d5b000 rw-p 00000000 00:00 0 
7f7ce4d5b000-7f7ce8000000 ---p 00000000 00:00 0 
7f7ce8000000-7f7ce871c000 rw-p 00000000 00:00 0 
7f7ce871c000-7f7cec000000 ---p 00000000 00:00 0 
7f7cec000000-7f7cec021000 rw-p 00000000 00:00 0 
7f7cec021000-7f7cf0000000 ---p 00000000 00:00 0 
7f7cf0000000-7f7cf0e97000 rw-p 00000000 00:00 0 
7f7cf0e97000-7f7cf4000000 ---p 00000000 00:00 0 
7f7cf4000000-7f7cf4021000 rw-p 00000000 00:00 0 
7f7cf4021000-7f7cf8000000 ---p 00000000 00:00 0 
7f7cf8000000-7f7cf8021000 rw-p 00000000 00:00 0 
7f7cf8021000-7f7cfc000000 ---p 00000000 00:00 0 
7f7cfc000000-7f7cfc021000 rw-p 00000000 00:00 0 
7f7cfc021000-7f7d00000000 ---p 00000000 00:00 0 
7f7d00000000-7f7d000fa000 rw-p 00000000 00:00 0 
7f7d000fa000-7f7d04000000 ---p 00000000 00:00 0 
7f7d04000000-7f7d04021000 rw-p 00000000 00:00 0 
7f7d04021000-7f7d08000000 ---p 00000000 00:00 0 
7f7d08000000-7f7d08021000 rw-p 00000000 00:00 0 
7f7d08021000-7f7d0c000000 ---p 00000000 00:00 0 
7f7d0c000000-7f7d0c021000 rw-p 00000000 00:00 0 
7f7d0c021000-7f7d10000000 ---p 00000000 00:00 0 
7f7d10000000-7f7d10001000 r--s 00000000 08:07 1187963                    /var/cache/fontconfig/0d8c3b2ac0904cb8a57a757ad11a4a08-le64.cache-4
7f7d10001000-7f7d10008000 r--s 00000000 08:07 1187983                    /var/cache/fontconfig/a755afe4a08bf5b97852ceb7400b47bc-le64.cache-4
7f7d10008000-7f7d1001c000 r--s 00000000 08:07 1187961                    /var/cache/fontconfig/04aabc0a78ac019cf9454389977116d2-le64.cache-4
7f7d1001c000-7f7d1001d000 r--s 00000000 08:07 1187965                    /var/cache/fontconfig/1ac9eb803944fde146138c791f5cc56a-le64.cache-4
7f7d1001d000-7f7d10022000 r--s 00000000 08:07 1190938                    /var/cache/fontconfig/eb48934c523a49add3824bfad8846c40-le64.cache-4
7f7d10022000-7f7d10027000 r--s 00000000 08:07 1190937                    /var/cache/fontconfig/385c0604a188198f04d133e54aba7fe7-le64.cache-4
7f7d10027000-7f7d10028000 r--s 00000000 08:07 1187993                    /var/cache/fontconfig/dc05db6664285cc2f12bf69c139ae4c3-le64.cache-4
7f7d10028000-7f7d1002a000 r--s 00000000 08:07 1187977                    /var/cache/fontconfig/767a8244fc0220cfb567a839d0392e0b-le64.cache-4
7f7d1002a000-7f7d1002b000 r--s 00000000 08:07 1187971                    /var/cache/fontconfig/4794a0821666d79190d59a36cb4f44b5-le64.cache-4
7f7d1002b000-7f7d10030000 r--s 00000000 08:07 1187979                    /var/cache/fontconfig/8801497958630a81b71ace7c5f9b32a8-le64.cache-4
7f7d10030000-7f7d10034000 r--s 00000000 08:07 1191336                    /var/cache/fontconfig/c57959a16110560c8d0fcea73374aeeb-le64.cache-4
7f7d10034000-7f7d1003b000 r--s 00000000 08:07 1187967                    /var/cache/fontconfig/3047814df9a2f067bd2d96a2b9c36e5a-le64.cache-4
7f7d1003b000-7f7d1003c000 r--s 00000000 08:07 1187973                    /var/cache/fontconfig/56cf4f4769d0f4abc89a4895d7bd3ae1-le64.cache-4
7f7d1003c000-7f7d1003d000 r--s 00000000 08:07 1187985                    /var/cache/fontconfig/b9d506c9ac06c20b433354fa67a72993-le64.cache-4
7f7d1003d000-7f7d10043000 r--s 00000000 08:07 1187984                    /var/cache/fontconfig/b47c4e1ecd0709278f4910c18777a504-le64.cache-4
7f7d10043000-7f7d10056000 r--s 00000000 08:07 1187990                    /var/cache/fontconfig/d52a8644073d54c13679302ca1180695-le64.cache-4
7f7d10056000-7f7d1005f000 r--s 00000000 08:07 1187970                    /var/cache/fontconfig/3f7329c5293ffd510edef78f73874cfd-le64.cache-4
7f7d1005f000-7f7d10063000 r--s 00000000 08:07 1187991                    /var/cache/fontconfig/d589a48862398ed80a3d6066f4f56f4c-le64.cache-4
7f7d10063000-7f7d10065000 r--s 00000000 08:07 1191335                    /var/cache/fontconfig/089dead882dea3570ffc31a9898cfb69-le64.cache-4
7f7d10065000-7f7d10069000 r--s 00000000 08:07 1188146                    /var/cache/fontconfig/7ef2298fde41cc6eeb7af42e48b7d293-le64.cache-4
7f7d10069000-7f7d10085000 r--s 00393000 08:07 267369                     /usr/lib/jvm/jdk1.8.0_25/jre/lib/ext/cldrdata.jar
7f7d10085000-7f7d1008f000 r--s 00116000 08:07 267363                     /usr/lib/jvm/jdk1.8.0_25/jre/lib/ext/localedata.jar
7f7d1008f000-7f7d10097000 r--s 000c4000 08:07 1591483                    /home/linhsan/NetBeansProjects/ClinicManagement/dist/run825863803/lib/mysql-connector-java-5.1.23-bin.jar
7f7d10097000-7f7d10144000 r-xp 00000000 08:07 1058507                    /usr/lib/x86_64-linux-gnu/libgdk-x11-2.0.so.0.2400.23
7f7d10144000-7f7d10343000 ---p 000ad000 08:07 1058507                    /usr/lib/x86_64-linux-gnu/libgdk-x11-2.0.so.0.2400.23
7f7d10343000-7f7d10347000 r--p 000ac000 08:07 1058507                    /usr/lib/x86_64-linux-gnu/libgdk-x11-2.0.so.0.2400.23
7f7d10347000-7f7d10349000 rw-p 000b0000 08:07 1058507                    /usr/lib/x86_64-linux-gnu/libgdk-x11-2.0.so.0.2400.23
7f7d10349000-7f7d10355000 r-xp 00000000 08:07 2495489                    /usr/lib/jvm/jdk1.8.0_25/jre/lib/amd64/libprism_es2.so
7f7d10355000-7f7d10554000 ---p 0000c000 08:07 2495489                    /usr/lib/jvm/jdk1.8.0_25/jre/lib/amd64/libprism_es2.so
7f7d10554000-7f7d10555000 r--p 0000b000 08:07 2495489                    /usr/lib/jvm/jdk1.8.0_25/jre/lib/amd64/libprism_es2.so
7f7d10555000-7f7d10556000 rw-p 0000c000 08:07 2495489                    /usr/lib/jvm/jdk1.8.0_25/jre/lib/amd64/libprism_es2.so
7f7d10556000-7f7d10559000 ---p 00000000 00:00 0 
7f7d10559000-7f7d10657000 rw-p 00000000 00:00 0                          [stack:4799]
7f7d10657000-7f7d106e3000 r--s 00fea000 08:07 267368                     /usr/lib/jvm/jdk1.8.0_25/jre/lib/ext/jfxrt.jar
7f7d106e3000-7f7d106e4000 ---p 00000000 00:00 0 
7f7d106e4000-7f7d107e4000 rw-p 00000000 00:00 0                          [stack:4798]
7f7d107e4000-7f7d107e7000 ---p 00000000 00:00 0 
7f7d107e7000-7f7d108e5000 rw-p 00000000 00:00 0                          [stack:4797]
7f7d108e5000-7f7d108e8000 ---p 00000000 00:00 0 
7f7d108e8000-7f7d109e6000 rw-p 00000000 00:00 0                          [stack:4796]
7f7d109e6000-7f7d109e9000 ---p 00000000 00:00 0 
7f7d109e9000-7f7d10ae7000 rw-p 00000000 00:00 0                          [stack:4795]
7f7d10ae7000-7f7d10aea000 ---p 00000000 00:00 0 
7f7d10aea000-7f7d10be8000 rw-p 00000000 00:00 0                          [stack:4794]
7f7d10be8000-7f7d10beb000 ---p 00000000 00:00 0 
7f7d10beb000-7f7d10ce9000 rw-p 00000000 00:00 0                          [stack:4793]
7f7d10ce9000-7f7d11628000 r--p 00000000 08:07 1056763                    /usr/lib/locale/locale-archive
7f7d11628000-7f7d1162b000 ---p 00000000 00:00 0 
7f7d1162b000-7f7d11729000 rw-p 00000000 00:00 0                          [stack:4792]
7f7d11729000-7f7d1172c000 ---p 00000000 00:00 0 
7f7d1172c000-7f7d1182a000 rw-p 00000000 00:00 0                          [stack:4791]
7f7d1182a000-7f7d1182b000 ---p 00000000 00:00 0 
7f7d1182b000-7f7d1283a000 rw-p 00000000 00:00 0                          [stack:4790]
7f7d1283a000-7f7d12a10000 r--s 03caa000 08:07 2495506                    /usr/lib/jvm/jdk1.8.0_25/jre/lib/rt.jar
7f7d12a10000-7f7d15000000 rw-p 00000000 00:00 0 
7f7d15000000-7f7d15f00000 rwxp 00000000 00:00 0 
7f7d15f00000-7f7d24000000 ---p 00000000 00:00 0 
7f7d24000000-7f7d244dc000 rw-p 00000000 00:00 0 
7f7d244dc000-7f7d28000000 ---p 00000000 00:00 0 
7f7d28000000-7f7d28001000 r--s 00000000 08:07 1187962                    /var/cache/fontconfig/0c9eb80ebd1c36541ebe2852d3bb0c49-le64.cache-4
7f7d28001000-7f7d28009000 rw-s 00000000 00:04 34943                      /drm mm object (deleted)
7f7d28009000-7f7d2804a000 r--p 00000000 08:07 1996843                    /usr/share/glib-2.0/schemas/gschemas.compiled
7f7d2804a000-7f7d2829f000 rw-p 00000000 00:00 0 
7f7d2829f000-7f7d282a0000 ---p 00000000 00:00 0 
7f7d282a0000-7f7d283a0000 rw-p 00000000 00:00 0                          [stack:4789]
7f7d283a0000-7f7d283a1000 ---p 00000000 00:00 0 
7f7d283a1000-7f7d284a1000 rw-p 00000000 00:00 0                          [stack:4788]
7f7d284a1000-7f7d284a2000 ---p 00000000 00:00 0 
7f7d284a2000-7f7d285a2000 rw-p 00000000 00:00 0                          [stack:4787]
7f7d285a2000-7f7d285a3000 ---p 00000000 00:00 0 
7f7d285a3000-7f7d286b3000 rw-p 00000000 00:00 0                          [stack:4786]
7f7d286b3000-7f7d287e3000 ---p 00000000 00:00 0 
7f7d287e3000-7f7d287f3000 rw-p 00000000 00:00 0 
7f7d287f3000-7f7d28922000 ---p 00000000 00:00 0 
7f7d28922000-7f7d28941000 rw-p 00000000 00:00 0 
7f7d28941000-7f7d289c2000 ---p 00000000 00:00 0 
7f7d289c2000-7f7d289ff000 rw-p 00000000 00:00 0 
7f7d289ff000-7f7d28d83000 ---p 00000000 00:00 0 
7f7d28d83000-7f7d28d9d000 r-xp 00000000 08:07 2495471                    /usr/lib/jvm/jdk1.8.0_25/jre/lib/amd64/libzip.so
7f7d28d9d000-7f7d28f9d000 ---p 0001a000 08:07 2495471                    /usr/lib/jvm/jdk1.8.0_25/jre/lib/amd64/libzip.so
7f7d28f9d000-7f7d28f9e000 rw-p 0001a000 08:07 2495471                    /usr/lib/jvm/jdk1.8.0_25/jre/lib/amd64/libzip.so
7f7d28f9e000-7f7d28fa9000 r-xp 00000000 08:07 1708143                    /lib/x86_64-linux-gnu/libnss_files-2.19.so
7f7d28fa9000-7f7d291a8000 ---p 0000b000 08:07 1708143                    /lib/x86_64-linux-gnu/libnss_files-2.19.so
7f7d291a8000-7f7d291a9000 r--p 0000a000 08:07 1708143                    /lib/x86_64-linux-gnu/libnss_files-2.19.so
7f7d291a9000-7f7d291aa000 rw-p 0000b000 08:07 1708143                    /lib/x86_64-linux-gnu/libnss_files-2.19.so
7f7d291aa000-7f7d291b5000 r-xp 00000000 08:07 1708153                    /lib/x86_64-linux-gnu/libnss_nis-2.19.so
7f7d291b5000-7f7d293b4000 ---p 0000b000 08:07 1708153                    /lib/x86_64-linux-gnu/libnss_nis-2.19.so
7f7d293b4000-7f7d293b5000 r--p 0000a000 08:07 1708153                    /lib/x86_64-linux-gnu/libnss_nis-2.19.so
7f7d293b5000-7f7d293b6000 rw-p 0000b000 08:07 1708153                    /lib/x86_64-linux-gnu/libnss_nis-2.19.so
7f7d293b6000-7f7d293cd000 r-xp 00000000 08:07 1708137                    /lib/x86_64-linux-gnu/libnsl-2.19.so
7f7d293cd000-7f7d295cc000 ---p 00017000 08:07 1708137                    /lib/x86_64-linux-gnu/libnsl-2.19.so
7f7d295cc000-7f7d295cd000 r--p 00016000 08:07 1708137                    /lib/x86_64-linux-gnu/libnsl-2.19.so
7f7d295cd000-7f7d295ce000 rw-p 00017000 08:07 1708137                    /lib/x86_64-linux-gnu/libnsl-2.19.so
7f7d295ce000-7f7d295d0000 rw-p 00000000 00:00 0 
7f7d295d0000-7f7d295d9000 r-xp 00000000 08:07 1708139                    /lib/x86_64-linux-gnu/libnss_compat-2.19.so
7f7d295d9000-7f7d297d8000 ---p 00009000 08:07 1708139                    /lib/x86_64-linux-gnu/libnss_compat-2.19.so
7f7d297d8000-7f7d297d9000 r--p 00008000 08:07 1708139                    /lib/x86_64-linux-gnu/libnss_compat-2.19.so
7f7d297d9000-7f7d297da000 rw-p 00009000 08:07 1708139                    /lib/x86_64-linux-gnu/libnss_compat-2.19.so
7f7d297da000-7f7d29804000 r-xp 00000000 08:07 2495452                    /usr/lib/jvm/jdk1.8.0_25/jre/lib/amd64/libjava.so
7f7d29804000-7f7d29a04000 ---p 0002a000 08:07 2495452                    /usr/lib/jvm/jdk1.8.0_25/jre/lib/amd64/libjava.so
7f7d29a04000-7f7d29a06000 rw-p 0002a000 08:07 2495452                    /usr/lib/jvm/jdk1.8.0_25/jre/lib/amd64/libjava.so
7f7d29a06000-7f7d29a13000 r-xp 00000000 08:07 2495465                    /usr/lib/jvm/jdk1.8.0_25/jre/lib/amd64/libverify.so
7f7d29a13000-7f7d29c13000 ---p 0000d000 08:07 2495465                    /usr/lib/jvm/jdk1.8.0_25/jre/lib/amd64/libverify.so
7f7d29c13000-7f7d29c15000 rw-p 0000d000 08:07 2495465                    /usr/lib/jvm/jdk1.8.0_25/jre/lib/amd64/libverify.so
7f7d29c15000-7f7d29c1c000 r-xp 00000000 08:07 1708196                    /lib/x86_64-linux-gnu/librt-2.19.so
7f7d29c1c000-7f7d29e1b000 ---p 00007000 08:07 1708196                    /lib/x86_64-linux-gnu/librt-2.19.so
7f7d29e1b000-7f7d29e1c000 r--p 00006000 08:07 1708196                    /lib/x86_64-linux-gnu/librt-2.19.so
7f7d29e1c000-7f7d29e1d000 rw-p 00007000 08:07 1708196                    /lib/x86_64-linux-gnu/librt-2.19.so
7f7d29e1d000-7f7d29f22000 r-xp 00000000 08:07 1708118                    /lib/x86_64-linux-gnu/libm-2.19.so
7f7d29f22000-7f7d2a121000 ---p 00105000 08:07 1708118                    /lib/x86_64-linux-gnu/libm-2.19.so
7f7d2a121000-7f7d2a122000 r--p 00104000 08:07 1708118                    /lib/x86_64-linux-gnu/libm-2.19.so
7f7d2a122000-7f7d2a123000 rw-p 00105000 08:07 1708118                    /lib/x86_64-linux-gnu/libm-2.19.so
7f7d2a123000-7f7d2ad90000 r-xp 00000000 08:07 2625176                    /usr/lib/jvm/jdk1.8.0_25/jre/lib/amd64/server/libjvm.so
7f7d2ad90000-7f7d2af8f000 ---p 00c6d000 08:07 2625176                    /usr/lib/jvm/jdk1.8.0_25/jre/lib/amd64/server/libjvm.so
7f7d2af8f000-7f7d2b065000 rw-p 00c6c000 08:07 2625176                    /usr/lib/jvm/jdk1.8.0_25/jre/lib/amd64/server/libjvm.so
7f7d2b065000-7f7d2b0a8000 rw-p 00000000 00:00 0 
7f7d2b0a8000-7f7d2b264000 r-xp 00000000 08:07 1708068                    /lib/x86_64-linux-gnu/libc-2.19.so
7f7d2b264000-7f7d2b463000 ---p 001bc000 08:07 1708068                    /lib/x86_64-linux-gnu/libc-2.19.so
7f7d2b463000-7f7d2b467000 r--p 001bb000 08:07 1708068                    /lib/x86_64-linux-gnu/libc-2.19.so
7f7d2b467000-7f7d2b469000 rw-p 001bf000 08:07 1708068                    /lib/x86_64-linux-gnu/libc-2.19.so
7f7d2b469000-7f7d2b46e000 rw-p 00000000 00:00 0 
7f7d2b46e000-7f7d2b471000 r-xp 00000000 08:07 1708085                    /lib/x86_64-linux-gnu/libdl-2.19.so
7f7d2b471000-7f7d2b670000 ---p 00003000 08:07 1708085                    /lib/x86_64-linux-gnu/libdl-2.19.so
7f7d2b670000-7f7d2b671000 r--p 00002000 08:07 1708085                    /lib/x86_64-linux-gnu/libdl-2.19.so
7f7d2b671000-7f7d2b672000 rw-p 00003000 08:07 1708085                    /lib/x86_64-linux-gnu/libdl-2.19.so
7f7d2b672000-7f7d2b687000 r-xp 00000000 08:07 2625172                    /usr/lib/jvm/jdk1.8.0_25/jre/lib/amd64/jli/libjli.so
7f7d2b687000-7f7d2b886000 ---p 00015000 08:07 2625172                    /usr/lib/jvm/jdk1.8.0_25/jre/lib/amd64/jli/libjli.so
7f7d2b886000-7f7d2b887000 rw-p 00014000 08:07 2625172                    /usr/lib/jvm/jdk1.8.0_25/jre/lib/amd64/jli/libjli.so
7f7d2b887000-7f7d2b8a0000 r-xp 00000000 08:07 1708188                    /lib/x86_64-linux-gnu/libpthread-2.19.so
7f7d2b8a0000-7f7d2ba9f000 ---p 00019000 08:07 1708188                    /lib/x86_64-linux-gnu/libpthread-2.19.so
7f7d2ba9f000-7f7d2baa0000 r--p 00018000 08:07 1708188                    /lib/x86_64-linux-gnu/libpthread-2.19.so
7f7d2baa0000-7f7d2baa1000 rw-p 00019000 08:07 1708188                    /lib/x86_64-linux-gnu/libpthread-2.19.so
7f7d2baa1000-7f7d2baa5000 rw-p 00000000 00:00 0 
7f7d2baa5000-7f7d2bac8000 r-xp 00000000 08:07 1708044                    /lib/x86_64-linux-gnu/ld-2.19.so
7f7d2bac8000-7f7d2bacc000 r--s 00093000 08:07 2495509                    /usr/lib/jvm/jdk1.8.0_25/jre/lib/jsse.jar
7f7d2bacc000-7f7d2bad4000 rw-s 00000000 00:04 28332                      /drm mm object (deleted)
7f7d2bad4000-7f7d2bad6000 rw-p 00000000 00:00 0 
7f7d2bad6000-7f7d2bad7000 rw-s 00000000 00:04 36983                      /drm mm object (deleted)
7f7d2bad7000-7f7d2bad8000 rw-s 00000000 00:04 36982                      /drm mm object (deleted)
7f7d2bad8000-7f7d2bada000 rw-s 00000000 00:04 28360                      /drm mm object (deleted)
7f7d2bada000-7f7d2badc000 rw-s 00000000 00:04 28359                      /drm mm object (deleted)
7f7d2badc000-7f7d2bae2000 r--p 00000000 08:07 1591504                    /home/linhsan/.config/dconf/user
7f7d2bae2000-7f7d2baea000 rw-s 00000000 00:04 34855                      /drm mm object (deleted)
7f7d2baea000-7f7d2bba7000 rw-p 00000000 00:00 0 
7f7d2bba7000-7f7d2bbaa000 ---p 00000000 00:00 0 
7f7d2bbaa000-7f7d2bcac000 rw-p 00000000 00:00 0                          [stack:4785]
7f7d2bcac000-7f7d2bcaf000 r--s 00000000 08:07 1190693                    /var/cache/fontconfig/e13b20fdb08344e0e664864cc2ede53d-le64.cache-4
7f7d2bcaf000-7f7d2bcb0000 rw-s 00000000 00:04 28329                      /drm mm object (deleted)
7f7d2bcb0000-7f7d2bcb1000 r--s 00000000 00:16 18474                      /run/user/1000/dconf/user
7f7d2bcb1000-7f7d2bcb2000 rw-s 00000000 00:04 34852                      /drm mm object (deleted)
7f7d2bcb2000-7f7d2bcba000 rw-s 00000000 00:04 34851                      /drm mm object (deleted)
7f7d2bcba000-7f7d2bcbb000 r--s 00007000 08:07 1591379                    /home/linhsan/NetBeansProjects/ClinicManagement/dist/run825863803/ClinicManagement.jar
7f7d2bcbb000-7f7d2bcc3000 rw-s 00000000 08:07 394003                     /tmp/hsperfdata_linhsan/4781
7f7d2bcc3000-7f7d2bcc4000 rw-p 00000000 00:00 0 
7f7d2bcc4000-7f7d2bcc5000 r--p 00000000 00:00 0 
7f7d2bcc5000-7f7d2bcc7000 rw-p 00000000 00:00 0 
7f7d2bcc7000-7f7d2bcc8000 r--p 00022000 08:07 1708044                    /lib/x86_64-linux-gnu/ld-2.19.so
7f7d2bcc8000-7f7d2bcc9000 rw-p 00023000 08:07 1708044                    /lib/x86_64-linux-gnu/ld-2.19.so
7f7d2bcc9000-7f7d2bcca000 rw-p 00000000 00:00 0 
7fff475dd000-7fff475fe000 rw-p 00000000 00:00 0                          [stack]
7fff475fe000-7fff47600000 r-xp 00000000 00:00 0                          [vdso]
ffffffffff600000-ffffffffff601000 r-xp 00000000 00:00 0                  [vsyscall]

VM Arguments:
jvm_args: -Dfile.encoding=UTF-8 
java_command: /home/linhsan/NetBeansProjects/ClinicManagement/dist/run825863803/ClinicManagement.jar
java_class_path (initial): /home/linhsan/NetBeansProjects/ClinicManagement/dist/run825863803/ClinicManagement.jar
Launcher Type: SUN_STANDARD

Environment Variables:
PATH=/usr/local/sbin:/usr/local/bin:/usr/sbin:/usr/bin:/sbin:/bin:/usr/games:/usr/local/games
LD_LIBRARY_PATH=/usr/lib/jvm/jdk1.8.0_25/jre/lib/amd64:/usr/lib/jvm/jdk1.8.0_25/jre/lib/i386:
SHELL=/bin/bash
DISPLAY=:0

Signal Handlers:
SIGSEGV: [libjvm.so+0xa79a80], sa_mask[0]=11111111011111111101111111111110, sa_flags=SA_RESTART|SA_SIGINFO
SIGBUS: [libjvm.so+0xa79a80], sa_mask[0]=11111111011111111101111111111110, sa_flags=SA_RESTART|SA_SIGINFO
SIGFPE: [libjvm.so+0x8e24e0], sa_mask[0]=11111111011111111101111111111110, sa_flags=SA_RESTART|SA_SIGINFO
SIGPIPE: SIG_IGN, sa_mask[0]=00000000000010000000000000000000, sa_flags=SA_RESTART
SIGXFSZ: [libjvm.so+0x8e24e0], sa_mask[0]=11111111011111111101111111111110, sa_flags=SA_RESTART|SA_SIGINFO
SIGILL: [libjvm.so+0x8e24e0], sa_mask[0]=11111111011111111101111111111110, sa_flags=SA_RESTART|SA_SIGINFO
SIGUSR1: SIG_DFL, sa_mask[0]=00000000000000000000000000000000, sa_flags=none
SIGUSR2: [libjvm.so+0x8e3d10], sa_mask[0]=00100000000000000000000000000000, sa_flags=SA_RESTART|SA_SIGINFO
SIGHUP: [libjvm.so+0x8e50d0], sa_mask[0]=11111111011111111101111111111110, sa_flags=SA_RESTART|SA_SIGINFO
SIGINT: SIG_IGN, sa_mask[0]=00000000000000000000000000000000, sa_flags=none
SIGTERM: [libjvm.so+0x8e50d0], sa_mask[0]=11111111011111111101111111111110, sa_flags=SA_RESTART|SA_SIGINFO
SIGQUIT: [libjvm.so+0x8e50d0], sa_mask[0]=11111111011111111101111111111110, sa_flags=SA_RESTART|SA_SIGINFO


---------------  S Y S T E M  ---------------

OS:DISTRIB_ID=Ubuntu
DISTRIB_RELEASE=14.04
DISTRIB_CODENAME=trusty
DISTRIB_DESCRIPTION="Ubuntu 14.04 LTS"

uname:Linux 3.13.0-24-generic #46-Ubuntu SMP Thu Apr 10 19:11:08 UTC 2014 x86_64
libc:glibc 2.19 NPTL 2.19 
rlimit: STACK 8192k, CORE 0k, NPROC 30460, NOFILE 4096, AS infinity
load average:0,71 0,67 0,47

/proc/meminfo:
MemTotal:        3920420 kB
MemFree:          601820 kB
Buffers:           76868 kB
Cached:          1415700 kB
SwapCached:            0 kB
Active:          1973332 kB
Inactive:        1148928 kB
Active(anon):    1632080 kB
Inactive(anon):   361848 kB
Active(file):     341252 kB
Inactive(file):   787080 kB
Unevictable:          88 kB
Mlocked:              88 kB
SwapTotal:       7762940 kB
SwapFree:        7762940 kB
Dirty:                88 kB
Writeback:             0 kB
AnonPages:       1629820 kB
Mapped:           297340 kB
Shmem:            364240 kB
Slab:              86660 kB
SReclaimable:      53816 kB
SUnreclaim:        32844 kB
KernelStack:        4856 kB
PageTables:        37508 kB
NFS_Unstable:          0 kB
Bounce:                0 kB
WritebackTmp:          0 kB
CommitLimit:     9723148 kB
Committed_AS:    5830076 kB
VmallocTotal:   34359738367 kB
VmallocUsed:      545972 kB
VmallocChunk:   34359183836 kB
HardwareCorrupted:     0 kB
AnonHugePages:    634880 kB
HugePages_Total:       0
HugePages_Free:        0
HugePages_Rsvd:        0
HugePages_Surp:        0
Hugepagesize:       2048 kB
DirectMap4k:       87804 kB
DirectMap2M:     3979264 kB


CPU:total 4 (2 cores per cpu, 2 threads per core) family 6 model 58 stepping 9, cmov, cx8, fxsr, mmx, sse, sse2, sse3, ssse3, sse4.1, sse4.2, popcnt, avx, aes, clmul, erms, ht, tsc, tscinvbit, tscinv

/proc/cpuinfo:
processor	: 0
vendor_id	: GenuineIntel
cpu family	: 6
model		: 58
model name	: Intel(R) Core(TM) i5-3230M CPU @ 2.60GHz
stepping	: 9
microcode	: 0x15
cpu MHz		: 1800.000
cache size	: 3072 KB
physical id	: 0
siblings	: 4
core id		: 0
cpu cores	: 2
apicid		: 0
initial apicid	: 0
fpu		: yes
fpu_exception	: yes
cpuid level	: 13
wp		: yes
flags		: fpu vme de pse tsc msr pae mce cx8 apic sep mtrr pge mca cmov pat pse36 clflush dts acpi mmx fxsr sse sse2 ss ht tm pbe syscall nx rdtscp lm constant_tsc arch_perfmon pebs bts rep_good nopl xtopology nonstop_tsc aperfmperf eagerfpu pni pclmulqdq dtes64 monitor ds_cpl vmx est tm2 ssse3 cx16 xtpr pdcm pcid sse4_1 sse4_2 x2apic popcnt tsc_deadline_timer aes xsave avx f16c rdrand lahf_lm ida arat epb xsaveopt pln pts dtherm tpr_shadow vnmi flexpriority ept vpid fsgsbase smep erms
bogomips	: 5188.11
clflush size	: 64
cache_alignment	: 64
address sizes	: 36 bits physical, 48 bits virtual
power management:

processor	: 1
vendor_id	: GenuineIntel
cpu family	: 6
model		: 58
model name	: Intel(R) Core(TM) i5-3230M CPU @ 2.60GHz
stepping	: 9
microcode	: 0x15
cpu MHz		: 2601.000
cache size	: 3072 KB
physical id	: 0
siblings	: 4
core id		: 0
cpu cores	: 2
apicid		: 1
initial apicid	: 1
fpu		: yes
fpu_exception	: yes
cpuid level	: 13
wp		: yes
flags		: fpu vme de pse tsc msr pae mce cx8 apic sep mtrr pge mca cmov pat pse36 clflush dts acpi mmx fxsr sse sse2 ss ht tm pbe syscall nx rdtscp lm constant_tsc arch_perfmon pebs bts rep_good nopl xtopology nonstop_tsc aperfmperf eagerfpu pni pclmulqdq dtes64 monitor ds_cpl vmx est tm2 ssse3 cx16 xtpr pdcm pcid sse4_1 sse4_2 x2apic popcnt tsc_deadline_timer aes xsave avx f16c rdrand lahf_lm ida arat epb xsaveopt pln pts dtherm tpr_shadow vnmi flexpriority ept vpid fsgsbase smep erms
bogomips	: 5188.11
clflush size	: 64
cache_alignment	: 64
address sizes	: 36 bits physical, 48 bits virtual
power management:

processor	: 2
vendor_id	: GenuineIntel
cpu family	: 6
model		: 58
model name	: Intel(R) Core(TM) i5-3230M CPU @ 2.60GHz
stepping	: 9
microcode	: 0x15
cpu MHz		: 2400.000
cache size	: 3072 KB
physical id	: 0
siblings	: 4
core id		: 1
cpu cores	: 2
apicid		: 2
initial apicid	: 2
fpu		: yes
fpu_exception	: yes
cpuid level	: 13
wp		: yes
flags		: fpu vme de pse tsc msr pae mce cx8 apic sep mtrr pge mca cmov pat pse36 clflush dts acpi mmx fxsr sse sse2 ss ht tm pbe syscall nx rdtscp lm constant_tsc arch_perfmon pebs bts rep_good nopl xtopology nonstop_tsc aperfmperf eagerfpu pni pclmulqdq dtes64 monitor ds_cpl vmx est tm2 ssse3 cx16 xtpr pdcm pcid sse4_1 sse4_2 x2apic popcnt tsc_deadline_timer aes xsave avx f16c rdrand lahf_lm ida arat epb xsaveopt pln pts dtherm tpr_shadow vnmi flexpriority ept vpid fsgsbase smep erms
bogomips	: 5188.11
clflush size	: 64
cache_alignment	: 64
address sizes	: 36 bits physical, 48 bits virtual
power management:

processor	: 3
vendor_id	: GenuineIntel
cpu family	: 6
model		: 58
model name	: Intel(R) Core(TM) i5-3230M CPU @ 2.60GHz
stepping	: 9
microcode	: 0x15
cpu MHz		: 1300.000
cache size	: 3072 KB
physical id	: 0
siblings	: 4
core id		: 1
cpu cores	: 2
apicid		: 3
initial apicid	: 3
fpu		: yes
fpu_exception	: yes
cpuid level	: 13
wp		: yes
flags		: fpu vme de pse tsc msr pae mce cx8 apic sep mtrr pge mca cmov pat pse36 clflush dts acpi mmx fxsr sse sse2 ss ht tm pbe syscall nx rdtscp lm constant_tsc arch_perfmon pebs bts rep_good nopl xtopology nonstop_tsc aperfmperf eagerfpu pni pclmulqdq dtes64 monitor ds_cpl vmx est tm2 ssse3 cx16 xtpr pdcm pcid sse4_1 sse4_2 x2apic popcnt tsc_deadline_timer aes xsave avx f16c rdrand lahf_lm ida arat epb xsaveopt pln pts dtherm tpr_shadow vnmi flexpriority ept vpid fsgsbase smep erms
bogomips	: 5188.11
clflush size	: 64
cache_alignment	: 64
address sizes	: 36 bits physical, 48 bits virtual
power management:



Memory: 4k page, physical 3920420k(601820k free), swap 7762940k(7762940k free)

vm_info: Java HotSpot(TM) 64-Bit Server VM (25.25-b02) for linux-amd64 JRE (1.8.0_25-b17), built on Sep 17 2014 17:32:11 by "java_re" with gcc 4.3.0 20080428 (Red Hat 4.3.0-8)

time: Fri Nov 13 21:39:52 2015
elapsed time: 31 seconds (0d 0h 0m 31s)

