#
# A fatal error has been detected by the Java Runtime Environment:
#
#  SIGSEGV (0xb) at pc=0x00007fe331020ed2, pid=6306, tid=140613472438016
#
# JRE version: Java(TM) SE Runtime Environment (8.0_25-b17) (build 1.8.0_25-b17)
# Java VM: Java HotSpot(TM) 64-Bit Server VM (25.25-b02 mixed mode linux-amd64 compressed oops)
# Problematic frame:
# j  com.sun.glass.ui.gtk.GtkView.notifyInputMethodDraw(Ljava/lang/String;III)V+13
#
# Failed to write core dump. Core dumps have been disabled. To enable core dumping, try "ulimit -c unlimited" before starting Java again
#
# If you would like to submit a bug report, please visit:
#   http://bugreport.sun.com/bugreport/crash.jsp
#

---------------  T H R E A D  ---------------

Current thread (0x00007fe340373000):  JavaThread "JavaFX Application Thread" [_thread_in_Java, id=6328, stack(0x00007fe320034000,0x00007fe320135000)]

siginfo: si_signo: 11 (SIGSEGV), si_code: 1 (SEGV_MAPERR), si_addr: 0x00000000401c7c50

Registers:
RAX=0x0000000000100000, RBX=0x00007fe3452b5a58, RCX=0x00000000401c7c50, RDX=0x0000000070500004
RSP=0x00007fe320132420, RBP=0x00007fe320132488, RSI=0x00007fe331010940, RDI=0x00007fe320132560
R8 =0x00007fe331010940, R9 =0x00007fe320132708, R10=0x00007fe3489ff440, R11=0x0000000000017101
R12=0x0000000000000000, R13=0x00007fe3457198c5, R14=0x00007fe3201324b8, R15=0x00007fe340373000
RIP=0x00007fe331020ed2, EFLAGS=0x0000000000010206, CSGSFS=0x0000000000000033, ERR=0x0000000000000004
  TRAPNO=0x000000000000000e

Top of Stack: (sp=0x00007fe320132420)
0x00007fe320132420:   00007fe331007710 00000000ec4c0598
0x00007fe320132430:   0000000000000000 0000000000000000
0x00007fe320132440:   00000000401c7c50 00007fe320132448
0x00007fe320132450:   00007fe3457198c5 00007fe3201324b8
0x00007fe320132460:   00007fe345723408 0000000000000000
0x00007fe320132470:   00007fe3457198f8 0000000000000000
0x00007fe320132480:   00007fe320132498 00007fe320132520
0x00007fe320132490:   00007fe3310004e7 00007fe300000001
0x00007fe3201324a0:   0000000000000000 00007fe200000000
0x00007fe3201324b0:   00000000ec4c0598 00000000c46a5938
0x00007fe3201324c0:   0000000000001fa0 00007fe340372878
0x00007fe3201324d0:   00007fe340373000 00007fe3201325a0
0x00007fe3201324e0:   00000000c46a5938 00007fe320132560
0x00007fe3201324f0:   00007fe320132560 00007fe3201328b8
0x00007fe320132500:   000000000000000a 00007fe3457198f8
0x00007fe320132510:   00007fe331010940 00007fe320132708
0x00007fe320132520:   00007fe320132690 00007fe348107086
0x00007fe320132530:   00007fe300000005 00007fe340373000
0x00007fe320132540:   00007fe320132700 00007fe3201328b0
0x00007fe320132550:   00007fe331010940 000000000000000a
0x00007fe320132560:   00007fe340373000 00007fe2e0000a30
0x00007fe320132570:   00007fe3457198f8 00000000c46a5938
0x00007fe320132580:   00007fe320133600 00007fe3310156a8
0x00007fe320132590:   00007fe320133660 00007fe3201328b0
0x00007fe3201325a0:   00007fe340373000 00007fe340372820
0x00007fe3201325b0:   00007fe340372860 00007fe340372880
0x00007fe3201325c0:   00007fe340372948 00000000000000d8
0x00007fe3201325d0:   00007fe320133890 2b8dfa3009336d00
0x00007fe3201325e0:   00007fe3457198f8 00007fe340373000
0x00007fe3201325f0:   00007fe3402fb540 00007fe3402fb558
0x00007fe320132600:   00007fe3457198f8 00007fe340373000
0x00007fe320132610:   00007fe320132620 00007fe2f3be1dd7 

Instructions: (pc=0x00007fe331020ed2)
0x00007fe331020eb2:   9f 48 e3 7f 00 00 49 8b 14 d2 52 41 8b d5 4c 8b
0x00007fe331020ec2:   6d c8 8b c2 81 e0 00 00 10 00 0f 84 6a 01 00 00
0x00007fe331020ed2:   48 3b 01 48 8b 45 e0 48 85 c0 0f 84 12 00 00 00
0x00007fe331020ee2:   48 83 40 08 01 48 83 58 08 00 48 83 c0 30 48 89 

Register to memory mapping:

RAX=0x0000000000100000 is an unknown value
RBX={method} {0x00007fe3452b5a58} 'replace' '(IILjava/lang/String;)Ljava/lang/StringBuilder;' in 'java/lang/StringBuilder'
RCX=0x00000000401c7c50 is an unknown value
RDX=0x0000000070500004 is an unknown value
RSP=0x00007fe320132420 is pointing into the stack for thread: 0x00007fe340373000
RBP=0x00007fe320132488 is pointing into the stack for thread: 0x00007fe340373000
RSI=0x00007fe331010940 is at code_begin+0 in an Interpreter codelet
method entry point (kind = zerolocals)  [0x00007fe331010940, 0x00007fe331010dc0]  1152 bytes
RDI=0x00007fe320132560 is pointing into the stack for thread: 0x00007fe340373000
R8 =0x00007fe331010940 is at code_begin+0 in an Interpreter codelet
method entry point (kind = zerolocals)  [0x00007fe331010940, 0x00007fe331010dc0]  1152 bytes
R9 =0x00007fe320132708 is pointing into the stack for thread: 0x00007fe340373000
R10=0x00007fe3489ff440: <offset 0xf5c440> in /usr/lib/jvm/jdk1.8.0_25/jre/lib/amd64/server/libjvm.so at 0x00007fe347aa3000
R11=0x0000000000017101 is an unknown value
R12=0x0000000000000000 is an unknown value
R13=0x00007fe3457198c5 is pointing into metadata
R14=0x00007fe3201324b8 is pointing into the stack for thread: 0x00007fe340373000
R15=0x00007fe340373000 is a thread


Stack: [0x00007fe320034000,0x00007fe320135000],  sp=0x00007fe320132420,  free space=1017k
Native frames: (J=compiled Java code, j=interpreted, Vv=VM code, C=native code)
j  com.sun.glass.ui.gtk.GtkView.notifyInputMethodDraw(Ljava/lang/String;III)V+13
v  ~StubRoutines::call_stub
V  [libjvm.so+0x664086]  JavaCalls::call_helper(JavaValue*, methodHandle*, JavaCallArguments*, Thread*)+0x1056
V  [libjvm.so+0x6aa05b]  jni_invoke_nonstatic(JNIEnv_*, JavaValue*, _jobject*, JNICallType, _jmethodID*, JNI_ArgumentPusher*, Thread*)+0x41b
V  [libjvm.so+0x6ba06f]  jni_CallVoidMethodV+0x10f
C  [libglass.so+0x145e8]  JNIEnv_::CallVoidMethod(_jobject*, _jmethodID*, ...)+0x98
C  [libglass.so+0x1a93a]  im_preedit_draw(_XIM*, char*, char*)+0x8a
C  [libX11.so.6+0x591d8]
C  0x0000000000000001


---------------  P R O C E S S  ---------------

Java Threads: ( => current thread )
  0x00007fe2e0441800 JavaThread "Prism Font Disposer" daemon [_thread_blocked, id=6334, stack(0x00007fe2d35e5000,0x00007fe2d36e6000)]
  0x00007fe2e0245800 JavaThread "Abandoned connection cleanup thread" daemon [_thread_blocked, id=6333, stack(0x00007fe2e8428000,0x00007fe2e8529000)]
  0x00007fe340376800 JavaThread "JavaFX-Launcher" [_thread_blocked, id=6329, stack(0x00007fe2e8729000,0x00007fe2e882a000)]
=>0x00007fe340373000 JavaThread "JavaFX Application Thread" [_thread_in_Java, id=6328, stack(0x00007fe320034000,0x00007fe320135000)]
  0x00007fe34036f000 JavaThread "Thread-1" daemon [_thread_blocked, id=6327, stack(0x00007fe3280e0000,0x00007fe3281e1000)]
  0x00007fe3402c2800 JavaThread "QuantumRenderer-0" daemon [_thread_blocked, id=6324, stack(0x00007fe329e0c000,0x00007fe329f0d000)]
  0x00007fe340188000 JavaThread "Service Thread" daemon [_thread_blocked, id=6322, stack(0x00007fe32a00e000,0x00007fe32a10f000)]
  0x00007fe340178000 JavaThread "C1 CompilerThread2" daemon [_thread_blocked, id=6321, stack(0x00007fe32a10f000,0x00007fe32a210000)]
  0x00007fe340176000 JavaThread "C2 CompilerThread1" daemon [_thread_blocked, id=6320, stack(0x00007fe3300bb000,0x00007fe3301bc000)]
  0x00007fe340173000 JavaThread "C2 CompilerThread0" daemon [_thread_in_native, id=6319, stack(0x00007fe3301bc000,0x00007fe3302bd000)]
  0x00007fe340171000 JavaThread "Signal Dispatcher" daemon [_thread_blocked, id=6318, stack(0x00007fe3302bd000,0x00007fe3303be000)]
  0x00007fe340143800 JavaThread "Finalizer" daemon [_thread_blocked, id=6317, stack(0x00007fe330cfd000,0x00007fe330dfe000)]
  0x00007fe340141800 JavaThread "Reference Handler" daemon [_thread_blocked, id=6316, stack(0x00007fe330dfe000,0x00007fe330eff000)]
  0x00007fe34000a000 JavaThread "main" [_thread_blocked, id=6309, stack(0x00007fe349527000,0x00007fe349628000)]

Other Threads:
  0x00007fe34013a000 VMThread [stack: 0x00007fe330eff000,0x00007fe331000000] [id=6315]
  0x00007fe34018a000 WatcherThread [stack: 0x00007fe329f0d000,0x00007fe32a00e000] [id=6323]

VM state:not at safepoint (normal execution)

VM Mutex/Monitor currently owned by a thread: None

Heap:
 PSYoungGen      total 31744K, used 8719K [0x00000000ec100000, 0x00000000ee880000, 0x0000000100000000)
  eden space 27136K, 15% used [0x00000000ec100000,0x00000000ec503fe8,0x00000000edb80000)
  from space 4608K, 100% used [0x00000000ee400000,0x00000000ee880000,0x00000000ee880000)
  to   space 5632K, 0% used [0x00000000edd80000,0x00000000edd80000,0x00000000ee300000)
 ParOldGen       total 29184K, used 7230K [0x00000000c4200000, 0x00000000c5e80000, 0x00000000ec100000)
  object space 29184K, 24% used [0x00000000c4200000,0x00000000c490f910,0x00000000c5e80000)
 Metaspace       used 22068K, capacity 23332K, committed 23552K, reserved 1069056K
  class space    used 3070K, capacity 3293K, committed 3328K, reserved 1048576K

Card table byte_map: [0x00007fe346163000,0x00007fe346343000] byte_map_base: 0x00007fe345b42000

Marking Bits: (ParMarkBitMap*) 0x00007fe3489fd2c0
 Begin Bits: [0x00007fe32a210000, 0x00007fe32b108000)
 End Bits:   [0x00007fe32b108000, 0x00007fe32c000000)

Polling page: 0x00007fe349644000

CodeCache: size=245760Kb used=10461Kb max_used=10472Kb free=235298Kb
 bounds [0x00007fe331000000, 0x00007fe331a40000, 0x00007fe340000000]
 total_blobs=4247 nmethods=3540 adapters=619
 compilation: enabled

Compilation events (10 events):
Event: 11,693 Thread 0x00007fe340178000 nmethod 3566 0x00007fe331a08dd0 code [0x00007fe331a08f20, 0x00007fe331a09030]
Event: 11,693 Thread 0x00007fe340178000 3567       1       javafx.scene.layout.BorderStroke::isStrokeUniform (5 bytes)
Event: 11,693 Thread 0x00007fe340178000 nmethod 3567 0x00007fe331a08b10 code [0x00007fe331a08c60, 0x00007fe331a08d70]
Event: 11,693 Thread 0x00007fe340178000 3531       3       javafx.scene.control.SkinBase::snappedBottomInset (8 bytes)
Event: 11,693 Thread 0x00007fe340178000 nmethod 3531 0x00007fe331a08690 code [0x00007fe331a08800, 0x00007fe331a08a30]
Event: 11,693 Thread 0x00007fe340178000 3571       1       com.sun.prism.impl.BaseContext::getAssociatedScreen (5 bytes)
Event: 11,693 Thread 0x00007fe340178000 nmethod 3571 0x00007fe331a083d0 code [0x00007fe331a08520, 0x00007fe331a08630]
Event: 11,698 Thread 0x00007fe340176000 nmethod 3473 0x00007fe331a07a90 code [0x00007fe331a07c00, 0x00007fe331a08068]
Event: 11,739 Thread 0x00007fe340178000 3573       3       java.util.ArrayDeque::pollFirst (42 bytes)
Event: 11,740 Thread 0x00007fe340178000 nmethod 3573 0x00007fe331a07490 code [0x00007fe331a07600, 0x00007fe331a07930]

GC Heap History (10 events):
Event: 7,737 GC heap before
{Heap before GC invocations=3 (full 0):
 PSYoungGen      total 17920K, used 17904K [0x00000000ec100000, 0x00000000ed500000, 0x0000000100000000)
  eden space 15360K, 100% used [0x00000000ec100000,0x00000000ed000000,0x00000000ed000000)
  from space 2560K, 99% used [0x00000000ed280000,0x00000000ed4fc050,0x00000000ed500000)
  to   space 2560K, 0% used [0x00000000ed000000,0x00000000ed000000,0x00000000ed280000)
 ParOldGen       total 40960K, used 2755K [0x00000000c4200000, 0x00000000c6a00000, 0x00000000ec100000)
  object space 40960K, 6% used [0x00000000c4200000,0x00000000c44b0cc0,0x00000000c6a00000)
 Metaspace       used 18406K, capacity 19010K, committed 19200K, reserved 1064960K
  class space    used 2571K, capacity 2720K, committed 2816K, reserved 1048576K
Event: 7,742 GC heap after
Heap after GC invocations=3 (full 0):
 PSYoungGen      total 17920K, used 2528K [0x00000000ec100000, 0x00000000ed500000, 0x0000000100000000)
  eden space 15360K, 0% used [0x00000000ec100000,0x00000000ec100000,0x00000000ed000000)
  from space 2560K, 98% used [0x00000000ed000000,0x00000000ed2780a8,0x00000000ed280000)
  to   space 2560K, 0% used [0x00000000ed280000,0x00000000ed280000,0x00000000ed500000)
 ParOldGen       total 40960K, used 4020K [0x00000000c4200000, 0x00000000c6a00000, 0x00000000ec100000)
  object space 40960K, 9% used [0x00000000c4200000,0x00000000c45ed050,0x00000000c6a00000)
 Metaspace       used 18406K, capacity 19010K, committed 19200K, reserved 1064960K
  class space    used 2571K, capacity 2720K, committed 2816K, reserved 1048576K
}
Event: 8,000 GC heap before
{Heap before GC invocations=4 (full 0):
 PSYoungGen      total 17920K, used 17888K [0x00000000ec100000, 0x00000000ed500000, 0x0000000100000000)
  eden space 15360K, 100% used [0x00000000ec100000,0x00000000ed000000,0x00000000ed000000)
  from space 2560K, 98% used [0x00000000ed000000,0x00000000ed2780a8,0x00000000ed280000)
  to   space 2560K, 0% used [0x00000000ed280000,0x00000000ed280000,0x00000000ed500000)
 ParOldGen       total 40960K, used 4020K [0x00000000c4200000, 0x00000000c6a00000, 0x00000000ec100000)
  object space 40960K, 9% used [0x00000000c4200000,0x00000000c45ed050,0x00000000c6a00000)
 Metaspace       used 19446K, capacity 20160K, committed 20352K, reserved 1067008K
  class space    used 2720K, capacity 2869K, committed 2944K, reserved 1048576K
Event: 8,007 GC heap after
Heap after GC invocations=4 (full 0):
 PSYoungGen      total 17920K, used 2528K [0x00000000ec100000, 0x00000000ee400000, 0x0000000100000000)
  eden space 15360K, 0% used [0x00000000ec100000,0x00000000ec100000,0x00000000ed000000)
  from space 2560K, 98% used [0x00000000ed280000,0x00000000ed4f8078,0x00000000ed500000)
  to   space 2560K, 0% used [0x00000000ed000000,0x00000000ed000000,0x00000000ed280000)
 ParOldGen       total 40960K, used 4903K [0x00000000c4200000, 0x00000000c6a00000, 0x00000000ec100000)
  object space 40960K, 11% used [0x00000000c4200000,0x00000000c46c9fc0,0x00000000c6a00000)
 Metaspace       used 19446K, capacity 20160K, committed 20352K, reserved 1067008K
  class space    used 2720K, capacity 2869K, committed 2944K, reserved 1048576K
}
Event: 8,182 GC heap before
{Heap before GC invocations=5 (full 0):
 PSYoungGen      total 17920K, used 9617K [0x00000000ec100000, 0x00000000ee400000, 0x0000000100000000)
  eden space 15360K, 46% used [0x00000000ec100000,0x00000000ec7ec440,0x00000000ed000000)
  from space 2560K, 98% used [0x00000000ed280000,0x00000000ed4f8078,0x00000000ed500000)
  to   space 2560K, 0% used [0x00000000ed000000,0x00000000ed000000,0x00000000ed280000)
 ParOldGen       total 40960K, used 4903K [0x00000000c4200000, 0x00000000c6a00000, 0x00000000ec100000)
  object space 40960K, 11% used [0x00000000c4200000,0x00000000c46c9fc0,0x00000000c6a00000)
 Metaspace       used 20291K, capacity 21210K, committed 21248K, reserved 1067008K
  class space    used 2872K, capacity 3046K, committed 3072K, reserved 1048576K
Event: 8,188 GC heap after
Heap after GC invocations=5 (full 0):
 PSYoungGen      total 17920K, used 2528K [0x00000000ec100000, 0x00000000ee900000, 0x0000000100000000)
  eden space 15360K, 0% used [0x00000000ec100000,0x00000000ec100000,0x00000000ed000000)
  from space 2560K, 98% used [0x00000000ed000000,0x00000000ed278078,0x00000000ed280000)
  to   space 5120K, 0% used [0x00000000ee400000,0x00000000ee400000,0x00000000ee900000)
 ParOldGen       total 40960K, used 5611K [0x00000000c4200000, 0x00000000c6a00000, 0x00000000ec100000)
  object space 40960K, 13% used [0x00000000c4200000,0x00000000c477afd0,0x00000000c6a00000)
 Metaspace       used 20291K, capacity 21210K, committed 21248K, reserved 1067008K
  class space    used 2872K, capacity 3046K, committed 3072K, reserved 1048576K
}
Event: 8,188 GC heap before
{Heap before GC invocations=6 (full 1):
 PSYoungGen      total 17920K, used 2528K [0x00000000ec100000, 0x00000000ee900000, 0x0000000100000000)
  eden space 15360K, 0% used [0x00000000ec100000,0x00000000ec100000,0x00000000ed000000)
  from space 2560K, 98% used [0x00000000ed000000,0x00000000ed278078,0x00000000ed280000)
  to   space 5120K, 0% used [0x00000000ee400000,0x00000000ee400000,0x00000000ee900000)
 ParOldGen       total 40960K, used 5611K [0x00000000c4200000, 0x00000000c6a00000, 0x00000000ec100000)
  object space 40960K, 13% used [0x00000000c4200000,0x00000000c477afd0,0x00000000c6a00000)
 Metaspace       used 20291K, capacity 21210K, committed 21248K, reserved 1067008K
  class space    used 2872K, capacity 3046K, committed 3072K, reserved 1048576K
Event: 8,234 GC heap after
Heap after GC invocations=6 (full 1):
 PSYoungGen      total 17920K, used 0K [0x00000000ec100000, 0x00000000ee900000, 0x0000000100000000)
  eden space 15360K, 0% used [0x00000000ec100000,0x00000000ec100000,0x00000000ed000000)
  from space 2560K, 0% used [0x00000000ed000000,0x00000000ed000000,0x00000000ed280000)
  to   space 5120K, 0% used [0x00000000ee400000,0x00000000ee400000,0x00000000ee900000)
 ParOldGen       total 29184K, used 7222K [0x00000000c4200000, 0x00000000c5e80000, 0x00000000ec100000)
  object space 29184K, 24% used [0x00000000c4200000,0x00000000c490d910,0x00000000c5e80000)
 Metaspace       used 20290K, capacity 21208K, committed 21248K, reserved 1067008K
  class space    used 2871K, capacity 3045K, committed 3072K, reserved 1048576K
}
Event: 8,840 GC heap before
{Heap before GC invocations=7 (full 1):
 PSYoungGen      total 17920K, used 15360K [0x00000000ec100000, 0x00000000ee900000, 0x0000000100000000)
  eden space 15360K, 100% used [0x00000000ec100000,0x00000000ed000000,0x00000000ed000000)
  from space 2560K, 0% used [0x00000000ed000000,0x00000000ed000000,0x00000000ed280000)
  to   space 5120K, 0% used [0x00000000ee400000,0x00000000ee400000,0x00000000ee900000)
 ParOldGen       total 29184K, used 7222K [0x00000000c4200000, 0x00000000c5e80000, 0x00000000ec100000)
  object space 29184K, 24% used [0x00000000c4200000,0x00000000c490d910,0x00000000c5e80000)
 Metaspace       used 21539K, capacity 22794K, committed 23040K, reserved 1069056K
  class space    used 3030K, capacity 3248K, committed 3328K, reserved 1048576K
Event: 8,850 GC heap after
Heap after GC invocations=7 (full 1):
 PSYoungGen      total 31744K, used 4608K [0x00000000ec100000, 0x00000000ee880000, 0x0000000100000000)
  eden space 27136K, 0% used [0x00000000ec100000,0x00000000ec100000,0x00000000edb80000)
  from space 4608K, 100% used [0x00000000ee400000,0x00000000ee880000,0x00000000ee880000)
  to   space 5632K, 0% used [0x00000000edd80000,0x00000000edd80000,0x00000000ee300000)
 ParOldGen       total 29184K, used 7230K [0x00000000c4200000, 0x00000000c5e80000, 0x00000000ec100000)
  object space 29184K, 24% used [0x00000000c4200000,0x00000000c490f910,0x00000000c5e80000)
 Metaspace       used 21539K, capacity 22794K, committed 23040K, reserved 1069056K
  class space    used 3030K, capacity 3248K, committed 3328K, reserved 1048576K
}

Deoptimization events (10 events):
Event: 11,569 Thread 0x00007fe340373000 Uncommon trap: reason=class_check action=maybe_recompile pc=0x00007fe331448858 method=java.lang.Character.toLowerCase(I)I @ 5
Event: 11,588 Thread 0x00007fe340373000 Uncommon trap: reason=unreached action=reinterpret pc=0x00007fe33191dd04 method=javafx.scene.Parent.setChildDirty(Ljavafx/scene/Node;Z)V @ 51
Event: 11,592 Thread 0x00007fe340373000 Uncommon trap: reason=array_check action=maybe_recompile pc=0x00007fe331907ec0 method=com.sun.javafx.css.CompoundSelector.applies(Ljavafx/css/Styleable;[Ljava/util/Set;I)Z @ 128
Event: 11,592 Thread 0x00007fe340373000 Uncommon trap: reason=array_check action=maybe_recompile pc=0x00007fe331907ec0 method=com.sun.javafx.css.CompoundSelector.applies(Ljavafx/css/Styleable;[Ljava/util/Set;I)Z @ 128
Event: 11,592 Thread 0x00007fe340373000 Uncommon trap: reason=array_check action=maybe_recompile pc=0x00007fe331907ec0 method=com.sun.javafx.css.CompoundSelector.applies(Ljavafx/css/Styleable;[Ljava/util/Set;I)Z @ 128
Event: 11,592 Thread 0x00007fe340373000 Uncommon trap: reason=array_check action=maybe_recompile pc=0x00007fe331907ec0 method=com.sun.javafx.css.CompoundSelector.applies(Ljavafx/css/Styleable;[Ljava/util/Set;I)Z @ 128
Event: 11,624 Thread 0x00007fe340373000 Uncommon trap: reason=class_check action=maybe_recompile pc=0x00007fe33198dc34 method=javafx.scene.Node.updateLocalToParentTransform()V @ 11
Event: 11,624 Thread 0x00007fe340373000 Uncommon trap: reason=class_check action=maybe_recompile pc=0x00007fe33198dc34 method=javafx.scene.Node.updateLocalToParentTransform()V @ 11
Event: 11,624 Thread 0x00007fe340373000 Uncommon trap: reason=class_check action=maybe_recompile pc=0x00007fe33198dc34 method=javafx.scene.Node.updateLocalToParentTransform()V @ 11
Event: 11,624 Thread 0x00007fe340373000 Uncommon trap: reason=class_check action=maybe_recompile pc=0x00007fe33198dc34 method=javafx.scene.Node.updateLocalToParentTransform()V @ 11

Internal exceptions (10 events):
Event: 8,025 Thread 0x00007fe340373000 Exception <a 'java/security/PrivilegedActionException'> (0x00000000ec34db18) thrown at [/HUDSON/workspace/8-2-build-linux-amd64/jdk8u25/1514/hotspot/src/share/vm/prims/jvm.cpp, line 1312]
Event: 8,025 Thread 0x00007fe340373000 Exception <a 'java/security/PrivilegedActionException'> (0x00000000ec34e760) thrown at [/HUDSON/workspace/8-2-build-linux-amd64/jdk8u25/1514/hotspot/src/share/vm/prims/jvm.cpp, line 1312]
Event: 8,025 Thread 0x00007fe340373000 Exception <a 'java/security/PrivilegedActionException'> (0x00000000ec34f420) thrown at [/HUDSON/workspace/8-2-build-linux-amd64/jdk8u25/1514/hotspot/src/share/vm/prims/jvm.cpp, line 1312]
Event: 8,025 Thread 0x00007fe340373000 Exception <a 'java/security/PrivilegedActionException'> (0x00000000ec36b048) thrown at [/HUDSON/workspace/8-2-build-linux-amd64/jdk8u25/1514/hotspot/src/share/vm/prims/jvm.cpp, line 1312]
Event: 8,025 Thread 0x00007fe340373000 Exception <a 'java/security/PrivilegedActionException'> (0x00000000ec36bd30) thrown at [/HUDSON/workspace/8-2-build-linux-amd64/jdk8u25/1514/hotspot/src/share/vm/prims/jvm.cpp, line 1312]
Event: 8,797 Thread 0x00007fe340373000 Exception <a 'java/security/PrivilegedActionException'> (0x00000000ecf86b28) thrown at [/HUDSON/workspace/8-2-build-linux-amd64/jdk8u25/1514/hotspot/src/share/vm/prims/jvm.cpp, line 1312]
Event: 10,817 Thread 0x00007fe340373000 Exception <a 'java/security/PrivilegedActionException'> (0x00000000ec2cec48) thrown at [/HUDSON/workspace/8-2-build-linux-amd64/jdk8u25/1514/hotspot/src/share/vm/prims/jvm.cpp, line 1312]
Event: 10,817 Thread 0x00007fe340373000 Exception <a 'java/security/PrivilegedActionException'> (0x00000000ec2cf730) thrown at [/HUDSON/workspace/8-2-build-linux-amd64/jdk8u25/1514/hotspot/src/share/vm/prims/jvm.cpp, line 1312]
Event: 10,817 Thread 0x00007fe340373000 Exception <a 'java/security/PrivilegedActionException'> (0x00000000ec2d13a0) thrown at [/HUDSON/workspace/8-2-build-linux-amd64/jdk8u25/1514/hotspot/src/share/vm/prims/jvm.cpp, line 1312]
Event: 10,817 Thread 0x00007fe340373000 Exception <a 'java/security/PrivilegedActionException'> (0x00000000ec2d1ed8) thrown at [/HUDSON/workspace/8-2-build-linux-amd64/jdk8u25/1514/hotspot/src/share/vm/prims/jvm.cpp, line 1312]

Events (10 events):
Event: 11,624 Thread 0x00007fe340373000 DEOPT UNPACKING pc=0x00007fe331004f69 sp=0x00007fe320131c78 mode 2
Event: 11,624 Thread 0x00007fe340373000 Uncommon trap: trap_request=0xffffffde fr.pc=0x00007fe33198dc34
Event: 11,624 Thread 0x00007fe340373000 DEOPT PACKING pc=0x00007fe33198dc34 sp=0x00007fe320131cb0
Event: 11,624 Thread 0x00007fe340373000 DEOPT UNPACKING pc=0x00007fe331004f69 sp=0x00007fe320131c78 mode 2
Event: 11,624 Thread 0x00007fe340373000 Uncommon trap: trap_request=0xffffffde fr.pc=0x00007fe33198dc34
Event: 11,624 Thread 0x00007fe340373000 DEOPT PACKING pc=0x00007fe33198dc34 sp=0x00007fe320131c60
Event: 11,624 Thread 0x00007fe340373000 DEOPT UNPACKING pc=0x00007fe331004f69 sp=0x00007fe320131c28 mode 2
Event: 11,624 Thread 0x00007fe340373000 Uncommon trap: trap_request=0xffffffde fr.pc=0x00007fe33198dc34
Event: 11,624 Thread 0x00007fe340373000 DEOPT PACKING pc=0x00007fe33198dc34 sp=0x00007fe320131c60
Event: 11,624 Thread 0x00007fe340373000 DEOPT UNPACKING pc=0x00007fe331004f69 sp=0x00007fe320131c28 mode 2


Dynamic libraries:
00400000-00401000 r-xp 00000000 08:07 267404                             /usr/lib/jvm/jdk1.8.0_25/jre/bin/java
00600000-00601000 rw-p 00000000 08:07 267404                             /usr/lib/jvm/jdk1.8.0_25/jre/bin/java
01ff2000-02013000 rw-p 00000000 00:00 0                                  [heap]
c4200000-c5e80000 rw-p 00000000 00:00 0 
c5e80000-ec100000 ---p 00000000 00:00 0 
ec100000-ee880000 rw-p 00000000 00:00 0 
ee880000-100000000 ---p 00000000 00:00 0 
100000000-100340000 rw-p 00000000 00:00 0 
100340000-140000000 ---p 00000000 00:00 0 
7fe2c8000000-7fe2c8021000 rw-p 00000000 00:00 0 
7fe2c8021000-7fe2cc000000 ---p 00000000 00:00 0 
7fe2cc000000-7fe2cc021000 rw-p 00000000 00:00 0 
7fe2cc021000-7fe2d0000000 ---p 00000000 00:00 0 
7fe2d2d0b000-7fe2d2d13000 rw-s 00000000 00:04 60462                      /drm mm object (deleted)
7fe2d2d13000-7fe2d2dbd000 r--p 00000000 08:07 1968774                    /usr/share/fonts/truetype/dejavu/DejaVuSans-Bold.ttf
7fe2d2dbd000-7fe2d2f7d000 rw-p 00000000 00:00 0 
7fe2d2f7d000-7fe2d2fbd000 ---p 00000000 00:00 0 
7fe2d2fbd000-7fe2d31bd000 rw-p 00000000 00:00 0 
7fe2d31bd000-7fe2d31c5000 rw-s 00000000 00:04 57151                      /drm mm object (deleted)
7fe2d31c5000-7fe2d3225000 rw-s 1011f3000 00:05 460                       /dev/dri/card0
7fe2d3225000-7fe2d33e5000 rw-s 00000000 00:04 60420                      /drm mm object (deleted)
7fe2d33e5000-7fe2d35e5000 rw-p 00000000 00:00 0 
7fe2d35e5000-7fe2d35e8000 ---p 00000000 00:00 0 
7fe2d35e8000-7fe2d36e6000 rw-p 00000000 00:00 0                          [stack:6334]
7fe2d36e6000-7fe2d379c000 r--p 00000000 08:07 1968775                    /usr/share/fonts/truetype/dejavu/DejaVuSans.ttf
7fe2d379c000-7fe2d37f1000 r--p 00000000 08:07 133747                     /usr/lib/jvm/jdk1.8.0_25/jre/lib/fonts/LucidaBrightRegular.ttf
7fe2d37f1000-7fe2d37f5000 r-xp 00000000 08:07 2495494                    /usr/lib/jvm/jdk1.8.0_25/jre/lib/amd64/libjavafx_font_pango.so
7fe2d37f5000-7fe2d39f4000 ---p 00004000 08:07 2495494                    /usr/lib/jvm/jdk1.8.0_25/jre/lib/amd64/libjavafx_font_pango.so
7fe2d39f4000-7fe2d39f5000 r--p 00003000 08:07 2495494                    /usr/lib/jvm/jdk1.8.0_25/jre/lib/amd64/libjavafx_font_pango.so
7fe2d39f5000-7fe2d39f6000 rw-p 00004000 08:07 2495494                    /usr/lib/jvm/jdk1.8.0_25/jre/lib/amd64/libjavafx_font_pango.so
7fe2d39f6000-7fe2d3bf6000 rw-p 00000000 00:00 0 
7fe2d3bf6000-7fe2d3bfb000 r-xp 00000000 08:07 2495444                    /usr/lib/jvm/jdk1.8.0_25/jre/lib/amd64/libjavafx_font_freetype.so
7fe2d3bfb000-7fe2d3dfa000 ---p 00005000 08:07 2495444                    /usr/lib/jvm/jdk1.8.0_25/jre/lib/amd64/libjavafx_font_freetype.so
7fe2d3dfa000-7fe2d3dfb000 r--p 00004000 08:07 2495444                    /usr/lib/jvm/jdk1.8.0_25/jre/lib/amd64/libjavafx_font_freetype.so
7fe2d3dfb000-7fe2d3dfc000 rw-p 00005000 08:07 2495444                    /usr/lib/jvm/jdk1.8.0_25/jre/lib/amd64/libjavafx_font_freetype.so
7fe2d3dfc000-7fe2d3dff000 r-xp 00000000 08:07 2495448                    /usr/lib/jvm/jdk1.8.0_25/jre/lib/amd64/libjavafx_font.so
7fe2d3dff000-7fe2d3ffe000 ---p 00003000 08:07 2495448                    /usr/lib/jvm/jdk1.8.0_25/jre/lib/amd64/libjavafx_font.so
7fe2d3ffe000-7fe2d3fff000 r--p 00002000 08:07 2495448                    /usr/lib/jvm/jdk1.8.0_25/jre/lib/amd64/libjavafx_font.so
7fe2d3fff000-7fe2d4000000 rw-p 00003000 08:07 2495448                    /usr/lib/jvm/jdk1.8.0_25/jre/lib/amd64/libjavafx_font.so
7fe2d4000000-7fe2d4022000 rw-p 00000000 00:00 0 
7fe2d4022000-7fe2d8000000 ---p 00000000 00:00 0 
7fe2d8000000-7fe2d8021000 rw-p 00000000 00:00 0 
7fe2d8021000-7fe2dc000000 ---p 00000000 00:00 0 
7fe2dc000000-7fe2dc021000 rw-p 00000000 00:00 0 
7fe2dc021000-7fe2e0000000 ---p 00000000 00:00 0 
7fe2e0000000-7fe2e084e000 rw-p 00000000 00:00 0 
7fe2e084e000-7fe2e4000000 ---p 00000000 00:00 0 
7fe2e4000000-7fe2e4021000 rw-p 00000000 00:00 0 
7fe2e4021000-7fe2e8000000 ---p 00000000 00:00 0 
7fe2e8003000-7fe2e8011000 rw-s 102324000 00:05 460                       /dev/dri/card0
7fe2e8011000-7fe2e8027000 r-xp 00000000 08:07 2495477                    /usr/lib/jvm/jdk1.8.0_25/jre/lib/amd64/libnet.so
7fe2e8027000-7fe2e8227000 ---p 00016000 08:07 2495477                    /usr/lib/jvm/jdk1.8.0_25/jre/lib/amd64/libnet.so
7fe2e8227000-7fe2e8228000 rw-p 00016000 08:07 2495477                    /usr/lib/jvm/jdk1.8.0_25/jre/lib/amd64/libnet.so
7fe2e8228000-7fe2e8428000 rw-p 00000000 00:00 0 
7fe2e8428000-7fe2e842b000 ---p 00000000 00:00 0 
7fe2e842b000-7fe2e8729000 rw-p 00000000 00:00 0                          [stack:6333]
7fe2e8729000-7fe2e872c000 ---p 00000000 00:00 0 
7fe2e872c000-7fe2e882a000 rw-p 00000000 00:00 0                          [stack:6329]
7fe2e882a000-7fe2e882b000 ---p 00000000 00:00 0 
7fe2e882b000-7fe2e902b000 rw-p 00000000 00:00 0                          [stack:6326]
7fe2e902b000-7fe2e902c000 ---p 00000000 00:00 0 
7fe2e902c000-7fe2e982c000 rw-p 00000000 00:00 0                          [stack:6325]
7fe2e982c000-7fe2e9837000 r-xp 00000000 08:07 1313010                    /usr/lib/x86_64-linux-gnu/gio/modules/libdconfsettings.so
7fe2e9837000-7fe2e9a37000 ---p 0000b000 08:07 1313010                    /usr/lib/x86_64-linux-gnu/gio/modules/libdconfsettings.so
7fe2e9a37000-7fe2e9a38000 r--p 0000b000 08:07 1313010                    /usr/lib/x86_64-linux-gnu/gio/modules/libdconfsettings.so
7fe2e9a38000-7fe2e9a39000 rw-p 0000c000 08:07 1313010                    /usr/lib/x86_64-linux-gnu/gio/modules/libdconfsettings.so
7fe2e9a39000-7fe2e9a52000 r-xp 00000000 08:07 1313014                    /usr/lib/x86_64-linux-gnu/gio/modules/libgioremote-volume-monitor.so
7fe2e9a52000-7fe2e9c52000 ---p 00019000 08:07 1313014                    /usr/lib/x86_64-linux-gnu/gio/modules/libgioremote-volume-monitor.so
7fe2e9c52000-7fe2e9c55000 r--p 00019000 08:07 1313014                    /usr/lib/x86_64-linux-gnu/gio/modules/libgioremote-volume-monitor.so
7fe2e9c55000-7fe2e9c56000 rw-p 0001c000 08:07 1313014                    /usr/lib/x86_64-linux-gnu/gio/modules/libgioremote-volume-monitor.so
7fe2e9c56000-7fe2e9c8a000 r-xp 00000000 08:07 1313315                    /usr/lib/x86_64-linux-gnu/gvfs/libgvfscommon.so
7fe2e9c8a000-7fe2e9e8a000 ---p 00034000 08:07 1313315                    /usr/lib/x86_64-linux-gnu/gvfs/libgvfscommon.so
7fe2e9e8a000-7fe2e9e8f000 r--p 00034000 08:07 1313315                    /usr/lib/x86_64-linux-gnu/gvfs/libgvfscommon.so
7fe2e9e8f000-7fe2e9e90000 rw-p 00039000 08:07 1313315                    /usr/lib/x86_64-linux-gnu/gvfs/libgvfscommon.so
7fe2e9e90000-7fe2e9ebf000 r-xp 00000000 08:07 1313015                    /usr/lib/x86_64-linux-gnu/gio/modules/libgvfsdbus.so
7fe2e9ebf000-7fe2ea0bf000 ---p 0002f000 08:07 1313015                    /usr/lib/x86_64-linux-gnu/gio/modules/libgvfsdbus.so
7fe2ea0bf000-7fe2ea0c0000 r--p 0002f000 08:07 1313015                    /usr/lib/x86_64-linux-gnu/gio/modules/libgvfsdbus.so
7fe2ea0c0000-7fe2ea0c1000 rw-p 00030000 08:07 1313015                    /usr/lib/x86_64-linux-gnu/gio/modules/libgvfsdbus.so
7fe2ea0c1000-7fe2ea0c2000 rw-p 00000000 00:00 0 
7fe2ea0c2000-7fe2ea0c9000 r-xp 00000000 08:07 1058871                    /usr/lib/x86_64-linux-gnu/libogg.so.0.8.1
7fe2ea0c9000-7fe2ea2c9000 ---p 00007000 08:07 1058871                    /usr/lib/x86_64-linux-gnu/libogg.so.0.8.1
7fe2ea2c9000-7fe2ea2ca000 r--p 00007000 08:07 1058871                    /usr/lib/x86_64-linux-gnu/libogg.so.0.8.1
7fe2ea2ca000-7fe2ea2cb000 rw-p 00008000 08:07 1058871                    /usr/lib/x86_64-linux-gnu/libogg.so.0.8.1
7fe2ea2cb000-7fe2ea2f7000 r-xp 00000000 08:07 1059149                    /usr/lib/x86_64-linux-gnu/libvorbis.so.0.4.5
7fe2ea2f7000-7fe2ea4f6000 ---p 0002c000 08:07 1059149                    /usr/lib/x86_64-linux-gnu/libvorbis.so.0.4.5
7fe2ea4f6000-7fe2ea4f7000 r--p 0002b000 08:07 1059149                    /usr/lib/x86_64-linux-gnu/libvorbis.so.0.4.5
7fe2ea4f7000-7fe2ea4f8000 rw-p 0002c000 08:07 1059149                    /usr/lib/x86_64-linux-gnu/libvorbis.so.0.4.5
7fe2ea4f8000-7fe2ea501000 r-xp 00000000 08:07 1058777                    /usr/lib/x86_64-linux-gnu/libltdl.so.7.3.0
7fe2ea501000-7fe2ea700000 ---p 00009000 08:07 1058777                    /usr/lib/x86_64-linux-gnu/libltdl.so.7.3.0
7fe2ea700000-7fe2ea701000 r--p 00008000 08:07 1058777                    /usr/lib/x86_64-linux-gnu/libltdl.so.7.3.0
7fe2ea701000-7fe2ea702000 rw-p 00009000 08:07 1058777                    /usr/lib/x86_64-linux-gnu/libltdl.so.7.3.0
7fe2ea702000-7fe2ea713000 r-xp 00000000 08:07 1059068                    /usr/lib/x86_64-linux-gnu/libtdb.so.1.2.12
7fe2ea713000-7fe2ea912000 ---p 00011000 08:07 1059068                    /usr/lib/x86_64-linux-gnu/libtdb.so.1.2.12
7fe2ea912000-7fe2ea913000 r--p 00010000 08:07 1059068                    /usr/lib/x86_64-linux-gnu/libtdb.so.1.2.12
7fe2ea913000-7fe2ea914000 rw-p 00011000 08:07 1059068                    /usr/lib/x86_64-linux-gnu/libtdb.so.1.2.12
7fe2ea914000-7fe2ea91b000 r-xp 00000000 08:07 1059153                    /usr/lib/x86_64-linux-gnu/libvorbisfile.so.3.3.4
7fe2ea91b000-7fe2eab1a000 ---p 00007000 08:07 1059153                    /usr/lib/x86_64-linux-gnu/libvorbisfile.so.3.3.4
7fe2eab1a000-7fe2eab1b000 r--p 00006000 08:07 1059153                    /usr/lib/x86_64-linux-gnu/libvorbisfile.so.3.3.4
7fe2eab1b000-7fe2eab1c000 rw-p 00007000 08:07 1059153                    /usr/lib/x86_64-linux-gnu/libvorbisfile.so.3.3.4
7fe2eab1c000-7fe2eab2b000 r-xp 00000000 08:07 1058291                    /usr/lib/x86_64-linux-gnu/libcanberra.so.0.2.5
7fe2eab2b000-7fe2ead2a000 ---p 0000f000 08:07 1058291                    /usr/lib/x86_64-linux-gnu/libcanberra.so.0.2.5
7fe2ead2a000-7fe2ead2b000 r--p 0000e000 08:07 1058291                    /usr/lib/x86_64-linux-gnu/libcanberra.so.0.2.5
7fe2ead2b000-7fe2ead2c000 rw-p 0000f000 08:07 1058291                    /usr/lib/x86_64-linux-gnu/libcanberra.so.0.2.5
7fe2ead2c000-7fe2ead30000 r-xp 00000000 08:07 1058287                    /usr/lib/x86_64-linux-gnu/libcanberra-gtk.so.0.1.9
7fe2ead30000-7fe2eaf2f000 ---p 00004000 08:07 1058287                    /usr/lib/x86_64-linux-gnu/libcanberra-gtk.so.0.1.9
7fe2eaf2f000-7fe2eaf30000 r--p 00003000 08:07 1058287                    /usr/lib/x86_64-linux-gnu/libcanberra-gtk.so.0.1.9
7fe2eaf30000-7fe2eaf31000 rw-p 00004000 08:07 1058287                    /usr/lib/x86_64-linux-gnu/libcanberra-gtk.so.0.1.9
7fe2eaf31000-7fe2eaf36000 r-xp 00000000 08:07 1313265                    /usr/lib/x86_64-linux-gnu/gtk-2.0/modules/libcanberra-gtk-module.so
7fe2eaf36000-7fe2eb135000 ---p 00005000 08:07 1313265                    /usr/lib/x86_64-linux-gnu/gtk-2.0/modules/libcanberra-gtk-module.so
7fe2eb135000-7fe2eb136000 r--p 00004000 08:07 1313265                    /usr/lib/x86_64-linux-gnu/gtk-2.0/modules/libcanberra-gtk-module.so
7fe2eb136000-7fe2eb137000 rw-p 00005000 08:07 1313265                    /usr/lib/x86_64-linux-gnu/gtk-2.0/modules/libcanberra-gtk-module.so
7fe2eb137000-7fe2eb166000 r-xp 00000000 08:07 1313247                    /usr/lib/x86_64-linux-gnu/gtk-2.0/2.10.0/engines/libmurrine.so
7fe2eb166000-7fe2eb366000 ---p 0002f000 08:07 1313247                    /usr/lib/x86_64-linux-gnu/gtk-2.0/2.10.0/engines/libmurrine.so
7fe2eb366000-7fe2eb367000 r--p 0002f000 08:07 1313247                    /usr/lib/x86_64-linux-gnu/gtk-2.0/2.10.0/engines/libmurrine.so
7fe2eb367000-7fe2eb368000 rw-p 00030000 08:07 1313247                    /usr/lib/x86_64-linux-gnu/gtk-2.0/2.10.0/engines/libmurrine.so
7fe2eb368000-7fe2eb378000 r-xp 00000000 08:07 1059117                    /usr/lib/x86_64-linux-gnu/libunity-gtk2-parser.so.0.0.0
7fe2eb378000-7fe2eb577000 ---p 00010000 08:07 1059117                    /usr/lib/x86_64-linux-gnu/libunity-gtk2-parser.so.0.0.0
7fe2eb577000-7fe2eb578000 r--p 0000f000 08:07 1059117                    /usr/lib/x86_64-linux-gnu/libunity-gtk2-parser.so.0.0.0
7fe2eb578000-7fe2eb579000 rw-p 00010000 08:07 1059117                    /usr/lib/x86_64-linux-gnu/libunity-gtk2-parser.so.0.0.0
7fe2eb579000-7fe2eb57e000 r-xp 00000000 08:07 1313269                    /usr/lib/x86_64-linux-gnu/gtk-2.0/modules/libunity-gtk-module.so
7fe2eb57e000-7fe2eb77d000 ---p 00005000 08:07 1313269                    /usr/lib/x86_64-linux-gnu/gtk-2.0/modules/libunity-gtk-module.so
7fe2eb77d000-7fe2eb77e000 r--p 00004000 08:07 1313269                    /usr/lib/x86_64-linux-gnu/gtk-2.0/modules/libunity-gtk-module.so
7fe2eb77e000-7fe2eb77f000 rw-p 00005000 08:07 1313269                    /usr/lib/x86_64-linux-gnu/gtk-2.0/modules/libunity-gtk-module.so
7fe2eb77f000-7fe2eb790000 r-xp 00000000 08:07 1313268                    /usr/lib/x86_64-linux-gnu/gtk-2.0/modules/liboverlay-scrollbar.so
7fe2eb790000-7fe2eb98f000 ---p 00011000 08:07 1313268                    /usr/lib/x86_64-linux-gnu/gtk-2.0/modules/liboverlay-scrollbar.so
7fe2eb98f000-7fe2eb990000 r--p 00010000 08:07 1313268                    /usr/lib/x86_64-linux-gnu/gtk-2.0/modules/liboverlay-scrollbar.so
7fe2eb990000-7fe2eb991000 rw-p 00011000 08:07 1313268                    /usr/lib/x86_64-linux-gnu/gtk-2.0/modules/liboverlay-scrollbar.so
7fe2eb991000-7fe2eb9bb000 r-xp 00000000 08:07 2495453                    /usr/lib/jvm/jdk1.8.0_25/jre/lib/amd64/libglass.so
7fe2eb9bb000-7fe2ebbbb000 ---p 0002a000 08:07 2495453                    /usr/lib/jvm/jdk1.8.0_25/jre/lib/amd64/libglass.so
7fe2ebbbb000-7fe2ebbbd000 r--p 0002a000 08:07 2495453                    /usr/lib/jvm/jdk1.8.0_25/jre/lib/amd64/libglass.so
7fe2ebbbd000-7fe2ebbbe000 rw-p 0002c000 08:07 2495453                    /usr/lib/jvm/jdk1.8.0_25/jre/lib/amd64/libglass.so
7fe2ebbbe000-7fe2ebbbf000 rw-p 00000000 00:00 0 
7fe2ebbbf000-7fe2ebbf6000 r-xp 00000000 08:07 1059100                    /usr/lib/x86_64-linux-gnu/libtxc_dxtn_s2tc.so.0.0.0
7fe2ebbf6000-7fe2ebdf5000 ---p 00037000 08:07 1059100                    /usr/lib/x86_64-linux-gnu/libtxc_dxtn_s2tc.so.0.0.0
7fe2ebdf5000-7fe2ebdf6000 r--p 00036000 08:07 1059100                    /usr/lib/x86_64-linux-gnu/libtxc_dxtn_s2tc.so.0.0.0
7fe2ebdf6000-7fe2ebdf7000 rw-p 00037000 08:07 1059100                    /usr/lib/x86_64-linux-gnu/libtxc_dxtn_s2tc.so.0.0.0
7fe2ebdf7000-7fe2ebdff000 r-xp 00000000 08:07 1058903                    /usr/lib/x86_64-linux-gnu/libpciaccess.so.0.11.1
7fe2ebdff000-7fe2ebffe000 ---p 00008000 08:07 1058903                    /usr/lib/x86_64-linux-gnu/libpciaccess.so.0.11.1
7fe2ebffe000-7fe2ebfff000 r--p 00007000 08:07 1058903                    /usr/lib/x86_64-linux-gnu/libpciaccess.so.0.11.1
7fe2ebfff000-7fe2ec000000 rw-p 00008000 08:07 1058903                    /usr/lib/x86_64-linux-gnu/libpciaccess.so.0.11.1
7fe2ec000000-7fe2eddc0000 rw-p 00000000 00:00 0 
7fe2eddc0000-7fe2f0000000 ---p 00000000 00:00 0 
7fe2f0000000-7fe2f0007000 r--s 00000000 08:07 1312917                    /usr/lib/x86_64-linux-gnu/gconv/gconv-modules.cache
7fe2f0007000-7fe2f00b2000 r--p 00000000 08:07 133749                     /usr/lib/jvm/jdk1.8.0_25/jre/lib/fonts/LucidaSansRegular.ttf
7fe2f00b2000-7fe2f00be000 r-xp 00000000 08:07 1058400                    /usr/lib/x86_64-linux-gnu/libdrm_radeon.so.1.0.1
7fe2f00be000-7fe2f02bd000 ---p 0000c000 08:07 1058400                    /usr/lib/x86_64-linux-gnu/libdrm_radeon.so.1.0.1
7fe2f02bd000-7fe2f02be000 r--p 0000b000 08:07 1058400                    /usr/lib/x86_64-linux-gnu/libdrm_radeon.so.1.0.1
7fe2f02be000-7fe2f02bf000 rw-p 0000c000 08:07 1058400                    /usr/lib/x86_64-linux-gnu/libdrm_radeon.so.1.0.1
7fe2f02bf000-7fe2f02c4000 r-xp 00000000 08:07 1058398                    /usr/lib/x86_64-linux-gnu/libdrm_nouveau.so.2.0.0
7fe2f02c4000-7fe2f04c3000 ---p 00005000 08:07 1058398                    /usr/lib/x86_64-linux-gnu/libdrm_nouveau.so.2.0.0
7fe2f04c3000-7fe2f04c4000 r--p 00004000 08:07 1058398                    /usr/lib/x86_64-linux-gnu/libdrm_nouveau.so.2.0.0
7fe2f04c4000-7fe2f04c5000 rw-p 00005000 08:07 1058398                    /usr/lib/x86_64-linux-gnu/libdrm_nouveau.so.2.0.0
7fe2f04c5000-7fe2f04e4000 r-xp 00000000 08:07 1058396                    /usr/lib/x86_64-linux-gnu/libdrm_intel.so.1.0.0
7fe2f04e4000-7fe2f06e3000 ---p 0001f000 08:07 1058396                    /usr/lib/x86_64-linux-gnu/libdrm_intel.so.1.0.0
7fe2f06e3000-7fe2f06e4000 r--p 0001e000 08:07 1058396                    /usr/lib/x86_64-linux-gnu/libdrm_intel.so.1.0.0
7fe2f06e4000-7fe2f06e5000 rw-p 0001f000 08:07 1058396                    /usr/lib/x86_64-linux-gnu/libdrm_intel.so.1.0.0
7fe2f06e5000-7fe2f0bd2000 r-xp 00000000 08:07 1312344                    /usr/lib/x86_64-linux-gnu/dri/i965_dri.so
7fe2f0bd2000-7fe2f0dd2000 ---p 004ed000 08:07 1312344                    /usr/lib/x86_64-linux-gnu/dri/i965_dri.so
7fe2f0dd2000-7fe2f0de9000 r--p 004ed000 08:07 1312344                    /usr/lib/x86_64-linux-gnu/dri/i965_dri.so
7fe2f0de9000-7fe2f0df5000 rw-p 00504000 08:07 1312344                    /usr/lib/x86_64-linux-gnu/dri/i965_dri.so
7fe2f0df5000-7fe2f0e41000 rw-p 00000000 00:00 0 
7fe2f0e41000-7fe2f0e85000 r-xp 00000000 08:07 1708082                    /lib/x86_64-linux-gnu/libdbus-1.so.3.7.6
7fe2f0e85000-7fe2f1084000 ---p 00044000 08:07 1708082                    /lib/x86_64-linux-gnu/libdbus-1.so.3.7.6
7fe2f1084000-7fe2f1085000 r--p 00043000 08:07 1708082                    /lib/x86_64-linux-gnu/libdbus-1.so.3.7.6
7fe2f1085000-7fe2f1086000 rw-p 00044000 08:07 1708082                    /lib/x86_64-linux-gnu/libdbus-1.so.3.7.6
7fe2f1086000-7fe2f108e000 r-xp 00000000 08:07 1708130                    /lib/x86_64-linux-gnu/libnih-dbus.so.1.0.0
7fe2f108e000-7fe2f128e000 ---p 00008000 08:07 1708130                    /lib/x86_64-linux-gnu/libnih-dbus.so.1.0.0
7fe2f128e000-7fe2f128f000 r--p 00008000 08:07 1708130                    /lib/x86_64-linux-gnu/libnih-dbus.so.1.0.0
7fe2f128f000-7fe2f1290000 rw-p 00009000 08:07 1708130                    /lib/x86_64-linux-gnu/libnih-dbus.so.1.0.0
7fe2f1290000-7fe2f12a7000 r-xp 00000000 08:07 1708132                    /lib/x86_64-linux-gnu/libnih.so.1.0.0
7fe2f12a7000-7fe2f14a6000 ---p 00017000 08:07 1708132                    /lib/x86_64-linux-gnu/libnih.so.1.0.0
7fe2f14a6000-7fe2f14a7000 r--p 00016000 08:07 1708132                    /lib/x86_64-linux-gnu/libnih.so.1.0.0
7fe2f14a7000-7fe2f14a8000 rw-p 00017000 08:07 1708132                    /lib/x86_64-linux-gnu/libnih.so.1.0.0
7fe2f14a8000-7fe2f14c0000 r-xp 00000000 08:07 1708073                    /lib/x86_64-linux-gnu/libcgmanager.so.0.0.0
7fe2f14c0000-7fe2f16bf000 ---p 00018000 08:07 1708073                    /lib/x86_64-linux-gnu/libcgmanager.so.0.0.0
7fe2f16bf000-7fe2f16c1000 r--p 00017000 08:07 1708073                    /lib/x86_64-linux-gnu/libcgmanager.so.0.0.0
7fe2f16c1000-7fe2f16c2000 rw-p 00019000 08:07 1708073                    /lib/x86_64-linux-gnu/libcgmanager.so.0.0.0
7fe2f16c2000-7fe2f16d2000 r-xp 00000000 08:07 1708216                    /lib/x86_64-linux-gnu/libudev.so.1.3.5
7fe2f16d2000-7fe2f18d1000 ---p 00010000 08:07 1708216                    /lib/x86_64-linux-gnu/libudev.so.1.3.5
7fe2f18d1000-7fe2f18d2000 r--p 0000f000 08:07 1708216                    /lib/x86_64-linux-gnu/libudev.so.1.3.5
7fe2f18d2000-7fe2f18d3000 rw-p 00010000 08:07 1708216                    /lib/x86_64-linux-gnu/libudev.so.1.3.5
7fe2f18d3000-7fe2f18d9000 r-xp 00000000 08:07 1058355                    /usr/lib/x86_64-linux-gnu/libdatrie.so.1.3.1
7fe2f18d9000-7fe2f1ad8000 ---p 00006000 08:07 1058355                    /usr/lib/x86_64-linux-gnu/libdatrie.so.1.3.1
7fe2f1ad8000-7fe2f1ad9000 r--p 00005000 08:07 1058355                    /usr/lib/x86_64-linux-gnu/libdatrie.so.1.3.1
7fe2f1ad9000-7fe2f1ada000 rw-p 00006000 08:07 1058355                    /usr/lib/x86_64-linux-gnu/libdatrie.so.1.3.1
7fe2f1ada000-7fe2f1adf000 r-xp 00000000 08:07 1058163                    /usr/lib/x86_64-linux-gnu/libXdmcp.so.6.0.0
7fe2f1adf000-7fe2f1cde000 ---p 00005000 08:07 1058163                    /usr/lib/x86_64-linux-gnu/libXdmcp.so.6.0.0
7fe2f1cde000-7fe2f1cdf000 r--p 00004000 08:07 1058163                    /usr/lib/x86_64-linux-gnu/libXdmcp.so.6.0.0
7fe2f1cdf000-7fe2f1ce0000 rw-p 00005000 08:07 1058163                    /usr/lib/x86_64-linux-gnu/libXdmcp.so.6.0.0
7fe2f1ce0000-7fe2f1ce2000 r-xp 00000000 08:07 1058152                    /usr/lib/x86_64-linux-gnu/libXau.so.6.0.0
7fe2f1ce2000-7fe2f1ee2000 ---p 00002000 08:07 1058152                    /usr/lib/x86_64-linux-gnu/libXau.so.6.0.0
7fe2f1ee2000-7fe2f1ee3000 r--p 00002000 08:07 1058152                    /usr/lib/x86_64-linux-gnu/libXau.so.6.0.0
7fe2f1ee3000-7fe2f1ee4000 rw-p 00003000 08:07 1058152                    /usr/lib/x86_64-linux-gnu/libXau.so.6.0.0
7fe2f1ee4000-7fe2f1efe000 r-xp 00000000 08:07 1058581                    /usr/lib/x86_64-linux-gnu/libgraphite2.so.3.0.1
7fe2f1efe000-7fe2f20fd000 ---p 0001a000 08:07 1058581                    /usr/lib/x86_64-linux-gnu/libgraphite2.so.3.0.1
7fe2f20fd000-7fe2f20ff000 r--p 00019000 08:07 1058581                    /usr/lib/x86_64-linux-gnu/libgraphite2.so.3.0.1
7fe2f20ff000-7fe2f2100000 rw-p 0001b000 08:07 1058581                    /usr/lib/x86_64-linux-gnu/libgraphite2.so.3.0.1
7fe2f2100000-7fe2f210b000 r-xp 00000000 08:07 1058394                    /usr/lib/x86_64-linux-gnu/libdrm.so.2.4.0
7fe2f210b000-7fe2f230a000 ---p 0000b000 08:07 1058394                    /usr/lib/x86_64-linux-gnu/libdrm.so.2.4.0
7fe2f230a000-7fe2f230b000 r--p 0000a000 08:07 1058394                    /usr/lib/x86_64-linux-gnu/libdrm.so.2.4.0
7fe2f230b000-7fe2f230c000 rw-p 0000b000 08:07 1058394                    /usr/lib/x86_64-linux-gnu/libdrm.so.2.4.0
7fe2f230c000-7fe2f230d000 r-xp 00000000 08:07 1059228                    /usr/lib/x86_64-linux-gnu/libxshmfence.so.1.0.0
7fe2f230d000-7fe2f250c000 ---p 00001000 08:07 1059228                    /usr/lib/x86_64-linux-gnu/libxshmfence.so.1.0.0
7fe2f250c000-7fe2f250d000 r--p 00000000 08:07 1059228                    /usr/lib/x86_64-linux-gnu/libxshmfence.so.1.0.0
7fe2f250d000-7fe2f250e000 rw-p 00001000 08:07 1059228                    /usr/lib/x86_64-linux-gnu/libxshmfence.so.1.0.0
7fe2f250e000-7fe2f2513000 r-xp 00000000 08:07 1059212                    /usr/lib/x86_64-linux-gnu/libxcb-sync.so.1.0.0
7fe2f2513000-7fe2f2712000 ---p 00005000 08:07 1059212                    /usr/lib/x86_64-linux-gnu/libxcb-sync.so.1.0.0
7fe2f2712000-7fe2f2713000 r--p 00004000 08:07 1059212                    /usr/lib/x86_64-linux-gnu/libxcb-sync.so.1.0.0
7fe2f2713000-7fe2f2714000 rw-p 00005000 08:07 1059212                    /usr/lib/x86_64-linux-gnu/libxcb-sync.so.1.0.0
7fe2f2714000-7fe2f2716000 r-xp 00000000 08:07 1059200                    /usr/lib/x86_64-linux-gnu/libxcb-present.so.0.0.0
7fe2f2716000-7fe2f2915000 ---p 00002000 08:07 1059200                    /usr/lib/x86_64-linux-gnu/libxcb-present.so.0.0.0
7fe2f2915000-7fe2f2916000 r--p 00001000 08:07 1059200                    /usr/lib/x86_64-linux-gnu/libxcb-present.so.0.0.0
7fe2f2916000-7fe2f2917000 rw-p 00002000 08:07 1059200                    /usr/lib/x86_64-linux-gnu/libxcb-present.so.0.0.0
7fe2f2917000-7fe2f2919000 r-xp 00000000 08:07 1059192                    /usr/lib/x86_64-linux-gnu/libxcb-dri3.so.0.0.0
7fe2f2919000-7fe2f2b18000 ---p 00002000 08:07 1059192                    /usr/lib/x86_64-linux-gnu/libxcb-dri3.so.0.0.0
7fe2f2b18000-7fe2f2b19000 r--p 00001000 08:07 1059192                    /usr/lib/x86_64-linux-gnu/libxcb-dri3.so.0.0.0
7fe2f2b19000-7fe2f2b1a000 rw-p 00002000 08:07 1059192                    /usr/lib/x86_64-linux-gnu/libxcb-dri3.so.0.0.0
7fe2f2b1a000-7fe2f2b1d000 r-xp 00000000 08:07 1059190                    /usr/lib/x86_64-linux-gnu/libxcb-dri2.so.0.0.0
7fe2f2b1d000-7fe2f2d1d000 ---p 00003000 08:07 1059190                    /usr/lib/x86_64-linux-gnu/libxcb-dri2.so.0.0.0
7fe2f2d1d000-7fe2f2d1e000 r--p 00003000 08:07 1059190                    /usr/lib/x86_64-linux-gnu/libxcb-dri2.so.0.0.0
7fe2f2d1e000-7fe2f2d1f000 rw-p 00004000 08:07 1059190                    /usr/lib/x86_64-linux-gnu/libxcb-dri2.so.0.0.0
7fe2f2d1f000-7fe2f2d34000 r-xp 00000000 08:07 1059194                    /usr/lib/x86_64-linux-gnu/libxcb-glx.so.0.0.0
7fe2f2d34000-7fe2f2f33000 ---p 00015000 08:07 1059194                    /usr/lib/x86_64-linux-gnu/libxcb-glx.so.0.0.0
7fe2f2f33000-7fe2f2f35000 r--p 00014000 08:07 1059194                    /usr/lib/x86_64-linux-gnu/libxcb-glx.so.0.0.0
7fe2f2f35000-7fe2f2f36000 rw-p 00016000 08:07 1059194                    /usr/lib/x86_64-linux-gnu/libxcb-glx.so.0.0.0
7fe2f2f36000-7fe2f2f37000 r-xp 00000000 08:07 1058146                    /usr/lib/x86_64-linux-gnu/libX11-xcb.so.1.0.0
7fe2f2f37000-7fe2f3136000 ---p 00001000 08:07 1058146                    /usr/lib/x86_64-linux-gnu/libX11-xcb.so.1.0.0
7fe2f3136000-7fe2f3137000 r--p 00000000 08:07 1058146                    /usr/lib/x86_64-linux-gnu/libX11-xcb.so.1.0.0
7fe2f3137000-7fe2f3138000 rw-p 00001000 08:07 1058146                    /usr/lib/x86_64-linux-gnu/libX11-xcb.so.1.0.0
7fe2f3138000-7fe2f315a000 r-xp 00000000 08:07 1058539                    /usr/lib/x86_64-linux-gnu/libglapi.so.0.0.0
7fe2f315a000-7fe2f335a000 ---p 00022000 08:07 1058539                    /usr/lib/x86_64-linux-gnu/libglapi.so.0.0.0
7fe2f335a000-7fe2f335d000 r--p 00022000 08:07 1058539                    /usr/lib/x86_64-linux-gnu/libglapi.so.0.0.0
7fe2f335d000-7fe2f335e000 rw-p 00025000 08:07 1058539                    /usr/lib/x86_64-linux-gnu/libglapi.so.0.0.0
7fe2f335e000-7fe2f335f000 rw-p 00000000 00:00 0 
7fe2f335f000-7fe2f339c000 r-xp 00000000 08:07 1708171                    /lib/x86_64-linux-gnu/libpcre.so.3.13.1
7fe2f339c000-7fe2f359b000 ---p 0003d000 08:07 1708171                    /lib/x86_64-linux-gnu/libpcre.so.3.13.1
7fe2f359b000-7fe2f359c000 r--p 0003c000 08:07 1708171                    /lib/x86_64-linux-gnu/libpcre.so.3.13.1
7fe2f359c000-7fe2f359d000 rw-p 0003d000 08:07 1708171                    /lib/x86_64-linux-gnu/libpcre.so.3.13.1
7fe2f359d000-7fe2f35a4000 r-xp 00000000 08:07 1058430                    /usr/lib/x86_64-linux-gnu/libffi.so.6.0.1
7fe2f35a4000-7fe2f37a3000 ---p 00007000 08:07 1058430                    /usr/lib/x86_64-linux-gnu/libffi.so.6.0.1
7fe2f37a3000-7fe2f37a4000 r--p 00006000 08:07 1058430                    /usr/lib/x86_64-linux-gnu/libffi.so.6.0.1
7fe2f37a4000-7fe2f37a5000 rw-p 00007000 08:07 1058430                    /usr/lib/x86_64-linux-gnu/libffi.so.6.0.1
7fe2f37a5000-7fe2f37cc000 r-xp 00000000 08:07 1708090                    /lib/x86_64-linux-gnu/libexpat.so.1.6.0
7fe2f37cc000-7fe2f39cc000 ---p 00027000 08:07 1708090                    /lib/x86_64-linux-gnu/libexpat.so.1.6.0
7fe2f39cc000-7fe2f39ce000 r--p 00027000 08:07 1708090                    /lib/x86_64-linux-gnu/libexpat.so.1.6.0
7fe2f39ce000-7fe2f39cf000 rw-p 00029000 08:07 1708090                    /lib/x86_64-linux-gnu/libexpat.so.1.6.0
7fe2f39cf000-7fe2f39d7000 r-xp 00000000 08:07 1059080                    /usr/lib/x86_64-linux-gnu/libthai.so.0.2.0
7fe2f39d7000-7fe2f3bd6000 ---p 00008000 08:07 1059080                    /usr/lib/x86_64-linux-gnu/libthai.so.0.2.0
7fe2f3bd6000-7fe2f3bd7000 r--p 00007000 08:07 1059080                    /usr/lib/x86_64-linux-gnu/libthai.so.0.2.0
7fe2f3bd7000-7fe2f3bd8000 rw-p 00008000 08:07 1059080                    /usr/lib/x86_64-linux-gnu/libthai.so.0.2.0
7fe2f3bd8000-7fe2f3bf5000 r-xp 00000000 08:07 1059220                    /usr/lib/x86_64-linux-gnu/libxcb.so.1.1.0
7fe2f3bf5000-7fe2f3df5000 ---p 0001d000 08:07 1059220                    /usr/lib/x86_64-linux-gnu/libxcb.so.1.1.0
7fe2f3df5000-7fe2f3df6000 r--p 0001d000 08:07 1059220                    /usr/lib/x86_64-linux-gnu/libxcb.so.1.1.0
7fe2f3df6000-7fe2f3df7000 rw-p 0001e000 08:07 1059220                    /usr/lib/x86_64-linux-gnu/libxcb.so.1.1.0
7fe2f3df7000-7fe2f3dff000 r-xp 00000000 08:07 1059206                    /usr/lib/x86_64-linux-gnu/libxcb-render.so.0.0.0
7fe2f3dff000-7fe2f3ffe000 ---p 00008000 08:07 1059206                    /usr/lib/x86_64-linux-gnu/libxcb-render.so.0.0.0
7fe2f3ffe000-7fe2f3fff000 r--p 00007000 08:07 1059206                    /usr/lib/x86_64-linux-gnu/libxcb-render.so.0.0.0
7fe2f3fff000-7fe2f4000000 rw-p 00008000 08:07 1059206                    /usr/lib/x86_64-linux-gnu/libxcb-render.so.0.0.0
7fe2f4000000-7fe2f4021000 rw-p 00000000 00:00 0 
7fe2f4021000-7fe2f8000000 ---p 00000000 00:00 0 
7fe2f8000000-7fe2f8021000 rw-p 00000000 00:00 0 
7fe2f8021000-7fe2fc000000 ---p 00000000 00:00 0 
7fe2fc000000-7fe2fcb95000 rw-p 00000000 00:00 0 
7fe2fcb95000-7fe300000000 ---p 00000000 00:00 0 
7fe300000000-7fe3007e1000 rw-p 00000000 00:00 0 
7fe3007e1000-7fe304000000 ---p 00000000 00:00 0 
7fe304000000-7fe304021000 rw-p 00000000 00:00 0 
7fe304021000-7fe308000000 ---p 00000000 00:00 0 
7fe308000000-7fe308bc0000 rw-p 00000000 00:00 0 
7fe308bc0000-7fe30c000000 ---p 00000000 00:00 0 
7fe30c000000-7fe30c021000 rw-p 00000000 00:00 0 
7fe30c021000-7fe310000000 ---p 00000000 00:00 0 
7fe310000000-7fe310021000 rw-p 00000000 00:00 0 
7fe310021000-7fe314000000 ---p 00000000 00:00 0 
7fe314000000-7fe314021000 rw-p 00000000 00:00 0 
7fe314021000-7fe318000000 ---p 00000000 00:00 0 
7fe318000000-7fe3180fa000 rw-p 00000000 00:00 0 
7fe3180fa000-7fe31c000000 ---p 00000000 00:00 0 
7fe31c000000-7fe31c021000 rw-p 00000000 00:00 0 
7fe31c021000-7fe320000000 ---p 00000000 00:00 0 
7fe320002000-7fe32000e000 rw-s 00000000 00:04 56313                      /drm mm object (deleted)
7fe32000e000-7fe320021000 r--s 00344000 08:07 2495517                    /usr/lib/jvm/jdk1.8.0_25/jre/lib/resources.jar
7fe320021000-7fe320034000 r--p 00000000 08:07 133751                     /usr/lib/jvm/jdk1.8.0_25/jre/lib/fonts/LucidaBrightDemiBold.ttf
7fe320034000-7fe320037000 ---p 00000000 00:00 0 
7fe320037000-7fe320135000 rw-p 00000000 00:00 0                          [stack:6328]
7fe320135000-7fe320137000 r-xp 00000000 08:07 1059210                    /usr/lib/x86_64-linux-gnu/libxcb-shm.so.0.0.0
7fe320137000-7fe320336000 ---p 00002000 08:07 1059210                    /usr/lib/x86_64-linux-gnu/libxcb-shm.so.0.0.0
7fe320336000-7fe320337000 r--p 00001000 08:07 1059210                    /usr/lib/x86_64-linux-gnu/libxcb-shm.so.0.0.0
7fe320337000-7fe320338000 rw-p 00002000 08:07 1059210                    /usr/lib/x86_64-linux-gnu/libxcb-shm.so.0.0.0
7fe320338000-7fe32035d000 r-xp 00000000 08:07 1708183                    /lib/x86_64-linux-gnu/libpng12.so.0.50.0
7fe32035d000-7fe32055c000 ---p 00025000 08:07 1708183                    /lib/x86_64-linux-gnu/libpng12.so.0.50.0
7fe32055c000-7fe32055d000 r--p 00024000 08:07 1708183                    /lib/x86_64-linux-gnu/libpng12.so.0.50.0
7fe32055d000-7fe32055e000 rw-p 00025000 08:07 1708183                    /lib/x86_64-linux-gnu/libpng12.so.0.50.0
7fe32055e000-7fe3205ff000 r-xp 00000000 08:07 1058910                    /usr/lib/x86_64-linux-gnu/libpixman-1.so.0.30.2
7fe3205ff000-7fe3207ff000 ---p 000a1000 08:07 1058910                    /usr/lib/x86_64-linux-gnu/libpixman-1.so.0.30.2
7fe3207ff000-7fe320806000 r--p 000a1000 08:07 1058910                    /usr/lib/x86_64-linux-gnu/libpixman-1.so.0.30.2
7fe320806000-7fe320807000 rw-p 000a8000 08:07 1058910                    /usr/lib/x86_64-linux-gnu/libpixman-1.so.0.30.2
7fe320807000-7fe32085a000 r-xp 00000000 08:07 1058694                    /usr/lib/x86_64-linux-gnu/libharfbuzz.so.0.927.0
7fe32085a000-7fe320a5a000 ---p 00053000 08:07 1058694                    /usr/lib/x86_64-linux-gnu/libharfbuzz.so.0.927.0
7fe320a5a000-7fe320a5b000 r--p 00053000 08:07 1058694                    /usr/lib/x86_64-linux-gnu/libharfbuzz.so.0.927.0
7fe320a5b000-7fe320a5c000 rw-p 00054000 08:07 1058694                    /usr/lib/x86_64-linux-gnu/libharfbuzz.so.0.927.0
7fe320a5c000-7fe320a73000 r-xp 00000000 08:07 1708194                    /lib/x86_64-linux-gnu/libresolv-2.19.so
7fe320a73000-7fe320c73000 ---p 00017000 08:07 1708194                    /lib/x86_64-linux-gnu/libresolv-2.19.so
7fe320c73000-7fe320c74000 r--p 00017000 08:07 1708194                    /lib/x86_64-linux-gnu/libresolv-2.19.so
7fe320c74000-7fe320c75000 rw-p 00018000 08:07 1708194                    /lib/x86_64-linux-gnu/libresolv-2.19.so
7fe320c75000-7fe320c77000 rw-p 00000000 00:00 0 
7fe320c77000-7fe320c97000 r-xp 00000000 08:07 1708198                    /lib/x86_64-linux-gnu/libselinux.so.1
7fe320c97000-7fe320e96000 ---p 00020000 08:07 1708198                    /lib/x86_64-linux-gnu/libselinux.so.1
7fe320e96000-7fe320e97000 r--p 0001f000 08:07 1708198                    /lib/x86_64-linux-gnu/libselinux.so.1
7fe320e97000-7fe320e98000 rw-p 00020000 08:07 1708198                    /lib/x86_64-linux-gnu/libselinux.so.1
7fe320e98000-7fe320e9a000 rw-p 00000000 00:00 0 
7fe320e9a000-7fe320eb2000 r-xp 00000000 08:07 1708231                    /lib/x86_64-linux-gnu/libz.so.1.2.8
7fe320eb2000-7fe3210b1000 ---p 00018000 08:07 1708231                    /lib/x86_64-linux-gnu/libz.so.1.2.8
7fe3210b1000-7fe3210b2000 r--p 00017000 08:07 1708231                    /lib/x86_64-linux-gnu/libz.so.1.2.8
7fe3210b2000-7fe3210b3000 rw-p 00018000 08:07 1708231                    /lib/x86_64-linux-gnu/libz.so.1.2.8
7fe3210b3000-7fe3210c4000 r-xp 00000000 08:07 1058165                    /usr/lib/x86_64-linux-gnu/libXext.so.6.4.0
7fe3210c4000-7fe3212c3000 ---p 00011000 08:07 1058165                    /usr/lib/x86_64-linux-gnu/libXext.so.6.4.0
7fe3212c3000-7fe3212c4000 r--p 00010000 08:07 1058165                    /usr/lib/x86_64-linux-gnu/libXext.so.6.4.0
7fe3212c4000-7fe3212c5000 rw-p 00011000 08:07 1058165                    /usr/lib/x86_64-linux-gnu/libXext.so.6.4.0
7fe3212c5000-7fe3212c7000 r-xp 00000000 08:07 1058161                    /usr/lib/x86_64-linux-gnu/libXdamage.so.1.1.0
7fe3212c7000-7fe3214c6000 ---p 00002000 08:07 1058161                    /usr/lib/x86_64-linux-gnu/libXdamage.so.1.1.0
7fe3214c6000-7fe3214c7000 r--p 00001000 08:07 1058161                    /usr/lib/x86_64-linux-gnu/libXdamage.so.1.1.0
7fe3214c7000-7fe3214c8000 rw-p 00002000 08:07 1058161                    /usr/lib/x86_64-linux-gnu/libXdamage.so.1.1.0
7fe3214c8000-7fe3214ca000 r-xp 00000000 08:07 1058157                    /usr/lib/x86_64-linux-gnu/libXcomposite.so.1.0.0
7fe3214ca000-7fe3216c9000 ---p 00002000 08:07 1058157                    /usr/lib/x86_64-linux-gnu/libXcomposite.so.1.0.0
7fe3216c9000-7fe3216ca000 r--p 00001000 08:07 1058157                    /usr/lib/x86_64-linux-gnu/libXcomposite.so.1.0.0
7fe3216ca000-7fe3216cb000 rw-p 00002000 08:07 1058157                    /usr/lib/x86_64-linux-gnu/libXcomposite.so.1.0.0
7fe3216cb000-7fe3216d4000 r-xp 00000000 08:07 1058159                    /usr/lib/x86_64-linux-gnu/libXcursor.so.1.0.2
7fe3216d4000-7fe3218d3000 ---p 00009000 08:07 1058159                    /usr/lib/x86_64-linux-gnu/libXcursor.so.1.0.2
7fe3218d3000-7fe3218d4000 r--p 00008000 08:07 1058159                    /usr/lib/x86_64-linux-gnu/libXcursor.so.1.0.2
7fe3218d4000-7fe3218d5000 rw-p 00009000 08:07 1058159                    /usr/lib/x86_64-linux-gnu/libXcursor.so.1.0.2
7fe3218d5000-7fe3218de000 r-xp 00000000 08:07 1058185                    /usr/lib/x86_64-linux-gnu/libXrandr.so.2.2.0
7fe3218de000-7fe321add000 ---p 00009000 08:07 1058185                    /usr/lib/x86_64-linux-gnu/libXrandr.so.2.2.0
7fe321add000-7fe321ade000 r--p 00008000 08:07 1058185                    /usr/lib/x86_64-linux-gnu/libXrandr.so.2.2.0
7fe321ade000-7fe321adf000 rw-p 00009000 08:07 1058185                    /usr/lib/x86_64-linux-gnu/libXrandr.so.2.2.0
7fe321adf000-7fe321aee000 r-xp 00000000 08:07 1058173                    /usr/lib/x86_64-linux-gnu/libXi.so.6.1.0
7fe321aee000-7fe321ced000 ---p 0000f000 08:07 1058173                    /usr/lib/x86_64-linux-gnu/libXi.so.6.1.0
7fe321ced000-7fe321cee000 r--p 0000e000 08:07 1058173                    /usr/lib/x86_64-linux-gnu/libXi.so.6.1.0
7fe321cee000-7fe321cef000 rw-p 0000f000 08:07 1058173                    /usr/lib/x86_64-linux-gnu/libXi.so.6.1.0
7fe321cef000-7fe321cf1000 r-xp 00000000 08:07 1058175                    /usr/lib/x86_64-linux-gnu/libXinerama.so.1.0.0
7fe321cf1000-7fe321ef0000 ---p 00002000 08:07 1058175                    /usr/lib/x86_64-linux-gnu/libXinerama.so.1.0.0
7fe321ef0000-7fe321ef1000 r--p 00001000 08:07 1058175                    /usr/lib/x86_64-linux-gnu/libXinerama.so.1.0.0
7fe321ef1000-7fe321ef2000 rw-p 00002000 08:07 1058175                    /usr/lib/x86_64-linux-gnu/libXinerama.so.1.0.0
7fe321ef2000-7fe321efb000 r-xp 00000000 08:07 1058187                    /usr/lib/x86_64-linux-gnu/libXrender.so.1.3.0
7fe321efb000-7fe3220fa000 ---p 00009000 08:07 1058187                    /usr/lib/x86_64-linux-gnu/libXrender.so.1.3.0
7fe3220fa000-7fe3220fb000 r--p 00008000 08:07 1058187                    /usr/lib/x86_64-linux-gnu/libXrender.so.1.3.0
7fe3220fb000-7fe3220fc000 rw-p 00009000 08:07 1058187                    /usr/lib/x86_64-linux-gnu/libXrender.so.1.3.0
7fe3220fc000-7fe322101000 r-xp 00000000 08:07 1058167                    /usr/lib/x86_64-linux-gnu/libXfixes.so.3.1.0
7fe322101000-7fe322300000 ---p 00005000 08:07 1058167                    /usr/lib/x86_64-linux-gnu/libXfixes.so.3.1.0
7fe322300000-7fe322301000 r--p 00004000 08:07 1058167                    /usr/lib/x86_64-linux-gnu/libXfixes.so.3.1.0
7fe322301000-7fe322302000 rw-p 00005000 08:07 1058167                    /usr/lib/x86_64-linux-gnu/libXfixes.so.3.1.0
7fe322302000-7fe322318000 r-xp 00000000 08:07 1708095                    /lib/x86_64-linux-gnu/libgcc_s.so.1
7fe322318000-7fe322517000 ---p 00016000 08:07 1708095                    /lib/x86_64-linux-gnu/libgcc_s.so.1
7fe322517000-7fe322518000 rw-p 00015000 08:07 1708095                    /lib/x86_64-linux-gnu/libgcc_s.so.1
7fe322518000-7fe3225fe000 r-xp 00000000 08:07 1059058                    /usr/lib/x86_64-linux-gnu/libstdc++.so.6.0.19
7fe3225fe000-7fe3227fd000 ---p 000e6000 08:07 1059058                    /usr/lib/x86_64-linux-gnu/libstdc++.so.6.0.19
7fe3227fd000-7fe322805000 r--p 000e5000 08:07 1059058                    /usr/lib/x86_64-linux-gnu/libstdc++.so.6.0.19
7fe322805000-7fe322807000 rw-p 000ed000 08:07 1059058                    /usr/lib/x86_64-linux-gnu/libstdc++.so.6.0.19
7fe322807000-7fe32281c000 rw-p 00000000 00:00 0 
7fe32281c000-7fe32287d000 r-xp 00000000 08:07 1313456                    /usr/lib/x86_64-linux-gnu/mesa/libGL.so.1.2.0
7fe32287d000-7fe322a7c000 ---p 00061000 08:07 1313456                    /usr/lib/x86_64-linux-gnu/mesa/libGL.so.1.2.0
7fe322a7c000-7fe322a7f000 r--p 00060000 08:07 1313456                    /usr/lib/x86_64-linux-gnu/mesa/libGL.so.1.2.0
7fe322a7f000-7fe322a80000 rw-p 00063000 08:07 1313456                    /usr/lib/x86_64-linux-gnu/mesa/libGL.so.1.2.0
7fe322a80000-7fe322a81000 rw-p 00000000 00:00 0 
7fe322a81000-7fe322a85000 r-xp 00000000 08:07 1058203                    /usr/lib/x86_64-linux-gnu/libXxf86vm.so.1.0.0
7fe322a85000-7fe322c85000 ---p 00004000 08:07 1058203                    /usr/lib/x86_64-linux-gnu/libXxf86vm.so.1.0.0
7fe322c85000-7fe322c86000 r--p 00004000 08:07 1058203                    /usr/lib/x86_64-linux-gnu/libXxf86vm.so.1.0.0
7fe322c86000-7fe322c87000 rw-p 00005000 08:07 1058203                    /usr/lib/x86_64-linux-gnu/libXxf86vm.so.1.0.0
7fe322c87000-7fe322db7000 r-xp 00000000 08:07 1058148                    /usr/lib/x86_64-linux-gnu/libX11.so.6.3.0
7fe322db7000-7fe322fb7000 ---p 00130000 08:07 1058148                    /usr/lib/x86_64-linux-gnu/libX11.so.6.3.0
7fe322fb7000-7fe322fb8000 r--p 00130000 08:07 1058148                    /usr/lib/x86_64-linux-gnu/libX11.so.6.3.0
7fe322fb8000-7fe322fbc000 rw-p 00131000 08:07 1058148                    /usr/lib/x86_64-linux-gnu/libX11.so.6.3.0
7fe322fbc000-7fe322fc1000 r-xp 00000000 08:07 1058193                    /usr/lib/x86_64-linux-gnu/libXtst.so.6.1.0
7fe322fc1000-7fe3231c0000 ---p 00005000 08:07 1058193                    /usr/lib/x86_64-linux-gnu/libXtst.so.6.1.0
7fe3231c0000-7fe3231c1000 r--p 00004000 08:07 1058193                    /usr/lib/x86_64-linux-gnu/libXtst.so.6.1.0
7fe3231c1000-7fe3231c2000 rw-p 00005000 08:07 1058193                    /usr/lib/x86_64-linux-gnu/libXtst.so.6.1.0
7fe3231c2000-7fe3232c8000 r-xp 00000000 08:07 1708099                    /lib/x86_64-linux-gnu/libglib-2.0.so.0.4000.0
7fe3232c8000-7fe3234c7000 ---p 00106000 08:07 1708099                    /lib/x86_64-linux-gnu/libglib-2.0.so.0.4000.0
7fe3234c7000-7fe3234c8000 r--p 00105000 08:07 1708099                    /lib/x86_64-linux-gnu/libglib-2.0.so.0.4000.0
7fe3234c8000-7fe3234c9000 rw-p 00106000 08:07 1708099                    /lib/x86_64-linux-gnu/libglib-2.0.so.0.4000.0
7fe3234c9000-7fe3234ca000 rw-p 00000000 00:00 0 
7fe3234ca000-7fe3234cb000 r-xp 00000000 08:07 1058670                    /usr/lib/x86_64-linux-gnu/libgthread-2.0.so.0.4000.0
7fe3234cb000-7fe3236ca000 ---p 00001000 08:07 1058670                    /usr/lib/x86_64-linux-gnu/libgthread-2.0.so.0.4000.0
7fe3236ca000-7fe3236cb000 r--p 00000000 08:07 1058670                    /usr/lib/x86_64-linux-gnu/libgthread-2.0.so.0.4000.0
7fe3236cb000-7fe3236cc000 rw-p 00001000 08:07 1058670                    /usr/lib/x86_64-linux-gnu/libgthread-2.0.so.0.4000.0
7fe3236cc000-7fe3236cf000 r-xp 00000000 08:07 1058547                    /usr/lib/x86_64-linux-gnu/libgmodule-2.0.so.0.4000.0
7fe3236cf000-7fe3238ce000 ---p 00003000 08:07 1058547                    /usr/lib/x86_64-linux-gnu/libgmodule-2.0.so.0.4000.0
7fe3238ce000-7fe3238cf000 r--p 00002000 08:07 1058547                    /usr/lib/x86_64-linux-gnu/libgmodule-2.0.so.0.4000.0
7fe3238cf000-7fe3238d0000 rw-p 00003000 08:07 1058547                    /usr/lib/x86_64-linux-gnu/libgmodule-2.0.so.0.4000.0
7fe3238d0000-7fe32391f000 r-xp 00000000 08:07 1058563                    /usr/lib/x86_64-linux-gnu/libgobject-2.0.so.0.4000.0
7fe32391f000-7fe323b1f000 ---p 0004f000 08:07 1058563                    /usr/lib/x86_64-linux-gnu/libgobject-2.0.so.0.4000.0
7fe323b1f000-7fe323b20000 r--p 0004f000 08:07 1058563                    /usr/lib/x86_64-linux-gnu/libgobject-2.0.so.0.4000.0
7fe323b20000-7fe323b21000 rw-p 00050000 08:07 1058563                    /usr/lib/x86_64-linux-gnu/libgobject-2.0.so.0.4000.0
7fe323b21000-7fe323b5b000 r-xp 00000000 08:07 1058444                    /usr/lib/x86_64-linux-gnu/libfontconfig.so.1.8.0
7fe323b5b000-7fe323d5a000 ---p 0003a000 08:07 1058444                    /usr/lib/x86_64-linux-gnu/libfontconfig.so.1.8.0
7fe323d5a000-7fe323d5c000 r--p 00039000 08:07 1058444                    /usr/lib/x86_64-linux-gnu/libfontconfig.so.1.8.0
7fe323d5c000-7fe323d5d000 rw-p 0003b000 08:07 1058444                    /usr/lib/x86_64-linux-gnu/libfontconfig.so.1.8.0
7fe323d5d000-7fe323dfa000 r-xp 00000000 08:07 1058472                    /usr/lib/x86_64-linux-gnu/libfreetype.so.6.11.1
7fe323dfa000-7fe323ff9000 ---p 0009d000 08:07 1058472                    /usr/lib/x86_64-linux-gnu/libfreetype.so.6.11.1
7fe323ff9000-7fe323fff000 r--p 0009c000 08:07 1058472                    /usr/lib/x86_64-linux-gnu/libfreetype.so.6.11.1
7fe323fff000-7fe324000000 rw-p 000a2000 08:07 1058472                    /usr/lib/x86_64-linux-gnu/libfreetype.so.6.11.1
7fe324000000-7fe324021000 rw-p 00000000 00:00 0 
7fe324021000-7fe328000000 ---p 00000000 00:00 0 
7fe328004000-7fe328007000 rw-p 00000000 00:00 0 
7fe328007000-7fe328008000 rw-s 00000000 00:04 60479                      /drm mm object (deleted)
7fe328008000-7fe32801c000 r--p 00000000 08:07 133746                     /usr/lib/jvm/jdk1.8.0_25/jre/lib/fonts/LucidaBrightItalic.ttf
7fe32801c000-7fe328058000 r--p 00000000 08:07 133745                     /usr/lib/jvm/jdk1.8.0_25/jre/lib/fonts/LucidaTypewriterRegular.ttf
7fe328058000-7fe328092000 r--p 00000000 08:07 133748                     /usr/lib/jvm/jdk1.8.0_25/jre/lib/fonts/LucidaTypewriterBold.ttf
7fe328092000-7fe3280e0000 r--p 00000000 08:07 133752                     /usr/lib/jvm/jdk1.8.0_25/jre/lib/fonts/LucidaSansDemiBold.ttf
7fe3280e0000-7fe3280e3000 ---p 00000000 00:00 0 
7fe3280e3000-7fe3281e1000 rw-p 00000000 00:00 0                          [stack:6327]
7fe3281e1000-7fe32822b000 r-xp 00000000 08:07 1058887                    /usr/lib/x86_64-linux-gnu/libpango-1.0.so.0.3600.3
7fe32822b000-7fe32842b000 ---p 0004a000 08:07 1058887                    /usr/lib/x86_64-linux-gnu/libpango-1.0.so.0.3600.3
7fe32842b000-7fe32842d000 r--p 0004a000 08:07 1058887                    /usr/lib/x86_64-linux-gnu/libpango-1.0.so.0.3600.3
7fe32842d000-7fe32842e000 rw-p 0004c000 08:07 1058887                    /usr/lib/x86_64-linux-gnu/libpango-1.0.so.0.3600.3
7fe32842e000-7fe328534000 r-xp 00000000 08:07 1058283                    /usr/lib/x86_64-linux-gnu/libcairo.so.2.11301.0
7fe328534000-7fe328733000 ---p 00106000 08:07 1058283                    /usr/lib/x86_64-linux-gnu/libcairo.so.2.11301.0
7fe328733000-7fe328736000 r--p 00105000 08:07 1058283                    /usr/lib/x86_64-linux-gnu/libcairo.so.2.11301.0
7fe328736000-7fe328737000 rw-p 00108000 08:07 1058283                    /usr/lib/x86_64-linux-gnu/libcairo.so.2.11301.0
7fe328737000-7fe328739000 rw-p 00000000 00:00 0 
7fe328739000-7fe328744000 r-xp 00000000 08:07 1058889                    /usr/lib/x86_64-linux-gnu/libpangocairo-1.0.so.0.3600.3
7fe328744000-7fe328944000 ---p 0000b000 08:07 1058889                    /usr/lib/x86_64-linux-gnu/libpangocairo-1.0.so.0.3600.3
7fe328944000-7fe328945000 r--p 0000b000 08:07 1058889                    /usr/lib/x86_64-linux-gnu/libpangocairo-1.0.so.0.3600.3
7fe328945000-7fe328946000 rw-p 0000c000 08:07 1058889                    /usr/lib/x86_64-linux-gnu/libpangocairo-1.0.so.0.3600.3
7fe328946000-7fe328965000 r-xp 00000000 08:07 1058509                    /usr/lib/x86_64-linux-gnu/libgdk_pixbuf-2.0.so.0.3000.7
7fe328965000-7fe328b65000 ---p 0001f000 08:07 1058509                    /usr/lib/x86_64-linux-gnu/libgdk_pixbuf-2.0.so.0.3000.7
7fe328b65000-7fe328b66000 r--p 0001f000 08:07 1058509                    /usr/lib/x86_64-linux-gnu/libgdk_pixbuf-2.0.so.0.3000.7
7fe328b66000-7fe328b67000 rw-p 00020000 08:07 1058509                    /usr/lib/x86_64-linux-gnu/libgdk_pixbuf-2.0.so.0.3000.7
7fe328b67000-7fe328b7b000 r-xp 00000000 08:07 1058891                    /usr/lib/x86_64-linux-gnu/libpangoft2-1.0.so.0.3600.3
7fe328b7b000-7fe328d7a000 ---p 00014000 08:07 1058891                    /usr/lib/x86_64-linux-gnu/libpangoft2-1.0.so.0.3600.3
7fe328d7a000-7fe328d7b000 r--p 00013000 08:07 1058891                    /usr/lib/x86_64-linux-gnu/libpangoft2-1.0.so.0.3600.3
7fe328d7b000-7fe328d7c000 rw-p 00014000 08:07 1058891                    /usr/lib/x86_64-linux-gnu/libpangoft2-1.0.so.0.3600.3
7fe328d7c000-7fe328ee7000 r-xp 00000000 08:07 1058533                    /usr/lib/x86_64-linux-gnu/libgio-2.0.so.0.4000.0
7fe328ee7000-7fe3290e7000 ---p 0016b000 08:07 1058533                    /usr/lib/x86_64-linux-gnu/libgio-2.0.so.0.4000.0
7fe3290e7000-7fe3290eb000 r--p 0016b000 08:07 1058533                    /usr/lib/x86_64-linux-gnu/libgio-2.0.so.0.4000.0
7fe3290eb000-7fe3290ed000 rw-p 0016f000 08:07 1058533                    /usr/lib/x86_64-linux-gnu/libgio-2.0.so.0.4000.0
7fe3290ed000-7fe3290ef000 rw-p 00000000 00:00 0 
7fe3290ef000-7fe32910e000 r-xp 00000000 08:07 1058244                    /usr/lib/x86_64-linux-gnu/libatk-1.0.so.0.21009.1
7fe32910e000-7fe32930e000 ---p 0001f000 08:07 1058244                    /usr/lib/x86_64-linux-gnu/libatk-1.0.so.0.21009.1
7fe32930e000-7fe329310000 r--p 0001f000 08:07 1058244                    /usr/lib/x86_64-linux-gnu/libatk-1.0.so.0.21009.1
7fe329310000-7fe329311000 rw-p 00021000 08:07 1058244                    /usr/lib/x86_64-linux-gnu/libatk-1.0.so.0.21009.1
7fe329311000-7fe3293be000 r-xp 00000000 08:07 1058507                    /usr/lib/x86_64-linux-gnu/libgdk-x11-2.0.so.0.2400.23
7fe3293be000-7fe3295bd000 ---p 000ad000 08:07 1058507                    /usr/lib/x86_64-linux-gnu/libgdk-x11-2.0.so.0.2400.23
7fe3295bd000-7fe3295c1000 r--p 000ac000 08:07 1058507                    /usr/lib/x86_64-linux-gnu/libgdk-x11-2.0.so.0.2400.23
7fe3295c1000-7fe3295c3000 rw-p 000b0000 08:07 1058507                    /usr/lib/x86_64-linux-gnu/libgdk-x11-2.0.so.0.2400.23
7fe3295c3000-7fe3299f2000 r-xp 00000000 08:07 1058674                    /usr/lib/x86_64-linux-gnu/libgtk-x11-2.0.so.0.2400.23
7fe3299f2000-7fe329bf1000 ---p 0042f000 08:07 1058674                    /usr/lib/x86_64-linux-gnu/libgtk-x11-2.0.so.0.2400.23
7fe329bf1000-7fe329bf8000 r--p 0042e000 08:07 1058674                    /usr/lib/x86_64-linux-gnu/libgtk-x11-2.0.so.0.2400.23
7fe329bf8000-7fe329bfc000 rw-p 00435000 08:07 1058674                    /usr/lib/x86_64-linux-gnu/libgtk-x11-2.0.so.0.2400.23
7fe329bfc000-7fe329bff000 rw-p 00000000 00:00 0 
7fe329bff000-7fe329c0b000 r-xp 00000000 08:07 2495489                    /usr/lib/jvm/jdk1.8.0_25/jre/lib/amd64/libprism_es2.so
7fe329c0b000-7fe329e0a000 ---p 0000c000 08:07 2495489                    /usr/lib/jvm/jdk1.8.0_25/jre/lib/amd64/libprism_es2.so
7fe329e0a000-7fe329e0b000 r--p 0000b000 08:07 2495489                    /usr/lib/jvm/jdk1.8.0_25/jre/lib/amd64/libprism_es2.so
7fe329e0b000-7fe329e0c000 rw-p 0000c000 08:07 2495489                    /usr/lib/jvm/jdk1.8.0_25/jre/lib/amd64/libprism_es2.so
7fe329e0c000-7fe329e0f000 ---p 00000000 00:00 0 
7fe329e0f000-7fe329f0d000 rw-p 00000000 00:00 0                          [stack:6324]
7fe329f0d000-7fe329f0e000 ---p 00000000 00:00 0 
7fe329f0e000-7fe32a00e000 rw-p 00000000 00:00 0                          [stack:6323]
7fe32a00e000-7fe32a011000 ---p 00000000 00:00 0 
7fe32a011000-7fe32a10f000 rw-p 00000000 00:00 0                          [stack:6322]
7fe32a10f000-7fe32a112000 ---p 00000000 00:00 0 
7fe32a112000-7fe32c000000 rw-p 00000000 00:00 0                          [stack:6321]
7fe32c000000-7fe32c021000 rw-p 00000000 00:00 0 
7fe32c021000-7fe330000000 ---p 00000000 00:00 0 
7fe330000000-7fe330002000 rw-s 00000000 00:04 60461                      /drm mm object (deleted)
7fe330002000-7fe330004000 rw-s 00000000 00:04 60460                      /drm mm object (deleted)
7fe330004000-7fe330005000 rw-s 00000000 00:04 60447                      /drm mm object (deleted)
7fe330005000-7fe330006000 rw-s 00000000 00:04 60478                      /drm mm object (deleted)
7fe330006000-7fe330007000 rw-s 00000000 00:04 60446                      /drm mm object (deleted)
7fe330007000-7fe330008000 rw-s 00000000 00:04 60418                      /drm mm object (deleted)
7fe330008000-7fe33001b000 r--p 00000000 08:07 133750                     /usr/lib/jvm/jdk1.8.0_25/jre/lib/fonts/LucidaBrightDemiItalic.ttf
7fe33001b000-7fe330020000 r--s 00084000 08:07 2495507                    /usr/lib/jvm/jdk1.8.0_25/jre/lib/jfr.jar
7fe330020000-7fe330021000 r--s 00000000 08:07 1187986                    /var/cache/fontconfig/c05880de57d1f5e948fdfacc138775d9-le64.cache-4
7fe330021000-7fe33002c000 r--s 00000000 08:07 1187980                    /var/cache/fontconfig/945677eb7aeaf62f1d50efc3fb3ec7d8-le64.cache-4
7fe33002c000-7fe330032000 r--s 00000000 08:07 1187966                    /var/cache/fontconfig/2cd17615ca594fa2959ae173292e504c-le64.cache-4
7fe330032000-7fe330033000 r--s 00000000 08:07 1187996                    /var/cache/fontconfig/e7071f4a29fa870f4323321c154eba04-le64.cache-4
7fe330033000-7fe330034000 r--s 00000000 08:07 1187963                    /var/cache/fontconfig/0d8c3b2ac0904cb8a57a757ad11a4a08-le64.cache-4
7fe330034000-7fe33003b000 r--s 00000000 08:07 1187983                    /var/cache/fontconfig/a755afe4a08bf5b97852ceb7400b47bc-le64.cache-4
7fe33003b000-7fe33004f000 r--s 00000000 08:07 1187961                    /var/cache/fontconfig/04aabc0a78ac019cf9454389977116d2-le64.cache-4
7fe33004f000-7fe330050000 r--s 00000000 08:07 1187965                    /var/cache/fontconfig/1ac9eb803944fde146138c791f5cc56a-le64.cache-4
7fe330050000-7fe330055000 r--s 00000000 08:07 1190938                    /var/cache/fontconfig/eb48934c523a49add3824bfad8846c40-le64.cache-4
7fe330055000-7fe33005a000 r--s 00000000 08:07 1190937                    /var/cache/fontconfig/385c0604a188198f04d133e54aba7fe7-le64.cache-4
7fe33005a000-7fe33005b000 r--s 00000000 08:07 1187993                    /var/cache/fontconfig/dc05db6664285cc2f12bf69c139ae4c3-le64.cache-4
7fe33005b000-7fe33005d000 r--s 00000000 08:07 1187977                    /var/cache/fontconfig/767a8244fc0220cfb567a839d0392e0b-le64.cache-4
7fe33005d000-7fe33005e000 r--s 00000000 08:07 1187971                    /var/cache/fontconfig/4794a0821666d79190d59a36cb4f44b5-le64.cache-4
7fe33005e000-7fe330063000 r--s 00000000 08:07 1187979                    /var/cache/fontconfig/8801497958630a81b71ace7c5f9b32a8-le64.cache-4
7fe330063000-7fe330067000 r--s 00000000 08:07 1191336                    /var/cache/fontconfig/c57959a16110560c8d0fcea73374aeeb-le64.cache-4
7fe330067000-7fe33006e000 r--s 00000000 08:07 1187967                    /var/cache/fontconfig/3047814df9a2f067bd2d96a2b9c36e5a-le64.cache-4
7fe33006e000-7fe33006f000 r--s 00000000 08:07 1187973                    /var/cache/fontconfig/56cf4f4769d0f4abc89a4895d7bd3ae1-le64.cache-4
7fe33006f000-7fe330075000 r--s 00000000 08:07 1187984                    /var/cache/fontconfig/b47c4e1ecd0709278f4910c18777a504-le64.cache-4
7fe330075000-7fe330088000 r--s 00000000 08:07 1187990                    /var/cache/fontconfig/d52a8644073d54c13679302ca1180695-le64.cache-4
7fe330088000-7fe330091000 r--s 00000000 08:07 1187970                    /var/cache/fontconfig/3f7329c5293ffd510edef78f73874cfd-le64.cache-4
7fe330091000-7fe330095000 r--s 00000000 08:07 1187991                    /var/cache/fontconfig/d589a48862398ed80a3d6066f4f56f4c-le64.cache-4
7fe330095000-7fe3300b1000 r--s 00393000 08:07 267369                     /usr/lib/jvm/jdk1.8.0_25/jre/lib/ext/cldrdata.jar
7fe3300b1000-7fe3300bb000 r--s 00116000 08:07 267363                     /usr/lib/jvm/jdk1.8.0_25/jre/lib/ext/localedata.jar
7fe3300bb000-7fe3300be000 ---p 00000000 00:00 0 
7fe3300be000-7fe3301bc000 rw-p 00000000 00:00 0                          [stack:6320]
7fe3301bc000-7fe3301bf000 ---p 00000000 00:00 0 
7fe3301bf000-7fe3302bd000 rw-p 00000000 00:00 0                          [stack:6319]
7fe3302bd000-7fe3302c0000 ---p 00000000 00:00 0 
7fe3302c0000-7fe3303be000 rw-p 00000000 00:00 0                          [stack:6318]
7fe3303be000-7fe330cfd000 r--p 00000000 08:07 1056763                    /usr/lib/locale/locale-archive
7fe330cfd000-7fe330d00000 ---p 00000000 00:00 0 
7fe330d00000-7fe330dfe000 rw-p 00000000 00:00 0                          [stack:6317]
7fe330dfe000-7fe330e01000 ---p 00000000 00:00 0 
7fe330e01000-7fe330eff000 rw-p 00000000 00:00 0                          [stack:6316]
7fe330eff000-7fe330f00000 ---p 00000000 00:00 0 
7fe330f00000-7fe331000000 rw-p 00000000 00:00 0                          [stack:6315]
7fe331000000-7fe331a40000 rwxp 00000000 00:00 0 
7fe331a40000-7fe340000000 ---p 00000000 00:00 0 
7fe340000000-7fe340520000 rw-p 00000000 00:00 0 
7fe340520000-7fe344000000 ---p 00000000 00:00 0 
7fe344000000-7fe344001000 r--s 00000000 08:07 1187985                    /var/cache/fontconfig/b9d506c9ac06c20b433354fa67a72993-le64.cache-4
7fe344001000-7fe344003000 r--s 00000000 08:07 1191335                    /var/cache/fontconfig/089dead882dea3570ffc31a9898cfb69-le64.cache-4
7fe344003000-7fe344004000 r--s 00000000 08:07 1187962                    /var/cache/fontconfig/0c9eb80ebd1c36541ebe2852d3bb0c49-le64.cache-4
7fe344004000-7fe344008000 r--s 00000000 08:07 1188146                    /var/cache/fontconfig/7ef2298fde41cc6eeb7af42e48b7d293-le64.cache-4
7fe344008000-7fe344010000 r--s 000c4000 08:07 1716395                    /home/linhsan/NetBeansProjects/ClinicManagement/dist/run67353611/lib/mysql-connector-java-5.1.23-bin.jar
7fe344010000-7fe344018000 rw-s 00000000 00:04 59707                      /drm mm object (deleted)
7fe344018000-7fe344059000 r--p 00000000 08:07 1996843                    /usr/share/glib-2.0/schemas/gschemas.compiled
7fe344059000-7fe3440e5000 r--s 00fea000 08:07 267368                     /usr/lib/jvm/jdk1.8.0_25/jre/lib/ext/jfxrt.jar
7fe3440e5000-7fe344ff4000 rw-p 00000000 00:00 0 
7fe344ff4000-7fe3451ca000 r--s 03caa000 08:07 2495506                    /usr/lib/jvm/jdk1.8.0_25/jre/lib/rt.jar
7fe3451ca000-7fe345c1f000 rw-p 00000000 00:00 0 
7fe345c1f000-7fe345c20000 ---p 00000000 00:00 0 
7fe345c20000-7fe345d20000 rw-p 00000000 00:00 0                          [stack:6314]
7fe345d20000-7fe345d21000 ---p 00000000 00:00 0 
7fe345d21000-7fe345e21000 rw-p 00000000 00:00 0                          [stack:6313]
7fe345e21000-7fe345e22000 ---p 00000000 00:00 0 
7fe345e22000-7fe345f22000 rw-p 00000000 00:00 0                          [stack:6312]
7fe345f22000-7fe345f23000 ---p 00000000 00:00 0 
7fe345f23000-7fe346032000 rw-p 00000000 00:00 0                          [stack:6311]
7fe346032000-7fe346163000 ---p 00000000 00:00 0 
7fe346163000-7fe346172000 rw-p 00000000 00:00 0 
7fe346172000-7fe3462a2000 ---p 00000000 00:00 0 
7fe3462a2000-7fe3462b7000 rw-p 00000000 00:00 0 
7fe3462b7000-7fe346342000 ---p 00000000 00:00 0 
7fe346342000-7fe34636c000 rw-p 00000000 00:00 0 
7fe34636c000-7fe346703000 ---p 00000000 00:00 0 
7fe346703000-7fe34671d000 r-xp 00000000 08:07 2495471                    /usr/lib/jvm/jdk1.8.0_25/jre/lib/amd64/libzip.so
7fe34671d000-7fe34691d000 ---p 0001a000 08:07 2495471                    /usr/lib/jvm/jdk1.8.0_25/jre/lib/amd64/libzip.so
7fe34691d000-7fe34691e000 rw-p 0001a000 08:07 2495471                    /usr/lib/jvm/jdk1.8.0_25/jre/lib/amd64/libzip.so
7fe34691e000-7fe346929000 r-xp 00000000 08:07 1708143                    /lib/x86_64-linux-gnu/libnss_files-2.19.so
7fe346929000-7fe346b28000 ---p 0000b000 08:07 1708143                    /lib/x86_64-linux-gnu/libnss_files-2.19.so
7fe346b28000-7fe346b29000 r--p 0000a000 08:07 1708143                    /lib/x86_64-linux-gnu/libnss_files-2.19.so
7fe346b29000-7fe346b2a000 rw-p 0000b000 08:07 1708143                    /lib/x86_64-linux-gnu/libnss_files-2.19.so
7fe346b2a000-7fe346b35000 r-xp 00000000 08:07 1708153                    /lib/x86_64-linux-gnu/libnss_nis-2.19.so
7fe346b35000-7fe346d34000 ---p 0000b000 08:07 1708153                    /lib/x86_64-linux-gnu/libnss_nis-2.19.so
7fe346d34000-7fe346d35000 r--p 0000a000 08:07 1708153                    /lib/x86_64-linux-gnu/libnss_nis-2.19.so
7fe346d35000-7fe346d36000 rw-p 0000b000 08:07 1708153                    /lib/x86_64-linux-gnu/libnss_nis-2.19.so
7fe346d36000-7fe346d4d000 r-xp 00000000 08:07 1708137                    /lib/x86_64-linux-gnu/libnsl-2.19.so
7fe346d4d000-7fe346f4c000 ---p 00017000 08:07 1708137                    /lib/x86_64-linux-gnu/libnsl-2.19.so
7fe346f4c000-7fe346f4d000 r--p 00016000 08:07 1708137                    /lib/x86_64-linux-gnu/libnsl-2.19.so
7fe346f4d000-7fe346f4e000 rw-p 00017000 08:07 1708137                    /lib/x86_64-linux-gnu/libnsl-2.19.so
7fe346f4e000-7fe346f50000 rw-p 00000000 00:00 0 
7fe346f50000-7fe346f59000 r-xp 00000000 08:07 1708139                    /lib/x86_64-linux-gnu/libnss_compat-2.19.so
7fe346f59000-7fe347158000 ---p 00009000 08:07 1708139                    /lib/x86_64-linux-gnu/libnss_compat-2.19.so
7fe347158000-7fe347159000 r--p 00008000 08:07 1708139                    /lib/x86_64-linux-gnu/libnss_compat-2.19.so
7fe347159000-7fe34715a000 rw-p 00009000 08:07 1708139                    /lib/x86_64-linux-gnu/libnss_compat-2.19.so
7fe34715a000-7fe347184000 r-xp 00000000 08:07 2495452                    /usr/lib/jvm/jdk1.8.0_25/jre/lib/amd64/libjava.so
7fe347184000-7fe347384000 ---p 0002a000 08:07 2495452                    /usr/lib/jvm/jdk1.8.0_25/jre/lib/amd64/libjava.so
7fe347384000-7fe347386000 rw-p 0002a000 08:07 2495452                    /usr/lib/jvm/jdk1.8.0_25/jre/lib/amd64/libjava.so
7fe347386000-7fe347393000 r-xp 00000000 08:07 2495465                    /usr/lib/jvm/jdk1.8.0_25/jre/lib/amd64/libverify.so
7fe347393000-7fe347593000 ---p 0000d000 08:07 2495465                    /usr/lib/jvm/jdk1.8.0_25/jre/lib/amd64/libverify.so
7fe347593000-7fe347595000 rw-p 0000d000 08:07 2495465                    /usr/lib/jvm/jdk1.8.0_25/jre/lib/amd64/libverify.so
7fe347595000-7fe34759c000 r-xp 00000000 08:07 1708196                    /lib/x86_64-linux-gnu/librt-2.19.so
7fe34759c000-7fe34779b000 ---p 00007000 08:07 1708196                    /lib/x86_64-linux-gnu/librt-2.19.so
7fe34779b000-7fe34779c000 r--p 00006000 08:07 1708196                    /lib/x86_64-linux-gnu/librt-2.19.so
7fe34779c000-7fe34779d000 rw-p 00007000 08:07 1708196                    /lib/x86_64-linux-gnu/librt-2.19.so
7fe34779d000-7fe3478a2000 r-xp 00000000 08:07 1708118                    /lib/x86_64-linux-gnu/libm-2.19.so
7fe3478a2000-7fe347aa1000 ---p 00105000 08:07 1708118                    /lib/x86_64-linux-gnu/libm-2.19.so
7fe347aa1000-7fe347aa2000 r--p 00104000 08:07 1708118                    /lib/x86_64-linux-gnu/libm-2.19.so
7fe347aa2000-7fe347aa3000 rw-p 00105000 08:07 1708118                    /lib/x86_64-linux-gnu/libm-2.19.so
7fe347aa3000-7fe348710000 r-xp 00000000 08:07 2625176                    /usr/lib/jvm/jdk1.8.0_25/jre/lib/amd64/server/libjvm.so
7fe348710000-7fe34890f000 ---p 00c6d000 08:07 2625176                    /usr/lib/jvm/jdk1.8.0_25/jre/lib/amd64/server/libjvm.so
7fe34890f000-7fe3489e5000 rw-p 00c6c000 08:07 2625176                    /usr/lib/jvm/jdk1.8.0_25/jre/lib/amd64/server/libjvm.so
7fe3489e5000-7fe348a28000 rw-p 00000000 00:00 0 
7fe348a28000-7fe348be4000 r-xp 00000000 08:07 1708068                    /lib/x86_64-linux-gnu/libc-2.19.so
7fe348be4000-7fe348de3000 ---p 001bc000 08:07 1708068                    /lib/x86_64-linux-gnu/libc-2.19.so
7fe348de3000-7fe348de7000 r--p 001bb000 08:07 1708068                    /lib/x86_64-linux-gnu/libc-2.19.so
7fe348de7000-7fe348de9000 rw-p 001bf000 08:07 1708068                    /lib/x86_64-linux-gnu/libc-2.19.so
7fe348de9000-7fe348dee000 rw-p 00000000 00:00 0 
7fe348dee000-7fe348df1000 r-xp 00000000 08:07 1708085                    /lib/x86_64-linux-gnu/libdl-2.19.so
7fe348df1000-7fe348ff0000 ---p 00003000 08:07 1708085                    /lib/x86_64-linux-gnu/libdl-2.19.so
7fe348ff0000-7fe348ff1000 r--p 00002000 08:07 1708085                    /lib/x86_64-linux-gnu/libdl-2.19.so
7fe348ff1000-7fe348ff2000 rw-p 00003000 08:07 1708085                    /lib/x86_64-linux-gnu/libdl-2.19.so
7fe348ff2000-7fe349007000 r-xp 00000000 08:07 2625172                    /usr/lib/jvm/jdk1.8.0_25/jre/lib/amd64/jli/libjli.so
7fe349007000-7fe349206000 ---p 00015000 08:07 2625172                    /usr/lib/jvm/jdk1.8.0_25/jre/lib/amd64/jli/libjli.so
7fe349206000-7fe349207000 rw-p 00014000 08:07 2625172                    /usr/lib/jvm/jdk1.8.0_25/jre/lib/amd64/jli/libjli.so
7fe349207000-7fe349220000 r-xp 00000000 08:07 1708188                    /lib/x86_64-linux-gnu/libpthread-2.19.so
7fe349220000-7fe34941f000 ---p 00019000 08:07 1708188                    /lib/x86_64-linux-gnu/libpthread-2.19.so
7fe34941f000-7fe349420000 r--p 00018000 08:07 1708188                    /lib/x86_64-linux-gnu/libpthread-2.19.so
7fe349420000-7fe349421000 rw-p 00019000 08:07 1708188                    /lib/x86_64-linux-gnu/libpthread-2.19.so
7fe349421000-7fe349425000 rw-p 00000000 00:00 0 
7fe349425000-7fe349448000 r-xp 00000000 08:07 1708044                    /lib/x86_64-linux-gnu/ld-2.19.so
7fe349448000-7fe34944c000 r--s 00093000 08:07 2495509                    /usr/lib/jvm/jdk1.8.0_25/jre/lib/jsse.jar
7fe34944c000-7fe349454000 rw-s 00000000 00:04 59706                      /drm mm object (deleted)
7fe349454000-7fe34945c000 rw-s 00000000 00:04 60458                      /drm mm object (deleted)
7fe34945c000-7fe349462000 r--p 00000000 08:07 1591232                    /home/linhsan/.config/dconf/user
7fe349462000-7fe34946a000 rw-s 00000000 00:04 56305                      /drm mm object (deleted)
7fe34946a000-7fe349527000 rw-p 00000000 00:00 0 
7fe349527000-7fe34952a000 ---p 00000000 00:00 0 
7fe34952a000-7fe34962c000 rw-p 00000000 00:00 0                          [stack:6309]
7fe34962c000-7fe34962f000 r--s 00000000 08:07 1190693                    /var/cache/fontconfig/e13b20fdb08344e0e664864cc2ede53d-le64.cache-4
7fe34962f000-7fe349630000 rw-s 00000000 00:04 59703                      /drm mm object (deleted)
7fe349630000-7fe349631000 r--s 00000000 00:16 56131                      /run/user/1000/dconf/user
7fe349631000-7fe349632000 rw-s 00000000 00:04 56302                      /drm mm object (deleted)
7fe349632000-7fe34963a000 rw-s 00000000 00:04 56301                      /drm mm object (deleted)
7fe34963a000-7fe34963b000 r--s 00007000 08:07 1716388                    /home/linhsan/NetBeansProjects/ClinicManagement/dist/run67353611/ClinicManagement.jar
7fe34963b000-7fe349643000 rw-s 00000000 08:07 393907                     /tmp/hsperfdata_linhsan/6306
7fe349643000-7fe349644000 rw-p 00000000 00:00 0 
7fe349644000-7fe349645000 r--p 00000000 00:00 0 
7fe349645000-7fe349647000 rw-p 00000000 00:00 0 
7fe349647000-7fe349648000 r--p 00022000 08:07 1708044                    /lib/x86_64-linux-gnu/ld-2.19.so
7fe349648000-7fe349649000 rw-p 00023000 08:07 1708044                    /lib/x86_64-linux-gnu/ld-2.19.so
7fe349649000-7fe34964a000 rw-p 00000000 00:00 0 
7fff42e29000-7fff42e4a000 rw-p 00000000 00:00 0                          [stack]
7fff42ffe000-7fff43000000 r-xp 00000000 00:00 0                          [vdso]
ffffffffff600000-ffffffffff601000 r-xp 00000000 00:00 0                  [vsyscall]

VM Arguments:
jvm_args: -Dfile.encoding=UTF-8 
java_command: /home/linhsan/NetBeansProjects/ClinicManagement/dist/run67353611/ClinicManagement.jar
java_class_path (initial): /home/linhsan/NetBeansProjects/ClinicManagement/dist/run67353611/ClinicManagement.jar
Launcher Type: SUN_STANDARD

Environment Variables:
PATH=/usr/local/sbin:/usr/local/bin:/usr/sbin:/usr/bin:/sbin:/bin:/usr/games:/usr/local/games
LD_LIBRARY_PATH=/usr/lib/jvm/jdk1.8.0_25/jre/lib/amd64:/usr/lib/jvm/jdk1.8.0_25/jre/lib/i386:
SHELL=/bin/bash
DISPLAY=:0

Signal Handlers:
SIGSEGV: [libjvm.so+0xa79a80], sa_mask[0]=11111111011111111101111111111110, sa_flags=SA_RESTART|SA_SIGINFO
SIGBUS: [libjvm.so+0xa79a80], sa_mask[0]=11111111011111111101111111111110, sa_flags=SA_RESTART|SA_SIGINFO
SIGFPE: [libjvm.so+0x8e24e0], sa_mask[0]=11111111011111111101111111111110, sa_flags=SA_RESTART|SA_SIGINFO
SIGPIPE: SIG_IGN, sa_mask[0]=00000000000010000000000000000000, sa_flags=SA_RESTART
SIGXFSZ: [libjvm.so+0x8e24e0], sa_mask[0]=11111111011111111101111111111110, sa_flags=SA_RESTART|SA_SIGINFO
SIGILL: [libjvm.so+0x8e24e0], sa_mask[0]=11111111011111111101111111111110, sa_flags=SA_RESTART|SA_SIGINFO
SIGUSR1: SIG_DFL, sa_mask[0]=00000000000000000000000000000000, sa_flags=none
SIGUSR2: [libjvm.so+0x8e3d10], sa_mask[0]=00100000000000000000000000000000, sa_flags=SA_RESTART|SA_SIGINFO
SIGHUP: [libjvm.so+0x8e50d0], sa_mask[0]=11111111011111111101111111111110, sa_flags=SA_RESTART|SA_SIGINFO
SIGINT: SIG_IGN, sa_mask[0]=00000000000000000000000000000000, sa_flags=none
SIGTERM: [libjvm.so+0x8e50d0], sa_mask[0]=11111111011111111101111111111110, sa_flags=SA_RESTART|SA_SIGINFO
SIGQUIT: [libjvm.so+0x8e50d0], sa_mask[0]=11111111011111111101111111111110, sa_flags=SA_RESTART|SA_SIGINFO


---------------  S Y S T E M  ---------------

OS:DISTRIB_ID=Ubuntu
DISTRIB_RELEASE=14.04
DISTRIB_CODENAME=trusty
DISTRIB_DESCRIPTION="Ubuntu 14.04 LTS"

uname:Linux 3.13.0-24-generic #46-Ubuntu SMP Thu Apr 10 19:11:08 UTC 2014 x86_64
libc:glibc 2.19 NPTL 2.19 
rlimit: STACK 8192k, CORE 0k, NPROC 30460, NOFILE 4096, AS infinity
load average:0,56 0,56 0,57

/proc/meminfo:
MemTotal:        3920420 kB
MemFree:          199296 kB
Buffers:           22648 kB
Cached:           981892 kB
SwapCached:         3940 kB
Active:          2141628 kB
Inactive:        1346108 kB
Active(anon):    1883392 kB
Inactive(anon):  1053084 kB
Active(file):     258236 kB
Inactive(file):   293024 kB
Unevictable:         104 kB
Mlocked:             104 kB
SwapTotal:       7762940 kB
SwapFree:        7752108 kB
Dirty:              2164 kB
Writeback:             0 kB
AnonPages:       2479880 kB
Mapped:           386752 kB
Shmem:            453276 kB
Slab:             104276 kB
SReclaimable:      65308 kB
SUnreclaim:        38968 kB
KernelStack:        5824 kB
PageTables:        47584 kB
NFS_Unstable:          0 kB
Bounce:                0 kB
WritebackTmp:          0 kB
CommitLimit:     9723148 kB
Committed_AS:    7810588 kB
VmallocTotal:   34359738367 kB
VmallocUsed:      545972 kB
VmallocChunk:   34359181820 kB
HardwareCorrupted:     0 kB
AnonHugePages:    571392 kB
HugePages_Total:       0
HugePages_Free:        0
HugePages_Rsvd:        0
HugePages_Surp:        0
Hugepagesize:       2048 kB
DirectMap4k:       87804 kB
DirectMap2M:     3979264 kB


CPU:total 4 (2 cores per cpu, 2 threads per core) family 6 model 58 stepping 9, cmov, cx8, fxsr, mmx, sse, sse2, sse3, ssse3, sse4.1, sse4.2, popcnt, avx, aes, clmul, erms, ht, tsc, tscinvbit, tscinv

/proc/cpuinfo:
processor	: 0
vendor_id	: GenuineIntel
cpu family	: 6
model		: 58
model name	: Intel(R) Core(TM) i5-3230M CPU @ 2.60GHz
stepping	: 9
microcode	: 0x15
cpu MHz		: 2601.000
cache size	: 3072 KB
physical id	: 0
siblings	: 4
core id		: 0
cpu cores	: 2
apicid		: 0
initial apicid	: 0
fpu		: yes
fpu_exception	: yes
cpuid level	: 13
wp		: yes
flags		: fpu vme de pse tsc msr pae mce cx8 apic sep mtrr pge mca cmov pat pse36 clflush dts acpi mmx fxsr sse sse2 ss ht tm pbe syscall nx rdtscp lm constant_tsc arch_perfmon pebs bts rep_good nopl xtopology nonstop_tsc aperfmperf eagerfpu pni pclmulqdq dtes64 monitor ds_cpl vmx est tm2 ssse3 cx16 xtpr pdcm pcid sse4_1 sse4_2 x2apic popcnt tsc_deadline_timer aes xsave avx f16c rdrand lahf_lm ida arat epb xsaveopt pln pts dtherm tpr_shadow vnmi flexpriority ept vpid fsgsbase smep erms
bogomips	: 5187.85
clflush size	: 64
cache_alignment	: 64
address sizes	: 36 bits physical, 48 bits virtual
power management:

processor	: 1
vendor_id	: GenuineIntel
cpu family	: 6
model		: 58
model name	: Intel(R) Core(TM) i5-3230M CPU @ 2.60GHz
stepping	: 9
microcode	: 0x15
cpu MHz		: 2601.000
cache size	: 3072 KB
physical id	: 0
siblings	: 4
core id		: 0
cpu cores	: 2
apicid		: 1
initial apicid	: 1
fpu		: yes
fpu_exception	: yes
cpuid level	: 13
wp		: yes
flags		: fpu vme de pse tsc msr pae mce cx8 apic sep mtrr pge mca cmov pat pse36 clflush dts acpi mmx fxsr sse sse2 ss ht tm pbe syscall nx rdtscp lm constant_tsc arch_perfmon pebs bts rep_good nopl xtopology nonstop_tsc aperfmperf eagerfpu pni pclmulqdq dtes64 monitor ds_cpl vmx est tm2 ssse3 cx16 xtpr pdcm pcid sse4_1 sse4_2 x2apic popcnt tsc_deadline_timer aes xsave avx f16c rdrand lahf_lm ida arat epb xsaveopt pln pts dtherm tpr_shadow vnmi flexpriority ept vpid fsgsbase smep erms
bogomips	: 5187.85
clflush size	: 64
cache_alignment	: 64
address sizes	: 36 bits physical, 48 bits virtual
power management:

processor	: 2
vendor_id	: GenuineIntel
cpu family	: 6
model		: 58
model name	: Intel(R) Core(TM) i5-3230M CPU @ 2.60GHz
stepping	: 9
microcode	: 0x15
cpu MHz		: 2601.000
cache size	: 3072 KB
physical id	: 0
siblings	: 4
core id		: 1
cpu cores	: 2
apicid		: 2
initial apicid	: 2
fpu		: yes
fpu_exception	: yes
cpuid level	: 13
wp		: yes
flags		: fpu vme de pse tsc msr pae mce cx8 apic sep mtrr pge mca cmov pat pse36 clflush dts acpi mmx fxsr sse sse2 ss ht tm pbe syscall nx rdtscp lm constant_tsc arch_perfmon pebs bts rep_good nopl xtopology nonstop_tsc aperfmperf eagerfpu pni pclmulqdq dtes64 monitor ds_cpl vmx est tm2 ssse3 cx16 xtpr pdcm pcid sse4_1 sse4_2 x2apic popcnt tsc_deadline_timer aes xsave avx f16c rdrand lahf_lm ida arat epb xsaveopt pln pts dtherm tpr_shadow vnmi flexpriority ept vpid fsgsbase smep erms
bogomips	: 5187.85
clflush size	: 64
cache_alignment	: 64
address sizes	: 36 bits physical, 48 bits virtual
power management:

processor	: 3
vendor_id	: GenuineIntel
cpu family	: 6
model		: 58
model name	: Intel(R) Core(TM) i5-3230M CPU @ 2.60GHz
stepping	: 9
microcode	: 0x15
cpu MHz		: 2300.000
cache size	: 3072 KB
physical id	: 0
siblings	: 4
core id		: 1
cpu cores	: 2
apicid		: 3
initial apicid	: 3
fpu		: yes
fpu_exception	: yes
cpuid level	: 13
wp		: yes
flags		: fpu vme de pse tsc msr pae mce cx8 apic sep mtrr pge mca cmov pat pse36 clflush dts acpi mmx fxsr sse sse2 ss ht tm pbe syscall nx rdtscp lm constant_tsc arch_perfmon pebs bts rep_good nopl xtopology nonstop_tsc aperfmperf eagerfpu pni pclmulqdq dtes64 monitor ds_cpl vmx est tm2 ssse3 cx16 xtpr pdcm pcid sse4_1 sse4_2 x2apic popcnt tsc_deadline_timer aes xsave avx f16c rdrand lahf_lm ida arat epb xsaveopt pln pts dtherm tpr_shadow vnmi flexpriority ept vpid fsgsbase smep erms
bogomips	: 5187.85
clflush size	: 64
cache_alignment	: 64
address sizes	: 36 bits physical, 48 bits virtual
power management:



Memory: 4k page, physical 3920420k(199296k free), swap 7762940k(7752108k free)

vm_info: Java HotSpot(TM) 64-Bit Server VM (25.25-b02) for linux-amd64 JRE (1.8.0_25-b17), built on Sep 17 2014 17:32:11 by "java_re" with gcc 4.3.0 20080428 (Red Hat 4.3.0-8)

time: Sat Nov 14 18:47:28 2015
elapsed time: 11 seconds (0d 0h 0m 11s)

