#
# A fatal error has been detected by the Java Runtime Environment:
#
#  SIGSEGV (0xb) at pc=0x00007f39849eded2, pid=4703, tid=139883761428224
#
# JRE version: Java(TM) SE Runtime Environment (8.0_25-b17) (build 1.8.0_25-b17)
# Java VM: Java HotSpot(TM) 64-Bit Server VM (25.25-b02 mixed mode linux-amd64 compressed oops)
# Problematic frame:
# j  com.sun.glass.ui.gtk.GtkView.notifyInputMethodDraw(Ljava/lang/String;III)V+13
#
# Failed to write core dump. Core dumps have been disabled. To enable core dumping, try "ulimit -c unlimited" before starting Java again
#
# If you would like to submit a bug report, please visit:
#   http://bugreport.sun.com/bugreport/crash.jsp
#

---------------  T H R E A D  ---------------

Current thread (0x00007f3994322000):  JavaThread "JavaFX Application Thread" [_thread_in_Java, id=4725, stack(0x00007f3939d8e000,0x00007f3939e8f000)]

siginfo: si_signo: 11 (SIGSEGV), si_code: 1 (SEGV_MAPERR), si_addr: 0x0000000024014320

Registers:
RAX=0x0000000000100000, RBX=0x00007f398178fa58, RCX=0x0000000024014320, RDX=0x0000000070500004
RSP=0x00007f3939e8c6a0, RBP=0x00007f3939e8c708, RSI=0x00007f39849dd940, RDI=0x00007f3939e8c7e0
R8 =0x00007f39849dd940, R9 =0x00007f3939e8c988, R10=0x00007f3999d50440, R11=0x0000000000017101
R12=0x0000000000000000, R13=0x00007f3981bf38c5, R14=0x00007f3939e8c738, R15=0x00007f3994322000
RIP=0x00007f39849eded2, EFLAGS=0x0000000000010206, CSGSFS=0x0000000000000033, ERR=0x0000000000000004
  TRAPNO=0x000000000000000e

Top of Stack: (sp=0x00007f3939e8c6a0)
0x00007f3939e8c6a0:   00007f39849d4710 00000000ec2054b8
0x00007f3939e8c6b0:   0000000000000002 0000000000000000
0x00007f3939e8c6c0:   0000000024014320 00007f3939e8c6c8
0x00007f3939e8c6d0:   00007f3981bf38c5 00007f3939e8c738
0x00007f3939e8c6e0:   00007f3981bfd408 00007f391bbe97d8
0x00007f3939e8c6f0:   00007f3981bf38f8 0000000000000000
0x00007f3939e8c700:   00007f3939e8c718 00007f3939e8c7a0
0x00007f3939e8c710:   00007f39849cd4e7 00007f3900000003
0x00007f3939e8c720:   0000000000000002 00007f3900000000
0x00007f3939e8c730:   00000000ec2054b8 00007f39240142f0
0x00007f3939e8c740:   0000000000001fa0 00007f3994321978
0x00007f3939e8c750:   00007f3994322000 00007f3939e8c820
0x00007f3939e8c760:   00007f39240142f0 00007f3939e8c7e0
0x00007f3939e8c770:   00007f3939e8c7e0 00007f3939e8cb38
0x00007f3939e8c780:   00007f390000000a 00007f3981bf38f8
0x00007f3939e8c790:   00007f39849dd940 00007f3939e8c988
0x00007f3939e8c7a0:   00007f3939e8c910 00007f3999458086
0x00007f3939e8c7b0:   00007f3900000005 00007f3994322000
0x00007f3939e8c7c0:   00007f3939e8c980 00007f3939e8cb30
0x00007f3939e8c7d0:   00007f39849dd940 000000000000000a
0x00007f3939e8c7e0:   00007f3994322000 00007f3924000a30
0x00007f3939e8c7f0:   00007f3981bf38f8 00007f39240142f0
0x00007f3939e8c800:   00007f3939e8d880 00007f39849e26a8
0x00007f3939e8c810:   00007f3939e8d8e0 00007f3939e8cb30
0x00007f3939e8c820:   00007f3994322000 00007f3994321920
0x00007f3939e8c830:   00007f3994321960 00007f3994321980
0x00007f3939e8c840:   00007f3994321a48 00000000000000d8
0x00007f3939e8c850:   00007f3939e8db10 c51507820ef65f00
0x00007f3939e8c860:   00007f3981bf38f8 00007f3994322000
0x00007f3939e8c870:   00007f39942aaba0 00007f39942aabb8
0x00007f3939e8c880:   00007f3981bf38f8 00007f3994322000
0x00007f3939e8c890:   00007f3939e8c8a0 00007f3941295dd7 

Instructions: (pc=0x00007f39849eded2)
0x00007f39849edeb2:   d5 99 39 7f 00 00 49 8b 14 d2 52 41 8b d5 4c 8b
0x00007f39849edec2:   6d c8 8b c2 81 e0 00 00 10 00 0f 84 6a 01 00 00
0x00007f39849eded2:   48 3b 01 48 8b 45 e0 48 85 c0 0f 84 12 00 00 00
0x00007f39849edee2:   48 83 40 08 01 48 83 58 08 00 48 83 c0 30 48 89 

Register to memory mapping:

RAX=0x0000000000100000 is an unknown value
RBX={method} {0x00007f398178fa58} 'replace' '(IILjava/lang/String;)Ljava/lang/StringBuilder;' in 'java/lang/StringBuilder'
RCX=0x0000000024014320 is an unknown value
RDX=0x0000000070500004 is an unknown value
RSP=0x00007f3939e8c6a0 is pointing into the stack for thread: 0x00007f3994322000
RBP=0x00007f3939e8c708 is pointing into the stack for thread: 0x00007f3994322000
RSI=0x00007f39849dd940 is at code_begin+0 in an Interpreter codelet
method entry point (kind = zerolocals)  [0x00007f39849dd940, 0x00007f39849dddc0]  1152 bytes
RDI=0x00007f3939e8c7e0 is pointing into the stack for thread: 0x00007f3994322000
R8 =0x00007f39849dd940 is at code_begin+0 in an Interpreter codelet
method entry point (kind = zerolocals)  [0x00007f39849dd940, 0x00007f39849dddc0]  1152 bytes
R9 =0x00007f3939e8c988 is pointing into the stack for thread: 0x00007f3994322000
R10=0x00007f3999d50440: <offset 0xf5c440> in /usr/lib/jvm/jdk1.8.0_25/jre/lib/amd64/server/libjvm.so at 0x00007f3998df4000
R11=0x0000000000017101 is an unknown value
R12=0x0000000000000000 is an unknown value
R13=0x00007f3981bf38c5 is pointing into metadata
R14=0x00007f3939e8c738 is pointing into the stack for thread: 0x00007f3994322000
R15=0x00007f3994322000 is a thread


Stack: [0x00007f3939d8e000,0x00007f3939e8f000],  sp=0x00007f3939e8c6a0,  free space=1017k
Native frames: (J=compiled Java code, j=interpreted, Vv=VM code, C=native code)
j  com.sun.glass.ui.gtk.GtkView.notifyInputMethodDraw(Ljava/lang/String;III)V+13
v  ~StubRoutines::call_stub
V  [libjvm.so+0x664086]  JavaCalls::call_helper(JavaValue*, methodHandle*, JavaCallArguments*, Thread*)+0x1056
V  [libjvm.so+0x6aa05b]  jni_invoke_nonstatic(JNIEnv_*, JavaValue*, _jobject*, JNICallType, _jmethodID*, JNI_ArgumentPusher*, Thread*)+0x41b
V  [libjvm.so+0x6ba06f]  jni_CallVoidMethodV+0x10f
C  [libglass.so+0x145e8]  JNIEnv_::CallVoidMethod(_jobject*, _jmethodID*, ...)+0x98
C  [libglass.so+0x1a93a]  im_preedit_draw(_XIM*, char*, char*)+0x8a
C  [libX11.so.6+0x591d8]
C  0x0000000000000003


---------------  P R O C E S S  ---------------

Java Threads: ( => current thread )
  0x00007f39243ff800 JavaThread "Prism Font Disposer" daemon [_thread_blocked, id=4731, stack(0x00007f393897e000,0x00007f3938a7f000)]
  0x00007f392422a800 JavaThread "Abandoned connection cleanup thread" daemon [_thread_blocked, id=4729, stack(0x00007f393998c000,0x00007f3939a8d000)]
  0x00007f3994326000 JavaThread "JavaFX-Launcher" [_thread_blocked, id=4726, stack(0x00007f3939c8d000,0x00007f3939d8e000)]
=>0x00007f3994322000 JavaThread "JavaFX Application Thread" [_thread_in_Java, id=4725, stack(0x00007f3939d8e000,0x00007f3939e8f000)]
  0x00007f399431e800 JavaThread "Thread-1" daemon [_thread_blocked, id=4724, stack(0x00007f3939e8f000,0x00007f3939f90000)]
  0x00007f3994272000 JavaThread "QuantumRenderer-0" daemon [_thread_blocked, id=4721, stack(0x00007f3973231000,0x00007f3973332000)]
  0x00007f3994198000 JavaThread "Service Thread" daemon [_thread_blocked, id=4719, stack(0x00007f39734bf000,0x00007f39735c0000)]
  0x00007f3994177800 JavaThread "C1 CompilerThread2" daemon [_thread_blocked, id=4718, stack(0x00007f39735c0000,0x00007f39736c1000)]
  0x00007f3994176000 JavaThread "C2 CompilerThread1" daemon [_thread_blocked, id=4717, stack(0x00007f398002f000,0x00007f3980130000)]
  0x00007f3994173000 JavaThread "C2 CompilerThread0" daemon [_thread_blocked, id=4716, stack(0x00007f3980130000,0x00007f3980231000)]
  0x00007f3994171000 JavaThread "Signal Dispatcher" daemon [_thread_blocked, id=4715, stack(0x00007f3980231000,0x00007f3980332000)]
  0x00007f3994143800 JavaThread "Finalizer" daemon [_thread_blocked, id=4714, stack(0x00007f3980332000,0x00007f3980433000)]
  0x00007f3994141800 JavaThread "Reference Handler" daemon [_thread_blocked, id=4713, stack(0x00007f3980433000,0x00007f3980534000)]
  0x00007f399400a000 JavaThread "main" [_thread_blocked, id=4707, stack(0x00007f399a878000,0x00007f399a979000)]

Other Threads:
  0x00007f399413a000 VMThread [stack: 0x00007f3980534000,0x00007f3980635000] [id=4712]
  0x00007f399419a000 WatcherThread [stack: 0x00007f39733be000,0x00007f39734bf000] [id=4720]

VM state:not at safepoint (normal execution)

VM Mutex/Monitor currently owned by a thread: None

Heap:
 PSYoungGen      total 35328K, used 7224K [0x00000000ec100000, 0x00000000ef980000, 0x0000000100000000)
  eden space 29696K, 5% used [0x00000000ec100000,0x00000000ec28e070,0x00000000ede00000)
  from space 5632K, 100% used [0x00000000ede00000,0x00000000ee380000,0x00000000ee380000)
  to   space 6656K, 0% used [0x00000000ef300000,0x00000000ef300000,0x00000000ef980000)
 ParOldGen       total 29696K, used 7921K [0x00000000c4200000, 0x00000000c5f00000, 0x00000000ec100000)
  object space 29696K, 26% used [0x00000000c4200000,0x00000000c49bc560,0x00000000c5f00000)
 Metaspace       used 22613K, capacity 23876K, committed 24064K, reserved 1071104K
  class space    used 3087K, capacity 3301K, committed 3328K, reserved 1048576K

Card table byte_map: [0x00007f398442d000,0x00007f398460d000] byte_map_base: 0x00007f3983e0c000

Marking Bits: (ParMarkBitMap*) 0x00007f3999d4e2c0
 Begin Bits: [0x00007f39820f9000, 0x00007f3982ff1000)
 End Bits:   [0x00007f3982ff1000, 0x00007f3983ee9000)

Polling page: 0x00007f399a995000

CodeCache: size=245760Kb used=14284Kb max_used=14297Kb free=231475Kb
 bounds [0x00007f39849cd000, 0x00007f39857dd000, 0x00007f39939cd000]
 total_blobs=4855 nmethods=4146 adapters=621
 compilation: enabled

Compilation events (10 events):
Event: 27,608 Thread 0x00007f3994173000 4290       4       com.sun.javafx.geom.transform.Affine3D::setTransform (101 bytes)
Event: 27,615 Thread 0x00007f3994177800 nmethod 4283 0x00007f39857af0d0 code [0x00007f39857affe0, 0x00007f39857be028]
Event: 27,615 Thread 0x00007f3994177800 4288       3       com.sun.prism.impl.ps.BaseShaderContext::validatePaintOp (19 bytes)
Event: 27,615 Thread 0x00007f3994177800 nmethod 4288 0x00007f3985789810 code [0x00007f3985789980, 0x00007f3985789b88]
Event: 27,615 Thread 0x00007f3994177800 4281       3       javafx.scene.control.TableView$TableViewArrayListSelectionModel::isSelected (7 bytes)
Event: 27,616 Thread 0x00007f3994177800 nmethod 4281 0x00007f398578ac50 code [0x00007f398578adc0, 0x00007f398578af68]
Event: 27,616 Thread 0x00007f3994173000 nmethod 4290 0x00007f3985783850 code [0x00007f3985783ae0, 0x00007f3985784158]
Event: 27,620 Thread 0x00007f3994176000 nmethod 4279 0x00007f39857cbc10 code [0x00007f39857cbea0, 0x00007f39857ccfe0]
Event: 27,776 Thread 0x00007f3994173000 4291       4       com.sun.javafx.event.EventDispatchChainImpl::prepend (77 bytes)
Event: 27,786 Thread 0x00007f3994173000 nmethod 4291 0x00007f3985782c10 code [0x00007f3985782da0, 0x00007f39857833f8]

GC Heap History (10 events):
Event: 10,717 GC heap before
{Heap before GC invocations=4 (full 0):
 PSYoungGen      total 17920K, used 17904K [0x00000000ec100000, 0x00000000ed500000, 0x0000000100000000)
  eden space 15360K, 100% used [0x00000000ec100000,0x00000000ed000000,0x00000000ed000000)
  from space 2560K, 99% used [0x00000000ed000000,0x00000000ed27c080,0x00000000ed280000)
  to   space 2560K, 0% used [0x00000000ed280000,0x00000000ed280000,0x00000000ed500000)
 ParOldGen       total 40960K, used 4054K [0x00000000c4200000, 0x00000000c6a00000, 0x00000000ec100000)
  object space 40960K, 9% used [0x00000000c4200000,0x00000000c45f59d8,0x00000000c6a00000)
 Metaspace       used 19464K, capacity 20240K, committed 20352K, reserved 1067008K
  class space    used 2724K, capacity 2901K, committed 2944K, reserved 1048576K
Event: 10,724 GC heap after
Heap after GC invocations=4 (full 0):
 PSYoungGen      total 17920K, used 2544K [0x00000000ec100000, 0x00000000ed500000, 0x0000000100000000)
  eden space 15360K, 0% used [0x00000000ec100000,0x00000000ec100000,0x00000000ed000000)
  from space 2560K, 99% used [0x00000000ed280000,0x00000000ed4fc0a0,0x00000000ed500000)
  to   space 2560K, 0% used [0x00000000ed000000,0x00000000ed000000,0x00000000ed280000)
 ParOldGen       total 40960K, used 4890K [0x00000000c4200000, 0x00000000c6a00000, 0x00000000ec100000)
  object space 40960K, 11% used [0x00000000c4200000,0x00000000c46c68e8,0x00000000c6a00000)
 Metaspace       used 19464K, capacity 20240K, committed 20352K, reserved 1067008K
  class space    used 2724K, capacity 2901K, committed 2944K, reserved 1048576K
}
Event: 10,983 GC heap before
{Heap before GC invocations=5 (full 0):
 PSYoungGen      total 17920K, used 9902K [0x00000000ec100000, 0x00000000ed500000, 0x0000000100000000)
  eden space 15360K, 47% used [0x00000000ec100000,0x00000000ec82fa18,0x00000000ed000000)
  from space 2560K, 99% used [0x00000000ed280000,0x00000000ed4fc0a0,0x00000000ed500000)
  to   space 2560K, 0% used [0x00000000ed000000,0x00000000ed000000,0x00000000ed280000)
 ParOldGen       total 40960K, used 4890K [0x00000000c4200000, 0x00000000c6a00000, 0x00000000ec100000)
  object space 40960K, 11% used [0x00000000c4200000,0x00000000c46c68e8,0x00000000c6a00000)
 Metaspace       used 20329K, capacity 21254K, committed 21296K, reserved 1067008K
  class space    used 2880K, capacity 3056K, committed 3072K, reserved 1048576K
Event: 10,991 GC heap after
Heap after GC invocations=5 (full 0):
 PSYoungGen      total 17920K, used 2528K [0x00000000ec100000, 0x00000000ee900000, 0x0000000100000000)
  eden space 15360K, 0% used [0x00000000ec100000,0x00000000ec100000,0x00000000ed000000)
  from space 2560K, 98% used [0x00000000ed000000,0x00000000ed2780b0,0x00000000ed280000)
  to   space 5120K, 0% used [0x00000000ee400000,0x00000000ee400000,0x00000000ee900000)
 ParOldGen       total 40960K, used 5630K [0x00000000c4200000, 0x00000000c6a00000, 0x00000000ec100000)
  object space 40960K, 13% used [0x00000000c4200000,0x00000000c477f800,0x00000000c6a00000)
 Metaspace       used 20329K, capacity 21254K, committed 21296K, reserved 1067008K
  class space    used 2880K, capacity 3056K, committed 3072K, reserved 1048576K
}
Event: 10,991 GC heap before
{Heap before GC invocations=6 (full 1):
 PSYoungGen      total 17920K, used 2528K [0x00000000ec100000, 0x00000000ee900000, 0x0000000100000000)
  eden space 15360K, 0% used [0x00000000ec100000,0x00000000ec100000,0x00000000ed000000)
  from space 2560K, 98% used [0x00000000ed000000,0x00000000ed2780b0,0x00000000ed280000)
  to   space 5120K, 0% used [0x00000000ee400000,0x00000000ee400000,0x00000000ee900000)
 ParOldGen       total 40960K, used 5630K [0x00000000c4200000, 0x00000000c6a00000, 0x00000000ec100000)
  object space 40960K, 13% used [0x00000000c4200000,0x00000000c477f800,0x00000000c6a00000)
 Metaspace       used 20329K, capacity 21254K, committed 21296K, reserved 1067008K
  class space    used 2880K, capacity 3056K, committed 3072K, reserved 1048576K
Event: 11,041 GC heap after
Heap after GC invocations=6 (full 1):
 PSYoungGen      total 17920K, used 0K [0x00000000ec100000, 0x00000000ee900000, 0x0000000100000000)
  eden space 15360K, 0% used [0x00000000ec100000,0x00000000ec100000,0x00000000ed000000)
  from space 2560K, 0% used [0x00000000ed000000,0x00000000ed000000,0x00000000ed280000)
  to   space 5120K, 0% used [0x00000000ee400000,0x00000000ee400000,0x00000000ee900000)
 ParOldGen       total 29696K, used 7105K [0x00000000c4200000, 0x00000000c5f00000, 0x00000000ec100000)
  object space 29696K, 23% used [0x00000000c4200000,0x00000000c48f0560,0x00000000c5f00000)
 Metaspace       used 20328K, capacity 21252K, committed 21296K, reserved 1067008K
  class space    used 2879K, capacity 3055K, committed 3072K, reserved 1048576K
}
Event: 11,845 GC heap before
{Heap before GC invocations=7 (full 1):
 PSYoungGen      total 17920K, used 15360K [0x00000000ec100000, 0x00000000ee900000, 0x0000000100000000)
  eden space 15360K, 100% used [0x00000000ec100000,0x00000000ed000000,0x00000000ed000000)
  from space 2560K, 0% used [0x00000000ed000000,0x00000000ed000000,0x00000000ed280000)
  to   space 5120K, 0% used [0x00000000ee400000,0x00000000ee400000,0x00000000ee900000)
 ParOldGen       total 29696K, used 7105K [0x00000000c4200000, 0x00000000c5f00000, 0x00000000ec100000)
  object space 29696K, 23% used [0x00000000c4200000,0x00000000c48f0560,0x00000000c5f00000)
 Metaspace       used 21544K, capacity 22774K, committed 23040K, reserved 1069056K
  class space    used 3031K, capacity 3248K, committed 3328K, reserved 1048576K
Event: 11,854 GC heap after
Heap after GC invocations=7 (full 1):
 PSYoungGen      total 31744K, used 4864K [0x00000000ec100000, 0x00000000ee900000, 0x0000000100000000)
  eden space 26624K, 0% used [0x00000000ec100000,0x00000000ec100000,0x00000000edb00000)
  from space 5120K, 95% used [0x00000000ee400000,0x00000000ee8c0000,0x00000000ee900000)
  to   space 5632K, 0% used [0x00000000ede00000,0x00000000ede00000,0x00000000ee380000)
 ParOldGen       total 29696K, used 7113K [0x00000000c4200000, 0x00000000c5f00000, 0x00000000ec100000)
  object space 29696K, 23% used [0x00000000c4200000,0x00000000c48f2560,0x00000000c5f00000)
 Metaspace       used 21544K, capacity 22774K, committed 23040K, reserved 1069056K
  class space    used 3031K, capacity 3248K, committed 3328K, reserved 1048576K
}
Event: 26,718 GC heap before
{Heap before GC invocations=8 (full 1):
 PSYoungGen      total 31744K, used 31488K [0x00000000ec100000, 0x00000000ee900000, 0x0000000100000000)
  eden space 26624K, 100% used [0x00000000ec100000,0x00000000edb00000,0x00000000edb00000)
  from space 5120K, 95% used [0x00000000ee400000,0x00000000ee8c0000,0x00000000ee900000)
  to   space 5632K, 0% used [0x00000000ede00000,0x00000000ede00000,0x00000000ee380000)
 ParOldGen       total 29696K, used 7113K [0x00000000c4200000, 0x00000000c5f00000, 0x00000000ec100000)
  object space 29696K, 23% used [0x00000000c4200000,0x00000000c48f2560,0x00000000c5f00000)
 Metaspace       used 22576K, capacity 23876K, committed 24064K, reserved 1071104K
  class space    used 3086K, capacity 3301K, committed 3328K, reserved 1048576K
Event: 26,741 GC heap after
Heap after GC invocations=8 (full 1):
 PSYoungGen      total 35328K, used 5632K [0x00000000ec100000, 0x00000000ef980000, 0x0000000100000000)
  eden space 29696K, 0% used [0x00000000ec100000,0x00000000ec100000,0x00000000ede00000)
  from space 5632K, 100% used [0x00000000ede00000,0x00000000ee380000,0x00000000ee380000)
  to   space 6656K, 0% used [0x00000000ef300000,0x00000000ef300000,0x00000000ef980000)
 ParOldGen       total 29696K, used 7921K [0x00000000c4200000, 0x00000000c5f00000, 0x00000000ec100000)
  object space 29696K, 26% used [0x00000000c4200000,0x00000000c49bc560,0x00000000c5f00000)
 Metaspace       used 22576K, capacity 23876K, committed 24064K, reserved 1071104K
  class space    used 3086K, capacity 3301K, committed 3328K, reserved 1048576K
}

Deoptimization events (10 events):
Event: 15,853 Thread 0x00007f3994322000 Uncommon trap: reason=class_check action=maybe_recompile pc=0x00007f39853b337c method=javafx.scene.Node.updateLocalToParentTransform()V @ 11
Event: 15,853 Thread 0x00007f3994322000 Uncommon trap: reason=null_check action=make_not_entrant pc=0x00007f3985549708 method=javafx.scene.Node$MiscProperties.getClip()Ljavafx/scene/Node; @ 20
Event: 15,853 Thread 0x00007f3994322000 Uncommon trap: reason=class_check action=maybe_recompile pc=0x00007f39853b337c method=javafx.scene.Node.updateLocalToParentTransform()V @ 11
Event: 15,853 Thread 0x00007f3994322000 Uncommon trap: reason=class_check action=maybe_recompile pc=0x00007f39853b337c method=javafx.scene.Node.updateLocalToParentTransform()V @ 11
Event: 16,636 Thread 0x00007f3994322000 Uncommon trap: reason=bimorphic action=maybe_recompile pc=0x00007f39852bd8dc method=com.sun.javafx.collections.ListListenerHelper$SingleChange.fireValueChangedEvent(Ljavafx/collections/ListChangeListener$Change;)V @ 5
Event: 16,636 Thread 0x00007f3994322000 Uncommon trap: reason=bimorphic action=maybe_recompile pc=0x00007f39852bd8dc method=com.sun.javafx.collections.ListListenerHelper$SingleChange.fireValueChangedEvent(Ljavafx/collections/ListChangeListener$Change;)V @ 5
Event: 17,061 Thread 0x00007f3994322000 Uncommon trap: reason=bimorphic action=maybe_recompile pc=0x00007f39852bd8dc method=com.sun.javafx.collections.ListListenerHelper$SingleChange.fireValueChangedEvent(Ljavafx/collections/ListChangeListener$Change;)V @ 5
Event: 20,369 Thread 0x00007f3994322000 Uncommon trap: reason=unreached action=reinterpret pc=0x00007f398563a290 method=com.sun.javafx.css.StyleManager$CacheContainer.getStyleCache()Ljava/util/Map; @ 4
Event: 20,380 Thread 0x00007f3994322000 Uncommon trap: reason=unreached action=reinterpret pc=0x00007f39854d9670 method=javafx.scene.CssStyleHelper.canReuseStyleHelper(Ljavafx/scene/Node;Lcom/sun/javafx/css/StyleMap;)Z @ 57
Event: 21,635 Thread 0x00007f3994322000 Uncommon trap: reason=null_check action=make_not_entrant pc=0x00007f3985654684 method=javafx.scene.Node$MiscProperties.getEffect()Ljavafx/scene/effect/Effect; @ 20

Internal exceptions (10 events):
Event: 11,772 Thread 0x00007f3994322000 Exception <a 'java/security/PrivilegedActionException'> (0x00000000ecf25588) thrown at [/HUDSON/workspace/8-2-build-linux-amd64/jdk8u25/1514/hotspot/src/share/vm/prims/jvm.cpp, line 1312]
Event: 15,853 Thread 0x00007f3994322000 Implicit null exception at 0x00007f398544f4cc to 0x00007f3985450da1
Event: 15,853 Thread 0x00007f3994322000 Implicit null exception at 0x00007f398550b5c7 to 0x00007f398550b619
Event: 15,853 Thread 0x00007f3994322000 Implicit null exception at 0x00007f3985548e9f to 0x00007f39855496ed
Event: 20,369 Thread 0x00007f3994322000 Implicit null exception at 0x00007f398563385c to 0x00007f398563a281
Event: 21,635 Thread 0x00007f3994322000 Implicit null exception at 0x00007f3985653764 to 0x00007f3985654669
Event: 23,569 Thread 0x00007f3994322000 Exception <a 'java/security/PrivilegedActionException'> (0x00000000ed4fc320) thrown at [/HUDSON/workspace/8-2-build-linux-amd64/jdk8u25/1514/hotspot/src/share/vm/prims/jvm.cpp, line 1312]
Event: 23,569 Thread 0x00007f3994322000 Exception <a 'java/security/PrivilegedActionException'> (0x00000000ed4fce08) thrown at [/HUDSON/workspace/8-2-build-linux-amd64/jdk8u25/1514/hotspot/src/share/vm/prims/jvm.cpp, line 1312]
Event: 23,569 Thread 0x00007f3994322000 Exception <a 'java/security/PrivilegedActionException'> (0x00000000ed4feb08) thrown at [/HUDSON/workspace/8-2-build-linux-amd64/jdk8u25/1514/hotspot/src/share/vm/prims/jvm.cpp, line 1312]
Event: 23,569 Thread 0x00007f3994322000 Exception <a 'java/security/PrivilegedActionException'> (0x00000000ed4ff640) thrown at [/HUDSON/workspace/8-2-build-linux-amd64/jdk8u25/1514/hotspot/src/share/vm/prims/jvm.cpp, line 1312]

Events (10 events):
Event: 24,664 loading class cm/controller/LeTan/TiepNhanController
Event: 24,664 loading class cm/controller/LeTan/TiepNhanController done
Event: 24,666 loading class com/sun/javafx/collections/MappingChange$2
Event: 24,666 loading class com/sun/javafx/collections/MappingChange$2 done
Event: 26,718 Executing VM operation: ParallelGCFailedAllocation
Event: 26,741 Executing VM operation: ParallelGCFailedAllocation done
Event: 27,555 loading class com/sun/javafx/binding/ExpressionHelper$1
Event: 27,555 loading class com/sun/javafx/binding/ExpressionHelper$1 done
Event: 27,777 loading class java/lang/Throwable$WrappedPrintStream
Event: 27,777 loading class java/lang/Throwable$WrappedPrintStream done


Dynamic libraries:
00400000-00401000 r-xp 00000000 08:07 267404                             /usr/lib/jvm/jdk1.8.0_25/jre/bin/java
00600000-00601000 rw-p 00000000 08:07 267404                             /usr/lib/jvm/jdk1.8.0_25/jre/bin/java
01079000-0109a000 rw-p 00000000 00:00 0                                  [heap]
c4200000-c5f00000 rw-p 00000000 00:00 0 
c5f00000-ec100000 ---p 00000000 00:00 0 
ec100000-ef980000 rw-p 00000000 00:00 0 
ef980000-100000000 ---p 00000000 00:00 0 
100000000-100340000 rw-p 00000000 00:00 0 
100340000-140000000 ---p 00000000 00:00 0 
7f391bbd0000-7f391bc10000 rw-p 00000000 00:00 0 
7f391bc10000-7f391bdd0000 ---p 00000000 00:00 0 
7f391be10000-7f391be18000 rw-s 00000000 00:04 253069                     /drm mm object (deleted)
7f391be18000-7f391be20000 rw-s 00000000 00:04 253067                     /drm mm object (deleted)
7f391be28000-7f391be30000 rw-s 00000000 00:04 253063                     /drm mm object (deleted)
7f391be30000-7f391be38000 rw-s 00000000 00:04 253061                     /drm mm object (deleted)
7f391be40000-7f391c000000 rw-s 00000000 00:04 253030                     /drm mm object (deleted)
7f391c000000-7f391c021000 rw-p 00000000 00:00 0 
7f391c021000-7f3920000000 ---p 00000000 00:00 0 
7f3920000000-7f3920021000 rw-p 00000000 00:00 0 
7f3920021000-7f3924000000 ---p 00000000 00:00 0 
7f3924000000-7f392475d000 rw-p 00000000 00:00 0 
7f392475d000-7f3928000000 ---p 00000000 00:00 0 
7f3928000000-7f3928021000 rw-p 00000000 00:00 0 
7f3928021000-7f392c000000 ---p 00000000 00:00 0 
7f392c000000-7f392c022000 rw-p 00000000 00:00 0 
7f392c022000-7f3930000000 ---p 00000000 00:00 0 
7f3930000000-7f3930021000 rw-p 00000000 00:00 0 
7f3930021000-7f3934000000 ---p 00000000 00:00 0 
7f3934000000-7f3934021000 rw-p 00000000 00:00 0 
7f3934021000-7f3938000000 ---p 00000000 00:00 0 
7f393801c000-7f3938024000 rw-s 00000000 00:04 253094                     /drm mm object (deleted)
7f3938024000-7f393802c000 rw-s 00000000 00:04 253092                     /drm mm object (deleted)
7f393802c000-7f3938034000 rw-s 00000000 00:04 253090                     /drm mm object (deleted)
7f3938034000-7f393803c000 rw-s 00000000 00:04 254366                     /drm mm object (deleted)
7f393803c000-7f3938044000 rw-s 00000000 00:04 254364                     /drm mm object (deleted)
7f3938044000-7f393804c000 rw-s 00000000 00:04 254362                     /drm mm object (deleted)
7f3938054000-7f393805c000 rw-s 00000000 00:04 250830                     /drm mm object (deleted)
7f3938064000-7f393810e000 r--p 00000000 08:07 1968774                    /usr/share/fonts/truetype/dejavu/DejaVuSans-Bold.ttf
7f393810e000-7f393830e000 rw-p 00000000 00:00 0 
7f393830e000-7f393850e000 rw-p 00000000 00:00 0 
7f3938516000-7f393851e000 rw-s 00000000 00:04 253005                     /drm mm object (deleted)
7f393851e000-7f3938525000 r--s 00000000 08:07 1312917                    /usr/lib/x86_64-linux-gnu/gconv/gconv-modules.cache
7f3938529000-7f3938589000 rw-s 10284c000 00:05 9793                      /dev/dri/card0
7f3938589000-7f3938597000 rw-s 10283e000 00:05 9793                      /dev/dri/card0
7f393859b000-7f393875b000 rw-s 00000000 00:04 254327                     /drm mm object (deleted)
7f393875b000-7f393875c000 rw-s 00000000 00:04 254344                     /drm mm object (deleted)
7f393875d000-7f3938769000 rw-s 00000000 00:04 252141                     /drm mm object (deleted)
7f3938769000-7f393876a000 rw-s 00000000 00:04 254343                     /drm mm object (deleted)
7f393876a000-7f393876b000 rw-s 00000000 00:04 254325                     /drm mm object (deleted)
7f393876b000-7f393877e000 r--s 00344000 08:07 2495517                    /usr/lib/jvm/jdk1.8.0_25/jre/lib/resources.jar
7f393877e000-7f393897e000 rw-p 00000000 00:00 0 
7f393897e000-7f3938981000 ---p 00000000 00:00 0 
7f3938981000-7f3938a7f000 rw-p 00000000 00:00 0                          [stack:4731]
7f3938a7f000-7f3938b35000 r--p 00000000 08:07 1968775                    /usr/share/fonts/truetype/dejavu/DejaVuSans.ttf
7f3938b35000-7f3938b8a000 r--p 00000000 08:07 133747                     /usr/lib/jvm/jdk1.8.0_25/jre/lib/fonts/LucidaBrightRegular.ttf
7f3938b8a000-7f3938b9d000 r--p 00000000 08:07 133751                     /usr/lib/jvm/jdk1.8.0_25/jre/lib/fonts/LucidaBrightDemiBold.ttf
7f3938b9d000-7f3938bb1000 r--p 00000000 08:07 133746                     /usr/lib/jvm/jdk1.8.0_25/jre/lib/fonts/LucidaBrightItalic.ttf
7f3938bb1000-7f3938bed000 r--p 00000000 08:07 133745                     /usr/lib/jvm/jdk1.8.0_25/jre/lib/fonts/LucidaTypewriterRegular.ttf
7f3938bed000-7f3938c98000 r--p 00000000 08:07 133749                     /usr/lib/jvm/jdk1.8.0_25/jre/lib/fonts/LucidaSansRegular.ttf
7f3938c98000-7f3938cd2000 r--p 00000000 08:07 133748                     /usr/lib/jvm/jdk1.8.0_25/jre/lib/fonts/LucidaTypewriterBold.ttf
7f3938cd2000-7f3938d20000 r--p 00000000 08:07 133752                     /usr/lib/jvm/jdk1.8.0_25/jre/lib/fonts/LucidaSansDemiBold.ttf
7f3938d20000-7f3938d33000 r--p 00000000 08:07 133750                     /usr/lib/jvm/jdk1.8.0_25/jre/lib/fonts/LucidaBrightDemiItalic.ttf
7f3938d33000-7f3938d37000 r-xp 00000000 08:07 2495494                    /usr/lib/jvm/jdk1.8.0_25/jre/lib/amd64/libjavafx_font_pango.so
7f3938d37000-7f3938f36000 ---p 00004000 08:07 2495494                    /usr/lib/jvm/jdk1.8.0_25/jre/lib/amd64/libjavafx_font_pango.so
7f3938f36000-7f3938f37000 r--p 00003000 08:07 2495494                    /usr/lib/jvm/jdk1.8.0_25/jre/lib/amd64/libjavafx_font_pango.so
7f3938f37000-7f3938f38000 rw-p 00004000 08:07 2495494                    /usr/lib/jvm/jdk1.8.0_25/jre/lib/amd64/libjavafx_font_pango.so
7f3938f38000-7f3938f3d000 r--s 00084000 08:07 2495507                    /usr/lib/jvm/jdk1.8.0_25/jre/lib/jfr.jar
7f3938f3d000-7f393913d000 rw-p 00000000 00:00 0 
7f393913d000-7f393913e000 r--s 00000000 08:07 1187986                    /var/cache/fontconfig/c05880de57d1f5e948fdfacc138775d9-le64.cache-4
7f393913e000-7f3939149000 r--s 00000000 08:07 1187980                    /var/cache/fontconfig/945677eb7aeaf62f1d50efc3fb3ec7d8-le64.cache-4
7f3939149000-7f393914f000 r--s 00000000 08:07 1187966                    /var/cache/fontconfig/2cd17615ca594fa2959ae173292e504c-le64.cache-4
7f393914f000-7f3939150000 r--s 00000000 08:07 1187996                    /var/cache/fontconfig/e7071f4a29fa870f4323321c154eba04-le64.cache-4
7f3939150000-7f3939157000 r--s 00000000 08:07 1187983                    /var/cache/fontconfig/a755afe4a08bf5b97852ceb7400b47bc-le64.cache-4
7f3939157000-7f393916b000 r--s 00000000 08:07 1187961                    /var/cache/fontconfig/04aabc0a78ac019cf9454389977116d2-le64.cache-4
7f393916b000-7f3939170000 r-xp 00000000 08:07 2495444                    /usr/lib/jvm/jdk1.8.0_25/jre/lib/amd64/libjavafx_font_freetype.so
7f3939170000-7f393936f000 ---p 00005000 08:07 2495444                    /usr/lib/jvm/jdk1.8.0_25/jre/lib/amd64/libjavafx_font_freetype.so
7f393936f000-7f3939370000 r--p 00004000 08:07 2495444                    /usr/lib/jvm/jdk1.8.0_25/jre/lib/amd64/libjavafx_font_freetype.so
7f3939370000-7f3939371000 rw-p 00005000 08:07 2495444                    /usr/lib/jvm/jdk1.8.0_25/jre/lib/amd64/libjavafx_font_freetype.so
7f3939371000-7f3939374000 r-xp 00000000 08:07 2495448                    /usr/lib/jvm/jdk1.8.0_25/jre/lib/amd64/libjavafx_font.so
7f3939374000-7f3939573000 ---p 00003000 08:07 2495448                    /usr/lib/jvm/jdk1.8.0_25/jre/lib/amd64/libjavafx_font.so
7f3939573000-7f3939574000 r--p 00002000 08:07 2495448                    /usr/lib/jvm/jdk1.8.0_25/jre/lib/amd64/libjavafx_font.so
7f3939574000-7f3939575000 rw-p 00003000 08:07 2495448                    /usr/lib/jvm/jdk1.8.0_25/jre/lib/amd64/libjavafx_font.so
7f3939575000-7f393958b000 r-xp 00000000 08:07 2495477                    /usr/lib/jvm/jdk1.8.0_25/jre/lib/amd64/libnet.so
7f393958b000-7f393978b000 ---p 00016000 08:07 2495477                    /usr/lib/jvm/jdk1.8.0_25/jre/lib/amd64/libnet.so
7f393978b000-7f393978c000 rw-p 00016000 08:07 2495477                    /usr/lib/jvm/jdk1.8.0_25/jre/lib/amd64/libnet.so
7f393978c000-7f393998c000 rw-p 00000000 00:00 0 
7f393998c000-7f393998f000 ---p 00000000 00:00 0 
7f393998f000-7f3939c8d000 rw-p 00000000 00:00 0                          [stack:4729]
7f3939c8d000-7f3939c90000 ---p 00000000 00:00 0 
7f3939c90000-7f3939d8e000 rw-p 00000000 00:00 0                          [stack:4726]
7f3939d8e000-7f3939d91000 ---p 00000000 00:00 0 
7f3939d91000-7f3939e8f000 rw-p 00000000 00:00 0                          [stack:4725]
7f3939e8f000-7f3939e92000 ---p 00000000 00:00 0 
7f3939e92000-7f3939f90000 rw-p 00000000 00:00 0                          [stack:4724]
7f3939f90000-7f3939f91000 ---p 00000000 00:00 0 
7f3939f91000-7f393a791000 rw-p 00000000 00:00 0                          [stack:4723]
7f393a791000-7f393a792000 ---p 00000000 00:00 0 
7f393a792000-7f393af92000 rw-p 00000000 00:00 0                          [stack:4722]
7f393af92000-7f393af9d000 r-xp 00000000 08:07 1313010                    /usr/lib/x86_64-linux-gnu/gio/modules/libdconfsettings.so
7f393af9d000-7f393b19d000 ---p 0000b000 08:07 1313010                    /usr/lib/x86_64-linux-gnu/gio/modules/libdconfsettings.so
7f393b19d000-7f393b19e000 r--p 0000b000 08:07 1313010                    /usr/lib/x86_64-linux-gnu/gio/modules/libdconfsettings.so
7f393b19e000-7f393b19f000 rw-p 0000c000 08:07 1313010                    /usr/lib/x86_64-linux-gnu/gio/modules/libdconfsettings.so
7f393b19f000-7f393b1b8000 r-xp 00000000 08:07 1313014                    /usr/lib/x86_64-linux-gnu/gio/modules/libgioremote-volume-monitor.so
7f393b1b8000-7f393b3b8000 ---p 00019000 08:07 1313014                    /usr/lib/x86_64-linux-gnu/gio/modules/libgioremote-volume-monitor.so
7f393b3b8000-7f393b3bb000 r--p 00019000 08:07 1313014                    /usr/lib/x86_64-linux-gnu/gio/modules/libgioremote-volume-monitor.so
7f393b3bb000-7f393b3bc000 rw-p 0001c000 08:07 1313014                    /usr/lib/x86_64-linux-gnu/gio/modules/libgioremote-volume-monitor.so
7f393b3bc000-7f393b3f0000 r-xp 00000000 08:07 1313315                    /usr/lib/x86_64-linux-gnu/gvfs/libgvfscommon.so
7f393b3f0000-7f393b5f0000 ---p 00034000 08:07 1313315                    /usr/lib/x86_64-linux-gnu/gvfs/libgvfscommon.so
7f393b5f0000-7f393b5f5000 r--p 00034000 08:07 1313315                    /usr/lib/x86_64-linux-gnu/gvfs/libgvfscommon.so
7f393b5f5000-7f393b5f6000 rw-p 00039000 08:07 1313315                    /usr/lib/x86_64-linux-gnu/gvfs/libgvfscommon.so
7f393b5f6000-7f393b625000 r-xp 00000000 08:07 1313015                    /usr/lib/x86_64-linux-gnu/gio/modules/libgvfsdbus.so
7f393b625000-7f393b825000 ---p 0002f000 08:07 1313015                    /usr/lib/x86_64-linux-gnu/gio/modules/libgvfsdbus.so
7f393b825000-7f393b826000 r--p 0002f000 08:07 1313015                    /usr/lib/x86_64-linux-gnu/gio/modules/libgvfsdbus.so
7f393b826000-7f393b827000 rw-p 00030000 08:07 1313015                    /usr/lib/x86_64-linux-gnu/gio/modules/libgvfsdbus.so
7f393b827000-7f393b828000 rw-p 00000000 00:00 0 
7f393b828000-7f393b82f000 r-xp 00000000 08:07 1058871                    /usr/lib/x86_64-linux-gnu/libogg.so.0.8.1
7f393b82f000-7f393ba2f000 ---p 00007000 08:07 1058871                    /usr/lib/x86_64-linux-gnu/libogg.so.0.8.1
7f393ba2f000-7f393ba30000 r--p 00007000 08:07 1058871                    /usr/lib/x86_64-linux-gnu/libogg.so.0.8.1
7f393ba30000-7f393ba31000 rw-p 00008000 08:07 1058871                    /usr/lib/x86_64-linux-gnu/libogg.so.0.8.1
7f393ba31000-7f393ba5d000 r-xp 00000000 08:07 1059149                    /usr/lib/x86_64-linux-gnu/libvorbis.so.0.4.5
7f393ba5d000-7f393bc5c000 ---p 0002c000 08:07 1059149                    /usr/lib/x86_64-linux-gnu/libvorbis.so.0.4.5
7f393bc5c000-7f393bc5d000 r--p 0002b000 08:07 1059149                    /usr/lib/x86_64-linux-gnu/libvorbis.so.0.4.5
7f393bc5d000-7f393bc5e000 rw-p 0002c000 08:07 1059149                    /usr/lib/x86_64-linux-gnu/libvorbis.so.0.4.5
7f393bc5e000-7f393bc67000 r-xp 00000000 08:07 1058777                    /usr/lib/x86_64-linux-gnu/libltdl.so.7.3.0
7f393bc67000-7f393be66000 ---p 00009000 08:07 1058777                    /usr/lib/x86_64-linux-gnu/libltdl.so.7.3.0
7f393be66000-7f393be67000 r--p 00008000 08:07 1058777                    /usr/lib/x86_64-linux-gnu/libltdl.so.7.3.0
7f393be67000-7f393be68000 rw-p 00009000 08:07 1058777                    /usr/lib/x86_64-linux-gnu/libltdl.so.7.3.0
7f393be68000-7f393be79000 r-xp 00000000 08:07 1059068                    /usr/lib/x86_64-linux-gnu/libtdb.so.1.2.12
7f393be79000-7f393c078000 ---p 00011000 08:07 1059068                    /usr/lib/x86_64-linux-gnu/libtdb.so.1.2.12
7f393c078000-7f393c079000 r--p 00010000 08:07 1059068                    /usr/lib/x86_64-linux-gnu/libtdb.so.1.2.12
7f393c079000-7f393c07a000 rw-p 00011000 08:07 1059068                    /usr/lib/x86_64-linux-gnu/libtdb.so.1.2.12
7f393c07a000-7f393c081000 r-xp 00000000 08:07 1059153                    /usr/lib/x86_64-linux-gnu/libvorbisfile.so.3.3.4
7f393c081000-7f393c280000 ---p 00007000 08:07 1059153                    /usr/lib/x86_64-linux-gnu/libvorbisfile.so.3.3.4
7f393c280000-7f393c281000 r--p 00006000 08:07 1059153                    /usr/lib/x86_64-linux-gnu/libvorbisfile.so.3.3.4
7f393c281000-7f393c282000 rw-p 00007000 08:07 1059153                    /usr/lib/x86_64-linux-gnu/libvorbisfile.so.3.3.4
7f393c282000-7f393c291000 r-xp 00000000 08:07 1058291                    /usr/lib/x86_64-linux-gnu/libcanberra.so.0.2.5
7f393c291000-7f393c490000 ---p 0000f000 08:07 1058291                    /usr/lib/x86_64-linux-gnu/libcanberra.so.0.2.5
7f393c490000-7f393c491000 r--p 0000e000 08:07 1058291                    /usr/lib/x86_64-linux-gnu/libcanberra.so.0.2.5
7f393c491000-7f393c492000 rw-p 0000f000 08:07 1058291                    /usr/lib/x86_64-linux-gnu/libcanberra.so.0.2.5
7f393c492000-7f393c496000 r-xp 00000000 08:07 1058287                    /usr/lib/x86_64-linux-gnu/libcanberra-gtk.so.0.1.9
7f393c496000-7f393c695000 ---p 00004000 08:07 1058287                    /usr/lib/x86_64-linux-gnu/libcanberra-gtk.so.0.1.9
7f393c695000-7f393c696000 r--p 00003000 08:07 1058287                    /usr/lib/x86_64-linux-gnu/libcanberra-gtk.so.0.1.9
7f393c696000-7f393c697000 rw-p 00004000 08:07 1058287                    /usr/lib/x86_64-linux-gnu/libcanberra-gtk.so.0.1.9
7f393c697000-7f393c69c000 r-xp 00000000 08:07 1313265                    /usr/lib/x86_64-linux-gnu/gtk-2.0/modules/libcanberra-gtk-module.so
7f393c69c000-7f393c89b000 ---p 00005000 08:07 1313265                    /usr/lib/x86_64-linux-gnu/gtk-2.0/modules/libcanberra-gtk-module.so
7f393c89b000-7f393c89c000 r--p 00004000 08:07 1313265                    /usr/lib/x86_64-linux-gnu/gtk-2.0/modules/libcanberra-gtk-module.so
7f393c89c000-7f393c89d000 rw-p 00005000 08:07 1313265                    /usr/lib/x86_64-linux-gnu/gtk-2.0/modules/libcanberra-gtk-module.so
7f393c89d000-7f393c8cc000 r-xp 00000000 08:07 1313247                    /usr/lib/x86_64-linux-gnu/gtk-2.0/2.10.0/engines/libmurrine.so
7f393c8cc000-7f393cacc000 ---p 0002f000 08:07 1313247                    /usr/lib/x86_64-linux-gnu/gtk-2.0/2.10.0/engines/libmurrine.so
7f393cacc000-7f393cacd000 r--p 0002f000 08:07 1313247                    /usr/lib/x86_64-linux-gnu/gtk-2.0/2.10.0/engines/libmurrine.so
7f393cacd000-7f393cace000 rw-p 00030000 08:07 1313247                    /usr/lib/x86_64-linux-gnu/gtk-2.0/2.10.0/engines/libmurrine.so
7f393cace000-7f393cade000 r-xp 00000000 08:07 1059117                    /usr/lib/x86_64-linux-gnu/libunity-gtk2-parser.so.0.0.0
7f393cade000-7f393ccdd000 ---p 00010000 08:07 1059117                    /usr/lib/x86_64-linux-gnu/libunity-gtk2-parser.so.0.0.0
7f393ccdd000-7f393ccde000 r--p 0000f000 08:07 1059117                    /usr/lib/x86_64-linux-gnu/libunity-gtk2-parser.so.0.0.0
7f393ccde000-7f393ccdf000 rw-p 00010000 08:07 1059117                    /usr/lib/x86_64-linux-gnu/libunity-gtk2-parser.so.0.0.0
7f393ccdf000-7f393cce4000 r-xp 00000000 08:07 1313269                    /usr/lib/x86_64-linux-gnu/gtk-2.0/modules/libunity-gtk-module.so
7f393cce4000-7f393cee3000 ---p 00005000 08:07 1313269                    /usr/lib/x86_64-linux-gnu/gtk-2.0/modules/libunity-gtk-module.so
7f393cee3000-7f393cee4000 r--p 00004000 08:07 1313269                    /usr/lib/x86_64-linux-gnu/gtk-2.0/modules/libunity-gtk-module.so
7f393cee4000-7f393cee5000 rw-p 00005000 08:07 1313269                    /usr/lib/x86_64-linux-gnu/gtk-2.0/modules/libunity-gtk-module.so
7f393cee5000-7f393cef6000 r-xp 00000000 08:07 1313268                    /usr/lib/x86_64-linux-gnu/gtk-2.0/modules/liboverlay-scrollbar.so
7f393cef6000-7f393d0f5000 ---p 00011000 08:07 1313268                    /usr/lib/x86_64-linux-gnu/gtk-2.0/modules/liboverlay-scrollbar.so
7f393d0f5000-7f393d0f6000 r--p 00010000 08:07 1313268                    /usr/lib/x86_64-linux-gnu/gtk-2.0/modules/liboverlay-scrollbar.so
7f393d0f6000-7f393d0f7000 rw-p 00011000 08:07 1313268                    /usr/lib/x86_64-linux-gnu/gtk-2.0/modules/liboverlay-scrollbar.so
7f393d0f7000-7f393d121000 r-xp 00000000 08:07 2495453                    /usr/lib/jvm/jdk1.8.0_25/jre/lib/amd64/libglass.so
7f393d121000-7f393d321000 ---p 0002a000 08:07 2495453                    /usr/lib/jvm/jdk1.8.0_25/jre/lib/amd64/libglass.so
7f393d321000-7f393d323000 r--p 0002a000 08:07 2495453                    /usr/lib/jvm/jdk1.8.0_25/jre/lib/amd64/libglass.so
7f393d323000-7f393d324000 rw-p 0002c000 08:07 2495453                    /usr/lib/jvm/jdk1.8.0_25/jre/lib/amd64/libglass.so
7f393d324000-7f393d325000 rw-p 00000000 00:00 0 
7f393d325000-7f393d35c000 r-xp 00000000 08:07 1059100                    /usr/lib/x86_64-linux-gnu/libtxc_dxtn_s2tc.so.0.0.0
7f393d35c000-7f393d55b000 ---p 00037000 08:07 1059100                    /usr/lib/x86_64-linux-gnu/libtxc_dxtn_s2tc.so.0.0.0
7f393d55b000-7f393d55c000 r--p 00036000 08:07 1059100                    /usr/lib/x86_64-linux-gnu/libtxc_dxtn_s2tc.so.0.0.0
7f393d55c000-7f393d55d000 rw-p 00037000 08:07 1059100                    /usr/lib/x86_64-linux-gnu/libtxc_dxtn_s2tc.so.0.0.0
7f393d55d000-7f393d565000 r-xp 00000000 08:07 1058903                    /usr/lib/x86_64-linux-gnu/libpciaccess.so.0.11.1
7f393d565000-7f393d764000 ---p 00008000 08:07 1058903                    /usr/lib/x86_64-linux-gnu/libpciaccess.so.0.11.1
7f393d764000-7f393d765000 r--p 00007000 08:07 1058903                    /usr/lib/x86_64-linux-gnu/libpciaccess.so.0.11.1
7f393d765000-7f393d766000 rw-p 00008000 08:07 1058903                    /usr/lib/x86_64-linux-gnu/libpciaccess.so.0.11.1
7f393d766000-7f393d772000 r-xp 00000000 08:07 1058400                    /usr/lib/x86_64-linux-gnu/libdrm_radeon.so.1.0.1
7f393d772000-7f393d971000 ---p 0000c000 08:07 1058400                    /usr/lib/x86_64-linux-gnu/libdrm_radeon.so.1.0.1
7f393d971000-7f393d972000 r--p 0000b000 08:07 1058400                    /usr/lib/x86_64-linux-gnu/libdrm_radeon.so.1.0.1
7f393d972000-7f393d973000 rw-p 0000c000 08:07 1058400                    /usr/lib/x86_64-linux-gnu/libdrm_radeon.so.1.0.1
7f393d973000-7f393d978000 r-xp 00000000 08:07 1058398                    /usr/lib/x86_64-linux-gnu/libdrm_nouveau.so.2.0.0
7f393d978000-7f393db77000 ---p 00005000 08:07 1058398                    /usr/lib/x86_64-linux-gnu/libdrm_nouveau.so.2.0.0
7f393db77000-7f393db78000 r--p 00004000 08:07 1058398                    /usr/lib/x86_64-linux-gnu/libdrm_nouveau.so.2.0.0
7f393db78000-7f393db79000 rw-p 00005000 08:07 1058398                    /usr/lib/x86_64-linux-gnu/libdrm_nouveau.so.2.0.0
7f393db79000-7f393db98000 r-xp 00000000 08:07 1058396                    /usr/lib/x86_64-linux-gnu/libdrm_intel.so.1.0.0
7f393db98000-7f393dd97000 ---p 0001f000 08:07 1058396                    /usr/lib/x86_64-linux-gnu/libdrm_intel.so.1.0.0
7f393dd97000-7f393dd98000 r--p 0001e000 08:07 1058396                    /usr/lib/x86_64-linux-gnu/libdrm_intel.so.1.0.0
7f393dd98000-7f393dd99000 rw-p 0001f000 08:07 1058396                    /usr/lib/x86_64-linux-gnu/libdrm_intel.so.1.0.0
7f393dd99000-7f393e286000 r-xp 00000000 08:07 1312344                    /usr/lib/x86_64-linux-gnu/dri/i965_dri.so
7f393e286000-7f393e486000 ---p 004ed000 08:07 1312344                    /usr/lib/x86_64-linux-gnu/dri/i965_dri.so
7f393e486000-7f393e49d000 r--p 004ed000 08:07 1312344                    /usr/lib/x86_64-linux-gnu/dri/i965_dri.so
7f393e49d000-7f393e4a9000 rw-p 00504000 08:07 1312344                    /usr/lib/x86_64-linux-gnu/dri/i965_dri.so
7f393e4a9000-7f393e4f5000 rw-p 00000000 00:00 0 
7f393e4f5000-7f393e539000 r-xp 00000000 08:07 1708082                    /lib/x86_64-linux-gnu/libdbus-1.so.3.7.6
7f393e539000-7f393e738000 ---p 00044000 08:07 1708082                    /lib/x86_64-linux-gnu/libdbus-1.so.3.7.6
7f393e738000-7f393e739000 r--p 00043000 08:07 1708082                    /lib/x86_64-linux-gnu/libdbus-1.so.3.7.6
7f393e739000-7f393e73a000 rw-p 00044000 08:07 1708082                    /lib/x86_64-linux-gnu/libdbus-1.so.3.7.6
7f393e73a000-7f393e742000 r-xp 00000000 08:07 1708130                    /lib/x86_64-linux-gnu/libnih-dbus.so.1.0.0
7f393e742000-7f393e942000 ---p 00008000 08:07 1708130                    /lib/x86_64-linux-gnu/libnih-dbus.so.1.0.0
7f393e942000-7f393e943000 r--p 00008000 08:07 1708130                    /lib/x86_64-linux-gnu/libnih-dbus.so.1.0.0
7f393e943000-7f393e944000 rw-p 00009000 08:07 1708130                    /lib/x86_64-linux-gnu/libnih-dbus.so.1.0.0
7f393e944000-7f393e95b000 r-xp 00000000 08:07 1708132                    /lib/x86_64-linux-gnu/libnih.so.1.0.0
7f393e95b000-7f393eb5a000 ---p 00017000 08:07 1708132                    /lib/x86_64-linux-gnu/libnih.so.1.0.0
7f393eb5a000-7f393eb5b000 r--p 00016000 08:07 1708132                    /lib/x86_64-linux-gnu/libnih.so.1.0.0
7f393eb5b000-7f393eb5c000 rw-p 00017000 08:07 1708132                    /lib/x86_64-linux-gnu/libnih.so.1.0.0
7f393eb5c000-7f393eb74000 r-xp 00000000 08:07 1708073                    /lib/x86_64-linux-gnu/libcgmanager.so.0.0.0
7f393eb74000-7f393ed73000 ---p 00018000 08:07 1708073                    /lib/x86_64-linux-gnu/libcgmanager.so.0.0.0
7f393ed73000-7f393ed75000 r--p 00017000 08:07 1708073                    /lib/x86_64-linux-gnu/libcgmanager.so.0.0.0
7f393ed75000-7f393ed76000 rw-p 00019000 08:07 1708073                    /lib/x86_64-linux-gnu/libcgmanager.so.0.0.0
7f393ed76000-7f393ed86000 r-xp 00000000 08:07 1708216                    /lib/x86_64-linux-gnu/libudev.so.1.3.5
7f393ed86000-7f393ef85000 ---p 00010000 08:07 1708216                    /lib/x86_64-linux-gnu/libudev.so.1.3.5
7f393ef85000-7f393ef86000 r--p 0000f000 08:07 1708216                    /lib/x86_64-linux-gnu/libudev.so.1.3.5
7f393ef86000-7f393ef87000 rw-p 00010000 08:07 1708216                    /lib/x86_64-linux-gnu/libudev.so.1.3.5
7f393ef87000-7f393ef8d000 r-xp 00000000 08:07 1058355                    /usr/lib/x86_64-linux-gnu/libdatrie.so.1.3.1
7f393ef8d000-7f393f18c000 ---p 00006000 08:07 1058355                    /usr/lib/x86_64-linux-gnu/libdatrie.so.1.3.1
7f393f18c000-7f393f18d000 r--p 00005000 08:07 1058355                    /usr/lib/x86_64-linux-gnu/libdatrie.so.1.3.1
7f393f18d000-7f393f18e000 rw-p 00006000 08:07 1058355                    /usr/lib/x86_64-linux-gnu/libdatrie.so.1.3.1
7f393f18e000-7f393f193000 r-xp 00000000 08:07 1058163                    /usr/lib/x86_64-linux-gnu/libXdmcp.so.6.0.0
7f393f193000-7f393f392000 ---p 00005000 08:07 1058163                    /usr/lib/x86_64-linux-gnu/libXdmcp.so.6.0.0
7f393f392000-7f393f393000 r--p 00004000 08:07 1058163                    /usr/lib/x86_64-linux-gnu/libXdmcp.so.6.0.0
7f393f393000-7f393f394000 rw-p 00005000 08:07 1058163                    /usr/lib/x86_64-linux-gnu/libXdmcp.so.6.0.0
7f393f394000-7f393f396000 r-xp 00000000 08:07 1058152                    /usr/lib/x86_64-linux-gnu/libXau.so.6.0.0
7f393f396000-7f393f596000 ---p 00002000 08:07 1058152                    /usr/lib/x86_64-linux-gnu/libXau.so.6.0.0
7f393f596000-7f393f597000 r--p 00002000 08:07 1058152                    /usr/lib/x86_64-linux-gnu/libXau.so.6.0.0
7f393f597000-7f393f598000 rw-p 00003000 08:07 1058152                    /usr/lib/x86_64-linux-gnu/libXau.so.6.0.0
7f393f598000-7f393f5b2000 r-xp 00000000 08:07 1058581                    /usr/lib/x86_64-linux-gnu/libgraphite2.so.3.0.1
7f393f5b2000-7f393f7b1000 ---p 0001a000 08:07 1058581                    /usr/lib/x86_64-linux-gnu/libgraphite2.so.3.0.1
7f393f7b1000-7f393f7b3000 r--p 00019000 08:07 1058581                    /usr/lib/x86_64-linux-gnu/libgraphite2.so.3.0.1
7f393f7b3000-7f393f7b4000 rw-p 0001b000 08:07 1058581                    /usr/lib/x86_64-linux-gnu/libgraphite2.so.3.0.1
7f393f7b4000-7f393f7bf000 r-xp 00000000 08:07 1058394                    /usr/lib/x86_64-linux-gnu/libdrm.so.2.4.0
7f393f7bf000-7f393f9be000 ---p 0000b000 08:07 1058394                    /usr/lib/x86_64-linux-gnu/libdrm.so.2.4.0
7f393f9be000-7f393f9bf000 r--p 0000a000 08:07 1058394                    /usr/lib/x86_64-linux-gnu/libdrm.so.2.4.0
7f393f9bf000-7f393f9c0000 rw-p 0000b000 08:07 1058394                    /usr/lib/x86_64-linux-gnu/libdrm.so.2.4.0
7f393f9c0000-7f393f9c1000 r-xp 00000000 08:07 1059228                    /usr/lib/x86_64-linux-gnu/libxshmfence.so.1.0.0
7f393f9c1000-7f393fbc0000 ---p 00001000 08:07 1059228                    /usr/lib/x86_64-linux-gnu/libxshmfence.so.1.0.0
7f393fbc0000-7f393fbc1000 r--p 00000000 08:07 1059228                    /usr/lib/x86_64-linux-gnu/libxshmfence.so.1.0.0
7f393fbc1000-7f393fbc2000 rw-p 00001000 08:07 1059228                    /usr/lib/x86_64-linux-gnu/libxshmfence.so.1.0.0
7f393fbc2000-7f393fbc7000 r-xp 00000000 08:07 1059212                    /usr/lib/x86_64-linux-gnu/libxcb-sync.so.1.0.0
7f393fbc7000-7f393fdc6000 ---p 00005000 08:07 1059212                    /usr/lib/x86_64-linux-gnu/libxcb-sync.so.1.0.0
7f393fdc6000-7f393fdc7000 r--p 00004000 08:07 1059212                    /usr/lib/x86_64-linux-gnu/libxcb-sync.so.1.0.0
7f393fdc7000-7f393fdc8000 rw-p 00005000 08:07 1059212                    /usr/lib/x86_64-linux-gnu/libxcb-sync.so.1.0.0
7f393fdc8000-7f393fdca000 r-xp 00000000 08:07 1059200                    /usr/lib/x86_64-linux-gnu/libxcb-present.so.0.0.0
7f393fdca000-7f393ffc9000 ---p 00002000 08:07 1059200                    /usr/lib/x86_64-linux-gnu/libxcb-present.so.0.0.0
7f393ffc9000-7f393ffca000 r--p 00001000 08:07 1059200                    /usr/lib/x86_64-linux-gnu/libxcb-present.so.0.0.0
7f393ffca000-7f393ffcb000 rw-p 00002000 08:07 1059200                    /usr/lib/x86_64-linux-gnu/libxcb-present.so.0.0.0
7f393ffcb000-7f393ffcd000 r-xp 00000000 08:07 1059192                    /usr/lib/x86_64-linux-gnu/libxcb-dri3.so.0.0.0
7f393ffcd000-7f39401cc000 ---p 00002000 08:07 1059192                    /usr/lib/x86_64-linux-gnu/libxcb-dri3.so.0.0.0
7f39401cc000-7f39401cd000 r--p 00001000 08:07 1059192                    /usr/lib/x86_64-linux-gnu/libxcb-dri3.so.0.0.0
7f39401cd000-7f39401ce000 rw-p 00002000 08:07 1059192                    /usr/lib/x86_64-linux-gnu/libxcb-dri3.so.0.0.0
7f39401ce000-7f39401d1000 r-xp 00000000 08:07 1059190                    /usr/lib/x86_64-linux-gnu/libxcb-dri2.so.0.0.0
7f39401d1000-7f39403d1000 ---p 00003000 08:07 1059190                    /usr/lib/x86_64-linux-gnu/libxcb-dri2.so.0.0.0
7f39403d1000-7f39403d2000 r--p 00003000 08:07 1059190                    /usr/lib/x86_64-linux-gnu/libxcb-dri2.so.0.0.0
7f39403d2000-7f39403d3000 rw-p 00004000 08:07 1059190                    /usr/lib/x86_64-linux-gnu/libxcb-dri2.so.0.0.0
7f39403d3000-7f39403e8000 r-xp 00000000 08:07 1059194                    /usr/lib/x86_64-linux-gnu/libxcb-glx.so.0.0.0
7f39403e8000-7f39405e7000 ---p 00015000 08:07 1059194                    /usr/lib/x86_64-linux-gnu/libxcb-glx.so.0.0.0
7f39405e7000-7f39405e9000 r--p 00014000 08:07 1059194                    /usr/lib/x86_64-linux-gnu/libxcb-glx.so.0.0.0
7f39405e9000-7f39405ea000 rw-p 00016000 08:07 1059194                    /usr/lib/x86_64-linux-gnu/libxcb-glx.so.0.0.0
7f39405ea000-7f39405eb000 r-xp 00000000 08:07 1058146                    /usr/lib/x86_64-linux-gnu/libX11-xcb.so.1.0.0
7f39405eb000-7f39407ea000 ---p 00001000 08:07 1058146                    /usr/lib/x86_64-linux-gnu/libX11-xcb.so.1.0.0
7f39407ea000-7f39407eb000 r--p 00000000 08:07 1058146                    /usr/lib/x86_64-linux-gnu/libX11-xcb.so.1.0.0
7f39407eb000-7f39407ec000 rw-p 00001000 08:07 1058146                    /usr/lib/x86_64-linux-gnu/libX11-xcb.so.1.0.0
7f39407ec000-7f394080e000 r-xp 00000000 08:07 1058539                    /usr/lib/x86_64-linux-gnu/libglapi.so.0.0.0
7f394080e000-7f3940a0e000 ---p 00022000 08:07 1058539                    /usr/lib/x86_64-linux-gnu/libglapi.so.0.0.0
7f3940a0e000-7f3940a11000 r--p 00022000 08:07 1058539                    /usr/lib/x86_64-linux-gnu/libglapi.so.0.0.0
7f3940a11000-7f3940a12000 rw-p 00025000 08:07 1058539                    /usr/lib/x86_64-linux-gnu/libglapi.so.0.0.0
7f3940a12000-7f3940a13000 rw-p 00000000 00:00 0 
7f3940a13000-7f3940a50000 r-xp 00000000 08:07 1708171                    /lib/x86_64-linux-gnu/libpcre.so.3.13.1
7f3940a50000-7f3940c4f000 ---p 0003d000 08:07 1708171                    /lib/x86_64-linux-gnu/libpcre.so.3.13.1
7f3940c4f000-7f3940c50000 r--p 0003c000 08:07 1708171                    /lib/x86_64-linux-gnu/libpcre.so.3.13.1
7f3940c50000-7f3940c51000 rw-p 0003d000 08:07 1708171                    /lib/x86_64-linux-gnu/libpcre.so.3.13.1
7f3940c51000-7f3940c58000 r-xp 00000000 08:07 1058430                    /usr/lib/x86_64-linux-gnu/libffi.so.6.0.1
7f3940c58000-7f3940e57000 ---p 00007000 08:07 1058430                    /usr/lib/x86_64-linux-gnu/libffi.so.6.0.1
7f3940e57000-7f3940e58000 r--p 00006000 08:07 1058430                    /usr/lib/x86_64-linux-gnu/libffi.so.6.0.1
7f3940e58000-7f3940e59000 rw-p 00007000 08:07 1058430                    /usr/lib/x86_64-linux-gnu/libffi.so.6.0.1
7f3940e59000-7f3940e80000 r-xp 00000000 08:07 1708090                    /lib/x86_64-linux-gnu/libexpat.so.1.6.0
7f3940e80000-7f3941080000 ---p 00027000 08:07 1708090                    /lib/x86_64-linux-gnu/libexpat.so.1.6.0
7f3941080000-7f3941082000 r--p 00027000 08:07 1708090                    /lib/x86_64-linux-gnu/libexpat.so.1.6.0
7f3941082000-7f3941083000 rw-p 00029000 08:07 1708090                    /lib/x86_64-linux-gnu/libexpat.so.1.6.0
7f3941083000-7f394108b000 r-xp 00000000 08:07 1059080                    /usr/lib/x86_64-linux-gnu/libthai.so.0.2.0
7f394108b000-7f394128a000 ---p 00008000 08:07 1059080                    /usr/lib/x86_64-linux-gnu/libthai.so.0.2.0
7f394128a000-7f394128b000 r--p 00007000 08:07 1059080                    /usr/lib/x86_64-linux-gnu/libthai.so.0.2.0
7f394128b000-7f394128c000 rw-p 00008000 08:07 1059080                    /usr/lib/x86_64-linux-gnu/libthai.so.0.2.0
7f394128c000-7f39412a9000 r-xp 00000000 08:07 1059220                    /usr/lib/x86_64-linux-gnu/libxcb.so.1.1.0
7f39412a9000-7f39414a9000 ---p 0001d000 08:07 1059220                    /usr/lib/x86_64-linux-gnu/libxcb.so.1.1.0
7f39414a9000-7f39414aa000 r--p 0001d000 08:07 1059220                    /usr/lib/x86_64-linux-gnu/libxcb.so.1.1.0
7f39414aa000-7f39414ab000 rw-p 0001e000 08:07 1059220                    /usr/lib/x86_64-linux-gnu/libxcb.so.1.1.0
7f39414ab000-7f39414b3000 r-xp 00000000 08:07 1059206                    /usr/lib/x86_64-linux-gnu/libxcb-render.so.0.0.0
7f39414b3000-7f39416b2000 ---p 00008000 08:07 1059206                    /usr/lib/x86_64-linux-gnu/libxcb-render.so.0.0.0
7f39416b2000-7f39416b3000 r--p 00007000 08:07 1059206                    /usr/lib/x86_64-linux-gnu/libxcb-render.so.0.0.0
7f39416b3000-7f39416b4000 rw-p 00008000 08:07 1059206                    /usr/lib/x86_64-linux-gnu/libxcb-render.so.0.0.0
7f39416b4000-7f39416b6000 r-xp 00000000 08:07 1059210                    /usr/lib/x86_64-linux-gnu/libxcb-shm.so.0.0.0
7f39416b6000-7f39418b5000 ---p 00002000 08:07 1059210                    /usr/lib/x86_64-linux-gnu/libxcb-shm.so.0.0.0
7f39418b5000-7f39418b6000 r--p 00001000 08:07 1059210                    /usr/lib/x86_64-linux-gnu/libxcb-shm.so.0.0.0
7f39418b6000-7f39418b7000 rw-p 00002000 08:07 1059210                    /usr/lib/x86_64-linux-gnu/libxcb-shm.so.0.0.0
7f39418b7000-7f39418dc000 r-xp 00000000 08:07 1708183                    /lib/x86_64-linux-gnu/libpng12.so.0.50.0
7f39418dc000-7f3941adb000 ---p 00025000 08:07 1708183                    /lib/x86_64-linux-gnu/libpng12.so.0.50.0
7f3941adb000-7f3941adc000 r--p 00024000 08:07 1708183                    /lib/x86_64-linux-gnu/libpng12.so.0.50.0
7f3941adc000-7f3941add000 rw-p 00025000 08:07 1708183                    /lib/x86_64-linux-gnu/libpng12.so.0.50.0
7f3941add000-7f3941b7e000 r-xp 00000000 08:07 1058910                    /usr/lib/x86_64-linux-gnu/libpixman-1.so.0.30.2
7f3941b7e000-7f3941d7e000 ---p 000a1000 08:07 1058910                    /usr/lib/x86_64-linux-gnu/libpixman-1.so.0.30.2
7f3941d7e000-7f3941d85000 r--p 000a1000 08:07 1058910                    /usr/lib/x86_64-linux-gnu/libpixman-1.so.0.30.2
7f3941d85000-7f3941d86000 rw-p 000a8000 08:07 1058910                    /usr/lib/x86_64-linux-gnu/libpixman-1.so.0.30.2
7f3941d86000-7f3941dd9000 r-xp 00000000 08:07 1058694                    /usr/lib/x86_64-linux-gnu/libharfbuzz.so.0.927.0
7f3941dd9000-7f3941fd9000 ---p 00053000 08:07 1058694                    /usr/lib/x86_64-linux-gnu/libharfbuzz.so.0.927.0
7f3941fd9000-7f3941fda000 r--p 00053000 08:07 1058694                    /usr/lib/x86_64-linux-gnu/libharfbuzz.so.0.927.0
7f3941fda000-7f3941fdb000 rw-p 00054000 08:07 1058694                    /usr/lib/x86_64-linux-gnu/libharfbuzz.so.0.927.0
7f3941fdb000-7f3941ff2000 r-xp 00000000 08:07 1708194                    /lib/x86_64-linux-gnu/libresolv-2.19.so
7f3941ff2000-7f39421f2000 ---p 00017000 08:07 1708194                    /lib/x86_64-linux-gnu/libresolv-2.19.so
7f39421f2000-7f39421f3000 r--p 00017000 08:07 1708194                    /lib/x86_64-linux-gnu/libresolv-2.19.so
7f39421f3000-7f39421f4000 rw-p 00018000 08:07 1708194                    /lib/x86_64-linux-gnu/libresolv-2.19.so
7f39421f4000-7f39421f6000 rw-p 00000000 00:00 0 
7f39421f6000-7f3942216000 r-xp 00000000 08:07 1708198                    /lib/x86_64-linux-gnu/libselinux.so.1
7f3942216000-7f3942415000 ---p 00020000 08:07 1708198                    /lib/x86_64-linux-gnu/libselinux.so.1
7f3942415000-7f3942416000 r--p 0001f000 08:07 1708198                    /lib/x86_64-linux-gnu/libselinux.so.1
7f3942416000-7f3942417000 rw-p 00020000 08:07 1708198                    /lib/x86_64-linux-gnu/libselinux.so.1
7f3942417000-7f3942419000 rw-p 00000000 00:00 0 
7f3942419000-7f3942431000 r-xp 00000000 08:07 1708231                    /lib/x86_64-linux-gnu/libz.so.1.2.8
7f3942431000-7f3942630000 ---p 00018000 08:07 1708231                    /lib/x86_64-linux-gnu/libz.so.1.2.8
7f3942630000-7f3942631000 r--p 00017000 08:07 1708231                    /lib/x86_64-linux-gnu/libz.so.1.2.8
7f3942631000-7f3942632000 rw-p 00018000 08:07 1708231                    /lib/x86_64-linux-gnu/libz.so.1.2.8
7f3942632000-7f3942643000 r-xp 00000000 08:07 1058165                    /usr/lib/x86_64-linux-gnu/libXext.so.6.4.0
7f3942643000-7f3942842000 ---p 00011000 08:07 1058165                    /usr/lib/x86_64-linux-gnu/libXext.so.6.4.0
7f3942842000-7f3942843000 r--p 00010000 08:07 1058165                    /usr/lib/x86_64-linux-gnu/libXext.so.6.4.0
7f3942843000-7f3942844000 rw-p 00011000 08:07 1058165                    /usr/lib/x86_64-linux-gnu/libXext.so.6.4.0
7f3942844000-7f3942846000 r-xp 00000000 08:07 1058161                    /usr/lib/x86_64-linux-gnu/libXdamage.so.1.1.0
7f3942846000-7f3942a45000 ---p 00002000 08:07 1058161                    /usr/lib/x86_64-linux-gnu/libXdamage.so.1.1.0
7f3942a45000-7f3942a46000 r--p 00001000 08:07 1058161                    /usr/lib/x86_64-linux-gnu/libXdamage.so.1.1.0
7f3942a46000-7f3942a47000 rw-p 00002000 08:07 1058161                    /usr/lib/x86_64-linux-gnu/libXdamage.so.1.1.0
7f3942a47000-7f3942a49000 r-xp 00000000 08:07 1058157                    /usr/lib/x86_64-linux-gnu/libXcomposite.so.1.0.0
7f3942a49000-7f3942c48000 ---p 00002000 08:07 1058157                    /usr/lib/x86_64-linux-gnu/libXcomposite.so.1.0.0
7f3942c48000-7f3942c49000 r--p 00001000 08:07 1058157                    /usr/lib/x86_64-linux-gnu/libXcomposite.so.1.0.0
7f3942c49000-7f3942c4a000 rw-p 00002000 08:07 1058157                    /usr/lib/x86_64-linux-gnu/libXcomposite.so.1.0.0
7f3942c4a000-7f3942c53000 r-xp 00000000 08:07 1058159                    /usr/lib/x86_64-linux-gnu/libXcursor.so.1.0.2
7f3942c53000-7f3942e52000 ---p 00009000 08:07 1058159                    /usr/lib/x86_64-linux-gnu/libXcursor.so.1.0.2
7f3942e52000-7f3942e53000 r--p 00008000 08:07 1058159                    /usr/lib/x86_64-linux-gnu/libXcursor.so.1.0.2
7f3942e53000-7f3942e54000 rw-p 00009000 08:07 1058159                    /usr/lib/x86_64-linux-gnu/libXcursor.so.1.0.2
7f3942e54000-7f3942e5d000 r-xp 00000000 08:07 1058185                    /usr/lib/x86_64-linux-gnu/libXrandr.so.2.2.0
7f3942e5d000-7f394305c000 ---p 00009000 08:07 1058185                    /usr/lib/x86_64-linux-gnu/libXrandr.so.2.2.0
7f394305c000-7f394305d000 r--p 00008000 08:07 1058185                    /usr/lib/x86_64-linux-gnu/libXrandr.so.2.2.0
7f394305d000-7f394305e000 rw-p 00009000 08:07 1058185                    /usr/lib/x86_64-linux-gnu/libXrandr.so.2.2.0
7f394305e000-7f394306d000 r-xp 00000000 08:07 1058173                    /usr/lib/x86_64-linux-gnu/libXi.so.6.1.0
7f394306d000-7f394326c000 ---p 0000f000 08:07 1058173                    /usr/lib/x86_64-linux-gnu/libXi.so.6.1.0
7f394326c000-7f394326d000 r--p 0000e000 08:07 1058173                    /usr/lib/x86_64-linux-gnu/libXi.so.6.1.0
7f394326d000-7f394326e000 rw-p 0000f000 08:07 1058173                    /usr/lib/x86_64-linux-gnu/libXi.so.6.1.0
7f394326e000-7f3943270000 r-xp 00000000 08:07 1058175                    /usr/lib/x86_64-linux-gnu/libXinerama.so.1.0.0
7f3943270000-7f394346f000 ---p 00002000 08:07 1058175                    /usr/lib/x86_64-linux-gnu/libXinerama.so.1.0.0
7f394346f000-7f3943470000 r--p 00001000 08:07 1058175                    /usr/lib/x86_64-linux-gnu/libXinerama.so.1.0.0
7f3943470000-7f3943471000 rw-p 00002000 08:07 1058175                    /usr/lib/x86_64-linux-gnu/libXinerama.so.1.0.0
7f3943471000-7f394347a000 r-xp 00000000 08:07 1058187                    /usr/lib/x86_64-linux-gnu/libXrender.so.1.3.0
7f394347a000-7f3943679000 ---p 00009000 08:07 1058187                    /usr/lib/x86_64-linux-gnu/libXrender.so.1.3.0
7f3943679000-7f394367a000 r--p 00008000 08:07 1058187                    /usr/lib/x86_64-linux-gnu/libXrender.so.1.3.0
7f394367a000-7f394367b000 rw-p 00009000 08:07 1058187                    /usr/lib/x86_64-linux-gnu/libXrender.so.1.3.0
7f394367b000-7f3943680000 r-xp 00000000 08:07 1058167                    /usr/lib/x86_64-linux-gnu/libXfixes.so.3.1.0
7f3943680000-7f394387f000 ---p 00005000 08:07 1058167                    /usr/lib/x86_64-linux-gnu/libXfixes.so.3.1.0
7f394387f000-7f3943880000 r--p 00004000 08:07 1058167                    /usr/lib/x86_64-linux-gnu/libXfixes.so.3.1.0
7f3943880000-7f3943881000 rw-p 00005000 08:07 1058167                    /usr/lib/x86_64-linux-gnu/libXfixes.so.3.1.0
7f3943881000-7f3943897000 r-xp 00000000 08:07 1708095                    /lib/x86_64-linux-gnu/libgcc_s.so.1
7f3943897000-7f3943a96000 ---p 00016000 08:07 1708095                    /lib/x86_64-linux-gnu/libgcc_s.so.1
7f3943a96000-7f3943a97000 rw-p 00015000 08:07 1708095                    /lib/x86_64-linux-gnu/libgcc_s.so.1
7f3943a97000-7f3943b7d000 r-xp 00000000 08:07 1059058                    /usr/lib/x86_64-linux-gnu/libstdc++.so.6.0.19
7f3943b7d000-7f3943d7c000 ---p 000e6000 08:07 1059058                    /usr/lib/x86_64-linux-gnu/libstdc++.so.6.0.19
7f3943d7c000-7f3943d84000 r--p 000e5000 08:07 1059058                    /usr/lib/x86_64-linux-gnu/libstdc++.so.6.0.19
7f3943d84000-7f3943d86000 rw-p 000ed000 08:07 1059058                    /usr/lib/x86_64-linux-gnu/libstdc++.so.6.0.19
7f3943d86000-7f3943d9b000 rw-p 00000000 00:00 0 
7f3943d9b000-7f3943dfc000 r-xp 00000000 08:07 1313456                    /usr/lib/x86_64-linux-gnu/mesa/libGL.so.1.2.0
7f3943dfc000-7f3943ffb000 ---p 00061000 08:07 1313456                    /usr/lib/x86_64-linux-gnu/mesa/libGL.so.1.2.0
7f3943ffb000-7f3943ffe000 r--p 00060000 08:07 1313456                    /usr/lib/x86_64-linux-gnu/mesa/libGL.so.1.2.0
7f3943ffe000-7f3943fff000 rw-p 00063000 08:07 1313456                    /usr/lib/x86_64-linux-gnu/mesa/libGL.so.1.2.0
7f3943fff000-7f3944000000 rw-p 00000000 00:00 0 
7f3944000000-7f3944021000 rw-p 00000000 00:00 0 
7f3944021000-7f3948000000 ---p 00000000 00:00 0 
7f3948000000-7f3949ea2000 rw-p 00000000 00:00 0 
7f3949ea2000-7f394c000000 ---p 00000000 00:00 0 
7f394c000000-7f394ca6a000 rw-p 00000000 00:00 0 
7f394ca6a000-7f3950000000 ---p 00000000 00:00 0 
7f3950000000-7f3950021000 rw-p 00000000 00:00 0 
7f3950021000-7f3954000000 ---p 00000000 00:00 0 
7f3954000000-7f3954ee0000 rw-p 00000000 00:00 0 
7f3954ee0000-7f3958000000 ---p 00000000 00:00 0 
7f3958000000-7f3959714000 rw-p 00000000 00:00 0 
7f3959714000-7f395c000000 ---p 00000000 00:00 0 
7f395c000000-7f395c021000 rw-p 00000000 00:00 0 
7f395c021000-7f3960000000 ---p 00000000 00:00 0 
7f3960000000-7f3960021000 rw-p 00000000 00:00 0 
7f3960021000-7f3964000000 ---p 00000000 00:00 0 
7f3964000000-7f39640fa000 rw-p 00000000 00:00 0 
7f39640fa000-7f3968000000 ---p 00000000 00:00 0 
7f3968000000-7f3968021000 rw-p 00000000 00:00 0 
7f3968021000-7f396c000000 ---p 00000000 00:00 0 
7f396c000000-7f396c021000 rw-p 00000000 00:00 0 
7f396c021000-7f3970000000 ---p 00000000 00:00 0 
7f3970000000-7f3970001000 r--s 00000000 08:07 1187963                    /var/cache/fontconfig/0d8c3b2ac0904cb8a57a757ad11a4a08-le64.cache-4
7f3970001000-7f3970002000 r--s 00000000 08:07 1187965                    /var/cache/fontconfig/1ac9eb803944fde146138c791f5cc56a-le64.cache-4
7f3970002000-7f3970007000 r--s 00000000 08:07 1190938                    /var/cache/fontconfig/eb48934c523a49add3824bfad8846c40-le64.cache-4
7f3970007000-7f397000c000 r--s 00000000 08:07 1190937                    /var/cache/fontconfig/385c0604a188198f04d133e54aba7fe7-le64.cache-4
7f397000c000-7f397000d000 r--s 00000000 08:07 1187993                    /var/cache/fontconfig/dc05db6664285cc2f12bf69c139ae4c3-le64.cache-4
7f397000d000-7f397000f000 r--s 00000000 08:07 1187977                    /var/cache/fontconfig/767a8244fc0220cfb567a839d0392e0b-le64.cache-4
7f397000f000-7f3970010000 r--s 00000000 08:07 1187971                    /var/cache/fontconfig/4794a0821666d79190d59a36cb4f44b5-le64.cache-4
7f3970010000-7f3970015000 r--s 00000000 08:07 1187979                    /var/cache/fontconfig/8801497958630a81b71ace7c5f9b32a8-le64.cache-4
7f3970015000-7f3970019000 r--s 00000000 08:07 1191336                    /var/cache/fontconfig/c57959a16110560c8d0fcea73374aeeb-le64.cache-4
7f3970019000-7f3970020000 r--s 00000000 08:07 1187967                    /var/cache/fontconfig/3047814df9a2f067bd2d96a2b9c36e5a-le64.cache-4
7f3970020000-7f3970026000 r--s 00000000 08:07 1187984                    /var/cache/fontconfig/b47c4e1ecd0709278f4910c18777a504-le64.cache-4
7f3970026000-7f3970039000 r--s 00000000 08:07 1187990                    /var/cache/fontconfig/d52a8644073d54c13679302ca1180695-le64.cache-4
7f3970039000-7f3970042000 r--s 00000000 08:07 1187970                    /var/cache/fontconfig/3f7329c5293ffd510edef78f73874cfd-le64.cache-4
7f3970042000-7f3970046000 r--s 00000000 08:07 1187991                    /var/cache/fontconfig/d589a48862398ed80a3d6066f4f56f4c-le64.cache-4
7f3970046000-7f3970087000 r--p 00000000 08:07 1996843                    /usr/share/glib-2.0/schemas/gschemas.compiled
7f3970087000-7f397008b000 r-xp 00000000 08:07 1058203                    /usr/lib/x86_64-linux-gnu/libXxf86vm.so.1.0.0
7f397008b000-7f397028b000 ---p 00004000 08:07 1058203                    /usr/lib/x86_64-linux-gnu/libXxf86vm.so.1.0.0
7f397028b000-7f397028c000 r--p 00004000 08:07 1058203                    /usr/lib/x86_64-linux-gnu/libXxf86vm.so.1.0.0
7f397028c000-7f397028d000 rw-p 00005000 08:07 1058203                    /usr/lib/x86_64-linux-gnu/libXxf86vm.so.1.0.0
7f397028d000-7f39703bd000 r-xp 00000000 08:07 1058148                    /usr/lib/x86_64-linux-gnu/libX11.so.6.3.0
7f39703bd000-7f39705bd000 ---p 00130000 08:07 1058148                    /usr/lib/x86_64-linux-gnu/libX11.so.6.3.0
7f39705bd000-7f39705be000 r--p 00130000 08:07 1058148                    /usr/lib/x86_64-linux-gnu/libX11.so.6.3.0
7f39705be000-7f39705c2000 rw-p 00131000 08:07 1058148                    /usr/lib/x86_64-linux-gnu/libX11.so.6.3.0
7f39705c2000-7f39705c7000 r-xp 00000000 08:07 1058193                    /usr/lib/x86_64-linux-gnu/libXtst.so.6.1.0
7f39705c7000-7f39707c6000 ---p 00005000 08:07 1058193                    /usr/lib/x86_64-linux-gnu/libXtst.so.6.1.0
7f39707c6000-7f39707c7000 r--p 00004000 08:07 1058193                    /usr/lib/x86_64-linux-gnu/libXtst.so.6.1.0
7f39707c7000-7f39707c8000 rw-p 00005000 08:07 1058193                    /usr/lib/x86_64-linux-gnu/libXtst.so.6.1.0
7f39707c8000-7f39708ce000 r-xp 00000000 08:07 1708099                    /lib/x86_64-linux-gnu/libglib-2.0.so.0.4000.0
7f39708ce000-7f3970acd000 ---p 00106000 08:07 1708099                    /lib/x86_64-linux-gnu/libglib-2.0.so.0.4000.0
7f3970acd000-7f3970ace000 r--p 00105000 08:07 1708099                    /lib/x86_64-linux-gnu/libglib-2.0.so.0.4000.0
7f3970ace000-7f3970acf000 rw-p 00106000 08:07 1708099                    /lib/x86_64-linux-gnu/libglib-2.0.so.0.4000.0
7f3970acf000-7f3970ad0000 rw-p 00000000 00:00 0 
7f3970ad0000-7f3970ad1000 r-xp 00000000 08:07 1058670                    /usr/lib/x86_64-linux-gnu/libgthread-2.0.so.0.4000.0
7f3970ad1000-7f3970cd0000 ---p 00001000 08:07 1058670                    /usr/lib/x86_64-linux-gnu/libgthread-2.0.so.0.4000.0
7f3970cd0000-7f3970cd1000 r--p 00000000 08:07 1058670                    /usr/lib/x86_64-linux-gnu/libgthread-2.0.so.0.4000.0
7f3970cd1000-7f3970cd2000 rw-p 00001000 08:07 1058670                    /usr/lib/x86_64-linux-gnu/libgthread-2.0.so.0.4000.0
7f3970cd2000-7f3970cd5000 r-xp 00000000 08:07 1058547                    /usr/lib/x86_64-linux-gnu/libgmodule-2.0.so.0.4000.0
7f3970cd5000-7f3970ed4000 ---p 00003000 08:07 1058547                    /usr/lib/x86_64-linux-gnu/libgmodule-2.0.so.0.4000.0
7f3970ed4000-7f3970ed5000 r--p 00002000 08:07 1058547                    /usr/lib/x86_64-linux-gnu/libgmodule-2.0.so.0.4000.0
7f3970ed5000-7f3970ed6000 rw-p 00003000 08:07 1058547                    /usr/lib/x86_64-linux-gnu/libgmodule-2.0.so.0.4000.0
7f3970ed6000-7f3970f25000 r-xp 00000000 08:07 1058563                    /usr/lib/x86_64-linux-gnu/libgobject-2.0.so.0.4000.0
7f3970f25000-7f3971125000 ---p 0004f000 08:07 1058563                    /usr/lib/x86_64-linux-gnu/libgobject-2.0.so.0.4000.0
7f3971125000-7f3971126000 r--p 0004f000 08:07 1058563                    /usr/lib/x86_64-linux-gnu/libgobject-2.0.so.0.4000.0
7f3971126000-7f3971127000 rw-p 00050000 08:07 1058563                    /usr/lib/x86_64-linux-gnu/libgobject-2.0.so.0.4000.0
7f3971127000-7f3971161000 r-xp 00000000 08:07 1058444                    /usr/lib/x86_64-linux-gnu/libfontconfig.so.1.8.0
7f3971161000-7f3971360000 ---p 0003a000 08:07 1058444                    /usr/lib/x86_64-linux-gnu/libfontconfig.so.1.8.0
7f3971360000-7f3971362000 r--p 00039000 08:07 1058444                    /usr/lib/x86_64-linux-gnu/libfontconfig.so.1.8.0
7f3971362000-7f3971363000 rw-p 0003b000 08:07 1058444                    /usr/lib/x86_64-linux-gnu/libfontconfig.so.1.8.0
7f3971363000-7f3971400000 r-xp 00000000 08:07 1058472                    /usr/lib/x86_64-linux-gnu/libfreetype.so.6.11.1
7f3971400000-7f39715ff000 ---p 0009d000 08:07 1058472                    /usr/lib/x86_64-linux-gnu/libfreetype.so.6.11.1
7f39715ff000-7f3971605000 r--p 0009c000 08:07 1058472                    /usr/lib/x86_64-linux-gnu/libfreetype.so.6.11.1
7f3971605000-7f3971606000 rw-p 000a2000 08:07 1058472                    /usr/lib/x86_64-linux-gnu/libfreetype.so.6.11.1
7f3971606000-7f3971650000 r-xp 00000000 08:07 1058887                    /usr/lib/x86_64-linux-gnu/libpango-1.0.so.0.3600.3
7f3971650000-7f3971850000 ---p 0004a000 08:07 1058887                    /usr/lib/x86_64-linux-gnu/libpango-1.0.so.0.3600.3
7f3971850000-7f3971852000 r--p 0004a000 08:07 1058887                    /usr/lib/x86_64-linux-gnu/libpango-1.0.so.0.3600.3
7f3971852000-7f3971853000 rw-p 0004c000 08:07 1058887                    /usr/lib/x86_64-linux-gnu/libpango-1.0.so.0.3600.3
7f3971853000-7f3971959000 r-xp 00000000 08:07 1058283                    /usr/lib/x86_64-linux-gnu/libcairo.so.2.11301.0
7f3971959000-7f3971b58000 ---p 00106000 08:07 1058283                    /usr/lib/x86_64-linux-gnu/libcairo.so.2.11301.0
7f3971b58000-7f3971b5b000 r--p 00105000 08:07 1058283                    /usr/lib/x86_64-linux-gnu/libcairo.so.2.11301.0
7f3971b5b000-7f3971b5c000 rw-p 00108000 08:07 1058283                    /usr/lib/x86_64-linux-gnu/libcairo.so.2.11301.0
7f3971b5c000-7f3971b5e000 rw-p 00000000 00:00 0 
7f3971b5e000-7f3971b69000 r-xp 00000000 08:07 1058889                    /usr/lib/x86_64-linux-gnu/libpangocairo-1.0.so.0.3600.3
7f3971b69000-7f3971d69000 ---p 0000b000 08:07 1058889                    /usr/lib/x86_64-linux-gnu/libpangocairo-1.0.so.0.3600.3
7f3971d69000-7f3971d6a000 r--p 0000b000 08:07 1058889                    /usr/lib/x86_64-linux-gnu/libpangocairo-1.0.so.0.3600.3
7f3971d6a000-7f3971d6b000 rw-p 0000c000 08:07 1058889                    /usr/lib/x86_64-linux-gnu/libpangocairo-1.0.so.0.3600.3
7f3971d6b000-7f3971d8a000 r-xp 00000000 08:07 1058509                    /usr/lib/x86_64-linux-gnu/libgdk_pixbuf-2.0.so.0.3000.7
7f3971d8a000-7f3971f8a000 ---p 0001f000 08:07 1058509                    /usr/lib/x86_64-linux-gnu/libgdk_pixbuf-2.0.so.0.3000.7
7f3971f8a000-7f3971f8b000 r--p 0001f000 08:07 1058509                    /usr/lib/x86_64-linux-gnu/libgdk_pixbuf-2.0.so.0.3000.7
7f3971f8b000-7f3971f8c000 rw-p 00020000 08:07 1058509                    /usr/lib/x86_64-linux-gnu/libgdk_pixbuf-2.0.so.0.3000.7
7f3971f8c000-7f3971fa0000 r-xp 00000000 08:07 1058891                    /usr/lib/x86_64-linux-gnu/libpangoft2-1.0.so.0.3600.3
7f3971fa0000-7f397219f000 ---p 00014000 08:07 1058891                    /usr/lib/x86_64-linux-gnu/libpangoft2-1.0.so.0.3600.3
7f397219f000-7f39721a0000 r--p 00013000 08:07 1058891                    /usr/lib/x86_64-linux-gnu/libpangoft2-1.0.so.0.3600.3
7f39721a0000-7f39721a1000 rw-p 00014000 08:07 1058891                    /usr/lib/x86_64-linux-gnu/libpangoft2-1.0.so.0.3600.3
7f39721a1000-7f397230c000 r-xp 00000000 08:07 1058533                    /usr/lib/x86_64-linux-gnu/libgio-2.0.so.0.4000.0
7f397230c000-7f397250c000 ---p 0016b000 08:07 1058533                    /usr/lib/x86_64-linux-gnu/libgio-2.0.so.0.4000.0
7f397250c000-7f3972510000 r--p 0016b000 08:07 1058533                    /usr/lib/x86_64-linux-gnu/libgio-2.0.so.0.4000.0
7f3972510000-7f3972512000 rw-p 0016f000 08:07 1058533                    /usr/lib/x86_64-linux-gnu/libgio-2.0.so.0.4000.0
7f3972512000-7f3972514000 rw-p 00000000 00:00 0 
7f3972514000-7f3972533000 r-xp 00000000 08:07 1058244                    /usr/lib/x86_64-linux-gnu/libatk-1.0.so.0.21009.1
7f3972533000-7f3972733000 ---p 0001f000 08:07 1058244                    /usr/lib/x86_64-linux-gnu/libatk-1.0.so.0.21009.1
7f3972733000-7f3972735000 r--p 0001f000 08:07 1058244                    /usr/lib/x86_64-linux-gnu/libatk-1.0.so.0.21009.1
7f3972735000-7f3972736000 rw-p 00021000 08:07 1058244                    /usr/lib/x86_64-linux-gnu/libatk-1.0.so.0.21009.1
7f3972736000-7f39727e3000 r-xp 00000000 08:07 1058507                    /usr/lib/x86_64-linux-gnu/libgdk-x11-2.0.so.0.2400.23
7f39727e3000-7f39729e2000 ---p 000ad000 08:07 1058507                    /usr/lib/x86_64-linux-gnu/libgdk-x11-2.0.so.0.2400.23
7f39729e2000-7f39729e6000 r--p 000ac000 08:07 1058507                    /usr/lib/x86_64-linux-gnu/libgdk-x11-2.0.so.0.2400.23
7f39729e6000-7f39729e8000 rw-p 000b0000 08:07 1058507                    /usr/lib/x86_64-linux-gnu/libgdk-x11-2.0.so.0.2400.23
7f39729e8000-7f3972e17000 r-xp 00000000 08:07 1058674                    /usr/lib/x86_64-linux-gnu/libgtk-x11-2.0.so.0.2400.23
7f3972e17000-7f3973016000 ---p 0042f000 08:07 1058674                    /usr/lib/x86_64-linux-gnu/libgtk-x11-2.0.so.0.2400.23
7f3973016000-7f397301d000 r--p 0042e000 08:07 1058674                    /usr/lib/x86_64-linux-gnu/libgtk-x11-2.0.so.0.2400.23
7f397301d000-7f3973021000 rw-p 00435000 08:07 1058674                    /usr/lib/x86_64-linux-gnu/libgtk-x11-2.0.so.0.2400.23
7f3973021000-7f3973024000 rw-p 00000000 00:00 0 
7f3973024000-7f3973030000 r-xp 00000000 08:07 2495489                    /usr/lib/jvm/jdk1.8.0_25/jre/lib/amd64/libprism_es2.so
7f3973030000-7f397322f000 ---p 0000c000 08:07 2495489                    /usr/lib/jvm/jdk1.8.0_25/jre/lib/amd64/libprism_es2.so
7f397322f000-7f3973230000 r--p 0000b000 08:07 2495489                    /usr/lib/jvm/jdk1.8.0_25/jre/lib/amd64/libprism_es2.so
7f3973230000-7f3973231000 rw-p 0000c000 08:07 2495489                    /usr/lib/jvm/jdk1.8.0_25/jre/lib/amd64/libprism_es2.so
7f3973231000-7f3973234000 ---p 00000000 00:00 0 
7f3973234000-7f3973332000 rw-p 00000000 00:00 0                          [stack:4721]
7f3973332000-7f39733be000 r--s 00fea000 08:07 267368                     /usr/lib/jvm/jdk1.8.0_25/jre/lib/ext/jfxrt.jar
7f39733be000-7f39733bf000 ---p 00000000 00:00 0 
7f39733bf000-7f39734bf000 rw-p 00000000 00:00 0                          [stack:4720]
7f39734bf000-7f39734c2000 ---p 00000000 00:00 0 
7f39734c2000-7f39735c0000 rw-p 00000000 00:00 0                          [stack:4719]
7f39735c0000-7f39735c3000 ---p 00000000 00:00 0 
7f39735c3000-7f39736c1000 rw-p 00000000 00:00 0                          [stack:4718]
7f39736c1000-7f3974000000 r--p 00000000 08:07 1056763                    /usr/lib/locale/locale-archive
7f3974000000-7f3974021000 rw-p 00000000 00:00 0 
7f3974021000-7f3978000000 ---p 00000000 00:00 0 
7f3978000000-7f3978021000 rw-p 00000000 00:00 0 
7f3978021000-7f397c000000 ---p 00000000 00:00 0 
7f397c000000-7f397c021000 rw-p 00000000 00:00 0 
7f397c021000-7f3980000000 ---p 00000000 00:00 0 
7f3980000000-7f3980002000 r--s 00000000 08:07 1191335                    /var/cache/fontconfig/089dead882dea3570ffc31a9898cfb69-le64.cache-4
7f3980002000-7f3980005000 r--s 00000000 08:07 1190693                    /var/cache/fontconfig/e13b20fdb08344e0e664864cc2ede53d-le64.cache-4
7f3980005000-7f3980009000 r--s 00000000 08:07 1188146                    /var/cache/fontconfig/7ef2298fde41cc6eeb7af42e48b7d293-le64.cache-4
7f3980009000-7f3980025000 r--s 00393000 08:07 267369                     /usr/lib/jvm/jdk1.8.0_25/jre/lib/ext/cldrdata.jar
7f3980025000-7f398002f000 r--s 00116000 08:07 267363                     /usr/lib/jvm/jdk1.8.0_25/jre/lib/ext/localedata.jar
7f398002f000-7f3980032000 ---p 00000000 00:00 0 
7f3980032000-7f3980130000 rw-p 00000000 00:00 0                          [stack:4717]
7f3980130000-7f3980133000 ---p 00000000 00:00 0 
7f3980133000-7f3980231000 rw-p 00000000 00:00 0                          [stack:4716]
7f3980231000-7f3980234000 ---p 00000000 00:00 0 
7f3980234000-7f3980332000 rw-p 00000000 00:00 0                          [stack:4715]
7f3980332000-7f3980335000 ---p 00000000 00:00 0 
7f3980335000-7f3980433000 rw-p 00000000 00:00 0                          [stack:4714]
7f3980433000-7f3980436000 ---p 00000000 00:00 0 
7f3980436000-7f3980534000 rw-p 00000000 00:00 0                          [stack:4713]
7f3980534000-7f3980535000 ---p 00000000 00:00 0 
7f3980535000-7f3981544000 rw-p 00000000 00:00 0                          [stack:4712]
7f3981544000-7f398171a000 r--s 03caa000 08:07 2495506                    /usr/lib/jvm/jdk1.8.0_25/jre/lib/rt.jar
7f398171a000-7f3983ee9000 rw-p 00000000 00:00 0 
7f3983ee9000-7f3983eea000 ---p 00000000 00:00 0 
7f3983eea000-7f3983fea000 rw-p 00000000 00:00 0                          [stack:4711]
7f3983fea000-7f3983feb000 ---p 00000000 00:00 0 
7f3983feb000-7f39840eb000 rw-p 00000000 00:00 0                          [stack:4710]
7f39840eb000-7f39840ec000 ---p 00000000 00:00 0 
7f39840ec000-7f39841ec000 rw-p 00000000 00:00 0                          [stack:4709]
7f39841ec000-7f39841ed000 ---p 00000000 00:00 0 
7f39841ed000-7f39842fc000 rw-p 00000000 00:00 0                          [stack:4708]
7f39842fc000-7f398442d000 ---p 00000000 00:00 0 
7f398442d000-7f398443c000 rw-p 00000000 00:00 0 
7f398443c000-7f398456c000 ---p 00000000 00:00 0 
7f398456c000-7f3984589000 rw-p 00000000 00:00 0 
7f3984589000-7f398460c000 ---p 00000000 00:00 0 
7f398460c000-7f3984646000 rw-p 00000000 00:00 0 
7f3984646000-7f39849cd000 ---p 00000000 00:00 0 
7f39849cd000-7f39857dd000 rwxp 00000000 00:00 0 
7f39857dd000-7f39939cd000 ---p 00000000 00:00 0 
7f39939cd000-7f39939e7000 r-xp 00000000 08:07 2495471                    /usr/lib/jvm/jdk1.8.0_25/jre/lib/amd64/libzip.so
7f39939e7000-7f3993be7000 ---p 0001a000 08:07 2495471                    /usr/lib/jvm/jdk1.8.0_25/jre/lib/amd64/libzip.so
7f3993be7000-7f3993be8000 rw-p 0001a000 08:07 2495471                    /usr/lib/jvm/jdk1.8.0_25/jre/lib/amd64/libzip.so
7f3993be8000-7f3993bf3000 r-xp 00000000 08:07 1708143                    /lib/x86_64-linux-gnu/libnss_files-2.19.so
7f3993bf3000-7f3993df2000 ---p 0000b000 08:07 1708143                    /lib/x86_64-linux-gnu/libnss_files-2.19.so
7f3993df2000-7f3993df3000 r--p 0000a000 08:07 1708143                    /lib/x86_64-linux-gnu/libnss_files-2.19.so
7f3993df3000-7f3993df4000 rw-p 0000b000 08:07 1708143                    /lib/x86_64-linux-gnu/libnss_files-2.19.so
7f3993df4000-7f3993dff000 r-xp 00000000 08:07 1708153                    /lib/x86_64-linux-gnu/libnss_nis-2.19.so
7f3993dff000-7f3993ffe000 ---p 0000b000 08:07 1708153                    /lib/x86_64-linux-gnu/libnss_nis-2.19.so
7f3993ffe000-7f3993fff000 r--p 0000a000 08:07 1708153                    /lib/x86_64-linux-gnu/libnss_nis-2.19.so
7f3993fff000-7f3994000000 rw-p 0000b000 08:07 1708153                    /lib/x86_64-linux-gnu/libnss_nis-2.19.so
7f3994000000-7f39944bc000 rw-p 00000000 00:00 0 
7f39944bc000-7f3998000000 ---p 00000000 00:00 0 
7f3998000000-7f3998001000 r--s 00000000 08:07 1187973                    /var/cache/fontconfig/56cf4f4769d0f4abc89a4895d7bd3ae1-le64.cache-4
7f3998001000-7f3998009000 r--s 000c4000 08:07 1716493                    /home/linhsan/NetBeansProjects/ClinicManagement/dist/run1446679491/lib/mysql-connector-java-5.1.23-bin.jar
7f3998011000-7f3998087000 rw-p 00000000 00:00 0 
7f3998087000-7f399809e000 r-xp 00000000 08:07 1708137                    /lib/x86_64-linux-gnu/libnsl-2.19.so
7f399809e000-7f399829d000 ---p 00017000 08:07 1708137                    /lib/x86_64-linux-gnu/libnsl-2.19.so
7f399829d000-7f399829e000 r--p 00016000 08:07 1708137                    /lib/x86_64-linux-gnu/libnsl-2.19.so
7f399829e000-7f399829f000 rw-p 00017000 08:07 1708137                    /lib/x86_64-linux-gnu/libnsl-2.19.so
7f399829f000-7f39982a1000 rw-p 00000000 00:00 0 
7f39982a1000-7f39982aa000 r-xp 00000000 08:07 1708139                    /lib/x86_64-linux-gnu/libnss_compat-2.19.so
7f39982aa000-7f39984a9000 ---p 00009000 08:07 1708139                    /lib/x86_64-linux-gnu/libnss_compat-2.19.so
7f39984a9000-7f39984aa000 r--p 00008000 08:07 1708139                    /lib/x86_64-linux-gnu/libnss_compat-2.19.so
7f39984aa000-7f39984ab000 rw-p 00009000 08:07 1708139                    /lib/x86_64-linux-gnu/libnss_compat-2.19.so
7f39984ab000-7f39984d5000 r-xp 00000000 08:07 2495452                    /usr/lib/jvm/jdk1.8.0_25/jre/lib/amd64/libjava.so
7f39984d5000-7f39986d5000 ---p 0002a000 08:07 2495452                    /usr/lib/jvm/jdk1.8.0_25/jre/lib/amd64/libjava.so
7f39986d5000-7f39986d7000 rw-p 0002a000 08:07 2495452                    /usr/lib/jvm/jdk1.8.0_25/jre/lib/amd64/libjava.so
7f39986d7000-7f39986e4000 r-xp 00000000 08:07 2495465                    /usr/lib/jvm/jdk1.8.0_25/jre/lib/amd64/libverify.so
7f39986e4000-7f39988e4000 ---p 0000d000 08:07 2495465                    /usr/lib/jvm/jdk1.8.0_25/jre/lib/amd64/libverify.so
7f39988e4000-7f39988e6000 rw-p 0000d000 08:07 2495465                    /usr/lib/jvm/jdk1.8.0_25/jre/lib/amd64/libverify.so
7f39988e6000-7f39988ed000 r-xp 00000000 08:07 1708196                    /lib/x86_64-linux-gnu/librt-2.19.so
7f39988ed000-7f3998aec000 ---p 00007000 08:07 1708196                    /lib/x86_64-linux-gnu/librt-2.19.so
7f3998aec000-7f3998aed000 r--p 00006000 08:07 1708196                    /lib/x86_64-linux-gnu/librt-2.19.so
7f3998aed000-7f3998aee000 rw-p 00007000 08:07 1708196                    /lib/x86_64-linux-gnu/librt-2.19.so
7f3998aee000-7f3998bf3000 r-xp 00000000 08:07 1708118                    /lib/x86_64-linux-gnu/libm-2.19.so
7f3998bf3000-7f3998df2000 ---p 00105000 08:07 1708118                    /lib/x86_64-linux-gnu/libm-2.19.so
7f3998df2000-7f3998df3000 r--p 00104000 08:07 1708118                    /lib/x86_64-linux-gnu/libm-2.19.so
7f3998df3000-7f3998df4000 rw-p 00105000 08:07 1708118                    /lib/x86_64-linux-gnu/libm-2.19.so
7f3998df4000-7f3999a61000 r-xp 00000000 08:07 2625176                    /usr/lib/jvm/jdk1.8.0_25/jre/lib/amd64/server/libjvm.so
7f3999a61000-7f3999c60000 ---p 00c6d000 08:07 2625176                    /usr/lib/jvm/jdk1.8.0_25/jre/lib/amd64/server/libjvm.so
7f3999c60000-7f3999d36000 rw-p 00c6c000 08:07 2625176                    /usr/lib/jvm/jdk1.8.0_25/jre/lib/amd64/server/libjvm.so
7f3999d36000-7f3999d79000 rw-p 00000000 00:00 0 
7f3999d79000-7f3999f35000 r-xp 00000000 08:07 1708068                    /lib/x86_64-linux-gnu/libc-2.19.so
7f3999f35000-7f399a134000 ---p 001bc000 08:07 1708068                    /lib/x86_64-linux-gnu/libc-2.19.so
7f399a134000-7f399a138000 r--p 001bb000 08:07 1708068                    /lib/x86_64-linux-gnu/libc-2.19.so
7f399a138000-7f399a13a000 rw-p 001bf000 08:07 1708068                    /lib/x86_64-linux-gnu/libc-2.19.so
7f399a13a000-7f399a13f000 rw-p 00000000 00:00 0 
7f399a13f000-7f399a142000 r-xp 00000000 08:07 1708085                    /lib/x86_64-linux-gnu/libdl-2.19.so
7f399a142000-7f399a341000 ---p 00003000 08:07 1708085                    /lib/x86_64-linux-gnu/libdl-2.19.so
7f399a341000-7f399a342000 r--p 00002000 08:07 1708085                    /lib/x86_64-linux-gnu/libdl-2.19.so
7f399a342000-7f399a343000 rw-p 00003000 08:07 1708085                    /lib/x86_64-linux-gnu/libdl-2.19.so
7f399a343000-7f399a358000 r-xp 00000000 08:07 2625172                    /usr/lib/jvm/jdk1.8.0_25/jre/lib/amd64/jli/libjli.so
7f399a358000-7f399a557000 ---p 00015000 08:07 2625172                    /usr/lib/jvm/jdk1.8.0_25/jre/lib/amd64/jli/libjli.so
7f399a557000-7f399a558000 rw-p 00014000 08:07 2625172                    /usr/lib/jvm/jdk1.8.0_25/jre/lib/amd64/jli/libjli.so
7f399a558000-7f399a571000 r-xp 00000000 08:07 1708188                    /lib/x86_64-linux-gnu/libpthread-2.19.so
7f399a571000-7f399a770000 ---p 00019000 08:07 1708188                    /lib/x86_64-linux-gnu/libpthread-2.19.so
7f399a770000-7f399a771000 r--p 00018000 08:07 1708188                    /lib/x86_64-linux-gnu/libpthread-2.19.so
7f399a771000-7f399a772000 rw-p 00019000 08:07 1708188                    /lib/x86_64-linux-gnu/libpthread-2.19.so
7f399a772000-7f399a776000 rw-p 00000000 00:00 0 
7f399a776000-7f399a799000 r-xp 00000000 08:07 1708044                    /lib/x86_64-linux-gnu/ld-2.19.so
7f399a799000-7f399a79d000 r--s 00093000 08:07 2495509                    /usr/lib/jvm/jdk1.8.0_25/jre/lib/jsse.jar
7f399a79f000-7f399a7a0000 rw-s 00000000 00:04 250854                     /drm mm object (deleted)
7f399a7a0000-7f399a7a1000 rw-s 00000000 00:04 250853                     /drm mm object (deleted)
7f399a7a1000-7f399a7a3000 rw-s 00000000 00:04 253027                     /drm mm object (deleted)
7f399a7a3000-7f399a7a5000 rw-s 00000000 00:04 253026                     /drm mm object (deleted)
7f399a7aa000-7f399a7ad000 rw-p 00000000 00:00 0 
7f399a7ad000-7f399a7b3000 r--p 00000000 08:07 1583731                    /home/linhsan/.config/dconf/user
7f399a7b3000-7f399a7bb000 rw-s 00000000 00:04 254289                     /drm mm object (deleted)
7f399a7bb000-7f399a878000 rw-p 00000000 00:00 0 
7f399a878000-7f399a87b000 ---p 00000000 00:00 0 
7f399a87b000-7f399a97d000 rw-p 00000000 00:00 0                          [stack:4707]
7f399a97d000-7f399a97e000 r--s 00000000 08:07 1187985                    /var/cache/fontconfig/b9d506c9ac06c20b433354fa67a72993-le64.cache-4
7f399a97e000-7f399a97f000 r--s 00000000 08:07 1187962                    /var/cache/fontconfig/0c9eb80ebd1c36541ebe2852d3bb0c49-le64.cache-4
7f399a97f000-7f399a980000 rw-s 00000000 00:04 252133                     /drm mm object (deleted)
7f399a980000-7f399a981000 r--s 00000000 00:16 244666                     /run/user/1000/dconf/user
7f399a981000-7f399a982000 rw-s 00000000 00:04 254286                     /drm mm object (deleted)
7f399a982000-7f399a98a000 rw-s 00000000 00:04 254285                     /drm mm object (deleted)
7f399a98a000-7f399a98c000 r--s 00007000 08:07 1715010                    /home/linhsan/NetBeansProjects/ClinicManagement/dist/run1446679491/ClinicManagement.jar
7f399a98c000-7f399a994000 rw-s 00000000 08:07 394589                     /tmp/hsperfdata_linhsan/4703
7f399a994000-7f399a995000 rw-p 00000000 00:00 0 
7f399a995000-7f399a996000 r--p 00000000 00:00 0 
7f399a996000-7f399a998000 rw-p 00000000 00:00 0 
7f399a998000-7f399a999000 r--p 00022000 08:07 1708044                    /lib/x86_64-linux-gnu/ld-2.19.so
7f399a999000-7f399a99a000 rw-p 00023000 08:07 1708044                    /lib/x86_64-linux-gnu/ld-2.19.so
7f399a99a000-7f399a99b000 rw-p 00000000 00:00 0 
7fff01944000-7fff01965000 rw-p 00000000 00:00 0                          [stack]
7fff019fe000-7fff01a00000 r-xp 00000000 00:00 0                          [vdso]
ffffffffff600000-ffffffffff601000 r-xp 00000000 00:00 0                  [vsyscall]

VM Arguments:
jvm_args: -Dfile.encoding=UTF-8 
java_command: /home/linhsan/NetBeansProjects/ClinicManagement/dist/run1446679491/ClinicManagement.jar
java_class_path (initial): /home/linhsan/NetBeansProjects/ClinicManagement/dist/run1446679491/ClinicManagement.jar
Launcher Type: SUN_STANDARD

Environment Variables:
PATH=/usr/local/sbin:/usr/local/bin:/usr/sbin:/usr/bin:/sbin:/bin:/usr/games:/usr/local/games
LD_LIBRARY_PATH=/usr/lib/jvm/jdk1.8.0_25/jre/lib/amd64:/usr/lib/jvm/jdk1.8.0_25/jre/lib/i386:
SHELL=/bin/bash
DISPLAY=:0

Signal Handlers:
SIGSEGV: [libjvm.so+0xa79a80], sa_mask[0]=11111111011111111101111111111110, sa_flags=SA_RESTART|SA_SIGINFO
SIGBUS: [libjvm.so+0xa79a80], sa_mask[0]=11111111011111111101111111111110, sa_flags=SA_RESTART|SA_SIGINFO
SIGFPE: [libjvm.so+0x8e24e0], sa_mask[0]=11111111011111111101111111111110, sa_flags=SA_RESTART|SA_SIGINFO
SIGPIPE: SIG_IGN, sa_mask[0]=00000000000010000000000000000000, sa_flags=SA_RESTART
SIGXFSZ: [libjvm.so+0x8e24e0], sa_mask[0]=11111111011111111101111111111110, sa_flags=SA_RESTART|SA_SIGINFO
SIGILL: [libjvm.so+0x8e24e0], sa_mask[0]=11111111011111111101111111111110, sa_flags=SA_RESTART|SA_SIGINFO
SIGUSR1: SIG_DFL, sa_mask[0]=00000000000000000000000000000000, sa_flags=none
SIGUSR2: [libjvm.so+0x8e3d10], sa_mask[0]=00100000000000000000000000000000, sa_flags=SA_RESTART|SA_SIGINFO
SIGHUP: [libjvm.so+0x8e50d0], sa_mask[0]=11111111011111111101111111111110, sa_flags=SA_RESTART|SA_SIGINFO
SIGINT: SIG_IGN, sa_mask[0]=00000000000000000000000000000000, sa_flags=none
SIGTERM: [libjvm.so+0x8e50d0], sa_mask[0]=11111111011111111101111111111110, sa_flags=SA_RESTART|SA_SIGINFO
SIGQUIT: [libjvm.so+0x8e50d0], sa_mask[0]=11111111011111111101111111111110, sa_flags=SA_RESTART|SA_SIGINFO


---------------  S Y S T E M  ---------------

OS:DISTRIB_ID=Ubuntu
DISTRIB_RELEASE=14.04
DISTRIB_CODENAME=trusty
DISTRIB_DESCRIPTION="Ubuntu 14.04 LTS"

uname:Linux 3.13.0-24-generic #46-Ubuntu SMP Thu Apr 10 19:11:08 UTC 2014 x86_64
libc:glibc 2.19 NPTL 2.19 
rlimit: STACK 8192k, CORE 0k, NPROC 30460, NOFILE 4096, AS infinity
load average:1,58 1,39 1,14

/proc/meminfo:
MemTotal:        3920420 kB
MemFree:          547696 kB
Buffers:           34188 kB
Cached:           746852 kB
SwapCached:        79848 kB
Active:          2253672 kB
Inactive:         843864 kB
Active(anon):    2113576 kB
Inactive(anon):   676792 kB
Active(file):     140096 kB
Inactive(file):   167072 kB
Unevictable:         124 kB
Mlocked:             124 kB
SwapTotal:       7762940 kB
SwapFree:        7212016 kB
Dirty:              7840 kB
Writeback:             0 kB
AnonPages:       2269320 kB
Mapped:           276216 kB
Shmem:            473672 kB
Slab:             137508 kB
SReclaimable:      95400 kB
SUnreclaim:        42108 kB
KernelStack:        5968 kB
PageTables:        52876 kB
NFS_Unstable:          0 kB
Bounce:                0 kB
WritebackTmp:          0 kB
CommitLimit:     9723148 kB
Committed_AS:    8484828 kB
VmallocTotal:   34359738367 kB
VmallocUsed:      545972 kB
VmallocChunk:   34359183836 kB
HardwareCorrupted:     0 kB
AnonHugePages:    659456 kB
HugePages_Total:       0
HugePages_Free:        0
HugePages_Rsvd:        0
HugePages_Surp:        0
Hugepagesize:       2048 kB
DirectMap4k:       87804 kB
DirectMap2M:     3979264 kB


CPU:total 4 (2 cores per cpu, 2 threads per core) family 6 model 58 stepping 9, cmov, cx8, fxsr, mmx, sse, sse2, sse3, ssse3, sse4.1, sse4.2, popcnt, avx, aes, clmul, erms, ht, tsc, tscinvbit, tscinv

/proc/cpuinfo:
processor	: 0
vendor_id	: GenuineIntel
cpu family	: 6
model		: 58
model name	: Intel(R) Core(TM) i5-3230M CPU @ 2.60GHz
stepping	: 9
microcode	: 0x15
cpu MHz		: 2601.000
cache size	: 3072 KB
physical id	: 0
siblings	: 4
core id		: 0
cpu cores	: 2
apicid		: 0
initial apicid	: 0
fpu		: yes
fpu_exception	: yes
cpuid level	: 13
wp		: yes
flags		: fpu vme de pse tsc msr pae mce cx8 apic sep mtrr pge mca cmov pat pse36 clflush dts acpi mmx fxsr sse sse2 ss ht tm pbe syscall nx rdtscp lm constant_tsc arch_perfmon pebs bts rep_good nopl xtopology nonstop_tsc aperfmperf eagerfpu pni pclmulqdq dtes64 monitor ds_cpl vmx est tm2 ssse3 cx16 xtpr pdcm pcid sse4_1 sse4_2 x2apic popcnt tsc_deadline_timer aes xsave avx f16c rdrand lahf_lm ida arat epb xsaveopt pln pts dtherm tpr_shadow vnmi flexpriority ept vpid fsgsbase smep erms
bogomips	: 5188.11
clflush size	: 64
cache_alignment	: 64
address sizes	: 36 bits physical, 48 bits virtual
power management:

processor	: 1
vendor_id	: GenuineIntel
cpu family	: 6
model		: 58
model name	: Intel(R) Core(TM) i5-3230M CPU @ 2.60GHz
stepping	: 9
microcode	: 0x15
cpu MHz		: 2200.000
cache size	: 3072 KB
physical id	: 0
siblings	: 4
core id		: 0
cpu cores	: 2
apicid		: 1
initial apicid	: 1
fpu		: yes
fpu_exception	: yes
cpuid level	: 13
wp		: yes
flags		: fpu vme de pse tsc msr pae mce cx8 apic sep mtrr pge mca cmov pat pse36 clflush dts acpi mmx fxsr sse sse2 ss ht tm pbe syscall nx rdtscp lm constant_tsc arch_perfmon pebs bts rep_good nopl xtopology nonstop_tsc aperfmperf eagerfpu pni pclmulqdq dtes64 monitor ds_cpl vmx est tm2 ssse3 cx16 xtpr pdcm pcid sse4_1 sse4_2 x2apic popcnt tsc_deadline_timer aes xsave avx f16c rdrand lahf_lm ida arat epb xsaveopt pln pts dtherm tpr_shadow vnmi flexpriority ept vpid fsgsbase smep erms
bogomips	: 5188.11
clflush size	: 64
cache_alignment	: 64
address sizes	: 36 bits physical, 48 bits virtual
power management:

processor	: 2
vendor_id	: GenuineIntel
cpu family	: 6
model		: 58
model name	: Intel(R) Core(TM) i5-3230M CPU @ 2.60GHz
stepping	: 9
microcode	: 0x15
cpu MHz		: 1800.000
cache size	: 3072 KB
physical id	: 0
siblings	: 4
core id		: 1
cpu cores	: 2
apicid		: 2
initial apicid	: 2
fpu		: yes
fpu_exception	: yes
cpuid level	: 13
wp		: yes
flags		: fpu vme de pse tsc msr pae mce cx8 apic sep mtrr pge mca cmov pat pse36 clflush dts acpi mmx fxsr sse sse2 ss ht tm pbe syscall nx rdtscp lm constant_tsc arch_perfmon pebs bts rep_good nopl xtopology nonstop_tsc aperfmperf eagerfpu pni pclmulqdq dtes64 monitor ds_cpl vmx est tm2 ssse3 cx16 xtpr pdcm pcid sse4_1 sse4_2 x2apic popcnt tsc_deadline_timer aes xsave avx f16c rdrand lahf_lm ida arat epb xsaveopt pln pts dtherm tpr_shadow vnmi flexpriority ept vpid fsgsbase smep erms
bogomips	: 5188.11
clflush size	: 64
cache_alignment	: 64
address sizes	: 36 bits physical, 48 bits virtual
power management:

processor	: 3
vendor_id	: GenuineIntel
cpu family	: 6
model		: 58
model name	: Intel(R) Core(TM) i5-3230M CPU @ 2.60GHz
stepping	: 9
microcode	: 0x15
cpu MHz		: 1200.000
cache size	: 3072 KB
physical id	: 0
siblings	: 4
core id		: 1
cpu cores	: 2
apicid		: 3
initial apicid	: 3
fpu		: yes
fpu_exception	: yes
cpuid level	: 13
wp		: yes
flags		: fpu vme de pse tsc msr pae mce cx8 apic sep mtrr pge mca cmov pat pse36 clflush dts acpi mmx fxsr sse sse2 ss ht tm pbe syscall nx rdtscp lm constant_tsc arch_perfmon pebs bts rep_good nopl xtopology nonstop_tsc aperfmperf eagerfpu pni pclmulqdq dtes64 monitor ds_cpl vmx est tm2 ssse3 cx16 xtpr pdcm pcid sse4_1 sse4_2 x2apic popcnt tsc_deadline_timer aes xsave avx f16c rdrand lahf_lm ida arat epb xsaveopt pln pts dtherm tpr_shadow vnmi flexpriority ept vpid fsgsbase smep erms
bogomips	: 5188.11
clflush size	: 64
cache_alignment	: 64
address sizes	: 36 bits physical, 48 bits virtual
power management:



Memory: 4k page, physical 3920420k(547696k free), swap 7762940k(7212016k free)

vm_info: Java HotSpot(TM) 64-Bit Server VM (25.25-b02) for linux-amd64 JRE (1.8.0_25-b17), built on Sep 17 2014 17:32:11 by "java_re" with gcc 4.3.0 20080428 (Red Hat 4.3.0-8)

time: Sat Nov 14 08:18:00 2015
elapsed time: 28 seconds (0d 0h 0m 28s)

