#
# A fatal error has been detected by the Java Runtime Environment:
#
#  SIGSEGV (0xb) at pc=0x00007fa077da8013, pid=21964, tid=140325501085440
#
# JRE version: Java(TM) SE Runtime Environment (8.0_66-b17) (build 1.8.0_66-b17)
# Java VM: Java HotSpot(TM) 64-Bit Server VM (25.66-b17 mixed mode linux-amd64 compressed oops)
# Problematic frame:
# V  [libjvm.so+0x7f4013]  LinkResolver::resolve_invokevirtual(CallInfo&, Handle, constantPoolHandle, int, Thread*)+0x233
#
# Failed to write core dump. Core dumps have been disabled. To enable core dumping, try "ulimit -c unlimited" before starting Java again
#
# If you would like to submit a bug report, please visit:
#   http://bugreport.java.com/bugreport/crash.jsp
#

---------------  T H R E A D  ---------------

Current thread (0x00007fa07035a000):  JavaThread "JavaFX Application Thread" [_thread_in_vm, id=21984, stack(0x00007fa013952000,0x00007fa013a53000)]

siginfo: si_signo: 11 (SIGSEGV), si_code: 1 (SEGV_MAPERR), si_addr: 0x00000000040f6808

Registers:
RAX=0x00007fa078534770, RBX=0x00007fa070359d10, RCX=0x000000000000001e, RDX=0x00000000040f6800
RSP=0x00007fa013a50050, RBP=0x00007fa013a500f0, RSI=0x00007fa075872ed0, RDI=0x000000000000000c
R8 =0x00007fa070359d10, R9 =0x000000000000000c, R10=0x000000000000000b, R11=0x000000010000da48
R12=0x0000000000000000, R13=0x00007fa07035a000, R14=0x00007fa075872ed0, R15=0x0000000000000019
RIP=0x00007fa077da8013, EFLAGS=0x0000000000010202, CSGSFS=0x0000000000000033, ERR=0x0000000000000004
  TRAPNO=0x000000000000000e

Top of Stack: (sp=0x00007fa013a50050)
0x00007fa013a50050:   00007fa07035a000 00007fa013a500a0
0x00007fa013a50060:   00007fa013a5038f 0000000000000010
0x00007fa013a50070:   00007fa070359c40 00007fa013a50210
0x00007fa013a50080:   00007fa075872ed0 00007fa07035a000
0x00007fa013a50090:   00000001000a00b0 00007fa07869fdec
0x00007fa013a500a0:   00007fa07903c9e0 00007fa07901d850
0x00007fa013a500b0:   000000010000da48 00007fa013a50380
0x00007fa013a500c0:   00007fa013a50380 00007fa070359d10
0x00007fa013a500d0:   0000000000000000 00007fa07035a000
0x00007fa013a500e0:   0000000000000019 00007fa013a50210
0x00007fa013a500f0:   00007fa013a501a0 00007fa077daa4f4
0x00007fa013a50100:   0000000000000000 0000000000000000
0x00007fa013a50110:   00007fa013a50130 00007fa077e91a99
0x00007fa013a50120:   00007fa013a50160 0000000000000000
0x00007fa013a50130:   00007fa013a50150 00007fa077c3a355
0x00007fa013a50140:   00007fa075872ed0 00007fa07035a000
0x00007fa013a50150:   00007fa013a501a0 00007fa077c3a3f0
0x00007fa013a50160:   00007fa013a504d0 00007fa0610210c3
0x00007fa013a50170:   00007fa0610055d0 0000000000000019
0x00007fa013a50180:   0000000000000000 00007fa07035a000
0x00007fa013a50190:   00007fa013a50380 00007fa013a50210
0x00007fa013a501a0:   00007fa013a504b0 00007fa077c38b92
0x00007fa013a501b0:   00007fa004371080 00007fa078686ac9
0x00007fa013a501c0:   0000000000000000 00007fa019bdf449
0x00007fa013a501d0:   0004000500000008 0000003000000028
0x00007fa013a501e0:   000000b613a502b0 00007fa030000a30
0x00007fa013a501f0:   00007fa030000a40 00007fa030000e18
0x00007fa013a50200:   00000000000003d8 00007fa070359c40
0x00007fa013a50210:   0000000000000000 0000000000000000
0x00007fa013a50220:   0000000000000000 0000000000000000
0x00007fa013a50230:   0000000000000000 0000000000000000
0x00007fa013a50240:   0000000000000000 0000000000000000 

Instructions: (pc=0x00007fa077da8013)
0x00007fa077da7ff3:   83 7d 80 00 74 26 48 8b 45 80 48 8b 10 48 8b 05
0x00007fa077da8003:   59 fd 76 00 80 38 00 74 69 48 8b 05 8d d7 76 00
0x00007fa077da8013:   8b 52 08 8b 48 08 48 d3 e2 48 03 10 48 8b 4d c0
0x00007fa077da8023:   4c 89 6c 24 18 c7 44 24 10 01 00 00 00 c7 44 24 

Register to memory mapping:

RAX=0x00007fa078534770: <offset 0xf80770> in /usr/lib/jvm/jdk1.8.0_66/jre/lib/amd64/server/libjvm.so at 0x00007fa0775b4000
RBX=0x00007fa070359d10 is an unknown value
RCX=0x000000000000001e is an unknown value
RDX=0x00000000040f6800 is an unknown value
RSP=0x00007fa013a50050 is pointing into the stack for thread: 0x00007fa07035a000
RBP=0x00007fa013a500f0 is pointing into the stack for thread: 0x00007fa07035a000
RSI=0x00007fa075872ed0 is pointing into metadata
RDI=0x000000000000000c is an unknown value
R8 =0x00007fa070359d10 is an unknown value
R9 =0x000000000000000c is an unknown value
R10=0x000000000000000b is an unknown value
R11=0x000000010000da48 is pointing into metadata
R12=0x0000000000000000 is an unknown value
R13=0x00007fa07035a000 is a thread
R14=0x00007fa075872ed0 is pointing into metadata
R15=0x0000000000000019 is an unknown value


Stack: [0x00007fa013952000,0x00007fa013a53000],  sp=0x00007fa013a50050,  free space=1016k
Native frames: (J=compiled Java code, j=interpreted, Vv=VM code, C=native code)
V  [libjvm.so+0x7f4013]  LinkResolver::resolve_invokevirtual(CallInfo&, Handle, constantPoolHandle, int, Thread*)+0x233
V  [libjvm.so+0x7f64f4]  LinkResolver::resolve_invoke(CallInfo&, Handle, constantPoolHandle, int, Bytecodes::Code, Thread*)+0x2e4
V  [libjvm.so+0x684b92]  InterpreterRuntime::resolve_invoke(JavaThread*, Bytecodes::Code)+0x1b2
j  com.sun.glass.ui.gtk.GtkView.notifyInputMethodDraw(Ljava/lang/String;III[B)V+36
v  ~StubRoutines::call_stub
V  [libjvm.so+0x68bc46]  JavaCalls::call_helper(JavaValue*, methodHandle*, JavaCallArguments*, Thread*)+0x1056
V  [libjvm.so+0x6cdeeb]  jni_invoke_nonstatic(JNIEnv_*, JavaValue*, _jobject*, JNICallType, _jmethodID*, JNI_ArgumentPusher*, Thread*)+0x40b
V  [libjvm.so+0x6d22bf]  jni_CallVoidMethodV+0x10f
C  [libglass.so+0x18641]  JNIEnv_::CallVoidMethod(_jobject*, _jmethodID*, ...)+0x81
C  [libglass.so+0x19ca9]  im_preedit_draw(_XIM*, char*, char*)+0x219
C  [libX11.so.6+0x61138]
C  0x0000000000000001

Java frames: (J=compiled Java code, j=interpreted, Vv=VM code)
j  com.sun.glass.ui.gtk.GtkView.notifyInputMethodDraw(Ljava/lang/String;III[B)V+36
v  ~StubRoutines::call_stub
j  com.sun.glass.ui.gtk.GtkApplication._runLoop(Ljava/lang/Runnable;Z)V+0
j  com.sun.glass.ui.gtk.GtkApplication.lambda$null$49(Ljava/lang/Runnable;Z)V+7
j  com.sun.glass.ui.gtk.GtkApplication$$Lambda$41.run()V+12
j  java.lang.Thread.run()V+11
v  ~StubRoutines::call_stub

---------------  P R O C E S S  ---------------

Java Threads: ( => current thread )
  0x00007fa004333000 JavaThread "Prism Font Disposer" daemon [_thread_blocked, id=21991, stack(0x00007fa0125e9000,0x00007fa0126ea000)]
  0x00007fa004167000 JavaThread "Abandoned connection cleanup thread" daemon [_thread_blocked, id=21986, stack(0x00007fa013550000,0x00007fa013651000)]
  0x00007fa07035e000 JavaThread "JavaFX-Launcher" [_thread_blocked, id=21985, stack(0x00007fa013851000,0x00007fa013952000)]
=>0x00007fa07035a000 JavaThread "JavaFX Application Thread" [_thread_in_vm, id=21984, stack(0x00007fa013952000,0x00007fa013a53000)]
  0x00007fa070356000 JavaThread "Thread-1" daemon [_thread_blocked, id=21983, stack(0x00007fa05c073000,0x00007fa05c174000)]
  0x00007fa0702af000 JavaThread "QuantumRenderer-0" daemon [_thread_blocked, id=21982, stack(0x00007fa05e973000,0x00007fa05ea74000)]
  0x00007fa07019f800 JavaThread "Service Thread" daemon [_thread_blocked, id=21980, stack(0x00007fa05ec0a000,0x00007fa05ed0b000)]
  0x00007fa070182000 JavaThread "C1 CompilerThread2" daemon [_thread_blocked, id=21979, stack(0x00007fa05ed0b000,0x00007fa05ee0c000)]
  0x00007fa070180800 JavaThread "C2 CompilerThread1" daemon [_thread_blocked, id=21978, stack(0x00007fa05ee0c000,0x00007fa05ef0d000)]
  0x00007fa07017d800 JavaThread "C2 CompilerThread0" daemon [_thread_blocked, id=21977, stack(0x00007fa05ef0d000,0x00007fa05f00e000)]
  0x00007fa07017c000 JavaThread "Signal Dispatcher" daemon [_thread_blocked, id=21976, stack(0x00007fa05f00e000,0x00007fa05f10f000)]
  0x00007fa070145000 JavaThread "Finalizer" daemon [_thread_blocked, id=21975, stack(0x00007fa05f10f000,0x00007fa05f210000)]
  0x00007fa070143000 JavaThread "Reference Handler" daemon [_thread_blocked, id=21974, stack(0x00007fa07401e000,0x00007fa07411f000)]
  0x00007fa070008800 JavaThread "main" [_thread_blocked, id=21967, stack(0x00007fa079085000,0x00007fa079186000)]

Other Threads:
  0x00007fa07013e000 VMThread [stack: 0x00007fa07411f000,0x00007fa074220000] [id=21973]
  0x00007fa0701a2800 WatcherThread [stack: 0x00007fa05eb09000,0x00007fa05ec0a000] [id=21981]

VM state:not at safepoint (normal execution)

VM Mutex/Monitor currently owned by a thread: None

Heap:
 PSYoungGen      total 26624K, used 1534K [0x00000000ec100000, 0x00000000ee280000, 0x0000000100000000)
  eden space 20992K, 2% used [0x00000000ec100000,0x00000000ec18b870,0x00000000ed580000)
  from space 5632K, 17% used [0x00000000edd00000,0x00000000eddf4050,0x00000000ee280000)
  to   space 6656K, 0% used [0x00000000ed580000,0x00000000ed580000,0x00000000edc00000)
 ParOldGen       total 35328K, used 7988K [0x00000000c4200000, 0x00000000c6480000, 0x00000000ec100000)
  object space 35328K, 22% used [0x00000000c4200000,0x00000000c49cd388,0x00000000c6480000)
 Metaspace       used 21427K, capacity 22534K, committed 22656K, reserved 1069056K
  class space    used 2883K, capacity 3148K, committed 3200K, reserved 1048576K

Card table byte_map: [0x00007fa0762a1000,0x00007fa076481000] byte_map_base: 0x00007fa075c80000

Marking Bits: (ParMarkBitMap*) 0x00007fa078563020
 Begin Bits: [0x00007fa05f210000, 0x00007fa060108000)
 End Bits:   [0x00007fa060108000, 0x00007fa061000000)

Polling page: 0x00007fa0791a2000

CodeCache: size=245760Kb used=10567Kb max_used=10976Kb free=235192Kb
 bounds [0x00007fa061000000, 0x00007fa061ac0000, 0x00007fa070000000]
 total_blobs=4060 nmethods=3350 adapters=622
 compilation: enabled

Compilation events (10 events):
Event: 71,901 Thread 0x00007fa070182000 3512       3       sun.nio.cs.StreamEncoder::ensureOpen (18 bytes)
Event: 71,901 Thread 0x00007fa070182000 nmethod 3512 0x00007fa0612d4350 code [0x00007fa0612d44c0, 0x00007fa0612d4708]
Event: 71,901 Thread 0x00007fa070182000 3513       3       sun.nio.cs.StreamEncoder::implWrite (156 bytes)
Event: 71,907 Thread 0x00007fa070182000 nmethod 3513 0x00007fa0612cedd0 code [0x00007fa0612cf040, 0x00007fa0612cfea8]
Event: 71,907 Thread 0x00007fa070182000 3514       3       java.io.OutputStreamWriter::flushBuffer (8 bytes)
Event: 71,907 Thread 0x00007fa070182000 nmethod 3514 0x00007fa061355ad0 code [0x00007fa061355c40, 0x00007fa061355de8]
Event: 71,907 Thread 0x00007fa070182000 3515       3       javafx.scene.layout.GridPane::getHalignment (10 bytes)
Event: 71,908 Thread 0x00007fa070182000 nmethod 3515 0x00007fa061353650 code [0x00007fa061353840, 0x00007fa061354298]
Event: 71,908 Thread 0x00007fa070182000 3516       3       javafx.scene.layout.GridPane::isFillWidth (10 bytes)
Event: 71,909 Thread 0x00007fa070182000 nmethod 3516 0x00007fa0611d24d0 code [0x00007fa0611d26c0, 0x00007fa0611d3118]

GC Heap History (10 events):
Event: 3,683 GC heap before
{Heap before GC invocations=3 (full 0):
 PSYoungGen      total 17920K, used 17888K [0x00000000ec100000, 0x00000000ed500000, 0x0000000100000000)
  eden space 15360K, 100% used [0x00000000ec100000,0x00000000ed000000,0x00000000ed000000)
  from space 2560K, 98% used [0x00000000ed280000,0x00000000ed4f8070,0x00000000ed500000)
  to   space 2560K, 0% used [0x00000000ed000000,0x00000000ed000000,0x00000000ed280000)
 ParOldGen       total 40960K, used 2805K [0x00000000c4200000, 0x00000000c6a00000, 0x00000000ec100000)
  object space 40960K, 6% used [0x00000000c4200000,0x00000000c44bd440,0x00000000c6a00000)
 Metaspace       used 18496K, capacity 19154K, committed 19456K, reserved 1067008K
  class space    used 2577K, capacity 2766K, committed 2816K, reserved 1048576K
Event: 3,690 GC heap after
Heap after GC invocations=3 (full 0):
 PSYoungGen      total 17920K, used 2528K [0x00000000ec100000, 0x00000000ed500000, 0x0000000100000000)
  eden space 15360K, 0% used [0x00000000ec100000,0x00000000ec100000,0x00000000ed000000)
  from space 2560K, 98% used [0x00000000ed000000,0x00000000ed278068,0x00000000ed280000)
  to   space 2560K, 0% used [0x00000000ed280000,0x00000000ed280000,0x00000000ed500000)
 ParOldGen       total 40960K, used 5168K [0x00000000c4200000, 0x00000000c6a00000, 0x00000000ec100000)
  object space 40960K, 12% used [0x00000000c4200000,0x00000000c470c290,0x00000000c6a00000)
 Metaspace       used 18496K, capacity 19154K, committed 19456K, reserved 1067008K
  class space    used 2577K, capacity 2766K, committed 2816K, reserved 1048576K
}
Event: 4,078 GC heap before
{Heap before GC invocations=4 (full 0):
 PSYoungGen      total 17920K, used 12996K [0x00000000ec100000, 0x00000000ed500000, 0x0000000100000000)
  eden space 15360K, 68% used [0x00000000ec100000,0x00000000ecb39070,0x00000000ed000000)
  from space 2560K, 98% used [0x00000000ed000000,0x00000000ed278068,0x00000000ed280000)
  to   space 2560K, 0% used [0x00000000ed280000,0x00000000ed280000,0x00000000ed500000)
 ParOldGen       total 40960K, used 5168K [0x00000000c4200000, 0x00000000c6a00000, 0x00000000ec100000)
  object space 40960K, 12% used [0x00000000c4200000,0x00000000c470c290,0x00000000c6a00000)
 Metaspace       used 20237K, capacity 21210K, committed 21248K, reserved 1067008K
  class space    used 2845K, capacity 3066K, committed 3072K, reserved 1048576K
Event: 4,085 GC heap after
Heap after GC invocations=4 (full 0):
 PSYoungGen      total 17920K, used 2528K [0x00000000ec100000, 0x00000000ed500000, 0x0000000100000000)
  eden space 15360K, 0% used [0x00000000ec100000,0x00000000ec100000,0x00000000ed000000)
  from space 2560K, 98% used [0x00000000ed280000,0x00000000ed4f8068,0x00000000ed500000)
  to   space 2560K, 0% used [0x00000000ed000000,0x00000000ed000000,0x00000000ed280000)
 ParOldGen       total 40960K, used 6576K [0x00000000c4200000, 0x00000000c6a00000, 0x00000000ec100000)
  object space 40960K, 16% used [0x00000000c4200000,0x00000000c486c2c0,0x00000000c6a00000)
 Metaspace       used 20237K, capacity 21210K, committed 21248K, reserved 1067008K
  class space    used 2845K, capacity 3066K, committed 3072K, reserved 1048576K
}
Event: 4,085 GC heap before
{Heap before GC invocations=5 (full 1):
 PSYoungGen      total 17920K, used 2528K [0x00000000ec100000, 0x00000000ed500000, 0x0000000100000000)
  eden space 15360K, 0% used [0x00000000ec100000,0x00000000ec100000,0x00000000ed000000)
  from space 2560K, 98% used [0x00000000ed280000,0x00000000ed4f8068,0x00000000ed500000)
  to   space 2560K, 0% used [0x00000000ed000000,0x00000000ed000000,0x00000000ed280000)
 ParOldGen       total 40960K, used 6576K [0x00000000c4200000, 0x00000000c6a00000, 0x00000000ec100000)
  object space 40960K, 16% used [0x00000000c4200000,0x00000000c486c2c0,0x00000000c6a00000)
 Metaspace       used 20237K, capacity 21210K, committed 21248K, reserved 1067008K
  class space    used 2845K, capacity 3066K, committed 3072K, reserved 1048576K
Event: 4,122 GC heap after
Heap after GC invocations=5 (full 1):
 PSYoungGen      total 17920K, used 0K [0x00000000ec100000, 0x00000000ed500000, 0x0000000100000000)
  eden space 15360K, 0% used [0x00000000ec100000,0x00000000ec100000,0x00000000ed000000)
  from space 2560K, 0% used [0x00000000ed280000,0x00000000ed280000,0x00000000ed500000)
  to   space 2560K, 0% used [0x00000000ed000000,0x00000000ed000000,0x00000000ed280000)
 ParOldGen       total 35328K, used 7972K [0x00000000c4200000, 0x00000000c6480000, 0x00000000ec100000)
  object space 35328K, 22% used [0x00000000c4200000,0x00000000c49c9388,0x00000000c6480000)
 Metaspace       used 20237K, capacity 21210K, committed 21248K, reserved 1067008K
  class space    used 2845K, capacity 3066K, committed 3072K, reserved 1048576K
}
Event: 49,674 GC heap before
{Heap before GC invocations=6 (full 1):
 PSYoungGen      total 17920K, used 15360K [0x00000000ec100000, 0x00000000ed500000, 0x0000000100000000)
  eden space 15360K, 100% used [0x00000000ec100000,0x00000000ed000000,0x00000000ed000000)
  from space 2560K, 0% used [0x00000000ed280000,0x00000000ed280000,0x00000000ed500000)
  to   space 2560K, 0% used [0x00000000ed000000,0x00000000ed000000,0x00000000ed280000)
 ParOldGen       total 35328K, used 7972K [0x00000000c4200000, 0x00000000c6480000, 0x00000000ec100000)
  object space 35328K, 22% used [0x00000000c4200000,0x00000000c49c9388,0x00000000c6480000)
 Metaspace       used 21099K, capacity 22170K, committed 22400K, reserved 1069056K
  class space    used 2876K, capacity 3114K, committed 3200K, reserved 1048576K
Event: 49,676 GC heap after
Heap after GC invocations=6 (full 1):
 PSYoungGen      total 17920K, used 800K [0x00000000ec100000, 0x00000000ee380000, 0x0000000100000000)
  eden space 15360K, 0% used [0x00000000ec100000,0x00000000ec100000,0x00000000ed000000)
  from space 2560K, 31% used [0x00000000ed000000,0x00000000ed0c8020,0x00000000ed280000)
  to   space 6656K, 0% used [0x00000000edd00000,0x00000000edd00000,0x00000000ee380000)
 ParOldGen       total 35328K, used 7980K [0x00000000c4200000, 0x00000000c6480000, 0x00000000ec100000)
  object space 35328K, 22% used [0x00000000c4200000,0x00000000c49cb388,0x00000000c6480000)
 Metaspace       used 21099K, capacity 22170K, committed 22400K, reserved 1069056K
  class space    used 2876K, capacity 3114K, committed 3200K, reserved 1048576K
}
Event: 69,432 GC heap before
{Heap before GC invocations=7 (full 1):
 PSYoungGen      total 17920K, used 16160K [0x00000000ec100000, 0x00000000ee380000, 0x0000000100000000)
  eden space 15360K, 100% used [0x00000000ec100000,0x00000000ed000000,0x00000000ed000000)
  from space 2560K, 31% used [0x00000000ed000000,0x00000000ed0c8020,0x00000000ed280000)
  to   space 6656K, 0% used [0x00000000edd00000,0x00000000edd00000,0x00000000ee380000)
 ParOldGen       total 35328K, used 7980K [0x00000000c4200000, 0x00000000c6480000, 0x00000000ec100000)
  object space 35328K, 22% used [0x00000000c4200000,0x00000000c49cb388,0x00000000c6480000)
 Metaspace       used 21414K, capacity 22534K, committed 22656K, reserved 1069056K
  class space    used 2883K, capacity 3148K, committed 3200K, reserved 1048576K
Event: 69,436 GC heap after
Heap after GC invocations=7 (full 1):
 PSYoungGen      total 26624K, used 976K [0x00000000ec100000, 0x00000000ee280000, 0x0000000100000000)
  eden space 20992K, 0% used [0x00000000ec100000,0x00000000ec100000,0x00000000ed580000)
  from space 5632K, 17% used [0x00000000edd00000,0x00000000eddf4050,0x00000000ee280000)
  to   space 6656K, 0% used [0x00000000ed580000,0x00000000ed580000,0x00000000edc00000)
 ParOldGen       total 35328K, used 7988K [0x00000000c4200000, 0x00000000c6480000, 0x00000000ec100000)
  object space 35328K, 22% used [0x00000000c4200000,0x00000000c49cd388,0x00000000c6480000)
 Metaspace       used 21414K, capacity 22534K, committed 22656K, reserved 1069056K
  class space    used 2883K, capacity 3148K, committed 3200K, reserved 1048576K
}

Deoptimization events (10 events):
Event: 3,984 Thread 0x00007fa07035a000 Uncommon trap: reason=array_check action=maybe_recompile pc=0x00007fa06162a27c method=com.sun.javafx.css.SimpleSelector.applies(Ljavafx/css/Styleable;[Ljava/util/Set;I)Z @ 37
Event: 3,984 Thread 0x00007fa07035a000 Uncommon trap: reason=array_check action=maybe_recompile pc=0x00007fa06162a27c method=com.sun.javafx.css.SimpleSelector.applies(Ljavafx/css/Styleable;[Ljava/util/Set;I)Z @ 37
Event: 3,984 Thread 0x00007fa07035a000 Uncommon trap: reason=array_check action=maybe_recompile pc=0x00007fa06162a27c method=com.sun.javafx.css.SimpleSelector.applies(Ljavafx/css/Styleable;[Ljava/util/Set;I)Z @ 37
Event: 3,984 Thread 0x00007fa07035a000 Uncommon trap: reason=array_check action=maybe_recompile pc=0x00007fa06162a27c method=com.sun.javafx.css.SimpleSelector.applies(Ljavafx/css/Styleable;[Ljava/util/Set;I)Z @ 37
Event: 4,183 Thread 0x00007fa0702af000 Uncommon trap: reason=unstable_if action=reinterpret pc=0x00007fa06168c73c method=java.lang.StrictMath.floorOrCeil(DDDD)D @ 38
Event: 4,183 Thread 0x00007fa0702af000 Uncommon trap: reason=unstable_if action=reinterpret pc=0x00007fa06145b638 method=java.lang.StrictMath.floorOrCeil(DDDD)D @ 38
Event: 49,759 Thread 0x00007fa07035a000 Uncommon trap: reason=array_check action=maybe_recompile pc=0x00007fa06186aa5c method=com.sun.javafx.css.CompoundSelector.applies(Ljavafx/css/Styleable;[Ljava/util/Set;I)Z @ 128
Event: 49,759 Thread 0x00007fa07035a000 Uncommon trap: reason=array_check action=maybe_recompile pc=0x00007fa06186aa5c method=com.sun.javafx.css.CompoundSelector.applies(Ljavafx/css/Styleable;[Ljava/util/Set;I)Z @ 128
Event: 49,759 Thread 0x00007fa07035a000 Uncommon trap: reason=array_check action=maybe_recompile pc=0x00007fa06186aa5c method=com.sun.javafx.css.CompoundSelector.applies(Ljavafx/css/Styleable;[Ljava/util/Set;I)Z @ 128
Event: 49,759 Thread 0x00007fa07035a000 Uncommon trap: reason=array_check action=maybe_recompile pc=0x00007fa06186aa5c method=com.sun.javafx.css.CompoundSelector.applies(Ljavafx/css/Styleable;[Ljava/util/Set;I)Z @ 128

Internal exceptions (10 events):
Event: 69,951 Thread 0x00007fa07035a000 Exception <a 'java/lang/NullPointerException'> (0x00000000ec108e58) thrown at [/HUDSON/workspace/8-2-build-linux-amd64/jdk8u66/4988/hotspot/src/share/vm/interpreter/linkResolver.cpp, line 1178]
Event: 69,952 Thread 0x00007fa07035a000 Exception <a 'java/lang/NullPointerException'> (0x00000000ec10a858) thrown at [/HUDSON/workspace/8-2-build-linux-amd64/jdk8u66/4988/hotspot/src/share/vm/interpreter/linkResolver.cpp, line 1178]
Event: 70,152 Thread 0x00007fa07035a000 Exception <a 'java/lang/NullPointerException'> (0x00000000ec10f718) thrown at [/HUDSON/workspace/8-2-build-linux-amd64/jdk8u66/4988/hotspot/src/share/vm/interpreter/linkResolver.cpp, line 1178]
Event: 70,153 Thread 0x00007fa07035a000 Exception <a 'java/lang/NullPointerException'> (0x00000000ec111118) thrown at [/HUDSON/workspace/8-2-build-linux-amd64/jdk8u66/4988/hotspot/src/share/vm/interpreter/linkResolver.cpp, line 1178]
Event: 71,797 Thread 0x00007fa07035a000 Exception <a 'java/lang/NullPointerException'> (0x00000000ec129680) thrown at [/HUDSON/workspace/8-2-build-linux-amd64/jdk8u66/4988/hotspot/src/share/vm/interpreter/linkResolver.cpp, line 1178]
Event: 71,798 Thread 0x00007fa07035a000 Exception <a 'java/lang/NullPointerException'> (0x00000000ec12b080) thrown at [/HUDSON/workspace/8-2-build-linux-amd64/jdk8u66/4988/hotspot/src/share/vm/interpreter/linkResolver.cpp, line 1178]
Event: 71,804 Thread 0x00007fa07035a000 Exception <a 'java/lang/NullPointerException'> (0x00000000ec130848) thrown at [/HUDSON/workspace/8-2-build-linux-amd64/jdk8u66/4988/hotspot/src/share/vm/interpreter/linkResolver.cpp, line 1178]
Event: 71,894 Thread 0x00007fa07035a000 Exception <a 'java/lang/NullPointerException'> (0x00000000ec1338c0) thrown at [/HUDSON/workspace/8-2-build-linux-amd64/jdk8u66/4988/hotspot/src/share/vm/interpreter/linkResolver.cpp, line 1178]
Event: 71,894 Thread 0x00007fa07035a000 Exception <a 'java/lang/NullPointerException'> (0x00000000ec1352c0) thrown at [/HUDSON/workspace/8-2-build-linux-amd64/jdk8u66/4988/hotspot/src/share/vm/interpreter/linkResolver.cpp, line 1178]
Event: 71,898 Thread 0x00007fa07035a000 Exception <a 'java/lang/NullPointerException'> (0x00000000ec1387f8) thrown at [/HUDSON/workspace/8-2-build-linux-amd64/jdk8u66/4988/hotspot/src/share/vm/interpreter/linkResolver.cpp, line 1178]

Events (10 events):
Event: 69,436 Executing VM operation: RevokeBias
Event: 69,436 Executing VM operation: RevokeBias done
Event: 69,437 Executing VM operation: RevokeBias
Event: 69,437 Executing VM operation: RevokeBias done
Event: 69,437 Executing VM operation: RevokeBias
Event: 69,437 Executing VM operation: RevokeBias done
Event: 69,437 Executing VM operation: RevokeBias
Event: 69,437 Executing VM operation: RevokeBias done
Event: 69,437 Executing VM operation: RevokeBias
Event: 69,437 Executing VM operation: RevokeBias done


Dynamic libraries:
00400000-00401000 r-xp 00000000 fd:00 160703                             /usr/lib/jvm/jdk1.8.0_66/jre/bin/java
00600000-00601000 rw-p 00000000 fd:00 160703                             /usr/lib/jvm/jdk1.8.0_66/jre/bin/java
025c1000-025e2000 rw-p 00000000 00:00 0                                  [heap]
c4200000-c6480000 rw-p 00000000 00:00 0 
c6480000-ec100000 ---p 00000000 00:00 0 
ec100000-ee280000 rw-p 00000000 00:00 0 
ee280000-100000000 ---p 00000000 00:00 0 
100000000-100320000 rw-p 00000000 00:00 0 
100320000-140000000 ---p 00000000 00:00 0 
7f9ffc000000-7f9ffc021000 rw-p 00000000 00:00 0 
7f9ffc021000-7fa000000000 ---p 00000000 00:00 0 
7fa000000000-7fa000021000 rw-p 00000000 00:00 0 
7fa000021000-7fa004000000 ---p 00000000 00:00 0 
7fa004000000-7fa00478d000 rw-p 00000000 00:00 0 
7fa00478d000-7fa008000000 ---p 00000000 00:00 0 
7fa008000000-7fa008021000 rw-p 00000000 00:00 0 
7fa008021000-7fa00c000000 ---p 00000000 00:00 0 
7fa00c000000-7fa00c021000 rw-p 00000000 00:00 0 
7fa00c021000-7fa010000000 ---p 00000000 00:00 0 
7fa011973000-7fa011974000 rw-s 00000000 00:05 366462                     /drm mm object (deleted)
7fa011984000-7fa01198c000 rw-s 00000000 00:05 366451                     /drm mm object (deleted)
7fa0119c9000-7fa0119cc000 rw-p 00000000 00:00 0 
7fa0119cc000-7fa0119dc000 rw-s 00000000 00:05 366536                     /drm mm object (deleted)
7fa0119dc000-7fa011adc000 rw-p 00000000 00:00 0 
7fa011adc000-7fa011bdc000 ---p 00000000 00:00 0 
7fa011bdc000-7fa011be4000 rw-s 00000000 00:05 359265                     /drm mm object (deleted)
7fa011be4000-7fa011bf4000 rw-s 00000000 00:05 366528                     /drm mm object (deleted)
7fa011bf4000-7fa011db4000 rw-s 00000000 00:05 366326                     /drm mm object (deleted)
7fa011db4000-7fa011fb4000 rw-p 00000000 00:00 0 
7fa011fb4000-7fa011fb5000 rw-s 00000000 00:05 359240                     /drm mm object (deleted)
7fa011fb5000-7fa011fb6000 rw-s 00000000 00:05 366613                     /drm mm object (deleted)
7fa011fb6000-7fa011fbd000 r--s 00000000 fd:00 2493270                    /usr/lib64/gconv/gconv-modules.cache
7fa011fbd000-7fa011fcd000 rw-s 00000000 00:05 366839                     /drm mm object (deleted)
7fa011fcd000-7fa01218d000 rw-s 106619000 00:06 11675                     /dev/dri/card0
7fa01218d000-7fa0121ed000 rw-s 00000000 00:05 359250                     /drm mm object (deleted)
7fa0121ed000-7fa0121fb000 rw-s 00000000 00:05 359249                     /drm mm object (deleted)
7fa0121fb000-7fa0123bb000 rw-s 00000000 00:05 359242                     /drm mm object (deleted)
7fa0123bb000-7fa0123cb000 rw-s 00000000 00:05 366607                     /drm mm object (deleted)
7fa0123cb000-7fa0123d7000 rw-s 00000000 00:05 359209                     /drm mm object (deleted)
7fa0123d7000-7fa0123e9000 r--s 00345000 fd:00 160749                     /usr/lib/jvm/jdk1.8.0_66/jre/lib/resources.jar
7fa0123e9000-7fa0125e9000 rw-p 00000000 00:00 0 
7fa0125e9000-7fa0125ec000 ---p 00000000 00:00 0 
7fa0125ec000-7fa0126ea000 rw-p 00000000 00:00 0                          [stack:21991]
7fa0126ea000-7fa0127a3000 r--p 00000000 fd:00 3165231                    /usr/share/fonts/dejavu/DejaVuSans.ttf
7fa0127a3000-7fa0127b7000 r--p 00000000 fd:00 160843                     /usr/lib/jvm/jdk1.8.0_66/jre/lib/fonts/LucidaBrightItalic.ttf
7fa0127b7000-7fa0127f1000 r--p 00000000 fd:00 160850                     /usr/lib/jvm/jdk1.8.0_66/jre/lib/fonts/LucidaTypewriterBold.ttf
7fa0127f1000-7fa01289c000 r--p 00000000 fd:00 160844                     /usr/lib/jvm/jdk1.8.0_66/jre/lib/fonts/LucidaSansRegular.ttf
7fa01289c000-7fa0128f1000 r--p 00000000 fd:00 160845                     /usr/lib/jvm/jdk1.8.0_66/jre/lib/fonts/LucidaBrightRegular.ttf
7fa0128f1000-7fa01292d000 r--p 00000000 fd:00 160849                     /usr/lib/jvm/jdk1.8.0_66/jre/lib/fonts/LucidaTypewriterRegular.ttf
7fa01292d000-7fa012931000 r-xp 00000000 fd:00 160760                     /usr/lib/jvm/jdk1.8.0_66/jre/lib/amd64/libjavafx_font_pango.so
7fa012931000-7fa012b30000 ---p 00004000 fd:00 160760                     /usr/lib/jvm/jdk1.8.0_66/jre/lib/amd64/libjavafx_font_pango.so
7fa012b30000-7fa012b31000 rw-p 00003000 fd:00 160760                     /usr/lib/jvm/jdk1.8.0_66/jre/lib/amd64/libjavafx_font_pango.so
7fa012b31000-7fa012b36000 r-xp 00000000 fd:00 160763                     /usr/lib/jvm/jdk1.8.0_66/jre/lib/amd64/libjavafx_font_freetype.so
7fa012b36000-7fa012d35000 ---p 00005000 fd:00 160763                     /usr/lib/jvm/jdk1.8.0_66/jre/lib/amd64/libjavafx_font_freetype.so
7fa012d35000-7fa012d36000 rw-p 00004000 fd:00 160763                     /usr/lib/jvm/jdk1.8.0_66/jre/lib/amd64/libjavafx_font_freetype.so
7fa012d36000-7fa012d39000 r-xp 00000000 fd:00 160801                     /usr/lib/jvm/jdk1.8.0_66/jre/lib/amd64/libjavafx_font.so
7fa012d39000-7fa012f38000 ---p 00003000 fd:00 160801                     /usr/lib/jvm/jdk1.8.0_66/jre/lib/amd64/libjavafx_font.so
7fa012f38000-7fa012f39000 rw-p 00002000 fd:00 160801                     /usr/lib/jvm/jdk1.8.0_66/jre/lib/amd64/libjavafx_font.so
7fa012f39000-7fa013139000 rw-p 00000000 00:00 0 
7fa013139000-7fa01314f000 r-xp 00000000 fd:00 160800                     /usr/lib/jvm/jdk1.8.0_66/jre/lib/amd64/libnet.so
7fa01314f000-7fa01334f000 ---p 00016000 fd:00 160800                     /usr/lib/jvm/jdk1.8.0_66/jre/lib/amd64/libnet.so
7fa01334f000-7fa013350000 rw-p 00016000 fd:00 160800                     /usr/lib/jvm/jdk1.8.0_66/jre/lib/amd64/libnet.so
7fa013350000-7fa013550000 rw-p 00000000 00:00 0 
7fa013550000-7fa013553000 ---p 00000000 00:00 0 
7fa013553000-7fa013851000 rw-p 00000000 00:00 0                          [stack:21986]
7fa013851000-7fa013854000 ---p 00000000 00:00 0 
7fa013854000-7fa013952000 rw-p 00000000 00:00 0                          [stack:21985]
7fa013952000-7fa013955000 ---p 00000000 00:00 0 
7fa013955000-7fa013a53000 rw-p 00000000 00:00 0                          [stack:21984]
7fa013a53000-7fa013aca000 r-xp 00000000 fd:00 2237377                    /usr/lib64/libfreebl3.so
7fa013aca000-7fa013cc9000 ---p 00077000 fd:00 2237377                    /usr/lib64/libfreebl3.so
7fa013cc9000-7fa013ccb000 r--p 00076000 fd:00 2237377                    /usr/lib64/libfreebl3.so
7fa013ccb000-7fa013ccc000 rw-p 00078000 fd:00 2237377                    /usr/lib64/libfreebl3.so
7fa013ccc000-7fa013cd0000 rw-p 00000000 00:00 0 
7fa013cd0000-7fa013cd7000 r-xp 00000000 fd:00 2235341                    /usr/lib64/libcrypt-2.21.so
7fa013cd7000-7fa013ed6000 ---p 00007000 fd:00 2235341                    /usr/lib64/libcrypt-2.21.so
7fa013ed6000-7fa013ed7000 r--p 00006000 fd:00 2235341                    /usr/lib64/libcrypt-2.21.so
7fa013ed7000-7fa013ed8000 rw-p 00007000 fd:00 2235341                    /usr/lib64/libcrypt-2.21.so
7fa013ed8000-7fa013f06000 rw-p 00000000 00:00 0 
7fa013f06000-7fa013f0c000 r-xp 00000000 fd:00 2237031                    /usr/lib64/libogg.so.0.8.2
7fa013f0c000-7fa01410b000 ---p 00006000 fd:00 2237031                    /usr/lib64/libogg.so.0.8.2
7fa01410b000-7fa01410c000 r--p 00005000 fd:00 2237031                    /usr/lib64/libogg.so.0.8.2
7fa01410c000-7fa01410d000 rw-p 00006000 fd:00 2237031                    /usr/lib64/libogg.so.0.8.2
7fa01410d000-7fa014138000 r-xp 00000000 fd:00 2237297                    /usr/lib64/libvorbis.so.0.4.7
7fa014138000-7fa014338000 ---p 0002b000 fd:00 2237297                    /usr/lib64/libvorbis.so.0.4.7
7fa014338000-7fa014339000 r--p 0002b000 fd:00 2237297                    /usr/lib64/libvorbis.so.0.4.7
7fa014339000-7fa01433a000 rw-p 0002c000 fd:00 2237297                    /usr/lib64/libvorbis.so.0.4.7
7fa01433a000-7fa014343000 r-xp 00000000 fd:00 2236924                    /usr/lib64/libltdl.so.7.3.0
7fa014343000-7fa014542000 ---p 00009000 fd:00 2236924                    /usr/lib64/libltdl.so.7.3.0
7fa014542000-7fa014543000 r--p 00008000 fd:00 2236924                    /usr/lib64/libltdl.so.7.3.0
7fa014543000-7fa014544000 rw-p 00009000 fd:00 2236924                    /usr/lib64/libltdl.so.7.3.0
7fa014544000-7fa014558000 r-xp 00000000 fd:00 2235942                    /usr/lib64/libtdb.so.1.3.7
7fa014558000-7fa014757000 ---p 00014000 fd:00 2235942                    /usr/lib64/libtdb.so.1.3.7
7fa014757000-7fa014758000 r--p 00013000 fd:00 2235942                    /usr/lib64/libtdb.so.1.3.7
7fa014758000-7fa014759000 rw-p 00014000 fd:00 2235942                    /usr/lib64/libtdb.so.1.3.7
7fa014759000-7fa014761000 r-xp 00000000 fd:00 2237299                    /usr/lib64/libvorbisfile.so.3.3.6
7fa014761000-7fa014960000 ---p 00008000 fd:00 2237299                    /usr/lib64/libvorbisfile.so.3.3.6
7fa014960000-7fa014961000 r--p 00007000 fd:00 2237299                    /usr/lib64/libvorbisfile.so.3.3.6
7fa014961000-7fa014962000 rw-p 00008000 fd:00 2237299                    /usr/lib64/libvorbisfile.so.3.3.6
7fa014962000-7fa014973000 r-xp 00000000 fd:00 2236546                    /usr/lib64/libcanberra.so.0.2.5
7fa014973000-7fa014b72000 ---p 00011000 fd:00 2236546                    /usr/lib64/libcanberra.so.0.2.5
7fa014b72000-7fa014b73000 r--p 00010000 fd:00 2236546                    /usr/lib64/libcanberra.so.0.2.5
7fa014b73000-7fa014b74000 rw-p 00011000 fd:00 2236546                    /usr/lib64/libcanberra.so.0.2.5
7fa014b74000-7fa014b78000 r-xp 00000000 fd:00 2236544                    /usr/lib64/libcanberra-gtk.so.0.1.9
7fa014b78000-7fa014d77000 ---p 00004000 fd:00 2236544                    /usr/lib64/libcanberra-gtk.so.0.1.9
7fa014d77000-7fa014d78000 r--p 00003000 fd:00 2236544                    /usr/lib64/libcanberra-gtk.so.0.1.9
7fa014d78000-7fa014d79000 rw-p 00004000 fd:00 2236544                    /usr/lib64/libcanberra-gtk.so.0.1.9
7fa014d79000-7fa014d7e000 r-xp 00000000 fd:00 2494004                    /usr/lib64/gtk-2.0/modules/libcanberra-gtk-module.so
7fa014d7e000-7fa014f7e000 ---p 00005000 fd:00 2494004                    /usr/lib64/gtk-2.0/modules/libcanberra-gtk-module.so
7fa014f7e000-7fa014f7f000 r--p 00005000 fd:00 2494004                    /usr/lib64/gtk-2.0/modules/libcanberra-gtk-module.so
7fa014f7f000-7fa014f80000 rw-p 00006000 fd:00 2494004                    /usr/lib64/gtk-2.0/modules/libcanberra-gtk-module.so
7fa014f80000-7fa014f81000 r-xp 00000000 fd:00 2499523                    /usr/lib64/gtk-2.0/modules/libpk-gtk-module.so
7fa014f81000-7fa015180000 ---p 00001000 fd:00 2499523                    /usr/lib64/gtk-2.0/modules/libpk-gtk-module.so
7fa015180000-7fa015181000 r--p 00000000 fd:00 2499523                    /usr/lib64/gtk-2.0/modules/libpk-gtk-module.so
7fa015181000-7fa015182000 rw-p 00001000 fd:00 2499523                    /usr/lib64/gtk-2.0/modules/libpk-gtk-module.so
7fa015182000-7fa015185000 r-xp 00000000 fd:00 2493997                    /usr/lib64/gtk-2.0/2.10.0/engines/libadwaita.so
7fa015185000-7fa015384000 ---p 00003000 fd:00 2493997                    /usr/lib64/gtk-2.0/2.10.0/engines/libadwaita.so
7fa015384000-7fa015385000 r--p 00002000 fd:00 2493997                    /usr/lib64/gtk-2.0/2.10.0/engines/libadwaita.so
7fa015385000-7fa015386000 rw-p 00003000 fd:00 2493997                    /usr/lib64/gtk-2.0/2.10.0/engines/libadwaita.so
7fa015386000-7fa015390000 r-xp 00000000 fd:00 2493998                    /usr/lib64/gtk-2.0/2.10.0/engines/libpixmap.so
7fa015390000-7fa01558f000 ---p 0000a000 fd:00 2493998                    /usr/lib64/gtk-2.0/2.10.0/engines/libpixmap.so
7fa01558f000-7fa015590000 r--p 00009000 fd:00 2493998                    /usr/lib64/gtk-2.0/2.10.0/engines/libpixmap.so
7fa015590000-7fa015591000 rw-p 0000a000 fd:00 2493998                    /usr/lib64/gtk-2.0/2.10.0/engines/libpixmap.so
7fa015591000-7fa0155ba000 r-xp 00000000 fd:00 160777                     /usr/lib/jvm/jdk1.8.0_66/jre/lib/amd64/libglass.so
7fa0155ba000-7fa0157b9000 ---p 00029000 fd:00 160777                     /usr/lib/jvm/jdk1.8.0_66/jre/lib/amd64/libglass.so
7fa0157b9000-7fa0157bc000 rw-p 00028000 fd:00 160777                     /usr/lib/jvm/jdk1.8.0_66/jre/lib/amd64/libglass.so
7fa0157bc000-7fa0157c4000 r-xp 00000000 fd:00 2237064                    /usr/lib64/libpciaccess.so.0.11.1
7fa0157c4000-7fa0159c4000 ---p 00008000 fd:00 2237064                    /usr/lib64/libpciaccess.so.0.11.1
7fa0159c4000-7fa0159c5000 r--p 00008000 fd:00 2237064                    /usr/lib64/libpciaccess.so.0.11.1
7fa0159c5000-7fa0159c6000 rw-p 00009000 fd:00 2237064                    /usr/lib64/libpciaccess.so.0.11.1
7fa0159c6000-7fa0159d1000 r-xp 00000000 fd:00 2236637                    /usr/lib64/libdrm_radeon.so.1.0.1
7fa0159d1000-7fa015bd0000 ---p 0000b000 fd:00 2236637                    /usr/lib64/libdrm_radeon.so.1.0.1
7fa015bd0000-7fa015bd1000 r--p 0000a000 fd:00 2236637                    /usr/lib64/libdrm_radeon.so.1.0.1
7fa015bd1000-7fa015bd2000 rw-p 0000b000 fd:00 2236637                    /usr/lib64/libdrm_radeon.so.1.0.1
7fa015bd2000-7fa015bd8000 r-xp 00000000 fd:00 2236636                    /usr/lib64/libdrm_nouveau.so.2.0.0
7fa015bd8000-7fa015dd7000 ---p 00006000 fd:00 2236636                    /usr/lib64/libdrm_nouveau.so.2.0.0
7fa015dd7000-7fa015dd8000 r--p 00005000 fd:00 2236636                    /usr/lib64/libdrm_nouveau.so.2.0.0
7fa015dd8000-7fa015dd9000 rw-p 00006000 fd:00 2236636                    /usr/lib64/libdrm_nouveau.so.2.0.0
7fa015dd9000-7fa015df9000 r-xp 00000000 fd:00 2236635                    /usr/lib64/libdrm_intel.so.1.0.0
7fa015df9000-7fa015ff9000 ---p 00020000 fd:00 2236635                    /usr/lib64/libdrm_intel.so.1.0.0
7fa015ff9000-7fa015ffa000 r--p 00020000 fd:00 2236635                    /usr/lib64/libdrm_intel.so.1.0.0
7fa015ffa000-7fa015ffb000 rw-p 00021000 fd:00 2236635                    /usr/lib64/libdrm_intel.so.1.0.0
7fa015ffb000-7fa01658f000 r-xp 00000000 fd:00 2492960                    /usr/lib64/dri/i965_dri.so
7fa01658f000-7fa01678e000 ---p 00594000 fd:00 2492960                    /usr/lib64/dri/i965_dri.so
7fa01678e000-7fa0167b9000 r--p 00593000 fd:00 2492960                    /usr/lib64/dri/i965_dri.so
7fa0167b9000-7fa0167bf000 rw-p 005be000 fd:00 2492960                    /usr/lib64/dri/i965_dri.so
7fa0167bf000-7fa0167c7000 rw-p 00000000 00:00 0 
7fa0167c7000-7fa0167ec000 r-xp 00000000 fd:00 2236931                    /usr/lib64/liblzma.so.5.2.0
7fa0167ec000-7fa0169eb000 ---p 00025000 fd:00 2236931                    /usr/lib64/liblzma.so.5.2.0
7fa0169eb000-7fa0169ec000 r--p 00024000 fd:00 2236931                    /usr/lib64/liblzma.so.5.2.0
7fa0169ec000-7fa0169ed000 rw-p 00025000 fd:00 2236931                    /usr/lib64/liblzma.so.5.2.0
7fa0169ed000-7fa016a02000 r-xp 00000000 fd:00 2237070                    /usr/lib64/libelf-0.163.so
7fa016a02000-7fa016c01000 ---p 00015000 fd:00 2237070                    /usr/lib64/libelf-0.163.so
7fa016c01000-7fa016c02000 r--p 00014000 fd:00 2237070                    /usr/lib64/libelf-0.163.so
7fa016c02000-7fa016c03000 rw-p 00015000 fd:00 2237070                    /usr/lib64/libelf-0.163.so
7fa016c03000-7fa016c07000 r-xp 00000000 fd:00 2235270                    /usr/lib64/libattr.so.1.1.0
7fa016c07000-7fa016e06000 ---p 00004000 fd:00 2235270                    /usr/lib64/libattr.so.1.1.0
7fa016e06000-7fa016e07000 r--p 00003000 fd:00 2235270                    /usr/lib64/libattr.so.1.1.0
7fa016e07000-7fa016e08000 rw-p 00004000 fd:00 2235270                    /usr/lib64/libattr.so.1.1.0
7fa016e08000-7fa016e4e000 r-xp 00000000 fd:00 2232187                    /usr/lib64/libdw-0.163.so
7fa016e4e000-7fa01704e000 ---p 00046000 fd:00 2232187                    /usr/lib64/libdw-0.163.so
7fa01704e000-7fa017050000 r--p 00046000 fd:00 2232187                    /usr/lib64/libdw-0.163.so
7fa017050000-7fa017051000 rw-p 00048000 fd:00 2232187                    /usr/lib64/libdw-0.163.so
7fa017051000-7fa017055000 r-xp 00000000 fd:00 2236548                    /usr/lib64/libcap.so.2.24
7fa017055000-7fa017254000 ---p 00004000 fd:00 2236548                    /usr/lib64/libcap.so.2.24
7fa017254000-7fa017255000 r--p 00003000 fd:00 2236548                    /usr/lib64/libcap.so.2.24
7fa017255000-7fa017256000 rw-p 00004000 fd:00 2236548                    /usr/lib64/libcap.so.2.24
7fa017256000-7fa017258000 r-xp 00000000 fd:00 2236438                    /usr/lib64/libXau.so.6.0.0
7fa017258000-7fa017458000 ---p 00002000 fd:00 2236438                    /usr/lib64/libXau.so.6.0.0
7fa017458000-7fa017459000 r--p 00002000 fd:00 2236438                    /usr/lib64/libXau.so.6.0.0
7fa017459000-7fa01745a000 rw-p 00003000 fd:00 2236438                    /usr/lib64/libXau.so.6.0.0
7fa01745a000-7fa017469000 r-xp 00000000 fd:00 2237309                    /usr/lib64/libwayland-server.so.0.1.0
7fa017469000-7fa017669000 ---p 0000f000 fd:00 2237309                    /usr/lib64/libwayland-server.so.0.1.0
7fa017669000-7fa01766b000 r--p 0000f000 fd:00 2237309                    /usr/lib64/libwayland-server.so.0.1.0
7fa01766b000-7fa01766c000 rw-p 00011000 fd:00 2237309                    /usr/lib64/libwayland-server.so.0.1.0
7fa01766c000-7fa017678000 r-xp 00000000 fd:00 2237306                    /usr/lib64/libwayland-client.so.0.3.0
7fa017678000-7fa017877000 ---p 0000c000 fd:00 2237306                    /usr/lib64/libwayland-client.so.0.3.0
7fa017877000-7fa017879000 r--p 0000b000 fd:00 2237306                    /usr/lib64/libwayland-client.so.0.3.0
7fa017879000-7fa01787a000 rw-p 0000d000 fd:00 2237306                    /usr/lib64/libwayland-client.so.0.3.0
7fa01787a000-7fa017886000 r-xp 00000000 fd:00 2235662                    /usr/lib64/libgbm.so.1.0.0
7fa017886000-7fa017a86000 ---p 0000c000 fd:00 2235662                    /usr/lib64/libgbm.so.1.0.0
7fa017a86000-7fa017a87000 r--p 0000c000 fd:00 2235662                    /usr/lib64/libgbm.so.1.0.0
7fa017a87000-7fa017a88000 rw-p 0000d000 fd:00 2235662                    /usr/lib64/libgbm.so.1.0.0
7fa017a88000-7fa017aa4000 r-xp 00000000 fd:00 2236780                    /usr/lib64/libgraphite2.so.3.0.1
7fa017aa4000-7fa017ca3000 ---p 0001c000 fd:00 2236780                    /usr/lib64/libgraphite2.so.3.0.1
7fa017ca3000-7fa017ca5000 r--p 0001b000 fd:00 2236780                    /usr/lib64/libgraphite2.so.3.0.1
7fa017ca5000-7fa017ca6000 rw-p 0001d000 fd:00 2236780                    /usr/lib64/libgraphite2.so.3.0.1
7fa017ca6000-7fa017d14000 r-xp 00000000 fd:00 2235801                    /usr/lib64/libpcre.so.1.2.5
7fa017d14000-7fa017f14000 ---p 0006e000 fd:00 2235801                    /usr/lib64/libpcre.so.1.2.5
7fa017f14000-7fa017f15000 r--p 0006e000 fd:00 2235801                    /usr/lib64/libpcre.so.1.2.5
7fa017f15000-7fa017f16000 rw-p 0006f000 fd:00 2235801                    /usr/lib64/libpcre.so.1.2.5
7fa017f16000-7fa017f22000 r-xp 00000000 fd:00 2236634                    /usr/lib64/libdrm.so.2.4.0
7fa017f22000-7fa018121000 ---p 0000c000 fd:00 2236634                    /usr/lib64/libdrm.so.2.4.0
7fa018121000-7fa018122000 r--p 0000b000 fd:00 2236634                    /usr/lib64/libdrm.so.2.4.0
7fa018122000-7fa018123000 rw-p 0000c000 fd:00 2236634                    /usr/lib64/libdrm.so.2.4.0
7fa018123000-7fa018124000 r-xp 00000000 fd:00 2237387                    /usr/lib64/libxshmfence.so.1.0.0
7fa018124000-7fa018324000 ---p 00001000 fd:00 2237387                    /usr/lib64/libxshmfence.so.1.0.0
7fa018324000-7fa018325000 r--p 00001000 fd:00 2237387                    /usr/lib64/libxshmfence.so.1.0.0
7fa018325000-7fa018326000 rw-p 00002000 fd:00 2237387                    /usr/lib64/libxshmfence.so.1.0.0
7fa018326000-7fa01832b000 r-xp 00000000 fd:00 2232135                    /usr/lib64/libxcb-sync.so.1.0.0
7fa01832b000-7fa01852b000 ---p 00005000 fd:00 2232135                    /usr/lib64/libxcb-sync.so.1.0.0
7fa01852b000-7fa01852c000 r--p 00005000 fd:00 2232135                    /usr/lib64/libxcb-sync.so.1.0.0
7fa01852c000-7fa01852d000 rw-p 00006000 fd:00 2232135                    /usr/lib64/libxcb-sync.so.1.0.0
7fa01852d000-7fa018530000 r-xp 00000000 fd:00 2232131                    /usr/lib64/libxcb-shape.so.0.0.0
7fa018530000-7fa01872f000 ---p 00003000 fd:00 2232131                    /usr/lib64/libxcb-shape.so.0.0.0
7fa01872f000-7fa018730000 r--p 00002000 fd:00 2232131                    /usr/lib64/libxcb-shape.so.0.0.0
7fa018730000-7fa018731000 rw-p 00003000 fd:00 2232131                    /usr/lib64/libxcb-shape.so.0.0.0
7fa018731000-7fa018737000 r-xp 00000000 fd:00 2232141                    /usr/lib64/libxcb-xfixes.so.0.0.0
7fa018737000-7fa018937000 ---p 00006000 fd:00 2232141                    /usr/lib64/libxcb-xfixes.so.0.0.0
7fa018937000-7fa018938000 r--p 00006000 fd:00 2232141                    /usr/lib64/libxcb-xfixes.so.0.0.0
7fa018938000-7fa018939000 rw-p 00007000 fd:00 2232141                    /usr/lib64/libxcb-xfixes.so.0.0.0
7fa018939000-7fa018945000 r-xp 00000000 fd:00 2232120                    /usr/lib64/libxcb-randr.so.0.1.0
7fa018945000-7fa018b45000 ---p 0000c000 fd:00 2232120                    /usr/lib64/libxcb-randr.so.0.1.0
7fa018b45000-7fa018b46000 r--p 0000c000 fd:00 2232120                    /usr/lib64/libxcb-randr.so.0.1.0
7fa018b46000-7fa018b47000 rw-p 0000d000 fd:00 2232120                    /usr/lib64/libxcb-randr.so.0.1.0
7fa018b47000-7fa018b49000 r-xp 00000000 fd:00 2232118                    /usr/lib64/libxcb-present.so.0.0.0
7fa018b49000-7fa018d48000 ---p 00002000 fd:00 2232118                    /usr/lib64/libxcb-present.so.0.0.0
7fa018d48000-7fa018d49000 r--p 00001000 fd:00 2232118                    /usr/lib64/libxcb-present.so.0.0.0
7fa018d49000-7fa018d4a000 rw-p 00002000 fd:00 2232118                    /usr/lib64/libxcb-present.so.0.0.0
7fa018d4a000-7fa018d4c000 r-xp 00000000 fd:00 2232114                    /usr/lib64/libxcb-dri3.so.0.0.0
7fa018d4c000-7fa018f4b000 ---p 00002000 fd:00 2232114                    /usr/lib64/libxcb-dri3.so.0.0.0
7fa018f4b000-7fa018f4c000 r--p 00001000 fd:00 2232114                    /usr/lib64/libxcb-dri3.so.0.0.0
7fa018f4c000-7fa018f4d000 rw-p 00002000 fd:00 2232114                    /usr/lib64/libxcb-dri3.so.0.0.0
7fa018f4d000-7fa018f51000 r-xp 00000000 fd:00 2232112                    /usr/lib64/libxcb-dri2.so.0.0.0
7fa018f51000-7fa019150000 ---p 00004000 fd:00 2232112                    /usr/lib64/libxcb-dri2.so.0.0.0
7fa019150000-7fa019151000 r--p 00003000 fd:00 2232112                    /usr/lib64/libxcb-dri2.so.0.0.0
7fa019151000-7fa019152000 rw-p 00004000 fd:00 2232112                    /usr/lib64/libxcb-dri2.so.0.0.0
7fa019152000-7fa019169000 r-xp 00000000 fd:00 2232116                    /usr/lib64/libxcb-glx.so.0.0.0
7fa019169000-7fa019368000 ---p 00017000 fd:00 2232116                    /usr/lib64/libxcb-glx.so.0.0.0
7fa019368000-7fa01936a000 r--p 00016000 fd:00 2232116                    /usr/lib64/libxcb-glx.so.0.0.0
7fa01936a000-7fa01936b000 rw-p 00018000 fd:00 2232116                    /usr/lib64/libxcb-glx.so.0.0.0
7fa01936b000-7fa01936c000 r-xp 00000000 fd:00 2236435                    /usr/lib64/libX11-xcb.so.1.0.0
7fa01936c000-7fa01956b000 ---p 00001000 fd:00 2236435                    /usr/lib64/libX11-xcb.so.1.0.0
7fa01956b000-7fa01956c000 r--p 00000000 fd:00 2236435                    /usr/lib64/libX11-xcb.so.1.0.0
7fa01956c000-7fa01956d000 rw-p 00001000 fd:00 2236435                    /usr/lib64/libX11-xcb.so.1.0.0
7fa01956d000-7fa019596000 r-xp 00000000 fd:00 2235556                    /usr/lib64/libglapi.so.0.0.0
7fa019596000-7fa019795000 ---p 00029000 fd:00 2235556                    /usr/lib64/libglapi.so.0.0.0
7fa019795000-7fa019799000 r--p 00028000 fd:00 2235556                    /usr/lib64/libglapi.so.0.0.0
7fa019799000-7fa01979a000 rw-p 0002c000 fd:00 2235556                    /usr/lib64/libglapi.so.0.0.0
7fa01979a000-7fa01979b000 rw-p 00000000 00:00 0 
7fa01979b000-7fa0197c1000 r-xp 00000000 fd:00 2236673                    /usr/lib64/libexpat.so.1.6.0
7fa0197c1000-7fa0199c1000 ---p 00026000 fd:00 2236673                    /usr/lib64/libexpat.so.1.6.0
7fa0199c1000-7fa0199c4000 r--p 00026000 fd:00 2236673                    /usr/lib64/libexpat.so.1.6.0
7fa0199c4000-7fa0199c5000 rw-p 00029000 fd:00 2236673                    /usr/lib64/libexpat.so.1.6.0
7fa0199c5000-7fa0199d4000 r-xp 00000000 fd:00 2236536                    /usr/lib64/libbz2.so.1.0.6
7fa0199d4000-7fa019bd3000 ---p 0000f000 fd:00 2236536                    /usr/lib64/libbz2.so.1.0.6
7fa019bd3000-7fa019bd4000 r--p 0000e000 fd:00 2236536                    /usr/lib64/libbz2.so.1.0.6
7fa019bd4000-7fa019bd5000 rw-p 0000f000 fd:00 2236536                    /usr/lib64/libbz2.so.1.0.6
7fa019bd5000-7fa019bf6000 r-xp 00000000 fd:00 2232157                    /usr/lib64/libxcb.so.1.1.0
7fa019bf6000-7fa019df5000 ---p 00021000 fd:00 2232157                    /usr/lib64/libxcb.so.1.1.0
7fa019df5000-7fa019df6000 r--p 00020000 fd:00 2232157                    /usr/lib64/libxcb.so.1.1.0
7fa019df6000-7fa019df7000 rw-p 00021000 fd:00 2232157                    /usr/lib64/libxcb.so.1.1.0
7fa019df7000-7fa019e00000 r-xp 00000000 fd:00 2232124                    /usr/lib64/libxcb-render.so.0.0.0
7fa019e00000-7fa019fff000 ---p 00009000 fd:00 2232124                    /usr/lib64/libxcb-render.so.0.0.0
7fa019fff000-7fa01a000000 r--p 00008000 fd:00 2232124                    /usr/lib64/libxcb-render.so.0.0.0
7fa01a000000-7fa01a001000 rw-p 00009000 fd:00 2232124                    /usr/lib64/libxcb-render.so.0.0.0
7fa01a001000-7fa01a003000 r-xp 00000000 fd:00 2232133                    /usr/lib64/libxcb-shm.so.0.0.0
7fa01a003000-7fa01a203000 ---p 00002000 fd:00 2232133                    /usr/lib64/libxcb-shm.so.0.0.0
7fa01a203000-7fa01a204000 r--p 00002000 fd:00 2232133                    /usr/lib64/libxcb-shm.so.0.0.0
7fa01a204000-7fa01a205000 rw-p 00003000 fd:00 2232133                    /usr/lib64/libxcb-shm.so.0.0.0
7fa01a205000-7fa01a22b000 r-xp 00000000 fd:00 2235663                    /usr/lib64/libEGL.so.1.0.0
7fa01a22b000-7fa01a42a000 ---p 00026000 fd:00 2235663                    /usr/lib64/libEGL.so.1.0.0
7fa01a42a000-7fa01a42b000 r--p 00025000 fd:00 2235663                    /usr/lib64/libEGL.so.1.0.0
7fa01a42b000-7fa01a42c000 rw-p 00026000 fd:00 2235663                    /usr/lib64/libEGL.so.1.0.0
7fa01a42c000-7fa01a4cf000 r-xp 00000000 fd:00 2235813                    /usr/lib64/libpixman-1.so.0.32.8
7fa01a4cf000-7fa01a6cf000 ---p 000a3000 fd:00 2235813                    /usr/lib64/libpixman-1.so.0.32.8
7fa01a6cf000-7fa01a6d6000 r--p 000a3000 fd:00 2235813                    /usr/lib64/libpixman-1.so.0.32.8
7fa01a6d6000-7fa01a6d7000 rw-p 000aa000 fd:00 2235813                    /usr/lib64/libpixman-1.so.0.32.8
7fa01a6d7000-7fa01a709000 r-xp 00000000 fd:00 2237088                    /usr/lib64/libpng16.so.16.16.0
7fa01a709000-7fa01a908000 ---p 00032000 fd:00 2237088                    /usr/lib64/libpng16.so.16.16.0
7fa01a908000-7fa01a909000 r--p 00031000 fd:00 2237088                    /usr/lib64/libpng16.so.16.16.0
7fa01a909000-7fa01a90a000 rw-p 00032000 fd:00 2237088                    /usr/lib64/libpng16.so.16.16.0
7fa01a90a000-7fa01a965000 r-xp 00000000 fd:00 2236845                    /usr/lib64/libharfbuzz.so.0.940.0
7fa01a965000-7fa01ab64000 ---p 0005b000 fd:00 2236845                    /usr/lib64/libharfbuzz.so.0.940.0
7fa01ab64000-7fa01ab65000 r--p 0005a000 fd:00 2236845                    /usr/lib64/libharfbuzz.so.0.940.0
7fa01ab65000-7fa01ab66000 rw-p 0005b000 fd:00 2236845                    /usr/lib64/libharfbuzz.so.0.940.0
7fa01ab66000-7fa01ab7d000 r-xp 00000000 fd:00 2235834                    /usr/lib64/libresolv-2.21.so
7fa01ab7d000-7fa01ad7d000 ---p 00017000 fd:00 2235834                    /usr/lib64/libresolv-2.21.so
7fa01ad7d000-7fa01ad7e000 r--p 00017000 fd:00 2235834                    /usr/lib64/libresolv-2.21.so
7fa01ad7e000-7fa01ad7f000 rw-p 00018000 fd:00 2235834                    /usr/lib64/libresolv-2.21.so
7fa01ad7f000-7fa01ad81000 rw-p 00000000 00:00 0 
7fa01ad81000-7fa01ada2000 r-xp 00000000 fd:00 2236224                    /usr/lib64/libselinux.so.1
7fa01ada2000-7fa01afa1000 ---p 00021000 fd:00 2236224                    /usr/lib64/libselinux.so.1
7fa01afa1000-7fa01afa2000 r--p 00020000 fd:00 2236224                    /usr/lib64/libselinux.so.1
7fa01afa2000-7fa01afa3000 rw-p 00021000 fd:00 2236224                    /usr/lib64/libselinux.so.1
7fa01afa3000-7fa01afa5000 rw-p 00000000 00:00 0 
7fa01afa5000-7fa01afba000 r-xp 00000000 fd:00 2237393                    /usr/lib64/libz.so.1.2.8
7fa01afba000-7fa01b1b9000 ---p 00015000 fd:00 2237393                    /usr/lib64/libz.so.1.2.8
7fa01b1b9000-7fa01b1ba000 r--p 00014000 fd:00 2237393                    /usr/lib64/libz.so.1.2.8
7fa01b1ba000-7fa01b1bb000 rw-p 00015000 fd:00 2237393                    /usr/lib64/libz.so.1.2.8
7fa01b1bb000-7fa01b1c2000 r-xp 00000000 fd:00 2236682                    /usr/lib64/libffi.so.6.0.2
7fa01b1c2000-7fa01b3c1000 ---p 00007000 fd:00 2236682                    /usr/lib64/libffi.so.6.0.2
7fa01b3c1000-7fa01b3c2000 r--p 00006000 fd:00 2236682                    /usr/lib64/libffi.so.6.0.2
7fa01b3c2000-7fa01b3c3000 rw-p 00007000 fd:00 2236682                    /usr/lib64/libffi.so.6.0.2
7fa01b3c3000-7fa01b3d4000 r-xp 00000000 fd:00 2236444                    /usr/lib64/libXext.so.6.4.0
7fa01b3d4000-7fa01b5d3000 ---p 00011000 fd:00 2236444                    /usr/lib64/libXext.so.6.4.0
7fa01b5d3000-7fa01b5d4000 r--p 00010000 fd:00 2236444                    /usr/lib64/libXext.so.6.4.0
7fa01b5d4000-7fa01b5d5000 rw-p 00011000 fd:00 2236444                    /usr/lib64/libXext.so.6.4.0
7fa01b5d5000-7fa01b5d7000 r-xp 00000000 fd:00 2236441                    /usr/lib64/libXdamage.so.1.1.0
7fa01b5d7000-7fa01b7d6000 ---p 00002000 fd:00 2236441                    /usr/lib64/libXdamage.so.1.1.0
7fa01b7d6000-7fa01b7d7000 r--p 00001000 fd:00 2236441                    /usr/lib64/libXdamage.so.1.1.0
7fa01b7d7000-7fa01b7d8000 rw-p 00002000 fd:00 2236441                    /usr/lib64/libXdamage.so.1.1.0
7fa01b7d8000-7fa01b7da000 r-xp 00000000 fd:00 2236439                    /usr/lib64/libXcomposite.so.1.0.0
7fa01b7da000-7fa01b9d9000 ---p 00002000 fd:00 2236439                    /usr/lib64/libXcomposite.so.1.0.0
7fa01b9d9000-7fa01b9da000 r--p 00001000 fd:00 2236439                    /usr/lib64/libXcomposite.so.1.0.0
7fa01b9da000-7fa01b9db000 rw-p 00002000 fd:00 2236439                    /usr/lib64/libXcomposite.so.1.0.0
7fa01b9db000-7fa01b9e5000 r-xp 00000000 fd:00 2236440                    /usr/lib64/libXcursor.so.1.0.2
7fa01b9e5000-7fa01bbe4000 ---p 0000a000 fd:00 2236440                    /usr/lib64/libXcursor.so.1.0.2
7fa01bbe4000-7fa01bbe5000 r--p 00009000 fd:00 2236440                    /usr/lib64/libXcursor.so.1.0.2
7fa01bbe5000-7fa01bbe6000 rw-p 0000a000 fd:00 2236440                    /usr/lib64/libXcursor.so.1.0.2
7fa01bbe6000-7fa01bbef000 r-xp 00000000 fd:00 2236453                    /usr/lib64/libXrandr.so.2.2.0
7fa01bbef000-7fa01bdee000 ---p 00009000 fd:00 2236453                    /usr/lib64/libXrandr.so.2.2.0
7fa01bdee000-7fa01bdef000 r--p 00008000 fd:00 2236453                    /usr/lib64/libXrandr.so.2.2.0
7fa01bdef000-7fa01bdf0000 rw-p 00009000 fd:00 2236453                    /usr/lib64/libXrandr.so.2.2.0
7fa01bdf0000-7fa01bdff000 r-xp 00000000 fd:00 2236448                    /usr/lib64/libXi.so.6.1.0
7fa01bdff000-7fa01bffe000 ---p 0000f000 fd:00 2236448                    /usr/lib64/libXi.so.6.1.0
7fa01bffe000-7fa01bfff000 r--p 0000e000 fd:00 2236448                    /usr/lib64/libXi.so.6.1.0
7fa01bfff000-7fa01c000000 rw-p 0000f000 fd:00 2236448                    /usr/lib64/libXi.so.6.1.0
7fa01c000000-7fa01c021000 rw-p 00000000 00:00 0 
7fa01c021000-7fa020000000 ---p 00000000 00:00 0 
7fa020000000-7fa022df7000 rw-p 00000000 00:00 0 
7fa022df7000-7fa024000000 ---p 00000000 00:00 0 
7fa024000000-7fa0245c0000 rw-p 00000000 00:00 0 
7fa0245c0000-7fa028000000 ---p 00000000 00:00 0 
7fa028000000-7fa028021000 rw-p 00000000 00:00 0 
7fa028021000-7fa02c000000 ---p 00000000 00:00 0 
7fa02c000000-7fa02c677000 rw-p 00000000 00:00 0 
7fa02c677000-7fa030000000 ---p 00000000 00:00 0 
7fa030000000-7fa03086c000 rw-p 00000000 00:00 0 
7fa03086c000-7fa034000000 ---p 00000000 00:00 0 
7fa034000000-7fa034021000 rw-p 00000000 00:00 0 
7fa034021000-7fa038000000 ---p 00000000 00:00 0 
7fa038000000-7fa038001000 rw-s 00000000 00:05 359235                     /drm mm object (deleted)
7fa038001000-7fa038005000 rw-s 1067da000 00:06 11675                     /dev/dri/card0
7fa038005000-7fa038006000 rw-s 00000000 00:05 359261                     /drm mm object (deleted)
7fa038006000-7fa038007000 rw-s 00000000 00:05 359241                     /drm mm object (deleted)
7fa038007000-7fa03801a000 r--p 00000000 fd:00 160848                     /usr/lib/jvm/jdk1.8.0_66/jre/lib/fonts/LucidaBrightDemiItalic.ttf
7fa03801a000-7fa03802d000 r--p 00000000 fd:00 160851                     /usr/lib/jvm/jdk1.8.0_66/jre/lib/fonts/LucidaBrightDemiBold.ttf
7fa03802d000-7fa03807b000 r--p 00000000 fd:00 160846                     /usr/lib/jvm/jdk1.8.0_66/jre/lib/fonts/LucidaSansDemiBold.ttf
7fa03807b000-7fa03807d000 r-xp 00000000 fd:00 2236449                    /usr/lib64/libXinerama.so.1.0.0
7fa03807d000-7fa03827c000 ---p 00002000 fd:00 2236449                    /usr/lib64/libXinerama.so.1.0.0
7fa03827c000-7fa03827d000 r--p 00001000 fd:00 2236449                    /usr/lib64/libXinerama.so.1.0.0
7fa03827d000-7fa03827e000 rw-p 00002000 fd:00 2236449                    /usr/lib64/libXinerama.so.1.0.0
7fa03827e000-7fa038287000 r-xp 00000000 fd:00 2236454                    /usr/lib64/libXrender.so.1.3.0
7fa038287000-7fa038486000 ---p 00009000 fd:00 2236454                    /usr/lib64/libXrender.so.1.3.0
7fa038486000-7fa038487000 r--p 00008000 fd:00 2236454                    /usr/lib64/libXrender.so.1.3.0
7fa038487000-7fa038488000 rw-p 00009000 fd:00 2236454                    /usr/lib64/libXrender.so.1.3.0
7fa038488000-7fa03848d000 r-xp 00000000 fd:00 2236445                    /usr/lib64/libXfixes.so.3.1.0
7fa03848d000-7fa03868c000 ---p 00005000 fd:00 2236445                    /usr/lib64/libXfixes.so.3.1.0
7fa03868c000-7fa03868d000 r--p 00004000 fd:00 2236445                    /usr/lib64/libXfixes.so.3.1.0
7fa03868d000-7fa03868e000 rw-p 00005000 fd:00 2236445                    /usr/lib64/libXfixes.so.3.1.0
7fa03868e000-7fa0386a4000 r-xp 00000000 fd:00 2238760                    /usr/lib64/libgcc_s-5.1.1-20150618.so.1
7fa0386a4000-7fa0388a3000 ---p 00016000 fd:00 2238760                    /usr/lib64/libgcc_s-5.1.1-20150618.so.1
7fa0388a3000-7fa0388a4000 r--p 00015000 fd:00 2238760                    /usr/lib64/libgcc_s-5.1.1-20150618.so.1
7fa0388a4000-7fa0388a5000 rw-p 00016000 fd:00 2238760                    /usr/lib64/libgcc_s-5.1.1-20150618.so.1
7fa0388a5000-7fa038a17000 r-xp 00000000 fd:00 2235932                    /usr/lib64/libstdc++.so.6.0.21
7fa038a17000-7fa038c17000 ---p 00172000 fd:00 2235932                    /usr/lib64/libstdc++.so.6.0.21
7fa038c17000-7fa038c21000 r--p 00172000 fd:00 2235932                    /usr/lib64/libstdc++.so.6.0.21
7fa038c21000-7fa038c23000 rw-p 0017c000 fd:00 2235932                    /usr/lib64/libstdc++.so.6.0.21
7fa038c23000-7fa038c27000 rw-p 00000000 00:00 0 
7fa038c27000-7fa038cbb000 r-xp 00000000 fd:00 2235594                    /usr/lib64/libGL.so.1.2.0
7fa038cbb000-7fa038eba000 ---p 00094000 fd:00 2235594                    /usr/lib64/libGL.so.1.2.0
7fa038eba000-7fa038ebd000 r--p 00093000 fd:00 2235594                    /usr/lib64/libGL.so.1.2.0
7fa038ebd000-7fa038ebe000 rw-p 00096000 fd:00 2235594                    /usr/lib64/libGL.so.1.2.0
7fa038ebe000-7fa038ebf000 rw-p 00000000 00:00 0 
7fa038ebf000-7fa038ec4000 r-xp 00000000 fd:00 2236462                    /usr/lib64/libXxf86vm.so.1.0.0
7fa038ec4000-7fa0390c3000 ---p 00005000 fd:00 2236462                    /usr/lib64/libXxf86vm.so.1.0.0
7fa0390c3000-7fa0390c4000 r--p 00004000 fd:00 2236462                    /usr/lib64/libXxf86vm.so.1.0.0
7fa0390c4000-7fa0390c5000 rw-p 00005000 fd:00 2236462                    /usr/lib64/libXxf86vm.so.1.0.0
7fa0390c5000-7fa039200000 r-xp 00000000 fd:00 2236436                    /usr/lib64/libX11.so.6.3.0
7fa039200000-7fa039400000 ---p 0013b000 fd:00 2236436                    /usr/lib64/libX11.so.6.3.0
7fa039400000-7fa039401000 r--p 0013b000 fd:00 2236436                    /usr/lib64/libX11.so.6.3.0
7fa039401000-7fa039406000 rw-p 0013c000 fd:00 2236436                    /usr/lib64/libX11.so.6.3.0
7fa039406000-7fa03940b000 r-xp 00000000 fd:00 2236456                    /usr/lib64/libXtst.so.6.1.0
7fa03940b000-7fa03960a000 ---p 00005000 fd:00 2236456                    /usr/lib64/libXtst.so.6.1.0
7fa03960a000-7fa03960b000 r--p 00004000 fd:00 2236456                    /usr/lib64/libXtst.so.6.1.0
7fa03960b000-7fa03960c000 rw-p 00005000 fd:00 2236456                    /usr/lib64/libXtst.so.6.1.0
7fa03960c000-7fa039743000 r-xp 00000000 fd:00 2235516                    /usr/lib64/libglib-2.0.so.0.4400.1
7fa039743000-7fa039943000 ---p 00137000 fd:00 2235516                    /usr/lib64/libglib-2.0.so.0.4400.1
7fa039943000-7fa039944000 r--p 00137000 fd:00 2235516                    /usr/lib64/libglib-2.0.so.0.4400.1
7fa039944000-7fa039945000 rw-p 00138000 fd:00 2235516                    /usr/lib64/libglib-2.0.so.0.4400.1
7fa039945000-7fa039946000 rw-p 00000000 00:00 0 
7fa039946000-7fa040000000 r--p 00000000 fd:00 2237682                    /usr/lib/locale/locale-archive
7fa040000000-7fa040021000 rw-p 00000000 00:00 0 
7fa040021000-7fa044000000 ---p 00000000 00:00 0 
7fa044000000-7fa044021000 rw-p 00000000 00:00 0 
7fa044021000-7fa048000000 ---p 00000000 00:00 0 
7fa048000000-7fa048021000 rw-p 00000000 00:00 0 
7fa048021000-7fa04c000000 ---p 00000000 00:00 0 
7fa04c000000-7fa04c021000 rw-p 00000000 00:00 0 
7fa04c021000-7fa050000000 ---p 00000000 00:00 0 
7fa050000000-7fa050021000 rw-p 00000000 00:00 0 
7fa050021000-7fa054000000 ---p 00000000 00:00 0 
7fa054000000-7fa054021000 rw-p 00000000 00:00 0 
7fa054021000-7fa058000000 ---p 00000000 00:00 0 
7fa058000000-7fa058021000 rw-p 00000000 00:00 0 
7fa058021000-7fa05c000000 ---p 00000000 00:00 0 
7fa05c000000-7fa05c001000 rw-s 00000000 00:05 359203                     /drm mm object (deleted)
7fa05c001000-7fa05c009000 rw-s 00000000 00:05 366530                     /drm mm object (deleted)
7fa05c009000-7fa05c00e000 r--s 00083000 fd:00 160711                     /usr/lib/jvm/jdk1.8.0_66/jre/lib/jfr.jar
7fa05c00e000-7fa05c010000 r--s 00000000 fd:00 923304                     /var/cache/fontconfig/87f5e051180a7a75f16eb6fe7dbd3749-le64.cache-7
7fa05c010000-7fa05c01b000 r--s 00000000 fd:00 921923                     /var/cache/fontconfig/b79f3aaa7d385a141ab53ec885cc22a8-le64.cache-7
7fa05c01b000-7fa05c01d000 r--s 00000000 fd:00 923302                     /var/cache/fontconfig/2e1514a9fdd499050989183bb65136db-le64.cache-7
7fa05c01d000-7fa05c01f000 r--s 00000000 fd:00 923300                     /var/cache/fontconfig/3f821257dd33660ba7bbb45c32deb84c-le64.cache-7
7fa05c01f000-7fa05c020000 r--s 00000000 fd:00 923299                     /var/cache/fontconfig/4e602040080c966cb821813a3e584564-le64.cache-7
7fa05c020000-7fa05c023000 r--s 00000000 fd:00 923295                     /var/cache/fontconfig/830f035fa84a65ce80e050178dbb630d-le64.cache-7
7fa05c023000-7fa05c024000 r--s 00000000 fd:00 923293                     /var/cache/fontconfig/81a173283b451552b599cfaafd6236bd-le64.cache-7
7fa05c024000-7fa05c025000 r--s 00000000 fd:00 923292                     /var/cache/fontconfig/ac68f755438cc3dc5a526084839fc7ca-le64.cache-7
7fa05c025000-7fa05c026000 r--s 00000000 fd:00 923291                     /var/cache/fontconfig/f951a6bc01c50d58ac4af16a0108457e-le64.cache-7
7fa05c026000-7fa05c027000 r--s 00000000 fd:00 923288                     /var/cache/fontconfig/8cab66d8f642305e525ba3e322d0979c-le64.cache-7
7fa05c027000-7fa05c028000 r--s 00000000 fd:00 923195                     /var/cache/fontconfig/12513961c6e7090f8648812f9eaf65d6-le64.cache-7
7fa05c028000-7fa05c02b000 r--s 00000000 fd:00 923192                     /var/cache/fontconfig/e26bf336397aae6fcef4d3803472adec-le64.cache-7
7fa05c02b000-7fa05c02c000 r--s 00000000 fd:00 923183                     /var/cache/fontconfig/f132fa2327207a6ac3298c0518879731-le64.cache-7
7fa05c02c000-7fa05c02d000 r--s 00000000 fd:00 923316                     /var/cache/fontconfig/6fcb01a03a016cc71057b587cdea6709-le64.cache-7
7fa05c02d000-7fa05c031000 r--s 00000000 fd:00 923175                     /var/cache/fontconfig/8aa05f52519ebacbdf5713e01a6153b0-le64.cache-7
7fa05c031000-7fa05c032000 r--s 00000000 fd:00 923165                     /var/cache/fontconfig/b887eea8f1b96e1d899b44ed6681fc27-le64.cache-7
7fa05c032000-7fa05c033000 r--s 00000000 fd:00 923146                     /var/cache/fontconfig/860639f272b8b4b3094f9e399e41bccd-le64.cache-7
7fa05c033000-7fa05c034000 r--s 00000000 fd:00 923126                     /var/cache/fontconfig/5d33f04e74a97395cf88bbd83847f1f1-le64.cache-7
7fa05c034000-7fa05c035000 r--s 00000000 fd:00 923117                     /var/cache/fontconfig/df893b4576ad6107f9397134092c4059-le64.cache-7
7fa05c035000-7fa05c036000 r--s 00000000 fd:00 923114                     /var/cache/fontconfig/1e1e03b57ed9f0c723c5aeafda46c3fb-le64.cache-7
7fa05c036000-7fa05c037000 r--s 00000000 fd:00 923112                     /var/cache/fontconfig/900402270e15d763a6e008bb2d4c7686-le64.cache-7
7fa05c037000-7fa05c038000 r--s 00000000 fd:00 923108                     /var/cache/fontconfig/47f48679023f44a4d1e44699a69464f6-le64.cache-7
7fa05c038000-7fa05c039000 r--s 00000000 fd:00 923106                     /var/cache/fontconfig/2881ed3fd21ca306ddad6f9b0dd3189f-le64.cache-7
7fa05c039000-7fa05c03a000 r--s 00000000 fd:00 923101                     /var/cache/fontconfig/3c3fb04d32a5211b073874b125d29701-le64.cache-7
7fa05c03a000-7fa05c03f000 r--s 00000000 fd:00 923311                     /var/cache/fontconfig/b67b32625a2bb51b023d3814a918f351-le64.cache-7
7fa05c03f000-7fa05c041000 r--s 00000000 fd:00 923094                     /var/cache/fontconfig/d3379abda271c4acd2ad0c01f565d0b0-le64.cache-7
7fa05c041000-7fa05c043000 r--s 00000000 fd:00 923092                     /var/cache/fontconfig/7ee6df7a8311986241317a58487e0145-le64.cache-7
7fa05c043000-7fa05c045000 r--s 00000000 fd:00 922883                     /var/cache/fontconfig/99a1ce9f8b6a0434aadb01d3779b0780-le64.cache-7
7fa05c045000-7fa05c058000 r--s 00000000 fd:00 921966                     /var/cache/fontconfig/614d1caaa4d7914789410f6367de37ca-le64.cache-7
7fa05c058000-7fa05c063000 r--s 00000000 fd:00 923307                     /var/cache/fontconfig/12b26b760a24f8b4feb03ad48a333a72-le64.cache-7
7fa05c063000-7fa05c06a000 r--s 00000000 fd:00 923528                     /var/cache/fontconfig/a4412f743c4d1c8e7d1a441b64ec7319-le64.cache-7
7fa05c06a000-7fa05c06f000 r--s 00000000 fd:00 921831                     /var/cache/fontconfig/a289f7e03715303a9a1b010d74c00c6a-le64.cache-7
7fa05c06f000-7fa05c073000 r--s 00000000 fd:00 923303                     /var/cache/fontconfig/beeeeb3dfe132a8a0633a017c99ce0c0-le64.cache-7
7fa05c073000-7fa05c076000 ---p 00000000 00:00 0 
7fa05c076000-7fa05c174000 rw-p 00000000 00:00 0                          [stack:21983]
7fa05c174000-7fa05c175000 r-xp 00000000 fd:00 2235584                    /usr/lib64/libgthread-2.0.so.0.4400.1
7fa05c175000-7fa05c374000 ---p 00001000 fd:00 2235584                    /usr/lib64/libgthread-2.0.so.0.4400.1
7fa05c374000-7fa05c375000 r--p 00000000 fd:00 2235584                    /usr/lib64/libgthread-2.0.so.0.4400.1
7fa05c375000-7fa05c376000 rw-p 00001000 fd:00 2235584                    /usr/lib64/libgthread-2.0.so.0.4400.1
7fa05c376000-7fa05c379000 r-xp 00000000 fd:00 2235522                    /usr/lib64/libgmodule-2.0.so.0.4400.1
7fa05c379000-7fa05c578000 ---p 00003000 fd:00 2235522                    /usr/lib64/libgmodule-2.0.so.0.4400.1
7fa05c578000-7fa05c579000 r--p 00002000 fd:00 2235522                    /usr/lib64/libgmodule-2.0.so.0.4400.1
7fa05c579000-7fa05c57a000 rw-p 00003000 fd:00 2235522                    /usr/lib64/libgmodule-2.0.so.0.4400.1
7fa05c57a000-7fa05c5ca000 r-xp 00000000 fd:00 2235535                    /usr/lib64/libgobject-2.0.so.0.4400.1
7fa05c5ca000-7fa05c7ca000 ---p 00050000 fd:00 2235535                    /usr/lib64/libgobject-2.0.so.0.4400.1
7fa05c7ca000-7fa05c7cb000 r--p 00050000 fd:00 2235535                    /usr/lib64/libgobject-2.0.so.0.4400.1
7fa05c7cb000-7fa05c7cc000 rw-p 00051000 fd:00 2235535                    /usr/lib64/libgobject-2.0.so.0.4400.1
7fa05c7cc000-7fa05c809000 r-xp 00000000 fd:00 2228951                    /usr/lib64/libfontconfig.so.1.9.0
7fa05c809000-7fa05ca09000 ---p 0003d000 fd:00 2228951                    /usr/lib64/libfontconfig.so.1.9.0
7fa05ca09000-7fa05ca0b000 r--p 0003d000 fd:00 2228951                    /usr/lib64/libfontconfig.so.1.9.0
7fa05ca0b000-7fa05ca10000 rw-p 0003f000 fd:00 2228951                    /usr/lib64/libfontconfig.so.1.9.0
7fa05ca10000-7fa05cab2000 r-xp 00000000 fd:00 2235467                    /usr/lib64/libfreetype.so.6.11.4
7fa05cab2000-7fa05ccb1000 ---p 000a2000 fd:00 2235467                    /usr/lib64/libfreetype.so.6.11.4
7fa05ccb1000-7fa05ccb7000 r--p 000a1000 fd:00 2235467                    /usr/lib64/libfreetype.so.6.11.4
7fa05ccb7000-7fa05ccb8000 rw-p 000a7000 fd:00 2235467                    /usr/lib64/libfreetype.so.6.11.4
7fa05ccb8000-7fa05cd01000 r-xp 00000000 fd:00 2229493                    /usr/lib64/libpango-1.0.so.0.3600.8
7fa05cd01000-7fa05cf01000 ---p 00049000 fd:00 2229493                    /usr/lib64/libpango-1.0.so.0.3600.8
7fa05cf01000-7fa05cf03000 r--p 00049000 fd:00 2229493                    /usr/lib64/libpango-1.0.so.0.3600.8
7fa05cf03000-7fa05cf04000 rw-p 0004b000 fd:00 2229493                    /usr/lib64/libpango-1.0.so.0.3600.8
7fa05cf04000-7fa05d028000 r-xp 00000000 fd:00 2236541                    /usr/lib64/libcairo.so.2.11400.2
7fa05d028000-7fa05d227000 ---p 00124000 fd:00 2236541                    /usr/lib64/libcairo.so.2.11400.2
7fa05d227000-7fa05d22a000 r--p 00123000 fd:00 2236541                    /usr/lib64/libcairo.so.2.11400.2
7fa05d22a000-7fa05d22c000 rw-p 00126000 fd:00 2236541                    /usr/lib64/libcairo.so.2.11400.2
7fa05d22c000-7fa05d22d000 rw-p 00000000 00:00 0 
7fa05d22d000-7fa05d239000 r-xp 00000000 fd:00 2235836                    /usr/lib64/libpangocairo-1.0.so.0.3600.8
7fa05d239000-7fa05d438000 ---p 0000c000 fd:00 2235836                    /usr/lib64/libpangocairo-1.0.so.0.3600.8
7fa05d438000-7fa05d439000 r--p 0000b000 fd:00 2235836                    /usr/lib64/libpangocairo-1.0.so.0.3600.8
7fa05d439000-7fa05d43a000 rw-p 0000c000 fd:00 2235836                    /usr/lib64/libpangocairo-1.0.so.0.3600.8
7fa05d43a000-7fa05d45e000 r-xp 00000000 fd:00 2235492                    /usr/lib64/libgdk_pixbuf-2.0.so.0.3100.6
7fa05d45e000-7fa05d65e000 ---p 00024000 fd:00 2235492                    /usr/lib64/libgdk_pixbuf-2.0.so.0.3100.6
7fa05d65e000-7fa05d65f000 r--p 00024000 fd:00 2235492                    /usr/lib64/libgdk_pixbuf-2.0.so.0.3100.6
7fa05d65f000-7fa05d660000 rw-p 00025000 fd:00 2235492                    /usr/lib64/libgdk_pixbuf-2.0.so.0.3100.6
7fa05d660000-7fa05d674000 r-xp 00000000 fd:00 2235837                    /usr/lib64/libpangoft2-1.0.so.0.3600.8
7fa05d674000-7fa05d873000 ---p 00014000 fd:00 2235837                    /usr/lib64/libpangoft2-1.0.so.0.3600.8
7fa05d873000-7fa05d874000 r--p 00013000 fd:00 2235837                    /usr/lib64/libpangoft2-1.0.so.0.3600.8
7fa05d874000-7fa05d875000 rw-p 00014000 fd:00 2235837                    /usr/lib64/libpangoft2-1.0.so.0.3600.8
7fa05d875000-7fa05d9eb000 r-xp 00000000 fd:00 2235509                    /usr/lib64/libgio-2.0.so.0.4400.1
7fa05d9eb000-7fa05dbeb000 ---p 00176000 fd:00 2235509                    /usr/lib64/libgio-2.0.so.0.4400.1
7fa05dbeb000-7fa05dbef000 r--p 00176000 fd:00 2235509                    /usr/lib64/libgio-2.0.so.0.4400.1
7fa05dbef000-7fa05dbf1000 rw-p 0017a000 fd:00 2235509                    /usr/lib64/libgio-2.0.so.0.4400.1
7fa05dbf1000-7fa05dbf3000 rw-p 00000000 00:00 0 
7fa05dbf3000-7fa05dc16000 r-xp 00000000 fd:00 2236486                    /usr/lib64/libatk-1.0.so.0.21609.1
7fa05dc16000-7fa05de15000 ---p 00023000 fd:00 2236486                    /usr/lib64/libatk-1.0.so.0.21609.1
7fa05de15000-7fa05de18000 r--p 00022000 fd:00 2236486                    /usr/lib64/libatk-1.0.so.0.21609.1
7fa05de18000-7fa05de19000 rw-p 00025000 fd:00 2236486                    /usr/lib64/libatk-1.0.so.0.21609.1
7fa05de19000-7fa05ded6000 r-xp 00000000 fd:00 2236724                    /usr/lib64/libgdk-x11-2.0.so.0.2400.28
7fa05ded6000-7fa05e0d5000 ---p 000bd000 fd:00 2236724                    /usr/lib64/libgdk-x11-2.0.so.0.2400.28
7fa05e0d5000-7fa05e0d9000 r--p 000bc000 fd:00 2236724                    /usr/lib64/libgdk-x11-2.0.so.0.2400.28
7fa05e0d9000-7fa05e0db000 rw-p 000c0000 fd:00 2236724                    /usr/lib64/libgdk-x11-2.0.so.0.2400.28
7fa05e0db000-7fa05e559000 r-xp 00000000 fd:00 2236821                    /usr/lib64/libgtk-x11-2.0.so.0.2400.28
7fa05e559000-7fa05e759000 ---p 0047e000 fd:00 2236821                    /usr/lib64/libgtk-x11-2.0.so.0.2400.28
7fa05e759000-7fa05e760000 r--p 0047e000 fd:00 2236821                    /usr/lib64/libgtk-x11-2.0.so.0.2400.28
7fa05e760000-7fa05e764000 rw-p 00485000 fd:00 2236821                    /usr/lib64/libgtk-x11-2.0.so.0.2400.28
7fa05e764000-7fa05e767000 rw-p 00000000 00:00 0 
7fa05e767000-7fa05e773000 r-xp 00000000 fd:00 160804                     /usr/lib/jvm/jdk1.8.0_66/jre/lib/amd64/libprism_es2.so
7fa05e773000-7fa05e972000 ---p 0000c000 fd:00 160804                     /usr/lib/jvm/jdk1.8.0_66/jre/lib/amd64/libprism_es2.so
7fa05e972000-7fa05e973000 rw-p 0000b000 fd:00 160804                     /usr/lib/jvm/jdk1.8.0_66/jre/lib/amd64/libprism_es2.so
7fa05e973000-7fa05e976000 ---p 00000000 00:00 0 
7fa05e976000-7fa05ea74000 rw-p 00000000 00:00 0                          [stack:21982]
7fa05ea74000-7fa05eb09000 r--s 01108000 fd:00 160940                     /usr/lib/jvm/jdk1.8.0_66/jre/lib/ext/jfxrt.jar
7fa05eb09000-7fa05eb0a000 ---p 00000000 00:00 0 
7fa05eb0a000-7fa05ec0a000 rw-p 00000000 00:00 0                          [stack:21981]
7fa05ec0a000-7fa05ec0d000 ---p 00000000 00:00 0 
7fa05ec0d000-7fa05ed0b000 rw-p 00000000 00:00 0                          [stack:21980]
7fa05ed0b000-7fa05ed0e000 ---p 00000000 00:00 0 
7fa05ed0e000-7fa05ee0c000 rw-p 00000000 00:00 0                          [stack:21979]
7fa05ee0c000-7fa05ee0f000 ---p 00000000 00:00 0 
7fa05ee0f000-7fa05ef0d000 rw-p 00000000 00:00 0                          [stack:21978]
7fa05ef0d000-7fa05ef10000 ---p 00000000 00:00 0 
7fa05ef10000-7fa05f00e000 rw-p 00000000 00:00 0                          [stack:21977]
7fa05f00e000-7fa05f011000 ---p 00000000 00:00 0 
7fa05f011000-7fa05f10f000 rw-p 00000000 00:00 0                          [stack:21976]
7fa05f10f000-7fa05f112000 ---p 00000000 00:00 0 
7fa05f112000-7fa061000000 rw-p 00000000 00:00 0                          [stack:21975]
7fa061000000-7fa061ac0000 rwxp 00000000 00:00 0 
7fa061ac0000-7fa070000000 ---p 00000000 00:00 0 
7fa070000000-7fa0704f7000 rw-p 00000000 00:00 0 
7fa0704f7000-7fa074000000 ---p 00000000 00:00 0 
7fa074000000-7fa074001000 r--s 00000000 fd:00 923100                     /var/cache/fontconfig/e61abf8156cc476151baa07d67337cae-le64.cache-7
7fa074001000-7fa074003000 r--s 00000000 fd:00 921988                     /var/cache/fontconfig/f9d379b867d7c69c85310a4f24e5228f-le64.cache-7
7fa074003000-7fa074008000 r--s 00096000 fd:00 160750                     /usr/lib/jvm/jdk1.8.0_66/jre/lib/jsse.jar
7fa074008000-7fa07401b000 r-xp 00000000 fd:00 2232205                    /usr/lib64/libudev.so.1.6.2
7fa07401b000-7fa07401c000 ---p 00013000 fd:00 2232205                    /usr/lib64/libudev.so.1.6.2
7fa07401c000-7fa07401d000 r--p 00013000 fd:00 2232205                    /usr/lib64/libudev.so.1.6.2
7fa07401d000-7fa07401e000 rw-p 00014000 fd:00 2232205                    /usr/lib64/libudev.so.1.6.2
7fa07401e000-7fa074021000 ---p 00000000 00:00 0 
7fa074021000-7fa07411f000 rw-p 00000000 00:00 0                          [stack:21974]
7fa07411f000-7fa074120000 ---p 00000000 00:00 0 
7fa074120000-7fa07512f000 rw-p 00000000 00:00 0                          [stack:21973]
7fa07512f000-7fa075308000 r--s 03d20000 fd:00 160740                     /usr/lib/jvm/jdk1.8.0_66/jre/lib/rt.jar
7fa075308000-7fa075d5d000 rw-p 00000000 00:00 0 
7fa075d5d000-7fa075d5e000 ---p 00000000 00:00 0 
7fa075d5e000-7fa075e5e000 rw-p 00000000 00:00 0                          [stack:21972]
7fa075e5e000-7fa075e5f000 ---p 00000000 00:00 0 
7fa075e5f000-7fa075f5f000 rw-p 00000000 00:00 0                          [stack:21971]
7fa075f5f000-7fa075f60000 ---p 00000000 00:00 0 
7fa075f60000-7fa076060000 rw-p 00000000 00:00 0                          [stack:21970]
7fa076060000-7fa076061000 ---p 00000000 00:00 0 
7fa076061000-7fa076173000 rw-p 00000000 00:00 0                          [stack:21969]
7fa076173000-7fa0762a1000 ---p 00000000 00:00 0 
7fa0762a1000-7fa0762b3000 rw-p 00000000 00:00 0 
7fa0762b3000-7fa0763e0000 ---p 00000000 00:00 0 
7fa0763e0000-7fa0763f2000 rw-p 00000000 00:00 0 
7fa0763f2000-7fa076480000 ---p 00000000 00:00 0 
7fa076480000-7fa0764ac000 rw-p 00000000 00:00 0 
7fa0764ac000-7fa076841000 ---p 00000000 00:00 0 
7fa076841000-7fa07685b000 r-xp 00000000 fd:00 160796                     /usr/lib/jvm/jdk1.8.0_66/jre/lib/amd64/libzip.so
7fa07685b000-7fa076a5b000 ---p 0001a000 fd:00 160796                     /usr/lib/jvm/jdk1.8.0_66/jre/lib/amd64/libzip.so
7fa076a5b000-7fa076a5c000 rw-p 0001a000 fd:00 160796                     /usr/lib/jvm/jdk1.8.0_66/jre/lib/amd64/libzip.so
7fa076a5c000-7fa076a68000 r-xp 00000000 fd:00 2235757                    /usr/lib64/libnss_files-2.21.so
7fa076a68000-7fa076c67000 ---p 0000c000 fd:00 2235757                    /usr/lib64/libnss_files-2.21.so
7fa076c67000-7fa076c68000 r--p 0000b000 fd:00 2235757                    /usr/lib64/libnss_files-2.21.so
7fa076c68000-7fa076c69000 rw-p 0000c000 fd:00 2235757                    /usr/lib64/libnss_files-2.21.so
7fa076c69000-7fa076c93000 r-xp 00000000 fd:00 160791                     /usr/lib/jvm/jdk1.8.0_66/jre/lib/amd64/libjava.so
7fa076c93000-7fa076e93000 ---p 0002a000 fd:00 160791                     /usr/lib/jvm/jdk1.8.0_66/jre/lib/amd64/libjava.so
7fa076e93000-7fa076e95000 rw-p 0002a000 fd:00 160791                     /usr/lib/jvm/jdk1.8.0_66/jre/lib/amd64/libjava.so
7fa076e95000-7fa076ea2000 r-xp 00000000 fd:00 160795                     /usr/lib/jvm/jdk1.8.0_66/jre/lib/amd64/libverify.so
7fa076ea2000-7fa0770a2000 ---p 0000d000 fd:00 160795                     /usr/lib/jvm/jdk1.8.0_66/jre/lib/amd64/libverify.so
7fa0770a2000-7fa0770a4000 rw-p 0000d000 fd:00 160795                     /usr/lib/jvm/jdk1.8.0_66/jre/lib/amd64/libverify.so
7fa0770a4000-7fa0770ab000 r-xp 00000000 fd:00 2235865                    /usr/lib64/librt-2.21.so
7fa0770ab000-7fa0772aa000 ---p 00007000 fd:00 2235865                    /usr/lib64/librt-2.21.so
7fa0772aa000-7fa0772ab000 r--p 00006000 fd:00 2235865                    /usr/lib64/librt-2.21.so
7fa0772ab000-7fa0772ac000 rw-p 00007000 fd:00 2235865                    /usr/lib64/librt-2.21.so
7fa0772ac000-7fa0773b3000 r-xp 00000000 fd:00 2235393                    /usr/lib64/libm-2.21.so
7fa0773b3000-7fa0775b2000 ---p 00107000 fd:00 2235393                    /usr/lib64/libm-2.21.so
7fa0775b2000-7fa0775b3000 r--p 00106000 fd:00 2235393                    /usr/lib64/libm-2.21.so
7fa0775b3000-7fa0775b4000 rw-p 00107000 fd:00 2235393                    /usr/lib64/libm-2.21.so
7fa0775b4000-7fa078272000 r-xp 00000000 fd:00 160818                     /usr/lib/jvm/jdk1.8.0_66/jre/lib/amd64/server/libjvm.so
7fa078272000-7fa078471000 ---p 00cbe000 fd:00 160818                     /usr/lib/jvm/jdk1.8.0_66/jre/lib/amd64/server/libjvm.so
7fa078471000-7fa07854a000 rw-p 00cbd000 fd:00 160818                     /usr/lib/jvm/jdk1.8.0_66/jre/lib/amd64/server/libjvm.so
7fa07854a000-7fa07858e000 rw-p 00000000 00:00 0 
7fa07858e000-7fa078745000 r-xp 00000000 fd:00 2235248                    /usr/lib64/libc-2.21.so
7fa078745000-7fa078944000 ---p 001b7000 fd:00 2235248                    /usr/lib64/libc-2.21.so
7fa078944000-7fa078948000 r--p 001b6000 fd:00 2235248                    /usr/lib64/libc-2.21.so
7fa078948000-7fa07894a000 rw-p 001ba000 fd:00 2235248                    /usr/lib64/libc-2.21.so
7fa07894a000-7fa07894e000 rw-p 00000000 00:00 0 
7fa07894e000-7fa078951000 r-xp 00000000 fd:00 2235371                    /usr/lib64/libdl-2.21.so
7fa078951000-7fa078b50000 ---p 00003000 fd:00 2235371                    /usr/lib64/libdl-2.21.so
7fa078b50000-7fa078b51000 r--p 00002000 fd:00 2235371                    /usr/lib64/libdl-2.21.so
7fa078b51000-7fa078b52000 rw-p 00003000 fd:00 2235371                    /usr/lib64/libdl-2.21.so
7fa078b52000-7fa078b67000 r-xp 00000000 fd:00 160814                     /usr/lib/jvm/jdk1.8.0_66/jre/lib/amd64/jli/libjli.so
7fa078b67000-7fa078d67000 ---p 00015000 fd:00 160814                     /usr/lib/jvm/jdk1.8.0_66/jre/lib/amd64/jli/libjli.so
7fa078d67000-7fa078d68000 rw-p 00015000 fd:00 160814                     /usr/lib/jvm/jdk1.8.0_66/jre/lib/amd64/jli/libjli.so
7fa078d68000-7fa078d7f000 r-xp 00000000 fd:00 2235761                    /usr/lib64/libpthread-2.21.so
7fa078d7f000-7fa078f7e000 ---p 00017000 fd:00 2235761                    /usr/lib64/libpthread-2.21.so
7fa078f7e000-7fa078f7f000 r--p 00016000 fd:00 2235761                    /usr/lib64/libpthread-2.21.so
7fa078f7f000-7fa078f80000 rw-p 00017000 fd:00 2235761                    /usr/lib64/libpthread-2.21.so
7fa078f80000-7fa078f84000 rw-p 00000000 00:00 0 
7fa078f84000-7fa078fa5000 r-xp 00000000 fd:00 2237522                    /usr/lib64/ld-2.21.so
7fa078fa5000-7fa078fa6000 r--s 00000000 fd:00 923093                     /var/cache/fontconfig/b4d0b56f766d89640448751fcd18ec1e-le64.cache-7
7fa078fa6000-7fa078fa7000 r--s 00000000 fd:00 921976                     /var/cache/fontconfig/a0c19c2c21e758d73376b5942921cc72-le64.cache-7
7fa078fa7000-7fa078fa8000 r--s 00000000 fd:00 921793                     /var/cache/fontconfig/3640555adad8a8f6978400293cfce7ab-le64.cache-7
7fa078fa8000-7fa078fb0000 r--s 000c4000 fd:02 1967272                    /home/XyzC/NetBeansProjects/ClinicManagementProject/dist/run1107002455/lib/mysql-connector-java-5.1.23-bin.jar
7fa078fb0000-7fa078fb8000 rw-s 00000000 00:05 366837                     /drm mm object (deleted)
7fa078fb8000-7fa078fc0000 rw-s 00000000 00:05 359269                     /drm mm object (deleted)
7fa078fc0000-7fa078fc8000 rw-s 00000000 00:05 359191                     /drm mm object (deleted)
7fa078fc8000-7fa079085000 rw-p 00000000 00:00 0 
7fa079085000-7fa079088000 ---p 00000000 00:00 0 
7fa079088000-7fa07918a000 rw-p 00000000 00:00 0                          [stack:21967]
7fa07918a000-7fa07918c000 r--s 00000000 fd:00 921759                     /var/cache/fontconfig/b3043b29744cf0a429678d296f5e4026-le64.cache-7
7fa07918c000-7fa07918d000 rw-s 00000000 00:05 359188                     /drm mm object (deleted)
7fa07918d000-7fa07918e000 rw-s 104314000 00:06 11675                     /dev/dri/card0
7fa07918e000-7fa079196000 rw-s 00000000 00:05 359187                     /drm mm object (deleted)
7fa079196000-7fa079199000 r--s 00019000 fd:02 1967269                    /home/XyzC/NetBeansProjects/ClinicManagementProject/dist/run1107002455/ClinicManagement.jar
7fa079199000-7fa0791a1000 rw-s 00000000 00:24 364822                     /tmp/hsperfdata_XyzC/21964
7fa0791a1000-7fa0791a2000 rw-p 00000000 00:00 0 
7fa0791a2000-7fa0791a3000 r--p 00000000 00:00 0 
7fa0791a3000-7fa0791a4000 rw-p 00000000 00:00 0 
7fa0791a4000-7fa0791a5000 r--p 00020000 fd:00 2237522                    /usr/lib64/ld-2.21.so
7fa0791a5000-7fa0791a6000 rw-p 00021000 fd:00 2237522                    /usr/lib64/ld-2.21.so
7fa0791a6000-7fa0791a7000 rw-p 00000000 00:00 0 
7fffd261e000-7fffd263f000 rw-p 00000000 00:00 0                          [stack]
7fffd27e2000-7fffd27e4000 r--p 00000000 00:00 0                          [vvar]
7fffd27e4000-7fffd27e6000 r-xp 00000000 00:00 0                          [vdso]
ffffffffff600000-ffffffffff601000 r-xp 00000000 00:00 0                  [vsyscall]

VM Arguments:
jvm_args: -Dfile.encoding=UTF-8 
java_command: /home/XyzC/NetBeansProjects/ClinicManagementProject/dist/run1107002455/ClinicManagement.jar
java_class_path (initial): /home/XyzC/NetBeansProjects/ClinicManagementProject/dist/run1107002455/ClinicManagement.jar
Launcher Type: SUN_STANDARD

Environment Variables:
PATH=/usr/lib64/qt-3.3/bin:/usr/local/bin:/usr/local/sbin:/usr/bin:/usr/sbin:/bin:/sbin:/home/XyzC/.local/bin:/home/XyzC/bin
USERNAME=XyzC
LD_LIBRARY_PATH=/usr/lib/jvm/jdk1.8.0_66/jre/lib/amd64:/usr/lib/jvm/jdk1.8.0_66/jre/lib/i386:
SHELL=/bin/bash
DISPLAY=:0

Signal Handlers:
SIGSEGV: [libjvm.so+0xaba2a0], sa_mask[0]=11111111011111111101111111111110, sa_flags=SA_RESTART|SA_SIGINFO
SIGBUS: [libjvm.so+0xaba2a0], sa_mask[0]=11111111011111111101111111111110, sa_flags=SA_RESTART|SA_SIGINFO
SIGFPE: [libjvm.so+0x917710], sa_mask[0]=11111111011111111101111111111110, sa_flags=SA_RESTART|SA_SIGINFO
SIGPIPE: SIG_IGN, sa_mask[0]=00000000000010000000000000000000, sa_flags=SA_RESTART
SIGXFSZ: [libjvm.so+0x917710], sa_mask[0]=11111111011111111101111111111110, sa_flags=SA_RESTART|SA_SIGINFO
SIGILL: [libjvm.so+0x917710], sa_mask[0]=11111111011111111101111111111110, sa_flags=SA_RESTART|SA_SIGINFO
SIGUSR1: SIG_DFL, sa_mask[0]=00000000000000000000000000000000, sa_flags=none
SIGUSR2: [libjvm.so+0x918d40], sa_mask[0]=00100000000000000000000000000000, sa_flags=SA_RESTART|SA_SIGINFO
SIGHUP: [libjvm.so+0x91a140], sa_mask[0]=11111111011111111101111111111110, sa_flags=SA_RESTART|SA_SIGINFO
SIGINT: SIG_IGN, sa_mask[0]=00000000000000000000000000000000, sa_flags=none
SIGTERM: [libjvm.so+0x91a140], sa_mask[0]=11111111011111111101111111111110, sa_flags=SA_RESTART|SA_SIGINFO
SIGQUIT: [libjvm.so+0x91a140], sa_mask[0]=11111111011111111101111111111110, sa_flags=SA_RESTART|SA_SIGINFO


---------------  S Y S T E M  ---------------

OS:Fedora release 22 (Twenty Two)

uname:Linux 4.2.3-200.fc22.x86_64 #1 SMP Thu Oct 8 03:23:55 UTC 2015 x86_64
libc:glibc 2.21 NPTL 2.21 
rlimit: STACK 8192k, CORE 0k, NPROC 4096, NOFILE 4096, AS infinity
load average:1,74 1,77 1,57

/proc/meminfo:
MemTotal:        3919720 kB
MemFree:          250872 kB
MemAvailable:     703328 kB
Buffers:           28800 kB
Cached:           712840 kB
SwapCached:         4476 kB
Active:          2213096 kB
Inactive:        1198628 kB
Active(anon):    1990624 kB
Inactive(anon):  1003144 kB
Active(file):     222472 kB
Inactive(file):   195484 kB
Unevictable:           0 kB
Mlocked:               0 kB
SwapTotal:       3932156 kB
SwapFree:        3513128 kB
Dirty:             11772 kB
Writeback:             0 kB
AnonPages:       2666080 kB
Mapped:           334560 kB
Shmem:            323684 kB
Slab:             127676 kB
SReclaimable:      63744 kB
SUnreclaim:        63932 kB
KernelStack:       10704 kB
PageTables:        58236 kB
NFS_Unstable:          0 kB
Bounce:                0 kB
WritebackTmp:          0 kB
CommitLimit:     5892016 kB
Committed_AS:    8013740 kB
VmallocTotal:   34359738367 kB
VmallocUsed:      557232 kB
VmallocChunk:   34358423548 kB
HardwareCorrupted:     0 kB
AnonHugePages:         0 kB
HugePages_Total:       0
HugePages_Free:        0
HugePages_Rsvd:        0
HugePages_Surp:        0
Hugepagesize:       2048 kB
DirectMap4k:      249596 kB
DirectMap2M:     3817472 kB


CPU:total 4 (2 cores per cpu, 2 threads per core) family 6 model 58 stepping 9, cmov, cx8, fxsr, mmx, sse, sse2, sse3, ssse3, sse4.1, sse4.2, popcnt, avx, aes, clmul, erms, ht, tsc, tscinvbit, tscinv

/proc/cpuinfo:
processor	: 0
vendor_id	: GenuineIntel
cpu family	: 6
model		: 58
model name	: Intel(R) Core(TM) i5-3230M CPU @ 2.60GHz
stepping	: 9
microcode	: 0x1b
cpu MHz		: 2998.734
cache size	: 3072 KB
physical id	: 0
siblings	: 4
core id		: 0
cpu cores	: 2
apicid		: 0
initial apicid	: 0
fpu		: yes
fpu_exception	: yes
cpuid level	: 13
wp		: yes
flags		: fpu vme de pse tsc msr pae mce cx8 apic sep mtrr pge mca cmov pat pse36 clflush dts acpi mmx fxsr sse sse2 ss ht tm pbe syscall nx rdtscp lm constant_tsc arch_perfmon pebs bts rep_good nopl xtopology nonstop_tsc aperfmperf eagerfpu pni pclmulqdq dtes64 monitor ds_cpl vmx est tm2 ssse3 cx16 xtpr pdcm pcid sse4_1 sse4_2 x2apic popcnt tsc_deadline_timer aes xsave avx f16c rdrand lahf_lm ida arat epb pln pts dtherm tpr_shadow vnmi flexpriority ept vpid fsgsbase smep erms xsaveopt
bugs		:
bogomips	: 5188.15
clflush size	: 64
cache_alignment	: 64
address sizes	: 36 bits physical, 48 bits virtual
power management:

processor	: 1
vendor_id	: GenuineIntel
cpu family	: 6
model		: 58
model name	: Intel(R) Core(TM) i5-3230M CPU @ 2.60GHz
stepping	: 9
microcode	: 0x1b
cpu MHz		: 2958.921
cache size	: 3072 KB
physical id	: 0
siblings	: 4
core id		: 0
cpu cores	: 2
apicid		: 1
initial apicid	: 1
fpu		: yes
fpu_exception	: yes
cpuid level	: 13
wp		: yes
flags		: fpu vme de pse tsc msr pae mce cx8 apic sep mtrr pge mca cmov pat pse36 clflush dts acpi mmx fxsr sse sse2 ss ht tm pbe syscall nx rdtscp lm constant_tsc arch_perfmon pebs bts rep_good nopl xtopology nonstop_tsc aperfmperf eagerfpu pni pclmulqdq dtes64 monitor ds_cpl vmx est tm2 ssse3 cx16 xtpr pdcm pcid sse4_1 sse4_2 x2apic popcnt tsc_deadline_timer aes xsave avx f16c rdrand lahf_lm ida arat epb pln pts dtherm tpr_shadow vnmi flexpriority ept vpid fsgsbase smep erms xsaveopt
bugs		:
bogomips	: 5188.15
clflush size	: 64
cache_alignment	: 64
address sizes	: 36 bits physical, 48 bits virtual
power management:

processor	: 2
vendor_id	: GenuineIntel
cpu family	: 6
model		: 58
model name	: Intel(R) Core(TM) i5-3230M CPU @ 2.60GHz
stepping	: 9
microcode	: 0x1b
cpu MHz		: 2998.937
cache size	: 3072 KB
physical id	: 0
siblings	: 4
core id		: 1
cpu cores	: 2
apicid		: 2
initial apicid	: 2
fpu		: yes
fpu_exception	: yes
cpuid level	: 13
wp		: yes
flags		: fpu vme de pse tsc msr pae mce cx8 apic sep mtrr pge mca cmov pat pse36 clflush dts acpi mmx fxsr sse sse2 ss ht tm pbe syscall nx rdtscp lm constant_tsc arch_perfmon pebs bts rep_good nopl xtopology nonstop_tsc aperfmperf eagerfpu pni pclmulqdq dtes64 monitor ds_cpl vmx est tm2 ssse3 cx16 xtpr pdcm pcid sse4_1 sse4_2 x2apic popcnt tsc_deadline_timer aes xsave avx f16c rdrand lahf_lm ida arat epb pln pts dtherm tpr_shadow vnmi flexpriority ept vpid fsgsbase smep erms xsaveopt
bugs		:
bogomips	: 5188.15
clflush size	: 64
cache_alignment	: 64
address sizes	: 36 bits physical, 48 bits virtual
power management:

processor	: 3
vendor_id	: GenuineIntel
cpu family	: 6
model		: 58
model name	: Intel(R) Core(TM) i5-3230M CPU @ 2.60GHz
stepping	: 9
microcode	: 0x1b
cpu MHz		: 2992.742
cache size	: 3072 KB
physical id	: 0
siblings	: 4
core id		: 1
cpu cores	: 2
apicid		: 3
initial apicid	: 3
fpu		: yes
fpu_exception	: yes
cpuid level	: 13
wp		: yes
flags		: fpu vme de pse tsc msr pae mce cx8 apic sep mtrr pge mca cmov pat pse36 clflush dts acpi mmx fxsr sse sse2 ss ht tm pbe syscall nx rdtscp lm constant_tsc arch_perfmon pebs bts rep_good nopl xtopology nonstop_tsc aperfmperf eagerfpu pni pclmulqdq dtes64 monitor ds_cpl vmx est tm2 ssse3 cx16 xtpr pdcm pcid sse4_1 sse4_2 x2apic popcnt tsc_deadline_timer aes xsave avx f16c rdrand lahf_lm ida arat epb pln pts dtherm tpr_shadow vnmi flexpriority ept vpid fsgsbase smep erms xsaveopt
bugs		:
bogomips	: 5188.15
clflush size	: 64
cache_alignment	: 64
address sizes	: 36 bits physical, 48 bits virtual
power management:



Memory: 4k page, physical 3919720k(250872k free), swap 3932156k(3513128k free)

vm_info: Java HotSpot(TM) 64-Bit Server VM (25.66-b17) for linux-amd64 JRE (1.8.0_66-b17), built on Oct  6 2015 17:28:34 by "java_re" with gcc 4.3.0 20080428 (Red Hat 4.3.0-8)

time: Mon Nov 30 02:19:26 2015
elapsed time: 72 seconds (0d 0h 1m 12s)

