#
# A fatal error has been detected by the Java Runtime Environment:
#
#  SIGSEGV (0xb) at pc=0x00007fb61224c013, pid=4469, tid=140418283489024
#
# JRE version: Java(TM) SE Runtime Environment (8.0_66-b17) (build 1.8.0_66-b17)
# Java VM: Java HotSpot(TM) 64-Bit Server VM (25.66-b17 mixed mode linux-amd64 compressed oops)
# Problematic frame:
# V  [libjvm.so+0x7f4013]  LinkResolver::resolve_invokevirtual(CallInfo&, Handle, constantPoolHandle, int, Thread*)+0x233
#
# Failed to write core dump. Core dumps have been disabled. To enable core dumping, try "ulimit -c unlimited" before starting Java again
#
# If you would like to submit a bug report, please visit:
#   http://bugreport.java.com/bugreport/crash.jsp
#

---------------  T H R E A D  ---------------

Current thread (0x00007fb60c354800):  JavaThread "JavaFX Application Thread" [_thread_in_vm, id=4491, stack(0x00007fb5add84000,0x00007fb5ade85000)]

siginfo: si_signo: 11 (SIGSEGV), si_code: 1 (SEGV_MAPERR), si_addr: 0x00000000a001bcb8

Registers:
RAX=0x00007fb6129d8770, RBX=0x00007fb60c354440, RCX=0x000000000000001f, RDX=0x00000000a001bcb0
RSP=0x00007fb5ade820e0, RBP=0x00007fb5ade82180, RSI=0x00007fb5faef6fb8, RDI=0x000000000000000c
R8 =0x00007fb60c354440, R9 =0x000000000000000c, R10=0x000000000000000b, R11=0x000000010000da48
R12=0x0000000000000000, R13=0x00007fb60c354800, R14=0x00007fb5faef6fb8, R15=0x000000000000001a
RIP=0x00007fb61224c013, EFLAGS=0x0000000000010202, CSGSFS=0x0000000000000033, ERR=0x0000000000000004
  TRAPNO=0x000000000000000e

Top of Stack: (sp=0x00007fb5ade820e0)
0x00007fb5ade820e0:   00007fb60c354800 0000000000000000
0x00007fb5ade820f0:   00007fb5faef6fb8 00007fb60c354800
0x00007fb5ade82100:   00007fb60c354370 00007fb5ade822a0
0x00007fb5ade82110:   00007fb5faef6fb8 00007fb60c354800
0x00007fb5ade82120:   000000010009bb38 00007fb613503780
0x00007fb5ade82130:   00007fb6134e0a90 00007fb6134dcb40
0x00007fb5ade82140:   000000010000da48 000000010009bb38
0x00007fb5ade82150:   0000000000000001 00007fb60c354440
0x00007fb5ade82160:   0000000000000000 00007fb60c354800
0x00007fb5ade82170:   000000000000001a 00007fb5ade822a0
0x00007fb5ade82180:   00007fb5ade82230 00007fb61224e4f4
0x00007fb5ade82190:   00007fb60c354800 00007fb5ade82260
0x00007fb5ade821a0:   00007fb5ade821c0 00007fb612335a99
0x00007fb5ade821b0:   00007fb5ade821f0 0000000000000000
0x00007fb5ade821c0:   00007fb5ade821e0 00007fb6120de355
0x00007fb5ade821d0:   00007fb5faef6fb8 00007fb60c354800
0x00007fb5ade821e0:   00007fb5ade82230 00007fb6120de3f0
0x00007fb5ade821f0:   00007fb5ade82558 00007fb5fd0210c3
0x00007fb5ade82200:   00007fb5fd0055d0 000000000000001a
0x00007fb5ade82210:   0000000000000000 00007fb60c354800
0x00007fb5ade82220:   00007fb5ade82410 00007fb5ade822a0
0x00007fb5ade82230:   00007fb5ade82540 00007fb6120dcb92
0x00007fb5ade82240:   00007fb5ade82c00 00007fb5fd3dac23
0x00007fb5ade82250:   0000000000000000 00007fb5ade82b60
0x00007fb5ade82260:   00007fb60c354800 00007fb60c354310
0x00007fb5ade82270:   000000b60c354350 00007fb5c804df60
0x00007fb5ade82280:   00007fb5c804df70 00007fb5c804e348
0x00007fb5ade82290:   00000000000003d8 00007fb60c354370
0x00007fb5ade822a0:   0000000000000000 0000000000000000
0x00007fb5ade822b0:   0000000000000000 0000000000000000
0x00007fb5ade822c0:   0000000000000000 0000000000000000
0x00007fb5ade822d0:   00007fb5ade82320 0000000000000000 

Instructions: (pc=0x00007fb61224c013)
0x00007fb61224bff3:   83 7d 80 00 74 26 48 8b 45 80 48 8b 10 48 8b 05
0x00007fb61224c003:   59 fd 76 00 80 38 00 74 69 48 8b 05 8d d7 76 00
0x00007fb61224c013:   8b 52 08 8b 48 08 48 d3 e2 48 03 10 48 8b 4d c0
0x00007fb61224c023:   4c 89 6c 24 18 c7 44 24 10 01 00 00 00 c7 44 24 

Register to memory mapping:

RAX=0x00007fb6129d8770: <offset 0xf80770> in /usr/lib/jvm/jdk1.8.0_66/jre/lib/amd64/server/libjvm.so at 0x00007fb611a58000
RBX=0x00007fb60c354440 is an unknown value
RCX=0x000000000000001f is an unknown value
RDX=0x00000000a001bcb0 is an unknown value
RSP=0x00007fb5ade820e0 is pointing into the stack for thread: 0x00007fb60c354800
RBP=0x00007fb5ade82180 is pointing into the stack for thread: 0x00007fb60c354800
RSI=0x00007fb5faef6fb8 is pointing into metadata
RDI=0x000000000000000c is an unknown value
R8 =0x00007fb60c354440 is an unknown value
R9 =0x000000000000000c is an unknown value
R10=0x000000000000000b is an unknown value
R11=0x000000010000da48 is pointing into metadata
R12=0x0000000000000000 is an unknown value
R13=0x00007fb60c354800 is a thread
R14=0x00007fb5faef6fb8 is pointing into metadata
R15=0x000000000000001a is an unknown value


Stack: [0x00007fb5add84000,0x00007fb5ade85000],  sp=0x00007fb5ade820e0,  free space=1016k
Native frames: (J=compiled Java code, j=interpreted, Vv=VM code, C=native code)
V  [libjvm.so+0x7f4013]  LinkResolver::resolve_invokevirtual(CallInfo&, Handle, constantPoolHandle, int, Thread*)+0x233
V  [libjvm.so+0x7f64f4]  LinkResolver::resolve_invoke(CallInfo&, Handle, constantPoolHandle, int, Bytecodes::Code, Thread*)+0x2e4
V  [libjvm.so+0x684b92]  InterpreterRuntime::resolve_invoke(JavaThread*, Bytecodes::Code)+0x1b2
j  com.sun.glass.ui.gtk.GtkView.notifyInputMethodDraw(Ljava/lang/String;III[B)V+50
v  ~StubRoutines::call_stub
V  [libjvm.so+0x68bc46]  JavaCalls::call_helper(JavaValue*, methodHandle*, JavaCallArguments*, Thread*)+0x1056
V  [libjvm.so+0x6cdeeb]  jni_invoke_nonstatic(JNIEnv_*, JavaValue*, _jobject*, JNICallType, _jmethodID*, JNI_ArgumentPusher*, Thread*)+0x40b
V  [libjvm.so+0x6d22bf]  jni_CallVoidMethodV+0x10f
C  [libglass.so+0x18641]  JNIEnv_::CallVoidMethod(_jobject*, _jmethodID*, ...)+0x81
C  [libglass.so+0x19ca9]  im_preedit_draw(_XIM*, char*, char*)+0x219
C  [libX11.so.6+0x61138]
C  0x0000000000000000

Java frames: (J=compiled Java code, j=interpreted, Vv=VM code)
j  com.sun.glass.ui.gtk.GtkView.notifyInputMethodDraw(Ljava/lang/String;III[B)V+50
v  ~StubRoutines::call_stub
j  com.sun.glass.ui.gtk.GtkApplication._runLoop(Ljava/lang/Runnable;Z)V+0
j  com.sun.glass.ui.gtk.GtkApplication.lambda$null$49(Ljava/lang/Runnable;Z)V+7
j  com.sun.glass.ui.gtk.GtkApplication$$Lambda$41.run()V+12
j  java.lang.Thread.run()V+11
v  ~StubRoutines::call_stub

---------------  P R O C E S S  ---------------

Java Threads: ( => current thread )
  0x00007fb5a02a8000 JavaThread "Prism Font Disposer" daemon [_thread_blocked, id=4493, stack(0x00007fb5acfa9000,0x00007fb5ad0aa000)]
  0x00007fb60c358800 JavaThread "JavaFX-Launcher" [_thread_blocked, id=4492, stack(0x00007fb5adc83000,0x00007fb5add84000)]
=>0x00007fb60c354800 JavaThread "JavaFX Application Thread" [_thread_in_vm, id=4491, stack(0x00007fb5add84000,0x00007fb5ade85000)]
  0x00007fb60c350800 JavaThread "Thread-1" daemon [_thread_blocked, id=4490, stack(0x00007fb5ade85000,0x00007fb5adf86000)]
  0x00007fb60c2a9800 JavaThread "QuantumRenderer-0" daemon [_thread_blocked, id=4489, stack(0x00007fb5f8e13000,0x00007fb5f8f14000)]
  0x00007fb60c189800 JavaThread "Service Thread" daemon [_thread_blocked, id=4487, stack(0x00007fb5f90aa000,0x00007fb5f91ab000)]
  0x00007fb60c184800 JavaThread "C1 CompilerThread2" daemon [_thread_blocked, id=4486, stack(0x00007fb5f91ab000,0x00007fb5f92ac000)]
  0x00007fb60c182800 JavaThread "C2 CompilerThread1" daemon [_thread_blocked, id=4485, stack(0x00007fb5f92ac000,0x00007fb5f93ad000)]
  0x00007fb60c17f800 JavaThread "C2 CompilerThread0" daemon [_thread_blocked, id=4484, stack(0x00007fb5f93ad000,0x00007fb5f94ae000)]
  0x00007fb60c17e000 JavaThread "Signal Dispatcher" daemon [_thread_blocked, id=4483, stack(0x00007fb5f94ae000,0x00007fb5f95af000)]
  0x00007fb60c145000 JavaThread "Finalizer" daemon [_thread_blocked, id=4482, stack(0x00007fb5f95af000,0x00007fb5f96b0000)]
  0x00007fb60c143000 JavaThread "Reference Handler" daemon [_thread_blocked, id=4481, stack(0x00007fb5f96b0000,0x00007fb5f97b1000)]
  0x00007fb60c008800 JavaThread "main" [_thread_blocked, id=4472, stack(0x00007fb613529000,0x00007fb61362a000)]

Other Threads:
  0x00007fb60c13e000 VMThread [stack: 0x00007fb5f97b1000,0x00007fb5f98b2000] [id=4480]
  0x00007fb60c18c800 WatcherThread [stack: 0x00007fb5f8fa9000,0x00007fb5f90aa000] [id=4488]

VM state:not at safepoint (normal execution)

VM Mutex/Monitor currently owned by a thread: None

Heap:
 PSYoungGen      total 17920K, used 3613K [0x00000000ec100000, 0x00000000ed500000, 0x0000000100000000)
  eden space 15360K, 7% used [0x00000000ec100000,0x00000000ec20f700,0x00000000ed000000)
  from space 2560K, 98% used [0x00000000ed000000,0x00000000ed278020,0x00000000ed280000)
  to   space 2560K, 0% used [0x00000000ed280000,0x00000000ed280000,0x00000000ed500000)
 ParOldGen       total 40960K, used 4755K [0x00000000c4200000, 0x00000000c6a00000, 0x00000000ec100000)
  object space 40960K, 11% used [0x00000000c4200000,0x00000000c46a4da8,0x00000000c6a00000)
 Metaspace       used 17463K, capacity 18508K, committed 18688K, reserved 1064960K
  class space    used 2523K, capacity 2738K, committed 2816K, reserved 1048576K

Card table byte_map: [0x00007fb610745000,0x00007fb610925000] byte_map_base: 0x00007fb610124000

Marking Bits: (ParMarkBitMap*) 0x00007fb612a07020
 Begin Bits: [0x00007fb5fb210000, 0x00007fb5fc108000)
 End Bits:   [0x00007fb5fc108000, 0x00007fb5fd000000)

Polling page: 0x00007fb613646000

CodeCache: size=245760Kb used=6767Kb max_used=6767Kb free=238992Kb
 bounds [0x00007fb5fd000000, 0x00007fb5fd6a0000, 0x00007fb60c000000]
 total_blobs=2899 nmethods=2270 adapters=541
 compilation: enabled

Compilation events (10 events):
Event: 9,297 Thread 0x00007fb60c184800 2266       3       java.util.concurrent.locks.AbstractQueuedSynchronizer$ConditionObject::addConditionWaiter (64 bytes)
Event: 9,298 Thread 0x00007fb60c184800 nmethod 2266 0x00007fb5fd699590 code [0x00007fb5fd699720, 0x00007fb5fd699b48]
Event: 9,298 Thread 0x00007fb60c184800 2267   !   3       java.util.concurrent.locks.AbstractQueuedSynchronizer::fullyRelease (54 bytes)
Event: 9,298 Thread 0x00007fb60c184800 nmethod 2267 0x00007fb5fd699cd0 code [0x00007fb5fd699e80, 0x00007fb5fd69a468]
Event: 9,463 Thread 0x00007fb60c184800 2268       3       com.sun.prism.impl.ManagedResource::lock (20 bytes)
Event: 9,463 Thread 0x00007fb60c184800 nmethod 2268 0x00007fb5fd69a750 code [0x00007fb5fd69a8a0, 0x00007fb5fd69aa10]
Event: 9,463 Thread 0x00007fb60c184800 2269       3       com.sun.prism.es2.ES2Context::updateRenderTarget (266 bytes)
Event: 9,469 Thread 0x00007fb60c184800 nmethod 2269 0x00007fb5fd69aa90 code [0x00007fb5fd69aee0, 0x00007fb5fd69db28]
Event: 9,469 Thread 0x00007fb60c184800 2270       3       com.sun.prism.es2.GLContext::updateViewportAndDepthTest (91 bytes)
Event: 9,469 Thread 0x00007fb60c184800 nmethod 2270 0x00007fb5fd69f450 code [0x00007fb5fd69f5e0, 0x00007fb5fd69f8f8]

GC Heap History (6 events):
Event: 1,031 GC heap before
{Heap before GC invocations=1 (full 0):
 PSYoungGen      total 17920K, used 15360K [0x00000000ec100000, 0x00000000ed500000, 0x0000000100000000)
  eden space 15360K, 100% used [0x00000000ec100000,0x00000000ed000000,0x00000000ed000000)
  from space 2560K, 0% used [0x00000000ed280000,0x00000000ed280000,0x00000000ed500000)
  to   space 2560K, 0% used [0x00000000ed000000,0x00000000ed000000,0x00000000ed280000)
 ParOldGen       total 40960K, used 0K [0x00000000c4200000, 0x00000000c6a00000, 0x00000000ec100000)
  object space 40960K, 0% used [0x00000000c4200000,0x00000000c4200000,0x00000000c6a00000)
 Metaspace       used 9400K, capacity 9688K, committed 9856K, reserved 1058816K
  class space    used 1211K, capacity 1304K, committed 1408K, reserved 1048576K
Event: 1,037 GC heap after
Heap after GC invocations=1 (full 0):
 PSYoungGen      total 17920K, used 2528K [0x00000000ec100000, 0x00000000ed500000, 0x0000000100000000)
  eden space 15360K, 0% used [0x00000000ec100000,0x00000000ec100000,0x00000000ed000000)
  from space 2560K, 98% used [0x00000000ed000000,0x00000000ed278040,0x00000000ed280000)
  to   space 2560K, 0% used [0x00000000ed280000,0x00000000ed280000,0x00000000ed500000)
 ParOldGen       total 40960K, used 353K [0x00000000c4200000, 0x00000000c6a00000, 0x00000000ec100000)
  object space 40960K, 0% used [0x00000000c4200000,0x00000000c42587a0,0x00000000c6a00000)
 Metaspace       used 9400K, capacity 9688K, committed 9856K, reserved 1058816K
  class space    used 1211K, capacity 1304K, committed 1408K, reserved 1048576K
}
Event: 1,585 GC heap before
{Heap before GC invocations=2 (full 0):
 PSYoungGen      total 17920K, used 16976K [0x00000000ec100000, 0x00000000ed500000, 0x0000000100000000)
  eden space 15360K, 94% used [0x00000000ec100000,0x00000000ecf1c218,0x00000000ed000000)
  from space 2560K, 98% used [0x00000000ed000000,0x00000000ed278040,0x00000000ed280000)
  to   space 2560K, 0% used [0x00000000ed280000,0x00000000ed280000,0x00000000ed500000)
 ParOldGen       total 40960K, used 353K [0x00000000c4200000, 0x00000000c6a00000, 0x00000000ec100000)
  object space 40960K, 0% used [0x00000000c4200000,0x00000000c42587a0,0x00000000c6a00000)
 Metaspace       used 14754K, capacity 15320K, committed 15360K, reserved 1062912K
  class space    used 2150K, capacity 2298K, committed 2304K, reserved 1048576K
Event: 1,591 GC heap after
Heap after GC invocations=2 (full 0):
 PSYoungGen      total 17920K, used 2528K [0x00000000ec100000, 0x00000000ed500000, 0x0000000100000000)
  eden space 15360K, 0% used [0x00000000ec100000,0x00000000ec100000,0x00000000ed000000)
  from space 2560K, 98% used [0x00000000ed280000,0x00000000ed4f8020,0x00000000ed500000)
  to   space 2560K, 0% used [0x00000000ed000000,0x00000000ed000000,0x00000000ed280000)
 ParOldGen       total 40960K, used 1930K [0x00000000c4200000, 0x00000000c6a00000, 0x00000000ec100000)
  object space 40960K, 4% used [0x00000000c4200000,0x00000000c43e2af0,0x00000000c6a00000)
 Metaspace       used 14754K, capacity 15320K, committed 15360K, reserved 1062912K
  class space    used 2150K, capacity 2298K, committed 2304K, reserved 1048576K
}
Event: 5,468 GC heap before
{Heap before GC invocations=3 (full 0):
 PSYoungGen      total 17920K, used 17888K [0x00000000ec100000, 0x00000000ed500000, 0x0000000100000000)
  eden space 15360K, 100% used [0x00000000ec100000,0x00000000ed000000,0x00000000ed000000)
  from space 2560K, 98% used [0x00000000ed280000,0x00000000ed4f8020,0x00000000ed500000)
  to   space 2560K, 0% used [0x00000000ed000000,0x00000000ed000000,0x00000000ed280000)
 ParOldGen       total 40960K, used 1930K [0x00000000c4200000, 0x00000000c6a00000, 0x00000000ec100000)
  object space 40960K, 4% used [0x00000000c4200000,0x00000000c43e2af0,0x00000000c6a00000)
 Metaspace       used 17220K, capacity 18240K, committed 18432K, reserved 1064960K
  class space    used 2523K, capacity 2738K, committed 2816K, reserved 1048576K
Event: 5,478 GC heap after
Heap after GC invocations=3 (full 0):
 PSYoungGen      total 17920K, used 2528K [0x00000000ec100000, 0x00000000ed500000, 0x0000000100000000)
  eden space 15360K, 0% used [0x00000000ec100000,0x00000000ec100000,0x00000000ed000000)
  from space 2560K, 98% used [0x00000000ed000000,0x00000000ed278020,0x00000000ed280000)
  to   space 2560K, 0% used [0x00000000ed280000,0x00000000ed280000,0x00000000ed500000)
 ParOldGen       total 40960K, used 4755K [0x00000000c4200000, 0x00000000c6a00000, 0x00000000ec100000)
  object space 40960K, 11% used [0x00000000c4200000,0x00000000c46a4da8,0x00000000c6a00000)
 Metaspace       used 17220K, capacity 18240K, committed 18432K, reserved 1064960K
  class space    used 2523K, capacity 2738K, committed 2816K, reserved 1048576K
}

Deoptimization events (10 events):
Event: 1,450 Thread 0x00007fb60c354800 Uncommon trap: reason=unstable_if action=reinterpret pc=0x00007fb5fd28d154 method=sun.net.www.ParseUtil.encodePath(Ljava/lang/String;Z)Ljava/lang/String; @ 109
Event: 1,482 Thread 0x00007fb60c354800 Uncommon trap: reason=unstable_if action=reinterpret pc=0x00007fb5fd254960 method=java.lang.CharacterData.of(I)Ljava/lang/CharacterData; @ 4
Event: 1,680 Thread 0x00007fb60c354800 Uncommon trap: reason=unstable_if action=reinterpret pc=0x00007fb5fd31623c method=jdk.internal.org.objectweb.asm.Type.getArgumentsAndReturnSizes(Ljava/lang/String;)I @ 47
Event: 4,240 Thread 0x00007fb60c354800 Uncommon trap: reason=unstable_if action=reinterpret pc=0x00007fb5fd4a027c method=com.sun.javafx.css.BitSet.add(Ljava/lang/Object;)Z @ 91
Event: 4,379 Thread 0x00007fb60c354800 Uncommon trap: reason=array_check action=maybe_recompile pc=0x00007fb5fd53c62c method=com.sun.javafx.css.SimpleSelector.applies(Ljavafx/css/Styleable;[Ljava/util/Set;I)Z @ 37
Event: 4,379 Thread 0x00007fb60c354800 Uncommon trap: reason=array_check action=maybe_recompile pc=0x00007fb5fd53c62c method=com.sun.javafx.css.SimpleSelector.applies(Ljavafx/css/Styleable;[Ljava/util/Set;I)Z @ 37
Event: 4,380 Thread 0x00007fb60c354800 Uncommon trap: reason=array_check action=maybe_recompile pc=0x00007fb5fd53c62c method=com.sun.javafx.css.SimpleSelector.applies(Ljavafx/css/Styleable;[Ljava/util/Set;I)Z @ 37
Event: 4,380 Thread 0x00007fb60c354800 Uncommon trap: reason=array_check action=maybe_recompile pc=0x00007fb5fd53c62c method=com.sun.javafx.css.SimpleSelector.applies(Ljavafx/css/Styleable;[Ljava/util/Set;I)Z @ 37
Event: 4,402 Thread 0x00007fb60c354800 Uncommon trap: reason=array_check action=maybe_recompile pc=0x00007fb5fd5464c0 method=com.sun.javafx.css.SimpleSelector.applies(Ljavafx/css/Styleable;[Ljava/util/Set;I)Z @ 37
Event: 4,541 Thread 0x00007fb60c2a9800 Uncommon trap: reason=unstable_if action=reinterpret pc=0x00007fb5fd5a3be4 method=com.sun.openpisces.Renderer$ScanlineIterator.next()I @ 93

Internal exceptions (10 events):
Event: 0,276 Thread 0x00007fb60c008800 Exception <a 'java/security/PrivilegedActionException'> (0x00000000ec3569e0) thrown at [/HUDSON/workspace/8-2-build-linux-amd64/jdk8u66/4988/hotspot/src/share/vm/prims/jvm.cpp, line 1386]
Event: 0,277 Thread 0x00007fb60c008800 Exception <a 'java/lang/NullPointerException'> (0x00000000ec356fb8) thrown at [/HUDSON/workspace/8-2-build-linux-amd64/jdk8u66/4988/hotspot/src/share/vm/interpreter/linkResolver.cpp, line 1178]
Event: 0,964 Thread 0x00007fb60c354800 Exception <a 'java/lang/NullPointerException'> (0x00000000ecc8d7b8) thrown at [/HUDSON/workspace/8-2-build-linux-amd64/jdk8u66/4988/hotspot/src/share/vm/interpreter/linkResolver.cpp, line 1178]
Event: 0,964 Thread 0x00007fb60c354800 Exception <a 'java/lang/NullPointerException'> (0x00000000ecc8d7b8) thrown at [/HUDSON/workspace/8-2-build-linux-amd64/jdk8u66/4988/hotspot/src/share/vm/prims/jvm.cpp, line 1390]
Event: 0,995 Thread 0x00007fb60c354800 Exception <a 'java/lang/ArrayIndexOutOfBoundsException': 58> (0x00000000ece126f0) thrown at [/HUDSON/workspace/8-2-build-linux-amd64/jdk8u66/4988/hotspot/src/share/vm/interpreter/interpreterRuntime.cpp, line 366]
Event: 0,995 Thread 0x00007fb60c354800 Exception <a 'java/lang/ArrayIndexOutOfBoundsException': 18> (0x00000000ece13390) thrown at [/HUDSON/workspace/8-2-build-linux-amd64/jdk8u66/4988/hotspot/src/share/vm/interpreter/interpreterRuntime.cpp, line 366]
Event: 0,995 Thread 0x00007fb60c354800 Exception <a 'java/lang/ArrayIndexOutOfBoundsException': 86> (0x00000000ece14738) thrown at [/HUDSON/workspace/8-2-build-linux-amd64/jdk8u66/4988/hotspot/src/share/vm/interpreter/interpreterRuntime.cpp, line 366]
Event: 1,105 Thread 0x00007fb60c354800 Exception <a 'java/lang/ArrayIndexOutOfBoundsException'> (0x00000000ec2fe7d0) thrown at [/HUDSON/workspace/8-2-build-linux-amd64/jdk8u66/4988/hotspot/src/share/vm/runtime/sharedRuntime.cpp, line 605]
Event: 1,139 Thread 0x00007fb60c354800 Exception <a 'java/lang/ArrayIndexOutOfBoundsException'> (0x00000000ec4c0190) thrown at [/HUDSON/workspace/8-2-build-linux-amd64/jdk8u66/4988/hotspot/src/share/vm/runtime/sharedRuntime.cpp, line 605]
Event: 1,309 Thread 0x00007fb60c354800 Implicit null exception at 0x00007fb5fd27a4b5 to 0x00007fb5fd27a699

Events (10 events):
Event: 4,546 Thread 0x00007fb60c2a9800 DEOPT PACKING pc=0x00007fb5fd3b8284 sp=0x00007fb5f8f11980
Event: 4,546 Thread 0x00007fb60c2a9800 DEOPT UNPACKING pc=0x00007fb5fd047633 sp=0x00007fb5f8f116a0 mode 0
Event: 4,546 Thread 0x00007fb60c2a9800 DEOPT PACKING pc=0x00007fb5fd3b8284 sp=0x00007fb5f8f11980
Event: 4,546 Thread 0x00007fb60c2a9800 DEOPT UNPACKING pc=0x00007fb5fd047633 sp=0x00007fb5f8f116a0 mode 0
Event: 4,548 Thread 0x00007fb60c2a9800 DEOPT PACKING pc=0x00007fb5fd3b8284 sp=0x00007fb5f8f11980
Event: 4,548 Thread 0x00007fb60c2a9800 DEOPT UNPACKING pc=0x00007fb5fd047633 sp=0x00007fb5f8f116a0 mode 0
Event: 4,557 Executing VM operation: RevokeBias
Event: 4,557 Executing VM operation: RevokeBias done
Event: 5,467 Executing VM operation: ParallelGCFailedAllocation
Event: 5,478 Executing VM operation: ParallelGCFailedAllocation done


Dynamic libraries:
00400000-00401000 r-xp 00000000 fd:00 160703                             /usr/lib/jvm/jdk1.8.0_66/jre/bin/java
00600000-00601000 rw-p 00000000 fd:00 160703                             /usr/lib/jvm/jdk1.8.0_66/jre/bin/java
01e56000-01e77000 rw-p 00000000 00:00 0                                  [heap]
c4200000-c6a00000 rw-p 00000000 00:00 0 
c6a00000-ec100000 ---p 00000000 00:00 0 
ec100000-ed500000 rw-p 00000000 00:00 0 
ed500000-100000000 ---p 00000000 00:00 0 
100000000-1002c0000 rw-p 00000000 00:00 0 
1002c0000-140000000 ---p 00000000 00:00 0 
7fb598000000-7fb598021000 rw-p 00000000 00:00 0 
7fb598021000-7fb59c000000 ---p 00000000 00:00 0 
7fb5a0000000-7fb5a05c5000 rw-p 00000000 00:00 0 
7fb5a05c5000-7fb5a4000000 ---p 00000000 00:00 0 
7fb5a4000000-7fb5a4021000 rw-p 00000000 00:00 0 
7fb5a4021000-7fb5a8000000 ---p 00000000 00:00 0 
7fb5a8000000-7fb5a8021000 rw-p 00000000 00:00 0 
7fb5a8021000-7fb5ac000000 ---p 00000000 00:00 0 
7fb5ac4fd000-7fb5ac50d000 rw-s 00000000 00:05 65661                      /drm mm object (deleted)
7fb5ac50d000-7fb5ac6cd000 rw-s 00000000 00:05 67019                      /drm mm object (deleted)
7fb5ac6cd000-7fb5ac84d000 rw-p 00000000 00:00 0 
7fb5ac84d000-7fb5ac8cd000 ---p 00000000 00:00 0 
7fb5ac8cd000-7fb5ac8d5000 rw-s 00000000 00:05 65653                      /drm mm object (deleted)
7fb5ac8da000-7fb5ac8e1000 r--s 00000000 fd:00 2493270                    /usr/lib64/gconv/gconv-modules.cache
7fb5ac8e1000-7fb5ac8e5000 rw-s 104c91000 00:06 8758                      /dev/dri/card0
7fb5ac8e5000-7fb5acaa5000 rw-s 00000000 00:05 67010                      /drm mm object (deleted)
7fb5acaa5000-7fb5acb05000 rw-s 00000000 00:05 67669                      /drm mm object (deleted)
7fb5acb05000-7fb5acb13000 rw-s 00000000 00:05 67668                      /drm mm object (deleted)
7fb5acb13000-7fb5acb1b000 rw-s 00000000 00:05 67667                      /drm mm object (deleted)
7fb5acb1b000-7fb5accdb000 rw-s 104cb9000 00:06 8758                      /dev/dri/card0
7fb5accdb000-7fb5acceb000 rw-s 00000000 00:05 65646                      /drm mm object (deleted)
7fb5acceb000-7fb5accfd000 r--s 00345000 fd:00 160749                     /usr/lib/jvm/jdk1.8.0_66/jre/lib/resources.jar
7fb5accfd000-7fb5acda9000 r--p 00000000 fd:00 3165228                    /usr/share/fonts/dejavu/DejaVuSans-Bold.ttf
7fb5acda9000-7fb5acfa9000 rw-p 00000000 00:00 0 
7fb5acfa9000-7fb5acfac000 ---p 00000000 00:00 0 
7fb5acfac000-7fb5ad0aa000 rw-p 00000000 00:00 0                          [stack:4493]
7fb5ad0aa000-7fb5ad163000 r--p 00000000 fd:00 3165231                    /usr/share/fonts/dejavu/DejaVuSans.ttf
7fb5ad163000-7fb5ad177000 r--p 00000000 fd:00 160843                     /usr/lib/jvm/jdk1.8.0_66/jre/lib/fonts/LucidaBrightItalic.ttf
7fb5ad177000-7fb5ad222000 r--p 00000000 fd:00 160844                     /usr/lib/jvm/jdk1.8.0_66/jre/lib/fonts/LucidaSansRegular.ttf
7fb5ad222000-7fb5ad277000 r--p 00000000 fd:00 160845                     /usr/lib/jvm/jdk1.8.0_66/jre/lib/fonts/LucidaBrightRegular.ttf
7fb5ad277000-7fb5ad27b000 r-xp 00000000 fd:00 160760                     /usr/lib/jvm/jdk1.8.0_66/jre/lib/amd64/libjavafx_font_pango.so
7fb5ad27b000-7fb5ad47a000 ---p 00004000 fd:00 160760                     /usr/lib/jvm/jdk1.8.0_66/jre/lib/amd64/libjavafx_font_pango.so
7fb5ad47a000-7fb5ad47b000 rw-p 00003000 fd:00 160760                     /usr/lib/jvm/jdk1.8.0_66/jre/lib/amd64/libjavafx_font_pango.so
7fb5ad47b000-7fb5ad67b000 rw-p 00000000 00:00 0 
7fb5ad67b000-7fb5ad680000 r-xp 00000000 fd:00 160763                     /usr/lib/jvm/jdk1.8.0_66/jre/lib/amd64/libjavafx_font_freetype.so
7fb5ad680000-7fb5ad87f000 ---p 00005000 fd:00 160763                     /usr/lib/jvm/jdk1.8.0_66/jre/lib/amd64/libjavafx_font_freetype.so
7fb5ad87f000-7fb5ad880000 rw-p 00004000 fd:00 160763                     /usr/lib/jvm/jdk1.8.0_66/jre/lib/amd64/libjavafx_font_freetype.so
7fb5ad880000-7fb5ad883000 r-xp 00000000 fd:00 160801                     /usr/lib/jvm/jdk1.8.0_66/jre/lib/amd64/libjavafx_font.so
7fb5ad883000-7fb5ada82000 ---p 00003000 fd:00 160801                     /usr/lib/jvm/jdk1.8.0_66/jre/lib/amd64/libjavafx_font.so
7fb5ada82000-7fb5ada83000 rw-p 00002000 fd:00 160801                     /usr/lib/jvm/jdk1.8.0_66/jre/lib/amd64/libjavafx_font.so
7fb5ada83000-7fb5adc83000 rw-p 00000000 00:00 0 
7fb5adc83000-7fb5adc86000 ---p 00000000 00:00 0 
7fb5adc86000-7fb5add84000 rw-p 00000000 00:00 0                          [stack:4492]
7fb5add84000-7fb5add87000 ---p 00000000 00:00 0 
7fb5add87000-7fb5ade85000 rw-p 00000000 00:00 0                          [stack:4491]
7fb5ade85000-7fb5ade88000 ---p 00000000 00:00 0 
7fb5ade88000-7fb5adf86000 rw-p 00000000 00:00 0                          [stack:4490]
7fb5adf86000-7fb5adffd000 r-xp 00000000 fd:00 2237377                    /usr/lib64/libfreebl3.so
7fb5adffd000-7fb5ae1fc000 ---p 00077000 fd:00 2237377                    /usr/lib64/libfreebl3.so
7fb5ae1fc000-7fb5ae1fe000 r--p 00076000 fd:00 2237377                    /usr/lib64/libfreebl3.so
7fb5ae1fe000-7fb5ae1ff000 rw-p 00078000 fd:00 2237377                    /usr/lib64/libfreebl3.so
7fb5ae1ff000-7fb5ae203000 rw-p 00000000 00:00 0 
7fb5ae203000-7fb5ae20a000 r-xp 00000000 fd:00 2235341                    /usr/lib64/libcrypt-2.21.so
7fb5ae20a000-7fb5ae409000 ---p 00007000 fd:00 2235341                    /usr/lib64/libcrypt-2.21.so
7fb5ae409000-7fb5ae40a000 r--p 00006000 fd:00 2235341                    /usr/lib64/libcrypt-2.21.so
7fb5ae40a000-7fb5ae40b000 rw-p 00007000 fd:00 2235341                    /usr/lib64/libcrypt-2.21.so
7fb5ae40b000-7fb5ae439000 rw-p 00000000 00:00 0 
7fb5ae439000-7fb5ae43f000 r-xp 00000000 fd:00 2237031                    /usr/lib64/libogg.so.0.8.2
7fb5ae43f000-7fb5ae63e000 ---p 00006000 fd:00 2237031                    /usr/lib64/libogg.so.0.8.2
7fb5ae63e000-7fb5ae63f000 r--p 00005000 fd:00 2237031                    /usr/lib64/libogg.so.0.8.2
7fb5ae63f000-7fb5ae640000 rw-p 00006000 fd:00 2237031                    /usr/lib64/libogg.so.0.8.2
7fb5ae640000-7fb5ae66b000 r-xp 00000000 fd:00 2237297                    /usr/lib64/libvorbis.so.0.4.7
7fb5ae66b000-7fb5ae86b000 ---p 0002b000 fd:00 2237297                    /usr/lib64/libvorbis.so.0.4.7
7fb5ae86b000-7fb5ae86c000 r--p 0002b000 fd:00 2237297                    /usr/lib64/libvorbis.so.0.4.7
7fb5ae86c000-7fb5ae86d000 rw-p 0002c000 fd:00 2237297                    /usr/lib64/libvorbis.so.0.4.7
7fb5ae86d000-7fb5ae876000 r-xp 00000000 fd:00 2236924                    /usr/lib64/libltdl.so.7.3.0
7fb5ae876000-7fb5aea75000 ---p 00009000 fd:00 2236924                    /usr/lib64/libltdl.so.7.3.0
7fb5aea75000-7fb5aea76000 r--p 00008000 fd:00 2236924                    /usr/lib64/libltdl.so.7.3.0
7fb5aea76000-7fb5aea77000 rw-p 00009000 fd:00 2236924                    /usr/lib64/libltdl.so.7.3.0
7fb5aea77000-7fb5aea8b000 r-xp 00000000 fd:00 2235942                    /usr/lib64/libtdb.so.1.3.7
7fb5aea8b000-7fb5aec8a000 ---p 00014000 fd:00 2235942                    /usr/lib64/libtdb.so.1.3.7
7fb5aec8a000-7fb5aec8b000 r--p 00013000 fd:00 2235942                    /usr/lib64/libtdb.so.1.3.7
7fb5aec8b000-7fb5aec8c000 rw-p 00014000 fd:00 2235942                    /usr/lib64/libtdb.so.1.3.7
7fb5aec8c000-7fb5aec94000 r-xp 00000000 fd:00 2237299                    /usr/lib64/libvorbisfile.so.3.3.6
7fb5aec94000-7fb5aee93000 ---p 00008000 fd:00 2237299                    /usr/lib64/libvorbisfile.so.3.3.6
7fb5aee93000-7fb5aee94000 r--p 00007000 fd:00 2237299                    /usr/lib64/libvorbisfile.so.3.3.6
7fb5aee94000-7fb5aee95000 rw-p 00008000 fd:00 2237299                    /usr/lib64/libvorbisfile.so.3.3.6
7fb5aee95000-7fb5aeea6000 r-xp 00000000 fd:00 2236546                    /usr/lib64/libcanberra.so.0.2.5
7fb5aeea6000-7fb5af0a5000 ---p 00011000 fd:00 2236546                    /usr/lib64/libcanberra.so.0.2.5
7fb5af0a5000-7fb5af0a6000 r--p 00010000 fd:00 2236546                    /usr/lib64/libcanberra.so.0.2.5
7fb5af0a6000-7fb5af0a7000 rw-p 00011000 fd:00 2236546                    /usr/lib64/libcanberra.so.0.2.5
7fb5af0a7000-7fb5af0ab000 r-xp 00000000 fd:00 2236544                    /usr/lib64/libcanberra-gtk.so.0.1.9
7fb5af0ab000-7fb5af2aa000 ---p 00004000 fd:00 2236544                    /usr/lib64/libcanberra-gtk.so.0.1.9
7fb5af2aa000-7fb5af2ab000 r--p 00003000 fd:00 2236544                    /usr/lib64/libcanberra-gtk.so.0.1.9
7fb5af2ab000-7fb5af2ac000 rw-p 00004000 fd:00 2236544                    /usr/lib64/libcanberra-gtk.so.0.1.9
7fb5af2ac000-7fb5af2b1000 r-xp 00000000 fd:00 2494004                    /usr/lib64/gtk-2.0/modules/libcanberra-gtk-module.so
7fb5af2b1000-7fb5af4b1000 ---p 00005000 fd:00 2494004                    /usr/lib64/gtk-2.0/modules/libcanberra-gtk-module.so
7fb5af4b1000-7fb5af4b2000 r--p 00005000 fd:00 2494004                    /usr/lib64/gtk-2.0/modules/libcanberra-gtk-module.so
7fb5af4b2000-7fb5af4b3000 rw-p 00006000 fd:00 2494004                    /usr/lib64/gtk-2.0/modules/libcanberra-gtk-module.so
7fb5af4b3000-7fb5af4b4000 r-xp 00000000 fd:00 2499523                    /usr/lib64/gtk-2.0/modules/libpk-gtk-module.so
7fb5af4b4000-7fb5af6b3000 ---p 00001000 fd:00 2499523                    /usr/lib64/gtk-2.0/modules/libpk-gtk-module.so
7fb5af6b3000-7fb5af6b4000 r--p 00000000 fd:00 2499523                    /usr/lib64/gtk-2.0/modules/libpk-gtk-module.so
7fb5af6b4000-7fb5af6b5000 rw-p 00001000 fd:00 2499523                    /usr/lib64/gtk-2.0/modules/libpk-gtk-module.so
7fb5af6b5000-7fb5af6b8000 r-xp 00000000 fd:00 2493997                    /usr/lib64/gtk-2.0/2.10.0/engines/libadwaita.so
7fb5af6b8000-7fb5af8b7000 ---p 00003000 fd:00 2493997                    /usr/lib64/gtk-2.0/2.10.0/engines/libadwaita.so
7fb5af8b7000-7fb5af8b8000 r--p 00002000 fd:00 2493997                    /usr/lib64/gtk-2.0/2.10.0/engines/libadwaita.so
7fb5af8b8000-7fb5af8b9000 rw-p 00003000 fd:00 2493997                    /usr/lib64/gtk-2.0/2.10.0/engines/libadwaita.so
7fb5af8b9000-7fb5af8c3000 r-xp 00000000 fd:00 2493998                    /usr/lib64/gtk-2.0/2.10.0/engines/libpixmap.so
7fb5af8c3000-7fb5afac2000 ---p 0000a000 fd:00 2493998                    /usr/lib64/gtk-2.0/2.10.0/engines/libpixmap.so
7fb5afac2000-7fb5afac3000 r--p 00009000 fd:00 2493998                    /usr/lib64/gtk-2.0/2.10.0/engines/libpixmap.so
7fb5afac3000-7fb5afac4000 rw-p 0000a000 fd:00 2493998                    /usr/lib64/gtk-2.0/2.10.0/engines/libpixmap.so
7fb5afac4000-7fb5afaed000 r-xp 00000000 fd:00 160777                     /usr/lib/jvm/jdk1.8.0_66/jre/lib/amd64/libglass.so
7fb5afaed000-7fb5afcec000 ---p 00029000 fd:00 160777                     /usr/lib/jvm/jdk1.8.0_66/jre/lib/amd64/libglass.so
7fb5afcec000-7fb5afcef000 rw-p 00028000 fd:00 160777                     /usr/lib/jvm/jdk1.8.0_66/jre/lib/amd64/libglass.so
7fb5afcef000-7fb5afcf7000 r-xp 00000000 fd:00 2237064                    /usr/lib64/libpciaccess.so.0.11.1
7fb5afcf7000-7fb5afef7000 ---p 00008000 fd:00 2237064                    /usr/lib64/libpciaccess.so.0.11.1
7fb5afef7000-7fb5afef8000 r--p 00008000 fd:00 2237064                    /usr/lib64/libpciaccess.so.0.11.1
7fb5afef8000-7fb5afef9000 rw-p 00009000 fd:00 2237064                    /usr/lib64/libpciaccess.so.0.11.1
7fb5afef9000-7fb5aff04000 r-xp 00000000 fd:00 2236637                    /usr/lib64/libdrm_radeon.so.1.0.1
7fb5aff04000-7fb5b0103000 ---p 0000b000 fd:00 2236637                    /usr/lib64/libdrm_radeon.so.1.0.1
7fb5b0103000-7fb5b0104000 r--p 0000a000 fd:00 2236637                    /usr/lib64/libdrm_radeon.so.1.0.1
7fb5b0104000-7fb5b0105000 rw-p 0000b000 fd:00 2236637                    /usr/lib64/libdrm_radeon.so.1.0.1
7fb5b0105000-7fb5b010b000 r-xp 00000000 fd:00 2236636                    /usr/lib64/libdrm_nouveau.so.2.0.0
7fb5b010b000-7fb5b030a000 ---p 00006000 fd:00 2236636                    /usr/lib64/libdrm_nouveau.so.2.0.0
7fb5b030a000-7fb5b030b000 r--p 00005000 fd:00 2236636                    /usr/lib64/libdrm_nouveau.so.2.0.0
7fb5b030b000-7fb5b030c000 rw-p 00006000 fd:00 2236636                    /usr/lib64/libdrm_nouveau.so.2.0.0
7fb5b030c000-7fb5b032c000 r-xp 00000000 fd:00 2236635                    /usr/lib64/libdrm_intel.so.1.0.0
7fb5b032c000-7fb5b052c000 ---p 00020000 fd:00 2236635                    /usr/lib64/libdrm_intel.so.1.0.0
7fb5b052c000-7fb5b052d000 r--p 00020000 fd:00 2236635                    /usr/lib64/libdrm_intel.so.1.0.0
7fb5b052d000-7fb5b052e000 rw-p 00021000 fd:00 2236635                    /usr/lib64/libdrm_intel.so.1.0.0
7fb5b052e000-7fb5b0ac2000 r-xp 00000000 fd:00 2492960                    /usr/lib64/dri/i965_dri.so
7fb5b0ac2000-7fb5b0cc1000 ---p 00594000 fd:00 2492960                    /usr/lib64/dri/i965_dri.so
7fb5b0cc1000-7fb5b0cec000 r--p 00593000 fd:00 2492960                    /usr/lib64/dri/i965_dri.so
7fb5b0cec000-7fb5b0cf2000 rw-p 005be000 fd:00 2492960                    /usr/lib64/dri/i965_dri.so
7fb5b0cf2000-7fb5b0cfa000 rw-p 00000000 00:00 0 
7fb5b0cfa000-7fb5b0d1f000 r-xp 00000000 fd:00 2236931                    /usr/lib64/liblzma.so.5.2.0
7fb5b0d1f000-7fb5b0f1e000 ---p 00025000 fd:00 2236931                    /usr/lib64/liblzma.so.5.2.0
7fb5b0f1e000-7fb5b0f1f000 r--p 00024000 fd:00 2236931                    /usr/lib64/liblzma.so.5.2.0
7fb5b0f1f000-7fb5b0f20000 rw-p 00025000 fd:00 2236931                    /usr/lib64/liblzma.so.5.2.0
7fb5b0f20000-7fb5b0f35000 r-xp 00000000 fd:00 2237070                    /usr/lib64/libelf-0.163.so
7fb5b0f35000-7fb5b1134000 ---p 00015000 fd:00 2237070                    /usr/lib64/libelf-0.163.so
7fb5b1134000-7fb5b1135000 r--p 00014000 fd:00 2237070                    /usr/lib64/libelf-0.163.so
7fb5b1135000-7fb5b1136000 rw-p 00015000 fd:00 2237070                    /usr/lib64/libelf-0.163.so
7fb5b1136000-7fb5b113a000 r-xp 00000000 fd:00 2235270                    /usr/lib64/libattr.so.1.1.0
7fb5b113a000-7fb5b1339000 ---p 00004000 fd:00 2235270                    /usr/lib64/libattr.so.1.1.0
7fb5b1339000-7fb5b133a000 r--p 00003000 fd:00 2235270                    /usr/lib64/libattr.so.1.1.0
7fb5b133a000-7fb5b133b000 rw-p 00004000 fd:00 2235270                    /usr/lib64/libattr.so.1.1.0
7fb5b133b000-7fb5b1381000 r-xp 00000000 fd:00 2232187                    /usr/lib64/libdw-0.163.so
7fb5b1381000-7fb5b1581000 ---p 00046000 fd:00 2232187                    /usr/lib64/libdw-0.163.so
7fb5b1581000-7fb5b1583000 r--p 00046000 fd:00 2232187                    /usr/lib64/libdw-0.163.so
7fb5b1583000-7fb5b1584000 rw-p 00048000 fd:00 2232187                    /usr/lib64/libdw-0.163.so
7fb5b1584000-7fb5b1588000 r-xp 00000000 fd:00 2236548                    /usr/lib64/libcap.so.2.24
7fb5b1588000-7fb5b1787000 ---p 00004000 fd:00 2236548                    /usr/lib64/libcap.so.2.24
7fb5b1787000-7fb5b1788000 r--p 00003000 fd:00 2236548                    /usr/lib64/libcap.so.2.24
7fb5b1788000-7fb5b1789000 rw-p 00004000 fd:00 2236548                    /usr/lib64/libcap.so.2.24
7fb5b1789000-7fb5b178b000 r-xp 00000000 fd:00 2236438                    /usr/lib64/libXau.so.6.0.0
7fb5b178b000-7fb5b198b000 ---p 00002000 fd:00 2236438                    /usr/lib64/libXau.so.6.0.0
7fb5b198b000-7fb5b198c000 r--p 00002000 fd:00 2236438                    /usr/lib64/libXau.so.6.0.0
7fb5b198c000-7fb5b198d000 rw-p 00003000 fd:00 2236438                    /usr/lib64/libXau.so.6.0.0
7fb5b198d000-7fb5b199c000 r-xp 00000000 fd:00 2237309                    /usr/lib64/libwayland-server.so.0.1.0
7fb5b199c000-7fb5b1b9c000 ---p 0000f000 fd:00 2237309                    /usr/lib64/libwayland-server.so.0.1.0
7fb5b1b9c000-7fb5b1b9e000 r--p 0000f000 fd:00 2237309                    /usr/lib64/libwayland-server.so.0.1.0
7fb5b1b9e000-7fb5b1b9f000 rw-p 00011000 fd:00 2237309                    /usr/lib64/libwayland-server.so.0.1.0
7fb5b1b9f000-7fb5b1bab000 r-xp 00000000 fd:00 2237306                    /usr/lib64/libwayland-client.so.0.3.0
7fb5b1bab000-7fb5b1daa000 ---p 0000c000 fd:00 2237306                    /usr/lib64/libwayland-client.so.0.3.0
7fb5b1daa000-7fb5b1dac000 r--p 0000b000 fd:00 2237306                    /usr/lib64/libwayland-client.so.0.3.0
7fb5b1dac000-7fb5b1dad000 rw-p 0000d000 fd:00 2237306                    /usr/lib64/libwayland-client.so.0.3.0
7fb5b1dad000-7fb5b1db9000 r-xp 00000000 fd:00 2235662                    /usr/lib64/libgbm.so.1.0.0
7fb5b1db9000-7fb5b1fb9000 ---p 0000c000 fd:00 2235662                    /usr/lib64/libgbm.so.1.0.0
7fb5b1fb9000-7fb5b1fba000 r--p 0000c000 fd:00 2235662                    /usr/lib64/libgbm.so.1.0.0
7fb5b1fba000-7fb5b1fbb000 rw-p 0000d000 fd:00 2235662                    /usr/lib64/libgbm.so.1.0.0
7fb5b1fbb000-7fb5b1fd7000 r-xp 00000000 fd:00 2236780                    /usr/lib64/libgraphite2.so.3.0.1
7fb5b1fd7000-7fb5b21d6000 ---p 0001c000 fd:00 2236780                    /usr/lib64/libgraphite2.so.3.0.1
7fb5b21d6000-7fb5b21d8000 r--p 0001b000 fd:00 2236780                    /usr/lib64/libgraphite2.so.3.0.1
7fb5b21d8000-7fb5b21d9000 rw-p 0001d000 fd:00 2236780                    /usr/lib64/libgraphite2.so.3.0.1
7fb5b21d9000-7fb5b2247000 r-xp 00000000 fd:00 2235801                    /usr/lib64/libpcre.so.1.2.5
7fb5b2247000-7fb5b2447000 ---p 0006e000 fd:00 2235801                    /usr/lib64/libpcre.so.1.2.5
7fb5b2447000-7fb5b2448000 r--p 0006e000 fd:00 2235801                    /usr/lib64/libpcre.so.1.2.5
7fb5b2448000-7fb5b2449000 rw-p 0006f000 fd:00 2235801                    /usr/lib64/libpcre.so.1.2.5
7fb5b2449000-7fb5b2455000 r-xp 00000000 fd:00 2236634                    /usr/lib64/libdrm.so.2.4.0
7fb5b2455000-7fb5b2654000 ---p 0000c000 fd:00 2236634                    /usr/lib64/libdrm.so.2.4.0
7fb5b2654000-7fb5b2655000 r--p 0000b000 fd:00 2236634                    /usr/lib64/libdrm.so.2.4.0
7fb5b2655000-7fb5b2656000 rw-p 0000c000 fd:00 2236634                    /usr/lib64/libdrm.so.2.4.0
7fb5b2656000-7fb5b2657000 r-xp 00000000 fd:00 2237387                    /usr/lib64/libxshmfence.so.1.0.0
7fb5b2657000-7fb5b2857000 ---p 00001000 fd:00 2237387                    /usr/lib64/libxshmfence.so.1.0.0
7fb5b2857000-7fb5b2858000 r--p 00001000 fd:00 2237387                    /usr/lib64/libxshmfence.so.1.0.0
7fb5b2858000-7fb5b2859000 rw-p 00002000 fd:00 2237387                    /usr/lib64/libxshmfence.so.1.0.0
7fb5b2859000-7fb5b285e000 r-xp 00000000 fd:00 2232135                    /usr/lib64/libxcb-sync.so.1.0.0
7fb5b285e000-7fb5b2a5e000 ---p 00005000 fd:00 2232135                    /usr/lib64/libxcb-sync.so.1.0.0
7fb5b2a5e000-7fb5b2a5f000 r--p 00005000 fd:00 2232135                    /usr/lib64/libxcb-sync.so.1.0.0
7fb5b2a5f000-7fb5b2a60000 rw-p 00006000 fd:00 2232135                    /usr/lib64/libxcb-sync.so.1.0.0
7fb5b2a60000-7fb5b2a63000 r-xp 00000000 fd:00 2232131                    /usr/lib64/libxcb-shape.so.0.0.0
7fb5b2a63000-7fb5b2c62000 ---p 00003000 fd:00 2232131                    /usr/lib64/libxcb-shape.so.0.0.0
7fb5b2c62000-7fb5b2c63000 r--p 00002000 fd:00 2232131                    /usr/lib64/libxcb-shape.so.0.0.0
7fb5b2c63000-7fb5b2c64000 rw-p 00003000 fd:00 2232131                    /usr/lib64/libxcb-shape.so.0.0.0
7fb5b2c64000-7fb5b2c6a000 r-xp 00000000 fd:00 2232141                    /usr/lib64/libxcb-xfixes.so.0.0.0
7fb5b2c6a000-7fb5b2e6a000 ---p 00006000 fd:00 2232141                    /usr/lib64/libxcb-xfixes.so.0.0.0
7fb5b2e6a000-7fb5b2e6b000 r--p 00006000 fd:00 2232141                    /usr/lib64/libxcb-xfixes.so.0.0.0
7fb5b2e6b000-7fb5b2e6c000 rw-p 00007000 fd:00 2232141                    /usr/lib64/libxcb-xfixes.so.0.0.0
7fb5b2e6c000-7fb5b2e78000 r-xp 00000000 fd:00 2232120                    /usr/lib64/libxcb-randr.so.0.1.0
7fb5b2e78000-7fb5b3078000 ---p 0000c000 fd:00 2232120                    /usr/lib64/libxcb-randr.so.0.1.0
7fb5b3078000-7fb5b3079000 r--p 0000c000 fd:00 2232120                    /usr/lib64/libxcb-randr.so.0.1.0
7fb5b3079000-7fb5b307a000 rw-p 0000d000 fd:00 2232120                    /usr/lib64/libxcb-randr.so.0.1.0
7fb5b307a000-7fb5b307c000 r-xp 00000000 fd:00 2232118                    /usr/lib64/libxcb-present.so.0.0.0
7fb5b307c000-7fb5b327b000 ---p 00002000 fd:00 2232118                    /usr/lib64/libxcb-present.so.0.0.0
7fb5b327b000-7fb5b327c000 r--p 00001000 fd:00 2232118                    /usr/lib64/libxcb-present.so.0.0.0
7fb5b327c000-7fb5b327d000 rw-p 00002000 fd:00 2232118                    /usr/lib64/libxcb-present.so.0.0.0
7fb5b327d000-7fb5b327f000 r-xp 00000000 fd:00 2232114                    /usr/lib64/libxcb-dri3.so.0.0.0
7fb5b327f000-7fb5b347e000 ---p 00002000 fd:00 2232114                    /usr/lib64/libxcb-dri3.so.0.0.0
7fb5b347e000-7fb5b347f000 r--p 00001000 fd:00 2232114                    /usr/lib64/libxcb-dri3.so.0.0.0
7fb5b347f000-7fb5b3480000 rw-p 00002000 fd:00 2232114                    /usr/lib64/libxcb-dri3.so.0.0.0
7fb5b3480000-7fb5b3484000 r-xp 00000000 fd:00 2232112                    /usr/lib64/libxcb-dri2.so.0.0.0
7fb5b3484000-7fb5b3683000 ---p 00004000 fd:00 2232112                    /usr/lib64/libxcb-dri2.so.0.0.0
7fb5b3683000-7fb5b3684000 r--p 00003000 fd:00 2232112                    /usr/lib64/libxcb-dri2.so.0.0.0
7fb5b3684000-7fb5b3685000 rw-p 00004000 fd:00 2232112                    /usr/lib64/libxcb-dri2.so.0.0.0
7fb5b3685000-7fb5b369c000 r-xp 00000000 fd:00 2232116                    /usr/lib64/libxcb-glx.so.0.0.0
7fb5b369c000-7fb5b389b000 ---p 00017000 fd:00 2232116                    /usr/lib64/libxcb-glx.so.0.0.0
7fb5b389b000-7fb5b389d000 r--p 00016000 fd:00 2232116                    /usr/lib64/libxcb-glx.so.0.0.0
7fb5b389d000-7fb5b389e000 rw-p 00018000 fd:00 2232116                    /usr/lib64/libxcb-glx.so.0.0.0
7fb5b389e000-7fb5b389f000 r-xp 00000000 fd:00 2236435                    /usr/lib64/libX11-xcb.so.1.0.0
7fb5b389f000-7fb5b3a9e000 ---p 00001000 fd:00 2236435                    /usr/lib64/libX11-xcb.so.1.0.0
7fb5b3a9e000-7fb5b3a9f000 r--p 00000000 fd:00 2236435                    /usr/lib64/libX11-xcb.so.1.0.0
7fb5b3a9f000-7fb5b3aa0000 rw-p 00001000 fd:00 2236435                    /usr/lib64/libX11-xcb.so.1.0.0
7fb5b3aa0000-7fb5b3ac9000 r-xp 00000000 fd:00 2235556                    /usr/lib64/libglapi.so.0.0.0
7fb5b3ac9000-7fb5b3cc8000 ---p 00029000 fd:00 2235556                    /usr/lib64/libglapi.so.0.0.0
7fb5b3cc8000-7fb5b3ccc000 r--p 00028000 fd:00 2235556                    /usr/lib64/libglapi.so.0.0.0
7fb5b3ccc000-7fb5b3ccd000 rw-p 0002c000 fd:00 2235556                    /usr/lib64/libglapi.so.0.0.0
7fb5b3ccd000-7fb5b3cce000 rw-p 00000000 00:00 0 
7fb5b3cce000-7fb5b3cf4000 r-xp 00000000 fd:00 2236673                    /usr/lib64/libexpat.so.1.6.0
7fb5b3cf4000-7fb5b3ef4000 ---p 00026000 fd:00 2236673                    /usr/lib64/libexpat.so.1.6.0
7fb5b3ef4000-7fb5b3ef7000 r--p 00026000 fd:00 2236673                    /usr/lib64/libexpat.so.1.6.0
7fb5b3ef7000-7fb5b3ef8000 rw-p 00029000 fd:00 2236673                    /usr/lib64/libexpat.so.1.6.0
7fb5b3ef8000-7fb5b3f07000 r-xp 00000000 fd:00 2236536                    /usr/lib64/libbz2.so.1.0.6
7fb5b3f07000-7fb5b4106000 ---p 0000f000 fd:00 2236536                    /usr/lib64/libbz2.so.1.0.6
7fb5b4106000-7fb5b4107000 r--p 0000e000 fd:00 2236536                    /usr/lib64/libbz2.so.1.0.6
7fb5b4107000-7fb5b4108000 rw-p 0000f000 fd:00 2236536                    /usr/lib64/libbz2.so.1.0.6
7fb5b4108000-7fb5b4129000 r-xp 00000000 fd:00 2232157                    /usr/lib64/libxcb.so.1.1.0
7fb5b4129000-7fb5b4328000 ---p 00021000 fd:00 2232157                    /usr/lib64/libxcb.so.1.1.0
7fb5b4328000-7fb5b4329000 r--p 00020000 fd:00 2232157                    /usr/lib64/libxcb.so.1.1.0
7fb5b4329000-7fb5b432a000 rw-p 00021000 fd:00 2232157                    /usr/lib64/libxcb.so.1.1.0
7fb5b432a000-7fb5b4333000 r-xp 00000000 fd:00 2232124                    /usr/lib64/libxcb-render.so.0.0.0
7fb5b4333000-7fb5b4532000 ---p 00009000 fd:00 2232124                    /usr/lib64/libxcb-render.so.0.0.0
7fb5b4532000-7fb5b4533000 r--p 00008000 fd:00 2232124                    /usr/lib64/libxcb-render.so.0.0.0
7fb5b4533000-7fb5b4534000 rw-p 00009000 fd:00 2232124                    /usr/lib64/libxcb-render.so.0.0.0
7fb5b4534000-7fb5b4536000 r-xp 00000000 fd:00 2232133                    /usr/lib64/libxcb-shm.so.0.0.0
7fb5b4536000-7fb5b4736000 ---p 00002000 fd:00 2232133                    /usr/lib64/libxcb-shm.so.0.0.0
7fb5b4736000-7fb5b4737000 r--p 00002000 fd:00 2232133                    /usr/lib64/libxcb-shm.so.0.0.0
7fb5b4737000-7fb5b4738000 rw-p 00003000 fd:00 2232133                    /usr/lib64/libxcb-shm.so.0.0.0
7fb5b4738000-7fb5b475e000 r-xp 00000000 fd:00 2235663                    /usr/lib64/libEGL.so.1.0.0
7fb5b475e000-7fb5b495d000 ---p 00026000 fd:00 2235663                    /usr/lib64/libEGL.so.1.0.0
7fb5b495d000-7fb5b495e000 r--p 00025000 fd:00 2235663                    /usr/lib64/libEGL.so.1.0.0
7fb5b495e000-7fb5b495f000 rw-p 00026000 fd:00 2235663                    /usr/lib64/libEGL.so.1.0.0
7fb5b495f000-7fb5b4a02000 r-xp 00000000 fd:00 2235813                    /usr/lib64/libpixman-1.so.0.32.8
7fb5b4a02000-7fb5b4c02000 ---p 000a3000 fd:00 2235813                    /usr/lib64/libpixman-1.so.0.32.8
7fb5b4c02000-7fb5b4c09000 r--p 000a3000 fd:00 2235813                    /usr/lib64/libpixman-1.so.0.32.8
7fb5b4c09000-7fb5b4c0a000 rw-p 000aa000 fd:00 2235813                    /usr/lib64/libpixman-1.so.0.32.8
7fb5b4c0a000-7fb5b4c3c000 r-xp 00000000 fd:00 2237088                    /usr/lib64/libpng16.so.16.16.0
7fb5b4c3c000-7fb5b4e3b000 ---p 00032000 fd:00 2237088                    /usr/lib64/libpng16.so.16.16.0
7fb5b4e3b000-7fb5b4e3c000 r--p 00031000 fd:00 2237088                    /usr/lib64/libpng16.so.16.16.0
7fb5b4e3c000-7fb5b4e3d000 rw-p 00032000 fd:00 2237088                    /usr/lib64/libpng16.so.16.16.0
7fb5b4e3d000-7fb5b4e98000 r-xp 00000000 fd:00 2236845                    /usr/lib64/libharfbuzz.so.0.940.0
7fb5b4e98000-7fb5b5097000 ---p 0005b000 fd:00 2236845                    /usr/lib64/libharfbuzz.so.0.940.0
7fb5b5097000-7fb5b5098000 r--p 0005a000 fd:00 2236845                    /usr/lib64/libharfbuzz.so.0.940.0
7fb5b5098000-7fb5b5099000 rw-p 0005b000 fd:00 2236845                    /usr/lib64/libharfbuzz.so.0.940.0
7fb5b5099000-7fb5b50b0000 r-xp 00000000 fd:00 2235834                    /usr/lib64/libresolv-2.21.so
7fb5b50b0000-7fb5b52b0000 ---p 00017000 fd:00 2235834                    /usr/lib64/libresolv-2.21.so
7fb5b52b0000-7fb5b52b1000 r--p 00017000 fd:00 2235834                    /usr/lib64/libresolv-2.21.so
7fb5b52b1000-7fb5b52b2000 rw-p 00018000 fd:00 2235834                    /usr/lib64/libresolv-2.21.so
7fb5b52b2000-7fb5b52b4000 rw-p 00000000 00:00 0 
7fb5b52b4000-7fb5b52d5000 r-xp 00000000 fd:00 2236224                    /usr/lib64/libselinux.so.1
7fb5b52d5000-7fb5b54d4000 ---p 00021000 fd:00 2236224                    /usr/lib64/libselinux.so.1
7fb5b54d4000-7fb5b54d5000 r--p 00020000 fd:00 2236224                    /usr/lib64/libselinux.so.1
7fb5b54d5000-7fb5b54d6000 rw-p 00021000 fd:00 2236224                    /usr/lib64/libselinux.so.1
7fb5b54d6000-7fb5b54d8000 rw-p 00000000 00:00 0 
7fb5b54d8000-7fb5b54ed000 r-xp 00000000 fd:00 2237393                    /usr/lib64/libz.so.1.2.8
7fb5b54ed000-7fb5b56ec000 ---p 00015000 fd:00 2237393                    /usr/lib64/libz.so.1.2.8
7fb5b56ec000-7fb5b56ed000 r--p 00014000 fd:00 2237393                    /usr/lib64/libz.so.1.2.8
7fb5b56ed000-7fb5b56ee000 rw-p 00015000 fd:00 2237393                    /usr/lib64/libz.so.1.2.8
7fb5b56ee000-7fb5b56f5000 r-xp 00000000 fd:00 2236682                    /usr/lib64/libffi.so.6.0.2
7fb5b56f5000-7fb5b58f4000 ---p 00007000 fd:00 2236682                    /usr/lib64/libffi.so.6.0.2
7fb5b58f4000-7fb5b58f5000 r--p 00006000 fd:00 2236682                    /usr/lib64/libffi.so.6.0.2
7fb5b58f5000-7fb5b58f6000 rw-p 00007000 fd:00 2236682                    /usr/lib64/libffi.so.6.0.2
7fb5b58f6000-7fb5b5907000 r-xp 00000000 fd:00 2236444                    /usr/lib64/libXext.so.6.4.0
7fb5b5907000-7fb5b5b06000 ---p 00011000 fd:00 2236444                    /usr/lib64/libXext.so.6.4.0
7fb5b5b06000-7fb5b5b07000 r--p 00010000 fd:00 2236444                    /usr/lib64/libXext.so.6.4.0
7fb5b5b07000-7fb5b5b08000 rw-p 00011000 fd:00 2236444                    /usr/lib64/libXext.so.6.4.0
7fb5b5b08000-7fb5b5b0a000 r-xp 00000000 fd:00 2236441                    /usr/lib64/libXdamage.so.1.1.0
7fb5b5b0a000-7fb5b5d09000 ---p 00002000 fd:00 2236441                    /usr/lib64/libXdamage.so.1.1.0
7fb5b5d09000-7fb5b5d0a000 r--p 00001000 fd:00 2236441                    /usr/lib64/libXdamage.so.1.1.0
7fb5b5d0a000-7fb5b5d0b000 rw-p 00002000 fd:00 2236441                    /usr/lib64/libXdamage.so.1.1.0
7fb5b5d0b000-7fb5b5d0d000 r-xp 00000000 fd:00 2236439                    /usr/lib64/libXcomposite.so.1.0.0
7fb5b5d0d000-7fb5b5f0c000 ---p 00002000 fd:00 2236439                    /usr/lib64/libXcomposite.so.1.0.0
7fb5b5f0c000-7fb5b5f0d000 r--p 00001000 fd:00 2236439                    /usr/lib64/libXcomposite.so.1.0.0
7fb5b5f0d000-7fb5b5f0e000 rw-p 00002000 fd:00 2236439                    /usr/lib64/libXcomposite.so.1.0.0
7fb5b5f0e000-7fb5b5f18000 r-xp 00000000 fd:00 2236440                    /usr/lib64/libXcursor.so.1.0.2
7fb5b5f18000-7fb5b6117000 ---p 0000a000 fd:00 2236440                    /usr/lib64/libXcursor.so.1.0.2
7fb5b6117000-7fb5b6118000 r--p 00009000 fd:00 2236440                    /usr/lib64/libXcursor.so.1.0.2
7fb5b6118000-7fb5b6119000 rw-p 0000a000 fd:00 2236440                    /usr/lib64/libXcursor.so.1.0.2
7fb5b6119000-7fb5b6122000 r-xp 00000000 fd:00 2236453                    /usr/lib64/libXrandr.so.2.2.0
7fb5b6122000-7fb5b6321000 ---p 00009000 fd:00 2236453                    /usr/lib64/libXrandr.so.2.2.0
7fb5b6321000-7fb5b6322000 r--p 00008000 fd:00 2236453                    /usr/lib64/libXrandr.so.2.2.0
7fb5b6322000-7fb5b6323000 rw-p 00009000 fd:00 2236453                    /usr/lib64/libXrandr.so.2.2.0
7fb5b6323000-7fb5b6332000 r-xp 00000000 fd:00 2236448                    /usr/lib64/libXi.so.6.1.0
7fb5b6332000-7fb5b6531000 ---p 0000f000 fd:00 2236448                    /usr/lib64/libXi.so.6.1.0
7fb5b6531000-7fb5b6532000 r--p 0000e000 fd:00 2236448                    /usr/lib64/libXi.so.6.1.0
7fb5b6532000-7fb5b6533000 rw-p 0000f000 fd:00 2236448                    /usr/lib64/libXi.so.6.1.0
7fb5b6533000-7fb5b6535000 r-xp 00000000 fd:00 2236449                    /usr/lib64/libXinerama.so.1.0.0
7fb5b6535000-7fb5b6734000 ---p 00002000 fd:00 2236449                    /usr/lib64/libXinerama.so.1.0.0
7fb5b6734000-7fb5b6735000 r--p 00001000 fd:00 2236449                    /usr/lib64/libXinerama.so.1.0.0
7fb5b6735000-7fb5b6736000 rw-p 00002000 fd:00 2236449                    /usr/lib64/libXinerama.so.1.0.0
7fb5b6736000-7fb5b673f000 r-xp 00000000 fd:00 2236454                    /usr/lib64/libXrender.so.1.3.0
7fb5b673f000-7fb5b693e000 ---p 00009000 fd:00 2236454                    /usr/lib64/libXrender.so.1.3.0
7fb5b693e000-7fb5b693f000 r--p 00008000 fd:00 2236454                    /usr/lib64/libXrender.so.1.3.0
7fb5b693f000-7fb5b6940000 rw-p 00009000 fd:00 2236454                    /usr/lib64/libXrender.so.1.3.0
7fb5b6940000-7fb5b6945000 r-xp 00000000 fd:00 2236445                    /usr/lib64/libXfixes.so.3.1.0
7fb5b6945000-7fb5b6b44000 ---p 00005000 fd:00 2236445                    /usr/lib64/libXfixes.so.3.1.0
7fb5b6b44000-7fb5b6b45000 r--p 00004000 fd:00 2236445                    /usr/lib64/libXfixes.so.3.1.0
7fb5b6b45000-7fb5b6b46000 rw-p 00005000 fd:00 2236445                    /usr/lib64/libXfixes.so.3.1.0
7fb5b6b46000-7fb5b6b5c000 r-xp 00000000 fd:00 2238760                    /usr/lib64/libgcc_s-5.1.1-20150618.so.1
7fb5b6b5c000-7fb5b6d5b000 ---p 00016000 fd:00 2238760                    /usr/lib64/libgcc_s-5.1.1-20150618.so.1
7fb5b6d5b000-7fb5b6d5c000 r--p 00015000 fd:00 2238760                    /usr/lib64/libgcc_s-5.1.1-20150618.so.1
7fb5b6d5c000-7fb5b6d5d000 rw-p 00016000 fd:00 2238760                    /usr/lib64/libgcc_s-5.1.1-20150618.so.1
7fb5b6d5d000-7fb5b6ecf000 r-xp 00000000 fd:00 2235932                    /usr/lib64/libstdc++.so.6.0.21
7fb5b6ecf000-7fb5b70cf000 ---p 00172000 fd:00 2235932                    /usr/lib64/libstdc++.so.6.0.21
7fb5b70cf000-7fb5b70d9000 r--p 00172000 fd:00 2235932                    /usr/lib64/libstdc++.so.6.0.21
7fb5b70d9000-7fb5b70db000 rw-p 0017c000 fd:00 2235932                    /usr/lib64/libstdc++.so.6.0.21
7fb5b70db000-7fb5b70df000 rw-p 00000000 00:00 0 
7fb5b70df000-7fb5b7173000 r-xp 00000000 fd:00 2235594                    /usr/lib64/libGL.so.1.2.0
7fb5b7173000-7fb5b7372000 ---p 00094000 fd:00 2235594                    /usr/lib64/libGL.so.1.2.0
7fb5b7372000-7fb5b7375000 r--p 00093000 fd:00 2235594                    /usr/lib64/libGL.so.1.2.0
7fb5b7375000-7fb5b7376000 rw-p 00096000 fd:00 2235594                    /usr/lib64/libGL.so.1.2.0
7fb5b7376000-7fb5b7377000 rw-p 00000000 00:00 0 
7fb5b7377000-7fb5b737c000 r-xp 00000000 fd:00 2236462                    /usr/lib64/libXxf86vm.so.1.0.0
7fb5b737c000-7fb5b757b000 ---p 00005000 fd:00 2236462                    /usr/lib64/libXxf86vm.so.1.0.0
7fb5b757b000-7fb5b757c000 r--p 00004000 fd:00 2236462                    /usr/lib64/libXxf86vm.so.1.0.0
7fb5b757c000-7fb5b757d000 rw-p 00005000 fd:00 2236462                    /usr/lib64/libXxf86vm.so.1.0.0
7fb5b757d000-7fb5b76b8000 r-xp 00000000 fd:00 2236436                    /usr/lib64/libX11.so.6.3.0
7fb5b76b8000-7fb5b78b8000 ---p 0013b000 fd:00 2236436                    /usr/lib64/libX11.so.6.3.0
7fb5b78b8000-7fb5b78b9000 r--p 0013b000 fd:00 2236436                    /usr/lib64/libX11.so.6.3.0
7fb5b78b9000-7fb5b78be000 rw-p 0013c000 fd:00 2236436                    /usr/lib64/libX11.so.6.3.0
7fb5b78be000-7fb5b78c3000 r-xp 00000000 fd:00 2236456                    /usr/lib64/libXtst.so.6.1.0
7fb5b78c3000-7fb5b7ac2000 ---p 00005000 fd:00 2236456                    /usr/lib64/libXtst.so.6.1.0
7fb5b7ac2000-7fb5b7ac3000 r--p 00004000 fd:00 2236456                    /usr/lib64/libXtst.so.6.1.0
7fb5b7ac3000-7fb5b7ac4000 rw-p 00005000 fd:00 2236456                    /usr/lib64/libXtst.so.6.1.0
7fb5b7ac4000-7fb5b7bfb000 r-xp 00000000 fd:00 2235516                    /usr/lib64/libglib-2.0.so.0.4400.1
7fb5b7bfb000-7fb5b7dfb000 ---p 00137000 fd:00 2235516                    /usr/lib64/libglib-2.0.so.0.4400.1
7fb5b7dfb000-7fb5b7dfc000 r--p 00137000 fd:00 2235516                    /usr/lib64/libglib-2.0.so.0.4400.1
7fb5b7dfc000-7fb5b7dfd000 rw-p 00138000 fd:00 2235516                    /usr/lib64/libglib-2.0.so.0.4400.1
7fb5b7dfd000-7fb5b7dfe000 rw-p 00000000 00:00 0 
7fb5b7dfe000-7fb5b7dff000 r-xp 00000000 fd:00 2235584                    /usr/lib64/libgthread-2.0.so.0.4400.1
7fb5b7dff000-7fb5b7ffe000 ---p 00001000 fd:00 2235584                    /usr/lib64/libgthread-2.0.so.0.4400.1
7fb5b7ffe000-7fb5b7fff000 r--p 00000000 fd:00 2235584                    /usr/lib64/libgthread-2.0.so.0.4400.1
7fb5b7fff000-7fb5b8000000 rw-p 00001000 fd:00 2235584                    /usr/lib64/libgthread-2.0.so.0.4400.1
7fb5b8000000-7fb5b8021000 rw-p 00000000 00:00 0 
7fb5b8021000-7fb5bc000000 ---p 00000000 00:00 0 
7fb5bc000000-7fb5bed9e000 rw-p 00000000 00:00 0 
7fb5bed9e000-7fb5c0000000 ---p 00000000 00:00 0 
7fb5c0000000-7fb5c0365000 rw-p 00000000 00:00 0 
7fb5c0365000-7fb5c4000000 ---p 00000000 00:00 0 
7fb5c4000000-7fb5c4021000 rw-p 00000000 00:00 0 
7fb5c4021000-7fb5c8000000 ---p 00000000 00:00 0 
7fb5c8000000-7fb5c876b000 rw-p 00000000 00:00 0 
7fb5c876b000-7fb5cc000000 ---p 00000000 00:00 0 
7fb5cc000000-7fb5cc957000 rw-p 00000000 00:00 0 
7fb5cc957000-7fb5d0000000 ---p 00000000 00:00 0 
7fb5d0000000-7fb5d0021000 rw-p 00000000 00:00 0 
7fb5d0021000-7fb5d4000000 ---p 00000000 00:00 0 
7fb5d4000000-7fb5d4001000 rw-p 00000000 00:00 0 
7fb5d4001000-7fb5d4002000 rw-s 00000000 00:05 67639                      /drm mm object (deleted)
7fb5d4002000-7fb5d4003000 rw-s 00000000 00:05 67640                      /drm mm object (deleted)
7fb5d4003000-7fb5d4005000 rw-p 00000000 00:00 0 
7fb5d4005000-7fb5d403f000 r--p 00000000 fd:00 160850                     /usr/lib/jvm/jdk1.8.0_66/jre/lib/fonts/LucidaTypewriterBold.ttf
7fb5d403f000-7fb5d407b000 r--p 00000000 fd:00 160849                     /usr/lib/jvm/jdk1.8.0_66/jre/lib/fonts/LucidaTypewriterRegular.ttf
7fb5d407b000-7fb5d40c9000 r--p 00000000 fd:00 160846                     /usr/lib/jvm/jdk1.8.0_66/jre/lib/fonts/LucidaSansDemiBold.ttf
7fb5d40c9000-7fb5d40cc000 r-xp 00000000 fd:00 2235522                    /usr/lib64/libgmodule-2.0.so.0.4400.1
7fb5d40cc000-7fb5d42cb000 ---p 00003000 fd:00 2235522                    /usr/lib64/libgmodule-2.0.so.0.4400.1
7fb5d42cb000-7fb5d42cc000 r--p 00002000 fd:00 2235522                    /usr/lib64/libgmodule-2.0.so.0.4400.1
7fb5d42cc000-7fb5d42cd000 rw-p 00003000 fd:00 2235522                    /usr/lib64/libgmodule-2.0.so.0.4400.1
7fb5d42cd000-7fb5d431d000 r-xp 00000000 fd:00 2235535                    /usr/lib64/libgobject-2.0.so.0.4400.1
7fb5d431d000-7fb5d451d000 ---p 00050000 fd:00 2235535                    /usr/lib64/libgobject-2.0.so.0.4400.1
7fb5d451d000-7fb5d451e000 r--p 00050000 fd:00 2235535                    /usr/lib64/libgobject-2.0.so.0.4400.1
7fb5d451e000-7fb5d451f000 rw-p 00051000 fd:00 2235535                    /usr/lib64/libgobject-2.0.so.0.4400.1
7fb5d451f000-7fb5d455c000 r-xp 00000000 fd:00 2228951                    /usr/lib64/libfontconfig.so.1.9.0
7fb5d455c000-7fb5d475c000 ---p 0003d000 fd:00 2228951                    /usr/lib64/libfontconfig.so.1.9.0
7fb5d475c000-7fb5d475e000 r--p 0003d000 fd:00 2228951                    /usr/lib64/libfontconfig.so.1.9.0
7fb5d475e000-7fb5d4763000 rw-p 0003f000 fd:00 2228951                    /usr/lib64/libfontconfig.so.1.9.0
7fb5d4763000-7fb5d4805000 r-xp 00000000 fd:00 2235467                    /usr/lib64/libfreetype.so.6.11.4
7fb5d4805000-7fb5d4a04000 ---p 000a2000 fd:00 2235467                    /usr/lib64/libfreetype.so.6.11.4
7fb5d4a04000-7fb5d4a0a000 r--p 000a1000 fd:00 2235467                    /usr/lib64/libfreetype.so.6.11.4
7fb5d4a0a000-7fb5d4a0b000 rw-p 000a7000 fd:00 2235467                    /usr/lib64/libfreetype.so.6.11.4
7fb5d4a0b000-7fb5d4a54000 r-xp 00000000 fd:00 2229493                    /usr/lib64/libpango-1.0.so.0.3600.8
7fb5d4a54000-7fb5d4c54000 ---p 00049000 fd:00 2229493                    /usr/lib64/libpango-1.0.so.0.3600.8
7fb5d4c54000-7fb5d4c56000 r--p 00049000 fd:00 2229493                    /usr/lib64/libpango-1.0.so.0.3600.8
7fb5d4c56000-7fb5d4c57000 rw-p 0004b000 fd:00 2229493                    /usr/lib64/libpango-1.0.so.0.3600.8
7fb5d4c57000-7fb5d4d7b000 r-xp 00000000 fd:00 2236541                    /usr/lib64/libcairo.so.2.11400.2
7fb5d4d7b000-7fb5d4f7a000 ---p 00124000 fd:00 2236541                    /usr/lib64/libcairo.so.2.11400.2
7fb5d4f7a000-7fb5d4f7d000 r--p 00123000 fd:00 2236541                    /usr/lib64/libcairo.so.2.11400.2
7fb5d4f7d000-7fb5d4f7f000 rw-p 00126000 fd:00 2236541                    /usr/lib64/libcairo.so.2.11400.2
7fb5d4f7f000-7fb5d4f80000 rw-p 00000000 00:00 0 
7fb5d4f80000-7fb5d4f8c000 r-xp 00000000 fd:00 2235836                    /usr/lib64/libpangocairo-1.0.so.0.3600.8
7fb5d4f8c000-7fb5d518b000 ---p 0000c000 fd:00 2235836                    /usr/lib64/libpangocairo-1.0.so.0.3600.8
7fb5d518b000-7fb5d518c000 r--p 0000b000 fd:00 2235836                    /usr/lib64/libpangocairo-1.0.so.0.3600.8
7fb5d518c000-7fb5d518d000 rw-p 0000c000 fd:00 2235836                    /usr/lib64/libpangocairo-1.0.so.0.3600.8
7fb5d518d000-7fb5d51b1000 r-xp 00000000 fd:00 2235492                    /usr/lib64/libgdk_pixbuf-2.0.so.0.3100.6
7fb5d51b1000-7fb5d53b1000 ---p 00024000 fd:00 2235492                    /usr/lib64/libgdk_pixbuf-2.0.so.0.3100.6
7fb5d53b1000-7fb5d53b2000 r--p 00024000 fd:00 2235492                    /usr/lib64/libgdk_pixbuf-2.0.so.0.3100.6
7fb5d53b2000-7fb5d53b3000 rw-p 00025000 fd:00 2235492                    /usr/lib64/libgdk_pixbuf-2.0.so.0.3100.6
7fb5d53b3000-7fb5d53c7000 r-xp 00000000 fd:00 2235837                    /usr/lib64/libpangoft2-1.0.so.0.3600.8
7fb5d53c7000-7fb5d55c6000 ---p 00014000 fd:00 2235837                    /usr/lib64/libpangoft2-1.0.so.0.3600.8
7fb5d55c6000-7fb5d55c7000 r--p 00013000 fd:00 2235837                    /usr/lib64/libpangoft2-1.0.so.0.3600.8
7fb5d55c7000-7fb5d55c8000 rw-p 00014000 fd:00 2235837                    /usr/lib64/libpangoft2-1.0.so.0.3600.8
7fb5d55c8000-7fb5d573e000 r-xp 00000000 fd:00 2235509                    /usr/lib64/libgio-2.0.so.0.4400.1
7fb5d573e000-7fb5d593e000 ---p 00176000 fd:00 2235509                    /usr/lib64/libgio-2.0.so.0.4400.1
7fb5d593e000-7fb5d5942000 r--p 00176000 fd:00 2235509                    /usr/lib64/libgio-2.0.so.0.4400.1
7fb5d5942000-7fb5d5944000 rw-p 0017a000 fd:00 2235509                    /usr/lib64/libgio-2.0.so.0.4400.1
7fb5d5944000-7fb5d5946000 rw-p 00000000 00:00 0 
7fb5d5946000-7fb5dc000000 r--p 00000000 fd:00 2237682                    /usr/lib/locale/locale-archive
7fb5dc000000-7fb5dc021000 rw-p 00000000 00:00 0 
7fb5dc021000-7fb5e0000000 ---p 00000000 00:00 0 
7fb5e0000000-7fb5e0021000 rw-p 00000000 00:00 0 
7fb5e0021000-7fb5e4000000 ---p 00000000 00:00 0 
7fb5e4000000-7fb5e4021000 rw-p 00000000 00:00 0 
7fb5e4021000-7fb5e8000000 ---p 00000000 00:00 0 
7fb5e8000000-7fb5e8021000 rw-p 00000000 00:00 0 
7fb5e8021000-7fb5ec000000 ---p 00000000 00:00 0 
7fb5ec000000-7fb5ec021000 rw-p 00000000 00:00 0 
7fb5ec021000-7fb5f0000000 ---p 00000000 00:00 0 
7fb5f0000000-7fb5f0021000 rw-p 00000000 00:00 0 
7fb5f0021000-7fb5f4000000 ---p 00000000 00:00 0 
7fb5f4000000-7fb5f4021000 rw-p 00000000 00:00 0 
7fb5f4021000-7fb5f8000000 ---p 00000000 00:00 0 
7fb5f8000000-7fb5f8001000 rw-s 00000000 00:05 67634                      /drm mm object (deleted)
7fb5f8001000-7fb5f800d000 rw-s 00000000 00:05 66998                      /drm mm object (deleted)
7fb5f800d000-7fb5f8020000 r--p 00000000 fd:00 160848                     /usr/lib/jvm/jdk1.8.0_66/jre/lib/fonts/LucidaBrightDemiItalic.ttf
7fb5f8020000-7fb5f8033000 r--p 00000000 fd:00 160851                     /usr/lib/jvm/jdk1.8.0_66/jre/lib/fonts/LucidaBrightDemiBold.ttf
7fb5f8033000-7fb5f8038000 r--s 00083000 fd:00 160711                     /usr/lib/jvm/jdk1.8.0_66/jre/lib/jfr.jar
7fb5f8038000-7fb5f803a000 r--s 00000000 fd:00 923304                     /var/cache/fontconfig/87f5e051180a7a75f16eb6fe7dbd3749-le64.cache-7
7fb5f803a000-7fb5f8045000 r--s 00000000 fd:00 921923                     /var/cache/fontconfig/b79f3aaa7d385a141ab53ec885cc22a8-le64.cache-7
7fb5f8045000-7fb5f8047000 r--s 00000000 fd:00 923302                     /var/cache/fontconfig/2e1514a9fdd499050989183bb65136db-le64.cache-7
7fb5f8047000-7fb5f8049000 r--s 00000000 fd:00 923300                     /var/cache/fontconfig/3f821257dd33660ba7bbb45c32deb84c-le64.cache-7
7fb5f8049000-7fb5f804a000 r--s 00000000 fd:00 923299                     /var/cache/fontconfig/4e602040080c966cb821813a3e584564-le64.cache-7
7fb5f804a000-7fb5f804d000 r--s 00000000 fd:00 923295                     /var/cache/fontconfig/830f035fa84a65ce80e050178dbb630d-le64.cache-7
7fb5f804d000-7fb5f804e000 r--s 00000000 fd:00 923293                     /var/cache/fontconfig/81a173283b451552b599cfaafd6236bd-le64.cache-7
7fb5f804e000-7fb5f804f000 r--s 00000000 fd:00 923292                     /var/cache/fontconfig/ac68f755438cc3dc5a526084839fc7ca-le64.cache-7
7fb5f804f000-7fb5f8050000 r--s 00000000 fd:00 923291                     /var/cache/fontconfig/f951a6bc01c50d58ac4af16a0108457e-le64.cache-7
7fb5f8050000-7fb5f8051000 r--s 00000000 fd:00 923288                     /var/cache/fontconfig/8cab66d8f642305e525ba3e322d0979c-le64.cache-7
7fb5f8051000-7fb5f8052000 r--s 00000000 fd:00 923195                     /var/cache/fontconfig/12513961c6e7090f8648812f9eaf65d6-le64.cache-7
7fb5f8052000-7fb5f8055000 r--s 00000000 fd:00 923192                     /var/cache/fontconfig/e26bf336397aae6fcef4d3803472adec-le64.cache-7
7fb5f8055000-7fb5f8056000 r--s 00000000 fd:00 923183                     /var/cache/fontconfig/f132fa2327207a6ac3298c0518879731-le64.cache-7
7fb5f8056000-7fb5f8057000 r--s 00000000 fd:00 923316                     /var/cache/fontconfig/6fcb01a03a016cc71057b587cdea6709-le64.cache-7
7fb5f8057000-7fb5f805b000 r--s 00000000 fd:00 923175                     /var/cache/fontconfig/8aa05f52519ebacbdf5713e01a6153b0-le64.cache-7
7fb5f805b000-7fb5f805c000 r--s 00000000 fd:00 923165                     /var/cache/fontconfig/b887eea8f1b96e1d899b44ed6681fc27-le64.cache-7
7fb5f805c000-7fb5f805d000 r--s 00000000 fd:00 923146                     /var/cache/fontconfig/860639f272b8b4b3094f9e399e41bccd-le64.cache-7
7fb5f805d000-7fb5f805e000 r--s 00000000 fd:00 923126                     /var/cache/fontconfig/5d33f04e74a97395cf88bbd83847f1f1-le64.cache-7
7fb5f805e000-7fb5f805f000 r--s 00000000 fd:00 923117                     /var/cache/fontconfig/df893b4576ad6107f9397134092c4059-le64.cache-7
7fb5f805f000-7fb5f8060000 r--s 00000000 fd:00 923114                     /var/cache/fontconfig/1e1e03b57ed9f0c723c5aeafda46c3fb-le64.cache-7
7fb5f8060000-7fb5f8061000 r--s 00000000 fd:00 923112                     /var/cache/fontconfig/900402270e15d763a6e008bb2d4c7686-le64.cache-7
7fb5f8061000-7fb5f8062000 r--s 00000000 fd:00 923108                     /var/cache/fontconfig/47f48679023f44a4d1e44699a69464f6-le64.cache-7
7fb5f8062000-7fb5f8063000 r--s 00000000 fd:00 923106                     /var/cache/fontconfig/2881ed3fd21ca306ddad6f9b0dd3189f-le64.cache-7
7fb5f8063000-7fb5f8064000 r--s 00000000 fd:00 923101                     /var/cache/fontconfig/3c3fb04d32a5211b073874b125d29701-le64.cache-7
7fb5f8064000-7fb5f8065000 r--s 00000000 fd:00 923100                     /var/cache/fontconfig/e61abf8156cc476151baa07d67337cae-le64.cache-7
7fb5f8065000-7fb5f806a000 r--s 00000000 fd:00 923311                     /var/cache/fontconfig/b67b32625a2bb51b023d3814a918f351-le64.cache-7
7fb5f806a000-7fb5f806c000 r--s 00000000 fd:00 923094                     /var/cache/fontconfig/d3379abda271c4acd2ad0c01f565d0b0-le64.cache-7
7fb5f806c000-7fb5f806e000 r--s 00000000 fd:00 923092                     /var/cache/fontconfig/7ee6df7a8311986241317a58487e0145-le64.cache-7
7fb5f806e000-7fb5f8081000 r--s 00000000 fd:00 921966                     /var/cache/fontconfig/614d1caaa4d7914789410f6367de37ca-le64.cache-7
7fb5f8081000-7fb5f808c000 r--s 00000000 fd:00 923307                     /var/cache/fontconfig/12b26b760a24f8b4feb03ad48a333a72-le64.cache-7
7fb5f808c000-7fb5f8093000 r--s 00000000 fd:00 923528                     /var/cache/fontconfig/a4412f743c4d1c8e7d1a441b64ec7319-le64.cache-7
7fb5f8093000-7fb5f80b6000 r-xp 00000000 fd:00 2236486                    /usr/lib64/libatk-1.0.so.0.21609.1
7fb5f80b6000-7fb5f82b5000 ---p 00023000 fd:00 2236486                    /usr/lib64/libatk-1.0.so.0.21609.1
7fb5f82b5000-7fb5f82b8000 r--p 00022000 fd:00 2236486                    /usr/lib64/libatk-1.0.so.0.21609.1
7fb5f82b8000-7fb5f82b9000 rw-p 00025000 fd:00 2236486                    /usr/lib64/libatk-1.0.so.0.21609.1
7fb5f82b9000-7fb5f8376000 r-xp 00000000 fd:00 2236724                    /usr/lib64/libgdk-x11-2.0.so.0.2400.28
7fb5f8376000-7fb5f8575000 ---p 000bd000 fd:00 2236724                    /usr/lib64/libgdk-x11-2.0.so.0.2400.28
7fb5f8575000-7fb5f8579000 r--p 000bc000 fd:00 2236724                    /usr/lib64/libgdk-x11-2.0.so.0.2400.28
7fb5f8579000-7fb5f857b000 rw-p 000c0000 fd:00 2236724                    /usr/lib64/libgdk-x11-2.0.so.0.2400.28
7fb5f857b000-7fb5f89f9000 r-xp 00000000 fd:00 2236821                    /usr/lib64/libgtk-x11-2.0.so.0.2400.28
7fb5f89f9000-7fb5f8bf9000 ---p 0047e000 fd:00 2236821                    /usr/lib64/libgtk-x11-2.0.so.0.2400.28
7fb5f8bf9000-7fb5f8c00000 r--p 0047e000 fd:00 2236821                    /usr/lib64/libgtk-x11-2.0.so.0.2400.28
7fb5f8c00000-7fb5f8c04000 rw-p 00485000 fd:00 2236821                    /usr/lib64/libgtk-x11-2.0.so.0.2400.28
7fb5f8c04000-7fb5f8c07000 rw-p 00000000 00:00 0 
7fb5f8c07000-7fb5f8c13000 r-xp 00000000 fd:00 160804                     /usr/lib/jvm/jdk1.8.0_66/jre/lib/amd64/libprism_es2.so
7fb5f8c13000-7fb5f8e12000 ---p 0000c000 fd:00 160804                     /usr/lib/jvm/jdk1.8.0_66/jre/lib/amd64/libprism_es2.so
7fb5f8e12000-7fb5f8e13000 rw-p 0000b000 fd:00 160804                     /usr/lib/jvm/jdk1.8.0_66/jre/lib/amd64/libprism_es2.so
7fb5f8e13000-7fb5f8e16000 ---p 00000000 00:00 0 
7fb5f8e16000-7fb5f8f14000 rw-p 00000000 00:00 0                          [stack:4489]
7fb5f8f14000-7fb5f8fa9000 r--s 01108000 fd:00 160940                     /usr/lib/jvm/jdk1.8.0_66/jre/lib/ext/jfxrt.jar
7fb5f8fa9000-7fb5f8faa000 ---p 00000000 00:00 0 
7fb5f8faa000-7fb5f90aa000 rw-p 00000000 00:00 0                          [stack:4488]
7fb5f90aa000-7fb5f90ad000 ---p 00000000 00:00 0 
7fb5f90ad000-7fb5f91ab000 rw-p 00000000 00:00 0                          [stack:4487]
7fb5f91ab000-7fb5f91ae000 ---p 00000000 00:00 0 
7fb5f91ae000-7fb5f92ac000 rw-p 00000000 00:00 0                          [stack:4486]
7fb5f92ac000-7fb5f92af000 ---p 00000000 00:00 0 
7fb5f92af000-7fb5f93ad000 rw-p 00000000 00:00 0                          [stack:4485]
7fb5f93ad000-7fb5f93b0000 ---p 00000000 00:00 0 
7fb5f93b0000-7fb5f94ae000 rw-p 00000000 00:00 0                          [stack:4484]
7fb5f94ae000-7fb5f94b1000 ---p 00000000 00:00 0 
7fb5f94b1000-7fb5f95af000 rw-p 00000000 00:00 0                          [stack:4483]
7fb5f95af000-7fb5f95b2000 ---p 00000000 00:00 0 
7fb5f95b2000-7fb5f96b0000 rw-p 00000000 00:00 0                          [stack:4482]
7fb5f96b0000-7fb5f96b3000 ---p 00000000 00:00 0 
7fb5f96b3000-7fb5f97b1000 rw-p 00000000 00:00 0                          [stack:4481]
7fb5f97b1000-7fb5f97b2000 ---p 00000000 00:00 0 
7fb5f97b2000-7fb5fa7c1000 rw-p 00000000 00:00 0                          [stack:4480]
7fb5fa7c1000-7fb5fa99a000 r--s 03d20000 fd:00 160740                     /usr/lib/jvm/jdk1.8.0_66/jre/lib/rt.jar
7fb5fa99a000-7fb5fd000000 rw-p 00000000 00:00 0 
7fb5fd000000-7fb5fd6a0000 rwxp 00000000 00:00 0 
7fb5fd6a0000-7fb60c000000 ---p 00000000 00:00 0 
7fb60c000000-7fb60c4f2000 rw-p 00000000 00:00 0 
7fb60c4f2000-7fb610000000 ---p 00000000 00:00 0 
7fb610000000-7fb610001000 r--s 00000000 fd:00 923093                     /var/cache/fontconfig/b4d0b56f766d89640448751fcd18ec1e-le64.cache-7
7fb610001000-7fb610003000 r--s 00000000 fd:00 922883                     /var/cache/fontconfig/99a1ce9f8b6a0434aadb01d3779b0780-le64.cache-7
7fb610003000-7fb610008000 r--s 00000000 fd:00 921831                     /var/cache/fontconfig/a289f7e03715303a9a1b010d74c00c6a-le64.cache-7
7fb610008000-7fb61000c000 r--s 00000000 fd:00 923303                     /var/cache/fontconfig/beeeeb3dfe132a8a0633a017c99ce0c0-le64.cache-7
7fb61000c000-7fb61001f000 r-xp 00000000 fd:00 2232205                    /usr/lib64/libudev.so.1.6.2
7fb61001f000-7fb610020000 ---p 00013000 fd:00 2232205                    /usr/lib64/libudev.so.1.6.2
7fb610020000-7fb610021000 r--p 00013000 fd:00 2232205                    /usr/lib64/libudev.so.1.6.2
7fb610021000-7fb610022000 rw-p 00014000 fd:00 2232205                    /usr/lib64/libudev.so.1.6.2
7fb610022000-7fb610201000 rw-p 00000000 00:00 0 
7fb610201000-7fb610202000 ---p 00000000 00:00 0 
7fb610202000-7fb610302000 rw-p 00000000 00:00 0                          [stack:4477]
7fb610302000-7fb610303000 ---p 00000000 00:00 0 
7fb610303000-7fb610403000 rw-p 00000000 00:00 0                          [stack:4476]
7fb610403000-7fb610404000 ---p 00000000 00:00 0 
7fb610404000-7fb610504000 rw-p 00000000 00:00 0                          [stack:4475]
7fb610504000-7fb610505000 ---p 00000000 00:00 0 
7fb610505000-7fb610619000 rw-p 00000000 00:00 0                          [stack:4474]
7fb610619000-7fb610745000 ---p 00000000 00:00 0 
7fb610745000-7fb610759000 rw-p 00000000 00:00 0 
7fb610759000-7fb610884000 ---p 00000000 00:00 0 
7fb610884000-7fb61088f000 rw-p 00000000 00:00 0 
7fb61088f000-7fb610924000 ---p 00000000 00:00 0 
7fb610924000-7fb610940000 rw-p 00000000 00:00 0 
7fb610940000-7fb610ce5000 ---p 00000000 00:00 0 
7fb610ce5000-7fb610cff000 r-xp 00000000 fd:00 160796                     /usr/lib/jvm/jdk1.8.0_66/jre/lib/amd64/libzip.so
7fb610cff000-7fb610eff000 ---p 0001a000 fd:00 160796                     /usr/lib/jvm/jdk1.8.0_66/jre/lib/amd64/libzip.so
7fb610eff000-7fb610f00000 rw-p 0001a000 fd:00 160796                     /usr/lib/jvm/jdk1.8.0_66/jre/lib/amd64/libzip.so
7fb610f00000-7fb610f0c000 r-xp 00000000 fd:00 2235757                    /usr/lib64/libnss_files-2.21.so
7fb610f0c000-7fb61110b000 ---p 0000c000 fd:00 2235757                    /usr/lib64/libnss_files-2.21.so
7fb61110b000-7fb61110c000 r--p 0000b000 fd:00 2235757                    /usr/lib64/libnss_files-2.21.so
7fb61110c000-7fb61110d000 rw-p 0000c000 fd:00 2235757                    /usr/lib64/libnss_files-2.21.so
7fb61110d000-7fb611137000 r-xp 00000000 fd:00 160791                     /usr/lib/jvm/jdk1.8.0_66/jre/lib/amd64/libjava.so
7fb611137000-7fb611337000 ---p 0002a000 fd:00 160791                     /usr/lib/jvm/jdk1.8.0_66/jre/lib/amd64/libjava.so
7fb611337000-7fb611339000 rw-p 0002a000 fd:00 160791                     /usr/lib/jvm/jdk1.8.0_66/jre/lib/amd64/libjava.so
7fb611339000-7fb611346000 r-xp 00000000 fd:00 160795                     /usr/lib/jvm/jdk1.8.0_66/jre/lib/amd64/libverify.so
7fb611346000-7fb611546000 ---p 0000d000 fd:00 160795                     /usr/lib/jvm/jdk1.8.0_66/jre/lib/amd64/libverify.so
7fb611546000-7fb611548000 rw-p 0000d000 fd:00 160795                     /usr/lib/jvm/jdk1.8.0_66/jre/lib/amd64/libverify.so
7fb611548000-7fb61154f000 r-xp 00000000 fd:00 2235865                    /usr/lib64/librt-2.21.so
7fb61154f000-7fb61174e000 ---p 00007000 fd:00 2235865                    /usr/lib64/librt-2.21.so
7fb61174e000-7fb61174f000 r--p 00006000 fd:00 2235865                    /usr/lib64/librt-2.21.so
7fb61174f000-7fb611750000 rw-p 00007000 fd:00 2235865                    /usr/lib64/librt-2.21.so
7fb611750000-7fb611857000 r-xp 00000000 fd:00 2235393                    /usr/lib64/libm-2.21.so
7fb611857000-7fb611a56000 ---p 00107000 fd:00 2235393                    /usr/lib64/libm-2.21.so
7fb611a56000-7fb611a57000 r--p 00106000 fd:00 2235393                    /usr/lib64/libm-2.21.so
7fb611a57000-7fb611a58000 rw-p 00107000 fd:00 2235393                    /usr/lib64/libm-2.21.so
7fb611a58000-7fb612716000 r-xp 00000000 fd:00 160818                     /usr/lib/jvm/jdk1.8.0_66/jre/lib/amd64/server/libjvm.so
7fb612716000-7fb612915000 ---p 00cbe000 fd:00 160818                     /usr/lib/jvm/jdk1.8.0_66/jre/lib/amd64/server/libjvm.so
7fb612915000-7fb6129ee000 rw-p 00cbd000 fd:00 160818                     /usr/lib/jvm/jdk1.8.0_66/jre/lib/amd64/server/libjvm.so
7fb6129ee000-7fb612a32000 rw-p 00000000 00:00 0 
7fb612a32000-7fb612be9000 r-xp 00000000 fd:00 2235248                    /usr/lib64/libc-2.21.so
7fb612be9000-7fb612de8000 ---p 001b7000 fd:00 2235248                    /usr/lib64/libc-2.21.so
7fb612de8000-7fb612dec000 r--p 001b6000 fd:00 2235248                    /usr/lib64/libc-2.21.so
7fb612dec000-7fb612dee000 rw-p 001ba000 fd:00 2235248                    /usr/lib64/libc-2.21.so
7fb612dee000-7fb612df2000 rw-p 00000000 00:00 0 
7fb612df2000-7fb612df5000 r-xp 00000000 fd:00 2235371                    /usr/lib64/libdl-2.21.so
7fb612df5000-7fb612ff4000 ---p 00003000 fd:00 2235371                    /usr/lib64/libdl-2.21.so
7fb612ff4000-7fb612ff5000 r--p 00002000 fd:00 2235371                    /usr/lib64/libdl-2.21.so
7fb612ff5000-7fb612ff6000 rw-p 00003000 fd:00 2235371                    /usr/lib64/libdl-2.21.so
7fb612ff6000-7fb61300b000 r-xp 00000000 fd:00 160814                     /usr/lib/jvm/jdk1.8.0_66/jre/lib/amd64/jli/libjli.so
7fb61300b000-7fb61320b000 ---p 00015000 fd:00 160814                     /usr/lib/jvm/jdk1.8.0_66/jre/lib/amd64/jli/libjli.so
7fb61320b000-7fb61320c000 rw-p 00015000 fd:00 160814                     /usr/lib/jvm/jdk1.8.0_66/jre/lib/amd64/jli/libjli.so
7fb61320c000-7fb613223000 r-xp 00000000 fd:00 2235761                    /usr/lib64/libpthread-2.21.so
7fb613223000-7fb613422000 ---p 00017000 fd:00 2235761                    /usr/lib64/libpthread-2.21.so
7fb613422000-7fb613423000 r--p 00016000 fd:00 2235761                    /usr/lib64/libpthread-2.21.so
7fb613423000-7fb613424000 rw-p 00017000 fd:00 2235761                    /usr/lib64/libpthread-2.21.so
7fb613424000-7fb613428000 rw-p 00000000 00:00 0 
7fb613428000-7fb613449000 r-xp 00000000 fd:00 2237522                    /usr/lib64/ld-2.21.so
7fb613449000-7fb61344b000 r--s 00000000 fd:00 921988                     /var/cache/fontconfig/f9d379b867d7c69c85310a4f24e5228f-le64.cache-7
7fb61344b000-7fb61344c000 r--s 00000000 fd:00 921976                     /var/cache/fontconfig/a0c19c2c21e758d73376b5942921cc72-le64.cache-7
7fb61344c000-7fb613454000 r--s 000c4000 fd:02 1967137                    /home/XyzC/NetBeansProjects/ClinicManagementProject/dist/run1896332569/lib/mysql-connector-java-5.1.23-bin.jar
7fb613454000-7fb61345c000 rw-s 00000000 00:05 65660                      /drm mm object (deleted)
7fb61345c000-7fb613464000 rw-s 00000000 00:05 67626                      /drm mm object (deleted)
7fb613464000-7fb61346c000 rw-s 00000000 00:05 66985                      /drm mm object (deleted)
7fb61346c000-7fb613529000 rw-p 00000000 00:00 0 
7fb613529000-7fb61352c000 ---p 00000000 00:00 0 
7fb61352c000-7fb61362e000 rw-p 00000000 00:00 0                          [stack:4472]
7fb61362e000-7fb61362f000 r--s 00000000 fd:00 921793                     /var/cache/fontconfig/3640555adad8a8f6978400293cfce7ab-le64.cache-7
7fb61362f000-7fb613631000 r--s 00000000 fd:00 921759                     /var/cache/fontconfig/b3043b29744cf0a429678d296f5e4026-le64.cache-7
7fb613631000-7fb613632000 rw-s 00000000 00:05 66981                      /drm mm object (deleted)
7fb613632000-7fb613633000 rw-s 104c80000 00:06 8758                      /dev/dri/card0
7fb613633000-7fb61363b000 rw-s 00000000 00:05 66980                      /drm mm object (deleted)
7fb61363b000-7fb61363d000 r--s 00020000 fd:02 1967133                    /home/XyzC/NetBeansProjects/ClinicManagementProject/dist/run1896332569/ClinicManagement.jar
7fb61363d000-7fb613645000 rw-s 00000000 00:24 65630                      /tmp/hsperfdata_XyzC/4469
7fb613645000-7fb613646000 rw-p 00000000 00:00 0 
7fb613646000-7fb613647000 r--p 00000000 00:00 0 
7fb613647000-7fb613648000 rw-p 00000000 00:00 0 
7fb613648000-7fb613649000 r--p 00020000 fd:00 2237522                    /usr/lib64/ld-2.21.so
7fb613649000-7fb61364a000 rw-p 00021000 fd:00 2237522                    /usr/lib64/ld-2.21.so
7fb61364a000-7fb61364b000 rw-p 00000000 00:00 0 
7ffd2ff6c000-7ffd2ff8d000 rw-p 00000000 00:00 0                          [stack]
7ffd2fff7000-7ffd2fff9000 r--p 00000000 00:00 0                          [vvar]
7ffd2fff9000-7ffd2fffb000 r-xp 00000000 00:00 0                          [vdso]
ffffffffff600000-ffffffffff601000 r-xp 00000000 00:00 0                  [vsyscall]

VM Arguments:
jvm_args: -Dfile.encoding=UTF-8 
java_command: /home/XyzC/NetBeansProjects/ClinicManagementProject/dist/run1896332569/ClinicManagement.jar
java_class_path (initial): /home/XyzC/NetBeansProjects/ClinicManagementProject/dist/run1896332569/ClinicManagement.jar
Launcher Type: SUN_STANDARD

Environment Variables:
PATH=/usr/lib64/qt-3.3/bin:/usr/local/bin:/usr/local/sbin:/usr/bin:/usr/sbin:/bin:/sbin:/home/XyzC/.local/bin:/home/XyzC/bin
USERNAME=XyzC
LD_LIBRARY_PATH=/usr/lib/jvm/jdk1.8.0_66/jre/lib/amd64:/usr/lib/jvm/jdk1.8.0_66/jre/lib/i386:
SHELL=/bin/bash
DISPLAY=:0

Signal Handlers:
SIGSEGV: [libjvm.so+0xaba2a0], sa_mask[0]=11111111011111111101111111111110, sa_flags=SA_RESTART|SA_SIGINFO
SIGBUS: [libjvm.so+0xaba2a0], sa_mask[0]=11111111011111111101111111111110, sa_flags=SA_RESTART|SA_SIGINFO
SIGFPE: [libjvm.so+0x917710], sa_mask[0]=11111111011111111101111111111110, sa_flags=SA_RESTART|SA_SIGINFO
SIGPIPE: SIG_IGN, sa_mask[0]=00000000000010000000000000000000, sa_flags=SA_RESTART
SIGXFSZ: [libjvm.so+0x917710], sa_mask[0]=11111111011111111101111111111110, sa_flags=SA_RESTART|SA_SIGINFO
SIGILL: [libjvm.so+0x917710], sa_mask[0]=11111111011111111101111111111110, sa_flags=SA_RESTART|SA_SIGINFO
SIGUSR1: SIG_DFL, sa_mask[0]=00000000000000000000000000000000, sa_flags=none
SIGUSR2: [libjvm.so+0x918d40], sa_mask[0]=00100000000000000000000000000000, sa_flags=SA_RESTART|SA_SIGINFO
SIGHUP: [libjvm.so+0x91a140], sa_mask[0]=11111111011111111101111111111110, sa_flags=SA_RESTART|SA_SIGINFO
SIGINT: SIG_IGN, sa_mask[0]=00000000000000000000000000000000, sa_flags=none
SIGTERM: [libjvm.so+0x91a140], sa_mask[0]=11111111011111111101111111111110, sa_flags=SA_RESTART|SA_SIGINFO
SIGQUIT: [libjvm.so+0x91a140], sa_mask[0]=11111111011111111101111111111110, sa_flags=SA_RESTART|SA_SIGINFO


---------------  S Y S T E M  ---------------

OS:Fedora release 22 (Twenty Two)

uname:Linux 4.2.3-200.fc22.x86_64 #1 SMP Thu Oct 8 03:23:55 UTC 2015 x86_64
libc:glibc 2.21 NPTL 2.21 
rlimit: STACK 8192k, CORE 0k, NPROC 4096, NOFILE 4096, AS infinity
load average:1,66 1,46 1,40

/proc/meminfo:
MemTotal:        3919720 kB
MemFree:           33216 kB
MemAvailable:    1137552 kB
Buffers:           80568 kB
Cached:          1259128 kB
SwapCached:            0 kB
Active:          2607916 kB
Inactive:        1013884 kB
Active(anon):    2081616 kB
Inactive(anon):   487324 kB
Active(file):     526300 kB
Inactive(file):   526560 kB
Unevictable:           0 kB
Mlocked:               0 kB
SwapTotal:       3932156 kB
SwapFree:        3931672 kB
Dirty:               104 kB
Writeback:             0 kB
AnonPages:       2282192 kB
Mapped:           479960 kB
Shmem:            286856 kB
Slab:             139320 kB
SReclaimable:      80720 kB
SUnreclaim:        58600 kB
KernelStack:       10848 kB
PageTables:        55712 kB
NFS_Unstable:          0 kB
Bounce:                0 kB
WritebackTmp:          0 kB
CommitLimit:     5892016 kB
Committed_AS:    7140808 kB
VmallocTotal:   34359738367 kB
VmallocUsed:      557232 kB
VmallocChunk:   34358423548 kB
HardwareCorrupted:     0 kB
AnonHugePages:         0 kB
HugePages_Total:       0
HugePages_Free:        0
HugePages_Rsvd:        0
HugePages_Surp:        0
Hugepagesize:       2048 kB
DirectMap4k:      155388 kB
DirectMap2M:     3911680 kB


CPU:total 4 (2 cores per cpu, 2 threads per core) family 6 model 58 stepping 9, cmov, cx8, fxsr, mmx, sse, sse2, sse3, ssse3, sse4.1, sse4.2, popcnt, avx, aes, clmul, erms, ht, tsc, tscinvbit, tscinv

/proc/cpuinfo:
processor	: 0
vendor_id	: GenuineIntel
cpu family	: 6
model		: 58
model name	: Intel(R) Core(TM) i5-3230M CPU @ 2.60GHz
stepping	: 9
microcode	: 0x1b
cpu MHz		: 1317.570
cache size	: 3072 KB
physical id	: 0
siblings	: 4
core id		: 0
cpu cores	: 2
apicid		: 0
initial apicid	: 0
fpu		: yes
fpu_exception	: yes
cpuid level	: 13
wp		: yes
flags		: fpu vme de pse tsc msr pae mce cx8 apic sep mtrr pge mca cmov pat pse36 clflush dts acpi mmx fxsr sse sse2 ss ht tm pbe syscall nx rdtscp lm constant_tsc arch_perfmon pebs bts rep_good nopl xtopology nonstop_tsc aperfmperf eagerfpu pni pclmulqdq dtes64 monitor ds_cpl vmx est tm2 ssse3 cx16 xtpr pdcm pcid sse4_1 sse4_2 x2apic popcnt tsc_deadline_timer aes xsave avx f16c rdrand lahf_lm ida arat epb pln pts dtherm tpr_shadow vnmi flexpriority ept vpid fsgsbase smep erms xsaveopt
bugs		:
bogomips	: 5188.16
clflush size	: 64
cache_alignment	: 64
address sizes	: 36 bits physical, 48 bits virtual
power management:

processor	: 1
vendor_id	: GenuineIntel
cpu family	: 6
model		: 58
model name	: Intel(R) Core(TM) i5-3230M CPU @ 2.60GHz
stepping	: 9
microcode	: 0x1b
cpu MHz		: 1570.156
cache size	: 3072 KB
physical id	: 0
siblings	: 4
core id		: 0
cpu cores	: 2
apicid		: 1
initial apicid	: 1
fpu		: yes
fpu_exception	: yes
cpuid level	: 13
wp		: yes
flags		: fpu vme de pse tsc msr pae mce cx8 apic sep mtrr pge mca cmov pat pse36 clflush dts acpi mmx fxsr sse sse2 ss ht tm pbe syscall nx rdtscp lm constant_tsc arch_perfmon pebs bts rep_good nopl xtopology nonstop_tsc aperfmperf eagerfpu pni pclmulqdq dtes64 monitor ds_cpl vmx est tm2 ssse3 cx16 xtpr pdcm pcid sse4_1 sse4_2 x2apic popcnt tsc_deadline_timer aes xsave avx f16c rdrand lahf_lm ida arat epb pln pts dtherm tpr_shadow vnmi flexpriority ept vpid fsgsbase smep erms xsaveopt
bugs		:
bogomips	: 5188.16
clflush size	: 64
cache_alignment	: 64
address sizes	: 36 bits physical, 48 bits virtual
power management:

processor	: 2
vendor_id	: GenuineIntel
cpu family	: 6
model		: 58
model name	: Intel(R) Core(TM) i5-3230M CPU @ 2.60GHz
stepping	: 9
microcode	: 0x1b
cpu MHz		: 1385.312
cache size	: 3072 KB
physical id	: 0
siblings	: 4
core id		: 1
cpu cores	: 2
apicid		: 2
initial apicid	: 2
fpu		: yes
fpu_exception	: yes
cpuid level	: 13
wp		: yes
flags		: fpu vme de pse tsc msr pae mce cx8 apic sep mtrr pge mca cmov pat pse36 clflush dts acpi mmx fxsr sse sse2 ss ht tm pbe syscall nx rdtscp lm constant_tsc arch_perfmon pebs bts rep_good nopl xtopology nonstop_tsc aperfmperf eagerfpu pni pclmulqdq dtes64 monitor ds_cpl vmx est tm2 ssse3 cx16 xtpr pdcm pcid sse4_1 sse4_2 x2apic popcnt tsc_deadline_timer aes xsave avx f16c rdrand lahf_lm ida arat epb pln pts dtherm tpr_shadow vnmi flexpriority ept vpid fsgsbase smep erms xsaveopt
bugs		:
bogomips	: 5188.16
clflush size	: 64
cache_alignment	: 64
address sizes	: 36 bits physical, 48 bits virtual
power management:

processor	: 3
vendor_id	: GenuineIntel
cpu family	: 6
model		: 58
model name	: Intel(R) Core(TM) i5-3230M CPU @ 2.60GHz
stepping	: 9
microcode	: 0x1b
cpu MHz		: 1328.335
cache size	: 3072 KB
physical id	: 0
siblings	: 4
core id		: 1
cpu cores	: 2
apicid		: 3
initial apicid	: 3
fpu		: yes
fpu_exception	: yes
cpuid level	: 13
wp		: yes
flags		: fpu vme de pse tsc msr pae mce cx8 apic sep mtrr pge mca cmov pat pse36 clflush dts acpi mmx fxsr sse sse2 ss ht tm pbe syscall nx rdtscp lm constant_tsc arch_perfmon pebs bts rep_good nopl xtopology nonstop_tsc aperfmperf eagerfpu pni pclmulqdq dtes64 monitor ds_cpl vmx est tm2 ssse3 cx16 xtpr pdcm pcid sse4_1 sse4_2 x2apic popcnt tsc_deadline_timer aes xsave avx f16c rdrand lahf_lm ida arat epb pln pts dtherm tpr_shadow vnmi flexpriority ept vpid fsgsbase smep erms xsaveopt
bugs		:
bogomips	: 5188.16
clflush size	: 64
cache_alignment	: 64
address sizes	: 36 bits physical, 48 bits virtual
power management:



Memory: 4k page, physical 3919720k(33216k free), swap 3932156k(3931672k free)

vm_info: Java HotSpot(TM) 64-Bit Server VM (25.66-b17) for linux-amd64 JRE (1.8.0_66-b17), built on Oct  6 2015 17:28:34 by "java_re" with gcc 4.3.0 20080428 (Red Hat 4.3.0-8)

time: Thu Dec 10 01:57:51 2015
elapsed time: 9 seconds (0d 0h 0m 9s)

