#
# A fatal error has been detected by the Java Runtime Environment:
#
#  SIGSEGV (0xb) at pc=0x00007f175418eed2, pid=14974, tid=139736918927104
#
# JRE version: Java(TM) SE Runtime Environment (8.0_25-b17) (build 1.8.0_25-b17)
# Java VM: Java HotSpot(TM) 64-Bit Server VM (25.25-b02 mixed mode linux-amd64 compressed oops)
# Problematic frame:
# j  com.sun.glass.ui.gtk.GtkView.notifyInputMethodDraw(Ljava/lang/String;III)V+25
#
# Failed to write core dump. Core dumps have been disabled. To enable core dumping, try "ulimit -c unlimited" before starting Java again
#
# If you would like to submit a bug report, please visit:
#   http://bugreport.sun.com/bugreport/crash.jsp
#

---------------  T H R E A D  ---------------

Current thread (0x00007f1764363000):  JavaThread "JavaFX Application Thread" [_thread_in_Java, id=14996, stack(0x00007f17095a2000,0x00007f17096a3000)]

siginfo: si_signo: 11 (SIGSEGV), si_code: 2 (SEGV_ACCERR), si_addr: 0x00000000f4014348

Registers:
RAX=0x0000000000100000, RBX=0x00007f1751072ee0, RCX=0x00000000f4014348, RDX=0x0000000080500002
RSP=0x00007f17096a0630, RBP=0x00007f17096a0688, RSI=0x00007f175417e940, RDI=0x00007f17096a0760
R8 =0x00007f175417e940, R9 =0x00007f17096a0908, R10=0x00007f176960e440, R11=0x0000000000017101
R12=0x0000000000000000, R13=0x00007f17514d38d1, R14=0x00007f17096a06b8, R15=0x00007f1764363000
RIP=0x00007f175418eed2, EFLAGS=0x0000000000010206, CSGSFS=0x0000000000000033, ERR=0x0000000000000004
  TRAPNO=0x000000000000000e

Top of Stack: (sp=0x00007f17096a0630)
0x00007f17096a0630:   00007f175417598d 0000000000000000
0x00007f17096a0640:   00000000f4014348 00007f17096a0648
0x00007f17096a0650:   00007f17514d38d1 00007f17096a06b8
0x00007f17096a0660:   00007f17514dd408 00007f16ebab4920
0x00007f17096a0670:   00007f17514d38f8 0000000000000000
0x00007f17096a0680:   00007f17096a0698 00007f17096a0720
0x00007f17096a0690:   00007f175416e4e7 00007f1700000000
0x00007f17096a06a0:   0000000000000002 00007f1600000000
0x00007f17096a06b0:   0000000000000000 00007f16f4014318
0x00007f17096a06c0:   0000000000001fa0 00007f17643637d8
0x00007f17096a06d0:   00007f1764363000 00007f17096a07a0
0x00007f17096a06e0:   00007f16f4014318 00007f17096a0760
0x00007f17096a06f0:   00007f17096a0760 00007f17096a0ab8
0x00007f17096a0700:   00007f160000000a 00007f17514d38f8
0x00007f17096a0710:   00007f175417e940 00007f17096a0908
0x00007f17096a0720:   00007f17096a0890 00007f1768d16086
0x00007f17096a0730:   00007f1700000005 00007f1764363000
0x00007f17096a0740:   00007f17096a0900 00007f17096a0ab0
0x00007f17096a0750:   00007f175417e940 000000000000000a
0x00007f17096a0760:   00007f1764363000 00007f16f4000a30
0x00007f17096a0770:   00007f17514d38f8 00007f16f4014318
0x00007f17096a0780:   00007f17096a1800 00007f17541836a8
0x00007f17096a0790:   00007f17096a1860 00007f17096a0ab0
0x00007f17096a07a0:   00007f1764363000 00007f1764363780
0x00007f17096a07b0:   00007f17643637c0 00007f17643637e0
0x00007f17096a07c0:   00007f17643638a8 00000000000000d8
0x00007f17096a07d0:   00007f17096a1a90 56b97268dcc21800
0x00007f17096a07e0:   00007f17514d38f8 00007f1764363000
0x00007f17096a07f0:   00007f17642eae50 00007f17642eae68
0x00007f17096a0800:   00007f17514d38f8 00007f1764363000
0x00007f17096a0810:   00007f17096a0820 00007f1714b54dd7
0x00007f17096a0820:   0001000100000008 000000010005f320 

Instructions: (pc=0x00007f175418eed2)
0x00007f175418eeb2:   60 69 17 7f 00 00 49 8b 14 d2 52 41 8b d5 4c 8b
0x00007f175418eec2:   6d c8 8b c2 81 e0 00 00 10 00 0f 84 6a 01 00 00
0x00007f175418eed2:   48 3b 01 48 8b 45 e0 48 85 c0 0f 84 12 00 00 00
0x00007f175418eee2:   48 83 40 08 01 48 83 58 08 00 48 83 c0 30 48 89 

Register to memory mapping:

RAX=0x0000000000100000 is an unknown value
RBX={method} {0x00007f1751072ee0} 'setLength' '(I)V' in 'java/lang/StringBuilder'
RCX=0x00000000f4014348 is an unallocated location in the heap
RDX=0x0000000080500002 is an unknown value
RSP=0x00007f17096a0630 is pointing into the stack for thread: 0x00007f1764363000
RBP=0x00007f17096a0688 is pointing into the stack for thread: 0x00007f1764363000
RSI=0x00007f175417e940 is at code_begin+0 in an Interpreter codelet
method entry point (kind = zerolocals)  [0x00007f175417e940, 0x00007f175417edc0]  1152 bytes
RDI=0x00007f17096a0760 is pointing into the stack for thread: 0x00007f1764363000
R8 =0x00007f175417e940 is at code_begin+0 in an Interpreter codelet
method entry point (kind = zerolocals)  [0x00007f175417e940, 0x00007f175417edc0]  1152 bytes
R9 =0x00007f17096a0908 is pointing into the stack for thread: 0x00007f1764363000
R10=0x00007f176960e440: <offset 0xf5c440> in /usr/lib/jvm/jdk1.8.0_25/jre/lib/amd64/server/libjvm.so at 0x00007f17686b2000
R11=0x0000000000017101 is an unknown value
R12=0x0000000000000000 is an unknown value
R13=0x00007f17514d38d1 is pointing into metadata
R14=0x00007f17096a06b8 is pointing into the stack for thread: 0x00007f1764363000
R15=0x00007f1764363000 is a thread


Stack: [0x00007f17095a2000,0x00007f17096a3000],  sp=0x00007f17096a0630,  free space=1017k
Native frames: (J=compiled Java code, j=interpreted, Vv=VM code, C=native code)
j  com.sun.glass.ui.gtk.GtkView.notifyInputMethodDraw(Ljava/lang/String;III)V+25
v  ~StubRoutines::call_stub
V  [libjvm.so+0x664086]  JavaCalls::call_helper(JavaValue*, methodHandle*, JavaCallArguments*, Thread*)+0x1056
V  [libjvm.so+0x6aa05b]  jni_invoke_nonstatic(JNIEnv_*, JavaValue*, _jobject*, JNICallType, _jmethodID*, JNI_ArgumentPusher*, Thread*)+0x41b
V  [libjvm.so+0x6ba06f]  jni_CallVoidMethodV+0x10f
C  [libglass.so+0x145e8]  JNIEnv_::CallVoidMethod(_jobject*, _jmethodID*, ...)+0x98
C  [libglass.so+0x1a93a]  im_preedit_draw(_XIM*, char*, char*)+0x8a
C  [libX11.so.6+0x591d8]
C  0x0000000000000000


---------------  P R O C E S S  ---------------

Java Threads: ( => current thread )
  0x00007f16f441b000 JavaThread "Prism Font Disposer" daemon [_thread_blocked, id=15003, stack(0x00007f170823a000,0x00007f170833b000)]
  0x00007f16f4250000 JavaThread "Abandoned connection cleanup thread" daemon [_thread_blocked, id=15000, stack(0x00007f17091a0000,0x00007f17092a1000)]
  0x00007f1764367000 JavaThread "JavaFX-Launcher" [_thread_blocked, id=14997, stack(0x00007f17094a1000,0x00007f17095a2000)]
=>0x00007f1764363000 JavaThread "JavaFX Application Thread" [_thread_in_Java, id=14996, stack(0x00007f17095a2000,0x00007f17096a3000)]
  0x00007f176435f800 JavaThread "Thread-1" daemon [_thread_blocked, id=14995, stack(0x00007f17096a3000,0x00007f17097a4000)]
  0x00007f17642b2000 JavaThread "QuantumRenderer-0" daemon [_thread_blocked, id=14992, stack(0x00007f1742ab5000,0x00007f1742bb6000)]
  0x00007f176417b000 JavaThread "Service Thread" daemon [_thread_blocked, id=14990, stack(0x00007f1742cb7000,0x00007f1742db8000)]
  0x00007f1764178000 JavaThread "C1 CompilerThread2" daemon [_thread_blocked, id=14989, stack(0x00007f1742db8000,0x00007f1742eb9000)]
  0x00007f1764176000 JavaThread "C2 CompilerThread1" daemon [_thread_blocked, id=14988, stack(0x00007f1742eb9000,0x00007f1742fba000)]
  0x00007f1764173000 JavaThread "C2 CompilerThread0" daemon [_thread_blocked, id=14987, stack(0x00007f1742fba000,0x00007f17430bb000)]
  0x00007f1764171000 JavaThread "Signal Dispatcher" daemon [_thread_blocked, id=14986, stack(0x00007f17430bb000,0x00007f17431bc000)]
  0x00007f1764143800 JavaThread "Finalizer" daemon [_thread_blocked, id=14985, stack(0x00007f1743afb000,0x00007f1743bfc000)]
  0x00007f1764141800 JavaThread "Reference Handler" daemon [_thread_blocked, id=14984, stack(0x00007f1743bfc000,0x00007f1743cfd000)]
  0x00007f176400a000 JavaThread "main" [_thread_blocked, id=14978, stack(0x00007f176a137000,0x00007f176a238000)]

Other Threads:
  0x00007f176413a000 VMThread [stack: 0x00007f1743cfd000,0x00007f1743dfe000] [id=14983]
  0x00007f1764181800 WatcherThread [stack: 0x00007f1742bb6000,0x00007f1742cb7000] [id=14991]

VM state:not at safepoint (normal execution)

VM Mutex/Monitor currently owned by a thread: None

Heap:
 PSYoungGen      total 31232K, used 3474K [0x00000000ec100000, 0x00000000ee700000, 0x0000000100000000)
  eden space 28160K, 2% used [0x00000000ec100000,0x00000000ec1c49e8,0x00000000edc80000)
  from space 3072K, 87% used [0x00000000ee400000,0x00000000ee6a0020,0x00000000ee700000)
  to   space 5120K, 0% used [0x00000000edd00000,0x00000000edd00000,0x00000000ee200000)
 ParOldGen       total 27648K, used 6989K [0x00000000c4200000, 0x00000000c5d00000, 0x00000000ec100000)
  object space 27648K, 25% used [0x00000000c4200000,0x00000000c48d3438,0x00000000c5d00000)
 Metaspace       used 21555K, capacity 22676K, committed 22704K, reserved 1069056K
  class space    used 3008K, capacity 3225K, committed 3248K, reserved 1048576K

Card table byte_map: [0x00007f1753bce000,0x00007f1753dae000] byte_map_base: 0x00007f17535ad000

Marking Bits: (ParMarkBitMap*) 0x00007f176960c2c0
 Begin Bits: [0x00007f17519da000, 0x00007f17528d2000)
 End Bits:   [0x00007f17528d2000, 0x00007f17537ca000)

Polling page: 0x00007f176a253000

CodeCache: size=245760Kb used=10298Kb max_used=10552Kb free=235461Kb
 bounds [0x00007f175416e000, 0x00007f1754bce000, 0x00007f176316e000]
 total_blobs=3921 nmethods=3220 adapters=613
 compilation: enabled

Compilation events (10 events):
Event: 50,051 Thread 0x00007f1764178000 3287       1       com.sun.javafx.geom.BoxBounds::is2D (2 bytes)
Event: 50,051 Thread 0x00007f1764178000 nmethod 3287 0x00007f17544e1010 code [0x00007f17544e1160, 0x00007f17544e1270]
Event: 50,051 Thread 0x00007f1764178000 3285       1       com.sun.glass.ui.Screen::getHeight (5 bytes)
Event: 50,052 Thread 0x00007f1764178000 nmethod 3285 0x00007f17544e0d50 code [0x00007f17544e0ea0, 0x00007f17544e0fb0]
Event: 50,052 Thread 0x00007f1764178000 3286       1       com.sun.glass.ui.Screen::getWidth (5 bytes)
Event: 50,052 Thread 0x00007f1764178000 nmethod 3286 0x00007f17544e0a90 code [0x00007f17544e0be0, 0x00007f17544e0cf0]
Event: 50,052 Thread 0x00007f1764178000 3288       3       com.sun.prism.paint.Color::<init> (106 bytes)
Event: 50,053 Thread 0x00007f1764178000 nmethod 3288 0x00007f17544310d0 code [0x00007f17544312a0, 0x00007f17544315f0]
Event: 50,367 Thread 0x00007f1764178000 3289       3       javafx.scene.input.MouseEvent::copyFor (17 bytes)
Event: 50,368 Thread 0x00007f1764178000 nmethod 3289 0x00007f1754430c50 code [0x00007f1754430dc0, 0x00007f1754431008]

GC Heap History (10 events):
Event: 15,333 GC heap before
{Heap before GC invocations=3 (full 0):
 PSYoungGen      total 17920K, used 17888K [0x00000000ec100000, 0x00000000ed500000, 0x0000000100000000)
  eden space 15360K, 100% used [0x00000000ec100000,0x00000000ed000000,0x00000000ed000000)
  from space 2560K, 98% used [0x00000000ed280000,0x00000000ed4f8070,0x00000000ed500000)
  to   space 2560K, 0% used [0x00000000ed000000,0x00000000ed000000,0x00000000ed280000)
 ParOldGen       total 40960K, used 2757K [0x00000000c4200000, 0x00000000c6a00000, 0x00000000ec100000)
  object space 40960K, 6% used [0x00000000c4200000,0x00000000c44b17a8,0x00000000c6a00000)
 Metaspace       used 18552K, capacity 19138K, committed 19456K, reserved 1067008K
  class space    used 2581K, capacity 2720K, committed 2816K, reserved 1048576K
Event: 15,343 GC heap after
Heap after GC invocations=3 (full 0):
 PSYoungGen      total 17920K, used 2544K [0x00000000ec100000, 0x00000000ed500000, 0x0000000100000000)
  eden space 15360K, 0% used [0x00000000ec100000,0x00000000ec100000,0x00000000ed000000)
  from space 2560K, 99% used [0x00000000ed000000,0x00000000ed27c068,0x00000000ed280000)
  to   space 2560K, 0% used [0x00000000ed280000,0x00000000ed280000,0x00000000ed500000)
 ParOldGen       total 40960K, used 4053K [0x00000000c4200000, 0x00000000c6a00000, 0x00000000ec100000)
  object space 40960K, 9% used [0x00000000c4200000,0x00000000c45f57e8,0x00000000c6a00000)
 Metaspace       used 18552K, capacity 19138K, committed 19456K, reserved 1067008K
  class space    used 2581K, capacity 2720K, committed 2816K, reserved 1048576K
}
Event: 15,587 GC heap before
{Heap before GC invocations=4 (full 0):
 PSYoungGen      total 17920K, used 17904K [0x00000000ec100000, 0x00000000ed500000, 0x0000000100000000)
  eden space 15360K, 100% used [0x00000000ec100000,0x00000000ed000000,0x00000000ed000000)
  from space 2560K, 99% used [0x00000000ed000000,0x00000000ed27c068,0x00000000ed280000)
  to   space 2560K, 0% used [0x00000000ed280000,0x00000000ed280000,0x00000000ed500000)
 ParOldGen       total 40960K, used 4053K [0x00000000c4200000, 0x00000000c6a00000, 0x00000000ec100000)
  object space 40960K, 9% used [0x00000000c4200000,0x00000000c45f57e8,0x00000000c6a00000)
 Metaspace       used 19370K, capacity 20130K, committed 20352K, reserved 1067008K
  class space    used 2715K, capacity 2888K, committed 2944K, reserved 1048576K
Event: 15,593 GC heap after
Heap after GC invocations=4 (full 0):
 PSYoungGen      total 17920K, used 2544K [0x00000000ec100000, 0x00000000ed500000, 0x0000000100000000)
  eden space 15360K, 0% used [0x00000000ec100000,0x00000000ec100000,0x00000000ed000000)
  from space 2560K, 99% used [0x00000000ed280000,0x00000000ed4fc068,0x00000000ed500000)
  to   space 2560K, 0% used [0x00000000ed000000,0x00000000ed000000,0x00000000ed280000)
 ParOldGen       total 40960K, used 4613K [0x00000000c4200000, 0x00000000c6a00000, 0x00000000ec100000)
  object space 40960K, 11% used [0x00000000c4200000,0x00000000c4681438,0x00000000c6a00000)
 Metaspace       used 19370K, capacity 20130K, committed 20352K, reserved 1067008K
  class space    used 2715K, capacity 2888K, committed 2944K, reserved 1048576K
}
Event: 15,809 GC heap before
{Heap before GC invocations=5 (full 0):
 PSYoungGen      total 17920K, used 9207K [0x00000000ec100000, 0x00000000ed500000, 0x0000000100000000)
  eden space 15360K, 43% used [0x00000000ec100000,0x00000000ec781e60,0x00000000ed000000)
  from space 2560K, 99% used [0x00000000ed280000,0x00000000ed4fc068,0x00000000ed500000)
  to   space 2560K, 0% used [0x00000000ed000000,0x00000000ed000000,0x00000000ed280000)
 ParOldGen       total 40960K, used 4613K [0x00000000c4200000, 0x00000000c6a00000, 0x00000000ec100000)
  object space 40960K, 11% used [0x00000000c4200000,0x00000000c4681438,0x00000000c6a00000)
 Metaspace       used 20284K, capacity 21254K, committed 21296K, reserved 1067008K
  class space    used 2885K, capacity 3078K, committed 3120K, reserved 1048576K
Event: 15,818 GC heap after
Heap after GC invocations=5 (full 0):
 PSYoungGen      total 17920K, used 2528K [0x00000000ec100000, 0x00000000ee900000, 0x0000000100000000)
  eden space 15360K, 0% used [0x00000000ec100000,0x00000000ec100000,0x00000000ed000000)
  from space 2560K, 98% used [0x00000000ed000000,0x00000000ed278060,0x00000000ed280000)
  to   space 5120K, 0% used [0x00000000ee400000,0x00000000ee400000,0x00000000ee900000)
 ParOldGen       total 40960K, used 5369K [0x00000000c4200000, 0x00000000c6a00000, 0x00000000ec100000)
  object space 40960K, 13% used [0x00000000c4200000,0x00000000c473e460,0x00000000c6a00000)
 Metaspace       used 20284K, capacity 21254K, committed 21296K, reserved 1067008K
  class space    used 2885K, capacity 3078K, committed 3120K, reserved 1048576K
}
Event: 15,818 GC heap before
{Heap before GC invocations=6 (full 1):
 PSYoungGen      total 17920K, used 2528K [0x00000000ec100000, 0x00000000ee900000, 0x0000000100000000)
  eden space 15360K, 0% used [0x00000000ec100000,0x00000000ec100000,0x00000000ed000000)
  from space 2560K, 98% used [0x00000000ed000000,0x00000000ed278060,0x00000000ed280000)
  to   space 5120K, 0% used [0x00000000ee400000,0x00000000ee400000,0x00000000ee900000)
 ParOldGen       total 40960K, used 5369K [0x00000000c4200000, 0x00000000c6a00000, 0x00000000ec100000)
  object space 40960K, 13% used [0x00000000c4200000,0x00000000c473e460,0x00000000c6a00000)
 Metaspace       used 20284K, capacity 21254K, committed 21296K, reserved 1067008K
  class space    used 2885K, capacity 3078K, committed 3120K, reserved 1048576K
Event: 15,864 GC heap after
Heap after GC invocations=6 (full 1):
 PSYoungGen      total 17920K, used 0K [0x00000000ec100000, 0x00000000ee900000, 0x0000000100000000)
  eden space 15360K, 0% used [0x00000000ec100000,0x00000000ec100000,0x00000000ed000000)
  from space 2560K, 0% used [0x00000000ed000000,0x00000000ed000000,0x00000000ed280000)
  to   space 5120K, 0% used [0x00000000ee400000,0x00000000ee400000,0x00000000ee900000)
 ParOldGen       total 27648K, used 6981K [0x00000000c4200000, 0x00000000c5d00000, 0x00000000ec100000)
  object space 27648K, 25% used [0x00000000c4200000,0x00000000c48d1438,0x00000000c5d00000)
 Metaspace       used 20283K, capacity 21252K, committed 21296K, reserved 1067008K
  class space    used 2884K, capacity 3077K, committed 3120K, reserved 1048576K
}
Event: 49,788 GC heap before
{Heap before GC invocations=7 (full 1):
 PSYoungGen      total 17920K, used 15360K [0x00000000ec100000, 0x00000000ee900000, 0x0000000100000000)
  eden space 15360K, 100% used [0x00000000ec100000,0x00000000ed000000,0x00000000ed000000)
  from space 2560K, 0% used [0x00000000ed000000,0x00000000ed000000,0x00000000ed280000)
  to   space 5120K, 0% used [0x00000000ee400000,0x00000000ee400000,0x00000000ee900000)
 ParOldGen       total 27648K, used 6981K [0x00000000c4200000, 0x00000000c5d00000, 0x00000000ec100000)
  object space 27648K, 25% used [0x00000000c4200000,0x00000000c48d1438,0x00000000c5d00000)
 Metaspace       used 21552K, capacity 22676K, committed 22704K, reserved 1069056K
  class space    used 3008K, capacity 3225K, committed 3248K, reserved 1048576K
Event: 49,796 GC heap after
Heap after GC invocations=7 (full 1):
 PSYoungGen      total 31232K, used 2688K [0x00000000ec100000, 0x00000000ee700000, 0x0000000100000000)
  eden space 28160K, 0% used [0x00000000ec100000,0x00000000ec100000,0x00000000edc80000)
  from space 3072K, 87% used [0x00000000ee400000,0x00000000ee6a0020,0x00000000ee700000)
  to   space 5120K, 0% used [0x00000000edd00000,0x00000000edd00000,0x00000000ee200000)
 ParOldGen       total 27648K, used 6989K [0x00000000c4200000, 0x00000000c5d00000, 0x00000000ec100000)
  object space 27648K, 25% used [0x00000000c4200000,0x00000000c48d3438,0x00000000c5d00000)
 Metaspace       used 21552K, capacity 22676K, committed 22704K, reserved 1069056K
  class space    used 3008K, capacity 3225K, committed 3248K, reserved 1048576K
}

Deoptimization events (10 events):
Event: 1,471 Thread 0x00007f1764363000 Uncommon trap: reason=class_check action=maybe_recompile pc=0x00007f1754290e38 method=java.lang.String.equals(Ljava/lang/Object;)Z @ 8
Event: 1,589 Thread 0x00007f1764363000 Uncommon trap: reason=class_check action=maybe_recompile pc=0x00007f1754290e38 method=java.lang.String.equals(Ljava/lang/Object;)Z @ 8
Event: 1,712 Thread 0x00007f1764363000 Uncommon trap: reason=unloaded action=reinterpret pc=0x00007f17543c3ed8 method=java.lang.CharacterData.of(I)Ljava/lang/CharacterData; @ 96
Event: 15,295 Thread 0x00007f1764363000 Uncommon trap: reason=unreached action=reinterpret pc=0x00007f17547296b8 method=javafx.scene.Node.getProperties()Ljavafx/collections/ObservableMap; @ 4
Event: 15,792 Thread 0x00007f1764363000 Uncommon trap: reason=array_check action=maybe_recompile pc=0x00007f175489ed58 method=com.sun.javafx.css.SimpleSelector.applies(Ljavafx/css/Styleable;[Ljava/util/Set;I)Z @ 37
Event: 15,792 Thread 0x00007f1764363000 Uncommon trap: reason=array_check action=maybe_recompile pc=0x00007f175489ed58 method=com.sun.javafx.css.SimpleSelector.applies(Ljavafx/css/Styleable;[Ljava/util/Set;I)Z @ 37
Event: 15,793 Thread 0x00007f1764363000 Uncommon trap: reason=array_check action=maybe_recompile pc=0x00007f175489ed58 method=com.sun.javafx.css.SimpleSelector.applies(Ljavafx/css/Styleable;[Ljava/util/Set;I)Z @ 37
Event: 15,793 Thread 0x00007f1764363000 Uncommon trap: reason=array_check action=maybe_recompile pc=0x00007f175489ed58 method=com.sun.javafx.css.SimpleSelector.applies(Ljavafx/css/Styleable;[Ljava/util/Set;I)Z @ 37
Event: 17,657 Thread 0x00007f1764363000 Uncommon trap: reason=unreached action=reinterpret pc=0x00007f17549a7b84 method=javafx.scene.CssStyleHelper.lookup(Ljavafx/css/Styleable;Ljavafx/css/CssMetaData;Lcom/sun/javafx/css/StyleMap;Ljava/util/Set;Ljavafx/css/Styleable;Lcom/sun/javafx/css/Calculat
Event: 26,920 Thread 0x00007f1764363000 Uncommon trap: reason=class_check action=maybe_recompile pc=0x00007f1754a24494 method=javafx.scene.Node.updateLocalToParentTransform()V @ 11

Internal exceptions (10 events):
Event: 17,630 Thread 0x00007f1764363000 Exception <a 'java/security/PrivilegedActionException'> (0x00000000ecc3bfb8) thrown at [/HUDSON/workspace/8-2-build-linux-amd64/jdk8u25/1514/hotspot/src/share/vm/prims/jvm.cpp, line 1312]
Event: 17,630 Thread 0x00007f1764363000 Exception <a 'java/security/PrivilegedActionException'> (0x00000000ecc3c998) thrown at [/HUDSON/workspace/8-2-build-linux-amd64/jdk8u25/1514/hotspot/src/share/vm/prims/jvm.cpp, line 1312]
Event: 17,631 Thread 0x00007f1764363000 Exception <a 'java/security/PrivilegedActionException'> (0x00000000ecc5b7e8) thrown at [/HUDSON/workspace/8-2-build-linux-amd64/jdk8u25/1514/hotspot/src/share/vm/prims/jvm.cpp, line 1312]
Event: 17,631 Thread 0x00007f1764363000 Exception <a 'java/security/PrivilegedActionException'> (0x00000000ecc5c190) thrown at [/HUDSON/workspace/8-2-build-linux-amd64/jdk8u25/1514/hotspot/src/share/vm/prims/jvm.cpp, line 1312]
Event: 17,631 Thread 0x00007f1764363000 Exception <a 'java/security/PrivilegedActionException'> (0x00000000ecc5ca18) thrown at [/HUDSON/workspace/8-2-build-linux-amd64/jdk8u25/1514/hotspot/src/share/vm/prims/jvm.cpp, line 1312]
Event: 17,631 Thread 0x00007f1764363000 Exception <a 'java/security/PrivilegedActionException'> (0x00000000ecc5d360) thrown at [/HUDSON/workspace/8-2-build-linux-amd64/jdk8u25/1514/hotspot/src/share/vm/prims/jvm.cpp, line 1312]
Event: 17,631 Thread 0x00007f1764363000 Exception <a 'java/security/PrivilegedActionException'> (0x00000000ecc5dbe8) thrown at [/HUDSON/workspace/8-2-build-linux-amd64/jdk8u25/1514/hotspot/src/share/vm/prims/jvm.cpp, line 1312]
Event: 17,631 Thread 0x00007f1764363000 Exception <a 'java/security/PrivilegedActionException'> (0x00000000ecc5e530) thrown at [/HUDSON/workspace/8-2-build-linux-amd64/jdk8u25/1514/hotspot/src/share/vm/prims/jvm.cpp, line 1312]
Event: 17,631 Thread 0x00007f1764363000 Exception <a 'java/security/PrivilegedActionException'> (0x00000000ecc79df8) thrown at [/HUDSON/workspace/8-2-build-linux-amd64/jdk8u25/1514/hotspot/src/share/vm/prims/jvm.cpp, line 1312]
Event: 17,631 Thread 0x00007f1764363000 Exception <a 'java/security/PrivilegedActionException'> (0x00000000ecc7a780) thrown at [/HUDSON/workspace/8-2-build-linux-amd64/jdk8u25/1514/hotspot/src/share/vm/prims/jvm.cpp, line 1312]

Events (10 events):
Event: 43,047 Thread 0x00007f1764178000 flushing nmethod 0x00007f1754431a90
Event: 43,047 Thread 0x00007f1764178000 flushing nmethod 0x00007f1754448510
Event: 44,061 Thread 0x00007f1764178000 flushing nmethod 0x00007f17544847d0
Event: 44,061 Thread 0x00007f1764178000 flushing nmethod 0x00007f1754498510
Event: 44,061 Thread 0x00007f1764178000 flushing nmethod 0x00007f175449ab50
Event: 44,061 Thread 0x00007f1764178000 flushing nmethod 0x00007f17544dbe10
Event: 44,061 Thread 0x00007f1764178000 flushing nmethod 0x00007f17544e0650
Event: 45,059 Thread 0x00007f1764178000 flushing nmethod 0x00007f1754512850
Event: 49,788 Executing VM operation: ParallelGCFailedAllocation
Event: 49,796 Executing VM operation: ParallelGCFailedAllocation done


Dynamic libraries:
00400000-00401000 r-xp 00000000 08:07 267404                             /usr/lib/jvm/jdk1.8.0_25/jre/bin/java
00600000-00601000 rw-p 00000000 08:07 267404                             /usr/lib/jvm/jdk1.8.0_25/jre/bin/java
01568000-01589000 rw-p 00000000 00:00 0                                  [heap]
c4200000-c5d00000 rw-p 00000000 00:00 0 
c5d00000-ec100000 ---p 00000000 00:00 0 
ec100000-ee700000 rw-p 00000000 00:00 0 
ee700000-100000000 ---p 00000000 00:00 0 
100000000-10032c000 rw-p 00000000 00:00 0 
10032c000-140000000 ---p 00000000 00:00 0 
7f16eb91f000-7f16eb9c9000 r--p 00000000 08:07 1968774                    /usr/share/fonts/truetype/dejavu/DejaVuSans-Bold.ttf
7f16eb9c9000-7f16ebac9000 rw-p 00000000 00:00 0 
7f16ebac9000-7f16ebbc9000 ---p 00000000 00:00 0 
7f16ebbc9000-7f16ebdc9000 rw-p 00000000 00:00 0 
7f16ebdc9000-7f16ebdd1000 rw-s 00000000 00:04 193498                     /drm mm object (deleted)
7f16ebdd1000-7f16ebdd9000 rw-s 00000000 00:04 196697                     /drm mm object (deleted)
7f16ebdd9000-7f16ebde0000 r--s 00000000 08:07 1312917                    /usr/lib/x86_64-linux-gnu/gconv/gconv-modules.cache
7f16ebde0000-7f16ebe40000 rw-s 102d60000 00:05 9846                      /dev/dri/card0
7f16ebe40000-7f16ec000000 rw-s 00000000 00:04 194899                     /drm mm object (deleted)
7f16ec000000-7f16ec021000 rw-p 00000000 00:00 0 
7f16ec021000-7f16f0000000 ---p 00000000 00:00 0 
7f16f0000000-7f16f0021000 rw-p 00000000 00:00 0 
7f16f0021000-7f16f4000000 ---p 00000000 00:00 0 
7f16f4000000-7f16f480a000 rw-p 00000000 00:00 0 
7f16f480a000-7f16f8000000 ---p 00000000 00:00 0 
7f16f8000000-7f16f8021000 rw-p 00000000 00:00 0 
7f16f8021000-7f16fc000000 ---p 00000000 00:00 0 
7f16fc000000-7f16fc022000 rw-p 00000000 00:00 0 
7f16fc022000-7f1700000000 ---p 00000000 00:00 0 
7f1700000000-7f1700021000 rw-p 00000000 00:00 0 
7f1700021000-7f1704000000 ---p 00000000 00:00 0 
7f1704000000-7f1704021000 rw-p 00000000 00:00 0 
7f1704021000-7f1708000000 ---p 00000000 00:00 0 
7f1708005000-7f1708007000 rw-p 00000000 00:00 0 
7f1708007000-7f1708015000 rw-s 102b44000 00:05 9846                      /dev/dri/card0
7f1708015000-7f1708017000 rw-s 00000000 00:04 193536                     /drm mm object (deleted)
7f1708017000-7f1708018000 rw-p 00000000 00:00 0 
7f1708018000-7f1708019000 rw-s 00000000 00:04 196631                     /drm mm object (deleted)
7f1708019000-7f170801a000 rw-s 00000000 00:04 196630                     /drm mm object (deleted)
7f170801a000-7f170801b000 rw-s 00000000 00:04 190199                     /drm mm object (deleted)
7f170801b000-7f1708027000 rw-s 00000000 00:04 193441                     /drm mm object (deleted)
7f1708027000-7f170803a000 r--s 00344000 08:07 2495517                    /usr/lib/jvm/jdk1.8.0_25/jre/lib/resources.jar
7f170803a000-7f170823a000 rw-p 00000000 00:00 0 
7f170823a000-7f170823d000 ---p 00000000 00:00 0 
7f170823d000-7f170833b000 rw-p 00000000 00:00 0                          [stack:15003]
7f170833b000-7f17083f1000 r--p 00000000 08:07 1968775                    /usr/share/fonts/truetype/dejavu/DejaVuSans.ttf
7f17083f1000-7f1708446000 r--p 00000000 08:07 133747                     /usr/lib/jvm/jdk1.8.0_25/jre/lib/fonts/LucidaBrightRegular.ttf
7f1708446000-7f1708459000 r--p 00000000 08:07 133751                     /usr/lib/jvm/jdk1.8.0_25/jre/lib/fonts/LucidaBrightDemiBold.ttf
7f1708459000-7f1708495000 r--p 00000000 08:07 133745                     /usr/lib/jvm/jdk1.8.0_25/jre/lib/fonts/LucidaTypewriterRegular.ttf
7f1708495000-7f1708540000 r--p 00000000 08:07 133749                     /usr/lib/jvm/jdk1.8.0_25/jre/lib/fonts/LucidaSansRegular.ttf
7f1708540000-7f170857a000 r--p 00000000 08:07 133748                     /usr/lib/jvm/jdk1.8.0_25/jre/lib/fonts/LucidaTypewriterBold.ttf
7f170857a000-7f170857e000 r-xp 00000000 08:07 2495494                    /usr/lib/jvm/jdk1.8.0_25/jre/lib/amd64/libjavafx_font_pango.so
7f170857e000-7f170877d000 ---p 00004000 08:07 2495494                    /usr/lib/jvm/jdk1.8.0_25/jre/lib/amd64/libjavafx_font_pango.so
7f170877d000-7f170877e000 r--p 00003000 08:07 2495494                    /usr/lib/jvm/jdk1.8.0_25/jre/lib/amd64/libjavafx_font_pango.so
7f170877e000-7f170877f000 rw-p 00004000 08:07 2495494                    /usr/lib/jvm/jdk1.8.0_25/jre/lib/amd64/libjavafx_font_pango.so
7f170877f000-7f170897f000 rw-p 00000000 00:00 0 
7f170897f000-7f1708984000 r-xp 00000000 08:07 2495444                    /usr/lib/jvm/jdk1.8.0_25/jre/lib/amd64/libjavafx_font_freetype.so
7f1708984000-7f1708b83000 ---p 00005000 08:07 2495444                    /usr/lib/jvm/jdk1.8.0_25/jre/lib/amd64/libjavafx_font_freetype.so
7f1708b83000-7f1708b84000 r--p 00004000 08:07 2495444                    /usr/lib/jvm/jdk1.8.0_25/jre/lib/amd64/libjavafx_font_freetype.so
7f1708b84000-7f1708b85000 rw-p 00005000 08:07 2495444                    /usr/lib/jvm/jdk1.8.0_25/jre/lib/amd64/libjavafx_font_freetype.so
7f1708b85000-7f1708b88000 r-xp 00000000 08:07 2495448                    /usr/lib/jvm/jdk1.8.0_25/jre/lib/amd64/libjavafx_font.so
7f1708b88000-7f1708d87000 ---p 00003000 08:07 2495448                    /usr/lib/jvm/jdk1.8.0_25/jre/lib/amd64/libjavafx_font.so
7f1708d87000-7f1708d88000 r--p 00002000 08:07 2495448                    /usr/lib/jvm/jdk1.8.0_25/jre/lib/amd64/libjavafx_font.so
7f1708d88000-7f1708d89000 rw-p 00003000 08:07 2495448                    /usr/lib/jvm/jdk1.8.0_25/jre/lib/amd64/libjavafx_font.so
7f1708d89000-7f1708d9f000 r-xp 00000000 08:07 2495477                    /usr/lib/jvm/jdk1.8.0_25/jre/lib/amd64/libnet.so
7f1708d9f000-7f1708f9f000 ---p 00016000 08:07 2495477                    /usr/lib/jvm/jdk1.8.0_25/jre/lib/amd64/libnet.so
7f1708f9f000-7f1708fa0000 rw-p 00016000 08:07 2495477                    /usr/lib/jvm/jdk1.8.0_25/jre/lib/amd64/libnet.so
7f1708fa0000-7f17091a0000 rw-p 00000000 00:00 0 
7f17091a0000-7f17091a3000 ---p 00000000 00:00 0 
7f17091a3000-7f17094a1000 rw-p 00000000 00:00 0                          [stack:15000]
7f17094a1000-7f17094a4000 ---p 00000000 00:00 0 
7f17094a4000-7f17095a2000 rw-p 00000000 00:00 0                          [stack:14997]
7f17095a2000-7f17095a5000 ---p 00000000 00:00 0 
7f17095a5000-7f17096a3000 rw-p 00000000 00:00 0                          [stack:14996]
7f17096a3000-7f17096a6000 ---p 00000000 00:00 0 
7f17096a6000-7f17097a4000 rw-p 00000000 00:00 0                          [stack:14995]
7f17097a4000-7f17097a5000 ---p 00000000 00:00 0 
7f17097a5000-7f1709fa5000 rw-p 00000000 00:00 0                          [stack:14994]
7f1709fa5000-7f1709fa6000 ---p 00000000 00:00 0 
7f1709fa6000-7f170a7a6000 rw-p 00000000 00:00 0                          [stack:14993]
7f170a7a6000-7f170a7b1000 r-xp 00000000 08:07 1313010                    /usr/lib/x86_64-linux-gnu/gio/modules/libdconfsettings.so
7f170a7b1000-7f170a9b1000 ---p 0000b000 08:07 1313010                    /usr/lib/x86_64-linux-gnu/gio/modules/libdconfsettings.so
7f170a9b1000-7f170a9b2000 r--p 0000b000 08:07 1313010                    /usr/lib/x86_64-linux-gnu/gio/modules/libdconfsettings.so
7f170a9b2000-7f170a9b3000 rw-p 0000c000 08:07 1313010                    /usr/lib/x86_64-linux-gnu/gio/modules/libdconfsettings.so
7f170a9b3000-7f170a9cc000 r-xp 00000000 08:07 1313014                    /usr/lib/x86_64-linux-gnu/gio/modules/libgioremote-volume-monitor.so
7f170a9cc000-7f170abcc000 ---p 00019000 08:07 1313014                    /usr/lib/x86_64-linux-gnu/gio/modules/libgioremote-volume-monitor.so
7f170abcc000-7f170abcf000 r--p 00019000 08:07 1313014                    /usr/lib/x86_64-linux-gnu/gio/modules/libgioremote-volume-monitor.so
7f170abcf000-7f170abd0000 rw-p 0001c000 08:07 1313014                    /usr/lib/x86_64-linux-gnu/gio/modules/libgioremote-volume-monitor.so
7f170abd0000-7f170ac04000 r-xp 00000000 08:07 1313315                    /usr/lib/x86_64-linux-gnu/gvfs/libgvfscommon.so
7f170ac04000-7f170ae04000 ---p 00034000 08:07 1313315                    /usr/lib/x86_64-linux-gnu/gvfs/libgvfscommon.so
7f170ae04000-7f170ae09000 r--p 00034000 08:07 1313315                    /usr/lib/x86_64-linux-gnu/gvfs/libgvfscommon.so
7f170ae09000-7f170ae0a000 rw-p 00039000 08:07 1313315                    /usr/lib/x86_64-linux-gnu/gvfs/libgvfscommon.so
7f170ae0a000-7f170ae39000 r-xp 00000000 08:07 1313015                    /usr/lib/x86_64-linux-gnu/gio/modules/libgvfsdbus.so
7f170ae39000-7f170b039000 ---p 0002f000 08:07 1313015                    /usr/lib/x86_64-linux-gnu/gio/modules/libgvfsdbus.so
7f170b039000-7f170b03a000 r--p 0002f000 08:07 1313015                    /usr/lib/x86_64-linux-gnu/gio/modules/libgvfsdbus.so
7f170b03a000-7f170b03b000 rw-p 00030000 08:07 1313015                    /usr/lib/x86_64-linux-gnu/gio/modules/libgvfsdbus.so
7f170b03b000-7f170b03c000 rw-p 00000000 00:00 0 
7f170b03c000-7f170b043000 r-xp 00000000 08:07 1058871                    /usr/lib/x86_64-linux-gnu/libogg.so.0.8.1
7f170b043000-7f170b243000 ---p 00007000 08:07 1058871                    /usr/lib/x86_64-linux-gnu/libogg.so.0.8.1
7f170b243000-7f170b244000 r--p 00007000 08:07 1058871                    /usr/lib/x86_64-linux-gnu/libogg.so.0.8.1
7f170b244000-7f170b245000 rw-p 00008000 08:07 1058871                    /usr/lib/x86_64-linux-gnu/libogg.so.0.8.1
7f170b245000-7f170b271000 r-xp 00000000 08:07 1059149                    /usr/lib/x86_64-linux-gnu/libvorbis.so.0.4.5
7f170b271000-7f170b470000 ---p 0002c000 08:07 1059149                    /usr/lib/x86_64-linux-gnu/libvorbis.so.0.4.5
7f170b470000-7f170b471000 r--p 0002b000 08:07 1059149                    /usr/lib/x86_64-linux-gnu/libvorbis.so.0.4.5
7f170b471000-7f170b472000 rw-p 0002c000 08:07 1059149                    /usr/lib/x86_64-linux-gnu/libvorbis.so.0.4.5
7f170b472000-7f170b47b000 r-xp 00000000 08:07 1058777                    /usr/lib/x86_64-linux-gnu/libltdl.so.7.3.0
7f170b47b000-7f170b67a000 ---p 00009000 08:07 1058777                    /usr/lib/x86_64-linux-gnu/libltdl.so.7.3.0
7f170b67a000-7f170b67b000 r--p 00008000 08:07 1058777                    /usr/lib/x86_64-linux-gnu/libltdl.so.7.3.0
7f170b67b000-7f170b67c000 rw-p 00009000 08:07 1058777                    /usr/lib/x86_64-linux-gnu/libltdl.so.7.3.0
7f170b67c000-7f170b68d000 r-xp 00000000 08:07 1059068                    /usr/lib/x86_64-linux-gnu/libtdb.so.1.2.12
7f170b68d000-7f170b88c000 ---p 00011000 08:07 1059068                    /usr/lib/x86_64-linux-gnu/libtdb.so.1.2.12
7f170b88c000-7f170b88d000 r--p 00010000 08:07 1059068                    /usr/lib/x86_64-linux-gnu/libtdb.so.1.2.12
7f170b88d000-7f170b88e000 rw-p 00011000 08:07 1059068                    /usr/lib/x86_64-linux-gnu/libtdb.so.1.2.12
7f170b88e000-7f170b895000 r-xp 00000000 08:07 1059153                    /usr/lib/x86_64-linux-gnu/libvorbisfile.so.3.3.4
7f170b895000-7f170ba94000 ---p 00007000 08:07 1059153                    /usr/lib/x86_64-linux-gnu/libvorbisfile.so.3.3.4
7f170ba94000-7f170ba95000 r--p 00006000 08:07 1059153                    /usr/lib/x86_64-linux-gnu/libvorbisfile.so.3.3.4
7f170ba95000-7f170ba96000 rw-p 00007000 08:07 1059153                    /usr/lib/x86_64-linux-gnu/libvorbisfile.so.3.3.4
7f170ba96000-7f170baa5000 r-xp 00000000 08:07 1058291                    /usr/lib/x86_64-linux-gnu/libcanberra.so.0.2.5
7f170baa5000-7f170bca4000 ---p 0000f000 08:07 1058291                    /usr/lib/x86_64-linux-gnu/libcanberra.so.0.2.5
7f170bca4000-7f170bca5000 r--p 0000e000 08:07 1058291                    /usr/lib/x86_64-linux-gnu/libcanberra.so.0.2.5
7f170bca5000-7f170bca6000 rw-p 0000f000 08:07 1058291                    /usr/lib/x86_64-linux-gnu/libcanberra.so.0.2.5
7f170bca6000-7f170bcaa000 r-xp 00000000 08:07 1058287                    /usr/lib/x86_64-linux-gnu/libcanberra-gtk.so.0.1.9
7f170bcaa000-7f170bea9000 ---p 00004000 08:07 1058287                    /usr/lib/x86_64-linux-gnu/libcanberra-gtk.so.0.1.9
7f170bea9000-7f170beaa000 r--p 00003000 08:07 1058287                    /usr/lib/x86_64-linux-gnu/libcanberra-gtk.so.0.1.9
7f170beaa000-7f170beab000 rw-p 00004000 08:07 1058287                    /usr/lib/x86_64-linux-gnu/libcanberra-gtk.so.0.1.9
7f170beab000-7f170beb0000 r-xp 00000000 08:07 1313265                    /usr/lib/x86_64-linux-gnu/gtk-2.0/modules/libcanberra-gtk-module.so
7f170beb0000-7f170c0af000 ---p 00005000 08:07 1313265                    /usr/lib/x86_64-linux-gnu/gtk-2.0/modules/libcanberra-gtk-module.so
7f170c0af000-7f170c0b0000 r--p 00004000 08:07 1313265                    /usr/lib/x86_64-linux-gnu/gtk-2.0/modules/libcanberra-gtk-module.so
7f170c0b0000-7f170c0b1000 rw-p 00005000 08:07 1313265                    /usr/lib/x86_64-linux-gnu/gtk-2.0/modules/libcanberra-gtk-module.so
7f170c0b1000-7f170c0e0000 r-xp 00000000 08:07 1313247                    /usr/lib/x86_64-linux-gnu/gtk-2.0/2.10.0/engines/libmurrine.so
7f170c0e0000-7f170c2e0000 ---p 0002f000 08:07 1313247                    /usr/lib/x86_64-linux-gnu/gtk-2.0/2.10.0/engines/libmurrine.so
7f170c2e0000-7f170c2e1000 r--p 0002f000 08:07 1313247                    /usr/lib/x86_64-linux-gnu/gtk-2.0/2.10.0/engines/libmurrine.so
7f170c2e1000-7f170c2e2000 rw-p 00030000 08:07 1313247                    /usr/lib/x86_64-linux-gnu/gtk-2.0/2.10.0/engines/libmurrine.so
7f170c2e2000-7f170c2f2000 r-xp 00000000 08:07 1059117                    /usr/lib/x86_64-linux-gnu/libunity-gtk2-parser.so.0.0.0
7f170c2f2000-7f170c4f1000 ---p 00010000 08:07 1059117                    /usr/lib/x86_64-linux-gnu/libunity-gtk2-parser.so.0.0.0
7f170c4f1000-7f170c4f2000 r--p 0000f000 08:07 1059117                    /usr/lib/x86_64-linux-gnu/libunity-gtk2-parser.so.0.0.0
7f170c4f2000-7f170c4f3000 rw-p 00010000 08:07 1059117                    /usr/lib/x86_64-linux-gnu/libunity-gtk2-parser.so.0.0.0
7f170c4f3000-7f170c4f8000 r-xp 00000000 08:07 1313269                    /usr/lib/x86_64-linux-gnu/gtk-2.0/modules/libunity-gtk-module.so
7f170c4f8000-7f170c6f7000 ---p 00005000 08:07 1313269                    /usr/lib/x86_64-linux-gnu/gtk-2.0/modules/libunity-gtk-module.so
7f170c6f7000-7f170c6f8000 r--p 00004000 08:07 1313269                    /usr/lib/x86_64-linux-gnu/gtk-2.0/modules/libunity-gtk-module.so
7f170c6f8000-7f170c6f9000 rw-p 00005000 08:07 1313269                    /usr/lib/x86_64-linux-gnu/gtk-2.0/modules/libunity-gtk-module.so
7f170c6f9000-7f170c70a000 r-xp 00000000 08:07 1313268                    /usr/lib/x86_64-linux-gnu/gtk-2.0/modules/liboverlay-scrollbar.so
7f170c70a000-7f170c909000 ---p 00011000 08:07 1313268                    /usr/lib/x86_64-linux-gnu/gtk-2.0/modules/liboverlay-scrollbar.so
7f170c909000-7f170c90a000 r--p 00010000 08:07 1313268                    /usr/lib/x86_64-linux-gnu/gtk-2.0/modules/liboverlay-scrollbar.so
7f170c90a000-7f170c90b000 rw-p 00011000 08:07 1313268                    /usr/lib/x86_64-linux-gnu/gtk-2.0/modules/liboverlay-scrollbar.so
7f170c90b000-7f170c935000 r-xp 00000000 08:07 2495453                    /usr/lib/jvm/jdk1.8.0_25/jre/lib/amd64/libglass.so
7f170c935000-7f170cb35000 ---p 0002a000 08:07 2495453                    /usr/lib/jvm/jdk1.8.0_25/jre/lib/amd64/libglass.so
7f170cb35000-7f170cb37000 r--p 0002a000 08:07 2495453                    /usr/lib/jvm/jdk1.8.0_25/jre/lib/amd64/libglass.so
7f170cb37000-7f170cb38000 rw-p 0002c000 08:07 2495453                    /usr/lib/jvm/jdk1.8.0_25/jre/lib/amd64/libglass.so
7f170cb38000-7f170cb39000 rw-p 00000000 00:00 0 
7f170cb39000-7f170cb70000 r-xp 00000000 08:07 1059100                    /usr/lib/x86_64-linux-gnu/libtxc_dxtn_s2tc.so.0.0.0
7f170cb70000-7f170cd6f000 ---p 00037000 08:07 1059100                    /usr/lib/x86_64-linux-gnu/libtxc_dxtn_s2tc.so.0.0.0
7f170cd6f000-7f170cd70000 r--p 00036000 08:07 1059100                    /usr/lib/x86_64-linux-gnu/libtxc_dxtn_s2tc.so.0.0.0
7f170cd70000-7f170cd71000 rw-p 00037000 08:07 1059100                    /usr/lib/x86_64-linux-gnu/libtxc_dxtn_s2tc.so.0.0.0
7f170cd71000-7f170cd79000 r-xp 00000000 08:07 1058903                    /usr/lib/x86_64-linux-gnu/libpciaccess.so.0.11.1
7f170cd79000-7f170cf78000 ---p 00008000 08:07 1058903                    /usr/lib/x86_64-linux-gnu/libpciaccess.so.0.11.1
7f170cf78000-7f170cf79000 r--p 00007000 08:07 1058903                    /usr/lib/x86_64-linux-gnu/libpciaccess.so.0.11.1
7f170cf79000-7f170cf7a000 rw-p 00008000 08:07 1058903                    /usr/lib/x86_64-linux-gnu/libpciaccess.so.0.11.1
7f170cf7a000-7f170cf86000 r-xp 00000000 08:07 1058400                    /usr/lib/x86_64-linux-gnu/libdrm_radeon.so.1.0.1
7f170cf86000-7f170d185000 ---p 0000c000 08:07 1058400                    /usr/lib/x86_64-linux-gnu/libdrm_radeon.so.1.0.1
7f170d185000-7f170d186000 r--p 0000b000 08:07 1058400                    /usr/lib/x86_64-linux-gnu/libdrm_radeon.so.1.0.1
7f170d186000-7f170d187000 rw-p 0000c000 08:07 1058400                    /usr/lib/x86_64-linux-gnu/libdrm_radeon.so.1.0.1
7f170d187000-7f170d18c000 r-xp 00000000 08:07 1058398                    /usr/lib/x86_64-linux-gnu/libdrm_nouveau.so.2.0.0
7f170d18c000-7f170d38b000 ---p 00005000 08:07 1058398                    /usr/lib/x86_64-linux-gnu/libdrm_nouveau.so.2.0.0
7f170d38b000-7f170d38c000 r--p 00004000 08:07 1058398                    /usr/lib/x86_64-linux-gnu/libdrm_nouveau.so.2.0.0
7f170d38c000-7f170d38d000 rw-p 00005000 08:07 1058398                    /usr/lib/x86_64-linux-gnu/libdrm_nouveau.so.2.0.0
7f170d38d000-7f170d3ac000 r-xp 00000000 08:07 1058396                    /usr/lib/x86_64-linux-gnu/libdrm_intel.so.1.0.0
7f170d3ac000-7f170d5ab000 ---p 0001f000 08:07 1058396                    /usr/lib/x86_64-linux-gnu/libdrm_intel.so.1.0.0
7f170d5ab000-7f170d5ac000 r--p 0001e000 08:07 1058396                    /usr/lib/x86_64-linux-gnu/libdrm_intel.so.1.0.0
7f170d5ac000-7f170d5ad000 rw-p 0001f000 08:07 1058396                    /usr/lib/x86_64-linux-gnu/libdrm_intel.so.1.0.0
7f170d5ad000-7f170da9a000 r-xp 00000000 08:07 1312344                    /usr/lib/x86_64-linux-gnu/dri/i965_dri.so
7f170da9a000-7f170dc9a000 ---p 004ed000 08:07 1312344                    /usr/lib/x86_64-linux-gnu/dri/i965_dri.so
7f170dc9a000-7f170dcb1000 r--p 004ed000 08:07 1312344                    /usr/lib/x86_64-linux-gnu/dri/i965_dri.so
7f170dcb1000-7f170dcbd000 rw-p 00504000 08:07 1312344                    /usr/lib/x86_64-linux-gnu/dri/i965_dri.so
7f170dcbd000-7f170dd09000 rw-p 00000000 00:00 0 
7f170dd09000-7f170dd4d000 r-xp 00000000 08:07 1708082                    /lib/x86_64-linux-gnu/libdbus-1.so.3.7.6
7f170dd4d000-7f170df4c000 ---p 00044000 08:07 1708082                    /lib/x86_64-linux-gnu/libdbus-1.so.3.7.6
7f170df4c000-7f170df4d000 r--p 00043000 08:07 1708082                    /lib/x86_64-linux-gnu/libdbus-1.so.3.7.6
7f170df4d000-7f170df4e000 rw-p 00044000 08:07 1708082                    /lib/x86_64-linux-gnu/libdbus-1.so.3.7.6
7f170df4e000-7f170df56000 r-xp 00000000 08:07 1708130                    /lib/x86_64-linux-gnu/libnih-dbus.so.1.0.0
7f170df56000-7f170e156000 ---p 00008000 08:07 1708130                    /lib/x86_64-linux-gnu/libnih-dbus.so.1.0.0
7f170e156000-7f170e157000 r--p 00008000 08:07 1708130                    /lib/x86_64-linux-gnu/libnih-dbus.so.1.0.0
7f170e157000-7f170e158000 rw-p 00009000 08:07 1708130                    /lib/x86_64-linux-gnu/libnih-dbus.so.1.0.0
7f170e158000-7f170e16f000 r-xp 00000000 08:07 1708132                    /lib/x86_64-linux-gnu/libnih.so.1.0.0
7f170e16f000-7f170e36e000 ---p 00017000 08:07 1708132                    /lib/x86_64-linux-gnu/libnih.so.1.0.0
7f170e36e000-7f170e36f000 r--p 00016000 08:07 1708132                    /lib/x86_64-linux-gnu/libnih.so.1.0.0
7f170e36f000-7f170e370000 rw-p 00017000 08:07 1708132                    /lib/x86_64-linux-gnu/libnih.so.1.0.0
7f170e370000-7f170e388000 r-xp 00000000 08:07 1708073                    /lib/x86_64-linux-gnu/libcgmanager.so.0.0.0
7f170e388000-7f170e587000 ---p 00018000 08:07 1708073                    /lib/x86_64-linux-gnu/libcgmanager.so.0.0.0
7f170e587000-7f170e589000 r--p 00017000 08:07 1708073                    /lib/x86_64-linux-gnu/libcgmanager.so.0.0.0
7f170e589000-7f170e58a000 rw-p 00019000 08:07 1708073                    /lib/x86_64-linux-gnu/libcgmanager.so.0.0.0
7f170e58a000-7f170e59a000 r-xp 00000000 08:07 1708216                    /lib/x86_64-linux-gnu/libudev.so.1.3.5
7f170e59a000-7f170e799000 ---p 00010000 08:07 1708216                    /lib/x86_64-linux-gnu/libudev.so.1.3.5
7f170e799000-7f170e79a000 r--p 0000f000 08:07 1708216                    /lib/x86_64-linux-gnu/libudev.so.1.3.5
7f170e79a000-7f170e79b000 rw-p 00010000 08:07 1708216                    /lib/x86_64-linux-gnu/libudev.so.1.3.5
7f170e79b000-7f170e7a1000 r-xp 00000000 08:07 1058355                    /usr/lib/x86_64-linux-gnu/libdatrie.so.1.3.1
7f170e7a1000-7f170e9a0000 ---p 00006000 08:07 1058355                    /usr/lib/x86_64-linux-gnu/libdatrie.so.1.3.1
7f170e9a0000-7f170e9a1000 r--p 00005000 08:07 1058355                    /usr/lib/x86_64-linux-gnu/libdatrie.so.1.3.1
7f170e9a1000-7f170e9a2000 rw-p 00006000 08:07 1058355                    /usr/lib/x86_64-linux-gnu/libdatrie.so.1.3.1
7f170e9a2000-7f170e9a7000 r-xp 00000000 08:07 1058163                    /usr/lib/x86_64-linux-gnu/libXdmcp.so.6.0.0
7f170e9a7000-7f170eba6000 ---p 00005000 08:07 1058163                    /usr/lib/x86_64-linux-gnu/libXdmcp.so.6.0.0
7f170eba6000-7f170eba7000 r--p 00004000 08:07 1058163                    /usr/lib/x86_64-linux-gnu/libXdmcp.so.6.0.0
7f170eba7000-7f170eba8000 rw-p 00005000 08:07 1058163                    /usr/lib/x86_64-linux-gnu/libXdmcp.so.6.0.0
7f170eba8000-7f170ebaa000 r-xp 00000000 08:07 1058152                    /usr/lib/x86_64-linux-gnu/libXau.so.6.0.0
7f170ebaa000-7f170edaa000 ---p 00002000 08:07 1058152                    /usr/lib/x86_64-linux-gnu/libXau.so.6.0.0
7f170edaa000-7f170edab000 r--p 00002000 08:07 1058152                    /usr/lib/x86_64-linux-gnu/libXau.so.6.0.0
7f170edab000-7f170edac000 rw-p 00003000 08:07 1058152                    /usr/lib/x86_64-linux-gnu/libXau.so.6.0.0
7f170edac000-7f170edc6000 r-xp 00000000 08:07 1058581                    /usr/lib/x86_64-linux-gnu/libgraphite2.so.3.0.1
7f170edc6000-7f170efc5000 ---p 0001a000 08:07 1058581                    /usr/lib/x86_64-linux-gnu/libgraphite2.so.3.0.1
7f170efc5000-7f170efc7000 r--p 00019000 08:07 1058581                    /usr/lib/x86_64-linux-gnu/libgraphite2.so.3.0.1
7f170efc7000-7f170efc8000 rw-p 0001b000 08:07 1058581                    /usr/lib/x86_64-linux-gnu/libgraphite2.so.3.0.1
7f170efc8000-7f170efd3000 r-xp 00000000 08:07 1058394                    /usr/lib/x86_64-linux-gnu/libdrm.so.2.4.0
7f170efd3000-7f170f1d2000 ---p 0000b000 08:07 1058394                    /usr/lib/x86_64-linux-gnu/libdrm.so.2.4.0
7f170f1d2000-7f170f1d3000 r--p 0000a000 08:07 1058394                    /usr/lib/x86_64-linux-gnu/libdrm.so.2.4.0
7f170f1d3000-7f170f1d4000 rw-p 0000b000 08:07 1058394                    /usr/lib/x86_64-linux-gnu/libdrm.so.2.4.0
7f170f1d4000-7f170f1d5000 r-xp 00000000 08:07 1059228                    /usr/lib/x86_64-linux-gnu/libxshmfence.so.1.0.0
7f170f1d5000-7f170f3d4000 ---p 00001000 08:07 1059228                    /usr/lib/x86_64-linux-gnu/libxshmfence.so.1.0.0
7f170f3d4000-7f170f3d5000 r--p 00000000 08:07 1059228                    /usr/lib/x86_64-linux-gnu/libxshmfence.so.1.0.0
7f170f3d5000-7f170f3d6000 rw-p 00001000 08:07 1059228                    /usr/lib/x86_64-linux-gnu/libxshmfence.so.1.0.0
7f170f3d6000-7f170f3db000 r-xp 00000000 08:07 1059212                    /usr/lib/x86_64-linux-gnu/libxcb-sync.so.1.0.0
7f170f3db000-7f170f5da000 ---p 00005000 08:07 1059212                    /usr/lib/x86_64-linux-gnu/libxcb-sync.so.1.0.0
7f170f5da000-7f170f5db000 r--p 00004000 08:07 1059212                    /usr/lib/x86_64-linux-gnu/libxcb-sync.so.1.0.0
7f170f5db000-7f170f5dc000 rw-p 00005000 08:07 1059212                    /usr/lib/x86_64-linux-gnu/libxcb-sync.so.1.0.0
7f170f5dc000-7f170f5de000 r-xp 00000000 08:07 1059200                    /usr/lib/x86_64-linux-gnu/libxcb-present.so.0.0.0
7f170f5de000-7f170f7dd000 ---p 00002000 08:07 1059200                    /usr/lib/x86_64-linux-gnu/libxcb-present.so.0.0.0
7f170f7dd000-7f170f7de000 r--p 00001000 08:07 1059200                    /usr/lib/x86_64-linux-gnu/libxcb-present.so.0.0.0
7f170f7de000-7f170f7df000 rw-p 00002000 08:07 1059200                    /usr/lib/x86_64-linux-gnu/libxcb-present.so.0.0.0
7f170f7df000-7f170f7e1000 r-xp 00000000 08:07 1059192                    /usr/lib/x86_64-linux-gnu/libxcb-dri3.so.0.0.0
7f170f7e1000-7f170f9e0000 ---p 00002000 08:07 1059192                    /usr/lib/x86_64-linux-gnu/libxcb-dri3.so.0.0.0
7f170f9e0000-7f170f9e1000 r--p 00001000 08:07 1059192                    /usr/lib/x86_64-linux-gnu/libxcb-dri3.so.0.0.0
7f170f9e1000-7f170f9e2000 rw-p 00002000 08:07 1059192                    /usr/lib/x86_64-linux-gnu/libxcb-dri3.so.0.0.0
7f170f9e2000-7f170f9e5000 r-xp 00000000 08:07 1059190                    /usr/lib/x86_64-linux-gnu/libxcb-dri2.so.0.0.0
7f170f9e5000-7f170fbe5000 ---p 00003000 08:07 1059190                    /usr/lib/x86_64-linux-gnu/libxcb-dri2.so.0.0.0
7f170fbe5000-7f170fbe6000 r--p 00003000 08:07 1059190                    /usr/lib/x86_64-linux-gnu/libxcb-dri2.so.0.0.0
7f170fbe6000-7f170fbe7000 rw-p 00004000 08:07 1059190                    /usr/lib/x86_64-linux-gnu/libxcb-dri2.so.0.0.0
7f170fbe7000-7f170fbfc000 r-xp 00000000 08:07 1059194                    /usr/lib/x86_64-linux-gnu/libxcb-glx.so.0.0.0
7f170fbfc000-7f170fdfb000 ---p 00015000 08:07 1059194                    /usr/lib/x86_64-linux-gnu/libxcb-glx.so.0.0.0
7f170fdfb000-7f170fdfd000 r--p 00014000 08:07 1059194                    /usr/lib/x86_64-linux-gnu/libxcb-glx.so.0.0.0
7f170fdfd000-7f170fdfe000 rw-p 00016000 08:07 1059194                    /usr/lib/x86_64-linux-gnu/libxcb-glx.so.0.0.0
7f170fdfe000-7f170fdff000 r-xp 00000000 08:07 1058146                    /usr/lib/x86_64-linux-gnu/libX11-xcb.so.1.0.0
7f170fdff000-7f170fffe000 ---p 00001000 08:07 1058146                    /usr/lib/x86_64-linux-gnu/libX11-xcb.so.1.0.0
7f170fffe000-7f170ffff000 r--p 00000000 08:07 1058146                    /usr/lib/x86_64-linux-gnu/libX11-xcb.so.1.0.0
7f170ffff000-7f1710000000 rw-p 00001000 08:07 1058146                    /usr/lib/x86_64-linux-gnu/libX11-xcb.so.1.0.0
7f1710000000-7f1711d81000 rw-p 00000000 00:00 0 
7f1711d81000-7f1714000000 ---p 00000000 00:00 0 
7f1714000000-7f1714001000 rw-s 00000000 00:04 190198                     /drm mm object (deleted)
7f1714001000-7f1714002000 rw-s 00000000 00:04 194897                     /drm mm object (deleted)
7f1714002000-7f1714016000 r--p 00000000 08:07 133746                     /usr/lib/jvm/jdk1.8.0_25/jre/lib/fonts/LucidaBrightItalic.ttf
7f1714016000-7f1714064000 r--p 00000000 08:07 133752                     /usr/lib/jvm/jdk1.8.0_25/jre/lib/fonts/LucidaSansDemiBold.ttf
7f1714064000-7f1714077000 r--p 00000000 08:07 133750                     /usr/lib/jvm/jdk1.8.0_25/jre/lib/fonts/LucidaBrightDemiItalic.ttf
7f1714077000-7f171407c000 r--s 00084000 08:07 2495507                    /usr/lib/jvm/jdk1.8.0_25/jre/lib/jfr.jar
7f171407c000-7f171407d000 r--s 00000000 08:07 1187986                    /var/cache/fontconfig/c05880de57d1f5e948fdfacc138775d9-le64.cache-4
7f171407d000-7f1714088000 r--s 00000000 08:07 1187980                    /var/cache/fontconfig/945677eb7aeaf62f1d50efc3fb3ec7d8-le64.cache-4
7f1714088000-7f171408e000 r--s 00000000 08:07 1187966                    /var/cache/fontconfig/2cd17615ca594fa2959ae173292e504c-le64.cache-4
7f171408e000-7f171408f000 r--s 00000000 08:07 1187996                    /var/cache/fontconfig/e7071f4a29fa870f4323321c154eba04-le64.cache-4
7f171408f000-7f1714090000 r--s 00000000 08:07 1187963                    /var/cache/fontconfig/0d8c3b2ac0904cb8a57a757ad11a4a08-le64.cache-4
7f1714090000-7f1714097000 r--s 00000000 08:07 1187983                    /var/cache/fontconfig/a755afe4a08bf5b97852ceb7400b47bc-le64.cache-4
7f1714097000-7f17140ab000 r--s 00000000 08:07 1187961                    /var/cache/fontconfig/04aabc0a78ac019cf9454389977116d2-le64.cache-4
7f17140ab000-7f17140cd000 r-xp 00000000 08:07 1058539                    /usr/lib/x86_64-linux-gnu/libglapi.so.0.0.0
7f17140cd000-7f17142cd000 ---p 00022000 08:07 1058539                    /usr/lib/x86_64-linux-gnu/libglapi.so.0.0.0
7f17142cd000-7f17142d0000 r--p 00022000 08:07 1058539                    /usr/lib/x86_64-linux-gnu/libglapi.so.0.0.0
7f17142d0000-7f17142d1000 rw-p 00025000 08:07 1058539                    /usr/lib/x86_64-linux-gnu/libglapi.so.0.0.0
7f17142d1000-7f17142d2000 rw-p 00000000 00:00 0 
7f17142d2000-7f171430f000 r-xp 00000000 08:07 1708171                    /lib/x86_64-linux-gnu/libpcre.so.3.13.1
7f171430f000-7f171450e000 ---p 0003d000 08:07 1708171                    /lib/x86_64-linux-gnu/libpcre.so.3.13.1
7f171450e000-7f171450f000 r--p 0003c000 08:07 1708171                    /lib/x86_64-linux-gnu/libpcre.so.3.13.1
7f171450f000-7f1714510000 rw-p 0003d000 08:07 1708171                    /lib/x86_64-linux-gnu/libpcre.so.3.13.1
7f1714510000-7f1714517000 r-xp 00000000 08:07 1058430                    /usr/lib/x86_64-linux-gnu/libffi.so.6.0.1
7f1714517000-7f1714716000 ---p 00007000 08:07 1058430                    /usr/lib/x86_64-linux-gnu/libffi.so.6.0.1
7f1714716000-7f1714717000 r--p 00006000 08:07 1058430                    /usr/lib/x86_64-linux-gnu/libffi.so.6.0.1
7f1714717000-7f1714718000 rw-p 00007000 08:07 1058430                    /usr/lib/x86_64-linux-gnu/libffi.so.6.0.1
7f1714718000-7f171473f000 r-xp 00000000 08:07 1708090                    /lib/x86_64-linux-gnu/libexpat.so.1.6.0
7f171473f000-7f171493f000 ---p 00027000 08:07 1708090                    /lib/x86_64-linux-gnu/libexpat.so.1.6.0
7f171493f000-7f1714941000 r--p 00027000 08:07 1708090                    /lib/x86_64-linux-gnu/libexpat.so.1.6.0
7f1714941000-7f1714942000 rw-p 00029000 08:07 1708090                    /lib/x86_64-linux-gnu/libexpat.so.1.6.0
7f1714942000-7f171494a000 r-xp 00000000 08:07 1059080                    /usr/lib/x86_64-linux-gnu/libthai.so.0.2.0
7f171494a000-7f1714b49000 ---p 00008000 08:07 1059080                    /usr/lib/x86_64-linux-gnu/libthai.so.0.2.0
7f1714b49000-7f1714b4a000 r--p 00007000 08:07 1059080                    /usr/lib/x86_64-linux-gnu/libthai.so.0.2.0
7f1714b4a000-7f1714b4b000 rw-p 00008000 08:07 1059080                    /usr/lib/x86_64-linux-gnu/libthai.so.0.2.0
7f1714b4b000-7f1714b68000 r-xp 00000000 08:07 1059220                    /usr/lib/x86_64-linux-gnu/libxcb.so.1.1.0
7f1714b68000-7f1714d68000 ---p 0001d000 08:07 1059220                    /usr/lib/x86_64-linux-gnu/libxcb.so.1.1.0
7f1714d68000-7f1714d69000 r--p 0001d000 08:07 1059220                    /usr/lib/x86_64-linux-gnu/libxcb.so.1.1.0
7f1714d69000-7f1714d6a000 rw-p 0001e000 08:07 1059220                    /usr/lib/x86_64-linux-gnu/libxcb.so.1.1.0
7f1714d6a000-7f1714d72000 r-xp 00000000 08:07 1059206                    /usr/lib/x86_64-linux-gnu/libxcb-render.so.0.0.0
7f1714d72000-7f1714f71000 ---p 00008000 08:07 1059206                    /usr/lib/x86_64-linux-gnu/libxcb-render.so.0.0.0
7f1714f71000-7f1714f72000 r--p 00007000 08:07 1059206                    /usr/lib/x86_64-linux-gnu/libxcb-render.so.0.0.0
7f1714f72000-7f1714f73000 rw-p 00008000 08:07 1059206                    /usr/lib/x86_64-linux-gnu/libxcb-render.so.0.0.0
7f1714f73000-7f1714f75000 r-xp 00000000 08:07 1059210                    /usr/lib/x86_64-linux-gnu/libxcb-shm.so.0.0.0
7f1714f75000-7f1715174000 ---p 00002000 08:07 1059210                    /usr/lib/x86_64-linux-gnu/libxcb-shm.so.0.0.0
7f1715174000-7f1715175000 r--p 00001000 08:07 1059210                    /usr/lib/x86_64-linux-gnu/libxcb-shm.so.0.0.0
7f1715175000-7f1715176000 rw-p 00002000 08:07 1059210                    /usr/lib/x86_64-linux-gnu/libxcb-shm.so.0.0.0
7f1715176000-7f171519b000 r-xp 00000000 08:07 1708183                    /lib/x86_64-linux-gnu/libpng12.so.0.50.0
7f171519b000-7f171539a000 ---p 00025000 08:07 1708183                    /lib/x86_64-linux-gnu/libpng12.so.0.50.0
7f171539a000-7f171539b000 r--p 00024000 08:07 1708183                    /lib/x86_64-linux-gnu/libpng12.so.0.50.0
7f171539b000-7f171539c000 rw-p 00025000 08:07 1708183                    /lib/x86_64-linux-gnu/libpng12.so.0.50.0
7f171539c000-7f171543d000 r-xp 00000000 08:07 1058910                    /usr/lib/x86_64-linux-gnu/libpixman-1.so.0.30.2
7f171543d000-7f171563d000 ---p 000a1000 08:07 1058910                    /usr/lib/x86_64-linux-gnu/libpixman-1.so.0.30.2
7f171563d000-7f1715644000 r--p 000a1000 08:07 1058910                    /usr/lib/x86_64-linux-gnu/libpixman-1.so.0.30.2
7f1715644000-7f1715645000 rw-p 000a8000 08:07 1058910                    /usr/lib/x86_64-linux-gnu/libpixman-1.so.0.30.2
7f1715645000-7f1715698000 r-xp 00000000 08:07 1058694                    /usr/lib/x86_64-linux-gnu/libharfbuzz.so.0.927.0
7f1715698000-7f1715898000 ---p 00053000 08:07 1058694                    /usr/lib/x86_64-linux-gnu/libharfbuzz.so.0.927.0
7f1715898000-7f1715899000 r--p 00053000 08:07 1058694                    /usr/lib/x86_64-linux-gnu/libharfbuzz.so.0.927.0
7f1715899000-7f171589a000 rw-p 00054000 08:07 1058694                    /usr/lib/x86_64-linux-gnu/libharfbuzz.so.0.927.0
7f171589a000-7f17158b1000 r-xp 00000000 08:07 1708194                    /lib/x86_64-linux-gnu/libresolv-2.19.so
7f17158b1000-7f1715ab1000 ---p 00017000 08:07 1708194                    /lib/x86_64-linux-gnu/libresolv-2.19.so
7f1715ab1000-7f1715ab2000 r--p 00017000 08:07 1708194                    /lib/x86_64-linux-gnu/libresolv-2.19.so
7f1715ab2000-7f1715ab3000 rw-p 00018000 08:07 1708194                    /lib/x86_64-linux-gnu/libresolv-2.19.so
7f1715ab3000-7f1715ab5000 rw-p 00000000 00:00 0 
7f1715ab5000-7f1715ad5000 r-xp 00000000 08:07 1708198                    /lib/x86_64-linux-gnu/libselinux.so.1
7f1715ad5000-7f1715cd4000 ---p 00020000 08:07 1708198                    /lib/x86_64-linux-gnu/libselinux.so.1
7f1715cd4000-7f1715cd5000 r--p 0001f000 08:07 1708198                    /lib/x86_64-linux-gnu/libselinux.so.1
7f1715cd5000-7f1715cd6000 rw-p 00020000 08:07 1708198                    /lib/x86_64-linux-gnu/libselinux.so.1
7f1715cd6000-7f1715cd8000 rw-p 00000000 00:00 0 
7f1715cd8000-7f1715cf0000 r-xp 00000000 08:07 1708231                    /lib/x86_64-linux-gnu/libz.so.1.2.8
7f1715cf0000-7f1715eef000 ---p 00018000 08:07 1708231                    /lib/x86_64-linux-gnu/libz.so.1.2.8
7f1715eef000-7f1715ef0000 r--p 00017000 08:07 1708231                    /lib/x86_64-linux-gnu/libz.so.1.2.8
7f1715ef0000-7f1715ef1000 rw-p 00018000 08:07 1708231                    /lib/x86_64-linux-gnu/libz.so.1.2.8
7f1715ef1000-7f1715f02000 r-xp 00000000 08:07 1058165                    /usr/lib/x86_64-linux-gnu/libXext.so.6.4.0
7f1715f02000-7f1716101000 ---p 00011000 08:07 1058165                    /usr/lib/x86_64-linux-gnu/libXext.so.6.4.0
7f1716101000-7f1716102000 r--p 00010000 08:07 1058165                    /usr/lib/x86_64-linux-gnu/libXext.so.6.4.0
7f1716102000-7f1716103000 rw-p 00011000 08:07 1058165                    /usr/lib/x86_64-linux-gnu/libXext.so.6.4.0
7f1716103000-7f1716105000 r-xp 00000000 08:07 1058161                    /usr/lib/x86_64-linux-gnu/libXdamage.so.1.1.0
7f1716105000-7f1716304000 ---p 00002000 08:07 1058161                    /usr/lib/x86_64-linux-gnu/libXdamage.so.1.1.0
7f1716304000-7f1716305000 r--p 00001000 08:07 1058161                    /usr/lib/x86_64-linux-gnu/libXdamage.so.1.1.0
7f1716305000-7f1716306000 rw-p 00002000 08:07 1058161                    /usr/lib/x86_64-linux-gnu/libXdamage.so.1.1.0
7f1716306000-7f1716308000 r-xp 00000000 08:07 1058157                    /usr/lib/x86_64-linux-gnu/libXcomposite.so.1.0.0
7f1716308000-7f1716507000 ---p 00002000 08:07 1058157                    /usr/lib/x86_64-linux-gnu/libXcomposite.so.1.0.0
7f1716507000-7f1716508000 r--p 00001000 08:07 1058157                    /usr/lib/x86_64-linux-gnu/libXcomposite.so.1.0.0
7f1716508000-7f1716509000 rw-p 00002000 08:07 1058157                    /usr/lib/x86_64-linux-gnu/libXcomposite.so.1.0.0
7f1716509000-7f1716512000 r-xp 00000000 08:07 1058159                    /usr/lib/x86_64-linux-gnu/libXcursor.so.1.0.2
7f1716512000-7f1716711000 ---p 00009000 08:07 1058159                    /usr/lib/x86_64-linux-gnu/libXcursor.so.1.0.2
7f1716711000-7f1716712000 r--p 00008000 08:07 1058159                    /usr/lib/x86_64-linux-gnu/libXcursor.so.1.0.2
7f1716712000-7f1716713000 rw-p 00009000 08:07 1058159                    /usr/lib/x86_64-linux-gnu/libXcursor.so.1.0.2
7f1716713000-7f171671c000 r-xp 00000000 08:07 1058185                    /usr/lib/x86_64-linux-gnu/libXrandr.so.2.2.0
7f171671c000-7f171691b000 ---p 00009000 08:07 1058185                    /usr/lib/x86_64-linux-gnu/libXrandr.so.2.2.0
7f171691b000-7f171691c000 r--p 00008000 08:07 1058185                    /usr/lib/x86_64-linux-gnu/libXrandr.so.2.2.0
7f171691c000-7f171691d000 rw-p 00009000 08:07 1058185                    /usr/lib/x86_64-linux-gnu/libXrandr.so.2.2.0
7f171691d000-7f171692c000 r-xp 00000000 08:07 1058173                    /usr/lib/x86_64-linux-gnu/libXi.so.6.1.0
7f171692c000-7f1716b2b000 ---p 0000f000 08:07 1058173                    /usr/lib/x86_64-linux-gnu/libXi.so.6.1.0
7f1716b2b000-7f1716b2c000 r--p 0000e000 08:07 1058173                    /usr/lib/x86_64-linux-gnu/libXi.so.6.1.0
7f1716b2c000-7f1716b2d000 rw-p 0000f000 08:07 1058173                    /usr/lib/x86_64-linux-gnu/libXi.so.6.1.0
7f1716b2d000-7f1716b2f000 r-xp 00000000 08:07 1058175                    /usr/lib/x86_64-linux-gnu/libXinerama.so.1.0.0
7f1716b2f000-7f1716d2e000 ---p 00002000 08:07 1058175                    /usr/lib/x86_64-linux-gnu/libXinerama.so.1.0.0
7f1716d2e000-7f1716d2f000 r--p 00001000 08:07 1058175                    /usr/lib/x86_64-linux-gnu/libXinerama.so.1.0.0
7f1716d2f000-7f1716d30000 rw-p 00002000 08:07 1058175                    /usr/lib/x86_64-linux-gnu/libXinerama.so.1.0.0
7f1716d30000-7f1716d39000 r-xp 00000000 08:07 1058187                    /usr/lib/x86_64-linux-gnu/libXrender.so.1.3.0
7f1716d39000-7f1716f38000 ---p 00009000 08:07 1058187                    /usr/lib/x86_64-linux-gnu/libXrender.so.1.3.0
7f1716f38000-7f1716f39000 r--p 00008000 08:07 1058187                    /usr/lib/x86_64-linux-gnu/libXrender.so.1.3.0
7f1716f39000-7f1716f3a000 rw-p 00009000 08:07 1058187                    /usr/lib/x86_64-linux-gnu/libXrender.so.1.3.0
7f1716f3a000-7f1716f3f000 r-xp 00000000 08:07 1058167                    /usr/lib/x86_64-linux-gnu/libXfixes.so.3.1.0
7f1716f3f000-7f171713e000 ---p 00005000 08:07 1058167                    /usr/lib/x86_64-linux-gnu/libXfixes.so.3.1.0
7f171713e000-7f171713f000 r--p 00004000 08:07 1058167                    /usr/lib/x86_64-linux-gnu/libXfixes.so.3.1.0
7f171713f000-7f1717140000 rw-p 00005000 08:07 1058167                    /usr/lib/x86_64-linux-gnu/libXfixes.so.3.1.0
7f1717140000-7f1717156000 r-xp 00000000 08:07 1708095                    /lib/x86_64-linux-gnu/libgcc_s.so.1
7f1717156000-7f1717355000 ---p 00016000 08:07 1708095                    /lib/x86_64-linux-gnu/libgcc_s.so.1
7f1717355000-7f1717356000 rw-p 00015000 08:07 1708095                    /lib/x86_64-linux-gnu/libgcc_s.so.1
7f1717356000-7f171743c000 r-xp 00000000 08:07 1059058                    /usr/lib/x86_64-linux-gnu/libstdc++.so.6.0.19
7f171743c000-7f171763b000 ---p 000e6000 08:07 1059058                    /usr/lib/x86_64-linux-gnu/libstdc++.so.6.0.19
7f171763b000-7f1717643000 r--p 000e5000 08:07 1059058                    /usr/lib/x86_64-linux-gnu/libstdc++.so.6.0.19
7f1717643000-7f1717645000 rw-p 000ed000 08:07 1059058                    /usr/lib/x86_64-linux-gnu/libstdc++.so.6.0.19
7f1717645000-7f171765a000 rw-p 00000000 00:00 0 
7f171765a000-7f17176bb000 r-xp 00000000 08:07 1313456                    /usr/lib/x86_64-linux-gnu/mesa/libGL.so.1.2.0
7f17176bb000-7f17178ba000 ---p 00061000 08:07 1313456                    /usr/lib/x86_64-linux-gnu/mesa/libGL.so.1.2.0
7f17178ba000-7f17178bd000 r--p 00060000 08:07 1313456                    /usr/lib/x86_64-linux-gnu/mesa/libGL.so.1.2.0
7f17178bd000-7f17178be000 rw-p 00063000 08:07 1313456                    /usr/lib/x86_64-linux-gnu/mesa/libGL.so.1.2.0
7f17178be000-7f17178bf000 rw-p 00000000 00:00 0 
7f17178bf000-7f17178c3000 r-xp 00000000 08:07 1058203                    /usr/lib/x86_64-linux-gnu/libXxf86vm.so.1.0.0
7f17178c3000-7f1717ac3000 ---p 00004000 08:07 1058203                    /usr/lib/x86_64-linux-gnu/libXxf86vm.so.1.0.0
7f1717ac3000-7f1717ac4000 r--p 00004000 08:07 1058203                    /usr/lib/x86_64-linux-gnu/libXxf86vm.so.1.0.0
7f1717ac4000-7f1717ac5000 rw-p 00005000 08:07 1058203                    /usr/lib/x86_64-linux-gnu/libXxf86vm.so.1.0.0
7f1717ac5000-7f1717bf5000 r-xp 00000000 08:07 1058148                    /usr/lib/x86_64-linux-gnu/libX11.so.6.3.0
7f1717bf5000-7f1717df5000 ---p 00130000 08:07 1058148                    /usr/lib/x86_64-linux-gnu/libX11.so.6.3.0
7f1717df5000-7f1717df6000 r--p 00130000 08:07 1058148                    /usr/lib/x86_64-linux-gnu/libX11.so.6.3.0
7f1717df6000-7f1717dfa000 rw-p 00131000 08:07 1058148                    /usr/lib/x86_64-linux-gnu/libX11.so.6.3.0
7f1717dfa000-7f1717dff000 r-xp 00000000 08:07 1058193                    /usr/lib/x86_64-linux-gnu/libXtst.so.6.1.0
7f1717dff000-7f1717ffe000 ---p 00005000 08:07 1058193                    /usr/lib/x86_64-linux-gnu/libXtst.so.6.1.0
7f1717ffe000-7f1717fff000 r--p 00004000 08:07 1058193                    /usr/lib/x86_64-linux-gnu/libXtst.so.6.1.0
7f1717fff000-7f1718000000 rw-p 00005000 08:07 1058193                    /usr/lib/x86_64-linux-gnu/libXtst.so.6.1.0
7f1718000000-7f1718021000 rw-p 00000000 00:00 0 
7f1718021000-7f171c000000 ---p 00000000 00:00 0 
7f171c000000-7f171c021000 rw-p 00000000 00:00 0 
7f171c021000-7f1720000000 ---p 00000000 00:00 0 
7f1720000000-7f1720cbb000 rw-p 00000000 00:00 0 
7f1720cbb000-7f1724000000 ---p 00000000 00:00 0 
7f1724000000-7f172473b000 rw-p 00000000 00:00 0 
7f172473b000-7f1728000000 ---p 00000000 00:00 0 
7f1728000000-7f1728021000 rw-p 00000000 00:00 0 
7f1728021000-7f172c000000 ---p 00000000 00:00 0 
7f172c000000-7f172c8ac000 rw-p 00000000 00:00 0 
7f172c8ac000-7f1730000000 ---p 00000000 00:00 0 
7f1730000000-7f1730021000 rw-p 00000000 00:00 0 
7f1730021000-7f1734000000 ---p 00000000 00:00 0 
7f1734000000-7f1734021000 rw-p 00000000 00:00 0 
7f1734021000-7f1738000000 ---p 00000000 00:00 0 
7f1738000000-7f1738102000 rw-p 00000000 00:00 0 
7f1738102000-7f173c000000 ---p 00000000 00:00 0 
7f173c000000-7f173c021000 rw-p 00000000 00:00 0 
7f173c021000-7f1740000000 ---p 00000000 00:00 0 
7f1740000000-7f1740001000 r--s 00000000 08:07 1187965                    /var/cache/fontconfig/1ac9eb803944fde146138c791f5cc56a-le64.cache-4
7f1740001000-7f1740006000 r--s 00000000 08:07 1190938                    /var/cache/fontconfig/eb48934c523a49add3824bfad8846c40-le64.cache-4
7f1740006000-7f174000b000 r--s 00000000 08:07 1190937                    /var/cache/fontconfig/385c0604a188198f04d133e54aba7fe7-le64.cache-4
7f174000b000-7f174000d000 r--s 00000000 08:07 1187977                    /var/cache/fontconfig/767a8244fc0220cfb567a839d0392e0b-le64.cache-4
7f174000d000-7f1740012000 r--s 00000000 08:07 1187979                    /var/cache/fontconfig/8801497958630a81b71ace7c5f9b32a8-le64.cache-4
7f1740012000-7f1740016000 r--s 00000000 08:07 1191336                    /var/cache/fontconfig/c57959a16110560c8d0fcea73374aeeb-le64.cache-4
7f1740016000-7f174001d000 r--s 00000000 08:07 1187967                    /var/cache/fontconfig/3047814df9a2f067bd2d96a2b9c36e5a-le64.cache-4
7f174001d000-7f1740030000 r--s 00000000 08:07 1187990                    /var/cache/fontconfig/d52a8644073d54c13679302ca1180695-le64.cache-4
7f1740030000-7f174004c000 r--s 00393000 08:07 267369                     /usr/lib/jvm/jdk1.8.0_25/jre/lib/ext/cldrdata.jar
7f174004c000-7f1740152000 r-xp 00000000 08:07 1708099                    /lib/x86_64-linux-gnu/libglib-2.0.so.0.4000.0
7f1740152000-7f1740351000 ---p 00106000 08:07 1708099                    /lib/x86_64-linux-gnu/libglib-2.0.so.0.4000.0
7f1740351000-7f1740352000 r--p 00105000 08:07 1708099                    /lib/x86_64-linux-gnu/libglib-2.0.so.0.4000.0
7f1740352000-7f1740353000 rw-p 00106000 08:07 1708099                    /lib/x86_64-linux-gnu/libglib-2.0.so.0.4000.0
7f1740353000-7f1740354000 rw-p 00000000 00:00 0 
7f1740354000-7f1740355000 r-xp 00000000 08:07 1058670                    /usr/lib/x86_64-linux-gnu/libgthread-2.0.so.0.4000.0
7f1740355000-7f1740554000 ---p 00001000 08:07 1058670                    /usr/lib/x86_64-linux-gnu/libgthread-2.0.so.0.4000.0
7f1740554000-7f1740555000 r--p 00000000 08:07 1058670                    /usr/lib/x86_64-linux-gnu/libgthread-2.0.so.0.4000.0
7f1740555000-7f1740556000 rw-p 00001000 08:07 1058670                    /usr/lib/x86_64-linux-gnu/libgthread-2.0.so.0.4000.0
7f1740556000-7f1740559000 r-xp 00000000 08:07 1058547                    /usr/lib/x86_64-linux-gnu/libgmodule-2.0.so.0.4000.0
7f1740559000-7f1740758000 ---p 00003000 08:07 1058547                    /usr/lib/x86_64-linux-gnu/libgmodule-2.0.so.0.4000.0
7f1740758000-7f1740759000 r--p 00002000 08:07 1058547                    /usr/lib/x86_64-linux-gnu/libgmodule-2.0.so.0.4000.0
7f1740759000-7f174075a000 rw-p 00003000 08:07 1058547                    /usr/lib/x86_64-linux-gnu/libgmodule-2.0.so.0.4000.0
7f174075a000-7f17407a9000 r-xp 00000000 08:07 1058563                    /usr/lib/x86_64-linux-gnu/libgobject-2.0.so.0.4000.0
7f17407a9000-7f17409a9000 ---p 0004f000 08:07 1058563                    /usr/lib/x86_64-linux-gnu/libgobject-2.0.so.0.4000.0
7f17409a9000-7f17409aa000 r--p 0004f000 08:07 1058563                    /usr/lib/x86_64-linux-gnu/libgobject-2.0.so.0.4000.0
7f17409aa000-7f17409ab000 rw-p 00050000 08:07 1058563                    /usr/lib/x86_64-linux-gnu/libgobject-2.0.so.0.4000.0
7f17409ab000-7f17409e5000 r-xp 00000000 08:07 1058444                    /usr/lib/x86_64-linux-gnu/libfontconfig.so.1.8.0
7f17409e5000-7f1740be4000 ---p 0003a000 08:07 1058444                    /usr/lib/x86_64-linux-gnu/libfontconfig.so.1.8.0
7f1740be4000-7f1740be6000 r--p 00039000 08:07 1058444                    /usr/lib/x86_64-linux-gnu/libfontconfig.so.1.8.0
7f1740be6000-7f1740be7000 rw-p 0003b000 08:07 1058444                    /usr/lib/x86_64-linux-gnu/libfontconfig.so.1.8.0
7f1740be7000-7f1740c84000 r-xp 00000000 08:07 1058472                    /usr/lib/x86_64-linux-gnu/libfreetype.so.6.11.1
7f1740c84000-7f1740e83000 ---p 0009d000 08:07 1058472                    /usr/lib/x86_64-linux-gnu/libfreetype.so.6.11.1
7f1740e83000-7f1740e89000 r--p 0009c000 08:07 1058472                    /usr/lib/x86_64-linux-gnu/libfreetype.so.6.11.1
7f1740e89000-7f1740e8a000 rw-p 000a2000 08:07 1058472                    /usr/lib/x86_64-linux-gnu/libfreetype.so.6.11.1
7f1740e8a000-7f1740ed4000 r-xp 00000000 08:07 1058887                    /usr/lib/x86_64-linux-gnu/libpango-1.0.so.0.3600.3
7f1740ed4000-7f17410d4000 ---p 0004a000 08:07 1058887                    /usr/lib/x86_64-linux-gnu/libpango-1.0.so.0.3600.3
7f17410d4000-7f17410d6000 r--p 0004a000 08:07 1058887                    /usr/lib/x86_64-linux-gnu/libpango-1.0.so.0.3600.3
7f17410d6000-7f17410d7000 rw-p 0004c000 08:07 1058887                    /usr/lib/x86_64-linux-gnu/libpango-1.0.so.0.3600.3
7f17410d7000-7f17411dd000 r-xp 00000000 08:07 1058283                    /usr/lib/x86_64-linux-gnu/libcairo.so.2.11301.0
7f17411dd000-7f17413dc000 ---p 00106000 08:07 1058283                    /usr/lib/x86_64-linux-gnu/libcairo.so.2.11301.0
7f17413dc000-7f17413df000 r--p 00105000 08:07 1058283                    /usr/lib/x86_64-linux-gnu/libcairo.so.2.11301.0
7f17413df000-7f17413e0000 rw-p 00108000 08:07 1058283                    /usr/lib/x86_64-linux-gnu/libcairo.so.2.11301.0
7f17413e0000-7f17413e2000 rw-p 00000000 00:00 0 
7f17413e2000-7f17413ed000 r-xp 00000000 08:07 1058889                    /usr/lib/x86_64-linux-gnu/libpangocairo-1.0.so.0.3600.3
7f17413ed000-7f17415ed000 ---p 0000b000 08:07 1058889                    /usr/lib/x86_64-linux-gnu/libpangocairo-1.0.so.0.3600.3
7f17415ed000-7f17415ee000 r--p 0000b000 08:07 1058889                    /usr/lib/x86_64-linux-gnu/libpangocairo-1.0.so.0.3600.3
7f17415ee000-7f17415ef000 rw-p 0000c000 08:07 1058889                    /usr/lib/x86_64-linux-gnu/libpangocairo-1.0.so.0.3600.3
7f17415ef000-7f174160e000 r-xp 00000000 08:07 1058509                    /usr/lib/x86_64-linux-gnu/libgdk_pixbuf-2.0.so.0.3000.7
7f174160e000-7f174180e000 ---p 0001f000 08:07 1058509                    /usr/lib/x86_64-linux-gnu/libgdk_pixbuf-2.0.so.0.3000.7
7f174180e000-7f174180f000 r--p 0001f000 08:07 1058509                    /usr/lib/x86_64-linux-gnu/libgdk_pixbuf-2.0.so.0.3000.7
7f174180f000-7f1741810000 rw-p 00020000 08:07 1058509                    /usr/lib/x86_64-linux-gnu/libgdk_pixbuf-2.0.so.0.3000.7
7f1741810000-7f1741824000 r-xp 00000000 08:07 1058891                    /usr/lib/x86_64-linux-gnu/libpangoft2-1.0.so.0.3600.3
7f1741824000-7f1741a23000 ---p 00014000 08:07 1058891                    /usr/lib/x86_64-linux-gnu/libpangoft2-1.0.so.0.3600.3
7f1741a23000-7f1741a24000 r--p 00013000 08:07 1058891                    /usr/lib/x86_64-linux-gnu/libpangoft2-1.0.so.0.3600.3
7f1741a24000-7f1741a25000 rw-p 00014000 08:07 1058891                    /usr/lib/x86_64-linux-gnu/libpangoft2-1.0.so.0.3600.3
7f1741a25000-7f1741b90000 r-xp 00000000 08:07 1058533                    /usr/lib/x86_64-linux-gnu/libgio-2.0.so.0.4000.0
7f1741b90000-7f1741d90000 ---p 0016b000 08:07 1058533                    /usr/lib/x86_64-linux-gnu/libgio-2.0.so.0.4000.0
7f1741d90000-7f1741d94000 r--p 0016b000 08:07 1058533                    /usr/lib/x86_64-linux-gnu/libgio-2.0.so.0.4000.0
7f1741d94000-7f1741d96000 rw-p 0016f000 08:07 1058533                    /usr/lib/x86_64-linux-gnu/libgio-2.0.so.0.4000.0
7f1741d96000-7f1741d98000 rw-p 00000000 00:00 0 
7f1741d98000-7f1741db7000 r-xp 00000000 08:07 1058244                    /usr/lib/x86_64-linux-gnu/libatk-1.0.so.0.21009.1
7f1741db7000-7f1741fb7000 ---p 0001f000 08:07 1058244                    /usr/lib/x86_64-linux-gnu/libatk-1.0.so.0.21009.1
7f1741fb7000-7f1741fb9000 r--p 0001f000 08:07 1058244                    /usr/lib/x86_64-linux-gnu/libatk-1.0.so.0.21009.1
7f1741fb9000-7f1741fba000 rw-p 00021000 08:07 1058244                    /usr/lib/x86_64-linux-gnu/libatk-1.0.so.0.21009.1
7f1741fba000-7f1742067000 r-xp 00000000 08:07 1058507                    /usr/lib/x86_64-linux-gnu/libgdk-x11-2.0.so.0.2400.23
7f1742067000-7f1742266000 ---p 000ad000 08:07 1058507                    /usr/lib/x86_64-linux-gnu/libgdk-x11-2.0.so.0.2400.23
7f1742266000-7f174226a000 r--p 000ac000 08:07 1058507                    /usr/lib/x86_64-linux-gnu/libgdk-x11-2.0.so.0.2400.23
7f174226a000-7f174226c000 rw-p 000b0000 08:07 1058507                    /usr/lib/x86_64-linux-gnu/libgdk-x11-2.0.so.0.2400.23
7f174226c000-7f174269b000 r-xp 00000000 08:07 1058674                    /usr/lib/x86_64-linux-gnu/libgtk-x11-2.0.so.0.2400.23
7f174269b000-7f174289a000 ---p 0042f000 08:07 1058674                    /usr/lib/x86_64-linux-gnu/libgtk-x11-2.0.so.0.2400.23
7f174289a000-7f17428a1000 r--p 0042e000 08:07 1058674                    /usr/lib/x86_64-linux-gnu/libgtk-x11-2.0.so.0.2400.23
7f17428a1000-7f17428a5000 rw-p 00435000 08:07 1058674                    /usr/lib/x86_64-linux-gnu/libgtk-x11-2.0.so.0.2400.23
7f17428a5000-7f17428a8000 rw-p 00000000 00:00 0 
7f17428a8000-7f17428b4000 r-xp 00000000 08:07 2495489                    /usr/lib/jvm/jdk1.8.0_25/jre/lib/amd64/libprism_es2.so
7f17428b4000-7f1742ab3000 ---p 0000c000 08:07 2495489                    /usr/lib/jvm/jdk1.8.0_25/jre/lib/amd64/libprism_es2.so
7f1742ab3000-7f1742ab4000 r--p 0000b000 08:07 2495489                    /usr/lib/jvm/jdk1.8.0_25/jre/lib/amd64/libprism_es2.so
7f1742ab4000-7f1742ab5000 rw-p 0000c000 08:07 2495489                    /usr/lib/jvm/jdk1.8.0_25/jre/lib/amd64/libprism_es2.so
7f1742ab5000-7f1742ab8000 ---p 00000000 00:00 0 
7f1742ab8000-7f1742bb6000 rw-p 00000000 00:00 0                          [stack:14992]
7f1742bb6000-7f1742bb7000 ---p 00000000 00:00 0 
7f1742bb7000-7f1742cb7000 rw-p 00000000 00:00 0                          [stack:14991]
7f1742cb7000-7f1742cba000 ---p 00000000 00:00 0 
7f1742cba000-7f1742db8000 rw-p 00000000 00:00 0                          [stack:14990]
7f1742db8000-7f1742dbb000 ---p 00000000 00:00 0 
7f1742dbb000-7f1742eb9000 rw-p 00000000 00:00 0                          [stack:14989]
7f1742eb9000-7f1742ebc000 ---p 00000000 00:00 0 
7f1742ebc000-7f1742fba000 rw-p 00000000 00:00 0                          [stack:14988]
7f1742fba000-7f1742fbd000 ---p 00000000 00:00 0 
7f1742fbd000-7f17430bb000 rw-p 00000000 00:00 0                          [stack:14987]
7f17430bb000-7f17430be000 ---p 00000000 00:00 0 
7f17430be000-7f17431bc000 rw-p 00000000 00:00 0                          [stack:14986]
7f17431bc000-7f1743afb000 r--p 00000000 08:07 1056763                    /usr/lib/locale/locale-archive
7f1743afb000-7f1743afe000 ---p 00000000 00:00 0 
7f1743afe000-7f1743bfc000 rw-p 00000000 00:00 0                          [stack:14985]
7f1743bfc000-7f1743bff000 ---p 00000000 00:00 0 
7f1743bff000-7f1743cfd000 rw-p 00000000 00:00 0                          [stack:14984]
7f1743cfd000-7f1743cfe000 ---p 00000000 00:00 0 
7f1743cfe000-7f1744000000 rw-p 00000000 00:00 0                          [stack:14983]
7f1744000000-7f1744021000 rw-p 00000000 00:00 0 
7f1744021000-7f1748000000 ---p 00000000 00:00 0 
7f1748000000-7f1748021000 rw-p 00000000 00:00 0 
7f1748021000-7f174c000000 ---p 00000000 00:00 0 
7f174c000000-7f174c021000 rw-p 00000000 00:00 0 
7f174c021000-7f1750000000 ---p 00000000 00:00 0 
7f1750000000-7f1750001000 r--s 00000000 08:07 1187993                    /var/cache/fontconfig/dc05db6664285cc2f12bf69c139ae4c3-le64.cache-4
7f1750001000-7f1750002000 r--s 00000000 08:07 1187971                    /var/cache/fontconfig/4794a0821666d79190d59a36cb4f44b5-le64.cache-4
7f1750002000-7f1750003000 r--s 00000000 08:07 1187973                    /var/cache/fontconfig/56cf4f4769d0f4abc89a4895d7bd3ae1-le64.cache-4
7f1750003000-7f1750009000 r--s 00000000 08:07 1187984                    /var/cache/fontconfig/b47c4e1ecd0709278f4910c18777a504-le64.cache-4
7f1750009000-7f1750012000 r--s 00000000 08:07 1187970                    /var/cache/fontconfig/3f7329c5293ffd510edef78f73874cfd-le64.cache-4
7f1750012000-7f1750016000 r--s 00000000 08:07 1187991                    /var/cache/fontconfig/d589a48862398ed80a3d6066f4f56f4c-le64.cache-4
7f1750016000-7f17500a2000 r--s 00fea000 08:07 267368                     /usr/lib/jvm/jdk1.8.0_25/jre/lib/ext/jfxrt.jar
7f17500a2000-7f1750daf000 rw-p 00000000 00:00 0 
7f1750daf000-7f1750f85000 r--s 03caa000 08:07 2495506                    /usr/lib/jvm/jdk1.8.0_25/jre/lib/rt.jar
7f1750f85000-7f17537ca000 rw-p 00000000 00:00 0 
7f17537ca000-7f17537cb000 ---p 00000000 00:00 0 
7f17537cb000-7f17538cb000 rw-p 00000000 00:00 0                          [stack:14982]
7f17538cb000-7f17538cc000 ---p 00000000 00:00 0 
7f17538cc000-7f17539cc000 rw-p 00000000 00:00 0                          [stack:14981]
7f17539cc000-7f17539cd000 ---p 00000000 00:00 0 
7f17539cd000-7f1753acd000 rw-p 00000000 00:00 0                          [stack:14980]
7f1753acd000-7f1753ace000 ---p 00000000 00:00 0 
7f1753ace000-7f1753bdc000 rw-p 00000000 00:00 0                          [stack:14979]
7f1753bdc000-7f1753d0d000 ---p 00000000 00:00 0 
7f1753d0d000-7f1753d21000 rw-p 00000000 00:00 0 
7f1753d21000-7f1753dad000 ---p 00000000 00:00 0 
7f1753dad000-7f1753dd8000 rw-p 00000000 00:00 0 
7f1753dd8000-7f175416e000 ---p 00000000 00:00 0 
7f175416e000-7f1754bce000 rwxp 00000000 00:00 0 
7f1754bce000-7f176316e000 ---p 00000000 00:00 0 
7f176316e000-7f1763188000 r-xp 00000000 08:07 2495471                    /usr/lib/jvm/jdk1.8.0_25/jre/lib/amd64/libzip.so
7f1763188000-7f1763388000 ---p 0001a000 08:07 2495471                    /usr/lib/jvm/jdk1.8.0_25/jre/lib/amd64/libzip.so
7f1763388000-7f1763389000 rw-p 0001a000 08:07 2495471                    /usr/lib/jvm/jdk1.8.0_25/jre/lib/amd64/libzip.so
7f1763389000-7f1763394000 r-xp 00000000 08:07 1708143                    /lib/x86_64-linux-gnu/libnss_files-2.19.so
7f1763394000-7f1763593000 ---p 0000b000 08:07 1708143                    /lib/x86_64-linux-gnu/libnss_files-2.19.so
7f1763593000-7f1763594000 r--p 0000a000 08:07 1708143                    /lib/x86_64-linux-gnu/libnss_files-2.19.so
7f1763594000-7f1763595000 rw-p 0000b000 08:07 1708143                    /lib/x86_64-linux-gnu/libnss_files-2.19.so
7f1763595000-7f17635a0000 r-xp 00000000 08:07 1708153                    /lib/x86_64-linux-gnu/libnss_nis-2.19.so
7f17635a0000-7f176379f000 ---p 0000b000 08:07 1708153                    /lib/x86_64-linux-gnu/libnss_nis-2.19.so
7f176379f000-7f17637a0000 r--p 0000a000 08:07 1708153                    /lib/x86_64-linux-gnu/libnss_nis-2.19.so
7f17637a0000-7f17637a1000 rw-p 0000b000 08:07 1708153                    /lib/x86_64-linux-gnu/libnss_nis-2.19.so
7f17637a1000-7f17637b8000 r-xp 00000000 08:07 1708137                    /lib/x86_64-linux-gnu/libnsl-2.19.so
7f17637b8000-7f17639b7000 ---p 00017000 08:07 1708137                    /lib/x86_64-linux-gnu/libnsl-2.19.so
7f17639b7000-7f17639b8000 r--p 00016000 08:07 1708137                    /lib/x86_64-linux-gnu/libnsl-2.19.so
7f17639b8000-7f17639b9000 rw-p 00017000 08:07 1708137                    /lib/x86_64-linux-gnu/libnsl-2.19.so
7f17639b9000-7f17639bb000 rw-p 00000000 00:00 0 
7f17639bb000-7f17639c4000 r-xp 00000000 08:07 1708139                    /lib/x86_64-linux-gnu/libnss_compat-2.19.so
7f17639c4000-7f1763bc3000 ---p 00009000 08:07 1708139                    /lib/x86_64-linux-gnu/libnss_compat-2.19.so
7f1763bc3000-7f1763bc4000 r--p 00008000 08:07 1708139                    /lib/x86_64-linux-gnu/libnss_compat-2.19.so
7f1763bc4000-7f1763bc5000 rw-p 00009000 08:07 1708139                    /lib/x86_64-linux-gnu/libnss_compat-2.19.so
7f1763bc5000-7f1763bef000 r-xp 00000000 08:07 2495452                    /usr/lib/jvm/jdk1.8.0_25/jre/lib/amd64/libjava.so
7f1763bef000-7f1763def000 ---p 0002a000 08:07 2495452                    /usr/lib/jvm/jdk1.8.0_25/jre/lib/amd64/libjava.so
7f1763def000-7f1763df1000 rw-p 0002a000 08:07 2495452                    /usr/lib/jvm/jdk1.8.0_25/jre/lib/amd64/libjava.so
7f1763df1000-7f1763dfe000 r-xp 00000000 08:07 2495465                    /usr/lib/jvm/jdk1.8.0_25/jre/lib/amd64/libverify.so
7f1763dfe000-7f1763ffe000 ---p 0000d000 08:07 2495465                    /usr/lib/jvm/jdk1.8.0_25/jre/lib/amd64/libverify.so
7f1763ffe000-7f1764000000 rw-p 0000d000 08:07 2495465                    /usr/lib/jvm/jdk1.8.0_25/jre/lib/amd64/libverify.so
7f1764000000-7f176451a000 rw-p 00000000 00:00 0 
7f176451a000-7f1768000000 ---p 00000000 00:00 0 
7f1768000000-7f1768002000 r--s 00000000 08:07 1191335                    /var/cache/fontconfig/089dead882dea3570ffc31a9898cfb69-le64.cache-4
7f1768002000-7f1768005000 r--s 00000000 08:07 1190693                    /var/cache/fontconfig/e13b20fdb08344e0e664864cc2ede53d-le64.cache-4
7f1768005000-7f1768009000 r--s 00000000 08:07 1188146                    /var/cache/fontconfig/7ef2298fde41cc6eeb7af42e48b7d293-le64.cache-4
7f1768009000-7f1768013000 r--s 00116000 08:07 267363                     /usr/lib/jvm/jdk1.8.0_25/jre/lib/ext/localedata.jar
7f1768013000-7f176801b000 r--s 000c4000 08:07 1717062                    /home/linhsan/NetBeansProjects/ClinicManagement/dist/run131261494/lib/mysql-connector-java-5.1.23-bin.jar
7f176801b000-7f1768023000 rw-s 00000000 00:04 195619                     /drm mm object (deleted)
7f1768023000-7f1768064000 r--p 00000000 08:07 1996843                    /usr/share/glib-2.0/schemas/gschemas.compiled
7f1768064000-7f1768072000 rw-p 00000000 00:00 0 
7f1768072000-7f17681a4000 ---p 00000000 00:00 0 
7f17681a4000-7f17681ab000 r-xp 00000000 08:07 1708196                    /lib/x86_64-linux-gnu/librt-2.19.so
7f17681ab000-7f17683aa000 ---p 00007000 08:07 1708196                    /lib/x86_64-linux-gnu/librt-2.19.so
7f17683aa000-7f17683ab000 r--p 00006000 08:07 1708196                    /lib/x86_64-linux-gnu/librt-2.19.so
7f17683ab000-7f17683ac000 rw-p 00007000 08:07 1708196                    /lib/x86_64-linux-gnu/librt-2.19.so
7f17683ac000-7f17684b1000 r-xp 00000000 08:07 1708118                    /lib/x86_64-linux-gnu/libm-2.19.so
7f17684b1000-7f17686b0000 ---p 00105000 08:07 1708118                    /lib/x86_64-linux-gnu/libm-2.19.so
7f17686b0000-7f17686b1000 r--p 00104000 08:07 1708118                    /lib/x86_64-linux-gnu/libm-2.19.so
7f17686b1000-7f17686b2000 rw-p 00105000 08:07 1708118                    /lib/x86_64-linux-gnu/libm-2.19.so
7f17686b2000-7f176931f000 r-xp 00000000 08:07 2625176                    /usr/lib/jvm/jdk1.8.0_25/jre/lib/amd64/server/libjvm.so
7f176931f000-7f176951e000 ---p 00c6d000 08:07 2625176                    /usr/lib/jvm/jdk1.8.0_25/jre/lib/amd64/server/libjvm.so
7f176951e000-7f17695f4000 rw-p 00c6c000 08:07 2625176                    /usr/lib/jvm/jdk1.8.0_25/jre/lib/amd64/server/libjvm.so
7f17695f4000-7f1769637000 rw-p 00000000 00:00 0 
7f1769637000-7f17697f3000 r-xp 00000000 08:07 1708068                    /lib/x86_64-linux-gnu/libc-2.19.so
7f17697f3000-7f17699f2000 ---p 001bc000 08:07 1708068                    /lib/x86_64-linux-gnu/libc-2.19.so
7f17699f2000-7f17699f6000 r--p 001bb000 08:07 1708068                    /lib/x86_64-linux-gnu/libc-2.19.so
7f17699f6000-7f17699f8000 rw-p 001bf000 08:07 1708068                    /lib/x86_64-linux-gnu/libc-2.19.so
7f17699f8000-7f17699fd000 rw-p 00000000 00:00 0 
7f17699fd000-7f1769a00000 r-xp 00000000 08:07 1708085                    /lib/x86_64-linux-gnu/libdl-2.19.so
7f1769a00000-7f1769bff000 ---p 00003000 08:07 1708085                    /lib/x86_64-linux-gnu/libdl-2.19.so
7f1769bff000-7f1769c00000 r--p 00002000 08:07 1708085                    /lib/x86_64-linux-gnu/libdl-2.19.so
7f1769c00000-7f1769c01000 rw-p 00003000 08:07 1708085                    /lib/x86_64-linux-gnu/libdl-2.19.so
7f1769c01000-7f1769c16000 r-xp 00000000 08:07 2625172                    /usr/lib/jvm/jdk1.8.0_25/jre/lib/amd64/jli/libjli.so
7f1769c16000-7f1769e15000 ---p 00015000 08:07 2625172                    /usr/lib/jvm/jdk1.8.0_25/jre/lib/amd64/jli/libjli.so
7f1769e15000-7f1769e16000 rw-p 00014000 08:07 2625172                    /usr/lib/jvm/jdk1.8.0_25/jre/lib/amd64/jli/libjli.so
7f1769e16000-7f1769e2f000 r-xp 00000000 08:07 1708188                    /lib/x86_64-linux-gnu/libpthread-2.19.so
7f1769e2f000-7f176a02e000 ---p 00019000 08:07 1708188                    /lib/x86_64-linux-gnu/libpthread-2.19.so
7f176a02e000-7f176a02f000 r--p 00018000 08:07 1708188                    /lib/x86_64-linux-gnu/libpthread-2.19.so
7f176a02f000-7f176a030000 rw-p 00019000 08:07 1708188                    /lib/x86_64-linux-gnu/libpthread-2.19.so
7f176a030000-7f176a034000 rw-p 00000000 00:00 0 
7f176a034000-7f176a057000 r-xp 00000000 08:07 1708044                    /lib/x86_64-linux-gnu/ld-2.19.so
7f176a057000-7f176a058000 r--s 00000000 08:07 1187985                    /var/cache/fontconfig/b9d506c9ac06c20b433354fa67a72993-le64.cache-4
7f176a058000-7f176a05c000 r--s 00093000 08:07 2495509                    /usr/lib/jvm/jdk1.8.0_25/jre/lib/jsse.jar
7f176a05c000-7f176a064000 rw-s 00000000 00:04 196695                     /drm mm object (deleted)
7f176a064000-7f176a06c000 rw-s 00000000 00:04 195614                     /drm mm object (deleted)
7f176a06c000-7f176a072000 r--p 00000000 08:07 1593722                    /home/linhsan/.config/dconf/user
7f176a072000-7f176a07a000 rw-s 00000000 00:04 190179                     /drm mm object (deleted)
7f176a07a000-7f176a137000 rw-p 00000000 00:00 0 
7f176a137000-7f176a13a000 ---p 00000000 00:00 0 
7f176a13a000-7f176a23c000 rw-p 00000000 00:00 0                          [stack:14978]
7f176a23c000-7f176a23d000 r--s 00000000 08:07 1187962                    /var/cache/fontconfig/0c9eb80ebd1c36541ebe2852d3bb0c49-le64.cache-4
7f176a23d000-7f176a23e000 rw-s 00000000 00:04 195615                     /drm mm object (deleted)
7f176a23e000-7f176a23f000 r--s 00000000 00:15 156619                     /run/user/1000/dconf/user
7f176a23f000-7f176a240000 rw-s 00000000 00:04 190176                     /drm mm object (deleted)
7f176a240000-7f176a248000 rw-s 00000000 00:04 190175                     /drm mm object (deleted)
7f176a248000-7f176a24a000 r--s 00004000 08:07 1717049                    /home/linhsan/NetBeansProjects/ClinicManagement/dist/run131261494/ClinicManagement.jar
7f176a24a000-7f176a252000 rw-s 00000000 08:07 394599                     /tmp/hsperfdata_linhsan/14974
7f176a252000-7f176a253000 rw-p 00000000 00:00 0 
7f176a253000-7f176a254000 r--p 00000000 00:00 0 
7f176a254000-7f176a256000 rw-p 00000000 00:00 0 
7f176a256000-7f176a257000 r--p 00022000 08:07 1708044                    /lib/x86_64-linux-gnu/ld-2.19.so
7f176a257000-7f176a258000 rw-p 00023000 08:07 1708044                    /lib/x86_64-linux-gnu/ld-2.19.so
7f176a258000-7f176a259000 rw-p 00000000 00:00 0 
7fff88398000-7fff883b9000 rw-p 00000000 00:00 0                          [stack]
7fff883fe000-7fff88400000 r-xp 00000000 00:00 0                          [vdso]
ffffffffff600000-ffffffffff601000 r-xp 00000000 00:00 0                  [vsyscall]

VM Arguments:
jvm_args: -Dfile.encoding=UTF-8 
java_command: /home/linhsan/NetBeansProjects/ClinicManagement/dist/run131261494/ClinicManagement.jar
java_class_path (initial): /home/linhsan/NetBeansProjects/ClinicManagement/dist/run131261494/ClinicManagement.jar
Launcher Type: SUN_STANDARD

Environment Variables:
PATH=/usr/local/sbin:/usr/local/bin:/usr/sbin:/usr/bin:/sbin:/bin:/usr/games:/usr/local/games
LD_LIBRARY_PATH=/usr/lib/jvm/jdk1.8.0_25/jre/lib/amd64:/usr/lib/jvm/jdk1.8.0_25/jre/lib/i386:
SHELL=/bin/bash
DISPLAY=:0

Signal Handlers:
SIGSEGV: [libjvm.so+0xa79a80], sa_mask[0]=11111111011111111101111111111110, sa_flags=SA_RESTART|SA_SIGINFO
SIGBUS: [libjvm.so+0xa79a80], sa_mask[0]=11111111011111111101111111111110, sa_flags=SA_RESTART|SA_SIGINFO
SIGFPE: [libjvm.so+0x8e24e0], sa_mask[0]=11111111011111111101111111111110, sa_flags=SA_RESTART|SA_SIGINFO
SIGPIPE: SIG_IGN, sa_mask[0]=00000000000010000000000000000000, sa_flags=SA_RESTART
SIGXFSZ: [libjvm.so+0x8e24e0], sa_mask[0]=11111111011111111101111111111110, sa_flags=SA_RESTART|SA_SIGINFO
SIGILL: [libjvm.so+0x8e24e0], sa_mask[0]=11111111011111111101111111111110, sa_flags=SA_RESTART|SA_SIGINFO
SIGUSR1: SIG_DFL, sa_mask[0]=00000000000000000000000000000000, sa_flags=none
SIGUSR2: [libjvm.so+0x8e3d10], sa_mask[0]=00100000000000000000000000000000, sa_flags=SA_RESTART|SA_SIGINFO
SIGHUP: [libjvm.so+0x8e50d0], sa_mask[0]=11111111011111111101111111111110, sa_flags=SA_RESTART|SA_SIGINFO
SIGINT: SIG_IGN, sa_mask[0]=00000000000000000000000000000000, sa_flags=none
SIGTERM: [libjvm.so+0x8e50d0], sa_mask[0]=11111111011111111101111111111110, sa_flags=SA_RESTART|SA_SIGINFO
SIGQUIT: [libjvm.so+0x8e50d0], sa_mask[0]=11111111011111111101111111111110, sa_flags=SA_RESTART|SA_SIGINFO


---------------  S Y S T E M  ---------------

OS:DISTRIB_ID=Ubuntu
DISTRIB_RELEASE=14.04
DISTRIB_CODENAME=trusty
DISTRIB_DESCRIPTION="Ubuntu 14.04 LTS"

uname:Linux 3.13.0-24-generic #46-Ubuntu SMP Thu Apr 10 19:11:08 UTC 2014 x86_64
libc:glibc 2.19 NPTL 2.19 
rlimit: STACK 8192k, CORE 0k, NPROC 30460, NOFILE 4096, AS infinity
load average:1,08 1,97 1,50

/proc/meminfo:
MemTotal:        3920420 kB
MemFree:          253676 kB
Buffers:           38044 kB
Cached:           872044 kB
SwapCached:       108032 kB
Active:          2200392 kB
Inactive:        1235740 kB
Active(anon):    1941988 kB
Inactive(anon):  1074392 kB
Active(file):     258404 kB
Inactive(file):   161348 kB
Unevictable:          80 kB
Mlocked:              80 kB
SwapTotal:       7762940 kB
SwapFree:        7375144 kB
Dirty:               152 kB
Writeback:             0 kB
AnonPages:       2437960 kB
Mapped:           298696 kB
Shmem:            490336 kB
Slab:              93984 kB
SReclaimable:      52680 kB
SUnreclaim:        41304 kB
KernelStack:        5736 kB
PageTables:        51884 kB
NFS_Unstable:          0 kB
Bounce:                0 kB
WritebackTmp:          0 kB
CommitLimit:     9723148 kB
Committed_AS:    8198780 kB
VmallocTotal:   34359738367 kB
VmallocUsed:      545908 kB
VmallocChunk:   34359181820 kB
HardwareCorrupted:     0 kB
AnonHugePages:    792576 kB
HugePages_Total:       0
HugePages_Free:        0
HugePages_Rsvd:        0
HugePages_Surp:        0
Hugepagesize:       2048 kB
DirectMap4k:       83708 kB
DirectMap2M:     3983360 kB


CPU:total 4 (2 cores per cpu, 2 threads per core) family 6 model 58 stepping 9, cmov, cx8, fxsr, mmx, sse, sse2, sse3, ssse3, sse4.1, sse4.2, popcnt, avx, aes, clmul, erms, ht, tsc, tscinvbit, tscinv

/proc/cpuinfo:
processor	: 0
vendor_id	: GenuineIntel
cpu family	: 6
model		: 58
model name	: Intel(R) Core(TM) i5-3230M CPU @ 2.60GHz
stepping	: 9
microcode	: 0x15
cpu MHz		: 1200.000
cache size	: 3072 KB
physical id	: 0
siblings	: 4
core id		: 0
cpu cores	: 2
apicid		: 0
initial apicid	: 0
fpu		: yes
fpu_exception	: yes
cpuid level	: 13
wp		: yes
flags		: fpu vme de pse tsc msr pae mce cx8 apic sep mtrr pge mca cmov pat pse36 clflush dts acpi mmx fxsr sse sse2 ss ht tm pbe syscall nx rdtscp lm constant_tsc arch_perfmon pebs bts rep_good nopl xtopology nonstop_tsc aperfmperf eagerfpu pni pclmulqdq dtes64 monitor ds_cpl vmx est tm2 ssse3 cx16 xtpr pdcm pcid sse4_1 sse4_2 x2apic popcnt tsc_deadline_timer aes xsave avx f16c rdrand lahf_lm ida arat epb xsaveopt pln pts dtherm tpr_shadow vnmi flexpriority ept vpid fsgsbase smep erms
bogomips	: 5188.11
clflush size	: 64
cache_alignment	: 64
address sizes	: 36 bits physical, 48 bits virtual
power management:

processor	: 1
vendor_id	: GenuineIntel
cpu family	: 6
model		: 58
model name	: Intel(R) Core(TM) i5-3230M CPU @ 2.60GHz
stepping	: 9
microcode	: 0x15
cpu MHz		: 2601.000
cache size	: 3072 KB
physical id	: 0
siblings	: 4
core id		: 0
cpu cores	: 2
apicid		: 1
initial apicid	: 1
fpu		: yes
fpu_exception	: yes
cpuid level	: 13
wp		: yes
flags		: fpu vme de pse tsc msr pae mce cx8 apic sep mtrr pge mca cmov pat pse36 clflush dts acpi mmx fxsr sse sse2 ss ht tm pbe syscall nx rdtscp lm constant_tsc arch_perfmon pebs bts rep_good nopl xtopology nonstop_tsc aperfmperf eagerfpu pni pclmulqdq dtes64 monitor ds_cpl vmx est tm2 ssse3 cx16 xtpr pdcm pcid sse4_1 sse4_2 x2apic popcnt tsc_deadline_timer aes xsave avx f16c rdrand lahf_lm ida arat epb xsaveopt pln pts dtherm tpr_shadow vnmi flexpriority ept vpid fsgsbase smep erms
bogomips	: 5188.11
clflush size	: 64
cache_alignment	: 64
address sizes	: 36 bits physical, 48 bits virtual
power management:

processor	: 2
vendor_id	: GenuineIntel
cpu family	: 6
model		: 58
model name	: Intel(R) Core(TM) i5-3230M CPU @ 2.60GHz
stepping	: 9
microcode	: 0x15
cpu MHz		: 2601.000
cache size	: 3072 KB
physical id	: 0
siblings	: 4
core id		: 1
cpu cores	: 2
apicid		: 2
initial apicid	: 2
fpu		: yes
fpu_exception	: yes
cpuid level	: 13
wp		: yes
flags		: fpu vme de pse tsc msr pae mce cx8 apic sep mtrr pge mca cmov pat pse36 clflush dts acpi mmx fxsr sse sse2 ss ht tm pbe syscall nx rdtscp lm constant_tsc arch_perfmon pebs bts rep_good nopl xtopology nonstop_tsc aperfmperf eagerfpu pni pclmulqdq dtes64 monitor ds_cpl vmx est tm2 ssse3 cx16 xtpr pdcm pcid sse4_1 sse4_2 x2apic popcnt tsc_deadline_timer aes xsave avx f16c rdrand lahf_lm ida arat epb xsaveopt pln pts dtherm tpr_shadow vnmi flexpriority ept vpid fsgsbase smep erms
bogomips	: 5188.11
clflush size	: 64
cache_alignment	: 64
address sizes	: 36 bits physical, 48 bits virtual
power management:

processor	: 3
vendor_id	: GenuineIntel
cpu family	: 6
model		: 58
model name	: Intel(R) Core(TM) i5-3230M CPU @ 2.60GHz
stepping	: 9
microcode	: 0x15
cpu MHz		: 2400.000
cache size	: 3072 KB
physical id	: 0
siblings	: 4
core id		: 1
cpu cores	: 2
apicid		: 3
initial apicid	: 3
fpu		: yes
fpu_exception	: yes
cpuid level	: 13
wp		: yes
flags		: fpu vme de pse tsc msr pae mce cx8 apic sep mtrr pge mca cmov pat pse36 clflush dts acpi mmx fxsr sse sse2 ss ht tm pbe syscall nx rdtscp lm constant_tsc arch_perfmon pebs bts rep_good nopl xtopology nonstop_tsc aperfmperf eagerfpu pni pclmulqdq dtes64 monitor ds_cpl vmx est tm2 ssse3 cx16 xtpr pdcm pcid sse4_1 sse4_2 x2apic popcnt tsc_deadline_timer aes xsave avx f16c rdrand lahf_lm ida arat epb xsaveopt pln pts dtherm tpr_shadow vnmi flexpriority ept vpid fsgsbase smep erms
bogomips	: 5188.11
clflush size	: 64
cache_alignment	: 64
address sizes	: 36 bits physical, 48 bits virtual
power management:



Memory: 4k page, physical 3920420k(253552k free), swap 7762940k(7375144k free)

vm_info: Java HotSpot(TM) 64-Bit Server VM (25.25-b02) for linux-amd64 JRE (1.8.0_25-b17), built on Sep 17 2014 17:32:11 by "java_re" with gcc 4.3.0 20080428 (Red Hat 4.3.0-8)

time: Thu Nov  5 20:42:10 2015
elapsed time: 50 seconds (0d 0h 0m 50s)

