#
# A fatal error has been detected by the Java Runtime Environment:
#
#  SIGSEGV (0xb) at pc=0x00007f1af9020ed2, pid=4194, tid=139752580781824
#
# JRE version: Java(TM) SE Runtime Environment (8.0_25-b17) (build 1.8.0_25-b17)
# Java VM: Java HotSpot(TM) 64-Bit Server VM (25.25-b02 mixed mode linux-amd64 compressed oops)
# Problematic frame:
# j  com.sun.glass.ui.gtk.GtkView.notifyInputMethodDraw(Ljava/lang/String;III)V+13
#
# Failed to write core dump. Core dumps have been disabled. To enable core dumping, try "ulimit -c unlimited" before starting Java again
#
# If you would like to submit a bug report, please visit:
#   http://bugreport.sun.com/bugreport/crash.jsp
#

---------------  T H R E A D  ---------------

Current thread (0x00007f1b08314800):  JavaThread "JavaFX Application Thread" [_thread_in_Java, id=4218, stack(0x00007f1aaedf1000,0x00007f1aaeef2000)]

siginfo: si_signo: 11 (SIGSEGV), si_code: 1 (SEGV_MAPERR), si_addr: 0x0000000098014948

Registers:
RAX=0x0000000000100000, RBX=0x00007f1af8696a58, RCX=0x0000000098014948, RDX=0x0000000070500004
RSP=0x00007f1aaeeef420, RBP=0x00007f1aaeeef488, RSI=0x00007f1af9010940, RDI=0x00007f1aaeeef560
R8 =0x00007f1af9010940, R9 =0x00007f1aaeeef708, R10=0x00007f1b0ee09440, R11=0x0000000000017101
R12=0x0000000000000000, R13=0x00007f1af8afa8c5, R14=0x00007f1aaeeef4b8, R15=0x00007f1b08314800
RIP=0x00007f1af9020ed2, EFLAGS=0x0000000000010206, CSGSFS=0x0000000000000033, ERR=0x0000000000000004
  TRAPNO=0x000000000000000e

Top of Stack: (sp=0x00007f1aaeeef420)
0x00007f1aaeeef420:   00007f1af9007710 00000000ecb4e9d0
0x00007f1aaeeef430:   0000000000000003 0000000000000000
0x00007f1aaeeef440:   0000000098014948 00007f1aaeeef448
0x00007f1aaeeef450:   00007f1af8afa8c5 00007f1aaeeef4b8
0x00007f1aaeeef460:   00007f1af8b04408 00007f1aad39d140
0x00007f1aaeeef470:   00007f1af8afa8f8 0000000000000000
0x00007f1aaeeef480:   00007f1aaeeef498 00007f1aaeeef520
0x00007f1aaeeef490:   00007f1af90004e7 00007f1a00000004
0x00007f1aaeeef4a0:   0000000000000003 00007f1a00000000
0x00007f1aaeeef4b0:   00000000ecb4e9d0 00007f1a98014918
0x00007f1aaeeef4c0:   0000000000001fa0 00007f1b083140a8
0x00007f1aaeeef4d0:   00007f1b08314800 00007f1aaeeef5a0
0x00007f1aaeeef4e0:   00007f1a98014918 00007f1aaeeef560
0x00007f1aaeeef4f0:   00007f1aaeeef560 00007f1aaeeef8b8
0x00007f1aaeeef500:   00007f1a0000000a 00007f1af8afa8f8
0x00007f1aaeeef510:   00007f1af9010940 00007f1aaeeef708
0x00007f1aaeeef520:   00007f1aaeeef690 00007f1b0e511086
0x00007f1aaeeef530:   00007f1b00000005 00007f1b08314800
0x00007f1aaeeef540:   00007f1aaeeef700 00007f1aaeeef8b0
0x00007f1aaeeef550:   00007f1af9010940 000000000000000a
0x00007f1aaeeef560:   00007f1b08314800 00007f1a98000a30
0x00007f1aaeeef570:   00007f1af8afa8f8 00007f1a98014918
0x00007f1aaeeef580:   00007f1aaeef0600 00007f1af90156a8
0x00007f1aaeeef590:   00007f1aaeef0660 00007f1aaeeef8b0
0x00007f1aaeeef5a0:   00007f1b08314800 00007f1b08314050
0x00007f1aaeeef5b0:   00007f1b08314090 00007f1b083140b0
0x00007f1aaeeef5c0:   00007f1b08314178 00000000000000d8
0x00007f1aaeeef5d0:   00007f1aaeef0890 49c3618259ed9c00
0x00007f1aaeeef5e0:   00007f1af8afa8f8 00007f1b08314800
0x00007f1aaeeef5f0:   00007f1b0829ad90 00007f1b0829ada8
0x00007f1aaeeef600:   00007f1af8afa8f8 00007f1b08314800
0x00007f1aaeeef610:   00007f1aaeeef620 00007f1ab62f8dd7 

Instructions: (pc=0x00007f1af9020ed2)
0x00007f1af9020eb2:   e0 0e 1b 7f 00 00 49 8b 14 d2 52 41 8b d5 4c 8b
0x00007f1af9020ec2:   6d c8 8b c2 81 e0 00 00 10 00 0f 84 6a 01 00 00
0x00007f1af9020ed2:   48 3b 01 48 8b 45 e0 48 85 c0 0f 84 12 00 00 00
0x00007f1af9020ee2:   48 83 40 08 01 48 83 58 08 00 48 83 c0 30 48 89 

Register to memory mapping:

RAX=0x0000000000100000 is an unknown value
RBX={method} {0x00007f1af8696a58} 'replace' '(IILjava/lang/String;)Ljava/lang/StringBuilder;' in 'java/lang/StringBuilder'
RCX=0x0000000098014948 is an unknown value
RDX=0x0000000070500004 is an unknown value
RSP=0x00007f1aaeeef420 is pointing into the stack for thread: 0x00007f1b08314800
RBP=0x00007f1aaeeef488 is pointing into the stack for thread: 0x00007f1b08314800
RSI=0x00007f1af9010940 is at code_begin+0 in an Interpreter codelet
method entry point (kind = zerolocals)  [0x00007f1af9010940, 0x00007f1af9010dc0]  1152 bytes
RDI=0x00007f1aaeeef560 is pointing into the stack for thread: 0x00007f1b08314800
R8 =0x00007f1af9010940 is at code_begin+0 in an Interpreter codelet
method entry point (kind = zerolocals)  [0x00007f1af9010940, 0x00007f1af9010dc0]  1152 bytes
R9 =0x00007f1aaeeef708 is pointing into the stack for thread: 0x00007f1b08314800
R10=0x00007f1b0ee09440: <offset 0xf5c440> in /usr/lib/jvm/jdk1.8.0_25/jre/lib/amd64/server/libjvm.so at 0x00007f1b0dead000
R11=0x0000000000017101 is an unknown value
R12=0x0000000000000000 is an unknown value
R13=0x00007f1af8afa8c5 is pointing into metadata
R14=0x00007f1aaeeef4b8 is pointing into the stack for thread: 0x00007f1b08314800
R15=0x00007f1b08314800 is a thread


Stack: [0x00007f1aaedf1000,0x00007f1aaeef2000],  sp=0x00007f1aaeeef420,  free space=1017k
Native frames: (J=compiled Java code, j=interpreted, Vv=VM code, C=native code)
j  com.sun.glass.ui.gtk.GtkView.notifyInputMethodDraw(Ljava/lang/String;III)V+13
v  ~StubRoutines::call_stub
V  [libjvm.so+0x664086]  JavaCalls::call_helper(JavaValue*, methodHandle*, JavaCallArguments*, Thread*)+0x1056
V  [libjvm.so+0x6aa05b]  jni_invoke_nonstatic(JNIEnv_*, JavaValue*, _jobject*, JNICallType, _jmethodID*, JNI_ArgumentPusher*, Thread*)+0x41b
V  [libjvm.so+0x6ba06f]  jni_CallVoidMethodV+0x10f
C  [libglass.so+0x145e8]  JNIEnv_::CallVoidMethod(_jobject*, _jmethodID*, ...)+0x98
C  [libglass.so+0x1a93a]  im_preedit_draw(_XIM*, char*, char*)+0x8a
C  [libX11.so.6+0x591d8]
C  0x0000000000000004


---------------  P R O C E S S  ---------------

Java Threads: ( => current thread )
  0x00007f1a98169000 JavaThread "Prism Font Disposer" daemon [_thread_blocked, id=4223, stack(0x00007f1aada27000,0x00007f1aadb28000)]
  0x00007f1a9827d800 JavaThread "Abandoned connection cleanup thread" daemon [_thread_blocked, id=4220, stack(0x00007f1aae9ef000,0x00007f1aaeaf0000)]
  0x00007f1b08318800 JavaThread "JavaFX-Launcher" [_thread_blocked, id=4219, stack(0x00007f1aaecf0000,0x00007f1aaedf1000)]
=>0x00007f1b08314800 JavaThread "JavaFX Application Thread" [_thread_in_Java, id=4218, stack(0x00007f1aaedf1000,0x00007f1aaeef2000)]
  0x00007f1b08310800 JavaThread "Thread-1" daemon [_thread_blocked, id=4217, stack(0x00007f1aaeef2000,0x00007f1aaeff3000)]
  0x00007f1b08262000 JavaThread "QuantumRenderer-0" daemon [_thread_blocked, id=4212, stack(0x00007f1af02bb000,0x00007f1af03bc000)]
  0x00007f1b08190000 JavaThread "Service Thread" daemon [_thread_blocked, id=4210, stack(0x00007f1af04bd000,0x00007f1af05be000)]
  0x00007f1b08178000 JavaThread "C1 CompilerThread2" daemon [_thread_blocked, id=4209, stack(0x00007f1af05be000,0x00007f1af06bf000)]
  0x00007f1b08176000 JavaThread "C2 CompilerThread1" daemon [_thread_blocked, id=4208, stack(0x00007f1af06bf000,0x00007f1af07c0000)]
  0x00007f1b08173000 JavaThread "C2 CompilerThread0" daemon [_thread_blocked, id=4207, stack(0x00007f1af07c0000,0x00007f1af08c1000)]
  0x00007f1b08171000 JavaThread "Signal Dispatcher" daemon [_thread_blocked, id=4206, stack(0x00007f1af08c1000,0x00007f1af09c2000)]
  0x00007f1b08143800 JavaThread "Finalizer" daemon [_thread_blocked, id=4205, stack(0x00007f1af1301000,0x00007f1af1402000)]
  0x00007f1b08141800 JavaThread "Reference Handler" daemon [_thread_blocked, id=4204, stack(0x00007f1af1402000,0x00007f1af1503000)]
  0x00007f1b0800a000 JavaThread "main" [_thread_blocked, id=4198, stack(0x00007f1b0f931000,0x00007f1b0fa32000)]

Other Threads:
  0x00007f1b0813a000 VMThread [stack: 0x00007f1af1503000,0x00007f1af1604000] [id=4203]
  0x00007f1b08192000 WatcherThread [stack: 0x00007f1af03bc000,0x00007f1af04bd000] [id=4211]

VM state:not at safepoint (normal execution)

VM Mutex/Monitor currently owned by a thread: None

Heap:
 PSYoungGen      total 33280K, used 15428K [0x00000000ec100000, 0x00000000ee900000, 0x0000000100000000)
  eden space 28160K, 38% used [0x00000000ec100000,0x00000000ecb89360,0x00000000edc80000)
  from space 5120K, 90% used [0x00000000ee400000,0x00000000ee888000,0x00000000ee900000)
  to   space 5632K, 0% used [0x00000000ede00000,0x00000000ede00000,0x00000000ee380000)
 ParOldGen       total 27648K, used 7056K [0x00000000c4200000, 0x00000000c5d00000, 0x00000000ec100000)
  object space 27648K, 25% used [0x00000000c4200000,0x00000000c48e43c0,0x00000000c5d00000)
 Metaspace       used 22467K, capacity 23770K, committed 23808K, reserved 1069056K
  class space    used 3080K, capacity 3294K, committed 3328K, reserved 1048576K

Card table byte_map: [0x00007f1b0c56d000,0x00007f1b0c74d000] byte_map_base: 0x00007f1b0bf4c000

Marking Bits: (ParMarkBitMap*) 0x00007f1b0ee072c0
 Begin Bits: [0x00007f1af2210000, 0x00007f1af3108000)
 End Bits:   [0x00007f1af3108000, 0x00007f1af4000000)

Polling page: 0x00007f1b0fa4e000

CodeCache: size=245760Kb used=13264Kb max_used=13276Kb free=232495Kb
 bounds [0x00007f1af9000000, 0x00007f1af9d10000, 0x00007f1b08000000]
 total_blobs=4703 nmethods=3997 adapters=619
 compilation: enabled

Compilation events (10 events):
Event: 32,534 Thread 0x00007f1b08178000 nmethod 4137 0x00007f1af9cfd810 code [0x00007f1af9cfd980, 0x00007f1af9cfdb08]
Event: 32,537 Thread 0x00007f1b08176000 nmethod 4136 0x00007f1af9cfabd0 code [0x00007f1af9cfad20, 0x00007f1af9cfae28]
Event: 32,544 Thread 0x00007f1b08178000 4138       3       java.util.ArrayDeque::remove (5 bytes)
Event: 32,545 Thread 0x00007f1b08178000 nmethod 4138 0x00007f1af9cfa550 code [0x00007f1af9cfa6e0, 0x00007f1af9cfa9b8]
Event: 32,545 Thread 0x00007f1b08178000 4139       3       java.util.ArrayDeque::removeFirst (19 bytes)
Event: 32,545 Thread 0x00007f1b08178000 nmethod 4139 0x00007f1af9cfce90 code [0x00007f1af9cfd020, 0x00007f1af9cfd298]
Event: 33,123 Thread 0x00007f1b08173000 4140       4       java.util.WeakHashMap::<init> (133 bytes)
Event: 33,123 Thread 0x00007f1b08176000 4141       4       java.util.WeakHashMap$EntryIterator::next (5 bytes)
Event: 33,126 Thread 0x00007f1b08176000 nmethod 4141 0x00007f1af9d00190 code [0x00007f1af9d002e0, 0x00007f1af9d003d8]
Event: 33,129 Thread 0x00007f1b08173000 nmethod 4140 0x00007f1af9cffad0 code [0x00007f1af9cffc40, 0x00007f1af9cfff88]

GC Heap History (10 events):
Event: 16,165 GC heap before
{Heap before GC invocations=3 (full 0):
 PSYoungGen      total 17920K, used 17904K [0x00000000ec100000, 0x00000000ed500000, 0x0000000100000000)
  eden space 15360K, 100% used [0x00000000ec100000,0x00000000ed000000,0x00000000ed000000)
  from space 2560K, 99% used [0x00000000ed280000,0x00000000ed4fc0a0,0x00000000ed500000)
  to   space 2560K, 0% used [0x00000000ed000000,0x00000000ed000000,0x00000000ed280000)
 ParOldGen       total 40960K, used 2737K [0x00000000c4200000, 0x00000000c6a00000, 0x00000000ec100000)
  object space 40960K, 6% used [0x00000000c4200000,0x00000000c44ac7b8,0x00000000c6a00000)
 Metaspace       used 18589K, capacity 19122K, committed 19456K, reserved 1067008K
  class space    used 2573K, capacity 2720K, committed 2816K, reserved 1048576K
Event: 16,171 GC heap after
Heap after GC invocations=3 (full 0):
 PSYoungGen      total 17920K, used 2544K [0x00000000ec100000, 0x00000000ed500000, 0x0000000100000000)
  eden space 15360K, 0% used [0x00000000ec100000,0x00000000ec100000,0x00000000ed000000)
  from space 2560K, 99% used [0x00000000ed000000,0x00000000ed27c0d8,0x00000000ed280000)
  to   space 2560K, 0% used [0x00000000ed280000,0x00000000ed280000,0x00000000ed500000)
 ParOldGen       total 40960K, used 3982K [0x00000000c4200000, 0x00000000c6a00000, 0x00000000ec100000)
  object space 40960K, 9% used [0x00000000c4200000,0x00000000c45e3b88,0x00000000c6a00000)
 Metaspace       used 18589K, capacity 19122K, committed 19456K, reserved 1067008K
  class space    used 2573K, capacity 2720K, committed 2816K, reserved 1048576K
}
Event: 16,649 GC heap before
{Heap before GC invocations=4 (full 0):
 PSYoungGen      total 17920K, used 17904K [0x00000000ec100000, 0x00000000ed500000, 0x0000000100000000)
  eden space 15360K, 100% used [0x00000000ec100000,0x00000000ed000000,0x00000000ed000000)
  from space 2560K, 99% used [0x00000000ed000000,0x00000000ed27c0d8,0x00000000ed280000)
  to   space 2560K, 0% used [0x00000000ed280000,0x00000000ed280000,0x00000000ed500000)
 ParOldGen       total 40960K, used 3982K [0x00000000c4200000, 0x00000000c6a00000, 0x00000000ec100000)
  object space 40960K, 9% used [0x00000000c4200000,0x00000000c45e3b88,0x00000000c6a00000)
 Metaspace       used 19625K, capacity 20368K, committed 20608K, reserved 1067008K
  class space    used 2724K, capacity 2901K, committed 2944K, reserved 1048576K
Event: 16,662 GC heap after
Heap after GC invocations=4 (full 0):
 PSYoungGen      total 17920K, used 2544K [0x00000000ec100000, 0x00000000ed500000, 0x0000000100000000)
  eden space 15360K, 0% used [0x00000000ec100000,0x00000000ec100000,0x00000000ed000000)
  from space 2560K, 99% used [0x00000000ed280000,0x00000000ed4fc0a8,0x00000000ed500000)
  to   space 2560K, 0% used [0x00000000ed000000,0x00000000ed000000,0x00000000ed280000)
 ParOldGen       total 40960K, used 4842K [0x00000000c4200000, 0x00000000c6a00000, 0x00000000ec100000)
  object space 40960K, 11% used [0x00000000c4200000,0x00000000c46baac8,0x00000000c6a00000)
 Metaspace       used 19625K, capacity 20368K, committed 20608K, reserved 1067008K
  class space    used 2724K, capacity 2901K, committed 2944K, reserved 1048576K
}
Event: 16,882 GC heap before
{Heap before GC invocations=5 (full 0):
 PSYoungGen      total 17920K, used 9647K [0x00000000ec100000, 0x00000000ed500000, 0x0000000100000000)
  eden space 15360K, 46% used [0x00000000ec100000,0x00000000ec7efc98,0x00000000ed000000)
  from space 2560K, 99% used [0x00000000ed280000,0x00000000ed4fc0a8,0x00000000ed500000)
  to   space 2560K, 0% used [0x00000000ed000000,0x00000000ed000000,0x00000000ed280000)
 ParOldGen       total 40960K, used 4842K [0x00000000c4200000, 0x00000000c6a00000, 0x00000000ec100000)
  object space 40960K, 11% used [0x00000000c4200000,0x00000000c46baac8,0x00000000c6a00000)
 Metaspace       used 20334K, capacity 21174K, committed 21248K, reserved 1067008K
  class space    used 2843K, capacity 3030K, committed 3072K, reserved 1048576K
Event: 16,900 GC heap after
Heap after GC invocations=5 (full 0):
 PSYoungGen      total 17920K, used 2544K [0x00000000ec100000, 0x00000000ee900000, 0x0000000100000000)
  eden space 15360K, 0% used [0x00000000ec100000,0x00000000ec100000,0x00000000ed000000)
  from space 2560K, 99% used [0x00000000ed000000,0x00000000ed27c088,0x00000000ed280000)
  to   space 5120K, 0% used [0x00000000ee400000,0x00000000ee400000,0x00000000ee900000)
 ParOldGen       total 40960K, used 5531K [0x00000000c4200000, 0x00000000c6a00000, 0x00000000ec100000)
  object space 40960K, 13% used [0x00000000c4200000,0x00000000c4766e28,0x00000000c6a00000)
 Metaspace       used 20334K, capacity 21174K, committed 21248K, reserved 1067008K
  class space    used 2843K, capacity 3030K, committed 3072K, reserved 1048576K
}
Event: 16,901 GC heap before
{Heap before GC invocations=6 (full 1):
 PSYoungGen      total 17920K, used 2544K [0x00000000ec100000, 0x00000000ee900000, 0x0000000100000000)
  eden space 15360K, 0% used [0x00000000ec100000,0x00000000ec100000,0x00000000ed000000)
  from space 2560K, 99% used [0x00000000ed000000,0x00000000ed27c088,0x00000000ed280000)
  to   space 5120K, 0% used [0x00000000ee400000,0x00000000ee400000,0x00000000ee900000)
 ParOldGen       total 40960K, used 5531K [0x00000000c4200000, 0x00000000c6a00000, 0x00000000ec100000)
  object space 40960K, 13% used [0x00000000c4200000,0x00000000c4766e28,0x00000000c6a00000)
 Metaspace       used 20334K, capacity 21174K, committed 21248K, reserved 1067008K
  class space    used 2843K, capacity 3030K, committed 3072K, reserved 1048576K
Event: 16,964 GC heap after
Heap after GC invocations=6 (full 1):
 PSYoungGen      total 17920K, used 0K [0x00000000ec100000, 0x00000000ee900000, 0x0000000100000000)
  eden space 15360K, 0% used [0x00000000ec100000,0x00000000ec100000,0x00000000ed000000)
  from space 2560K, 0% used [0x00000000ed000000,0x00000000ed000000,0x00000000ed280000)
  to   space 5120K, 0% used [0x00000000ee400000,0x00000000ee400000,0x00000000ee900000)
 ParOldGen       total 27648K, used 7048K [0x00000000c4200000, 0x00000000c5d00000, 0x00000000ec100000)
  object space 27648K, 25% used [0x00000000c4200000,0x00000000c48e23c0,0x00000000c5d00000)
 Metaspace       used 20332K, capacity 21172K, committed 21248K, reserved 1067008K
  class space    used 2842K, capacity 3029K, committed 3072K, reserved 1048576K
}
Event: 18,833 GC heap before
{Heap before GC invocations=7 (full 1):
 PSYoungGen      total 17920K, used 15360K [0x00000000ec100000, 0x00000000ee900000, 0x0000000100000000)
  eden space 15360K, 100% used [0x00000000ec100000,0x00000000ed000000,0x00000000ed000000)
  from space 2560K, 0% used [0x00000000ed000000,0x00000000ed000000,0x00000000ed280000)
  to   space 5120K, 0% used [0x00000000ee400000,0x00000000ee400000,0x00000000ee900000)
 ParOldGen       total 27648K, used 7048K [0x00000000c4200000, 0x00000000c5d00000, 0x00000000ec100000)
  object space 27648K, 25% used [0x00000000c4200000,0x00000000c48e23c0,0x00000000c5d00000)
 Metaspace       used 21604K, capacity 22838K, committed 23040K, reserved 1069056K
  class space    used 3021K, capacity 3248K, committed 3328K, reserved 1048576K
Event: 18,841 GC heap after
Heap after GC invocations=7 (full 1):
 PSYoungGen      total 33280K, used 4640K [0x00000000ec100000, 0x00000000ee900000, 0x0000000100000000)
  eden space 28160K, 0% used [0x00000000ec100000,0x00000000ec100000,0x00000000edc80000)
  from space 5120K, 90% used [0x00000000ee400000,0x00000000ee888000,0x00000000ee900000)
  to   space 5632K, 0% used [0x00000000ede00000,0x00000000ede00000,0x00000000ee380000)
 ParOldGen       total 27648K, used 7056K [0x00000000c4200000, 0x00000000c5d00000, 0x00000000ec100000)
  object space 27648K, 25% used [0x00000000c4200000,0x00000000c48e43c0,0x00000000c5d00000)
 Metaspace       used 21604K, capacity 22838K, committed 23040K, reserved 1069056K
  class space    used 3021K, capacity 3248K, committed 3328K, reserved 1048576K
}

Deoptimization events (10 events):
Event: 24,622 Thread 0x00007f1b08314800 Uncommon trap: reason=null_check action=make_not_entrant pc=0x00007f1af93206b0 method=javafx.scene.Node$MiscProperties.getClip()Ljavafx/scene/Node; @ 20
Event: 24,622 Thread 0x00007f1b08314800 Uncommon trap: reason=null_check action=make_not_entrant pc=0x00007f1af9a465e4 method=javafx.scene.Node$MiscProperties.getClip()Ljavafx/scene/Node; @ 20
Event: 24,622 Thread 0x00007f1b08314800 Uncommon trap: reason=class_check action=maybe_recompile pc=0x00007f1af9a6ee90 method=javafx.scene.Node.updateLocalToParentTransform()V @ 11
Event: 24,624 Thread 0x00007f1b08314800 Uncommon trap: reason=null_check action=make_not_entrant pc=0x00007f1af9b91808 method=javafx.scene.Node$MiscProperties.getClip()Ljavafx/scene/Node; @ 20
Event: 24,624 Thread 0x00007f1b08314800 Uncommon trap: reason=class_check action=maybe_recompile pc=0x00007f1af9a6ee90 method=javafx.scene.Node.updateLocalToParentTransform()V @ 11
Event: 24,624 Thread 0x00007f1b08314800 Uncommon trap: reason=class_check action=maybe_recompile pc=0x00007f1af9a6ee90 method=javafx.scene.Node.updateLocalToParentTransform()V @ 11
Event: 27,332 Thread 0x00007f1b08314800 Uncommon trap: reason=bimorphic action=maybe_recompile pc=0x00007f1af99c731c method=com.sun.javafx.collections.ListListenerHelper$SingleChange.fireValueChangedEvent(Ljavafx/collections/ListChangeListener$Change;)V @ 5
Event: 27,332 Thread 0x00007f1b08314800 Uncommon trap: reason=bimorphic action=maybe_recompile pc=0x00007f1af99c731c method=com.sun.javafx.collections.ListListenerHelper$SingleChange.fireValueChangedEvent(Ljavafx/collections/ListChangeListener$Change;)V @ 5
Event: 27,362 Thread 0x00007f1b08314800 Uncommon trap: reason=unreached action=reinterpret pc=0x00007f1af99a5a44 method=javafx.scene.Parent.setChildDirty(Ljavafx/scene/Node;Z)V @ 51
Event: 29,918 Thread 0x00007f1b08314800 Uncommon trap: reason=bimorphic action=maybe_recompile pc=0x00007f1af99c731c method=com.sun.javafx.collections.ListListenerHelper$SingleChange.fireValueChangedEvent(Ljavafx/collections/ListChangeListener$Change;)V @ 5

Internal exceptions (10 events):
Event: 16,688 Thread 0x00007f1b08314800 Exception <a 'java/security/PrivilegedActionException'> (0x00000000ec3f2eb8) thrown at [/HUDSON/workspace/8-2-build-linux-amd64/jdk8u25/1514/hotspot/src/share/vm/prims/jvm.cpp, line 1312]
Event: 16,688 Thread 0x00007f1b08314800 Exception <a 'java/security/PrivilegedActionException'> (0x00000000ec3f3ba0) thrown at [/HUDSON/workspace/8-2-build-linux-amd64/jdk8u25/1514/hotspot/src/share/vm/prims/jvm.cpp, line 1312]
Event: 18,781 Thread 0x00007f1b08314800 Exception <a 'java/security/PrivilegedActionException'> (0x00000000ecfb5f38) thrown at [/HUDSON/workspace/8-2-build-linux-amd64/jdk8u25/1514/hotspot/src/share/vm/prims/jvm.cpp, line 1312]
Event: 24,622 Thread 0x00007f1b08314800 Implicit null exception at 0x00007f1af931ed94 to 0x00007f1af9320691
Event: 24,622 Thread 0x00007f1b08314800 Implicit null exception at 0x00007f1af9a46587 to 0x00007f1af9a465d9
Event: 24,624 Thread 0x00007f1b08314800 Implicit null exception at 0x00007f1af9b90f9f to 0x00007f1af9b917ed
Event: 25,715 Thread 0x00007f1b08314800 Exception <a 'java/security/PrivilegedActionException'> (0x00000000ec4cfc60) thrown at [/HUDSON/workspace/8-2-build-linux-amd64/jdk8u25/1514/hotspot/src/share/vm/prims/jvm.cpp, line 1312]
Event: 25,715 Thread 0x00007f1b08314800 Exception <a 'java/security/PrivilegedActionException'> (0x00000000ec4d0748) thrown at [/HUDSON/workspace/8-2-build-linux-amd64/jdk8u25/1514/hotspot/src/share/vm/prims/jvm.cpp, line 1312]
Event: 25,715 Thread 0x00007f1b08314800 Exception <a 'java/security/PrivilegedActionException'> (0x00000000ec4d23b8) thrown at [/HUDSON/workspace/8-2-build-linux-amd64/jdk8u25/1514/hotspot/src/share/vm/prims/jvm.cpp, line 1312]
Event: 25,715 Thread 0x00007f1b08314800 Exception <a 'java/security/PrivilegedActionException'> (0x00000000ec4d2ef0) thrown at [/HUDSON/workspace/8-2-build-linux-amd64/jdk8u25/1514/hotspot/src/share/vm/prims/jvm.cpp, line 1312]

Events (10 events):
Event: 29,918 loading class com/sun/javafx/collections/MappingChange$2
Event: 29,918 loading class com/sun/javafx/collections/MappingChange$2 done
Event: 29,919 Thread 0x00007f1b08178000 flushing nmethod 0x00007f1af92ea390
Event: 29,923 Thread 0x00007f1b08178000 flushing nmethod 0x00007f1af937d010
Event: 29,924 Thread 0x00007f1b08178000 flushing nmethod 0x00007f1af93f5fd0
Event: 29,924 Thread 0x00007f1b08178000 flushing nmethod 0x00007f1af93fb190
Event: 29,924 Thread 0x00007f1b08178000 flushing nmethod 0x00007f1af93fe490
Event: 29,924 Thread 0x00007f1b08178000 flushing nmethod 0x00007f1af9427750
Event: 32,533 loading class java/util/WeakHashMap$1
Event: 32,534 loading class java/util/WeakHashMap$1 done


Dynamic libraries:
00400000-00401000 r-xp 00000000 08:07 267404                             /usr/lib/jvm/jdk1.8.0_25/jre/bin/java
00600000-00601000 rw-p 00000000 08:07 267404                             /usr/lib/jvm/jdk1.8.0_25/jre/bin/java
01389000-013aa000 rw-p 00000000 00:00 0                                  [heap]
c4200000-c5d00000 rw-p 00000000 00:00 0 
c5d00000-ec100000 ---p 00000000 00:00 0 
ec100000-ee900000 rw-p 00000000 00:00 0 
ee900000-100000000 ---p 00000000 00:00 0 
100000000-100340000 rw-p 00000000 00:00 0 
100340000-140000000 ---p 00000000 00:00 0 
7f1a90000000-7f1a90021000 rw-p 00000000 00:00 0 
7f1a90021000-7f1a94000000 ---p 00000000 00:00 0 
7f1a94000000-7f1a94021000 rw-p 00000000 00:00 0 
7f1a94021000-7f1a98000000 ---p 00000000 00:00 0 
7f1a98000000-7f1a987d6000 rw-p 00000000 00:00 0 
7f1a987d6000-7f1a9c000000 ---p 00000000 00:00 0 
7f1a9c000000-7f1a9c021000 rw-p 00000000 00:00 0 
7f1a9c021000-7f1aa0000000 ---p 00000000 00:00 0 
7f1aa0000000-7f1aa0022000 rw-p 00000000 00:00 0 
7f1aa0022000-7f1aa4000000 ---p 00000000 00:00 0 
7f1aa4000000-7f1aa4021000 rw-p 00000000 00:00 0 
7f1aa4021000-7f1aa8000000 ---p 00000000 00:00 0 
7f1aa8000000-7f1aa8021000 rw-p 00000000 00:00 0 
7f1aa8021000-7f1aac000000 ---p 00000000 00:00 0 
7f1aad0a9000-7f1aad0b1000 rw-s 00000000 00:04 245590                     /drm mm object (deleted)
7f1aad0b1000-7f1aad0b9000 rw-s 00000000 00:04 245588                     /drm mm object (deleted)
7f1aad0b9000-7f1aad0c1000 rw-s 00000000 00:04 245577                     /drm mm object (deleted)
7f1aad0c1000-7f1aad0c9000 rw-s 00000000 00:04 245575                     /drm mm object (deleted)
7f1aad0c9000-7f1aad0d1000 rw-s 00000000 00:04 245573                     /drm mm object (deleted)
7f1aad0d1000-7f1aad0d9000 rw-s 00000000 00:04 245571                     /drm mm object (deleted)
7f1aad0d9000-7f1aad0e1000 rw-s 00000000 00:04 244416                     /drm mm object (deleted)
7f1aad0e1000-7f1aad0e9000 rw-s 00000000 00:04 247093                     /drm mm object (deleted)
7f1aad0e9000-7f1aad0f1000 rw-s 00000000 00:04 244412                     /drm mm object (deleted)
7f1aad0f1000-7f1aad0f9000 rw-s 00000000 00:04 244410                     /drm mm object (deleted)
7f1aad0f9000-7f1aad101000 rw-s 00000000 00:04 247091                     /drm mm object (deleted)
7f1aad101000-7f1aad109000 rw-s 00000000 00:04 244406                     /drm mm object (deleted)
7f1aad109000-7f1aad111000 rw-s 00000000 00:04 244404                     /drm mm object (deleted)
7f1aad111000-7f1aad119000 rw-s 00000000 00:04 246530                     /drm mm object (deleted)
7f1aad119000-7f1aad121000 rw-s 00000000 00:04 246528                     /drm mm object (deleted)
7f1aad121000-7f1aad1cb000 r--p 00000000 08:07 1968774                    /usr/share/fonts/truetype/dejavu/DejaVuSans-Bold.ttf
7f1aad1cb000-7f1aad3cb000 rw-p 00000000 00:00 0 
7f1aad3cb000-7f1aad5cb000 rw-p 00000000 00:00 0 
7f1aad5cb000-7f1aad5d2000 r--s 00000000 08:07 1312917                    /usr/lib/x86_64-linux-gnu/gconv/gconv-modules.cache
7f1aad5d2000-7f1aad5da000 rw-s 00000000 00:04 246557                     /drm mm object (deleted)
7f1aad5da000-7f1aad5e2000 rw-s 00000000 00:04 246555                     /drm mm object (deleted)
7f1aad5e2000-7f1aad642000 rw-s 102924000 00:05 9793                      /dev/dri/card0
7f1aad642000-7f1aad650000 rw-s 102333000 00:05 9793                      /dev/dri/card0
7f1aad654000-7f1aad814000 rw-s 00000000 00:04 245448                     /drm mm object (deleted)
7f1aad814000-7f1aad827000 r--s 00344000 08:07 2495517                    /usr/lib/jvm/jdk1.8.0_25/jre/lib/resources.jar
7f1aad827000-7f1aada27000 rw-p 00000000 00:00 0 
7f1aada27000-7f1aada2a000 ---p 00000000 00:00 0 
7f1aada2a000-7f1aadb28000 rw-p 00000000 00:00 0                          [stack:4223]
7f1aadb28000-7f1aadbde000 r--p 00000000 08:07 1968775                    /usr/share/fonts/truetype/dejavu/DejaVuSans.ttf
7f1aadbde000-7f1aadc33000 r--p 00000000 08:07 133747                     /usr/lib/jvm/jdk1.8.0_25/jre/lib/fonts/LucidaBrightRegular.ttf
7f1aadc33000-7f1aadc46000 r--p 00000000 08:07 133751                     /usr/lib/jvm/jdk1.8.0_25/jre/lib/fonts/LucidaBrightDemiBold.ttf
7f1aadc46000-7f1aadc5a000 r--p 00000000 08:07 133746                     /usr/lib/jvm/jdk1.8.0_25/jre/lib/fonts/LucidaBrightItalic.ttf
7f1aadc5a000-7f1aadc96000 r--p 00000000 08:07 133745                     /usr/lib/jvm/jdk1.8.0_25/jre/lib/fonts/LucidaTypewriterRegular.ttf
7f1aadc96000-7f1aadd41000 r--p 00000000 08:07 133749                     /usr/lib/jvm/jdk1.8.0_25/jre/lib/fonts/LucidaSansRegular.ttf
7f1aadd41000-7f1aadd7b000 r--p 00000000 08:07 133748                     /usr/lib/jvm/jdk1.8.0_25/jre/lib/fonts/LucidaTypewriterBold.ttf
7f1aadd7b000-7f1aaddc9000 r--p 00000000 08:07 133752                     /usr/lib/jvm/jdk1.8.0_25/jre/lib/fonts/LucidaSansDemiBold.ttf
7f1aaddc9000-7f1aaddcd000 r-xp 00000000 08:07 2495494                    /usr/lib/jvm/jdk1.8.0_25/jre/lib/amd64/libjavafx_font_pango.so
7f1aaddcd000-7f1aadfcc000 ---p 00004000 08:07 2495494                    /usr/lib/jvm/jdk1.8.0_25/jre/lib/amd64/libjavafx_font_pango.so
7f1aadfcc000-7f1aadfcd000 r--p 00003000 08:07 2495494                    /usr/lib/jvm/jdk1.8.0_25/jre/lib/amd64/libjavafx_font_pango.so
7f1aadfcd000-7f1aadfce000 rw-p 00004000 08:07 2495494                    /usr/lib/jvm/jdk1.8.0_25/jre/lib/amd64/libjavafx_font_pango.so
7f1aadfce000-7f1aae1ce000 rw-p 00000000 00:00 0 
7f1aae1ce000-7f1aae1d3000 r-xp 00000000 08:07 2495444                    /usr/lib/jvm/jdk1.8.0_25/jre/lib/amd64/libjavafx_font_freetype.so
7f1aae1d3000-7f1aae3d2000 ---p 00005000 08:07 2495444                    /usr/lib/jvm/jdk1.8.0_25/jre/lib/amd64/libjavafx_font_freetype.so
7f1aae3d2000-7f1aae3d3000 r--p 00004000 08:07 2495444                    /usr/lib/jvm/jdk1.8.0_25/jre/lib/amd64/libjavafx_font_freetype.so
7f1aae3d3000-7f1aae3d4000 rw-p 00005000 08:07 2495444                    /usr/lib/jvm/jdk1.8.0_25/jre/lib/amd64/libjavafx_font_freetype.so
7f1aae3d4000-7f1aae3d7000 r-xp 00000000 08:07 2495448                    /usr/lib/jvm/jdk1.8.0_25/jre/lib/amd64/libjavafx_font.so
7f1aae3d7000-7f1aae5d6000 ---p 00003000 08:07 2495448                    /usr/lib/jvm/jdk1.8.0_25/jre/lib/amd64/libjavafx_font.so
7f1aae5d6000-7f1aae5d7000 r--p 00002000 08:07 2495448                    /usr/lib/jvm/jdk1.8.0_25/jre/lib/amd64/libjavafx_font.so
7f1aae5d7000-7f1aae5d8000 rw-p 00003000 08:07 2495448                    /usr/lib/jvm/jdk1.8.0_25/jre/lib/amd64/libjavafx_font.so
7f1aae5d8000-7f1aae5ee000 r-xp 00000000 08:07 2495477                    /usr/lib/jvm/jdk1.8.0_25/jre/lib/amd64/libnet.so
7f1aae5ee000-7f1aae7ee000 ---p 00016000 08:07 2495477                    /usr/lib/jvm/jdk1.8.0_25/jre/lib/amd64/libnet.so
7f1aae7ee000-7f1aae7ef000 rw-p 00016000 08:07 2495477                    /usr/lib/jvm/jdk1.8.0_25/jre/lib/amd64/libnet.so
7f1aae7ef000-7f1aae9ef000 rw-p 00000000 00:00 0 
7f1aae9ef000-7f1aae9f2000 ---p 00000000 00:00 0 
7f1aae9f2000-7f1aaecf0000 rw-p 00000000 00:00 0                          [stack:4220]
7f1aaecf0000-7f1aaecf3000 ---p 00000000 00:00 0 
7f1aaecf3000-7f1aaedf1000 rw-p 00000000 00:00 0                          [stack:4219]
7f1aaedf1000-7f1aaedf4000 ---p 00000000 00:00 0 
7f1aaedf4000-7f1aaeef2000 rw-p 00000000 00:00 0                          [stack:4218]
7f1aaeef2000-7f1aaeef5000 ---p 00000000 00:00 0 
7f1aaeef5000-7f1aaeff3000 rw-p 00000000 00:00 0                          [stack:4217]
7f1aaeff3000-7f1aaeff4000 ---p 00000000 00:00 0 
7f1aaeff4000-7f1aaf7f4000 rw-p 00000000 00:00 0                          [stack:4216]
7f1aaf7f4000-7f1aaf7f5000 ---p 00000000 00:00 0 
7f1aaf7f5000-7f1aafff5000 rw-p 00000000 00:00 0                          [stack:4215]
7f1aafff5000-7f1ab0000000 r-xp 00000000 08:07 1313010                    /usr/lib/x86_64-linux-gnu/gio/modules/libdconfsettings.so
7f1ab0000000-7f1ab0200000 ---p 0000b000 08:07 1313010                    /usr/lib/x86_64-linux-gnu/gio/modules/libdconfsettings.so
7f1ab0200000-7f1ab0201000 r--p 0000b000 08:07 1313010                    /usr/lib/x86_64-linux-gnu/gio/modules/libdconfsettings.so
7f1ab0201000-7f1ab0202000 rw-p 0000c000 08:07 1313010                    /usr/lib/x86_64-linux-gnu/gio/modules/libdconfsettings.so
7f1ab0202000-7f1ab021b000 r-xp 00000000 08:07 1313014                    /usr/lib/x86_64-linux-gnu/gio/modules/libgioremote-volume-monitor.so
7f1ab021b000-7f1ab041b000 ---p 00019000 08:07 1313014                    /usr/lib/x86_64-linux-gnu/gio/modules/libgioremote-volume-monitor.so
7f1ab041b000-7f1ab041e000 r--p 00019000 08:07 1313014                    /usr/lib/x86_64-linux-gnu/gio/modules/libgioremote-volume-monitor.so
7f1ab041e000-7f1ab041f000 rw-p 0001c000 08:07 1313014                    /usr/lib/x86_64-linux-gnu/gio/modules/libgioremote-volume-monitor.so
7f1ab041f000-7f1ab0453000 r-xp 00000000 08:07 1313315                    /usr/lib/x86_64-linux-gnu/gvfs/libgvfscommon.so
7f1ab0453000-7f1ab0653000 ---p 00034000 08:07 1313315                    /usr/lib/x86_64-linux-gnu/gvfs/libgvfscommon.so
7f1ab0653000-7f1ab0658000 r--p 00034000 08:07 1313315                    /usr/lib/x86_64-linux-gnu/gvfs/libgvfscommon.so
7f1ab0658000-7f1ab0659000 rw-p 00039000 08:07 1313315                    /usr/lib/x86_64-linux-gnu/gvfs/libgvfscommon.so
7f1ab0659000-7f1ab0688000 r-xp 00000000 08:07 1313015                    /usr/lib/x86_64-linux-gnu/gio/modules/libgvfsdbus.so
7f1ab0688000-7f1ab0888000 ---p 0002f000 08:07 1313015                    /usr/lib/x86_64-linux-gnu/gio/modules/libgvfsdbus.so
7f1ab0888000-7f1ab0889000 r--p 0002f000 08:07 1313015                    /usr/lib/x86_64-linux-gnu/gio/modules/libgvfsdbus.so
7f1ab0889000-7f1ab088a000 rw-p 00030000 08:07 1313015                    /usr/lib/x86_64-linux-gnu/gio/modules/libgvfsdbus.so
7f1ab088a000-7f1ab088b000 rw-p 00000000 00:00 0 
7f1ab088b000-7f1ab0892000 r-xp 00000000 08:07 1058871                    /usr/lib/x86_64-linux-gnu/libogg.so.0.8.1
7f1ab0892000-7f1ab0a92000 ---p 00007000 08:07 1058871                    /usr/lib/x86_64-linux-gnu/libogg.so.0.8.1
7f1ab0a92000-7f1ab0a93000 r--p 00007000 08:07 1058871                    /usr/lib/x86_64-linux-gnu/libogg.so.0.8.1
7f1ab0a93000-7f1ab0a94000 rw-p 00008000 08:07 1058871                    /usr/lib/x86_64-linux-gnu/libogg.so.0.8.1
7f1ab0a94000-7f1ab0ac0000 r-xp 00000000 08:07 1059149                    /usr/lib/x86_64-linux-gnu/libvorbis.so.0.4.5
7f1ab0ac0000-7f1ab0cbf000 ---p 0002c000 08:07 1059149                    /usr/lib/x86_64-linux-gnu/libvorbis.so.0.4.5
7f1ab0cbf000-7f1ab0cc0000 r--p 0002b000 08:07 1059149                    /usr/lib/x86_64-linux-gnu/libvorbis.so.0.4.5
7f1ab0cc0000-7f1ab0cc1000 rw-p 0002c000 08:07 1059149                    /usr/lib/x86_64-linux-gnu/libvorbis.so.0.4.5
7f1ab0cc1000-7f1ab0cca000 r-xp 00000000 08:07 1058777                    /usr/lib/x86_64-linux-gnu/libltdl.so.7.3.0
7f1ab0cca000-7f1ab0ec9000 ---p 00009000 08:07 1058777                    /usr/lib/x86_64-linux-gnu/libltdl.so.7.3.0
7f1ab0ec9000-7f1ab0eca000 r--p 00008000 08:07 1058777                    /usr/lib/x86_64-linux-gnu/libltdl.so.7.3.0
7f1ab0eca000-7f1ab0ecb000 rw-p 00009000 08:07 1058777                    /usr/lib/x86_64-linux-gnu/libltdl.so.7.3.0
7f1ab0ecb000-7f1ab0edc000 r-xp 00000000 08:07 1059068                    /usr/lib/x86_64-linux-gnu/libtdb.so.1.2.12
7f1ab0edc000-7f1ab10db000 ---p 00011000 08:07 1059068                    /usr/lib/x86_64-linux-gnu/libtdb.so.1.2.12
7f1ab10db000-7f1ab10dc000 r--p 00010000 08:07 1059068                    /usr/lib/x86_64-linux-gnu/libtdb.so.1.2.12
7f1ab10dc000-7f1ab10dd000 rw-p 00011000 08:07 1059068                    /usr/lib/x86_64-linux-gnu/libtdb.so.1.2.12
7f1ab10dd000-7f1ab10e4000 r-xp 00000000 08:07 1059153                    /usr/lib/x86_64-linux-gnu/libvorbisfile.so.3.3.4
7f1ab10e4000-7f1ab12e3000 ---p 00007000 08:07 1059153                    /usr/lib/x86_64-linux-gnu/libvorbisfile.so.3.3.4
7f1ab12e3000-7f1ab12e4000 r--p 00006000 08:07 1059153                    /usr/lib/x86_64-linux-gnu/libvorbisfile.so.3.3.4
7f1ab12e4000-7f1ab12e5000 rw-p 00007000 08:07 1059153                    /usr/lib/x86_64-linux-gnu/libvorbisfile.so.3.3.4
7f1ab12e5000-7f1ab12f4000 r-xp 00000000 08:07 1058291                    /usr/lib/x86_64-linux-gnu/libcanberra.so.0.2.5
7f1ab12f4000-7f1ab14f3000 ---p 0000f000 08:07 1058291                    /usr/lib/x86_64-linux-gnu/libcanberra.so.0.2.5
7f1ab14f3000-7f1ab14f4000 r--p 0000e000 08:07 1058291                    /usr/lib/x86_64-linux-gnu/libcanberra.so.0.2.5
7f1ab14f4000-7f1ab14f5000 rw-p 0000f000 08:07 1058291                    /usr/lib/x86_64-linux-gnu/libcanberra.so.0.2.5
7f1ab14f5000-7f1ab14f9000 r-xp 00000000 08:07 1058287                    /usr/lib/x86_64-linux-gnu/libcanberra-gtk.so.0.1.9
7f1ab14f9000-7f1ab16f8000 ---p 00004000 08:07 1058287                    /usr/lib/x86_64-linux-gnu/libcanberra-gtk.so.0.1.9
7f1ab16f8000-7f1ab16f9000 r--p 00003000 08:07 1058287                    /usr/lib/x86_64-linux-gnu/libcanberra-gtk.so.0.1.9
7f1ab16f9000-7f1ab16fa000 rw-p 00004000 08:07 1058287                    /usr/lib/x86_64-linux-gnu/libcanberra-gtk.so.0.1.9
7f1ab16fa000-7f1ab16ff000 r-xp 00000000 08:07 1313265                    /usr/lib/x86_64-linux-gnu/gtk-2.0/modules/libcanberra-gtk-module.so
7f1ab16ff000-7f1ab18fe000 ---p 00005000 08:07 1313265                    /usr/lib/x86_64-linux-gnu/gtk-2.0/modules/libcanberra-gtk-module.so
7f1ab18fe000-7f1ab18ff000 r--p 00004000 08:07 1313265                    /usr/lib/x86_64-linux-gnu/gtk-2.0/modules/libcanberra-gtk-module.so
7f1ab18ff000-7f1ab1900000 rw-p 00005000 08:07 1313265                    /usr/lib/x86_64-linux-gnu/gtk-2.0/modules/libcanberra-gtk-module.so
7f1ab1900000-7f1ab192f000 r-xp 00000000 08:07 1313247                    /usr/lib/x86_64-linux-gnu/gtk-2.0/2.10.0/engines/libmurrine.so
7f1ab192f000-7f1ab1b2f000 ---p 0002f000 08:07 1313247                    /usr/lib/x86_64-linux-gnu/gtk-2.0/2.10.0/engines/libmurrine.so
7f1ab1b2f000-7f1ab1b30000 r--p 0002f000 08:07 1313247                    /usr/lib/x86_64-linux-gnu/gtk-2.0/2.10.0/engines/libmurrine.so
7f1ab1b30000-7f1ab1b31000 rw-p 00030000 08:07 1313247                    /usr/lib/x86_64-linux-gnu/gtk-2.0/2.10.0/engines/libmurrine.so
7f1ab1b31000-7f1ab1b41000 r-xp 00000000 08:07 1059117                    /usr/lib/x86_64-linux-gnu/libunity-gtk2-parser.so.0.0.0
7f1ab1b41000-7f1ab1d40000 ---p 00010000 08:07 1059117                    /usr/lib/x86_64-linux-gnu/libunity-gtk2-parser.so.0.0.0
7f1ab1d40000-7f1ab1d41000 r--p 0000f000 08:07 1059117                    /usr/lib/x86_64-linux-gnu/libunity-gtk2-parser.so.0.0.0
7f1ab1d41000-7f1ab1d42000 rw-p 00010000 08:07 1059117                    /usr/lib/x86_64-linux-gnu/libunity-gtk2-parser.so.0.0.0
7f1ab1d42000-7f1ab1d47000 r-xp 00000000 08:07 1313269                    /usr/lib/x86_64-linux-gnu/gtk-2.0/modules/libunity-gtk-module.so
7f1ab1d47000-7f1ab1f46000 ---p 00005000 08:07 1313269                    /usr/lib/x86_64-linux-gnu/gtk-2.0/modules/libunity-gtk-module.so
7f1ab1f46000-7f1ab1f47000 r--p 00004000 08:07 1313269                    /usr/lib/x86_64-linux-gnu/gtk-2.0/modules/libunity-gtk-module.so
7f1ab1f47000-7f1ab1f48000 rw-p 00005000 08:07 1313269                    /usr/lib/x86_64-linux-gnu/gtk-2.0/modules/libunity-gtk-module.so
7f1ab1f48000-7f1ab1f59000 r-xp 00000000 08:07 1313268                    /usr/lib/x86_64-linux-gnu/gtk-2.0/modules/liboverlay-scrollbar.so
7f1ab1f59000-7f1ab2158000 ---p 00011000 08:07 1313268                    /usr/lib/x86_64-linux-gnu/gtk-2.0/modules/liboverlay-scrollbar.so
7f1ab2158000-7f1ab2159000 r--p 00010000 08:07 1313268                    /usr/lib/x86_64-linux-gnu/gtk-2.0/modules/liboverlay-scrollbar.so
7f1ab2159000-7f1ab215a000 rw-p 00011000 08:07 1313268                    /usr/lib/x86_64-linux-gnu/gtk-2.0/modules/liboverlay-scrollbar.so
7f1ab215a000-7f1ab2184000 r-xp 00000000 08:07 2495453                    /usr/lib/jvm/jdk1.8.0_25/jre/lib/amd64/libglass.so
7f1ab2184000-7f1ab2384000 ---p 0002a000 08:07 2495453                    /usr/lib/jvm/jdk1.8.0_25/jre/lib/amd64/libglass.so
7f1ab2384000-7f1ab2386000 r--p 0002a000 08:07 2495453                    /usr/lib/jvm/jdk1.8.0_25/jre/lib/amd64/libglass.so
7f1ab2386000-7f1ab2387000 rw-p 0002c000 08:07 2495453                    /usr/lib/jvm/jdk1.8.0_25/jre/lib/amd64/libglass.so
7f1ab2387000-7f1ab2388000 rw-p 00000000 00:00 0 
7f1ab2388000-7f1ab23bf000 r-xp 00000000 08:07 1059100                    /usr/lib/x86_64-linux-gnu/libtxc_dxtn_s2tc.so.0.0.0
7f1ab23bf000-7f1ab25be000 ---p 00037000 08:07 1059100                    /usr/lib/x86_64-linux-gnu/libtxc_dxtn_s2tc.so.0.0.0
7f1ab25be000-7f1ab25bf000 r--p 00036000 08:07 1059100                    /usr/lib/x86_64-linux-gnu/libtxc_dxtn_s2tc.so.0.0.0
7f1ab25bf000-7f1ab25c0000 rw-p 00037000 08:07 1059100                    /usr/lib/x86_64-linux-gnu/libtxc_dxtn_s2tc.so.0.0.0
7f1ab25c0000-7f1ab25c8000 r-xp 00000000 08:07 1058903                    /usr/lib/x86_64-linux-gnu/libpciaccess.so.0.11.1
7f1ab25c8000-7f1ab27c7000 ---p 00008000 08:07 1058903                    /usr/lib/x86_64-linux-gnu/libpciaccess.so.0.11.1
7f1ab27c7000-7f1ab27c8000 r--p 00007000 08:07 1058903                    /usr/lib/x86_64-linux-gnu/libpciaccess.so.0.11.1
7f1ab27c8000-7f1ab27c9000 rw-p 00008000 08:07 1058903                    /usr/lib/x86_64-linux-gnu/libpciaccess.so.0.11.1
7f1ab27c9000-7f1ab27d5000 r-xp 00000000 08:07 1058400                    /usr/lib/x86_64-linux-gnu/libdrm_radeon.so.1.0.1
7f1ab27d5000-7f1ab29d4000 ---p 0000c000 08:07 1058400                    /usr/lib/x86_64-linux-gnu/libdrm_radeon.so.1.0.1
7f1ab29d4000-7f1ab29d5000 r--p 0000b000 08:07 1058400                    /usr/lib/x86_64-linux-gnu/libdrm_radeon.so.1.0.1
7f1ab29d5000-7f1ab29d6000 rw-p 0000c000 08:07 1058400                    /usr/lib/x86_64-linux-gnu/libdrm_radeon.so.1.0.1
7f1ab29d6000-7f1ab29db000 r-xp 00000000 08:07 1058398                    /usr/lib/x86_64-linux-gnu/libdrm_nouveau.so.2.0.0
7f1ab29db000-7f1ab2bda000 ---p 00005000 08:07 1058398                    /usr/lib/x86_64-linux-gnu/libdrm_nouveau.so.2.0.0
7f1ab2bda000-7f1ab2bdb000 r--p 00004000 08:07 1058398                    /usr/lib/x86_64-linux-gnu/libdrm_nouveau.so.2.0.0
7f1ab2bdb000-7f1ab2bdc000 rw-p 00005000 08:07 1058398                    /usr/lib/x86_64-linux-gnu/libdrm_nouveau.so.2.0.0
7f1ab2bdc000-7f1ab2bfb000 r-xp 00000000 08:07 1058396                    /usr/lib/x86_64-linux-gnu/libdrm_intel.so.1.0.0
7f1ab2bfb000-7f1ab2dfa000 ---p 0001f000 08:07 1058396                    /usr/lib/x86_64-linux-gnu/libdrm_intel.so.1.0.0
7f1ab2dfa000-7f1ab2dfb000 r--p 0001e000 08:07 1058396                    /usr/lib/x86_64-linux-gnu/libdrm_intel.so.1.0.0
7f1ab2dfb000-7f1ab2dfc000 rw-p 0001f000 08:07 1058396                    /usr/lib/x86_64-linux-gnu/libdrm_intel.so.1.0.0
7f1ab2dfc000-7f1ab32e9000 r-xp 00000000 08:07 1312344                    /usr/lib/x86_64-linux-gnu/dri/i965_dri.so
7f1ab32e9000-7f1ab34e9000 ---p 004ed000 08:07 1312344                    /usr/lib/x86_64-linux-gnu/dri/i965_dri.so
7f1ab34e9000-7f1ab3500000 r--p 004ed000 08:07 1312344                    /usr/lib/x86_64-linux-gnu/dri/i965_dri.so
7f1ab3500000-7f1ab350c000 rw-p 00504000 08:07 1312344                    /usr/lib/x86_64-linux-gnu/dri/i965_dri.so
7f1ab350c000-7f1ab3558000 rw-p 00000000 00:00 0 
7f1ab3558000-7f1ab359c000 r-xp 00000000 08:07 1708082                    /lib/x86_64-linux-gnu/libdbus-1.so.3.7.6
7f1ab359c000-7f1ab379b000 ---p 00044000 08:07 1708082                    /lib/x86_64-linux-gnu/libdbus-1.so.3.7.6
7f1ab379b000-7f1ab379c000 r--p 00043000 08:07 1708082                    /lib/x86_64-linux-gnu/libdbus-1.so.3.7.6
7f1ab379c000-7f1ab379d000 rw-p 00044000 08:07 1708082                    /lib/x86_64-linux-gnu/libdbus-1.so.3.7.6
7f1ab379d000-7f1ab37a5000 r-xp 00000000 08:07 1708130                    /lib/x86_64-linux-gnu/libnih-dbus.so.1.0.0
7f1ab37a5000-7f1ab39a5000 ---p 00008000 08:07 1708130                    /lib/x86_64-linux-gnu/libnih-dbus.so.1.0.0
7f1ab39a5000-7f1ab39a6000 r--p 00008000 08:07 1708130                    /lib/x86_64-linux-gnu/libnih-dbus.so.1.0.0
7f1ab39a6000-7f1ab39a7000 rw-p 00009000 08:07 1708130                    /lib/x86_64-linux-gnu/libnih-dbus.so.1.0.0
7f1ab39a7000-7f1ab39be000 r-xp 00000000 08:07 1708132                    /lib/x86_64-linux-gnu/libnih.so.1.0.0
7f1ab39be000-7f1ab3bbd000 ---p 00017000 08:07 1708132                    /lib/x86_64-linux-gnu/libnih.so.1.0.0
7f1ab3bbd000-7f1ab3bbe000 r--p 00016000 08:07 1708132                    /lib/x86_64-linux-gnu/libnih.so.1.0.0
7f1ab3bbe000-7f1ab3bbf000 rw-p 00017000 08:07 1708132                    /lib/x86_64-linux-gnu/libnih.so.1.0.0
7f1ab3bbf000-7f1ab3bd7000 r-xp 00000000 08:07 1708073                    /lib/x86_64-linux-gnu/libcgmanager.so.0.0.0
7f1ab3bd7000-7f1ab3dd6000 ---p 00018000 08:07 1708073                    /lib/x86_64-linux-gnu/libcgmanager.so.0.0.0
7f1ab3dd6000-7f1ab3dd8000 r--p 00017000 08:07 1708073                    /lib/x86_64-linux-gnu/libcgmanager.so.0.0.0
7f1ab3dd8000-7f1ab3dd9000 rw-p 00019000 08:07 1708073                    /lib/x86_64-linux-gnu/libcgmanager.so.0.0.0
7f1ab3dd9000-7f1ab3de9000 r-xp 00000000 08:07 1708216                    /lib/x86_64-linux-gnu/libudev.so.1.3.5
7f1ab3de9000-7f1ab3fe8000 ---p 00010000 08:07 1708216                    /lib/x86_64-linux-gnu/libudev.so.1.3.5
7f1ab3fe8000-7f1ab3fe9000 r--p 0000f000 08:07 1708216                    /lib/x86_64-linux-gnu/libudev.so.1.3.5
7f1ab3fe9000-7f1ab3fea000 rw-p 00010000 08:07 1708216                    /lib/x86_64-linux-gnu/libudev.so.1.3.5
7f1ab3fea000-7f1ab3ff0000 r-xp 00000000 08:07 1058355                    /usr/lib/x86_64-linux-gnu/libdatrie.so.1.3.1
7f1ab3ff0000-7f1ab41ef000 ---p 00006000 08:07 1058355                    /usr/lib/x86_64-linux-gnu/libdatrie.so.1.3.1
7f1ab41ef000-7f1ab41f0000 r--p 00005000 08:07 1058355                    /usr/lib/x86_64-linux-gnu/libdatrie.so.1.3.1
7f1ab41f0000-7f1ab41f1000 rw-p 00006000 08:07 1058355                    /usr/lib/x86_64-linux-gnu/libdatrie.so.1.3.1
7f1ab41f1000-7f1ab41f6000 r-xp 00000000 08:07 1058163                    /usr/lib/x86_64-linux-gnu/libXdmcp.so.6.0.0
7f1ab41f6000-7f1ab43f5000 ---p 00005000 08:07 1058163                    /usr/lib/x86_64-linux-gnu/libXdmcp.so.6.0.0
7f1ab43f5000-7f1ab43f6000 r--p 00004000 08:07 1058163                    /usr/lib/x86_64-linux-gnu/libXdmcp.so.6.0.0
7f1ab43f6000-7f1ab43f7000 rw-p 00005000 08:07 1058163                    /usr/lib/x86_64-linux-gnu/libXdmcp.so.6.0.0
7f1ab43f7000-7f1ab43f9000 r-xp 00000000 08:07 1058152                    /usr/lib/x86_64-linux-gnu/libXau.so.6.0.0
7f1ab43f9000-7f1ab45f9000 ---p 00002000 08:07 1058152                    /usr/lib/x86_64-linux-gnu/libXau.so.6.0.0
7f1ab45f9000-7f1ab45fa000 r--p 00002000 08:07 1058152                    /usr/lib/x86_64-linux-gnu/libXau.so.6.0.0
7f1ab45fa000-7f1ab45fb000 rw-p 00003000 08:07 1058152                    /usr/lib/x86_64-linux-gnu/libXau.so.6.0.0
7f1ab45fb000-7f1ab4615000 r-xp 00000000 08:07 1058581                    /usr/lib/x86_64-linux-gnu/libgraphite2.so.3.0.1
7f1ab4615000-7f1ab4814000 ---p 0001a000 08:07 1058581                    /usr/lib/x86_64-linux-gnu/libgraphite2.so.3.0.1
7f1ab4814000-7f1ab4816000 r--p 00019000 08:07 1058581                    /usr/lib/x86_64-linux-gnu/libgraphite2.so.3.0.1
7f1ab4816000-7f1ab4817000 rw-p 0001b000 08:07 1058581                    /usr/lib/x86_64-linux-gnu/libgraphite2.so.3.0.1
7f1ab4817000-7f1ab4822000 r-xp 00000000 08:07 1058394                    /usr/lib/x86_64-linux-gnu/libdrm.so.2.4.0
7f1ab4822000-7f1ab4a21000 ---p 0000b000 08:07 1058394                    /usr/lib/x86_64-linux-gnu/libdrm.so.2.4.0
7f1ab4a21000-7f1ab4a22000 r--p 0000a000 08:07 1058394                    /usr/lib/x86_64-linux-gnu/libdrm.so.2.4.0
7f1ab4a22000-7f1ab4a23000 rw-p 0000b000 08:07 1058394                    /usr/lib/x86_64-linux-gnu/libdrm.so.2.4.0
7f1ab4a23000-7f1ab4a24000 r-xp 00000000 08:07 1059228                    /usr/lib/x86_64-linux-gnu/libxshmfence.so.1.0.0
7f1ab4a24000-7f1ab4c23000 ---p 00001000 08:07 1059228                    /usr/lib/x86_64-linux-gnu/libxshmfence.so.1.0.0
7f1ab4c23000-7f1ab4c24000 r--p 00000000 08:07 1059228                    /usr/lib/x86_64-linux-gnu/libxshmfence.so.1.0.0
7f1ab4c24000-7f1ab4c25000 rw-p 00001000 08:07 1059228                    /usr/lib/x86_64-linux-gnu/libxshmfence.so.1.0.0
7f1ab4c25000-7f1ab4c2a000 r-xp 00000000 08:07 1059212                    /usr/lib/x86_64-linux-gnu/libxcb-sync.so.1.0.0
7f1ab4c2a000-7f1ab4e29000 ---p 00005000 08:07 1059212                    /usr/lib/x86_64-linux-gnu/libxcb-sync.so.1.0.0
7f1ab4e29000-7f1ab4e2a000 r--p 00004000 08:07 1059212                    /usr/lib/x86_64-linux-gnu/libxcb-sync.so.1.0.0
7f1ab4e2a000-7f1ab4e2b000 rw-p 00005000 08:07 1059212                    /usr/lib/x86_64-linux-gnu/libxcb-sync.so.1.0.0
7f1ab4e2b000-7f1ab4e2d000 r-xp 00000000 08:07 1059200                    /usr/lib/x86_64-linux-gnu/libxcb-present.so.0.0.0
7f1ab4e2d000-7f1ab502c000 ---p 00002000 08:07 1059200                    /usr/lib/x86_64-linux-gnu/libxcb-present.so.0.0.0
7f1ab502c000-7f1ab502d000 r--p 00001000 08:07 1059200                    /usr/lib/x86_64-linux-gnu/libxcb-present.so.0.0.0
7f1ab502d000-7f1ab502e000 rw-p 00002000 08:07 1059200                    /usr/lib/x86_64-linux-gnu/libxcb-present.so.0.0.0
7f1ab502e000-7f1ab5030000 r-xp 00000000 08:07 1059192                    /usr/lib/x86_64-linux-gnu/libxcb-dri3.so.0.0.0
7f1ab5030000-7f1ab522f000 ---p 00002000 08:07 1059192                    /usr/lib/x86_64-linux-gnu/libxcb-dri3.so.0.0.0
7f1ab522f000-7f1ab5230000 r--p 00001000 08:07 1059192                    /usr/lib/x86_64-linux-gnu/libxcb-dri3.so.0.0.0
7f1ab5230000-7f1ab5231000 rw-p 00002000 08:07 1059192                    /usr/lib/x86_64-linux-gnu/libxcb-dri3.so.0.0.0
7f1ab5231000-7f1ab5234000 r-xp 00000000 08:07 1059190                    /usr/lib/x86_64-linux-gnu/libxcb-dri2.so.0.0.0
7f1ab5234000-7f1ab5434000 ---p 00003000 08:07 1059190                    /usr/lib/x86_64-linux-gnu/libxcb-dri2.so.0.0.0
7f1ab5434000-7f1ab5435000 r--p 00003000 08:07 1059190                    /usr/lib/x86_64-linux-gnu/libxcb-dri2.so.0.0.0
7f1ab5435000-7f1ab5436000 rw-p 00004000 08:07 1059190                    /usr/lib/x86_64-linux-gnu/libxcb-dri2.so.0.0.0
7f1ab5436000-7f1ab544b000 r-xp 00000000 08:07 1059194                    /usr/lib/x86_64-linux-gnu/libxcb-glx.so.0.0.0
7f1ab544b000-7f1ab564a000 ---p 00015000 08:07 1059194                    /usr/lib/x86_64-linux-gnu/libxcb-glx.so.0.0.0
7f1ab564a000-7f1ab564c000 r--p 00014000 08:07 1059194                    /usr/lib/x86_64-linux-gnu/libxcb-glx.so.0.0.0
7f1ab564c000-7f1ab564d000 rw-p 00016000 08:07 1059194                    /usr/lib/x86_64-linux-gnu/libxcb-glx.so.0.0.0
7f1ab564d000-7f1ab564e000 r-xp 00000000 08:07 1058146                    /usr/lib/x86_64-linux-gnu/libX11-xcb.so.1.0.0
7f1ab564e000-7f1ab584d000 ---p 00001000 08:07 1058146                    /usr/lib/x86_64-linux-gnu/libX11-xcb.so.1.0.0
7f1ab584d000-7f1ab584e000 r--p 00000000 08:07 1058146                    /usr/lib/x86_64-linux-gnu/libX11-xcb.so.1.0.0
7f1ab584e000-7f1ab584f000 rw-p 00001000 08:07 1058146                    /usr/lib/x86_64-linux-gnu/libX11-xcb.so.1.0.0
7f1ab584f000-7f1ab5871000 r-xp 00000000 08:07 1058539                    /usr/lib/x86_64-linux-gnu/libglapi.so.0.0.0
7f1ab5871000-7f1ab5a71000 ---p 00022000 08:07 1058539                    /usr/lib/x86_64-linux-gnu/libglapi.so.0.0.0
7f1ab5a71000-7f1ab5a74000 r--p 00022000 08:07 1058539                    /usr/lib/x86_64-linux-gnu/libglapi.so.0.0.0
7f1ab5a74000-7f1ab5a75000 rw-p 00025000 08:07 1058539                    /usr/lib/x86_64-linux-gnu/libglapi.so.0.0.0
7f1ab5a75000-7f1ab5a76000 rw-p 00000000 00:00 0 
7f1ab5a76000-7f1ab5ab3000 r-xp 00000000 08:07 1708171                    /lib/x86_64-linux-gnu/libpcre.so.3.13.1
7f1ab5ab3000-7f1ab5cb2000 ---p 0003d000 08:07 1708171                    /lib/x86_64-linux-gnu/libpcre.so.3.13.1
7f1ab5cb2000-7f1ab5cb3000 r--p 0003c000 08:07 1708171                    /lib/x86_64-linux-gnu/libpcre.so.3.13.1
7f1ab5cb3000-7f1ab5cb4000 rw-p 0003d000 08:07 1708171                    /lib/x86_64-linux-gnu/libpcre.so.3.13.1
7f1ab5cb4000-7f1ab5cbb000 r-xp 00000000 08:07 1058430                    /usr/lib/x86_64-linux-gnu/libffi.so.6.0.1
7f1ab5cbb000-7f1ab5eba000 ---p 00007000 08:07 1058430                    /usr/lib/x86_64-linux-gnu/libffi.so.6.0.1
7f1ab5eba000-7f1ab5ebb000 r--p 00006000 08:07 1058430                    /usr/lib/x86_64-linux-gnu/libffi.so.6.0.1
7f1ab5ebb000-7f1ab5ebc000 rw-p 00007000 08:07 1058430                    /usr/lib/x86_64-linux-gnu/libffi.so.6.0.1
7f1ab5ebc000-7f1ab5ee3000 r-xp 00000000 08:07 1708090                    /lib/x86_64-linux-gnu/libexpat.so.1.6.0
7f1ab5ee3000-7f1ab60e3000 ---p 00027000 08:07 1708090                    /lib/x86_64-linux-gnu/libexpat.so.1.6.0
7f1ab60e3000-7f1ab60e5000 r--p 00027000 08:07 1708090                    /lib/x86_64-linux-gnu/libexpat.so.1.6.0
7f1ab60e5000-7f1ab60e6000 rw-p 00029000 08:07 1708090                    /lib/x86_64-linux-gnu/libexpat.so.1.6.0
7f1ab60e6000-7f1ab60ee000 r-xp 00000000 08:07 1059080                    /usr/lib/x86_64-linux-gnu/libthai.so.0.2.0
7f1ab60ee000-7f1ab62ed000 ---p 00008000 08:07 1059080                    /usr/lib/x86_64-linux-gnu/libthai.so.0.2.0
7f1ab62ed000-7f1ab62ee000 r--p 00007000 08:07 1059080                    /usr/lib/x86_64-linux-gnu/libthai.so.0.2.0
7f1ab62ee000-7f1ab62ef000 rw-p 00008000 08:07 1059080                    /usr/lib/x86_64-linux-gnu/libthai.so.0.2.0
7f1ab62ef000-7f1ab630c000 r-xp 00000000 08:07 1059220                    /usr/lib/x86_64-linux-gnu/libxcb.so.1.1.0
7f1ab630c000-7f1ab650c000 ---p 0001d000 08:07 1059220                    /usr/lib/x86_64-linux-gnu/libxcb.so.1.1.0
7f1ab650c000-7f1ab650d000 r--p 0001d000 08:07 1059220                    /usr/lib/x86_64-linux-gnu/libxcb.so.1.1.0
7f1ab650d000-7f1ab650e000 rw-p 0001e000 08:07 1059220                    /usr/lib/x86_64-linux-gnu/libxcb.so.1.1.0
7f1ab650e000-7f1ab6516000 r-xp 00000000 08:07 1059206                    /usr/lib/x86_64-linux-gnu/libxcb-render.so.0.0.0
7f1ab6516000-7f1ab6715000 ---p 00008000 08:07 1059206                    /usr/lib/x86_64-linux-gnu/libxcb-render.so.0.0.0
7f1ab6715000-7f1ab6716000 r--p 00007000 08:07 1059206                    /usr/lib/x86_64-linux-gnu/libxcb-render.so.0.0.0
7f1ab6716000-7f1ab6717000 rw-p 00008000 08:07 1059206                    /usr/lib/x86_64-linux-gnu/libxcb-render.so.0.0.0
7f1ab6717000-7f1ab6719000 r-xp 00000000 08:07 1059210                    /usr/lib/x86_64-linux-gnu/libxcb-shm.so.0.0.0
7f1ab6719000-7f1ab6918000 ---p 00002000 08:07 1059210                    /usr/lib/x86_64-linux-gnu/libxcb-shm.so.0.0.0
7f1ab6918000-7f1ab6919000 r--p 00001000 08:07 1059210                    /usr/lib/x86_64-linux-gnu/libxcb-shm.so.0.0.0
7f1ab6919000-7f1ab691a000 rw-p 00002000 08:07 1059210                    /usr/lib/x86_64-linux-gnu/libxcb-shm.so.0.0.0
7f1ab691a000-7f1ab693f000 r-xp 00000000 08:07 1708183                    /lib/x86_64-linux-gnu/libpng12.so.0.50.0
7f1ab693f000-7f1ab6b3e000 ---p 00025000 08:07 1708183                    /lib/x86_64-linux-gnu/libpng12.so.0.50.0
7f1ab6b3e000-7f1ab6b3f000 r--p 00024000 08:07 1708183                    /lib/x86_64-linux-gnu/libpng12.so.0.50.0
7f1ab6b3f000-7f1ab6b40000 rw-p 00025000 08:07 1708183                    /lib/x86_64-linux-gnu/libpng12.so.0.50.0
7f1ab6b40000-7f1ab6be1000 r-xp 00000000 08:07 1058910                    /usr/lib/x86_64-linux-gnu/libpixman-1.so.0.30.2
7f1ab6be1000-7f1ab6de1000 ---p 000a1000 08:07 1058910                    /usr/lib/x86_64-linux-gnu/libpixman-1.so.0.30.2
7f1ab6de1000-7f1ab6de8000 r--p 000a1000 08:07 1058910                    /usr/lib/x86_64-linux-gnu/libpixman-1.so.0.30.2
7f1ab6de8000-7f1ab6de9000 rw-p 000a8000 08:07 1058910                    /usr/lib/x86_64-linux-gnu/libpixman-1.so.0.30.2
7f1ab6de9000-7f1ab6e3c000 r-xp 00000000 08:07 1058694                    /usr/lib/x86_64-linux-gnu/libharfbuzz.so.0.927.0
7f1ab6e3c000-7f1ab703c000 ---p 00053000 08:07 1058694                    /usr/lib/x86_64-linux-gnu/libharfbuzz.so.0.927.0
7f1ab703c000-7f1ab703d000 r--p 00053000 08:07 1058694                    /usr/lib/x86_64-linux-gnu/libharfbuzz.so.0.927.0
7f1ab703d000-7f1ab703e000 rw-p 00054000 08:07 1058694                    /usr/lib/x86_64-linux-gnu/libharfbuzz.so.0.927.0
7f1ab703e000-7f1ab7055000 r-xp 00000000 08:07 1708194                    /lib/x86_64-linux-gnu/libresolv-2.19.so
7f1ab7055000-7f1ab7255000 ---p 00017000 08:07 1708194                    /lib/x86_64-linux-gnu/libresolv-2.19.so
7f1ab7255000-7f1ab7256000 r--p 00017000 08:07 1708194                    /lib/x86_64-linux-gnu/libresolv-2.19.so
7f1ab7256000-7f1ab7257000 rw-p 00018000 08:07 1708194                    /lib/x86_64-linux-gnu/libresolv-2.19.so
7f1ab7257000-7f1ab7259000 rw-p 00000000 00:00 0 
7f1ab7259000-7f1ab7279000 r-xp 00000000 08:07 1708198                    /lib/x86_64-linux-gnu/libselinux.so.1
7f1ab7279000-7f1ab7478000 ---p 00020000 08:07 1708198                    /lib/x86_64-linux-gnu/libselinux.so.1
7f1ab7478000-7f1ab7479000 r--p 0001f000 08:07 1708198                    /lib/x86_64-linux-gnu/libselinux.so.1
7f1ab7479000-7f1ab747a000 rw-p 00020000 08:07 1708198                    /lib/x86_64-linux-gnu/libselinux.so.1
7f1ab747a000-7f1ab747c000 rw-p 00000000 00:00 0 
7f1ab747c000-7f1ab7494000 r-xp 00000000 08:07 1708231                    /lib/x86_64-linux-gnu/libz.so.1.2.8
7f1ab7494000-7f1ab7693000 ---p 00018000 08:07 1708231                    /lib/x86_64-linux-gnu/libz.so.1.2.8
7f1ab7693000-7f1ab7694000 r--p 00017000 08:07 1708231                    /lib/x86_64-linux-gnu/libz.so.1.2.8
7f1ab7694000-7f1ab7695000 rw-p 00018000 08:07 1708231                    /lib/x86_64-linux-gnu/libz.so.1.2.8
7f1ab7695000-7f1ab76a6000 r-xp 00000000 08:07 1058165                    /usr/lib/x86_64-linux-gnu/libXext.so.6.4.0
7f1ab76a6000-7f1ab78a5000 ---p 00011000 08:07 1058165                    /usr/lib/x86_64-linux-gnu/libXext.so.6.4.0
7f1ab78a5000-7f1ab78a6000 r--p 00010000 08:07 1058165                    /usr/lib/x86_64-linux-gnu/libXext.so.6.4.0
7f1ab78a6000-7f1ab78a7000 rw-p 00011000 08:07 1058165                    /usr/lib/x86_64-linux-gnu/libXext.so.6.4.0
7f1ab78a7000-7f1ab78a9000 r-xp 00000000 08:07 1058161                    /usr/lib/x86_64-linux-gnu/libXdamage.so.1.1.0
7f1ab78a9000-7f1ab7aa8000 ---p 00002000 08:07 1058161                    /usr/lib/x86_64-linux-gnu/libXdamage.so.1.1.0
7f1ab7aa8000-7f1ab7aa9000 r--p 00001000 08:07 1058161                    /usr/lib/x86_64-linux-gnu/libXdamage.so.1.1.0
7f1ab7aa9000-7f1ab7aaa000 rw-p 00002000 08:07 1058161                    /usr/lib/x86_64-linux-gnu/libXdamage.so.1.1.0
7f1ab7aaa000-7f1ab7aac000 r-xp 00000000 08:07 1058157                    /usr/lib/x86_64-linux-gnu/libXcomposite.so.1.0.0
7f1ab7aac000-7f1ab7cab000 ---p 00002000 08:07 1058157                    /usr/lib/x86_64-linux-gnu/libXcomposite.so.1.0.0
7f1ab7cab000-7f1ab7cac000 r--p 00001000 08:07 1058157                    /usr/lib/x86_64-linux-gnu/libXcomposite.so.1.0.0
7f1ab7cac000-7f1ab7cad000 rw-p 00002000 08:07 1058157                    /usr/lib/x86_64-linux-gnu/libXcomposite.so.1.0.0
7f1ab7cad000-7f1ab7cb6000 r-xp 00000000 08:07 1058159                    /usr/lib/x86_64-linux-gnu/libXcursor.so.1.0.2
7f1ab7cb6000-7f1ab7eb5000 ---p 00009000 08:07 1058159                    /usr/lib/x86_64-linux-gnu/libXcursor.so.1.0.2
7f1ab7eb5000-7f1ab7eb6000 r--p 00008000 08:07 1058159                    /usr/lib/x86_64-linux-gnu/libXcursor.so.1.0.2
7f1ab7eb6000-7f1ab7eb7000 rw-p 00009000 08:07 1058159                    /usr/lib/x86_64-linux-gnu/libXcursor.so.1.0.2
7f1ab7eb7000-7f1ab7ec0000 r-xp 00000000 08:07 1058185                    /usr/lib/x86_64-linux-gnu/libXrandr.so.2.2.0
7f1ab7ec0000-7f1ab80bf000 ---p 00009000 08:07 1058185                    /usr/lib/x86_64-linux-gnu/libXrandr.so.2.2.0
7f1ab80bf000-7f1ab80c0000 r--p 00008000 08:07 1058185                    /usr/lib/x86_64-linux-gnu/libXrandr.so.2.2.0
7f1ab80c0000-7f1ab80c1000 rw-p 00009000 08:07 1058185                    /usr/lib/x86_64-linux-gnu/libXrandr.so.2.2.0
7f1ab80c1000-7f1ab80d0000 r-xp 00000000 08:07 1058173                    /usr/lib/x86_64-linux-gnu/libXi.so.6.1.0
7f1ab80d0000-7f1ab82cf000 ---p 0000f000 08:07 1058173                    /usr/lib/x86_64-linux-gnu/libXi.so.6.1.0
7f1ab82cf000-7f1ab82d0000 r--p 0000e000 08:07 1058173                    /usr/lib/x86_64-linux-gnu/libXi.so.6.1.0
7f1ab82d0000-7f1ab82d1000 rw-p 0000f000 08:07 1058173                    /usr/lib/x86_64-linux-gnu/libXi.so.6.1.0
7f1ab82d1000-7f1ab82d3000 r-xp 00000000 08:07 1058175                    /usr/lib/x86_64-linux-gnu/libXinerama.so.1.0.0
7f1ab82d3000-7f1ab84d2000 ---p 00002000 08:07 1058175                    /usr/lib/x86_64-linux-gnu/libXinerama.so.1.0.0
7f1ab84d2000-7f1ab84d3000 r--p 00001000 08:07 1058175                    /usr/lib/x86_64-linux-gnu/libXinerama.so.1.0.0
7f1ab84d3000-7f1ab84d4000 rw-p 00002000 08:07 1058175                    /usr/lib/x86_64-linux-gnu/libXinerama.so.1.0.0
7f1ab84d4000-7f1ab84dd000 r-xp 00000000 08:07 1058187                    /usr/lib/x86_64-linux-gnu/libXrender.so.1.3.0
7f1ab84dd000-7f1ab86dc000 ---p 00009000 08:07 1058187                    /usr/lib/x86_64-linux-gnu/libXrender.so.1.3.0
7f1ab86dc000-7f1ab86dd000 r--p 00008000 08:07 1058187                    /usr/lib/x86_64-linux-gnu/libXrender.so.1.3.0
7f1ab86dd000-7f1ab86de000 rw-p 00009000 08:07 1058187                    /usr/lib/x86_64-linux-gnu/libXrender.so.1.3.0
7f1ab86de000-7f1ab86e3000 r-xp 00000000 08:07 1058167                    /usr/lib/x86_64-linux-gnu/libXfixes.so.3.1.0
7f1ab86e3000-7f1ab88e2000 ---p 00005000 08:07 1058167                    /usr/lib/x86_64-linux-gnu/libXfixes.so.3.1.0
7f1ab88e2000-7f1ab88e3000 r--p 00004000 08:07 1058167                    /usr/lib/x86_64-linux-gnu/libXfixes.so.3.1.0
7f1ab88e3000-7f1ab88e4000 rw-p 00005000 08:07 1058167                    /usr/lib/x86_64-linux-gnu/libXfixes.so.3.1.0
7f1ab88e4000-7f1ab88fa000 r-xp 00000000 08:07 1708095                    /lib/x86_64-linux-gnu/libgcc_s.so.1
7f1ab88fa000-7f1ab8af9000 ---p 00016000 08:07 1708095                    /lib/x86_64-linux-gnu/libgcc_s.so.1
7f1ab8af9000-7f1ab8afa000 rw-p 00015000 08:07 1708095                    /lib/x86_64-linux-gnu/libgcc_s.so.1
7f1ab8afa000-7f1ab8be0000 r-xp 00000000 08:07 1059058                    /usr/lib/x86_64-linux-gnu/libstdc++.so.6.0.19
7f1ab8be0000-7f1ab8ddf000 ---p 000e6000 08:07 1059058                    /usr/lib/x86_64-linux-gnu/libstdc++.so.6.0.19
7f1ab8ddf000-7f1ab8de7000 r--p 000e5000 08:07 1059058                    /usr/lib/x86_64-linux-gnu/libstdc++.so.6.0.19
7f1ab8de7000-7f1ab8de9000 rw-p 000ed000 08:07 1059058                    /usr/lib/x86_64-linux-gnu/libstdc++.so.6.0.19
7f1ab8de9000-7f1ab8dfe000 rw-p 00000000 00:00 0 
7f1ab8dfe000-7f1ab8e5f000 r-xp 00000000 08:07 1313456                    /usr/lib/x86_64-linux-gnu/mesa/libGL.so.1.2.0
7f1ab8e5f000-7f1ab905e000 ---p 00061000 08:07 1313456                    /usr/lib/x86_64-linux-gnu/mesa/libGL.so.1.2.0
7f1ab905e000-7f1ab9061000 r--p 00060000 08:07 1313456                    /usr/lib/x86_64-linux-gnu/mesa/libGL.so.1.2.0
7f1ab9061000-7f1ab9062000 rw-p 00063000 08:07 1313456                    /usr/lib/x86_64-linux-gnu/mesa/libGL.so.1.2.0
7f1ab9062000-7f1ab9063000 rw-p 00000000 00:00 0 
7f1ab9063000-7f1ab9067000 r-xp 00000000 08:07 1058203                    /usr/lib/x86_64-linux-gnu/libXxf86vm.so.1.0.0
7f1ab9067000-7f1ab9267000 ---p 00004000 08:07 1058203                    /usr/lib/x86_64-linux-gnu/libXxf86vm.so.1.0.0
7f1ab9267000-7f1ab9268000 r--p 00004000 08:07 1058203                    /usr/lib/x86_64-linux-gnu/libXxf86vm.so.1.0.0
7f1ab9268000-7f1ab9269000 rw-p 00005000 08:07 1058203                    /usr/lib/x86_64-linux-gnu/libXxf86vm.so.1.0.0
7f1ab9269000-7f1ab9399000 r-xp 00000000 08:07 1058148                    /usr/lib/x86_64-linux-gnu/libX11.so.6.3.0
7f1ab9399000-7f1ab9599000 ---p 00130000 08:07 1058148                    /usr/lib/x86_64-linux-gnu/libX11.so.6.3.0
7f1ab9599000-7f1ab959a000 r--p 00130000 08:07 1058148                    /usr/lib/x86_64-linux-gnu/libX11.so.6.3.0
7f1ab959a000-7f1ab959e000 rw-p 00131000 08:07 1058148                    /usr/lib/x86_64-linux-gnu/libX11.so.6.3.0
7f1ab959e000-7f1ab95a3000 r-xp 00000000 08:07 1058193                    /usr/lib/x86_64-linux-gnu/libXtst.so.6.1.0
7f1ab95a3000-7f1ab97a2000 ---p 00005000 08:07 1058193                    /usr/lib/x86_64-linux-gnu/libXtst.so.6.1.0
7f1ab97a2000-7f1ab97a3000 r--p 00004000 08:07 1058193                    /usr/lib/x86_64-linux-gnu/libXtst.so.6.1.0
7f1ab97a3000-7f1ab97a4000 rw-p 00005000 08:07 1058193                    /usr/lib/x86_64-linux-gnu/libXtst.so.6.1.0
7f1ab97a4000-7f1ab98aa000 r-xp 00000000 08:07 1708099                    /lib/x86_64-linux-gnu/libglib-2.0.so.0.4000.0
7f1ab98aa000-7f1ab9aa9000 ---p 00106000 08:07 1708099                    /lib/x86_64-linux-gnu/libglib-2.0.so.0.4000.0
7f1ab9aa9000-7f1ab9aaa000 r--p 00105000 08:07 1708099                    /lib/x86_64-linux-gnu/libglib-2.0.so.0.4000.0
7f1ab9aaa000-7f1ab9aab000 rw-p 00106000 08:07 1708099                    /lib/x86_64-linux-gnu/libglib-2.0.so.0.4000.0
7f1ab9aab000-7f1ab9aac000 rw-p 00000000 00:00 0 
7f1ab9aac000-7f1ab9aad000 r-xp 00000000 08:07 1058670                    /usr/lib/x86_64-linux-gnu/libgthread-2.0.so.0.4000.0
7f1ab9aad000-7f1ab9cac000 ---p 00001000 08:07 1058670                    /usr/lib/x86_64-linux-gnu/libgthread-2.0.so.0.4000.0
7f1ab9cac000-7f1ab9cad000 r--p 00000000 08:07 1058670                    /usr/lib/x86_64-linux-gnu/libgthread-2.0.so.0.4000.0
7f1ab9cad000-7f1ab9cae000 rw-p 00001000 08:07 1058670                    /usr/lib/x86_64-linux-gnu/libgthread-2.0.so.0.4000.0
7f1ab9cae000-7f1ab9cb1000 r-xp 00000000 08:07 1058547                    /usr/lib/x86_64-linux-gnu/libgmodule-2.0.so.0.4000.0
7f1ab9cb1000-7f1ab9eb0000 ---p 00003000 08:07 1058547                    /usr/lib/x86_64-linux-gnu/libgmodule-2.0.so.0.4000.0
7f1ab9eb0000-7f1ab9eb1000 r--p 00002000 08:07 1058547                    /usr/lib/x86_64-linux-gnu/libgmodule-2.0.so.0.4000.0
7f1ab9eb1000-7f1ab9eb2000 rw-p 00003000 08:07 1058547                    /usr/lib/x86_64-linux-gnu/libgmodule-2.0.so.0.4000.0
7f1ab9eb2000-7f1ab9f01000 r-xp 00000000 08:07 1058563                    /usr/lib/x86_64-linux-gnu/libgobject-2.0.so.0.4000.0
7f1ab9f01000-7f1aba101000 ---p 0004f000 08:07 1058563                    /usr/lib/x86_64-linux-gnu/libgobject-2.0.so.0.4000.0
7f1aba101000-7f1aba102000 r--p 0004f000 08:07 1058563                    /usr/lib/x86_64-linux-gnu/libgobject-2.0.so.0.4000.0
7f1aba102000-7f1aba103000 rw-p 00050000 08:07 1058563                    /usr/lib/x86_64-linux-gnu/libgobject-2.0.so.0.4000.0
7f1aba103000-7f1aba13d000 r-xp 00000000 08:07 1058444                    /usr/lib/x86_64-linux-gnu/libfontconfig.so.1.8.0
7f1aba13d000-7f1aba33c000 ---p 0003a000 08:07 1058444                    /usr/lib/x86_64-linux-gnu/libfontconfig.so.1.8.0
7f1aba33c000-7f1aba33e000 r--p 00039000 08:07 1058444                    /usr/lib/x86_64-linux-gnu/libfontconfig.so.1.8.0
7f1aba33e000-7f1aba33f000 rw-p 0003b000 08:07 1058444                    /usr/lib/x86_64-linux-gnu/libfontconfig.so.1.8.0
7f1aba33f000-7f1aba3dc000 r-xp 00000000 08:07 1058472                    /usr/lib/x86_64-linux-gnu/libfreetype.so.6.11.1
7f1aba3dc000-7f1aba5db000 ---p 0009d000 08:07 1058472                    /usr/lib/x86_64-linux-gnu/libfreetype.so.6.11.1
7f1aba5db000-7f1aba5e1000 r--p 0009c000 08:07 1058472                    /usr/lib/x86_64-linux-gnu/libfreetype.so.6.11.1
7f1aba5e1000-7f1aba5e2000 rw-p 000a2000 08:07 1058472                    /usr/lib/x86_64-linux-gnu/libfreetype.so.6.11.1
7f1aba5e2000-7f1aba62c000 r-xp 00000000 08:07 1058887                    /usr/lib/x86_64-linux-gnu/libpango-1.0.so.0.3600.3
7f1aba62c000-7f1aba82c000 ---p 0004a000 08:07 1058887                    /usr/lib/x86_64-linux-gnu/libpango-1.0.so.0.3600.3
7f1aba82c000-7f1aba82e000 r--p 0004a000 08:07 1058887                    /usr/lib/x86_64-linux-gnu/libpango-1.0.so.0.3600.3
7f1aba82e000-7f1aba82f000 rw-p 0004c000 08:07 1058887                    /usr/lib/x86_64-linux-gnu/libpango-1.0.so.0.3600.3
7f1aba82f000-7f1aba935000 r-xp 00000000 08:07 1058283                    /usr/lib/x86_64-linux-gnu/libcairo.so.2.11301.0
7f1aba935000-7f1abab34000 ---p 00106000 08:07 1058283                    /usr/lib/x86_64-linux-gnu/libcairo.so.2.11301.0
7f1abab34000-7f1abab37000 r--p 00105000 08:07 1058283                    /usr/lib/x86_64-linux-gnu/libcairo.so.2.11301.0
7f1abab37000-7f1abab38000 rw-p 00108000 08:07 1058283                    /usr/lib/x86_64-linux-gnu/libcairo.so.2.11301.0
7f1abab38000-7f1abab3a000 rw-p 00000000 00:00 0 
7f1abab3a000-7f1abab45000 r-xp 00000000 08:07 1058889                    /usr/lib/x86_64-linux-gnu/libpangocairo-1.0.so.0.3600.3
7f1abab45000-7f1abad45000 ---p 0000b000 08:07 1058889                    /usr/lib/x86_64-linux-gnu/libpangocairo-1.0.so.0.3600.3
7f1abad45000-7f1abad46000 r--p 0000b000 08:07 1058889                    /usr/lib/x86_64-linux-gnu/libpangocairo-1.0.so.0.3600.3
7f1abad46000-7f1abad47000 rw-p 0000c000 08:07 1058889                    /usr/lib/x86_64-linux-gnu/libpangocairo-1.0.so.0.3600.3
7f1abad47000-7f1abad66000 r-xp 00000000 08:07 1058509                    /usr/lib/x86_64-linux-gnu/libgdk_pixbuf-2.0.so.0.3000.7
7f1abad66000-7f1abaf66000 ---p 0001f000 08:07 1058509                    /usr/lib/x86_64-linux-gnu/libgdk_pixbuf-2.0.so.0.3000.7
7f1abaf66000-7f1abaf67000 r--p 0001f000 08:07 1058509                    /usr/lib/x86_64-linux-gnu/libgdk_pixbuf-2.0.so.0.3000.7
7f1abaf67000-7f1abaf68000 rw-p 00020000 08:07 1058509                    /usr/lib/x86_64-linux-gnu/libgdk_pixbuf-2.0.so.0.3000.7
7f1abaf68000-7f1abaf7c000 r-xp 00000000 08:07 1058891                    /usr/lib/x86_64-linux-gnu/libpangoft2-1.0.so.0.3600.3
7f1abaf7c000-7f1abb17b000 ---p 00014000 08:07 1058891                    /usr/lib/x86_64-linux-gnu/libpangoft2-1.0.so.0.3600.3
7f1abb17b000-7f1abb17c000 r--p 00013000 08:07 1058891                    /usr/lib/x86_64-linux-gnu/libpangoft2-1.0.so.0.3600.3
7f1abb17c000-7f1abb17d000 rw-p 00014000 08:07 1058891                    /usr/lib/x86_64-linux-gnu/libpangoft2-1.0.so.0.3600.3
7f1abb17d000-7f1abb2e8000 r-xp 00000000 08:07 1058533                    /usr/lib/x86_64-linux-gnu/libgio-2.0.so.0.4000.0
7f1abb2e8000-7f1abb4e8000 ---p 0016b000 08:07 1058533                    /usr/lib/x86_64-linux-gnu/libgio-2.0.so.0.4000.0
7f1abb4e8000-7f1abb4ec000 r--p 0016b000 08:07 1058533                    /usr/lib/x86_64-linux-gnu/libgio-2.0.so.0.4000.0
7f1abb4ec000-7f1abb4ee000 rw-p 0016f000 08:07 1058533                    /usr/lib/x86_64-linux-gnu/libgio-2.0.so.0.4000.0
7f1abb4ee000-7f1abb4f0000 rw-p 00000000 00:00 0 
7f1abb4f0000-7f1abb50f000 r-xp 00000000 08:07 1058244                    /usr/lib/x86_64-linux-gnu/libatk-1.0.so.0.21009.1
7f1abb50f000-7f1abb70f000 ---p 0001f000 08:07 1058244                    /usr/lib/x86_64-linux-gnu/libatk-1.0.so.0.21009.1
7f1abb70f000-7f1abb711000 r--p 0001f000 08:07 1058244                    /usr/lib/x86_64-linux-gnu/libatk-1.0.so.0.21009.1
7f1abb711000-7f1abb712000 rw-p 00021000 08:07 1058244                    /usr/lib/x86_64-linux-gnu/libatk-1.0.so.0.21009.1
7f1abb712000-7f1abb7bf000 r-xp 00000000 08:07 1058507                    /usr/lib/x86_64-linux-gnu/libgdk-x11-2.0.so.0.2400.23
7f1abb7bf000-7f1abb9be000 ---p 000ad000 08:07 1058507                    /usr/lib/x86_64-linux-gnu/libgdk-x11-2.0.so.0.2400.23
7f1abb9be000-7f1abb9c2000 r--p 000ac000 08:07 1058507                    /usr/lib/x86_64-linux-gnu/libgdk-x11-2.0.so.0.2400.23
7f1abb9c2000-7f1abb9c4000 rw-p 000b0000 08:07 1058507                    /usr/lib/x86_64-linux-gnu/libgdk-x11-2.0.so.0.2400.23
7f1abb9c4000-7f1abbdf3000 r-xp 00000000 08:07 1058674                    /usr/lib/x86_64-linux-gnu/libgtk-x11-2.0.so.0.2400.23
7f1abbdf3000-7f1abbff2000 ---p 0042f000 08:07 1058674                    /usr/lib/x86_64-linux-gnu/libgtk-x11-2.0.so.0.2400.23
7f1abbff2000-7f1abbff9000 r--p 0042e000 08:07 1058674                    /usr/lib/x86_64-linux-gnu/libgtk-x11-2.0.so.0.2400.23
7f1abbff9000-7f1abbffd000 rw-p 00435000 08:07 1058674                    /usr/lib/x86_64-linux-gnu/libgtk-x11-2.0.so.0.2400.23
7f1abbffd000-7f1abc000000 rw-p 00000000 00:00 0 
7f1abc000000-7f1abc021000 rw-p 00000000 00:00 0 
7f1abc021000-7f1ac0000000 ---p 00000000 00:00 0 
7f1ac0000000-7f1ac1dc8000 rw-p 00000000 00:00 0 
7f1ac1dc8000-7f1ac4000000 ---p 00000000 00:00 0 
7f1ac4000000-7f1ac47e0000 rw-p 00000000 00:00 0 
7f1ac47e0000-7f1ac8000000 ---p 00000000 00:00 0 
7f1ac8000000-7f1ac8021000 rw-p 00000000 00:00 0 
7f1ac8021000-7f1acc000000 ---p 00000000 00:00 0 
7f1acc000000-7f1acd5cc000 rw-p 00000000 00:00 0 
7f1acd5cc000-7f1ad0000000 ---p 00000000 00:00 0 
7f1ad0000000-7f1ad0c7f000 rw-p 00000000 00:00 0 
7f1ad0c7f000-7f1ad4000000 ---p 00000000 00:00 0 
7f1ad4000000-7f1ad4021000 rw-p 00000000 00:00 0 
7f1ad4021000-7f1ad8000000 ---p 00000000 00:00 0 
7f1ad8000000-7f1ad8021000 rw-p 00000000 00:00 0 
7f1ad8021000-7f1adc000000 ---p 00000000 00:00 0 
7f1adc000000-7f1adc112000 rw-p 00000000 00:00 0 
7f1adc112000-7f1ae0000000 ---p 00000000 00:00 0 
7f1ae0000000-7f1ae0021000 rw-p 00000000 00:00 0 
7f1ae0021000-7f1ae4000000 ---p 00000000 00:00 0 
7f1ae4000000-7f1ae4021000 rw-p 00000000 00:00 0 
7f1ae4021000-7f1ae8000000 ---p 00000000 00:00 0 
7f1ae8000000-7f1ae8021000 rw-p 00000000 00:00 0 
7f1ae8021000-7f1aec000000 ---p 00000000 00:00 0 
7f1aec000000-7f1aec021000 rw-p 00000000 00:00 0 
7f1aec021000-7f1af0000000 ---p 00000000 00:00 0 
7f1af0001000-7f1af0002000 rw-s 00000000 00:04 245466                     /drm mm object (deleted)
7f1af0002000-7f1af000e000 rw-s 00000000 00:04 246332                     /drm mm object (deleted)
7f1af000e000-7f1af000f000 rw-s 00000000 00:04 245465                     /drm mm object (deleted)
7f1af000f000-7f1af0010000 rw-s 00000000 00:04 244340                     /drm mm object (deleted)
7f1af0010000-7f1af0023000 r--p 00000000 08:07 133750                     /usr/lib/jvm/jdk1.8.0_25/jre/lib/fonts/LucidaBrightDemiItalic.ttf
7f1af0023000-7f1af0028000 r--s 00084000 08:07 2495507                    /usr/lib/jvm/jdk1.8.0_25/jre/lib/jfr.jar
7f1af0028000-7f1af0029000 r--s 00000000 08:07 1187986                    /var/cache/fontconfig/c05880de57d1f5e948fdfacc138775d9-le64.cache-4
7f1af0029000-7f1af0034000 r--s 00000000 08:07 1187980                    /var/cache/fontconfig/945677eb7aeaf62f1d50efc3fb3ec7d8-le64.cache-4
7f1af0034000-7f1af003a000 r--s 00000000 08:07 1187966                    /var/cache/fontconfig/2cd17615ca594fa2959ae173292e504c-le64.cache-4
7f1af003a000-7f1af003b000 r--s 00000000 08:07 1187996                    /var/cache/fontconfig/e7071f4a29fa870f4323321c154eba04-le64.cache-4
7f1af003b000-7f1af003c000 r--s 00000000 08:07 1187963                    /var/cache/fontconfig/0d8c3b2ac0904cb8a57a757ad11a4a08-le64.cache-4
7f1af003c000-7f1af0043000 r--s 00000000 08:07 1187983                    /var/cache/fontconfig/a755afe4a08bf5b97852ceb7400b47bc-le64.cache-4
7f1af0043000-7f1af0057000 r--s 00000000 08:07 1187961                    /var/cache/fontconfig/04aabc0a78ac019cf9454389977116d2-le64.cache-4
7f1af0057000-7f1af0058000 r--s 00000000 08:07 1187965                    /var/cache/fontconfig/1ac9eb803944fde146138c791f5cc56a-le64.cache-4
7f1af0058000-7f1af005d000 r--s 00000000 08:07 1190938                    /var/cache/fontconfig/eb48934c523a49add3824bfad8846c40-le64.cache-4
7f1af005d000-7f1af0062000 r--s 00000000 08:07 1190937                    /var/cache/fontconfig/385c0604a188198f04d133e54aba7fe7-le64.cache-4
7f1af0062000-7f1af0064000 r--s 00000000 08:07 1187977                    /var/cache/fontconfig/767a8244fc0220cfb567a839d0392e0b-le64.cache-4
7f1af0064000-7f1af0069000 r--s 00000000 08:07 1187979                    /var/cache/fontconfig/8801497958630a81b71ace7c5f9b32a8-le64.cache-4
7f1af0069000-7f1af0070000 r--s 00000000 08:07 1187967                    /var/cache/fontconfig/3047814df9a2f067bd2d96a2b9c36e5a-le64.cache-4
7f1af0070000-7f1af0076000 r--s 00000000 08:07 1187984                    /var/cache/fontconfig/b47c4e1ecd0709278f4910c18777a504-le64.cache-4
7f1af0076000-7f1af0089000 r--s 00000000 08:07 1187990                    /var/cache/fontconfig/d52a8644073d54c13679302ca1180695-le64.cache-4
7f1af0089000-7f1af0092000 r--s 00000000 08:07 1187970                    /var/cache/fontconfig/3f7329c5293ffd510edef78f73874cfd-le64.cache-4
7f1af0092000-7f1af00ae000 r--s 00393000 08:07 267369                     /usr/lib/jvm/jdk1.8.0_25/jre/lib/ext/cldrdata.jar
7f1af00ae000-7f1af00ba000 r-xp 00000000 08:07 2495489                    /usr/lib/jvm/jdk1.8.0_25/jre/lib/amd64/libprism_es2.so
7f1af00ba000-7f1af02b9000 ---p 0000c000 08:07 2495489                    /usr/lib/jvm/jdk1.8.0_25/jre/lib/amd64/libprism_es2.so
7f1af02b9000-7f1af02ba000 r--p 0000b000 08:07 2495489                    /usr/lib/jvm/jdk1.8.0_25/jre/lib/amd64/libprism_es2.so
7f1af02ba000-7f1af02bb000 rw-p 0000c000 08:07 2495489                    /usr/lib/jvm/jdk1.8.0_25/jre/lib/amd64/libprism_es2.so
7f1af02bb000-7f1af02be000 ---p 00000000 00:00 0 
7f1af02be000-7f1af03bc000 rw-p 00000000 00:00 0                          [stack:4212]
7f1af03bc000-7f1af03bd000 ---p 00000000 00:00 0 
7f1af03bd000-7f1af04bd000 rw-p 00000000 00:00 0                          [stack:4211]
7f1af04bd000-7f1af04c0000 ---p 00000000 00:00 0 
7f1af04c0000-7f1af05be000 rw-p 00000000 00:00 0                          [stack:4210]
7f1af05be000-7f1af05c1000 ---p 00000000 00:00 0 
7f1af05c1000-7f1af06bf000 rw-p 00000000 00:00 0                          [stack:4209]
7f1af06bf000-7f1af06c2000 ---p 00000000 00:00 0 
7f1af06c2000-7f1af07c0000 rw-p 00000000 00:00 0                          [stack:4208]
7f1af07c0000-7f1af07c3000 ---p 00000000 00:00 0 
7f1af07c3000-7f1af08c1000 rw-p 00000000 00:00 0                          [stack:4207]
7f1af08c1000-7f1af08c4000 ---p 00000000 00:00 0 
7f1af08c4000-7f1af09c2000 rw-p 00000000 00:00 0                          [stack:4206]
7f1af09c2000-7f1af1301000 r--p 00000000 08:07 1056763                    /usr/lib/locale/locale-archive
7f1af1301000-7f1af1304000 ---p 00000000 00:00 0 
7f1af1304000-7f1af1402000 rw-p 00000000 00:00 0                          [stack:4205]
7f1af1402000-7f1af1405000 ---p 00000000 00:00 0 
7f1af1405000-7f1af1503000 rw-p 00000000 00:00 0                          [stack:4204]
7f1af1503000-7f1af1504000 ---p 00000000 00:00 0 
7f1af1504000-7f1af4000000 rw-p 00000000 00:00 0                          [stack:4203]
7f1af4000000-7f1af4021000 rw-p 00000000 00:00 0 
7f1af4021000-7f1af8000000 ---p 00000000 00:00 0 
7f1af8000000-7f1af8001000 r--s 00000000 08:07 1187993                    /var/cache/fontconfig/dc05db6664285cc2f12bf69c139ae4c3-le64.cache-4
7f1af8001000-7f1af8005000 r--s 00000000 08:07 1191336                    /var/cache/fontconfig/c57959a16110560c8d0fcea73374aeeb-le64.cache-4
7f1af8005000-7f1af8046000 r--p 00000000 08:07 1996843                    /usr/share/glib-2.0/schemas/gschemas.compiled
7f1af8046000-7f1af80d2000 r--s 00fea000 08:07 267368                     /usr/lib/jvm/jdk1.8.0_25/jre/lib/ext/jfxrt.jar
7f1af80d2000-7f1af83d5000 rw-p 00000000 00:00 0 
7f1af83d5000-7f1af85ab000 r--s 03caa000 08:07 2495506                    /usr/lib/jvm/jdk1.8.0_25/jre/lib/rt.jar
7f1af85ab000-7f1af9000000 rw-p 00000000 00:00 0 
7f1af9000000-7f1af9d10000 rwxp 00000000 00:00 0 
7f1af9d10000-7f1b08000000 ---p 00000000 00:00 0 
7f1b08000000-7f1b084ac000 rw-p 00000000 00:00 0 
7f1b084ac000-7f1b0c000000 ---p 00000000 00:00 0 
7f1b0c000000-7f1b0c001000 r--s 00000000 08:07 1187971                    /var/cache/fontconfig/4794a0821666d79190d59a36cb4f44b5-le64.cache-4
7f1b0c001000-7f1b0c002000 r--s 00000000 08:07 1187973                    /var/cache/fontconfig/56cf4f4769d0f4abc89a4895d7bd3ae1-le64.cache-4
7f1b0c002000-7f1b0c006000 r--s 00000000 08:07 1187991                    /var/cache/fontconfig/d589a48862398ed80a3d6066f4f56f4c-le64.cache-4
7f1b0c006000-7f1b0c008000 r--s 00000000 08:07 1191335                    /var/cache/fontconfig/089dead882dea3570ffc31a9898cfb69-le64.cache-4
7f1b0c008000-7f1b0c00b000 r--s 00000000 08:07 1190693                    /var/cache/fontconfig/e13b20fdb08344e0e664864cc2ede53d-le64.cache-4
7f1b0c00b000-7f1b0c00f000 r--s 00000000 08:07 1188146                    /var/cache/fontconfig/7ef2298fde41cc6eeb7af42e48b7d293-le64.cache-4
7f1b0c00f000-7f1b0c019000 r--s 00116000 08:07 267363                     /usr/lib/jvm/jdk1.8.0_25/jre/lib/ext/localedata.jar
7f1b0c019000-7f1b0c021000 r--s 000c4000 08:07 1716493                    /home/linhsan/NetBeansProjects/ClinicManagement/dist/run1128484855/lib/mysql-connector-java-5.1.23-bin.jar
7f1b0c021000-7f1b0c029000 rw-s 00000000 00:04 246553                     /drm mm object (deleted)
7f1b0c029000-7f1b0c02a000 ---p 00000000 00:00 0 
7f1b0c02a000-7f1b0c12a000 rw-p 00000000 00:00 0                          [stack:4202]
7f1b0c12a000-7f1b0c12b000 ---p 00000000 00:00 0 
7f1b0c12b000-7f1b0c22b000 rw-p 00000000 00:00 0                          [stack:4201]
7f1b0c22b000-7f1b0c22c000 ---p 00000000 00:00 0 
7f1b0c22c000-7f1b0c32c000 rw-p 00000000 00:00 0                          [stack:4200]
7f1b0c32c000-7f1b0c32d000 ---p 00000000 00:00 0 
7f1b0c32d000-7f1b0c43b000 rw-p 00000000 00:00 0                          [stack:4199]
7f1b0c43b000-7f1b0c56d000 ---p 00000000 00:00 0 
7f1b0c56d000-7f1b0c57b000 rw-p 00000000 00:00 0 
7f1b0c57b000-7f1b0c6ac000 ---p 00000000 00:00 0 
7f1b0c6ac000-7f1b0c6c1000 rw-p 00000000 00:00 0 
7f1b0c6c1000-7f1b0c74c000 ---p 00000000 00:00 0 
7f1b0c74c000-7f1b0c782000 rw-p 00000000 00:00 0 
7f1b0c782000-7f1b0cb0d000 ---p 00000000 00:00 0 
7f1b0cb0d000-7f1b0cb27000 r-xp 00000000 08:07 2495471                    /usr/lib/jvm/jdk1.8.0_25/jre/lib/amd64/libzip.so
7f1b0cb27000-7f1b0cd27000 ---p 0001a000 08:07 2495471                    /usr/lib/jvm/jdk1.8.0_25/jre/lib/amd64/libzip.so
7f1b0cd27000-7f1b0cd28000 rw-p 0001a000 08:07 2495471                    /usr/lib/jvm/jdk1.8.0_25/jre/lib/amd64/libzip.so
7f1b0cd28000-7f1b0cd33000 r-xp 00000000 08:07 1708143                    /lib/x86_64-linux-gnu/libnss_files-2.19.so
7f1b0cd33000-7f1b0cf32000 ---p 0000b000 08:07 1708143                    /lib/x86_64-linux-gnu/libnss_files-2.19.so
7f1b0cf32000-7f1b0cf33000 r--p 0000a000 08:07 1708143                    /lib/x86_64-linux-gnu/libnss_files-2.19.so
7f1b0cf33000-7f1b0cf34000 rw-p 0000b000 08:07 1708143                    /lib/x86_64-linux-gnu/libnss_files-2.19.so
7f1b0cf34000-7f1b0cf3f000 r-xp 00000000 08:07 1708153                    /lib/x86_64-linux-gnu/libnss_nis-2.19.so
7f1b0cf3f000-7f1b0d13e000 ---p 0000b000 08:07 1708153                    /lib/x86_64-linux-gnu/libnss_nis-2.19.so
7f1b0d13e000-7f1b0d13f000 r--p 0000a000 08:07 1708153                    /lib/x86_64-linux-gnu/libnss_nis-2.19.so
7f1b0d13f000-7f1b0d140000 rw-p 0000b000 08:07 1708153                    /lib/x86_64-linux-gnu/libnss_nis-2.19.so
7f1b0d140000-7f1b0d157000 r-xp 00000000 08:07 1708137                    /lib/x86_64-linux-gnu/libnsl-2.19.so
7f1b0d157000-7f1b0d356000 ---p 00017000 08:07 1708137                    /lib/x86_64-linux-gnu/libnsl-2.19.so
7f1b0d356000-7f1b0d357000 r--p 00016000 08:07 1708137                    /lib/x86_64-linux-gnu/libnsl-2.19.so
7f1b0d357000-7f1b0d358000 rw-p 00017000 08:07 1708137                    /lib/x86_64-linux-gnu/libnsl-2.19.so
7f1b0d358000-7f1b0d35a000 rw-p 00000000 00:00 0 
7f1b0d35a000-7f1b0d363000 r-xp 00000000 08:07 1708139                    /lib/x86_64-linux-gnu/libnss_compat-2.19.so
7f1b0d363000-7f1b0d562000 ---p 00009000 08:07 1708139                    /lib/x86_64-linux-gnu/libnss_compat-2.19.so
7f1b0d562000-7f1b0d563000 r--p 00008000 08:07 1708139                    /lib/x86_64-linux-gnu/libnss_compat-2.19.so
7f1b0d563000-7f1b0d564000 rw-p 00009000 08:07 1708139                    /lib/x86_64-linux-gnu/libnss_compat-2.19.so
7f1b0d564000-7f1b0d58e000 r-xp 00000000 08:07 2495452                    /usr/lib/jvm/jdk1.8.0_25/jre/lib/amd64/libjava.so
7f1b0d58e000-7f1b0d78e000 ---p 0002a000 08:07 2495452                    /usr/lib/jvm/jdk1.8.0_25/jre/lib/amd64/libjava.so
7f1b0d78e000-7f1b0d790000 rw-p 0002a000 08:07 2495452                    /usr/lib/jvm/jdk1.8.0_25/jre/lib/amd64/libjava.so
7f1b0d790000-7f1b0d79d000 r-xp 00000000 08:07 2495465                    /usr/lib/jvm/jdk1.8.0_25/jre/lib/amd64/libverify.so
7f1b0d79d000-7f1b0d99d000 ---p 0000d000 08:07 2495465                    /usr/lib/jvm/jdk1.8.0_25/jre/lib/amd64/libverify.so
7f1b0d99d000-7f1b0d99f000 rw-p 0000d000 08:07 2495465                    /usr/lib/jvm/jdk1.8.0_25/jre/lib/amd64/libverify.so
7f1b0d99f000-7f1b0d9a6000 r-xp 00000000 08:07 1708196                    /lib/x86_64-linux-gnu/librt-2.19.so
7f1b0d9a6000-7f1b0dba5000 ---p 00007000 08:07 1708196                    /lib/x86_64-linux-gnu/librt-2.19.so
7f1b0dba5000-7f1b0dba6000 r--p 00006000 08:07 1708196                    /lib/x86_64-linux-gnu/librt-2.19.so
7f1b0dba6000-7f1b0dba7000 rw-p 00007000 08:07 1708196                    /lib/x86_64-linux-gnu/librt-2.19.so
7f1b0dba7000-7f1b0dcac000 r-xp 00000000 08:07 1708118                    /lib/x86_64-linux-gnu/libm-2.19.so
7f1b0dcac000-7f1b0deab000 ---p 00105000 08:07 1708118                    /lib/x86_64-linux-gnu/libm-2.19.so
7f1b0deab000-7f1b0deac000 r--p 00104000 08:07 1708118                    /lib/x86_64-linux-gnu/libm-2.19.so
7f1b0deac000-7f1b0dead000 rw-p 00105000 08:07 1708118                    /lib/x86_64-linux-gnu/libm-2.19.so
7f1b0dead000-7f1b0eb1a000 r-xp 00000000 08:07 2625176                    /usr/lib/jvm/jdk1.8.0_25/jre/lib/amd64/server/libjvm.so
7f1b0eb1a000-7f1b0ed19000 ---p 00c6d000 08:07 2625176                    /usr/lib/jvm/jdk1.8.0_25/jre/lib/amd64/server/libjvm.so
7f1b0ed19000-7f1b0edef000 rw-p 00c6c000 08:07 2625176                    /usr/lib/jvm/jdk1.8.0_25/jre/lib/amd64/server/libjvm.so
7f1b0edef000-7f1b0ee32000 rw-p 00000000 00:00 0 
7f1b0ee32000-7f1b0efee000 r-xp 00000000 08:07 1708068                    /lib/x86_64-linux-gnu/libc-2.19.so
7f1b0efee000-7f1b0f1ed000 ---p 001bc000 08:07 1708068                    /lib/x86_64-linux-gnu/libc-2.19.so
7f1b0f1ed000-7f1b0f1f1000 r--p 001bb000 08:07 1708068                    /lib/x86_64-linux-gnu/libc-2.19.so
7f1b0f1f1000-7f1b0f1f3000 rw-p 001bf000 08:07 1708068                    /lib/x86_64-linux-gnu/libc-2.19.so
7f1b0f1f3000-7f1b0f1f8000 rw-p 00000000 00:00 0 
7f1b0f1f8000-7f1b0f1fb000 r-xp 00000000 08:07 1708085                    /lib/x86_64-linux-gnu/libdl-2.19.so
7f1b0f1fb000-7f1b0f3fa000 ---p 00003000 08:07 1708085                    /lib/x86_64-linux-gnu/libdl-2.19.so
7f1b0f3fa000-7f1b0f3fb000 r--p 00002000 08:07 1708085                    /lib/x86_64-linux-gnu/libdl-2.19.so
7f1b0f3fb000-7f1b0f3fc000 rw-p 00003000 08:07 1708085                    /lib/x86_64-linux-gnu/libdl-2.19.so
7f1b0f3fc000-7f1b0f411000 r-xp 00000000 08:07 2625172                    /usr/lib/jvm/jdk1.8.0_25/jre/lib/amd64/jli/libjli.so
7f1b0f411000-7f1b0f610000 ---p 00015000 08:07 2625172                    /usr/lib/jvm/jdk1.8.0_25/jre/lib/amd64/jli/libjli.so
7f1b0f610000-7f1b0f611000 rw-p 00014000 08:07 2625172                    /usr/lib/jvm/jdk1.8.0_25/jre/lib/amd64/jli/libjli.so
7f1b0f611000-7f1b0f62a000 r-xp 00000000 08:07 1708188                    /lib/x86_64-linux-gnu/libpthread-2.19.so
7f1b0f62a000-7f1b0f829000 ---p 00019000 08:07 1708188                    /lib/x86_64-linux-gnu/libpthread-2.19.so
7f1b0f829000-7f1b0f82a000 r--p 00018000 08:07 1708188                    /lib/x86_64-linux-gnu/libpthread-2.19.so
7f1b0f82a000-7f1b0f82b000 rw-p 00019000 08:07 1708188                    /lib/x86_64-linux-gnu/libpthread-2.19.so
7f1b0f82b000-7f1b0f82f000 rw-p 00000000 00:00 0 
7f1b0f82f000-7f1b0f852000 r-xp 00000000 08:07 1708044                    /lib/x86_64-linux-gnu/ld-2.19.so
7f1b0f852000-7f1b0f856000 r--s 00093000 08:07 2495509                    /usr/lib/jvm/jdk1.8.0_25/jre/lib/jsse.jar
7f1b0f856000-7f1b0f85e000 rw-s 00000000 00:04 246327                     /drm mm object (deleted)
7f1b0f85e000-7f1b0f860000 rw-s 00000000 00:04 247073                     /drm mm object (deleted)
7f1b0f861000-7f1b0f864000 rw-p 00000000 00:00 0 
7f1b0f864000-7f1b0f865000 rw-s 00000000 00:04 246559                     /drm mm object (deleted)
7f1b0f865000-7f1b0f866000 rw-s 00000000 00:04 246558                     /drm mm object (deleted)
7f1b0f866000-7f1b0f86c000 r--p 00000000 08:07 1586273                    /home/linhsan/.config/dconf/user
7f1b0f86c000-7f1b0f874000 rw-s 00000000 00:04 245398                     /drm mm object (deleted)
7f1b0f874000-7f1b0f931000 rw-p 00000000 00:00 0 
7f1b0f931000-7f1b0f934000 ---p 00000000 00:00 0 
7f1b0f934000-7f1b0fa36000 rw-p 00000000 00:00 0                          [stack:4198]
7f1b0fa36000-7f1b0fa37000 r--s 00000000 08:07 1187985                    /var/cache/fontconfig/b9d506c9ac06c20b433354fa67a72993-le64.cache-4
7f1b0fa37000-7f1b0fa38000 r--s 00000000 08:07 1187962                    /var/cache/fontconfig/0c9eb80ebd1c36541ebe2852d3bb0c49-le64.cache-4
7f1b0fa38000-7f1b0fa39000 rw-s 00000000 00:04 246324                     /drm mm object (deleted)
7f1b0fa39000-7f1b0fa3a000 r--s 00000000 00:16 197875                     /run/user/1000/dconf/user
7f1b0fa3a000-7f1b0fa3b000 rw-s 00000000 00:04 245395                     /drm mm object (deleted)
7f1b0fa3b000-7f1b0fa43000 rw-s 00000000 00:04 245394                     /drm mm object (deleted)
7f1b0fa43000-7f1b0fa45000 r--s 00007000 08:07 1715010                    /home/linhsan/NetBeansProjects/ClinicManagement/dist/run1128484855/ClinicManagement.jar
7f1b0fa45000-7f1b0fa4d000 rw-s 00000000 08:07 394589                     /tmp/hsperfdata_linhsan/4194
7f1b0fa4d000-7f1b0fa4e000 rw-p 00000000 00:00 0 
7f1b0fa4e000-7f1b0fa4f000 r--p 00000000 00:00 0 
7f1b0fa4f000-7f1b0fa51000 rw-p 00000000 00:00 0 
7f1b0fa51000-7f1b0fa52000 r--p 00022000 08:07 1708044                    /lib/x86_64-linux-gnu/ld-2.19.so
7f1b0fa52000-7f1b0fa53000 rw-p 00023000 08:07 1708044                    /lib/x86_64-linux-gnu/ld-2.19.so
7f1b0fa53000-7f1b0fa54000 rw-p 00000000 00:00 0 
7fff56cea000-7fff56d0b000 rw-p 00000000 00:00 0                          [stack]
7fff56d6b000-7fff56d6d000 r-xp 00000000 00:00 0                          [vdso]
ffffffffff600000-ffffffffff601000 r-xp 00000000 00:00 0                  [vsyscall]

VM Arguments:
jvm_args: -Dfile.encoding=UTF-8 
java_command: /home/linhsan/NetBeansProjects/ClinicManagement/dist/run1128484855/ClinicManagement.jar
java_class_path (initial): /home/linhsan/NetBeansProjects/ClinicManagement/dist/run1128484855/ClinicManagement.jar
Launcher Type: SUN_STANDARD

Environment Variables:
PATH=/usr/local/sbin:/usr/local/bin:/usr/sbin:/usr/bin:/sbin:/bin:/usr/games:/usr/local/games
LD_LIBRARY_PATH=/usr/lib/jvm/jdk1.8.0_25/jre/lib/amd64:/usr/lib/jvm/jdk1.8.0_25/jre/lib/i386:
SHELL=/bin/bash
DISPLAY=:0

Signal Handlers:
SIGSEGV: [libjvm.so+0xa79a80], sa_mask[0]=11111111011111111101111111111110, sa_flags=SA_RESTART|SA_SIGINFO
SIGBUS: [libjvm.so+0xa79a80], sa_mask[0]=11111111011111111101111111111110, sa_flags=SA_RESTART|SA_SIGINFO
SIGFPE: [libjvm.so+0x8e24e0], sa_mask[0]=11111111011111111101111111111110, sa_flags=SA_RESTART|SA_SIGINFO
SIGPIPE: SIG_IGN, sa_mask[0]=00000000000010000000000000000000, sa_flags=SA_RESTART
SIGXFSZ: [libjvm.so+0x8e24e0], sa_mask[0]=11111111011111111101111111111110, sa_flags=SA_RESTART|SA_SIGINFO
SIGILL: [libjvm.so+0x8e24e0], sa_mask[0]=11111111011111111101111111111110, sa_flags=SA_RESTART|SA_SIGINFO
SIGUSR1: SIG_DFL, sa_mask[0]=00000000000000000000000000000000, sa_flags=none
SIGUSR2: [libjvm.so+0x8e3d10], sa_mask[0]=00100000000000000000000000000000, sa_flags=SA_RESTART|SA_SIGINFO
SIGHUP: [libjvm.so+0x8e50d0], sa_mask[0]=11111111011111111101111111111110, sa_flags=SA_RESTART|SA_SIGINFO
SIGINT: SIG_IGN, sa_mask[0]=00000000000000000000000000000000, sa_flags=none
SIGTERM: [libjvm.so+0x8e50d0], sa_mask[0]=11111111011111111101111111111110, sa_flags=SA_RESTART|SA_SIGINFO
SIGQUIT: [libjvm.so+0x8e50d0], sa_mask[0]=11111111011111111101111111111110, sa_flags=SA_RESTART|SA_SIGINFO


---------------  S Y S T E M  ---------------

OS:DISTRIB_ID=Ubuntu
DISTRIB_RELEASE=14.04
DISTRIB_CODENAME=trusty
DISTRIB_DESCRIPTION="Ubuntu 14.04 LTS"

uname:Linux 3.13.0-24-generic #46-Ubuntu SMP Thu Apr 10 19:11:08 UTC 2014 x86_64
libc:glibc 2.19 NPTL 2.19 
rlimit: STACK 8192k, CORE 0k, NPROC 30460, NOFILE 4096, AS infinity
load average:1,76 1,29 0,95

/proc/meminfo:
MemTotal:        3920420 kB
MemFree:          113936 kB
Buffers:            3548 kB
Cached:          1064944 kB
SwapCached:       102016 kB
Active:          2319568 kB
Inactive:        1213908 kB
Active(anon):    2233736 kB
Inactive(anon):  1142252 kB
Active(file):      85832 kB
Inactive(file):    71656 kB
Unevictable:         124 kB
Mlocked:             124 kB
SwapTotal:       7762940 kB
SwapFree:        7219076 kB
Dirty:              3184 kB
Writeback:             0 kB
AnonPages:       2393552 kB
Mapped:           708928 kB
Shmem:            910816 kB
Slab:             132616 kB
SReclaimable:      90404 kB
SUnreclaim:        42212 kB
KernelStack:        6096 kB
PageTables:        55468 kB
NFS_Unstable:          0 kB
Bounce:                0 kB
WritebackTmp:          0 kB
CommitLimit:     9723148 kB
Committed_AS:    9442684 kB
VmallocTotal:   34359738367 kB
VmallocUsed:      545972 kB
VmallocChunk:   34359183836 kB
HardwareCorrupted:     0 kB
AnonHugePages:    675840 kB
HugePages_Total:       0
HugePages_Free:        0
HugePages_Rsvd:        0
HugePages_Surp:        0
Hugepagesize:       2048 kB
DirectMap4k:       87804 kB
DirectMap2M:     3979264 kB


CPU:total 4 (2 cores per cpu, 2 threads per core) family 6 model 58 stepping 9, cmov, cx8, fxsr, mmx, sse, sse2, sse3, ssse3, sse4.1, sse4.2, popcnt, avx, aes, clmul, erms, ht, tsc, tscinvbit, tscinv

/proc/cpuinfo:
processor	: 0
vendor_id	: GenuineIntel
cpu family	: 6
model		: 58
model name	: Intel(R) Core(TM) i5-3230M CPU @ 2.60GHz
stepping	: 9
microcode	: 0x15
cpu MHz		: 2601.000
cache size	: 3072 KB
physical id	: 0
siblings	: 4
core id		: 0
cpu cores	: 2
apicid		: 0
initial apicid	: 0
fpu		: yes
fpu_exception	: yes
cpuid level	: 13
wp		: yes
flags		: fpu vme de pse tsc msr pae mce cx8 apic sep mtrr pge mca cmov pat pse36 clflush dts acpi mmx fxsr sse sse2 ss ht tm pbe syscall nx rdtscp lm constant_tsc arch_perfmon pebs bts rep_good nopl xtopology nonstop_tsc aperfmperf eagerfpu pni pclmulqdq dtes64 monitor ds_cpl vmx est tm2 ssse3 cx16 xtpr pdcm pcid sse4_1 sse4_2 x2apic popcnt tsc_deadline_timer aes xsave avx f16c rdrand lahf_lm ida arat epb xsaveopt pln pts dtherm tpr_shadow vnmi flexpriority ept vpid fsgsbase smep erms
bogomips	: 5188.11
clflush size	: 64
cache_alignment	: 64
address sizes	: 36 bits physical, 48 bits virtual
power management:

processor	: 1
vendor_id	: GenuineIntel
cpu family	: 6
model		: 58
model name	: Intel(R) Core(TM) i5-3230M CPU @ 2.60GHz
stepping	: 9
microcode	: 0x15
cpu MHz		: 2400.000
cache size	: 3072 KB
physical id	: 0
siblings	: 4
core id		: 0
cpu cores	: 2
apicid		: 1
initial apicid	: 1
fpu		: yes
fpu_exception	: yes
cpuid level	: 13
wp		: yes
flags		: fpu vme de pse tsc msr pae mce cx8 apic sep mtrr pge mca cmov pat pse36 clflush dts acpi mmx fxsr sse sse2 ss ht tm pbe syscall nx rdtscp lm constant_tsc arch_perfmon pebs bts rep_good nopl xtopology nonstop_tsc aperfmperf eagerfpu pni pclmulqdq dtes64 monitor ds_cpl vmx est tm2 ssse3 cx16 xtpr pdcm pcid sse4_1 sse4_2 x2apic popcnt tsc_deadline_timer aes xsave avx f16c rdrand lahf_lm ida arat epb xsaveopt pln pts dtherm tpr_shadow vnmi flexpriority ept vpid fsgsbase smep erms
bogomips	: 5188.11
clflush size	: 64
cache_alignment	: 64
address sizes	: 36 bits physical, 48 bits virtual
power management:

processor	: 2
vendor_id	: GenuineIntel
cpu family	: 6
model		: 58
model name	: Intel(R) Core(TM) i5-3230M CPU @ 2.60GHz
stepping	: 9
microcode	: 0x15
cpu MHz		: 2601.000
cache size	: 3072 KB
physical id	: 0
siblings	: 4
core id		: 1
cpu cores	: 2
apicid		: 2
initial apicid	: 2
fpu		: yes
fpu_exception	: yes
cpuid level	: 13
wp		: yes
flags		: fpu vme de pse tsc msr pae mce cx8 apic sep mtrr pge mca cmov pat pse36 clflush dts acpi mmx fxsr sse sse2 ss ht tm pbe syscall nx rdtscp lm constant_tsc arch_perfmon pebs bts rep_good nopl xtopology nonstop_tsc aperfmperf eagerfpu pni pclmulqdq dtes64 monitor ds_cpl vmx est tm2 ssse3 cx16 xtpr pdcm pcid sse4_1 sse4_2 x2apic popcnt tsc_deadline_timer aes xsave avx f16c rdrand lahf_lm ida arat epb xsaveopt pln pts dtherm tpr_shadow vnmi flexpriority ept vpid fsgsbase smep erms
bogomips	: 5188.11
clflush size	: 64
cache_alignment	: 64
address sizes	: 36 bits physical, 48 bits virtual
power management:

processor	: 3
vendor_id	: GenuineIntel
cpu family	: 6
model		: 58
model name	: Intel(R) Core(TM) i5-3230M CPU @ 2.60GHz
stepping	: 9
microcode	: 0x15
cpu MHz		: 2601.000
cache size	: 3072 KB
physical id	: 0
siblings	: 4
core id		: 1
cpu cores	: 2
apicid		: 3
initial apicid	: 3
fpu		: yes
fpu_exception	: yes
cpuid level	: 13
wp		: yes
flags		: fpu vme de pse tsc msr pae mce cx8 apic sep mtrr pge mca cmov pat pse36 clflush dts acpi mmx fxsr sse sse2 ss ht tm pbe syscall nx rdtscp lm constant_tsc arch_perfmon pebs bts rep_good nopl xtopology nonstop_tsc aperfmperf eagerfpu pni pclmulqdq dtes64 monitor ds_cpl vmx est tm2 ssse3 cx16 xtpr pdcm pcid sse4_1 sse4_2 x2apic popcnt tsc_deadline_timer aes xsave avx f16c rdrand lahf_lm ida arat epb xsaveopt pln pts dtherm tpr_shadow vnmi flexpriority ept vpid fsgsbase smep erms
bogomips	: 5188.11
clflush size	: 64
cache_alignment	: 64
address sizes	: 36 bits physical, 48 bits virtual
power management:



Memory: 4k page, physical 3920420k(113936k free), swap 7762940k(7219076k free)

vm_info: Java HotSpot(TM) 64-Bit Server VM (25.25-b02) for linux-amd64 JRE (1.8.0_25-b17), built on Sep 17 2014 17:32:11 by "java_re" with gcc 4.3.0 20080428 (Red Hat 4.3.0-8)

time: Sat Nov 14 08:11:15 2015
elapsed time: 33 seconds (0d 0h 0m 33s)

