#
# A fatal error has been detected by the Java Runtime Environment:
#
#  SIGSEGV (0xb) at pc=0x00007f1a45020ed2, pid=2050, tid=139749588268800
#
# JRE version: Java(TM) SE Runtime Environment (8.0_25-b17) (build 1.8.0_25-b17)
# Java VM: Java HotSpot(TM) 64-Bit Server VM (25.25-b02 mixed mode linux-amd64 compressed oops)
# Problematic frame:
# j  com.sun.glass.ui.gtk.GtkView.notifyInputMethodDraw(Ljava/lang/String;III)V+13
#
# Failed to write core dump. Core dumps have been disabled. To enable core dumping, try "ulimit -c unlimited" before starting Java again
#
# If you would like to submit a bug report, please visit:
#   http://bugreport.sun.com/bugreport/crash.jsp
#

---------------  T H R E A D  ---------------

Current thread (0x00007f1a54355000):  JavaThread "JavaFX Application Thread" [_thread_in_Java, id=2072, stack(0x00007f19fc80f000,0x00007f19fc910000)]

siginfo: si_signo: 11 (SIGSEGV), si_code: 2 (SEGV_ACCERR), si_addr: 0x00000000e8014130

Registers:
RAX=0x0000000000100000, RBX=0x00007f1a591c6a58, RCX=0x00000000e8014130, RDX=0x0000000070500004
RSP=0x00007f19fc90d420, RBP=0x00007f19fc90d488, RSI=0x00007f1a45010940, RDI=0x00007f19fc90d560
R8 =0x00007f1a45010940, R9 =0x00007f19fc90d708, R10=0x00007f1a5c910440, R11=0x0000000000017101
R12=0x0000000000000000, R13=0x00007f1a5962a8c5, R14=0x00007f19fc90d4b8, R15=0x00007f1a54355000
RIP=0x00007f1a45020ed2, EFLAGS=0x0000000000010206, CSGSFS=0x0000000000000033, ERR=0x0000000000000004
  TRAPNO=0x000000000000000e

Top of Stack: (sp=0x00007f19fc90d420)
0x00007f19fc90d420:   00007f1a45007710 00000000ec9e4318
0x00007f19fc90d430:   0000000000000002 0000000000000000
0x00007f19fc90d440:   00000000e8014130 00007f19fc90d448
0x00007f19fc90d450:   00007f1a5962a8c5 00007f19fc90d4b8
0x00007f19fc90d460:   00007f1a59634408 00007f19e6909768
0x00007f19fc90d470:   00007f1a5962a8f8 0000000000000000
0x00007f19fc90d480:   00007f19fc90d498 00007f19fc90d520
0x00007f19fc90d490:   00007f1a450004e7 00007f1900000003
0x00007f19fc90d4a0:   0000000000000002 00007f1900000000
0x00007f19fc90d4b0:   00000000ec9e4318 00007f19e8014100
0x00007f19fc90d4c0:   0000000000001fa0 00007f1a54354c48
0x00007f19fc90d4d0:   00007f1a54355000 00007f19fc90d5a0
0x00007f19fc90d4e0:   00007f19e8014100 00007f19fc90d560
0x00007f19fc90d4f0:   00007f19fc90d560 00007f19fc90d8b8
0x00007f19fc90d500:   00007f190000000a 00007f1a5962a8f8
0x00007f19fc90d510:   00007f1a45010940 00007f19fc90d708
0x00007f19fc90d520:   00007f19fc90d690 00007f1a5c018086
0x00007f19fc90d530:   00007f1a00000005 00007f1a54355000
0x00007f19fc90d540:   00007f19fc90d700 00007f19fc90d8b0
0x00007f19fc90d550:   00007f1a45010940 000000000000000a
0x00007f19fc90d560:   00007f1a54355000 00007f19e8000a30
0x00007f19fc90d570:   00007f1a5962a8f8 00007f19e8014100
0x00007f19fc90d580:   00007f19fc90e600 00007f1a450156a8
0x00007f19fc90d590:   00007f19fc90e660 00007f19fc90d8b0
0x00007f19fc90d5a0:   00007f1a54355000 00007f1a54354bf0
0x00007f19fc90d5b0:   00007f1a54354c30 00007f1a54354c50
0x00007f19fc90d5c0:   00007f1a54354d18 00000000000000d8
0x00007f19fc90d5d0:   00007f19fc90e890 78598bdbbc500600
0x00007f19fc90d5e0:   00007f1a5962a8f8 00007f1a54355000
0x00007f19fc90d5f0:   00007f1a542db250 00007f1a542db268
0x00007f19fc90d600:   00007f1a5962a8f8 00007f1a54355000
0x00007f19fc90d610:   00007f19fc90d620 00007f1a03d16dd7 

Instructions: (pc=0x00007f1a45020ed2)
0x00007f1a45020eb2:   91 5c 1a 7f 00 00 49 8b 14 d2 52 41 8b d5 4c 8b
0x00007f1a45020ec2:   6d c8 8b c2 81 e0 00 00 10 00 0f 84 6a 01 00 00
0x00007f1a45020ed2:   48 3b 01 48 8b 45 e0 48 85 c0 0f 84 12 00 00 00
0x00007f1a45020ee2:   48 83 40 08 01 48 83 58 08 00 48 83 c0 30 48 89 

Register to memory mapping:

RAX=0x0000000000100000 is an unknown value
RBX={method} {0x00007f1a591c6a58} 'replace' '(IILjava/lang/String;)Ljava/lang/StringBuilder;' in 'java/lang/StringBuilder'
RCX=0x00000000e8014130 is an unallocated location in the heap
RDX=0x0000000070500004 is an unknown value
RSP=0x00007f19fc90d420 is pointing into the stack for thread: 0x00007f1a54355000
RBP=0x00007f19fc90d488 is pointing into the stack for thread: 0x00007f1a54355000
RSI=0x00007f1a45010940 is at code_begin+0 in an Interpreter codelet
method entry point (kind = zerolocals)  [0x00007f1a45010940, 0x00007f1a45010dc0]  1152 bytes
RDI=0x00007f19fc90d560 is pointing into the stack for thread: 0x00007f1a54355000
R8 =0x00007f1a45010940 is at code_begin+0 in an Interpreter codelet
method entry point (kind = zerolocals)  [0x00007f1a45010940, 0x00007f1a45010dc0]  1152 bytes
R9 =0x00007f19fc90d708 is pointing into the stack for thread: 0x00007f1a54355000
R10=0x00007f1a5c910440: <offset 0xf5c440> in /usr/lib/jvm/jdk1.8.0_25/jre/lib/amd64/server/libjvm.so at 0x00007f1a5b9b4000
R11=0x0000000000017101 is an unknown value
R12=0x0000000000000000 is an unknown value
R13=0x00007f1a5962a8c5 is pointing into metadata
R14=0x00007f19fc90d4b8 is pointing into the stack for thread: 0x00007f1a54355000
R15=0x00007f1a54355000 is a thread


Stack: [0x00007f19fc80f000,0x00007f19fc910000],  sp=0x00007f19fc90d420,  free space=1017k
Native frames: (J=compiled Java code, j=interpreted, Vv=VM code, C=native code)
j  com.sun.glass.ui.gtk.GtkView.notifyInputMethodDraw(Ljava/lang/String;III)V+13
v  ~StubRoutines::call_stub
V  [libjvm.so+0x664086]  JavaCalls::call_helper(JavaValue*, methodHandle*, JavaCallArguments*, Thread*)+0x1056
V  [libjvm.so+0x6aa05b]  jni_invoke_nonstatic(JNIEnv_*, JavaValue*, _jobject*, JNICallType, _jmethodID*, JNI_ArgumentPusher*, Thread*)+0x41b
V  [libjvm.so+0x6ba06f]  jni_CallVoidMethodV+0x10f
C  [libglass.so+0x145e8]  JNIEnv_::CallVoidMethod(_jobject*, _jmethodID*, ...)+0x98
C  [libglass.so+0x1a93a]  im_preedit_draw(_XIM*, char*, char*)+0x8a
C  [libX11.so.6+0x591d8]
C  0x0000000000000003


---------------  P R O C E S S  ---------------

Java Threads: ( => current thread )
  0x00007f19e83da000 JavaThread "Prism Font Disposer" daemon [_thread_blocked, id=2075, stack(0x00007f19e7527000,0x00007f19e7628000)]
  0x00007f19e81fe800 JavaThread "Abandoned connection cleanup thread" daemon [_thread_blocked, id=2074, stack(0x00007f19fc40d000,0x00007f19fc50e000)]
  0x00007f1a54359000 JavaThread "JavaFX-Launcher" [_thread_blocked, id=2073, stack(0x00007f19fc70e000,0x00007f19fc80f000)]
=>0x00007f1a54355000 JavaThread "JavaFX Application Thread" [_thread_in_Java, id=2072, stack(0x00007f19fc80f000,0x00007f19fc910000)]
  0x00007f1a54351000 JavaThread "Thread-1" daemon [_thread_blocked, id=2071, stack(0x00007f19fc910000,0x00007f19fca11000)]
  0x00007f1a542a2800 JavaThread "QuantumRenderer-0" daemon [_thread_blocked, id=2068, stack(0x00007f1a35d0b000,0x00007f1a35e0c000)]
  0x00007f1a54188000 JavaThread "Service Thread" daemon [_thread_blocked, id=2066, stack(0x00007f1a35f0d000,0x00007f1a3600e000)]
  0x00007f1a54178000 JavaThread "C1 CompilerThread2" daemon [_thread_blocked, id=2065, stack(0x00007f1a3600e000,0x00007f1a3610f000)]
  0x00007f1a54176000 JavaThread "C2 CompilerThread1" daemon [_thread_blocked, id=2064, stack(0x00007f1a3610f000,0x00007f1a36210000)]
  0x00007f1a54173800 JavaThread "C2 CompilerThread0" daemon [_thread_blocked, id=2063, stack(0x00007f1a440bb000,0x00007f1a441bc000)]
  0x00007f1a54171000 JavaThread "Signal Dispatcher" daemon [_thread_blocked, id=2062, stack(0x00007f1a441bc000,0x00007f1a442bd000)]
  0x00007f1a54143800 JavaThread "Finalizer" daemon [_thread_blocked, id=2061, stack(0x00007f1a44bfc000,0x00007f1a44cfd000)]
  0x00007f1a54141800 JavaThread "Reference Handler" daemon [_thread_blocked, id=2060, stack(0x00007f1a44cfd000,0x00007f1a44dfe000)]
  0x00007f1a5400a000 JavaThread "main" [_thread_blocked, id=2052, stack(0x00007f1a5d438000,0x00007f1a5d539000)]

Other Threads:
  0x00007f1a5413a000 VMThread [stack: 0x00007f1a44dfe000,0x00007f1a44eff000] [id=2059]
  0x00007f1a5418a000 WatcherThread [stack: 0x00007f1a35e0c000,0x00007f1a35f0d000] [id=2067]

VM state:not at safepoint (normal execution)

VM Mutex/Monitor currently owned by a thread: None

Heap:
 PSYoungGen      total 51712K, used 16592K [0x00000000ec100000, 0x00000000f0680000, 0x0000000100000000)
  eden space 44544K, 21% used [0x00000000ec100000,0x00000000eca64208,0x00000000eec80000)
  from space 7168K, 97% used [0x00000000eff80000,0x00000000f0650020,0x00000000f0680000)
  to   space 9216K, 0% used [0x00000000ef480000,0x00000000ef480000,0x00000000efd80000)
 ParOldGen       total 31232K, used 9544K [0x00000000c4200000, 0x00000000c6080000, 0x00000000ec100000)
  object space 31232K, 30% used [0x00000000c4200000,0x00000000c4b52068,0x00000000c6080000)
 Metaspace       used 23528K, capacity 25024K, committed 25216K, reserved 1071104K
  class space    used 3177K, capacity 3407K, committed 3456K, reserved 1048576K

Card table byte_map: [0x00007f1a5a074000,0x00007f1a5a254000] byte_map_base: 0x00007f1a59a53000

Marking Bits: (ParMarkBitMap*) 0x00007f1a5c90e2c0
 Begin Bits: [0x00007f1a36210000, 0x00007f1a37108000)
 End Bits:   [0x00007f1a37108000, 0x00007f1a38000000)

Polling page: 0x00007f1a5d555000

CodeCache: size=245760Kb used=15258Kb max_used=15269Kb free=230501Kb
 bounds [0x00007f1a45000000, 0x00007f1a45f00000, 0x00007f1a54000000]
 total_blobs=5383 nmethods=4672 adapters=624
 compilation: enabled

Compilation events (10 events):
Event: 239,649 Thread 0x00007f1a54178000 nmethod 5410 0x00007f1a45ef6e10 code [0x00007f1a45ef6fe0, 0x00007f1a45ef77a8]
Event: 239,649 Thread 0x00007f1a54178000 5408       3       javafx.scene.layout.Region::getMaxAreaWidth (156 bytes)
Event: 239,651 Thread 0x00007f1a54178000 nmethod 5408 0x00007f1a45ef58d0 code [0x00007f1a45ef5b20, 0x00007f1a45ef6828]
Event: 239,651 Thread 0x00007f1a54178000 5411       3       com.sun.javafx.geom.DirtyRegionPool::checkIn (65 bytes)
Event: 239,652 Thread 0x00007f1a54178000 nmethod 5411 0x00007f1a45ef4dd0 code [0x00007f1a45ef4fa0, 0x00007f1a45ef5678]
Event: 239,655 Thread 0x00007f1a54173800 nmethod 5409 0x00007f1a45ef45d0 code [0x00007f1a45ef4780, 0x00007f1a45ef4aa8]
Event: 239,657 Thread 0x00007f1a54178000 5412       3       com.sun.javafx.scene.control.behavior.BehaviorBase::matchActionForEvent (101 bytes)
Event: 239,657 Thread 0x00007f1a54178000 nmethod 5412 0x00007f1a45ef9850 code [0x00007f1a45ef9a20, 0x00007f1a45efa1b8]
Event: 239,736 Thread 0x00007f1a54176000 5413       4       java.nio.Buffer::flip (20 bytes)
Event: 239,737 Thread 0x00007f1a54176000 nmethod 5413 0x00007f1a45e93610 code [0x00007f1a45e93760, 0x00007f1a45e937d8]

GC Heap History (10 events):
Event: 17,366 GC heap before
{Heap before GC invocations=9 (full 1):
 PSYoungGen      total 34816K, used 34816K [0x00000000ec100000, 0x00000000ef480000, 0x0000000100000000)
  eden space 29184K, 100% used [0x00000000ec100000,0x00000000edd80000,0x00000000edd80000)
  from space 5632K, 100% used [0x00000000edd80000,0x00000000ee300000,0x00000000ee300000)
  to   space 7680K, 0% used [0x00000000eed00000,0x00000000eed00000,0x00000000ef480000)
 ParOldGen       total 31232K, used 9504K [0x00000000c4200000, 0x00000000c6080000, 0x00000000ec100000)
  object space 31232K, 30% used [0x00000000c4200000,0x00000000c4b48068,0x00000000c6080000)
 Metaspace       used 22698K, capacity 24144K, committed 24448K, reserved 1071104K
  class space    used 3145K, capacity 3387K, committed 3456K, reserved 1048576K
Event: 17,374 GC heap after
Heap after GC invocations=9 (full 1):
 PSYoungGen      total 45056K, used 5792K [0x00000000ec100000, 0x00000000efb00000, 0x0000000100000000)
  eden space 37376K, 0% used [0x00000000ec100000,0x00000000ec100000,0x00000000ee580000)
  from space 7680K, 75% used [0x00000000eed00000,0x00000000ef2a8000,0x00000000ef480000)
  to   space 7680K, 0% used [0x00000000ee580000,0x00000000ee580000,0x00000000eed00000)
 ParOldGen       total 31232K, used 9512K [0x00000000c4200000, 0x00000000c6080000, 0x00000000ec100000)
  object space 31232K, 30% used [0x00000000c4200000,0x00000000c4b4a068,0x00000000c6080000)
 Metaspace       used 22698K, capacity 24144K, committed 24448K, reserved 1071104K
  class space    used 3145K, capacity 3387K, committed 3456K, reserved 1048576K
}
Event: 81,687 GC heap before
{Heap before GC invocations=10 (full 1):
 PSYoungGen      total 45056K, used 43168K [0x00000000ec100000, 0x00000000efb00000, 0x0000000100000000)
  eden space 37376K, 100% used [0x00000000ec100000,0x00000000ee580000,0x00000000ee580000)
  from space 7680K, 75% used [0x00000000eed00000,0x00000000ef2a8000,0x00000000ef480000)
  to   space 7680K, 0% used [0x00000000ee580000,0x00000000ee580000,0x00000000eed00000)
 ParOldGen       total 31232K, used 9512K [0x00000000c4200000, 0x00000000c6080000, 0x00000000ec100000)
  object space 31232K, 30% used [0x00000000c4200000,0x00000000c4b4a068,0x00000000c6080000)
 Metaspace       used 22951K, capacity 24356K, committed 24704K, reserved 1071104K
  class space    used 3154K, capacity 3393K, committed 3456K, reserved 1048576K
Event: 81,697 GC heap after
Heap after GC invocations=10 (full 1):
 PSYoungGen      total 45056K, used 6304K [0x00000000ec100000, 0x00000000eff00000, 0x0000000100000000)
  eden space 37376K, 0% used [0x00000000ec100000,0x00000000ec100000,0x00000000ee580000)
  from space 7680K, 82% used [0x00000000ee580000,0x00000000eeba8000,0x00000000eed00000)
  to   space 8192K, 0% used [0x00000000ef700000,0x00000000ef700000,0x00000000eff00000)
 ParOldGen       total 31232K, used 9520K [0x00000000c4200000, 0x00000000c6080000, 0x00000000ec100000)
  object space 31232K, 30% used [0x00000000c4200000,0x00000000c4b4c068,0x00000000c6080000)
 Metaspace       used 22951K, capacity 24356K, committed 24704K, reserved 1071104K
  class space    used 3154K, capacity 3393K, committed 3456K, reserved 1048576K
}
Event: 96,612 GC heap before
{Heap before GC invocations=11 (full 1):
 PSYoungGen      total 45056K, used 43680K [0x00000000ec100000, 0x00000000eff00000, 0x0000000100000000)
  eden space 37376K, 100% used [0x00000000ec100000,0x00000000ee580000,0x00000000ee580000)
  from space 7680K, 82% used [0x00000000ee580000,0x00000000eeba8000,0x00000000eed00000)
  to   space 8192K, 0% used [0x00000000ef700000,0x00000000ef700000,0x00000000eff00000)
 ParOldGen       total 31232K, used 9520K [0x00000000c4200000, 0x00000000c6080000, 0x00000000ec100000)
  object space 31232K, 30% used [0x00000000c4200000,0x00000000c4b4c068,0x00000000c6080000)
 Metaspace       used 23056K, capacity 24492K, committed 24704K, reserved 1071104K
  class space    used 3162K, capacity 3393K, committed 3456K, reserved 1048576K
Event: 96,629 GC heap after
Heap after GC invocations=11 (full 1):
 PSYoungGen      total 54272K, used 6400K [0x00000000ec100000, 0x00000000eff00000, 0x0000000100000000)
  eden space 46080K, 0% used [0x00000000ec100000,0x00000000ec100000,0x00000000eee00000)
  from space 8192K, 78% used [0x00000000ef700000,0x00000000efd40000,0x00000000eff00000)
  to   space 8704K, 0% used [0x00000000eee00000,0x00000000eee00000,0x00000000ef680000)
 ParOldGen       total 31232K, used 9528K [0x00000000c4200000, 0x00000000c6080000, 0x00000000ec100000)
  object space 31232K, 30% used [0x00000000c4200000,0x00000000c4b4e068,0x00000000c6080000)
 Metaspace       used 23056K, capacity 24492K, committed 24704K, reserved 1071104K
  class space    used 3162K, capacity 3393K, committed 3456K, reserved 1048576K
}
Event: 105,255 GC heap before
{Heap before GC invocations=12 (full 1):
 PSYoungGen      total 54272K, used 52480K [0x00000000ec100000, 0x00000000eff00000, 0x0000000100000000)
  eden space 46080K, 100% used [0x00000000ec100000,0x00000000eee00000,0x00000000eee00000)
  from space 8192K, 78% used [0x00000000ef700000,0x00000000efd40000,0x00000000eff00000)
  to   space 8704K, 0% used [0x00000000eee00000,0x00000000eee00000,0x00000000ef680000)
 ParOldGen       total 31232K, used 9528K [0x00000000c4200000, 0x00000000c6080000, 0x00000000ec100000)
  object space 31232K, 30% used [0x00000000c4200000,0x00000000c4b4e068,0x00000000c6080000)
 Metaspace       used 23131K, capacity 24556K, committed 24704K, reserved 1071104K
  class space    used 3162K, capacity 3393K, committed 3456K, reserved 1048576K
Event: 105,264 GC heap after
Heap after GC invocations=12 (full 1):
 PSYoungGen      total 54784K, used 6400K [0x00000000ec100000, 0x00000000f0800000, 0x0000000100000000)
  eden space 46080K, 0% used [0x00000000ec100000,0x00000000ec100000,0x00000000eee00000)
  from space 8704K, 73% used [0x00000000eee00000,0x00000000ef440000,0x00000000ef680000)
  to   space 8704K, 0% used [0x00000000eff80000,0x00000000eff80000,0x00000000f0800000)
 ParOldGen       total 31232K, used 9536K [0x00000000c4200000, 0x00000000c6080000, 0x00000000ec100000)
  object space 31232K, 30% used [0x00000000c4200000,0x00000000c4b50068,0x00000000c6080000)
 Metaspace       used 23131K, capacity 24556K, committed 24704K, reserved 1071104K
  class space    used 3162K, capacity 3393K, committed 3456K, reserved 1048576K
}
Event: 231,551 GC heap before
{Heap before GC invocations=13 (full 1):
 PSYoungGen      total 54784K, used 52480K [0x00000000ec100000, 0x00000000f0800000, 0x0000000100000000)
  eden space 46080K, 100% used [0x00000000ec100000,0x00000000eee00000,0x00000000eee00000)
  from space 8704K, 73% used [0x00000000eee00000,0x00000000ef440000,0x00000000ef680000)
  to   space 8704K, 0% used [0x00000000eff80000,0x00000000eff80000,0x00000000f0800000)
 ParOldGen       total 31232K, used 9536K [0x00000000c4200000, 0x00000000c6080000, 0x00000000ec100000)
  object space 31232K, 30% used [0x00000000c4200000,0x00000000c4b50068,0x00000000c6080000)
 Metaspace       used 23432K, capacity 24868K, committed 24960K, reserved 1071104K
  class space    used 3175K, capacity 3403K, committed 3456K, reserved 1048576K
Event: 231,561 GC heap after
Heap after GC invocations=13 (full 1):
 PSYoungGen      total 51712K, used 6976K [0x00000000ec100000, 0x00000000f0680000, 0x0000000100000000)
  eden space 44544K, 0% used [0x00000000ec100000,0x00000000ec100000,0x00000000eec80000)
  from space 7168K, 97% used [0x00000000eff80000,0x00000000f0650020,0x00000000f0680000)
  to   space 9216K, 0% used [0x00000000ef480000,0x00000000ef480000,0x00000000efd80000)
 ParOldGen       total 31232K, used 9544K [0x00000000c4200000, 0x00000000c6080000, 0x00000000ec100000)
  object space 31232K, 30% used [0x00000000c4200000,0x00000000c4b52068,0x00000000c6080000)
 Metaspace       used 23432K, capacity 24868K, committed 24960K, reserved 1071104K
  class space    used 3175K, capacity 3403K, committed 3456K, reserved 1048576K
}

Deoptimization events (10 events):
Event: 228,535 Thread 0x00007f1a54355000 Uncommon trap: reason=class_check action=maybe_recompile pc=0x00007f1a454fc3c0 method=com.sun.javafx.collections.MappingChange.reset()V @ 4
Event: 228,536 Thread 0x00007f1a54355000 Uncommon trap: reason=class_check action=maybe_recompile pc=0x00007f1a454fc3c0 method=com.sun.javafx.collections.MappingChange.reset()V @ 4
Event: 228,536 Thread 0x00007f1a54355000 Uncommon trap: reason=class_check action=maybe_recompile pc=0x00007f1a45b84208 method=com.sun.javafx.collections.MappingChange.next()Z @ 4
Event: 228,536 Thread 0x00007f1a54355000 Uncommon trap: reason=class_check action=maybe_recompile pc=0x00007f1a45b84208 method=com.sun.javafx.collections.MappingChange.next()Z @ 4
Event: 228,557 Thread 0x00007f1a542a2800 Uncommon trap: reason=class_check action=maybe_recompile pc=0x00007f1a45463de8 method=com.sun.javafx.sg.prism.NGNode.markCullRegions(Lcom/sun/javafx/geom/DirtyRegionContainer;ILcom/sun/javafx/geom/transform/BaseTransform;Lcom/sun/javafx/geom/transform/Gen
Event: 231,573 Thread 0x00007f1a542a2800 Uncommon trap: reason=unreached action=reinterpret pc=0x00007f1a459a9384 method=com.sun.prism.impl.ManagedResource._isgone(Lcom/sun/prism/impl/ManagedResource;)Z @ 1
Event: 231,716 Thread 0x00007f1a54355000 Uncommon trap: reason=array_check action=maybe_recompile pc=0x00007f1a45743b20 method=java.util.AbstractCollection.toArray([Ljava/lang/Object;)[Ljava/lang/Object; @ 119
Event: 231,716 Thread 0x00007f1a54355000 Uncommon trap: reason=array_check action=maybe_recompile pc=0x00007f1a45743b20 method=java.util.AbstractCollection.toArray([Ljava/lang/Object;)[Ljava/lang/Object; @ 119
Event: 231,716 Thread 0x00007f1a54355000 Uncommon trap: reason=array_check action=maybe_recompile pc=0x00007f1a45743b20 method=java.util.AbstractCollection.toArray([Ljava/lang/Object;)[Ljava/lang/Object; @ 119
Event: 231,716 Thread 0x00007f1a54355000 Uncommon trap: reason=array_check action=maybe_recompile pc=0x00007f1a45743b20 method=java.util.AbstractCollection.toArray([Ljava/lang/Object;)[Ljava/lang/Object; @ 119

Internal exceptions (10 events):
Event: 91,229 Thread 0x00007f1a54355000 Exception <a 'java/security/PrivilegedActionException'> (0x00000000ecdf9378) thrown at [/HUDSON/workspace/8-2-build-linux-amd64/jdk8u25/1514/hotspot/src/share/vm/prims/jvm.cpp, line 1312]
Event: 91,229 Thread 0x00007f1a54355000 Exception <a 'java/security/PrivilegedActionException'> (0x00000000ecdfafe8) thrown at [/HUDSON/workspace/8-2-build-linux-amd64/jdk8u25/1514/hotspot/src/share/vm/prims/jvm.cpp, line 1312]
Event: 91,229 Thread 0x00007f1a54355000 Exception <a 'java/security/PrivilegedActionException'> (0x00000000ecdfbb20) thrown at [/HUDSON/workspace/8-2-build-linux-amd64/jdk8u25/1514/hotspot/src/share/vm/prims/jvm.cpp, line 1312]
Event: 193,856 Thread 0x00007f1a54355000 Exception <a 'java/lang/reflect/InvocationTargetException'> (0x00000000eda7ada8) thrown at [/HUDSON/workspace/8-2-build-linux-amd64/jdk8u25/1514/hotspot/src/share/vm/runtime/reflection.cpp, line 1080]
Event: 193,856 Thread 0x00007f1a54355000 Exception <a 'java/lang/RuntimeException'> (0x00000000eda7b438) thrown at [/HUDSON/workspace/8-2-build-linux-amd64/jdk8u25/1514/hotspot/src/share/vm/prims/jvm.cpp, line 1316]
Event: 226,265 Thread 0x00007f1a54355000 Implicit null exception at 0x00007f1a459e6ff8 to 0x00007f1a459e7eb5
Event: 226,274 Thread 0x00007f1a54355000 Implicit null exception at 0x00007f1a45d2b874 to 0x00007f1a45d32d71
Event: 226,804 Thread 0x00007f1a54355000 Implicit null exception at 0x00007f1a4571bccf to 0x00007f1a4571cc25
Event: 226,804 Thread 0x00007f1a54355000 Implicit null exception at 0x00007f1a453afd72 to 0x00007f1a453b153d
Event: 231,573 Thread 0x00007f1a542a2800 Implicit null exception at 0x00007f1a459a9330 to 0x00007f1a459a9375

Events (10 events):
Event: 231,716 Thread 0x00007f1a54355000 Uncommon trap: trap_request=0xffffffd6 fr.pc=0x00007f1a45743b20
Event: 231,716 Thread 0x00007f1a54355000 DEOPT PACKING pc=0x00007f1a45743b20 sp=0x00007f19fc90ca10
Event: 231,716 Thread 0x00007f1a54355000 DEOPT UNPACKING pc=0x00007f1a45004f69 sp=0x00007f19fc90c978 mode 2
Event: 231,716 Thread 0x00007f1a54355000 Uncommon trap: trap_request=0xffffffd6 fr.pc=0x00007f1a45743b20
Event: 231,716 Thread 0x00007f1a54355000 DEOPT PACKING pc=0x00007f1a45743b20 sp=0x00007f19fc90ca10
Event: 231,716 Thread 0x00007f1a54355000 DEOPT UNPACKING pc=0x00007f1a45004f69 sp=0x00007f19fc90c978 mode 2
Event: 236,847 loading class com/sun/javafx/binding/ExpressionHelper$1
Event: 236,847 loading class com/sun/javafx/binding/ExpressionHelper$1 done
Event: 239,654 Executing VM operation: BulkRevokeBias
Event: 239,654 Executing VM operation: BulkRevokeBias done


Dynamic libraries:
00400000-00401000 r-xp 00000000 08:07 267404                             /usr/lib/jvm/jdk1.8.0_25/jre/bin/java
00600000-00601000 rw-p 00000000 08:07 267404                             /usr/lib/jvm/jdk1.8.0_25/jre/bin/java
0147b000-0149c000 rw-p 00000000 00:00 0                                  [heap]
c4200000-c6080000 rw-p 00000000 00:00 0 
c6080000-ec100000 ---p 00000000 00:00 0 
ec100000-f0680000 rw-p 00000000 00:00 0 
f0680000-100000000 ---p 00000000 00:00 0 
100000000-100360000 rw-p 00000000 00:00 0 
100360000-140000000 ---p 00000000 00:00 0 
7f19dc000000-7f19dc021000 rw-p 00000000 00:00 0 
7f19dc021000-7f19e0000000 ---p 00000000 00:00 0 
7f19e0000000-7f19e0021000 rw-p 00000000 00:00 0 
7f19e0021000-7f19e4000000 ---p 00000000 00:00 0 
7f19e6788000-7f19e6790000 rw-s 00000000 00:04 237274                     /drm mm object (deleted)
7f19e6790000-7f19e67a0000 rw-s 00000000 00:04 237923                     /drm mm object (deleted)
7f19e67cc000-7f19e67d4000 rw-s 00000000 00:04 238123                     /drm mm object (deleted)
7f19e67d4000-7f19e67dc000 rw-s 00000000 00:04 238121                     /drm mm object (deleted)
7f19e67dc000-7f19e67e4000 rw-s 00000000 00:04 238119                     /drm mm object (deleted)
7f19e67e4000-7f19e67ec000 rw-s 00000000 00:04 238117                     /drm mm object (deleted)
7f19e67ec000-7f19e67f4000 rw-s 00000000 00:04 237264                     /drm mm object (deleted)
7f19e6810000-7f19e6818000 rw-s 00000000 00:04 237260                     /drm mm object (deleted)
7f19e6818000-7f19e6820000 rw-s 00000000 00:04 237258                     /drm mm object (deleted)
7f19e6820000-7f19e6960000 rw-p 00000000 00:00 0 
7f19e6960000-7f19e6a20000 ---p 00000000 00:00 0 
7f19e6a30000-7f19e6a38000 rw-s 00000000 00:04 239850                     /drm mm object (deleted)
7f19e6a38000-7f19e6a40000 rw-s 00000000 00:04 239848                     /drm mm object (deleted)
7f19e6a40000-7f19e6a48000 rw-s 00000000 00:04 237254                     /drm mm object (deleted)
7f19e6a48000-7f19e6a50000 rw-s 00000000 00:04 239846                     /drm mm object (deleted)
7f19e6a50000-7f19e6a58000 rw-s 00000000 00:04 239844                     /drm mm object (deleted)
7f19e6a58000-7f19e6a60000 rw-s 00000000 00:04 239842                     /drm mm object (deleted)
7f19e6a60000-7f19e6c20000 rw-s 00000000 00:04 237629                     /drm mm object (deleted)
7f19e6c20000-7f19e6cca000 r--p 00000000 08:07 1968774                    /usr/share/fonts/truetype/dejavu/DejaVuSans-Bold.ttf
7f19e6cca000-7f19e6eca000 rw-p 00000000 00:00 0 
7f19e6eca000-7f19e70ca000 rw-p 00000000 00:00 0 
7f19e70ca000-7f19e70d2000 rw-s 00000000 00:04 237237                     /drm mm object (deleted)
7f19e70da000-7f19e713a000 rw-s 10512c000 00:05 9573                      /dev/dri/card0
7f19e713a000-7f19e7148000 rw-s 105248000 00:05 9573                      /dev/dri/card0
7f19e7148000-7f19e7308000 rw-s 00000000 00:04 236317                     /drm mm object (deleted)
7f19e7308000-7f19e7314000 rw-s 00000000 00:04 236309                     /drm mm object (deleted)
7f19e7314000-7f19e7327000 r--s 00344000 08:07 2495517                    /usr/lib/jvm/jdk1.8.0_25/jre/lib/resources.jar
7f19e7327000-7f19e7527000 rw-p 00000000 00:00 0 
7f19e7527000-7f19e752a000 ---p 00000000 00:00 0 
7f19e752a000-7f19e7628000 rw-p 00000000 00:00 0                          [stack:2075]
7f19e7628000-7f19e76de000 r--p 00000000 08:07 1968775                    /usr/share/fonts/truetype/dejavu/DejaVuSans.ttf
7f19e76de000-7f19e7733000 r--p 00000000 08:07 133747                     /usr/lib/jvm/jdk1.8.0_25/jre/lib/fonts/LucidaBrightRegular.ttf
7f19e7733000-7f19e77de000 r--p 00000000 08:07 133749                     /usr/lib/jvm/jdk1.8.0_25/jre/lib/fonts/LucidaSansRegular.ttf
7f19e77de000-7f19e77e2000 r-xp 00000000 08:07 2495494                    /usr/lib/jvm/jdk1.8.0_25/jre/lib/amd64/libjavafx_font_pango.so
7f19e77e2000-7f19e79e1000 ---p 00004000 08:07 2495494                    /usr/lib/jvm/jdk1.8.0_25/jre/lib/amd64/libjavafx_font_pango.so
7f19e79e1000-7f19e79e2000 r--p 00003000 08:07 2495494                    /usr/lib/jvm/jdk1.8.0_25/jre/lib/amd64/libjavafx_font_pango.so
7f19e79e2000-7f19e79e3000 rw-p 00004000 08:07 2495494                    /usr/lib/jvm/jdk1.8.0_25/jre/lib/amd64/libjavafx_font_pango.so
7f19e79e3000-7f19e7be3000 rw-p 00000000 00:00 0 
7f19e7be3000-7f19e7be8000 r-xp 00000000 08:07 2495444                    /usr/lib/jvm/jdk1.8.0_25/jre/lib/amd64/libjavafx_font_freetype.so
7f19e7be8000-7f19e7de7000 ---p 00005000 08:07 2495444                    /usr/lib/jvm/jdk1.8.0_25/jre/lib/amd64/libjavafx_font_freetype.so
7f19e7de7000-7f19e7de8000 r--p 00004000 08:07 2495444                    /usr/lib/jvm/jdk1.8.0_25/jre/lib/amd64/libjavafx_font_freetype.so
7f19e7de8000-7f19e7de9000 rw-p 00005000 08:07 2495444                    /usr/lib/jvm/jdk1.8.0_25/jre/lib/amd64/libjavafx_font_freetype.so
7f19e7de9000-7f19e7dff000 r-xp 00000000 08:07 2495477                    /usr/lib/jvm/jdk1.8.0_25/jre/lib/amd64/libnet.so
7f19e7dff000-7f19e7fff000 ---p 00016000 08:07 2495477                    /usr/lib/jvm/jdk1.8.0_25/jre/lib/amd64/libnet.so
7f19e7fff000-7f19e8000000 rw-p 00016000 08:07 2495477                    /usr/lib/jvm/jdk1.8.0_25/jre/lib/amd64/libnet.so
7f19e8000000-7f19e88de000 rw-p 00000000 00:00 0 
7f19e88de000-7f19ec000000 ---p 00000000 00:00 0 
7f19ec000000-7f19ec021000 rw-p 00000000 00:00 0 
7f19ec021000-7f19f0000000 ---p 00000000 00:00 0 
7f19f0000000-7f19f0022000 rw-p 00000000 00:00 0 
7f19f0022000-7f19f4000000 ---p 00000000 00:00 0 
7f19f4000000-7f19f4021000 rw-p 00000000 00:00 0 
7f19f4021000-7f19f8000000 ---p 00000000 00:00 0 
7f19f8000000-7f19f8021000 rw-p 00000000 00:00 0 
7f19f8021000-7f19fc000000 ---p 00000000 00:00 0 
7f19fc002000-7f19fc009000 r--s 00000000 08:07 1312917                    /usr/lib/x86_64-linux-gnu/gconv/gconv-modules.cache
7f19fc009000-7f19fc00c000 r-xp 00000000 08:07 2495448                    /usr/lib/jvm/jdk1.8.0_25/jre/lib/amd64/libjavafx_font.so
7f19fc00c000-7f19fc20b000 ---p 00003000 08:07 2495448                    /usr/lib/jvm/jdk1.8.0_25/jre/lib/amd64/libjavafx_font.so
7f19fc20b000-7f19fc20c000 r--p 00002000 08:07 2495448                    /usr/lib/jvm/jdk1.8.0_25/jre/lib/amd64/libjavafx_font.so
7f19fc20c000-7f19fc20d000 rw-p 00003000 08:07 2495448                    /usr/lib/jvm/jdk1.8.0_25/jre/lib/amd64/libjavafx_font.so
7f19fc20d000-7f19fc40d000 rw-p 00000000 00:00 0 
7f19fc40d000-7f19fc410000 ---p 00000000 00:00 0 
7f19fc410000-7f19fc70e000 rw-p 00000000 00:00 0                          [stack:2074]
7f19fc70e000-7f19fc711000 ---p 00000000 00:00 0 
7f19fc711000-7f19fc80f000 rw-p 00000000 00:00 0                          [stack:2073]
7f19fc80f000-7f19fc812000 ---p 00000000 00:00 0 
7f19fc812000-7f19fc910000 rw-p 00000000 00:00 0                          [stack:2072]
7f19fc910000-7f19fc913000 ---p 00000000 00:00 0 
7f19fc913000-7f19fca11000 rw-p 00000000 00:00 0                          [stack:2071]
7f19fca11000-7f19fca12000 ---p 00000000 00:00 0 
7f19fca12000-7f19fd212000 rw-p 00000000 00:00 0                          [stack:2070]
7f19fd212000-7f19fd213000 ---p 00000000 00:00 0 
7f19fd213000-7f19fda13000 rw-p 00000000 00:00 0                          [stack:2069]
7f19fda13000-7f19fda1e000 r-xp 00000000 08:07 1313010                    /usr/lib/x86_64-linux-gnu/gio/modules/libdconfsettings.so
7f19fda1e000-7f19fdc1e000 ---p 0000b000 08:07 1313010                    /usr/lib/x86_64-linux-gnu/gio/modules/libdconfsettings.so
7f19fdc1e000-7f19fdc1f000 r--p 0000b000 08:07 1313010                    /usr/lib/x86_64-linux-gnu/gio/modules/libdconfsettings.so
7f19fdc1f000-7f19fdc20000 rw-p 0000c000 08:07 1313010                    /usr/lib/x86_64-linux-gnu/gio/modules/libdconfsettings.so
7f19fdc20000-7f19fdc39000 r-xp 00000000 08:07 1313014                    /usr/lib/x86_64-linux-gnu/gio/modules/libgioremote-volume-monitor.so
7f19fdc39000-7f19fde39000 ---p 00019000 08:07 1313014                    /usr/lib/x86_64-linux-gnu/gio/modules/libgioremote-volume-monitor.so
7f19fde39000-7f19fde3c000 r--p 00019000 08:07 1313014                    /usr/lib/x86_64-linux-gnu/gio/modules/libgioremote-volume-monitor.so
7f19fde3c000-7f19fde3d000 rw-p 0001c000 08:07 1313014                    /usr/lib/x86_64-linux-gnu/gio/modules/libgioremote-volume-monitor.so
7f19fde3d000-7f19fde71000 r-xp 00000000 08:07 1313315                    /usr/lib/x86_64-linux-gnu/gvfs/libgvfscommon.so
7f19fde71000-7f19fe071000 ---p 00034000 08:07 1313315                    /usr/lib/x86_64-linux-gnu/gvfs/libgvfscommon.so
7f19fe071000-7f19fe076000 r--p 00034000 08:07 1313315                    /usr/lib/x86_64-linux-gnu/gvfs/libgvfscommon.so
7f19fe076000-7f19fe077000 rw-p 00039000 08:07 1313315                    /usr/lib/x86_64-linux-gnu/gvfs/libgvfscommon.so
7f19fe077000-7f19fe0a6000 r-xp 00000000 08:07 1313015                    /usr/lib/x86_64-linux-gnu/gio/modules/libgvfsdbus.so
7f19fe0a6000-7f19fe2a6000 ---p 0002f000 08:07 1313015                    /usr/lib/x86_64-linux-gnu/gio/modules/libgvfsdbus.so
7f19fe2a6000-7f19fe2a7000 r--p 0002f000 08:07 1313015                    /usr/lib/x86_64-linux-gnu/gio/modules/libgvfsdbus.so
7f19fe2a7000-7f19fe2a8000 rw-p 00030000 08:07 1313015                    /usr/lib/x86_64-linux-gnu/gio/modules/libgvfsdbus.so
7f19fe2a8000-7f19fe2a9000 rw-p 00000000 00:00 0 
7f19fe2a9000-7f19fe2b0000 r-xp 00000000 08:07 1058871                    /usr/lib/x86_64-linux-gnu/libogg.so.0.8.1
7f19fe2b0000-7f19fe4b0000 ---p 00007000 08:07 1058871                    /usr/lib/x86_64-linux-gnu/libogg.so.0.8.1
7f19fe4b0000-7f19fe4b1000 r--p 00007000 08:07 1058871                    /usr/lib/x86_64-linux-gnu/libogg.so.0.8.1
7f19fe4b1000-7f19fe4b2000 rw-p 00008000 08:07 1058871                    /usr/lib/x86_64-linux-gnu/libogg.so.0.8.1
7f19fe4b2000-7f19fe4de000 r-xp 00000000 08:07 1059149                    /usr/lib/x86_64-linux-gnu/libvorbis.so.0.4.5
7f19fe4de000-7f19fe6dd000 ---p 0002c000 08:07 1059149                    /usr/lib/x86_64-linux-gnu/libvorbis.so.0.4.5
7f19fe6dd000-7f19fe6de000 r--p 0002b000 08:07 1059149                    /usr/lib/x86_64-linux-gnu/libvorbis.so.0.4.5
7f19fe6de000-7f19fe6df000 rw-p 0002c000 08:07 1059149                    /usr/lib/x86_64-linux-gnu/libvorbis.so.0.4.5
7f19fe6df000-7f19fe6e8000 r-xp 00000000 08:07 1058777                    /usr/lib/x86_64-linux-gnu/libltdl.so.7.3.0
7f19fe6e8000-7f19fe8e7000 ---p 00009000 08:07 1058777                    /usr/lib/x86_64-linux-gnu/libltdl.so.7.3.0
7f19fe8e7000-7f19fe8e8000 r--p 00008000 08:07 1058777                    /usr/lib/x86_64-linux-gnu/libltdl.so.7.3.0
7f19fe8e8000-7f19fe8e9000 rw-p 00009000 08:07 1058777                    /usr/lib/x86_64-linux-gnu/libltdl.so.7.3.0
7f19fe8e9000-7f19fe8fa000 r-xp 00000000 08:07 1059068                    /usr/lib/x86_64-linux-gnu/libtdb.so.1.2.12
7f19fe8fa000-7f19feaf9000 ---p 00011000 08:07 1059068                    /usr/lib/x86_64-linux-gnu/libtdb.so.1.2.12
7f19feaf9000-7f19feafa000 r--p 00010000 08:07 1059068                    /usr/lib/x86_64-linux-gnu/libtdb.so.1.2.12
7f19feafa000-7f19feafb000 rw-p 00011000 08:07 1059068                    /usr/lib/x86_64-linux-gnu/libtdb.so.1.2.12
7f19feafb000-7f19feb02000 r-xp 00000000 08:07 1059153                    /usr/lib/x86_64-linux-gnu/libvorbisfile.so.3.3.4
7f19feb02000-7f19fed01000 ---p 00007000 08:07 1059153                    /usr/lib/x86_64-linux-gnu/libvorbisfile.so.3.3.4
7f19fed01000-7f19fed02000 r--p 00006000 08:07 1059153                    /usr/lib/x86_64-linux-gnu/libvorbisfile.so.3.3.4
7f19fed02000-7f19fed03000 rw-p 00007000 08:07 1059153                    /usr/lib/x86_64-linux-gnu/libvorbisfile.so.3.3.4
7f19fed03000-7f19fed12000 r-xp 00000000 08:07 1058291                    /usr/lib/x86_64-linux-gnu/libcanberra.so.0.2.5
7f19fed12000-7f19fef11000 ---p 0000f000 08:07 1058291                    /usr/lib/x86_64-linux-gnu/libcanberra.so.0.2.5
7f19fef11000-7f19fef12000 r--p 0000e000 08:07 1058291                    /usr/lib/x86_64-linux-gnu/libcanberra.so.0.2.5
7f19fef12000-7f19fef13000 rw-p 0000f000 08:07 1058291                    /usr/lib/x86_64-linux-gnu/libcanberra.so.0.2.5
7f19fef13000-7f19fef17000 r-xp 00000000 08:07 1058287                    /usr/lib/x86_64-linux-gnu/libcanberra-gtk.so.0.1.9
7f19fef17000-7f19ff116000 ---p 00004000 08:07 1058287                    /usr/lib/x86_64-linux-gnu/libcanberra-gtk.so.0.1.9
7f19ff116000-7f19ff117000 r--p 00003000 08:07 1058287                    /usr/lib/x86_64-linux-gnu/libcanberra-gtk.so.0.1.9
7f19ff117000-7f19ff118000 rw-p 00004000 08:07 1058287                    /usr/lib/x86_64-linux-gnu/libcanberra-gtk.so.0.1.9
7f19ff118000-7f19ff11d000 r-xp 00000000 08:07 1313265                    /usr/lib/x86_64-linux-gnu/gtk-2.0/modules/libcanberra-gtk-module.so
7f19ff11d000-7f19ff31c000 ---p 00005000 08:07 1313265                    /usr/lib/x86_64-linux-gnu/gtk-2.0/modules/libcanberra-gtk-module.so
7f19ff31c000-7f19ff31d000 r--p 00004000 08:07 1313265                    /usr/lib/x86_64-linux-gnu/gtk-2.0/modules/libcanberra-gtk-module.so
7f19ff31d000-7f19ff31e000 rw-p 00005000 08:07 1313265                    /usr/lib/x86_64-linux-gnu/gtk-2.0/modules/libcanberra-gtk-module.so
7f19ff31e000-7f19ff34d000 r-xp 00000000 08:07 1313247                    /usr/lib/x86_64-linux-gnu/gtk-2.0/2.10.0/engines/libmurrine.so
7f19ff34d000-7f19ff54d000 ---p 0002f000 08:07 1313247                    /usr/lib/x86_64-linux-gnu/gtk-2.0/2.10.0/engines/libmurrine.so
7f19ff54d000-7f19ff54e000 r--p 0002f000 08:07 1313247                    /usr/lib/x86_64-linux-gnu/gtk-2.0/2.10.0/engines/libmurrine.so
7f19ff54e000-7f19ff54f000 rw-p 00030000 08:07 1313247                    /usr/lib/x86_64-linux-gnu/gtk-2.0/2.10.0/engines/libmurrine.so
7f19ff54f000-7f19ff55f000 r-xp 00000000 08:07 1059117                    /usr/lib/x86_64-linux-gnu/libunity-gtk2-parser.so.0.0.0
7f19ff55f000-7f19ff75e000 ---p 00010000 08:07 1059117                    /usr/lib/x86_64-linux-gnu/libunity-gtk2-parser.so.0.0.0
7f19ff75e000-7f19ff75f000 r--p 0000f000 08:07 1059117                    /usr/lib/x86_64-linux-gnu/libunity-gtk2-parser.so.0.0.0
7f19ff75f000-7f19ff760000 rw-p 00010000 08:07 1059117                    /usr/lib/x86_64-linux-gnu/libunity-gtk2-parser.so.0.0.0
7f19ff760000-7f19ff765000 r-xp 00000000 08:07 1313269                    /usr/lib/x86_64-linux-gnu/gtk-2.0/modules/libunity-gtk-module.so
7f19ff765000-7f19ff964000 ---p 00005000 08:07 1313269                    /usr/lib/x86_64-linux-gnu/gtk-2.0/modules/libunity-gtk-module.so
7f19ff964000-7f19ff965000 r--p 00004000 08:07 1313269                    /usr/lib/x86_64-linux-gnu/gtk-2.0/modules/libunity-gtk-module.so
7f19ff965000-7f19ff966000 rw-p 00005000 08:07 1313269                    /usr/lib/x86_64-linux-gnu/gtk-2.0/modules/libunity-gtk-module.so
7f19ff966000-7f19ff977000 r-xp 00000000 08:07 1313268                    /usr/lib/x86_64-linux-gnu/gtk-2.0/modules/liboverlay-scrollbar.so
7f19ff977000-7f19ffb76000 ---p 00011000 08:07 1313268                    /usr/lib/x86_64-linux-gnu/gtk-2.0/modules/liboverlay-scrollbar.so
7f19ffb76000-7f19ffb77000 r--p 00010000 08:07 1313268                    /usr/lib/x86_64-linux-gnu/gtk-2.0/modules/liboverlay-scrollbar.so
7f19ffb77000-7f19ffb78000 rw-p 00011000 08:07 1313268                    /usr/lib/x86_64-linux-gnu/gtk-2.0/modules/liboverlay-scrollbar.so
7f19ffb78000-7f19ffba2000 r-xp 00000000 08:07 2495453                    /usr/lib/jvm/jdk1.8.0_25/jre/lib/amd64/libglass.so
7f19ffba2000-7f19ffda2000 ---p 0002a000 08:07 2495453                    /usr/lib/jvm/jdk1.8.0_25/jre/lib/amd64/libglass.so
7f19ffda2000-7f19ffda4000 r--p 0002a000 08:07 2495453                    /usr/lib/jvm/jdk1.8.0_25/jre/lib/amd64/libglass.so
7f19ffda4000-7f19ffda5000 rw-p 0002c000 08:07 2495453                    /usr/lib/jvm/jdk1.8.0_25/jre/lib/amd64/libglass.so
7f19ffda5000-7f19ffda6000 rw-p 00000000 00:00 0 
7f19ffda6000-7f19ffddd000 r-xp 00000000 08:07 1059100                    /usr/lib/x86_64-linux-gnu/libtxc_dxtn_s2tc.so.0.0.0
7f19ffddd000-7f19fffdc000 ---p 00037000 08:07 1059100                    /usr/lib/x86_64-linux-gnu/libtxc_dxtn_s2tc.so.0.0.0
7f19fffdc000-7f19fffdd000 r--p 00036000 08:07 1059100                    /usr/lib/x86_64-linux-gnu/libtxc_dxtn_s2tc.so.0.0.0
7f19fffdd000-7f19fffde000 rw-p 00037000 08:07 1059100                    /usr/lib/x86_64-linux-gnu/libtxc_dxtn_s2tc.so.0.0.0
7f19fffde000-7f19fffe6000 r-xp 00000000 08:07 1058903                    /usr/lib/x86_64-linux-gnu/libpciaccess.so.0.11.1
7f19fffe6000-7f1a001e5000 ---p 00008000 08:07 1058903                    /usr/lib/x86_64-linux-gnu/libpciaccess.so.0.11.1
7f1a001e5000-7f1a001e6000 r--p 00007000 08:07 1058903                    /usr/lib/x86_64-linux-gnu/libpciaccess.so.0.11.1
7f1a001e6000-7f1a001e7000 rw-p 00008000 08:07 1058903                    /usr/lib/x86_64-linux-gnu/libpciaccess.so.0.11.1
7f1a001e7000-7f1a001f3000 r-xp 00000000 08:07 1058400                    /usr/lib/x86_64-linux-gnu/libdrm_radeon.so.1.0.1
7f1a001f3000-7f1a003f2000 ---p 0000c000 08:07 1058400                    /usr/lib/x86_64-linux-gnu/libdrm_radeon.so.1.0.1
7f1a003f2000-7f1a003f3000 r--p 0000b000 08:07 1058400                    /usr/lib/x86_64-linux-gnu/libdrm_radeon.so.1.0.1
7f1a003f3000-7f1a003f4000 rw-p 0000c000 08:07 1058400                    /usr/lib/x86_64-linux-gnu/libdrm_radeon.so.1.0.1
7f1a003f4000-7f1a003f9000 r-xp 00000000 08:07 1058398                    /usr/lib/x86_64-linux-gnu/libdrm_nouveau.so.2.0.0
7f1a003f9000-7f1a005f8000 ---p 00005000 08:07 1058398                    /usr/lib/x86_64-linux-gnu/libdrm_nouveau.so.2.0.0
7f1a005f8000-7f1a005f9000 r--p 00004000 08:07 1058398                    /usr/lib/x86_64-linux-gnu/libdrm_nouveau.so.2.0.0
7f1a005f9000-7f1a005fa000 rw-p 00005000 08:07 1058398                    /usr/lib/x86_64-linux-gnu/libdrm_nouveau.so.2.0.0
7f1a005fa000-7f1a00619000 r-xp 00000000 08:07 1058396                    /usr/lib/x86_64-linux-gnu/libdrm_intel.so.1.0.0
7f1a00619000-7f1a00818000 ---p 0001f000 08:07 1058396                    /usr/lib/x86_64-linux-gnu/libdrm_intel.so.1.0.0
7f1a00818000-7f1a00819000 r--p 0001e000 08:07 1058396                    /usr/lib/x86_64-linux-gnu/libdrm_intel.so.1.0.0
7f1a00819000-7f1a0081a000 rw-p 0001f000 08:07 1058396                    /usr/lib/x86_64-linux-gnu/libdrm_intel.so.1.0.0
7f1a0081a000-7f1a00d07000 r-xp 00000000 08:07 1312344                    /usr/lib/x86_64-linux-gnu/dri/i965_dri.so
7f1a00d07000-7f1a00f07000 ---p 004ed000 08:07 1312344                    /usr/lib/x86_64-linux-gnu/dri/i965_dri.so
7f1a00f07000-7f1a00f1e000 r--p 004ed000 08:07 1312344                    /usr/lib/x86_64-linux-gnu/dri/i965_dri.so
7f1a00f1e000-7f1a00f2a000 rw-p 00504000 08:07 1312344                    /usr/lib/x86_64-linux-gnu/dri/i965_dri.so
7f1a00f2a000-7f1a00f76000 rw-p 00000000 00:00 0 
7f1a00f76000-7f1a00fba000 r-xp 00000000 08:07 1708082                    /lib/x86_64-linux-gnu/libdbus-1.so.3.7.6
7f1a00fba000-7f1a011b9000 ---p 00044000 08:07 1708082                    /lib/x86_64-linux-gnu/libdbus-1.so.3.7.6
7f1a011b9000-7f1a011ba000 r--p 00043000 08:07 1708082                    /lib/x86_64-linux-gnu/libdbus-1.so.3.7.6
7f1a011ba000-7f1a011bb000 rw-p 00044000 08:07 1708082                    /lib/x86_64-linux-gnu/libdbus-1.so.3.7.6
7f1a011bb000-7f1a011c3000 r-xp 00000000 08:07 1708130                    /lib/x86_64-linux-gnu/libnih-dbus.so.1.0.0
7f1a011c3000-7f1a013c3000 ---p 00008000 08:07 1708130                    /lib/x86_64-linux-gnu/libnih-dbus.so.1.0.0
7f1a013c3000-7f1a013c4000 r--p 00008000 08:07 1708130                    /lib/x86_64-linux-gnu/libnih-dbus.so.1.0.0
7f1a013c4000-7f1a013c5000 rw-p 00009000 08:07 1708130                    /lib/x86_64-linux-gnu/libnih-dbus.so.1.0.0
7f1a013c5000-7f1a013dc000 r-xp 00000000 08:07 1708132                    /lib/x86_64-linux-gnu/libnih.so.1.0.0
7f1a013dc000-7f1a015db000 ---p 00017000 08:07 1708132                    /lib/x86_64-linux-gnu/libnih.so.1.0.0
7f1a015db000-7f1a015dc000 r--p 00016000 08:07 1708132                    /lib/x86_64-linux-gnu/libnih.so.1.0.0
7f1a015dc000-7f1a015dd000 rw-p 00017000 08:07 1708132                    /lib/x86_64-linux-gnu/libnih.so.1.0.0
7f1a015dd000-7f1a015f5000 r-xp 00000000 08:07 1708073                    /lib/x86_64-linux-gnu/libcgmanager.so.0.0.0
7f1a015f5000-7f1a017f4000 ---p 00018000 08:07 1708073                    /lib/x86_64-linux-gnu/libcgmanager.so.0.0.0
7f1a017f4000-7f1a017f6000 r--p 00017000 08:07 1708073                    /lib/x86_64-linux-gnu/libcgmanager.so.0.0.0
7f1a017f6000-7f1a017f7000 rw-p 00019000 08:07 1708073                    /lib/x86_64-linux-gnu/libcgmanager.so.0.0.0
7f1a017f7000-7f1a01807000 r-xp 00000000 08:07 1708216                    /lib/x86_64-linux-gnu/libudev.so.1.3.5
7f1a01807000-7f1a01a06000 ---p 00010000 08:07 1708216                    /lib/x86_64-linux-gnu/libudev.so.1.3.5
7f1a01a06000-7f1a01a07000 r--p 0000f000 08:07 1708216                    /lib/x86_64-linux-gnu/libudev.so.1.3.5
7f1a01a07000-7f1a01a08000 rw-p 00010000 08:07 1708216                    /lib/x86_64-linux-gnu/libudev.so.1.3.5
7f1a01a08000-7f1a01a0e000 r-xp 00000000 08:07 1058355                    /usr/lib/x86_64-linux-gnu/libdatrie.so.1.3.1
7f1a01a0e000-7f1a01c0d000 ---p 00006000 08:07 1058355                    /usr/lib/x86_64-linux-gnu/libdatrie.so.1.3.1
7f1a01c0d000-7f1a01c0e000 r--p 00005000 08:07 1058355                    /usr/lib/x86_64-linux-gnu/libdatrie.so.1.3.1
7f1a01c0e000-7f1a01c0f000 rw-p 00006000 08:07 1058355                    /usr/lib/x86_64-linux-gnu/libdatrie.so.1.3.1
7f1a01c0f000-7f1a01c14000 r-xp 00000000 08:07 1058163                    /usr/lib/x86_64-linux-gnu/libXdmcp.so.6.0.0
7f1a01c14000-7f1a01e13000 ---p 00005000 08:07 1058163                    /usr/lib/x86_64-linux-gnu/libXdmcp.so.6.0.0
7f1a01e13000-7f1a01e14000 r--p 00004000 08:07 1058163                    /usr/lib/x86_64-linux-gnu/libXdmcp.so.6.0.0
7f1a01e14000-7f1a01e15000 rw-p 00005000 08:07 1058163                    /usr/lib/x86_64-linux-gnu/libXdmcp.so.6.0.0
7f1a01e15000-7f1a01e17000 r-xp 00000000 08:07 1058152                    /usr/lib/x86_64-linux-gnu/libXau.so.6.0.0
7f1a01e17000-7f1a02017000 ---p 00002000 08:07 1058152                    /usr/lib/x86_64-linux-gnu/libXau.so.6.0.0
7f1a02017000-7f1a02018000 r--p 00002000 08:07 1058152                    /usr/lib/x86_64-linux-gnu/libXau.so.6.0.0
7f1a02018000-7f1a02019000 rw-p 00003000 08:07 1058152                    /usr/lib/x86_64-linux-gnu/libXau.so.6.0.0
7f1a02019000-7f1a02033000 r-xp 00000000 08:07 1058581                    /usr/lib/x86_64-linux-gnu/libgraphite2.so.3.0.1
7f1a02033000-7f1a02232000 ---p 0001a000 08:07 1058581                    /usr/lib/x86_64-linux-gnu/libgraphite2.so.3.0.1
7f1a02232000-7f1a02234000 r--p 00019000 08:07 1058581                    /usr/lib/x86_64-linux-gnu/libgraphite2.so.3.0.1
7f1a02234000-7f1a02235000 rw-p 0001b000 08:07 1058581                    /usr/lib/x86_64-linux-gnu/libgraphite2.so.3.0.1
7f1a02235000-7f1a02240000 r-xp 00000000 08:07 1058394                    /usr/lib/x86_64-linux-gnu/libdrm.so.2.4.0
7f1a02240000-7f1a0243f000 ---p 0000b000 08:07 1058394                    /usr/lib/x86_64-linux-gnu/libdrm.so.2.4.0
7f1a0243f000-7f1a02440000 r--p 0000a000 08:07 1058394                    /usr/lib/x86_64-linux-gnu/libdrm.so.2.4.0
7f1a02440000-7f1a02441000 rw-p 0000b000 08:07 1058394                    /usr/lib/x86_64-linux-gnu/libdrm.so.2.4.0
7f1a02441000-7f1a02442000 r-xp 00000000 08:07 1059228                    /usr/lib/x86_64-linux-gnu/libxshmfence.so.1.0.0
7f1a02442000-7f1a02641000 ---p 00001000 08:07 1059228                    /usr/lib/x86_64-linux-gnu/libxshmfence.so.1.0.0
7f1a02641000-7f1a02642000 r--p 00000000 08:07 1059228                    /usr/lib/x86_64-linux-gnu/libxshmfence.so.1.0.0
7f1a02642000-7f1a02643000 rw-p 00001000 08:07 1059228                    /usr/lib/x86_64-linux-gnu/libxshmfence.so.1.0.0
7f1a02643000-7f1a02648000 r-xp 00000000 08:07 1059212                    /usr/lib/x86_64-linux-gnu/libxcb-sync.so.1.0.0
7f1a02648000-7f1a02847000 ---p 00005000 08:07 1059212                    /usr/lib/x86_64-linux-gnu/libxcb-sync.so.1.0.0
7f1a02847000-7f1a02848000 r--p 00004000 08:07 1059212                    /usr/lib/x86_64-linux-gnu/libxcb-sync.so.1.0.0
7f1a02848000-7f1a02849000 rw-p 00005000 08:07 1059212                    /usr/lib/x86_64-linux-gnu/libxcb-sync.so.1.0.0
7f1a02849000-7f1a0284b000 r-xp 00000000 08:07 1059200                    /usr/lib/x86_64-linux-gnu/libxcb-present.so.0.0.0
7f1a0284b000-7f1a02a4a000 ---p 00002000 08:07 1059200                    /usr/lib/x86_64-linux-gnu/libxcb-present.so.0.0.0
7f1a02a4a000-7f1a02a4b000 r--p 00001000 08:07 1059200                    /usr/lib/x86_64-linux-gnu/libxcb-present.so.0.0.0
7f1a02a4b000-7f1a02a4c000 rw-p 00002000 08:07 1059200                    /usr/lib/x86_64-linux-gnu/libxcb-present.so.0.0.0
7f1a02a4c000-7f1a02a4e000 r-xp 00000000 08:07 1059192                    /usr/lib/x86_64-linux-gnu/libxcb-dri3.so.0.0.0
7f1a02a4e000-7f1a02c4d000 ---p 00002000 08:07 1059192                    /usr/lib/x86_64-linux-gnu/libxcb-dri3.so.0.0.0
7f1a02c4d000-7f1a02c4e000 r--p 00001000 08:07 1059192                    /usr/lib/x86_64-linux-gnu/libxcb-dri3.so.0.0.0
7f1a02c4e000-7f1a02c4f000 rw-p 00002000 08:07 1059192                    /usr/lib/x86_64-linux-gnu/libxcb-dri3.so.0.0.0
7f1a02c4f000-7f1a02c52000 r-xp 00000000 08:07 1059190                    /usr/lib/x86_64-linux-gnu/libxcb-dri2.so.0.0.0
7f1a02c52000-7f1a02e52000 ---p 00003000 08:07 1059190                    /usr/lib/x86_64-linux-gnu/libxcb-dri2.so.0.0.0
7f1a02e52000-7f1a02e53000 r--p 00003000 08:07 1059190                    /usr/lib/x86_64-linux-gnu/libxcb-dri2.so.0.0.0
7f1a02e53000-7f1a02e54000 rw-p 00004000 08:07 1059190                    /usr/lib/x86_64-linux-gnu/libxcb-dri2.so.0.0.0
7f1a02e54000-7f1a02e69000 r-xp 00000000 08:07 1059194                    /usr/lib/x86_64-linux-gnu/libxcb-glx.so.0.0.0
7f1a02e69000-7f1a03068000 ---p 00015000 08:07 1059194                    /usr/lib/x86_64-linux-gnu/libxcb-glx.so.0.0.0
7f1a03068000-7f1a0306a000 r--p 00014000 08:07 1059194                    /usr/lib/x86_64-linux-gnu/libxcb-glx.so.0.0.0
7f1a0306a000-7f1a0306b000 rw-p 00016000 08:07 1059194                    /usr/lib/x86_64-linux-gnu/libxcb-glx.so.0.0.0
7f1a0306b000-7f1a0306c000 r-xp 00000000 08:07 1058146                    /usr/lib/x86_64-linux-gnu/libX11-xcb.so.1.0.0
7f1a0306c000-7f1a0326b000 ---p 00001000 08:07 1058146                    /usr/lib/x86_64-linux-gnu/libX11-xcb.so.1.0.0
7f1a0326b000-7f1a0326c000 r--p 00000000 08:07 1058146                    /usr/lib/x86_64-linux-gnu/libX11-xcb.so.1.0.0
7f1a0326c000-7f1a0326d000 rw-p 00001000 08:07 1058146                    /usr/lib/x86_64-linux-gnu/libX11-xcb.so.1.0.0
7f1a0326d000-7f1a0328f000 r-xp 00000000 08:07 1058539                    /usr/lib/x86_64-linux-gnu/libglapi.so.0.0.0
7f1a0328f000-7f1a0348f000 ---p 00022000 08:07 1058539                    /usr/lib/x86_64-linux-gnu/libglapi.so.0.0.0
7f1a0348f000-7f1a03492000 r--p 00022000 08:07 1058539                    /usr/lib/x86_64-linux-gnu/libglapi.so.0.0.0
7f1a03492000-7f1a03493000 rw-p 00025000 08:07 1058539                    /usr/lib/x86_64-linux-gnu/libglapi.so.0.0.0
7f1a03493000-7f1a03494000 rw-p 00000000 00:00 0 
7f1a03494000-7f1a034d1000 r-xp 00000000 08:07 1708171                    /lib/x86_64-linux-gnu/libpcre.so.3.13.1
7f1a034d1000-7f1a036d0000 ---p 0003d000 08:07 1708171                    /lib/x86_64-linux-gnu/libpcre.so.3.13.1
7f1a036d0000-7f1a036d1000 r--p 0003c000 08:07 1708171                    /lib/x86_64-linux-gnu/libpcre.so.3.13.1
7f1a036d1000-7f1a036d2000 rw-p 0003d000 08:07 1708171                    /lib/x86_64-linux-gnu/libpcre.so.3.13.1
7f1a036d2000-7f1a036d9000 r-xp 00000000 08:07 1058430                    /usr/lib/x86_64-linux-gnu/libffi.so.6.0.1
7f1a036d9000-7f1a038d8000 ---p 00007000 08:07 1058430                    /usr/lib/x86_64-linux-gnu/libffi.so.6.0.1
7f1a038d8000-7f1a038d9000 r--p 00006000 08:07 1058430                    /usr/lib/x86_64-linux-gnu/libffi.so.6.0.1
7f1a038d9000-7f1a038da000 rw-p 00007000 08:07 1058430                    /usr/lib/x86_64-linux-gnu/libffi.so.6.0.1
7f1a038da000-7f1a03901000 r-xp 00000000 08:07 1708090                    /lib/x86_64-linux-gnu/libexpat.so.1.6.0
7f1a03901000-7f1a03b01000 ---p 00027000 08:07 1708090                    /lib/x86_64-linux-gnu/libexpat.so.1.6.0
7f1a03b01000-7f1a03b03000 r--p 00027000 08:07 1708090                    /lib/x86_64-linux-gnu/libexpat.so.1.6.0
7f1a03b03000-7f1a03b04000 rw-p 00029000 08:07 1708090                    /lib/x86_64-linux-gnu/libexpat.so.1.6.0
7f1a03b04000-7f1a03b0c000 r-xp 00000000 08:07 1059080                    /usr/lib/x86_64-linux-gnu/libthai.so.0.2.0
7f1a03b0c000-7f1a03d0b000 ---p 00008000 08:07 1059080                    /usr/lib/x86_64-linux-gnu/libthai.so.0.2.0
7f1a03d0b000-7f1a03d0c000 r--p 00007000 08:07 1059080                    /usr/lib/x86_64-linux-gnu/libthai.so.0.2.0
7f1a03d0c000-7f1a03d0d000 rw-p 00008000 08:07 1059080                    /usr/lib/x86_64-linux-gnu/libthai.so.0.2.0
7f1a03d0d000-7f1a03d2a000 r-xp 00000000 08:07 1059220                    /usr/lib/x86_64-linux-gnu/libxcb.so.1.1.0
7f1a03d2a000-7f1a03f2a000 ---p 0001d000 08:07 1059220                    /usr/lib/x86_64-linux-gnu/libxcb.so.1.1.0
7f1a03f2a000-7f1a03f2b000 r--p 0001d000 08:07 1059220                    /usr/lib/x86_64-linux-gnu/libxcb.so.1.1.0
7f1a03f2b000-7f1a03f2c000 rw-p 0001e000 08:07 1059220                    /usr/lib/x86_64-linux-gnu/libxcb.so.1.1.0
7f1a03f2c000-7f1a03f34000 r-xp 00000000 08:07 1059206                    /usr/lib/x86_64-linux-gnu/libxcb-render.so.0.0.0
7f1a03f34000-7f1a04133000 ---p 00008000 08:07 1059206                    /usr/lib/x86_64-linux-gnu/libxcb-render.so.0.0.0
7f1a04133000-7f1a04134000 r--p 00007000 08:07 1059206                    /usr/lib/x86_64-linux-gnu/libxcb-render.so.0.0.0
7f1a04134000-7f1a04135000 rw-p 00008000 08:07 1059206                    /usr/lib/x86_64-linux-gnu/libxcb-render.so.0.0.0
7f1a04135000-7f1a04137000 r-xp 00000000 08:07 1059210                    /usr/lib/x86_64-linux-gnu/libxcb-shm.so.0.0.0
7f1a04137000-7f1a04336000 ---p 00002000 08:07 1059210                    /usr/lib/x86_64-linux-gnu/libxcb-shm.so.0.0.0
7f1a04336000-7f1a04337000 r--p 00001000 08:07 1059210                    /usr/lib/x86_64-linux-gnu/libxcb-shm.so.0.0.0
7f1a04337000-7f1a04338000 rw-p 00002000 08:07 1059210                    /usr/lib/x86_64-linux-gnu/libxcb-shm.so.0.0.0
7f1a04338000-7f1a0435d000 r-xp 00000000 08:07 1708183                    /lib/x86_64-linux-gnu/libpng12.so.0.50.0
7f1a0435d000-7f1a0455c000 ---p 00025000 08:07 1708183                    /lib/x86_64-linux-gnu/libpng12.so.0.50.0
7f1a0455c000-7f1a0455d000 r--p 00024000 08:07 1708183                    /lib/x86_64-linux-gnu/libpng12.so.0.50.0
7f1a0455d000-7f1a0455e000 rw-p 00025000 08:07 1708183                    /lib/x86_64-linux-gnu/libpng12.so.0.50.0
7f1a0455e000-7f1a045ff000 r-xp 00000000 08:07 1058910                    /usr/lib/x86_64-linux-gnu/libpixman-1.so.0.30.2
7f1a045ff000-7f1a047ff000 ---p 000a1000 08:07 1058910                    /usr/lib/x86_64-linux-gnu/libpixman-1.so.0.30.2
7f1a047ff000-7f1a04806000 r--p 000a1000 08:07 1058910                    /usr/lib/x86_64-linux-gnu/libpixman-1.so.0.30.2
7f1a04806000-7f1a04807000 rw-p 000a8000 08:07 1058910                    /usr/lib/x86_64-linux-gnu/libpixman-1.so.0.30.2
7f1a04807000-7f1a0485a000 r-xp 00000000 08:07 1058694                    /usr/lib/x86_64-linux-gnu/libharfbuzz.so.0.927.0
7f1a0485a000-7f1a04a5a000 ---p 00053000 08:07 1058694                    /usr/lib/x86_64-linux-gnu/libharfbuzz.so.0.927.0
7f1a04a5a000-7f1a04a5b000 r--p 00053000 08:07 1058694                    /usr/lib/x86_64-linux-gnu/libharfbuzz.so.0.927.0
7f1a04a5b000-7f1a04a5c000 rw-p 00054000 08:07 1058694                    /usr/lib/x86_64-linux-gnu/libharfbuzz.so.0.927.0
7f1a04a5c000-7f1a04a73000 r-xp 00000000 08:07 1708194                    /lib/x86_64-linux-gnu/libresolv-2.19.so
7f1a04a73000-7f1a04c73000 ---p 00017000 08:07 1708194                    /lib/x86_64-linux-gnu/libresolv-2.19.so
7f1a04c73000-7f1a04c74000 r--p 00017000 08:07 1708194                    /lib/x86_64-linux-gnu/libresolv-2.19.so
7f1a04c74000-7f1a04c75000 rw-p 00018000 08:07 1708194                    /lib/x86_64-linux-gnu/libresolv-2.19.so
7f1a04c75000-7f1a04c77000 rw-p 00000000 00:00 0 
7f1a04c77000-7f1a04c97000 r-xp 00000000 08:07 1708198                    /lib/x86_64-linux-gnu/libselinux.so.1
7f1a04c97000-7f1a04e96000 ---p 00020000 08:07 1708198                    /lib/x86_64-linux-gnu/libselinux.so.1
7f1a04e96000-7f1a04e97000 r--p 0001f000 08:07 1708198                    /lib/x86_64-linux-gnu/libselinux.so.1
7f1a04e97000-7f1a04e98000 rw-p 00020000 08:07 1708198                    /lib/x86_64-linux-gnu/libselinux.so.1
7f1a04e98000-7f1a04e9a000 rw-p 00000000 00:00 0 
7f1a04e9a000-7f1a04eb2000 r-xp 00000000 08:07 1708231                    /lib/x86_64-linux-gnu/libz.so.1.2.8
7f1a04eb2000-7f1a050b1000 ---p 00018000 08:07 1708231                    /lib/x86_64-linux-gnu/libz.so.1.2.8
7f1a050b1000-7f1a050b2000 r--p 00017000 08:07 1708231                    /lib/x86_64-linux-gnu/libz.so.1.2.8
7f1a050b2000-7f1a050b3000 rw-p 00018000 08:07 1708231                    /lib/x86_64-linux-gnu/libz.so.1.2.8
7f1a050b3000-7f1a050c4000 r-xp 00000000 08:07 1058165                    /usr/lib/x86_64-linux-gnu/libXext.so.6.4.0
7f1a050c4000-7f1a052c3000 ---p 00011000 08:07 1058165                    /usr/lib/x86_64-linux-gnu/libXext.so.6.4.0
7f1a052c3000-7f1a052c4000 r--p 00010000 08:07 1058165                    /usr/lib/x86_64-linux-gnu/libXext.so.6.4.0
7f1a052c4000-7f1a052c5000 rw-p 00011000 08:07 1058165                    /usr/lib/x86_64-linux-gnu/libXext.so.6.4.0
7f1a052c5000-7f1a052c7000 r-xp 00000000 08:07 1058161                    /usr/lib/x86_64-linux-gnu/libXdamage.so.1.1.0
7f1a052c7000-7f1a054c6000 ---p 00002000 08:07 1058161                    /usr/lib/x86_64-linux-gnu/libXdamage.so.1.1.0
7f1a054c6000-7f1a054c7000 r--p 00001000 08:07 1058161                    /usr/lib/x86_64-linux-gnu/libXdamage.so.1.1.0
7f1a054c7000-7f1a054c8000 rw-p 00002000 08:07 1058161                    /usr/lib/x86_64-linux-gnu/libXdamage.so.1.1.0
7f1a054c8000-7f1a054ca000 r-xp 00000000 08:07 1058157                    /usr/lib/x86_64-linux-gnu/libXcomposite.so.1.0.0
7f1a054ca000-7f1a056c9000 ---p 00002000 08:07 1058157                    /usr/lib/x86_64-linux-gnu/libXcomposite.so.1.0.0
7f1a056c9000-7f1a056ca000 r--p 00001000 08:07 1058157                    /usr/lib/x86_64-linux-gnu/libXcomposite.so.1.0.0
7f1a056ca000-7f1a056cb000 rw-p 00002000 08:07 1058157                    /usr/lib/x86_64-linux-gnu/libXcomposite.so.1.0.0
7f1a056cb000-7f1a056d4000 r-xp 00000000 08:07 1058159                    /usr/lib/x86_64-linux-gnu/libXcursor.so.1.0.2
7f1a056d4000-7f1a058d3000 ---p 00009000 08:07 1058159                    /usr/lib/x86_64-linux-gnu/libXcursor.so.1.0.2
7f1a058d3000-7f1a058d4000 r--p 00008000 08:07 1058159                    /usr/lib/x86_64-linux-gnu/libXcursor.so.1.0.2
7f1a058d4000-7f1a058d5000 rw-p 00009000 08:07 1058159                    /usr/lib/x86_64-linux-gnu/libXcursor.so.1.0.2
7f1a058d5000-7f1a058de000 r-xp 00000000 08:07 1058185                    /usr/lib/x86_64-linux-gnu/libXrandr.so.2.2.0
7f1a058de000-7f1a05add000 ---p 00009000 08:07 1058185                    /usr/lib/x86_64-linux-gnu/libXrandr.so.2.2.0
7f1a05add000-7f1a05ade000 r--p 00008000 08:07 1058185                    /usr/lib/x86_64-linux-gnu/libXrandr.so.2.2.0
7f1a05ade000-7f1a05adf000 rw-p 00009000 08:07 1058185                    /usr/lib/x86_64-linux-gnu/libXrandr.so.2.2.0
7f1a05adf000-7f1a05aee000 r-xp 00000000 08:07 1058173                    /usr/lib/x86_64-linux-gnu/libXi.so.6.1.0
7f1a05aee000-7f1a05ced000 ---p 0000f000 08:07 1058173                    /usr/lib/x86_64-linux-gnu/libXi.so.6.1.0
7f1a05ced000-7f1a05cee000 r--p 0000e000 08:07 1058173                    /usr/lib/x86_64-linux-gnu/libXi.so.6.1.0
7f1a05cee000-7f1a05cef000 rw-p 0000f000 08:07 1058173                    /usr/lib/x86_64-linux-gnu/libXi.so.6.1.0
7f1a05cef000-7f1a05cf1000 r-xp 00000000 08:07 1058175                    /usr/lib/x86_64-linux-gnu/libXinerama.so.1.0.0
7f1a05cf1000-7f1a05ef0000 ---p 00002000 08:07 1058175                    /usr/lib/x86_64-linux-gnu/libXinerama.so.1.0.0
7f1a05ef0000-7f1a05ef1000 r--p 00001000 08:07 1058175                    /usr/lib/x86_64-linux-gnu/libXinerama.so.1.0.0
7f1a05ef1000-7f1a05ef2000 rw-p 00002000 08:07 1058175                    /usr/lib/x86_64-linux-gnu/libXinerama.so.1.0.0
7f1a05ef2000-7f1a05efb000 r-xp 00000000 08:07 1058187                    /usr/lib/x86_64-linux-gnu/libXrender.so.1.3.0
7f1a05efb000-7f1a060fa000 ---p 00009000 08:07 1058187                    /usr/lib/x86_64-linux-gnu/libXrender.so.1.3.0
7f1a060fa000-7f1a060fb000 r--p 00008000 08:07 1058187                    /usr/lib/x86_64-linux-gnu/libXrender.so.1.3.0
7f1a060fb000-7f1a060fc000 rw-p 00009000 08:07 1058187                    /usr/lib/x86_64-linux-gnu/libXrender.so.1.3.0
7f1a060fc000-7f1a06101000 r-xp 00000000 08:07 1058167                    /usr/lib/x86_64-linux-gnu/libXfixes.so.3.1.0
7f1a06101000-7f1a06300000 ---p 00005000 08:07 1058167                    /usr/lib/x86_64-linux-gnu/libXfixes.so.3.1.0
7f1a06300000-7f1a06301000 r--p 00004000 08:07 1058167                    /usr/lib/x86_64-linux-gnu/libXfixes.so.3.1.0
7f1a06301000-7f1a06302000 rw-p 00005000 08:07 1058167                    /usr/lib/x86_64-linux-gnu/libXfixes.so.3.1.0
7f1a06302000-7f1a06318000 r-xp 00000000 08:07 1708095                    /lib/x86_64-linux-gnu/libgcc_s.so.1
7f1a06318000-7f1a06517000 ---p 00016000 08:07 1708095                    /lib/x86_64-linux-gnu/libgcc_s.so.1
7f1a06517000-7f1a06518000 rw-p 00015000 08:07 1708095                    /lib/x86_64-linux-gnu/libgcc_s.so.1
7f1a06518000-7f1a065fe000 r-xp 00000000 08:07 1059058                    /usr/lib/x86_64-linux-gnu/libstdc++.so.6.0.19
7f1a065fe000-7f1a067fd000 ---p 000e6000 08:07 1059058                    /usr/lib/x86_64-linux-gnu/libstdc++.so.6.0.19
7f1a067fd000-7f1a06805000 r--p 000e5000 08:07 1059058                    /usr/lib/x86_64-linux-gnu/libstdc++.so.6.0.19
7f1a06805000-7f1a06807000 rw-p 000ed000 08:07 1059058                    /usr/lib/x86_64-linux-gnu/libstdc++.so.6.0.19
7f1a06807000-7f1a0681c000 rw-p 00000000 00:00 0 
7f1a0681c000-7f1a0687d000 r-xp 00000000 08:07 1313456                    /usr/lib/x86_64-linux-gnu/mesa/libGL.so.1.2.0
7f1a0687d000-7f1a06a7c000 ---p 00061000 08:07 1313456                    /usr/lib/x86_64-linux-gnu/mesa/libGL.so.1.2.0
7f1a06a7c000-7f1a06a7f000 r--p 00060000 08:07 1313456                    /usr/lib/x86_64-linux-gnu/mesa/libGL.so.1.2.0
7f1a06a7f000-7f1a06a80000 rw-p 00063000 08:07 1313456                    /usr/lib/x86_64-linux-gnu/mesa/libGL.so.1.2.0
7f1a06a80000-7f1a06a81000 rw-p 00000000 00:00 0 
7f1a06a81000-7f1a06a85000 r-xp 00000000 08:07 1058203                    /usr/lib/x86_64-linux-gnu/libXxf86vm.so.1.0.0
7f1a06a85000-7f1a06c85000 ---p 00004000 08:07 1058203                    /usr/lib/x86_64-linux-gnu/libXxf86vm.so.1.0.0
7f1a06c85000-7f1a06c86000 r--p 00004000 08:07 1058203                    /usr/lib/x86_64-linux-gnu/libXxf86vm.so.1.0.0
7f1a06c86000-7f1a06c87000 rw-p 00005000 08:07 1058203                    /usr/lib/x86_64-linux-gnu/libXxf86vm.so.1.0.0
7f1a06c87000-7f1a06db7000 r-xp 00000000 08:07 1058148                    /usr/lib/x86_64-linux-gnu/libX11.so.6.3.0
7f1a06db7000-7f1a06fb7000 ---p 00130000 08:07 1058148                    /usr/lib/x86_64-linux-gnu/libX11.so.6.3.0
7f1a06fb7000-7f1a06fb8000 r--p 00130000 08:07 1058148                    /usr/lib/x86_64-linux-gnu/libX11.so.6.3.0
7f1a06fb8000-7f1a06fbc000 rw-p 00131000 08:07 1058148                    /usr/lib/x86_64-linux-gnu/libX11.so.6.3.0
7f1a06fbc000-7f1a06fc1000 r-xp 00000000 08:07 1058193                    /usr/lib/x86_64-linux-gnu/libXtst.so.6.1.0
7f1a06fc1000-7f1a071c0000 ---p 00005000 08:07 1058193                    /usr/lib/x86_64-linux-gnu/libXtst.so.6.1.0
7f1a071c0000-7f1a071c1000 r--p 00004000 08:07 1058193                    /usr/lib/x86_64-linux-gnu/libXtst.so.6.1.0
7f1a071c1000-7f1a071c2000 rw-p 00005000 08:07 1058193                    /usr/lib/x86_64-linux-gnu/libXtst.so.6.1.0
7f1a071c2000-7f1a072c8000 r-xp 00000000 08:07 1708099                    /lib/x86_64-linux-gnu/libglib-2.0.so.0.4000.0
7f1a072c8000-7f1a074c7000 ---p 00106000 08:07 1708099                    /lib/x86_64-linux-gnu/libglib-2.0.so.0.4000.0
7f1a074c7000-7f1a074c8000 r--p 00105000 08:07 1708099                    /lib/x86_64-linux-gnu/libglib-2.0.so.0.4000.0
7f1a074c8000-7f1a074c9000 rw-p 00106000 08:07 1708099                    /lib/x86_64-linux-gnu/libglib-2.0.so.0.4000.0
7f1a074c9000-7f1a074ca000 rw-p 00000000 00:00 0 
7f1a074ca000-7f1a074cb000 r-xp 00000000 08:07 1058670                    /usr/lib/x86_64-linux-gnu/libgthread-2.0.so.0.4000.0
7f1a074cb000-7f1a076ca000 ---p 00001000 08:07 1058670                    /usr/lib/x86_64-linux-gnu/libgthread-2.0.so.0.4000.0
7f1a076ca000-7f1a076cb000 r--p 00000000 08:07 1058670                    /usr/lib/x86_64-linux-gnu/libgthread-2.0.so.0.4000.0
7f1a076cb000-7f1a076cc000 rw-p 00001000 08:07 1058670                    /usr/lib/x86_64-linux-gnu/libgthread-2.0.so.0.4000.0
7f1a076cc000-7f1a076cf000 r-xp 00000000 08:07 1058547                    /usr/lib/x86_64-linux-gnu/libgmodule-2.0.so.0.4000.0
7f1a076cf000-7f1a078ce000 ---p 00003000 08:07 1058547                    /usr/lib/x86_64-linux-gnu/libgmodule-2.0.so.0.4000.0
7f1a078ce000-7f1a078cf000 r--p 00002000 08:07 1058547                    /usr/lib/x86_64-linux-gnu/libgmodule-2.0.so.0.4000.0
7f1a078cf000-7f1a078d0000 rw-p 00003000 08:07 1058547                    /usr/lib/x86_64-linux-gnu/libgmodule-2.0.so.0.4000.0
7f1a078d0000-7f1a0791f000 r-xp 00000000 08:07 1058563                    /usr/lib/x86_64-linux-gnu/libgobject-2.0.so.0.4000.0
7f1a0791f000-7f1a07b1f000 ---p 0004f000 08:07 1058563                    /usr/lib/x86_64-linux-gnu/libgobject-2.0.so.0.4000.0
7f1a07b1f000-7f1a07b20000 r--p 0004f000 08:07 1058563                    /usr/lib/x86_64-linux-gnu/libgobject-2.0.so.0.4000.0
7f1a07b20000-7f1a07b21000 rw-p 00050000 08:07 1058563                    /usr/lib/x86_64-linux-gnu/libgobject-2.0.so.0.4000.0
7f1a07b21000-7f1a07b5b000 r-xp 00000000 08:07 1058444                    /usr/lib/x86_64-linux-gnu/libfontconfig.so.1.8.0
7f1a07b5b000-7f1a07d5a000 ---p 0003a000 08:07 1058444                    /usr/lib/x86_64-linux-gnu/libfontconfig.so.1.8.0
7f1a07d5a000-7f1a07d5c000 r--p 00039000 08:07 1058444                    /usr/lib/x86_64-linux-gnu/libfontconfig.so.1.8.0
7f1a07d5c000-7f1a07d5d000 rw-p 0003b000 08:07 1058444                    /usr/lib/x86_64-linux-gnu/libfontconfig.so.1.8.0
7f1a07d5d000-7f1a07dfa000 r-xp 00000000 08:07 1058472                    /usr/lib/x86_64-linux-gnu/libfreetype.so.6.11.1
7f1a07dfa000-7f1a07ff9000 ---p 0009d000 08:07 1058472                    /usr/lib/x86_64-linux-gnu/libfreetype.so.6.11.1
7f1a07ff9000-7f1a07fff000 r--p 0009c000 08:07 1058472                    /usr/lib/x86_64-linux-gnu/libfreetype.so.6.11.1
7f1a07fff000-7f1a08000000 rw-p 000a2000 08:07 1058472                    /usr/lib/x86_64-linux-gnu/libfreetype.so.6.11.1
7f1a08000000-7f1a08021000 rw-p 00000000 00:00 0 
7f1a08021000-7f1a0c000000 ---p 00000000 00:00 0 
7f1a0c000000-7f1a0defe000 rw-p 00000000 00:00 0 
7f1a0defe000-7f1a10000000 ---p 00000000 00:00 0 
7f1a10000000-7f1a10719000 rw-p 00000000 00:00 0 
7f1a10719000-7f1a14000000 ---p 00000000 00:00 0 
7f1a14000000-7f1a14021000 rw-p 00000000 00:00 0 
7f1a14021000-7f1a18000000 ---p 00000000 00:00 0 
7f1a18000000-7f1a19c77000 rw-p 00000000 00:00 0 
7f1a19c77000-7f1a1c000000 ---p 00000000 00:00 0 
7f1a1c000000-7f1a1daff000 rw-p 00000000 00:00 0 
7f1a1daff000-7f1a20000000 ---p 00000000 00:00 0 
7f1a20000000-7f1a20021000 rw-p 00000000 00:00 0 
7f1a20021000-7f1a24000000 ---p 00000000 00:00 0 
7f1a24000000-7f1a24021000 rw-p 00000000 00:00 0 
7f1a24021000-7f1a28000000 ---p 00000000 00:00 0 
7f1a28000000-7f1a280fa000 rw-p 00000000 00:00 0 
7f1a280fa000-7f1a2c000000 ---p 00000000 00:00 0 
7f1a2c000000-7f1a2c021000 rw-p 00000000 00:00 0 
7f1a2c021000-7f1a30000000 ---p 00000000 00:00 0 
7f1a30000000-7f1a30021000 rw-p 00000000 00:00 0 
7f1a30021000-7f1a34000000 ---p 00000000 00:00 0 
7f1a34009000-7f1a3401c000 r--p 00000000 08:07 133751                     /usr/lib/jvm/jdk1.8.0_25/jre/lib/fonts/LucidaBrightDemiBold.ttf
7f1a3401c000-7f1a34058000 r--p 00000000 08:07 133745                     /usr/lib/jvm/jdk1.8.0_25/jre/lib/fonts/LucidaTypewriterRegular.ttf
7f1a34058000-7f1a34092000 r--p 00000000 08:07 133748                     /usr/lib/jvm/jdk1.8.0_25/jre/lib/fonts/LucidaTypewriterBold.ttf
7f1a34092000-7f1a340e0000 r--p 00000000 08:07 133752                     /usr/lib/jvm/jdk1.8.0_25/jre/lib/fonts/LucidaSansDemiBold.ttf
7f1a340e0000-7f1a3412a000 r-xp 00000000 08:07 1058887                    /usr/lib/x86_64-linux-gnu/libpango-1.0.so.0.3600.3
7f1a3412a000-7f1a3432a000 ---p 0004a000 08:07 1058887                    /usr/lib/x86_64-linux-gnu/libpango-1.0.so.0.3600.3
7f1a3432a000-7f1a3432c000 r--p 0004a000 08:07 1058887                    /usr/lib/x86_64-linux-gnu/libpango-1.0.so.0.3600.3
7f1a3432c000-7f1a3432d000 rw-p 0004c000 08:07 1058887                    /usr/lib/x86_64-linux-gnu/libpango-1.0.so.0.3600.3
7f1a3432d000-7f1a34433000 r-xp 00000000 08:07 1058283                    /usr/lib/x86_64-linux-gnu/libcairo.so.2.11301.0
7f1a34433000-7f1a34632000 ---p 00106000 08:07 1058283                    /usr/lib/x86_64-linux-gnu/libcairo.so.2.11301.0
7f1a34632000-7f1a34635000 r--p 00105000 08:07 1058283                    /usr/lib/x86_64-linux-gnu/libcairo.so.2.11301.0
7f1a34635000-7f1a34636000 rw-p 00108000 08:07 1058283                    /usr/lib/x86_64-linux-gnu/libcairo.so.2.11301.0
7f1a34636000-7f1a34638000 rw-p 00000000 00:00 0 
7f1a34638000-7f1a34643000 r-xp 00000000 08:07 1058889                    /usr/lib/x86_64-linux-gnu/libpangocairo-1.0.so.0.3600.3
7f1a34643000-7f1a34843000 ---p 0000b000 08:07 1058889                    /usr/lib/x86_64-linux-gnu/libpangocairo-1.0.so.0.3600.3
7f1a34843000-7f1a34844000 r--p 0000b000 08:07 1058889                    /usr/lib/x86_64-linux-gnu/libpangocairo-1.0.so.0.3600.3
7f1a34844000-7f1a34845000 rw-p 0000c000 08:07 1058889                    /usr/lib/x86_64-linux-gnu/libpangocairo-1.0.so.0.3600.3
7f1a34845000-7f1a34864000 r-xp 00000000 08:07 1058509                    /usr/lib/x86_64-linux-gnu/libgdk_pixbuf-2.0.so.0.3000.7
7f1a34864000-7f1a34a64000 ---p 0001f000 08:07 1058509                    /usr/lib/x86_64-linux-gnu/libgdk_pixbuf-2.0.so.0.3000.7
7f1a34a64000-7f1a34a65000 r--p 0001f000 08:07 1058509                    /usr/lib/x86_64-linux-gnu/libgdk_pixbuf-2.0.so.0.3000.7
7f1a34a65000-7f1a34a66000 rw-p 00020000 08:07 1058509                    /usr/lib/x86_64-linux-gnu/libgdk_pixbuf-2.0.so.0.3000.7
7f1a34a66000-7f1a34a7a000 r-xp 00000000 08:07 1058891                    /usr/lib/x86_64-linux-gnu/libpangoft2-1.0.so.0.3600.3
7f1a34a7a000-7f1a34c79000 ---p 00014000 08:07 1058891                    /usr/lib/x86_64-linux-gnu/libpangoft2-1.0.so.0.3600.3
7f1a34c79000-7f1a34c7a000 r--p 00013000 08:07 1058891                    /usr/lib/x86_64-linux-gnu/libpangoft2-1.0.so.0.3600.3
7f1a34c7a000-7f1a34c7b000 rw-p 00014000 08:07 1058891                    /usr/lib/x86_64-linux-gnu/libpangoft2-1.0.so.0.3600.3
7f1a34c7b000-7f1a34de6000 r-xp 00000000 08:07 1058533                    /usr/lib/x86_64-linux-gnu/libgio-2.0.so.0.4000.0
7f1a34de6000-7f1a34fe6000 ---p 0016b000 08:07 1058533                    /usr/lib/x86_64-linux-gnu/libgio-2.0.so.0.4000.0
7f1a34fe6000-7f1a34fea000 r--p 0016b000 08:07 1058533                    /usr/lib/x86_64-linux-gnu/libgio-2.0.so.0.4000.0
7f1a34fea000-7f1a34fec000 rw-p 0016f000 08:07 1058533                    /usr/lib/x86_64-linux-gnu/libgio-2.0.so.0.4000.0
7f1a34fec000-7f1a34fee000 rw-p 00000000 00:00 0 
7f1a34fee000-7f1a3500d000 r-xp 00000000 08:07 1058244                    /usr/lib/x86_64-linux-gnu/libatk-1.0.so.0.21009.1
7f1a3500d000-7f1a3520d000 ---p 0001f000 08:07 1058244                    /usr/lib/x86_64-linux-gnu/libatk-1.0.so.0.21009.1
7f1a3520d000-7f1a3520f000 r--p 0001f000 08:07 1058244                    /usr/lib/x86_64-linux-gnu/libatk-1.0.so.0.21009.1
7f1a3520f000-7f1a35210000 rw-p 00021000 08:07 1058244                    /usr/lib/x86_64-linux-gnu/libatk-1.0.so.0.21009.1
7f1a35210000-7f1a352bd000 r-xp 00000000 08:07 1058507                    /usr/lib/x86_64-linux-gnu/libgdk-x11-2.0.so.0.2400.23
7f1a352bd000-7f1a354bc000 ---p 000ad000 08:07 1058507                    /usr/lib/x86_64-linux-gnu/libgdk-x11-2.0.so.0.2400.23
7f1a354bc000-7f1a354c0000 r--p 000ac000 08:07 1058507                    /usr/lib/x86_64-linux-gnu/libgdk-x11-2.0.so.0.2400.23
7f1a354c0000-7f1a354c2000 rw-p 000b0000 08:07 1058507                    /usr/lib/x86_64-linux-gnu/libgdk-x11-2.0.so.0.2400.23
7f1a354c2000-7f1a358f1000 r-xp 00000000 08:07 1058674                    /usr/lib/x86_64-linux-gnu/libgtk-x11-2.0.so.0.2400.23
7f1a358f1000-7f1a35af0000 ---p 0042f000 08:07 1058674                    /usr/lib/x86_64-linux-gnu/libgtk-x11-2.0.so.0.2400.23
7f1a35af0000-7f1a35af7000 r--p 0042e000 08:07 1058674                    /usr/lib/x86_64-linux-gnu/libgtk-x11-2.0.so.0.2400.23
7f1a35af7000-7f1a35afb000 rw-p 00435000 08:07 1058674                    /usr/lib/x86_64-linux-gnu/libgtk-x11-2.0.so.0.2400.23
7f1a35afb000-7f1a35afe000 rw-p 00000000 00:00 0 
7f1a35afe000-7f1a35b0a000 r-xp 00000000 08:07 2495489                    /usr/lib/jvm/jdk1.8.0_25/jre/lib/amd64/libprism_es2.so
7f1a35b0a000-7f1a35d09000 ---p 0000c000 08:07 2495489                    /usr/lib/jvm/jdk1.8.0_25/jre/lib/amd64/libprism_es2.so
7f1a35d09000-7f1a35d0a000 r--p 0000b000 08:07 2495489                    /usr/lib/jvm/jdk1.8.0_25/jre/lib/amd64/libprism_es2.so
7f1a35d0a000-7f1a35d0b000 rw-p 0000c000 08:07 2495489                    /usr/lib/jvm/jdk1.8.0_25/jre/lib/amd64/libprism_es2.so
7f1a35d0b000-7f1a35d0e000 ---p 00000000 00:00 0 
7f1a35d0e000-7f1a35e0c000 rw-p 00000000 00:00 0                          [stack:2068]
7f1a35e0c000-7f1a35e0d000 ---p 00000000 00:00 0 
7f1a35e0d000-7f1a35f0d000 rw-p 00000000 00:00 0                          [stack:2067]
7f1a35f0d000-7f1a35f10000 ---p 00000000 00:00 0 
7f1a35f10000-7f1a3600e000 rw-p 00000000 00:00 0                          [stack:2066]
7f1a3600e000-7f1a36011000 ---p 00000000 00:00 0 
7f1a36011000-7f1a3610f000 rw-p 00000000 00:00 0                          [stack:2065]
7f1a3610f000-7f1a36112000 ---p 00000000 00:00 0 
7f1a36112000-7f1a38000000 rw-p 00000000 00:00 0                          [stack:2064]
7f1a38000000-7f1a38021000 rw-p 00000000 00:00 0 
7f1a38021000-7f1a3c000000 ---p 00000000 00:00 0 
7f1a3c000000-7f1a3c021000 rw-p 00000000 00:00 0 
7f1a3c021000-7f1a40000000 ---p 00000000 00:00 0 
7f1a40000000-7f1a40021000 rw-p 00000000 00:00 0 
7f1a40021000-7f1a44000000 ---p 00000000 00:00 0 
7f1a44003000-7f1a44004000 rw-s 00000000 00:04 236809                     /drm mm object (deleted)
7f1a44004000-7f1a44005000 rw-s 00000000 00:04 236808                     /drm mm object (deleted)
7f1a44005000-7f1a44006000 rw-s 00000000 00:04 236315                     /drm mm object (deleted)
7f1a44006000-7f1a4401a000 r--p 00000000 08:07 133746                     /usr/lib/jvm/jdk1.8.0_25/jre/lib/fonts/LucidaBrightItalic.ttf
7f1a4401a000-7f1a4402d000 r--p 00000000 08:07 133750                     /usr/lib/jvm/jdk1.8.0_25/jre/lib/fonts/LucidaBrightDemiItalic.ttf
7f1a4402d000-7f1a44032000 r--s 00084000 08:07 2495507                    /usr/lib/jvm/jdk1.8.0_25/jre/lib/jfr.jar
7f1a44032000-7f1a44033000 r--s 00000000 08:07 1187986                    /var/cache/fontconfig/c05880de57d1f5e948fdfacc138775d9-le64.cache-4
7f1a44033000-7f1a4403e000 r--s 00000000 08:07 1187980                    /var/cache/fontconfig/945677eb7aeaf62f1d50efc3fb3ec7d8-le64.cache-4
7f1a4403e000-7f1a44044000 r--s 00000000 08:07 1187966                    /var/cache/fontconfig/2cd17615ca594fa2959ae173292e504c-le64.cache-4
7f1a44044000-7f1a44045000 r--s 00000000 08:07 1187996                    /var/cache/fontconfig/e7071f4a29fa870f4323321c154eba04-le64.cache-4
7f1a44045000-7f1a44046000 r--s 00000000 08:07 1187963                    /var/cache/fontconfig/0d8c3b2ac0904cb8a57a757ad11a4a08-le64.cache-4
7f1a44046000-7f1a4404d000 r--s 00000000 08:07 1187983                    /var/cache/fontconfig/a755afe4a08bf5b97852ceb7400b47bc-le64.cache-4
7f1a4404d000-7f1a44061000 r--s 00000000 08:07 1187961                    /var/cache/fontconfig/04aabc0a78ac019cf9454389977116d2-le64.cache-4
7f1a44061000-7f1a44062000 r--s 00000000 08:07 1187965                    /var/cache/fontconfig/1ac9eb803944fde146138c791f5cc56a-le64.cache-4
7f1a44062000-7f1a44067000 r--s 00000000 08:07 1190938                    /var/cache/fontconfig/eb48934c523a49add3824bfad8846c40-le64.cache-4
7f1a44067000-7f1a4406c000 r--s 00000000 08:07 1190937                    /var/cache/fontconfig/385c0604a188198f04d133e54aba7fe7-le64.cache-4
7f1a4406c000-7f1a4406d000 r--s 00000000 08:07 1187993                    /var/cache/fontconfig/dc05db6664285cc2f12bf69c139ae4c3-le64.cache-4
7f1a4406d000-7f1a44072000 r--s 00000000 08:07 1187979                    /var/cache/fontconfig/8801497958630a81b71ace7c5f9b32a8-le64.cache-4
7f1a44072000-7f1a44076000 r--s 00000000 08:07 1191336                    /var/cache/fontconfig/c57959a16110560c8d0fcea73374aeeb-le64.cache-4
7f1a44076000-7f1a4407d000 r--s 00000000 08:07 1187967                    /var/cache/fontconfig/3047814df9a2f067bd2d96a2b9c36e5a-le64.cache-4
7f1a4407d000-7f1a44083000 r--s 00000000 08:07 1187984                    /var/cache/fontconfig/b47c4e1ecd0709278f4910c18777a504-le64.cache-4
7f1a44083000-7f1a44096000 r--s 00000000 08:07 1187990                    /var/cache/fontconfig/d52a8644073d54c13679302ca1180695-le64.cache-4
7f1a44096000-7f1a4409f000 r--s 00000000 08:07 1187970                    /var/cache/fontconfig/3f7329c5293ffd510edef78f73874cfd-le64.cache-4
7f1a4409f000-7f1a440bb000 r--s 00393000 08:07 267369                     /usr/lib/jvm/jdk1.8.0_25/jre/lib/ext/cldrdata.jar
7f1a440bb000-7f1a440be000 ---p 00000000 00:00 0 
7f1a440be000-7f1a441bc000 rw-p 00000000 00:00 0                          [stack:2063]
7f1a441bc000-7f1a441bf000 ---p 00000000 00:00 0 
7f1a441bf000-7f1a442bd000 rw-p 00000000 00:00 0                          [stack:2062]
7f1a442bd000-7f1a44bfc000 r--p 00000000 08:07 1056763                    /usr/lib/locale/locale-archive
7f1a44bfc000-7f1a44bff000 ---p 00000000 00:00 0 
7f1a44bff000-7f1a44cfd000 rw-p 00000000 00:00 0                          [stack:2061]
7f1a44cfd000-7f1a44d00000 ---p 00000000 00:00 0 
7f1a44d00000-7f1a44dfe000 rw-p 00000000 00:00 0                          [stack:2060]
7f1a44dfe000-7f1a44dff000 ---p 00000000 00:00 0 
7f1a44dff000-7f1a45000000 rw-p 00000000 00:00 0                          [stack:2059]
7f1a45000000-7f1a45f00000 rwxp 00000000 00:00 0 
7f1a45f00000-7f1a54000000 ---p 00000000 00:00 0 
7f1a54000000-7f1a544ec000 rw-p 00000000 00:00 0 
7f1a544ec000-7f1a58000000 ---p 00000000 00:00 0 
7f1a58000000-7f1a58002000 r--s 00000000 08:07 1187977                    /var/cache/fontconfig/767a8244fc0220cfb567a839d0392e0b-le64.cache-4
7f1a58002000-7f1a58003000 r--s 00000000 08:07 1187971                    /var/cache/fontconfig/4794a0821666d79190d59a36cb4f44b5-le64.cache-4
7f1a58003000-7f1a58004000 r--s 00000000 08:07 1187973                    /var/cache/fontconfig/56cf4f4769d0f4abc89a4895d7bd3ae1-le64.cache-4
7f1a58004000-7f1a58005000 r--s 00000000 08:07 1187985                    /var/cache/fontconfig/b9d506c9ac06c20b433354fa67a72993-le64.cache-4
7f1a58005000-7f1a58009000 r--s 00000000 08:07 1187991                    /var/cache/fontconfig/d589a48862398ed80a3d6066f4f56f4c-le64.cache-4
7f1a58009000-7f1a5800b000 r--s 00000000 08:07 1191335                    /var/cache/fontconfig/089dead882dea3570ffc31a9898cfb69-le64.cache-4
7f1a5800b000-7f1a5800c000 r--s 00000000 08:07 1187962                    /var/cache/fontconfig/0c9eb80ebd1c36541ebe2852d3bb0c49-le64.cache-4
7f1a5800c000-7f1a58010000 r--s 00000000 08:07 1188146                    /var/cache/fontconfig/7ef2298fde41cc6eeb7af42e48b7d293-le64.cache-4
7f1a58010000-7f1a5801a000 r--s 00116000 08:07 267363                     /usr/lib/jvm/jdk1.8.0_25/jre/lib/ext/localedata.jar
7f1a5801a000-7f1a58022000 r--s 000c4000 08:07 1591593                    /home/linhsan/NetBeansProjects/ClinicManagement/dist/run2074076351/lib/mysql-connector-java-5.1.23-bin.jar
7f1a58029000-7f1a5802a000 rw-p 00000000 00:00 0 
7f1a5802a000-7f1a5806b000 r--p 00000000 08:07 1996843                    /usr/share/glib-2.0/schemas/gschemas.compiled
7f1a5806b000-7f1a580f7000 r--s 00fea000 08:07 267368                     /usr/lib/jvm/jdk1.8.0_25/jre/lib/ext/jfxrt.jar
7f1a580f7000-7f1a58f05000 rw-p 00000000 00:00 0 
7f1a58f05000-7f1a590db000 r--s 03caa000 08:07 2495506                    /usr/lib/jvm/jdk1.8.0_25/jre/lib/rt.jar
7f1a590db000-7f1a59b30000 rw-p 00000000 00:00 0 
7f1a59b30000-7f1a59b31000 ---p 00000000 00:00 0 
7f1a59b31000-7f1a59c31000 rw-p 00000000 00:00 0                          [stack:2058]
7f1a59c31000-7f1a59c32000 ---p 00000000 00:00 0 
7f1a59c32000-7f1a59d32000 rw-p 00000000 00:00 0                          [stack:2057]
7f1a59d32000-7f1a59d33000 ---p 00000000 00:00 0 
7f1a59d33000-7f1a59e33000 rw-p 00000000 00:00 0                          [stack:2056]
7f1a59e33000-7f1a59e34000 ---p 00000000 00:00 0 
7f1a59e34000-7f1a59f44000 rw-p 00000000 00:00 0                          [stack:2055]
7f1a59f44000-7f1a5a074000 ---p 00000000 00:00 0 
7f1a5a074000-7f1a5a084000 rw-p 00000000 00:00 0 
7f1a5a084000-7f1a5a1b3000 ---p 00000000 00:00 0 
7f1a5a1b3000-7f1a5a1d7000 rw-p 00000000 00:00 0 
7f1a5a1d7000-7f1a5a253000 ---p 00000000 00:00 0 
7f1a5a253000-7f1a5a290000 rw-p 00000000 00:00 0 
7f1a5a290000-7f1a5a614000 ---p 00000000 00:00 0 
7f1a5a614000-7f1a5a62e000 r-xp 00000000 08:07 2495471                    /usr/lib/jvm/jdk1.8.0_25/jre/lib/amd64/libzip.so
7f1a5a62e000-7f1a5a82e000 ---p 0001a000 08:07 2495471                    /usr/lib/jvm/jdk1.8.0_25/jre/lib/amd64/libzip.so
7f1a5a82e000-7f1a5a82f000 rw-p 0001a000 08:07 2495471                    /usr/lib/jvm/jdk1.8.0_25/jre/lib/amd64/libzip.so
7f1a5a82f000-7f1a5a83a000 r-xp 00000000 08:07 1708143                    /lib/x86_64-linux-gnu/libnss_files-2.19.so
7f1a5a83a000-7f1a5aa39000 ---p 0000b000 08:07 1708143                    /lib/x86_64-linux-gnu/libnss_files-2.19.so
7f1a5aa39000-7f1a5aa3a000 r--p 0000a000 08:07 1708143                    /lib/x86_64-linux-gnu/libnss_files-2.19.so
7f1a5aa3a000-7f1a5aa3b000 rw-p 0000b000 08:07 1708143                    /lib/x86_64-linux-gnu/libnss_files-2.19.so
7f1a5aa3b000-7f1a5aa46000 r-xp 00000000 08:07 1708153                    /lib/x86_64-linux-gnu/libnss_nis-2.19.so
7f1a5aa46000-7f1a5ac45000 ---p 0000b000 08:07 1708153                    /lib/x86_64-linux-gnu/libnss_nis-2.19.so
7f1a5ac45000-7f1a5ac46000 r--p 0000a000 08:07 1708153                    /lib/x86_64-linux-gnu/libnss_nis-2.19.so
7f1a5ac46000-7f1a5ac47000 rw-p 0000b000 08:07 1708153                    /lib/x86_64-linux-gnu/libnss_nis-2.19.so
7f1a5ac47000-7f1a5ac5e000 r-xp 00000000 08:07 1708137                    /lib/x86_64-linux-gnu/libnsl-2.19.so
7f1a5ac5e000-7f1a5ae5d000 ---p 00017000 08:07 1708137                    /lib/x86_64-linux-gnu/libnsl-2.19.so
7f1a5ae5d000-7f1a5ae5e000 r--p 00016000 08:07 1708137                    /lib/x86_64-linux-gnu/libnsl-2.19.so
7f1a5ae5e000-7f1a5ae5f000 rw-p 00017000 08:07 1708137                    /lib/x86_64-linux-gnu/libnsl-2.19.so
7f1a5ae5f000-7f1a5ae61000 rw-p 00000000 00:00 0 
7f1a5ae61000-7f1a5ae6a000 r-xp 00000000 08:07 1708139                    /lib/x86_64-linux-gnu/libnss_compat-2.19.so
7f1a5ae6a000-7f1a5b069000 ---p 00009000 08:07 1708139                    /lib/x86_64-linux-gnu/libnss_compat-2.19.so
7f1a5b069000-7f1a5b06a000 r--p 00008000 08:07 1708139                    /lib/x86_64-linux-gnu/libnss_compat-2.19.so
7f1a5b06a000-7f1a5b06b000 rw-p 00009000 08:07 1708139                    /lib/x86_64-linux-gnu/libnss_compat-2.19.so
7f1a5b06b000-7f1a5b095000 r-xp 00000000 08:07 2495452                    /usr/lib/jvm/jdk1.8.0_25/jre/lib/amd64/libjava.so
7f1a5b095000-7f1a5b295000 ---p 0002a000 08:07 2495452                    /usr/lib/jvm/jdk1.8.0_25/jre/lib/amd64/libjava.so
7f1a5b295000-7f1a5b297000 rw-p 0002a000 08:07 2495452                    /usr/lib/jvm/jdk1.8.0_25/jre/lib/amd64/libjava.so
7f1a5b297000-7f1a5b2a4000 r-xp 00000000 08:07 2495465                    /usr/lib/jvm/jdk1.8.0_25/jre/lib/amd64/libverify.so
7f1a5b2a4000-7f1a5b4a4000 ---p 0000d000 08:07 2495465                    /usr/lib/jvm/jdk1.8.0_25/jre/lib/amd64/libverify.so
7f1a5b4a4000-7f1a5b4a6000 rw-p 0000d000 08:07 2495465                    /usr/lib/jvm/jdk1.8.0_25/jre/lib/amd64/libverify.so
7f1a5b4a6000-7f1a5b4ad000 r-xp 00000000 08:07 1708196                    /lib/x86_64-linux-gnu/librt-2.19.so
7f1a5b4ad000-7f1a5b6ac000 ---p 00007000 08:07 1708196                    /lib/x86_64-linux-gnu/librt-2.19.so
7f1a5b6ac000-7f1a5b6ad000 r--p 00006000 08:07 1708196                    /lib/x86_64-linux-gnu/librt-2.19.so
7f1a5b6ad000-7f1a5b6ae000 rw-p 00007000 08:07 1708196                    /lib/x86_64-linux-gnu/librt-2.19.so
7f1a5b6ae000-7f1a5b7b3000 r-xp 00000000 08:07 1708118                    /lib/x86_64-linux-gnu/libm-2.19.so
7f1a5b7b3000-7f1a5b9b2000 ---p 00105000 08:07 1708118                    /lib/x86_64-linux-gnu/libm-2.19.so
7f1a5b9b2000-7f1a5b9b3000 r--p 00104000 08:07 1708118                    /lib/x86_64-linux-gnu/libm-2.19.so
7f1a5b9b3000-7f1a5b9b4000 rw-p 00105000 08:07 1708118                    /lib/x86_64-linux-gnu/libm-2.19.so
7f1a5b9b4000-7f1a5c621000 r-xp 00000000 08:07 2625176                    /usr/lib/jvm/jdk1.8.0_25/jre/lib/amd64/server/libjvm.so
7f1a5c621000-7f1a5c820000 ---p 00c6d000 08:07 2625176                    /usr/lib/jvm/jdk1.8.0_25/jre/lib/amd64/server/libjvm.so
7f1a5c820000-7f1a5c8f6000 rw-p 00c6c000 08:07 2625176                    /usr/lib/jvm/jdk1.8.0_25/jre/lib/amd64/server/libjvm.so
7f1a5c8f6000-7f1a5c939000 rw-p 00000000 00:00 0 
7f1a5c939000-7f1a5caf5000 r-xp 00000000 08:07 1708068                    /lib/x86_64-linux-gnu/libc-2.19.so
7f1a5caf5000-7f1a5ccf4000 ---p 001bc000 08:07 1708068                    /lib/x86_64-linux-gnu/libc-2.19.so
7f1a5ccf4000-7f1a5ccf8000 r--p 001bb000 08:07 1708068                    /lib/x86_64-linux-gnu/libc-2.19.so
7f1a5ccf8000-7f1a5ccfa000 rw-p 001bf000 08:07 1708068                    /lib/x86_64-linux-gnu/libc-2.19.so
7f1a5ccfa000-7f1a5ccff000 rw-p 00000000 00:00 0 
7f1a5ccff000-7f1a5cd02000 r-xp 00000000 08:07 1708085                    /lib/x86_64-linux-gnu/libdl-2.19.so
7f1a5cd02000-7f1a5cf01000 ---p 00003000 08:07 1708085                    /lib/x86_64-linux-gnu/libdl-2.19.so
7f1a5cf01000-7f1a5cf02000 r--p 00002000 08:07 1708085                    /lib/x86_64-linux-gnu/libdl-2.19.so
7f1a5cf02000-7f1a5cf03000 rw-p 00003000 08:07 1708085                    /lib/x86_64-linux-gnu/libdl-2.19.so
7f1a5cf03000-7f1a5cf18000 r-xp 00000000 08:07 2625172                    /usr/lib/jvm/jdk1.8.0_25/jre/lib/amd64/jli/libjli.so
7f1a5cf18000-7f1a5d117000 ---p 00015000 08:07 2625172                    /usr/lib/jvm/jdk1.8.0_25/jre/lib/amd64/jli/libjli.so
7f1a5d117000-7f1a5d118000 rw-p 00014000 08:07 2625172                    /usr/lib/jvm/jdk1.8.0_25/jre/lib/amd64/jli/libjli.so
7f1a5d118000-7f1a5d131000 r-xp 00000000 08:07 1708188                    /lib/x86_64-linux-gnu/libpthread-2.19.so
7f1a5d131000-7f1a5d330000 ---p 00019000 08:07 1708188                    /lib/x86_64-linux-gnu/libpthread-2.19.so
7f1a5d330000-7f1a5d331000 r--p 00018000 08:07 1708188                    /lib/x86_64-linux-gnu/libpthread-2.19.so
7f1a5d331000-7f1a5d332000 rw-p 00019000 08:07 1708188                    /lib/x86_64-linux-gnu/libpthread-2.19.so
7f1a5d332000-7f1a5d336000 rw-p 00000000 00:00 0 
7f1a5d336000-7f1a5d359000 r-xp 00000000 08:07 1708044                    /lib/x86_64-linux-gnu/ld-2.19.so
7f1a5d359000-7f1a5d35d000 r--s 00093000 08:07 2495509                    /usr/lib/jvm/jdk1.8.0_25/jre/lib/jsse.jar
7f1a5d35d000-7f1a5d35f000 rw-p 00000000 00:00 0 
7f1a5d35f000-7f1a5d360000 rw-s 00000000 00:04 238143                     /drm mm object (deleted)
7f1a5d360000-7f1a5d361000 rw-s 00000000 00:04 238142                     /drm mm object (deleted)
7f1a5d361000-7f1a5d369000 rw-s 00000000 00:04 239839                     /drm mm object (deleted)
7f1a5d369000-7f1a5d36a000 rw-s 00000000 00:04 237941                     /drm mm object (deleted)
7f1a5d36a000-7f1a5d36b000 rw-s 00000000 00:04 237940                     /drm mm object (deleted)
7f1a5d36b000-7f1a5d36c000 rw-s 00000000 00:04 237118                     /drm mm object (deleted)
7f1a5d36c000-7f1a5d36d000 rw-s 00000000 00:04 237117                     /drm mm object (deleted)
7f1a5d36d000-7f1a5d373000 r--p 00000000 08:07 1591611                    /home/linhsan/.config/dconf/user
7f1a5d373000-7f1a5d37b000 rw-s 00000000 00:04 237589                     /drm mm object (deleted)
7f1a5d37b000-7f1a5d438000 rw-p 00000000 00:00 0 
7f1a5d438000-7f1a5d43b000 ---p 00000000 00:00 0 
7f1a5d43b000-7f1a5d53d000 rw-p 00000000 00:00 0                          [stack:2052]
7f1a5d53d000-7f1a5d540000 r--s 00000000 08:07 1190693                    /var/cache/fontconfig/e13b20fdb08344e0e664864cc2ede53d-le64.cache-4
7f1a5d540000-7f1a5d541000 rw-s 00000000 00:04 238837                     /drm mm object (deleted)
7f1a5d541000-7f1a5d542000 r--s 00000000 00:16 234923                     /run/user/1000/dconf/user
7f1a5d542000-7f1a5d543000 rw-s 00000000 00:04 237586                     /drm mm object (deleted)
7f1a5d543000-7f1a5d54b000 rw-s 00000000 00:04 237585                     /drm mm object (deleted)
7f1a5d54b000-7f1a5d54c000 r--s 00009000 08:07 1591251                    /home/linhsan/NetBeansProjects/ClinicManagement/dist/run2074076351/ClinicManagement.jar
7f1a5d54c000-7f1a5d554000 rw-s 00000000 08:07 407036                     /tmp/hsperfdata_linhsan/2050
7f1a5d554000-7f1a5d555000 rw-p 00000000 00:00 0 
7f1a5d555000-7f1a5d556000 r--p 00000000 00:00 0 
7f1a5d556000-7f1a5d558000 rw-p 00000000 00:00 0 
7f1a5d558000-7f1a5d559000 r--p 00022000 08:07 1708044                    /lib/x86_64-linux-gnu/ld-2.19.so
7f1a5d559000-7f1a5d55a000 rw-p 00023000 08:07 1708044                    /lib/x86_64-linux-gnu/ld-2.19.so
7f1a5d55a000-7f1a5d55b000 rw-p 00000000 00:00 0 
7fffb9ce9000-7fffb9d0a000 rw-p 00000000 00:00 0                          [stack]
7fffb9dfe000-7fffb9e00000 r-xp 00000000 00:00 0                          [vdso]
ffffffffff600000-ffffffffff601000 r-xp 00000000 00:00 0                  [vsyscall]

VM Arguments:
jvm_args: -Dfile.encoding=UTF-8 
java_command: /home/linhsan/NetBeansProjects/ClinicManagement/dist/run2074076351/ClinicManagement.jar
java_class_path (initial): /home/linhsan/NetBeansProjects/ClinicManagement/dist/run2074076351/ClinicManagement.jar
Launcher Type: SUN_STANDARD

Environment Variables:
PATH=/usr/local/sbin:/usr/local/bin:/usr/sbin:/usr/bin:/sbin:/bin:/usr/games:/usr/local/games
LD_LIBRARY_PATH=/usr/lib/jvm/jdk1.8.0_25/jre/lib/amd64:/usr/lib/jvm/jdk1.8.0_25/jre/lib/i386:
SHELL=/bin/bash
DISPLAY=:0

Signal Handlers:
SIGSEGV: [libjvm.so+0xa79a80], sa_mask[0]=11111111011111111101111111111110, sa_flags=SA_RESTART|SA_SIGINFO
SIGBUS: [libjvm.so+0xa79a80], sa_mask[0]=11111111011111111101111111111110, sa_flags=SA_RESTART|SA_SIGINFO
SIGFPE: [libjvm.so+0x8e24e0], sa_mask[0]=11111111011111111101111111111110, sa_flags=SA_RESTART|SA_SIGINFO
SIGPIPE: SIG_IGN, sa_mask[0]=00000000000010000000000000000000, sa_flags=SA_RESTART
SIGXFSZ: [libjvm.so+0x8e24e0], sa_mask[0]=11111111011111111101111111111110, sa_flags=SA_RESTART|SA_SIGINFO
SIGILL: [libjvm.so+0x8e24e0], sa_mask[0]=11111111011111111101111111111110, sa_flags=SA_RESTART|SA_SIGINFO
SIGUSR1: SIG_DFL, sa_mask[0]=00000000000000000000000000000000, sa_flags=none
SIGUSR2: [libjvm.so+0x8e3d10], sa_mask[0]=00100000000000000000000000000000, sa_flags=SA_RESTART|SA_SIGINFO
SIGHUP: [libjvm.so+0x8e50d0], sa_mask[0]=11111111011111111101111111111110, sa_flags=SA_RESTART|SA_SIGINFO
SIGINT: SIG_IGN, sa_mask[0]=00000000000000000000000000000000, sa_flags=none
SIGTERM: [libjvm.so+0x8e50d0], sa_mask[0]=11111111011111111101111111111110, sa_flags=SA_RESTART|SA_SIGINFO
SIGQUIT: [libjvm.so+0x8e50d0], sa_mask[0]=11111111011111111101111111111110, sa_flags=SA_RESTART|SA_SIGINFO


---------------  S Y S T E M  ---------------

OS:DISTRIB_ID=Ubuntu
DISTRIB_RELEASE=14.04
DISTRIB_CODENAME=trusty
DISTRIB_DESCRIPTION="Ubuntu 14.04 LTS"

uname:Linux 3.13.0-24-generic #46-Ubuntu SMP Thu Apr 10 19:11:08 UTC 2014 x86_64
libc:glibc 2.19 NPTL 2.19 
rlimit: STACK 8192k, CORE 0k, NPROC 30460, NOFILE 4096, AS infinity
load average:0,45 0,76 0,96

/proc/meminfo:
MemTotal:        3920420 kB
MemFree:          156160 kB
Buffers:           21452 kB
Cached:           869296 kB
SwapCached:       136936 kB
Active:          2211236 kB
Inactive:        1303500 kB
Active(anon):    2002620 kB
Inactive(anon):  1112536 kB
Active(file):     208616 kB
Inactive(file):   190964 kB
Unevictable:         124 kB
Mlocked:             124 kB
SwapTotal:       7762940 kB
SwapFree:        7091532 kB
Dirty:                68 kB
Writeback:             0 kB
AnonPages:       2517420 kB
Mapped:           275680 kB
Shmem:            491188 kB
Slab:              97984 kB
SReclaimable:      54044 kB
SUnreclaim:        43940 kB
KernelStack:        6072 kB
PageTables:        54208 kB
NFS_Unstable:          0 kB
Bounce:                0 kB
WritebackTmp:          0 kB
CommitLimit:     9723148 kB
Committed_AS:    8855428 kB
VmallocTotal:   34359738367 kB
VmallocUsed:      546004 kB
VmallocChunk:   34359181948 kB
HardwareCorrupted:     0 kB
AnonHugePages:    620544 kB
HugePages_Total:       0
HugePages_Free:        0
HugePages_Rsvd:        0
HugePages_Surp:        0
Hugepagesize:       2048 kB
DirectMap4k:       87804 kB
DirectMap2M:     3979264 kB


CPU:total 4 (2 cores per cpu, 2 threads per core) family 6 model 58 stepping 9, cmov, cx8, fxsr, mmx, sse, sse2, sse3, ssse3, sse4.1, sse4.2, popcnt, avx, aes, clmul, erms, ht, tsc, tscinvbit, tscinv

/proc/cpuinfo:
processor	: 0
vendor_id	: GenuineIntel
cpu family	: 6
model		: 58
model name	: Intel(R) Core(TM) i5-3230M CPU @ 2.60GHz
stepping	: 9
microcode	: 0x15
cpu MHz		: 2601.000
cache size	: 3072 KB
physical id	: 0
siblings	: 4
core id		: 0
cpu cores	: 2
apicid		: 0
initial apicid	: 0
fpu		: yes
fpu_exception	: yes
cpuid level	: 13
wp		: yes
flags		: fpu vme de pse tsc msr pae mce cx8 apic sep mtrr pge mca cmov pat pse36 clflush dts acpi mmx fxsr sse sse2 ss ht tm pbe syscall nx rdtscp lm constant_tsc arch_perfmon pebs bts rep_good nopl xtopology nonstop_tsc aperfmperf eagerfpu pni pclmulqdq dtes64 monitor ds_cpl vmx est tm2 ssse3 cx16 xtpr pdcm pcid sse4_1 sse4_2 x2apic popcnt tsc_deadline_timer aes xsave avx f16c rdrand lahf_lm ida arat epb xsaveopt pln pts dtherm tpr_shadow vnmi flexpriority ept vpid fsgsbase smep erms
bogomips	: 5188.27
clflush size	: 64
cache_alignment	: 64
address sizes	: 36 bits physical, 48 bits virtual
power management:

processor	: 1
vendor_id	: GenuineIntel
cpu family	: 6
model		: 58
model name	: Intel(R) Core(TM) i5-3230M CPU @ 2.60GHz
stepping	: 9
microcode	: 0x15
cpu MHz		: 2601.000
cache size	: 3072 KB
physical id	: 0
siblings	: 4
core id		: 0
cpu cores	: 2
apicid		: 1
initial apicid	: 1
fpu		: yes
fpu_exception	: yes
cpuid level	: 13
wp		: yes
flags		: fpu vme de pse tsc msr pae mce cx8 apic sep mtrr pge mca cmov pat pse36 clflush dts acpi mmx fxsr sse sse2 ss ht tm pbe syscall nx rdtscp lm constant_tsc arch_perfmon pebs bts rep_good nopl xtopology nonstop_tsc aperfmperf eagerfpu pni pclmulqdq dtes64 monitor ds_cpl vmx est tm2 ssse3 cx16 xtpr pdcm pcid sse4_1 sse4_2 x2apic popcnt tsc_deadline_timer aes xsave avx f16c rdrand lahf_lm ida arat epb xsaveopt pln pts dtherm tpr_shadow vnmi flexpriority ept vpid fsgsbase smep erms
bogomips	: 5188.27
clflush size	: 64
cache_alignment	: 64
address sizes	: 36 bits physical, 48 bits virtual
power management:

processor	: 2
vendor_id	: GenuineIntel
cpu family	: 6
model		: 58
model name	: Intel(R) Core(TM) i5-3230M CPU @ 2.60GHz
stepping	: 9
microcode	: 0x15
cpu MHz		: 1200.000
cache size	: 3072 KB
physical id	: 0
siblings	: 4
core id		: 1
cpu cores	: 2
apicid		: 2
initial apicid	: 2
fpu		: yes
fpu_exception	: yes
cpuid level	: 13
wp		: yes
flags		: fpu vme de pse tsc msr pae mce cx8 apic sep mtrr pge mca cmov pat pse36 clflush dts acpi mmx fxsr sse sse2 ss ht tm pbe syscall nx rdtscp lm constant_tsc arch_perfmon pebs bts rep_good nopl xtopology nonstop_tsc aperfmperf eagerfpu pni pclmulqdq dtes64 monitor ds_cpl vmx est tm2 ssse3 cx16 xtpr pdcm pcid sse4_1 sse4_2 x2apic popcnt tsc_deadline_timer aes xsave avx f16c rdrand lahf_lm ida arat epb xsaveopt pln pts dtherm tpr_shadow vnmi flexpriority ept vpid fsgsbase smep erms
bogomips	: 5188.27
clflush size	: 64
cache_alignment	: 64
address sizes	: 36 bits physical, 48 bits virtual
power management:

processor	: 3
vendor_id	: GenuineIntel
cpu family	: 6
model		: 58
model name	: Intel(R) Core(TM) i5-3230M CPU @ 2.60GHz
stepping	: 9
microcode	: 0x15
cpu MHz		: 2601.000
cache size	: 3072 KB
physical id	: 0
siblings	: 4
core id		: 1
cpu cores	: 2
apicid		: 3
initial apicid	: 3
fpu		: yes
fpu_exception	: yes
cpuid level	: 13
wp		: yes
flags		: fpu vme de pse tsc msr pae mce cx8 apic sep mtrr pge mca cmov pat pse36 clflush dts acpi mmx fxsr sse sse2 ss ht tm pbe syscall nx rdtscp lm constant_tsc arch_perfmon pebs bts rep_good nopl xtopology nonstop_tsc aperfmperf eagerfpu pni pclmulqdq dtes64 monitor ds_cpl vmx est tm2 ssse3 cx16 xtpr pdcm pcid sse4_1 sse4_2 x2apic popcnt tsc_deadline_timer aes xsave avx f16c rdrand lahf_lm ida arat epb xsaveopt pln pts dtherm tpr_shadow vnmi flexpriority ept vpid fsgsbase smep erms
bogomips	: 5188.27
clflush size	: 64
cache_alignment	: 64
address sizes	: 36 bits physical, 48 bits virtual
power management:



Memory: 4k page, physical 3920420k(156160k free), swap 7762940k(7091532k free)

vm_info: Java HotSpot(TM) 64-Bit Server VM (25.25-b02) for linux-amd64 JRE (1.8.0_25-b17), built on Sep 17 2014 17:32:11 by "java_re" with gcc 4.3.0 20080428 (Red Hat 4.3.0-8)

time: Mon Nov 16 19:27:51 2015
elapsed time: 239 seconds (0d 0h 3m 59s)

