#
# A fatal error has been detected by the Java Runtime Environment:
#
#  SIGSEGV (0xb) at pc=0x00007f86b5020ed2, pid=6541, tid=140215298799360
#
# JRE version: Java(TM) SE Runtime Environment (8.0_25-b17) (build 1.8.0_25-b17)
# Java VM: Java HotSpot(TM) 64-Bit Server VM (25.25-b02 mixed mode linux-amd64 compressed oops)
# Problematic frame:
# j  com.sun.glass.ui.gtk.GtkView.notifyInputMethodDraw(Ljava/lang/String;III)V+13
#
# Failed to write core dump. Core dumps have been disabled. To enable core dumping, try "ulimit -c unlimited" before starting Java again
#
# If you would like to submit a bug report, please visit:
#   http://bugreport.sun.com/bugreport/crash.jsp
#

---------------  T H R E A D  ---------------

Current thread (0x00007f86c4312000):  JavaThread "JavaFX Application Thread" [_thread_in_Java, id=6563, stack(0x00007f866b03b000,0x00007f866b13c000)]

siginfo: si_signo: 11 (SIGSEGV), si_code: 1 (SEGV_MAPERR), si_addr: 0x0000000054014348

Registers:
RAX=0x0000000000100000, RBX=0x00007f86b2a85a58, RCX=0x0000000054014348, RDX=0x0000000070500004
RSP=0x00007f866b1395a0, RBP=0x00007f866b139608, RSI=0x00007f86b5010940, RDI=0x00007f866b1396e0
R8 =0x00007f86b5010940, R9 =0x00007f866b139888, R10=0x00007f86cafd0440, R11=0x0000000000017101
R12=0x0000000000000000, R13=0x00007f86b2ee98c5, R14=0x00007f866b139638, R15=0x00007f86c4312000
RIP=0x00007f86b5020ed2, EFLAGS=0x0000000000010206, CSGSFS=0x0000000000000033, ERR=0x0000000000000004
  TRAPNO=0x000000000000000e

Top of Stack: (sp=0x00007f866b1395a0)
0x00007f866b1395a0:   00007f86b5007710 00000000ed42f960
0x00007f866b1395b0:   0000000000000000 0000000000000000
0x00007f866b1395c0:   0000000054014348 00007f866b1395c8
0x00007f866b1395d0:   00007f86b2ee98c5 00007f866b139638
0x00007f866b1395e0:   00007f86b2ef3408 0000000000000000
0x00007f866b1395f0:   00007f86b2ee98f8 0000000000000000
0x00007f866b139600:   00007f866b139618 00007f866b1396a0
0x00007f866b139610:   00007f86b50004e7 00007f8600000001
0x00007f866b139620:   0000000000000000 00007f8600000000
0x00007f866b139630:   00000000ed42f960 00007f8654014318
0x00007f866b139640:   0000000000001fa0 00007f86c4311d58
0x00007f866b139650:   00007f86c4312000 00007f866b139720
0x00007f866b139660:   00007f8654014318 00007f866b1396e0
0x00007f866b139670:   00007f866b1396e0 00007f866b139a38
0x00007f866b139680:   00007f860000000a 00007f86b2ee98f8
0x00007f866b139690:   00007f86b5010940 00007f866b139888
0x00007f866b1396a0:   00007f866b139810 00007f86ca6d8086
0x00007f866b1396b0:   00007f8600000005 00007f86c4312000
0x00007f866b1396c0:   00007f866b139880 00007f866b139a30
0x00007f866b1396d0:   00007f86b5010940 000000000000000a
0x00007f866b1396e0:   00007f86c4312000 00007f8654000a30
0x00007f866b1396f0:   00007f86b2ee98f8 00007f8654014318
0x00007f866b139700:   00007f866b13a780 00007f86b50156a8
0x00007f866b139710:   00007f866b13a7e0 00007f866b139a30
0x00007f866b139720:   00007f86c4312000 00007f86c4311d00
0x00007f866b139730:   00007f86c4311d40 00007f86c4311d60
0x00007f866b139740:   00007f86c4311e28 00000000000000d8
0x00007f866b139750:   00007f866b13aa10 4b3454095e467a00
0x00007f866b139760:   00007f86b2ee98f8 00007f86c4312000
0x00007f866b139770:   00007f86c429b040 00007f86c429b058
0x00007f866b139780:   00007f86b2ee98f8 00007f86c4312000
0x00007f866b139790:   00007f866b1397a0 00007f8672441dd7 

Instructions: (pc=0x00007f86b5020ed2)
0x00007f86b5020eb2:   fd ca 86 7f 00 00 49 8b 14 d2 52 41 8b d5 4c 8b
0x00007f86b5020ec2:   6d c8 8b c2 81 e0 00 00 10 00 0f 84 6a 01 00 00
0x00007f86b5020ed2:   48 3b 01 48 8b 45 e0 48 85 c0 0f 84 12 00 00 00
0x00007f86b5020ee2:   48 83 40 08 01 48 83 58 08 00 48 83 c0 30 48 89 

Register to memory mapping:

RAX=0x0000000000100000 is an unknown value
RBX={method} {0x00007f86b2a85a58} 'replace' '(IILjava/lang/String;)Ljava/lang/StringBuilder;' in 'java/lang/StringBuilder'
RCX=0x0000000054014348 is an unknown value
RDX=0x0000000070500004 is an unknown value
RSP=0x00007f866b1395a0 is pointing into the stack for thread: 0x00007f86c4312000
RBP=0x00007f866b139608 is pointing into the stack for thread: 0x00007f86c4312000
RSI=0x00007f86b5010940 is at code_begin+0 in an Interpreter codelet
method entry point (kind = zerolocals)  [0x00007f86b5010940, 0x00007f86b5010dc0]  1152 bytes
RDI=0x00007f866b1396e0 is pointing into the stack for thread: 0x00007f86c4312000
R8 =0x00007f86b5010940 is at code_begin+0 in an Interpreter codelet
method entry point (kind = zerolocals)  [0x00007f86b5010940, 0x00007f86b5010dc0]  1152 bytes
R9 =0x00007f866b139888 is pointing into the stack for thread: 0x00007f86c4312000
R10=0x00007f86cafd0440: <offset 0xf5c440> in /usr/lib/jvm/jdk1.8.0_25/jre/lib/amd64/server/libjvm.so at 0x00007f86ca074000
R11=0x0000000000017101 is an unknown value
R12=0x0000000000000000 is an unknown value
R13=0x00007f86b2ee98c5 is pointing into metadata
R14=0x00007f866b139638 is pointing into the stack for thread: 0x00007f86c4312000
R15=0x00007f86c4312000 is a thread


Stack: [0x00007f866b03b000,0x00007f866b13c000],  sp=0x00007f866b1395a0,  free space=1017k
Native frames: (J=compiled Java code, j=interpreted, Vv=VM code, C=native code)
j  com.sun.glass.ui.gtk.GtkView.notifyInputMethodDraw(Ljava/lang/String;III)V+13
v  ~StubRoutines::call_stub
V  [libjvm.so+0x664086]  JavaCalls::call_helper(JavaValue*, methodHandle*, JavaCallArguments*, Thread*)+0x1056
V  [libjvm.so+0x6aa05b]  jni_invoke_nonstatic(JNIEnv_*, JavaValue*, _jobject*, JNICallType, _jmethodID*, JNI_ArgumentPusher*, Thread*)+0x41b
V  [libjvm.so+0x6ba06f]  jni_CallVoidMethodV+0x10f
C  [libglass.so+0x145e8]  JNIEnv_::CallVoidMethod(_jobject*, _jmethodID*, ...)+0x98
C  [libglass.so+0x1a93a]  im_preedit_draw(_XIM*, char*, char*)+0x8a
C  [libX11.so.6+0x591d8]
C  0x0000000000000001


---------------  P R O C E S S  ---------------

Java Threads: ( => current thread )
  0x00007f86543b7800 JavaThread "Prism Font Disposer" daemon [_thread_blocked, id=6566, stack(0x00007f8669bff000,0x00007f8669d00000)]
  0x00007f86541e2000 JavaThread "Abandoned connection cleanup thread" daemon [_thread_blocked, id=6565, stack(0x00007f866ac39000,0x00007f866ad3a000)]
  0x00007f86c4316000 JavaThread "JavaFX-Launcher" [_thread_blocked, id=6564, stack(0x00007f866af3a000,0x00007f866b03b000)]
=>0x00007f86c4312000 JavaThread "JavaFX Application Thread" [_thread_in_Java, id=6563, stack(0x00007f866b03b000,0x00007f866b13c000)]
  0x00007f86c430e800 JavaThread "Thread-1" daemon [_thread_blocked, id=6562, stack(0x00007f8690027000,0x00007f8690128000)]
  0x00007f86c4262000 JavaThread "QuantumRenderer-0" daemon [_thread_blocked, id=6559, stack(0x00007f86b04e0000,0x00007f86b05e1000)]
  0x00007f86c417b000 JavaThread "Service Thread" daemon [_thread_blocked, id=6557, stack(0x00007f86b076e000,0x00007f86b086f000)]
  0x00007f86c4178000 JavaThread "C1 CompilerThread2" daemon [_thread_blocked, id=6556, stack(0x00007f86b086f000,0x00007f86b0970000)]
  0x00007f86c4176000 JavaThread "C2 CompilerThread1" daemon [_thread_blocked, id=6555, stack(0x00007f86b0970000,0x00007f86b0a71000)]
  0x00007f86c4173800 JavaThread "C2 CompilerThread0" daemon [_thread_blocked, id=6554, stack(0x00007f86b0a71000,0x00007f86b0b72000)]
  0x00007f86c4171000 JavaThread "Signal Dispatcher" daemon [_thread_blocked, id=6553, stack(0x00007f86b0b72000,0x00007f86b0c73000)]
  0x00007f86c4143800 JavaThread "Finalizer" daemon [_thread_blocked, id=6552, stack(0x00007f86b15b2000,0x00007f86b16b3000)]
  0x00007f86c4141800 JavaThread "Reference Handler" daemon [_thread_blocked, id=6551, stack(0x00007f86b16b3000,0x00007f86b17b4000)]
  0x00007f86c400a000 JavaThread "main" [_thread_blocked, id=6545, stack(0x00007f86cbaf8000,0x00007f86cbbf9000)]

Other Threads:
  0x00007f86c413a000 VMThread [stack: 0x00007f86b17b4000,0x00007f86b18b5000] [id=6550]
  0x00007f86c4182000 WatcherThread [stack: 0x00007f86b066d000,0x00007f86b076e000] [id=6558]

VM state:not at safepoint (normal execution)

VM Mutex/Monitor currently owned by a thread: None

Heap:
 PSYoungGen      total 33280K, used 19747K [0x00000000ec100000, 0x00000000f0200000, 0x0000000100000000)
  eden space 30720K, 64% used [0x00000000ec100000,0x00000000ed448f90,0x00000000edf00000)
  from space 2560K, 0% used [0x00000000ee180000,0x00000000ee180000,0x00000000ee400000)
  to   space 2560K, 0% used [0x00000000edf00000,0x00000000edf00000,0x00000000ee180000)
 ParOldGen       total 30720K, used 7071K [0x00000000c4200000, 0x00000000c6000000, 0x00000000ec100000)
  object space 30720K, 23% used [0x00000000c4200000,0x00000000c48e7c18,0x00000000c6000000)
 Metaspace       used 22196K, capacity 23422K, committed 23552K, reserved 1069056K
  class space    used 3069K, capacity 3286K, committed 3328K, reserved 1048576K

Card table byte_map: [0x00007f86c8734000,0x00007f86c8914000] byte_map_base: 0x00007f86c8113000

Marking Bits: (ParMarkBitMap*) 0x00007f86cafce2c0
 Begin Bits: [0x00007f86b3210000, 0x00007f86b4108000)
 End Bits:   [0x00007f86b4108000, 0x00007f86b5000000)

Polling page: 0x00007f86cbc15000

CodeCache: size=245760Kb used=10971Kb max_used=10971Kb free=234788Kb
 bounds [0x00007f86b5000000, 0x00007f86b5ac0000, 0x00007f86c4000000]
 total_blobs=4403 nmethods=3697 adapters=619
 compilation: enabled

Compilation events (10 events):
Event: 13,778 Thread 0x00007f86c4178000 3706       3       com.sun.javafx.tk.quantum.MasterTimer::recordEnd (7 bytes)
Event: 13,779 Thread 0x00007f86c4178000 nmethod 3706 0x00007f86b5aba190 code [0x00007f86b5aba320, 0x00007f86b5aba588]
Event: 13,779 Thread 0x00007f86c4178000 3707       3       com.sun.scenario.animation.AnimationPulse::recordEnd (81 bytes)
Event: 13,780 Thread 0x00007f86c4178000 nmethod 3707 0x00007f86b5aba690 code [0x00007f86b5aba900, 0x00007f86b5abb4e8]
Event: 13,780 Thread 0x00007f86c4178000 3708       3       com.sun.scenario.animation.AbstractMasterTimer$MainLoop::updateNextPulseTime (170 bytes)
Event: 13,781 Thread 0x00007f86c4178000 nmethod 3708 0x00007f86b5abbb50 code [0x00007f86b5abbd00, 0x00007f86b5abc2e8]
Event: 13,781 Thread 0x00007f86c4178000 3709       3       com.sun.scenario.animation.AbstractMasterTimer::access$300 (4 bytes)
Event: 13,782 Thread 0x00007f86c4178000 nmethod 3709 0x00007f86b5ab0e10 code [0x00007f86b5ab0f60, 0x00007f86b5ab10b0]
Event: 13,782 Thread 0x00007f86c4178000 3710       3       com.sun.scenario.animation.AbstractMasterTimer::access$400 (4 bytes)
Event: 13,782 Thread 0x00007f86c4178000 nmethod 3710 0x00007f86b5abc550 code [0x00007f86b5abc6a0, 0x00007f86b5abc7f0]

GC Heap History (10 events):
Event: 0,648 GC heap before
{Heap before GC invocations=1 (full 0):
 PSYoungGen      total 17920K, used 15360K [0x00000000ec100000, 0x00000000ed500000, 0x0000000100000000)
  eden space 15360K, 100% used [0x00000000ec100000,0x00000000ed000000,0x00000000ed000000)
  from space 2560K, 0% used [0x00000000ed280000,0x00000000ed280000,0x00000000ed500000)
  to   space 2560K, 0% used [0x00000000ed000000,0x00000000ed000000,0x00000000ed280000)
 ParOldGen       total 40960K, used 0K [0x00000000c4200000, 0x00000000c6a00000, 0x00000000ec100000)
  object space 40960K, 0% used [0x00000000c4200000,0x00000000c4200000,0x00000000c6a00000)
 Metaspace       used 9320K, capacity 9662K, committed 9856K, reserved 1058816K
  class space    used 1210K, capacity 1305K, committed 1408K, reserved 1048576K
Event: 0,655 GC heap after
Heap after GC invocations=1 (full 0):
 PSYoungGen      total 17920K, used 2304K [0x00000000ec100000, 0x00000000ee400000, 0x0000000100000000)
  eden space 15360K, 0% used [0x00000000ec100000,0x00000000ec100000,0x00000000ed000000)
  from space 2560K, 90% used [0x00000000ed000000,0x00000000ed240050,0x00000000ed280000)
  to   space 2560K, 0% used [0x00000000ee180000,0x00000000ee180000,0x00000000ee400000)
 ParOldGen       total 40960K, used 0K [0x00000000c4200000, 0x00000000c6a00000, 0x00000000ec100000)
  object space 40960K, 0% used [0x00000000c4200000,0x00000000c4200000,0x00000000c6a00000)
 Metaspace       used 9320K, capacity 9662K, committed 9856K, reserved 1058816K
  class space    used 1210K, capacity 1305K, committed 1408K, reserved 1048576K
}
Event: 1,332 GC heap before
{Heap before GC invocations=2 (full 0):
 PSYoungGen      total 17920K, used 17664K [0x00000000ec100000, 0x00000000ee400000, 0x0000000100000000)
  eden space 15360K, 100% used [0x00000000ec100000,0x00000000ed000000,0x00000000ed000000)
  from space 2560K, 90% used [0x00000000ed000000,0x00000000ed240050,0x00000000ed280000)
  to   space 2560K, 0% used [0x00000000ee180000,0x00000000ee180000,0x00000000ee400000)
 ParOldGen       total 40960K, used 0K [0x00000000c4200000, 0x00000000c6a00000, 0x00000000ec100000)
  object space 40960K, 0% used [0x00000000c4200000,0x00000000c4200000,0x00000000c6a00000)
 Metaspace       used 14853K, capacity 15300K, committed 15744K, reserved 1062912K
  class space    used 1944K, capacity 2077K, committed 2176K, reserved 1048576K
Event: 1,342 GC heap after
Heap after GC invocations=2 (full 0):
 PSYoungGen      total 33280K, used 2528K [0x00000000ec100000, 0x00000000ee400000, 0x0000000100000000)
  eden space 30720K, 0% used [0x00000000ec100000,0x00000000ec100000,0x00000000edf00000)
  from space 2560K, 98% used [0x00000000ee180000,0x00000000ee3f8070,0x00000000ee400000)
  to   space 2560K, 0% used [0x00000000edf00000,0x00000000edf00000,0x00000000ee180000)
 ParOldGen       total 40960K, used 2765K [0x00000000c4200000, 0x00000000c6a00000, 0x00000000ec100000)
  object space 40960K, 6% used [0x00000000c4200000,0x00000000c44b34b0,0x00000000c6a00000)
 Metaspace       used 14853K, capacity 15300K, committed 15744K, reserved 1062912K
  class space    used 1944K, capacity 2077K, committed 2176K, reserved 1048576K
}
Event: 7,989 GC heap before
{Heap before GC invocations=3 (full 0):
 PSYoungGen      total 33280K, used 33248K [0x00000000ec100000, 0x00000000ee400000, 0x0000000100000000)
  eden space 30720K, 100% used [0x00000000ec100000,0x00000000edf00000,0x00000000edf00000)
  from space 2560K, 98% used [0x00000000ee180000,0x00000000ee3f8070,0x00000000ee400000)
  to   space 2560K, 0% used [0x00000000edf00000,0x00000000edf00000,0x00000000ee180000)
 ParOldGen       total 40960K, used 2765K [0x00000000c4200000, 0x00000000c6a00000, 0x00000000ec100000)
  object space 40960K, 6% used [0x00000000c4200000,0x00000000c44b34b0,0x00000000c6a00000)
 Metaspace       used 19461K, capacity 20192K, committed 20352K, reserved 1067008K
  class space    used 2724K, capacity 2901K, committed 2944K, reserved 1048576K
Event: 8,000 GC heap after
Heap after GC invocations=3 (full 0):
 PSYoungGen      total 33280K, used 2544K [0x00000000ec100000, 0x00000000ee400000, 0x0000000100000000)
  eden space 30720K, 0% used [0x00000000ec100000,0x00000000ec100000,0x00000000edf00000)
  from space 2560K, 99% used [0x00000000edf00000,0x00000000ee17c088,0x00000000ee180000)
  to   space 2560K, 0% used [0x00000000ee180000,0x00000000ee180000,0x00000000ee400000)
 ParOldGen       total 40960K, used 4838K [0x00000000c4200000, 0x00000000c6a00000, 0x00000000ec100000)
  object space 40960K, 11% used [0x00000000c4200000,0x00000000c46b9b70,0x00000000c6a00000)
 Metaspace       used 19461K, capacity 20192K, committed 20352K, reserved 1067008K
  class space    used 2724K, capacity 2901K, committed 2944K, reserved 1048576K
}
Event: 8,203 GC heap before
{Heap before GC invocations=4 (full 0):
 PSYoungGen      total 33280K, used 10414K [0x00000000ec100000, 0x00000000ee400000, 0x0000000100000000)
  eden space 30720K, 25% used [0x00000000ec100000,0x00000000ec8af848,0x00000000edf00000)
  from space 2560K, 99% used [0x00000000edf00000,0x00000000ee17c088,0x00000000ee180000)
  to   space 2560K, 0% used [0x00000000ee180000,0x00000000ee180000,0x00000000ee400000)
 ParOldGen       total 40960K, used 4838K [0x00000000c4200000, 0x00000000c6a00000, 0x00000000ec100000)
  object space 40960K, 11% used [0x00000000c4200000,0x00000000c46b9b70,0x00000000c6a00000)
 Metaspace       used 20340K, capacity 21270K, committed 21296K, reserved 1067008K
  class space    used 2880K, capacity 3056K, committed 3072K, reserved 1048576K
Event: 8,214 GC heap after
Heap after GC invocations=4 (full 0):
 PSYoungGen      total 33280K, used 2528K [0x00000000ec100000, 0x00000000f0200000, 0x0000000100000000)
  eden space 30720K, 0% used [0x00000000ec100000,0x00000000ec100000,0x00000000edf00000)
  from space 2560K, 98% used [0x00000000ee180000,0x00000000ee3f8078,0x00000000ee400000)
  to   space 2560K, 0% used [0x00000000edf00000,0x00000000edf00000,0x00000000ee180000)
 ParOldGen       total 40960K, used 5562K [0x00000000c4200000, 0x00000000c6a00000, 0x00000000ec100000)
  object space 40960K, 13% used [0x00000000c4200000,0x00000000c476ea88,0x00000000c6a00000)
 Metaspace       used 20340K, capacity 21270K, committed 21296K, reserved 1067008K
  class space    used 2880K, capacity 3056K, committed 3072K, reserved 1048576K
}
Event: 8,214 GC heap before
{Heap before GC invocations=5 (full 1):
 PSYoungGen      total 33280K, used 2528K [0x00000000ec100000, 0x00000000f0200000, 0x0000000100000000)
  eden space 30720K, 0% used [0x00000000ec100000,0x00000000ec100000,0x00000000edf00000)
  from space 2560K, 98% used [0x00000000ee180000,0x00000000ee3f8078,0x00000000ee400000)
  to   space 2560K, 0% used [0x00000000edf00000,0x00000000edf00000,0x00000000ee180000)
 ParOldGen       total 40960K, used 5562K [0x00000000c4200000, 0x00000000c6a00000, 0x00000000ec100000)
  object space 40960K, 13% used [0x00000000c4200000,0x00000000c476ea88,0x00000000c6a00000)
 Metaspace       used 20340K, capacity 21270K, committed 21296K, reserved 1067008K
  class space    used 2880K, capacity 3056K, committed 3072K, reserved 1048576K
Event: 8,277 GC heap after
Heap after GC invocations=5 (full 1):
 PSYoungGen      total 33280K, used 0K [0x00000000ec100000, 0x00000000f0200000, 0x0000000100000000)
  eden space 30720K, 0% used [0x00000000ec100000,0x00000000ec100000,0x00000000edf00000)
  from space 2560K, 0% used [0x00000000ee180000,0x00000000ee180000,0x00000000ee400000)
  to   space 2560K, 0% used [0x00000000edf00000,0x00000000edf00000,0x00000000ee180000)
 ParOldGen       total 30720K, used 7071K [0x00000000c4200000, 0x00000000c6000000, 0x00000000ec100000)
  object space 30720K, 23% used [0x00000000c4200000,0x00000000c48e7c18,0x00000000c6000000)
 Metaspace       used 20339K, capacity 21268K, committed 21296K, reserved 1067008K
  class space    used 2879K, capacity 3055K, committed 3072K, reserved 1048576K
}

Deoptimization events (10 events):
Event: 7,925 Thread 0x00007f86c4312000 Uncommon trap: reason=unreached action=reinterpret pc=0x00007f86b527d164 method=sun.util.calendar.ZoneInfo.getOffsets(J[II)I @ 112
Event: 8,150 Thread 0x00007f86c4312000 Uncommon trap: reason=array_check action=maybe_recompile pc=0x00007f86b574df98 method=com.sun.javafx.css.SimpleSelector.applies(Ljavafx/css/Styleable;[Ljava/util/Set;I)Z @ 37
Event: 8,150 Thread 0x00007f86c4312000 Uncommon trap: reason=array_check action=maybe_recompile pc=0x00007f86b574df98 method=com.sun.javafx.css.SimpleSelector.applies(Ljavafx/css/Styleable;[Ljava/util/Set;I)Z @ 37
Event: 8,150 Thread 0x00007f86c4312000 Uncommon trap: reason=array_check action=maybe_recompile pc=0x00007f86b574df98 method=com.sun.javafx.css.SimpleSelector.applies(Ljavafx/css/Styleable;[Ljava/util/Set;I)Z @ 37
Event: 8,150 Thread 0x00007f86c4312000 Uncommon trap: reason=array_check action=maybe_recompile pc=0x00007f86b574df98 method=com.sun.javafx.css.SimpleSelector.applies(Ljavafx/css/Styleable;[Ljava/util/Set;I)Z @ 37
Event: 8,656 Thread 0x00007f86c4312000 Uncommon trap: reason=unreached action=reinterpret pc=0x00007f86b568bb1c method=java.lang.Class.privateGetMethodRecursive(Ljava/lang/String;[Ljava/lang/Class;ZLjava/lang/Class$MethodArray;)Ljava/lang/reflect/Method; @ 63
Event: 8,656 Thread 0x00007f86c4312000 Uncommon trap: reason=unreached action=reinterpret pc=0x00007f86b56b9ad8 method=java.lang.Class.privateGetMethodRecursive(Ljava/lang/String;[Ljava/lang/Class;ZLjava/lang/Class$MethodArray;)Ljava/lang/reflect/Method; @ 63
Event: 8,754 Thread 0x00007f86c4312000 Uncommon trap: reason=array_check action=maybe_recompile pc=0x00007f86b58de594 method=com.sun.javafx.css.SimpleSelector.applies(Ljavafx/css/Styleable;[Ljava/util/Set;I)Z @ 37
Event: 11,338 Thread 0x00007f86c4312000 Uncommon trap: reason=class_check action=maybe_recompile pc=0x00007f86b59dcb10 method=javafx.scene.Node.updateLocalToParentTransform()V @ 11
Event: 11,996 Thread 0x00007f86c4312000 Uncommon trap: reason=unreached action=reinterpret pc=0x00007f86b5a79d60 method=javafx.scene.CssStyleHelper.transitionToState(Ljavafx/scene/Node;)V @ 544

Internal exceptions (10 events):
Event: 8,022 Thread 0x00007f86c4312000 Exception <a 'java/security/PrivilegedActionException'> (0x00000000ec3c9668) thrown at [/HUDSON/workspace/8-2-build-linux-amd64/jdk8u25/1514/hotspot/src/share/vm/prims/jvm.cpp, line 1312]
Event: 8,022 Thread 0x00007f86c4312000 Exception <a 'java/security/PrivilegedActionException'> (0x00000000ec3ca2b0) thrown at [/HUDSON/workspace/8-2-build-linux-amd64/jdk8u25/1514/hotspot/src/share/vm/prims/jvm.cpp, line 1312]
Event: 8,022 Thread 0x00007f86c4312000 Exception <a 'java/security/PrivilegedActionException'> (0x00000000ec3caf70) thrown at [/HUDSON/workspace/8-2-build-linux-amd64/jdk8u25/1514/hotspot/src/share/vm/prims/jvm.cpp, line 1312]
Event: 8,022 Thread 0x00007f86c4312000 Exception <a 'java/security/PrivilegedActionException'> (0x00000000ec3e6b98) thrown at [/HUDSON/workspace/8-2-build-linux-amd64/jdk8u25/1514/hotspot/src/share/vm/prims/jvm.cpp, line 1312]
Event: 8,022 Thread 0x00007f86c4312000 Exception <a 'java/security/PrivilegedActionException'> (0x00000000ec3e7880) thrown at [/HUDSON/workspace/8-2-build-linux-amd64/jdk8u25/1514/hotspot/src/share/vm/prims/jvm.cpp, line 1312]
Event: 8,841 Thread 0x00007f86c4312000 Exception <a 'java/security/PrivilegedActionException'> (0x00000000ecfaca38) thrown at [/HUDSON/workspace/8-2-build-linux-amd64/jdk8u25/1514/hotspot/src/share/vm/prims/jvm.cpp, line 1312]
Event: 11,985 Thread 0x00007f86c4312000 Exception <a 'java/security/PrivilegedActionException'> (0x00000000ed371ad0) thrown at [/HUDSON/workspace/8-2-build-linux-amd64/jdk8u25/1514/hotspot/src/share/vm/prims/jvm.cpp, line 1312]
Event: 11,985 Thread 0x00007f86c4312000 Exception <a 'java/security/PrivilegedActionException'> (0x00000000ed3725b8) thrown at [/HUDSON/workspace/8-2-build-linux-amd64/jdk8u25/1514/hotspot/src/share/vm/prims/jvm.cpp, line 1312]
Event: 11,986 Thread 0x00007f86c4312000 Exception <a 'java/security/PrivilegedActionException'> (0x00000000ed374270) thrown at [/HUDSON/workspace/8-2-build-linux-amd64/jdk8u25/1514/hotspot/src/share/vm/prims/jvm.cpp, line 1312]
Event: 11,986 Thread 0x00007f86c4312000 Exception <a 'java/security/PrivilegedActionException'> (0x00000000ed374da8) thrown at [/HUDSON/workspace/8-2-build-linux-amd64/jdk8u25/1514/hotspot/src/share/vm/prims/jvm.cpp, line 1312]

Events (10 events):
Event: 11,988 loading class java/text/StringCharacterIterator done
Event: 11,991 Executing VM operation: ForceSafepoint
Event: 11,993 Executing VM operation: ForceSafepoint done
Event: 11,996 Thread 0x00007f86c4312000 Uncommon trap: trap_request=0xffffffad fr.pc=0x00007f86b5a79d60
Event: 11,996 Thread 0x00007f86c4312000 DEOPT PACKING pc=0x00007f86b5a79d60 sp=0x00007f866b138b30
Event: 11,996 Thread 0x00007f86c4312000 DEOPT UNPACKING pc=0x00007f86b5004f69 sp=0x00007f866b138af0 mode 2
Event: 11,998 loading class com/sun/javafx/geom/DirtyRegionPool$PoolItem
Event: 11,998 loading class com/sun/javafx/geom/DirtyRegionPool$PoolItem done
Event: 13,590 loading class com/sun/javafx/scene/KeyboardShortcutsHandler$1
Event: 13,590 loading class com/sun/javafx/scene/KeyboardShortcutsHandler$1 done


Dynamic libraries:
00400000-00401000 r-xp 00000000 08:07 267404                             /usr/lib/jvm/jdk1.8.0_25/jre/bin/java
00600000-00601000 rw-p 00000000 08:07 267404                             /usr/lib/jvm/jdk1.8.0_25/jre/bin/java
0111e000-0113f000 rw-p 00000000 00:00 0                                  [heap]
c4200000-c6000000 rw-p 00000000 00:00 0 
c6000000-ec100000 ---p 00000000 00:00 0 
ec100000-f0200000 rw-p 00000000 00:00 0 
f0200000-100000000 ---p 00000000 00:00 0 
100000000-100340000 rw-p 00000000 00:00 0 
100340000-140000000 ---p 00000000 00:00 0 
7f864c000000-7f864c021000 rw-p 00000000 00:00 0 
7f864c021000-7f8650000000 ---p 00000000 00:00 0 
7f8650000000-7f8650021000 rw-p 00000000 00:00 0 
7f8650021000-7f8654000000 ---p 00000000 00:00 0 
7f8654000000-7f865492d000 rw-p 00000000 00:00 0 
7f865492d000-7f8658000000 ---p 00000000 00:00 0 
7f8658000000-7f8658021000 rw-p 00000000 00:00 0 
7f8658021000-7f865c000000 ---p 00000000 00:00 0 
7f865c000000-7f865c022000 rw-p 00000000 00:00 0 
7f865c022000-7f8660000000 ---p 00000000 00:00 0 
7f8660000000-7f8660021000 rw-p 00000000 00:00 0 
7f8660021000-7f8664000000 ---p 00000000 00:00 0 
7f8664000000-7f8664021000 rw-p 00000000 00:00 0 
7f8664021000-7f8668000000 ---p 00000000 00:00 0 
7f86692dd000-7f86692e5000 rw-s 00000000 00:04 61066                      /drm mm object (deleted)
7f86692ec000-7f86692ed000 rw-s 00000000 00:04 60303                      /drm mm object (deleted)
7f86692ed000-7f8669397000 r--p 00000000 08:07 1968774                    /usr/share/fonts/truetype/dejavu/DejaVuSans-Bold.ttf
7f8669397000-7f8669557000 rw-p 00000000 00:00 0 
7f8669557000-7f8669597000 ---p 00000000 00:00 0 
7f8669597000-7f8669797000 rw-p 00000000 00:00 0 
7f8669797000-7f866979f000 rw-s 00000000 00:04 60284                      /drm mm object (deleted)
7f866979f000-7f86697a6000 r--s 00000000 08:07 1312917                    /usr/lib/x86_64-linux-gnu/gconv/gconv-modules.cache
7f86697a7000-7f86697aa000 rw-p 00000000 00:00 0 
7f86697aa000-7f866980a000 rw-s 1024c2000 00:05 460                       /dev/dri/card0
7f866980a000-7f8669818000 rw-s 1024a3000 00:05 460                       /dev/dri/card0
7f8669818000-7f866981a000 rw-s 00000000 00:04 62270                      /drm mm object (deleted)
7f866981a000-7f866981c000 rw-s 00000000 00:04 62269                      /drm mm object (deleted)
7f866981c000-7f86699dc000 rw-s 00000000 00:04 60244                      /drm mm object (deleted)
7f86699dc000-7f86699dd000 rw-s 00000000 00:04 62267                      /drm mm object (deleted)
7f86699dd000-7f86699de000 rw-s 00000000 00:04 60302                      /drm mm object (deleted)
7f86699de000-7f86699ea000 rw-s 00000000 00:04 62214                      /drm mm object (deleted)
7f86699ea000-7f86699eb000 rw-s 00000000 00:04 62266                      /drm mm object (deleted)
7f86699eb000-7f86699ec000 rw-s 00000000 00:04 60242                      /drm mm object (deleted)
7f86699ec000-7f86699ff000 r--s 00344000 08:07 2495517                    /usr/lib/jvm/jdk1.8.0_25/jre/lib/resources.jar
7f86699ff000-7f8669bff000 rw-p 00000000 00:00 0 
7f8669bff000-7f8669c02000 ---p 00000000 00:00 0 
7f8669c02000-7f8669d00000 rw-p 00000000 00:00 0                          [stack:6566]
7f8669d00000-7f8669db6000 r--p 00000000 08:07 1968775                    /usr/share/fonts/truetype/dejavu/DejaVuSans.ttf
7f8669db6000-7f8669e0b000 r--p 00000000 08:07 133747                     /usr/lib/jvm/jdk1.8.0_25/jre/lib/fonts/LucidaBrightRegular.ttf
7f8669e0b000-7f8669e1e000 r--p 00000000 08:07 133751                     /usr/lib/jvm/jdk1.8.0_25/jre/lib/fonts/LucidaBrightDemiBold.ttf
7f8669e1e000-7f8669e32000 r--p 00000000 08:07 133746                     /usr/lib/jvm/jdk1.8.0_25/jre/lib/fonts/LucidaBrightItalic.ttf
7f8669e32000-7f8669e6e000 r--p 00000000 08:07 133745                     /usr/lib/jvm/jdk1.8.0_25/jre/lib/fonts/LucidaTypewriterRegular.ttf
7f8669e6e000-7f8669f19000 r--p 00000000 08:07 133749                     /usr/lib/jvm/jdk1.8.0_25/jre/lib/fonts/LucidaSansRegular.ttf
7f8669f19000-7f8669f53000 r--p 00000000 08:07 133748                     /usr/lib/jvm/jdk1.8.0_25/jre/lib/fonts/LucidaTypewriterBold.ttf
7f8669f53000-7f8669fa1000 r--p 00000000 08:07 133752                     /usr/lib/jvm/jdk1.8.0_25/jre/lib/fonts/LucidaSansDemiBold.ttf
7f8669fa1000-7f8669fb4000 r--p 00000000 08:07 133750                     /usr/lib/jvm/jdk1.8.0_25/jre/lib/fonts/LucidaBrightDemiItalic.ttf
7f8669fb4000-7f8669fb8000 r-xp 00000000 08:07 2495494                    /usr/lib/jvm/jdk1.8.0_25/jre/lib/amd64/libjavafx_font_pango.so
7f8669fb8000-7f866a1b7000 ---p 00004000 08:07 2495494                    /usr/lib/jvm/jdk1.8.0_25/jre/lib/amd64/libjavafx_font_pango.so
7f866a1b7000-7f866a1b8000 r--p 00003000 08:07 2495494                    /usr/lib/jvm/jdk1.8.0_25/jre/lib/amd64/libjavafx_font_pango.so
7f866a1b8000-7f866a1b9000 rw-p 00004000 08:07 2495494                    /usr/lib/jvm/jdk1.8.0_25/jre/lib/amd64/libjavafx_font_pango.so
7f866a1b9000-7f866a1be000 r--s 00084000 08:07 2495507                    /usr/lib/jvm/jdk1.8.0_25/jre/lib/jfr.jar
7f866a1be000-7f866a3be000 rw-p 00000000 00:00 0 
7f866a3be000-7f866a3bf000 r--s 00000000 08:07 1187986                    /var/cache/fontconfig/c05880de57d1f5e948fdfacc138775d9-le64.cache-4
7f866a3bf000-7f866a3ca000 r--s 00000000 08:07 1187980                    /var/cache/fontconfig/945677eb7aeaf62f1d50efc3fb3ec7d8-le64.cache-4
7f866a3ca000-7f866a3d0000 r--s 00000000 08:07 1187966                    /var/cache/fontconfig/2cd17615ca594fa2959ae173292e504c-le64.cache-4
7f866a3d0000-7f866a3d1000 r--s 00000000 08:07 1187996                    /var/cache/fontconfig/e7071f4a29fa870f4323321c154eba04-le64.cache-4
7f866a3d1000-7f866a3d2000 r--s 00000000 08:07 1187963                    /var/cache/fontconfig/0d8c3b2ac0904cb8a57a757ad11a4a08-le64.cache-4
7f866a3d2000-7f866a3d9000 r--s 00000000 08:07 1187983                    /var/cache/fontconfig/a755afe4a08bf5b97852ceb7400b47bc-le64.cache-4
7f866a3d9000-7f866a3ed000 r--s 00000000 08:07 1187961                    /var/cache/fontconfig/04aabc0a78ac019cf9454389977116d2-le64.cache-4
7f866a3ed000-7f866a3f2000 r--s 00000000 08:07 1190938                    /var/cache/fontconfig/eb48934c523a49add3824bfad8846c40-le64.cache-4
7f866a3f2000-7f866a3f7000 r--s 00000000 08:07 1190937                    /var/cache/fontconfig/385c0604a188198f04d133e54aba7fe7-le64.cache-4
7f866a3f7000-7f866a3f9000 r--s 00000000 08:07 1187977                    /var/cache/fontconfig/767a8244fc0220cfb567a839d0392e0b-le64.cache-4
7f866a3f9000-7f866a3fe000 r--s 00000000 08:07 1187979                    /var/cache/fontconfig/8801497958630a81b71ace7c5f9b32a8-le64.cache-4
7f866a3fe000-7f866a405000 r--s 00000000 08:07 1187967                    /var/cache/fontconfig/3047814df9a2f067bd2d96a2b9c36e5a-le64.cache-4
7f866a405000-7f866a418000 r--s 00000000 08:07 1187990                    /var/cache/fontconfig/d52a8644073d54c13679302ca1180695-le64.cache-4
7f866a418000-7f866a41d000 r-xp 00000000 08:07 2495444                    /usr/lib/jvm/jdk1.8.0_25/jre/lib/amd64/libjavafx_font_freetype.so
7f866a41d000-7f866a61c000 ---p 00005000 08:07 2495444                    /usr/lib/jvm/jdk1.8.0_25/jre/lib/amd64/libjavafx_font_freetype.so
7f866a61c000-7f866a61d000 r--p 00004000 08:07 2495444                    /usr/lib/jvm/jdk1.8.0_25/jre/lib/amd64/libjavafx_font_freetype.so
7f866a61d000-7f866a61e000 rw-p 00005000 08:07 2495444                    /usr/lib/jvm/jdk1.8.0_25/jre/lib/amd64/libjavafx_font_freetype.so
7f866a61e000-7f866a621000 r-xp 00000000 08:07 2495448                    /usr/lib/jvm/jdk1.8.0_25/jre/lib/amd64/libjavafx_font.so
7f866a621000-7f866a820000 ---p 00003000 08:07 2495448                    /usr/lib/jvm/jdk1.8.0_25/jre/lib/amd64/libjavafx_font.so
7f866a820000-7f866a821000 r--p 00002000 08:07 2495448                    /usr/lib/jvm/jdk1.8.0_25/jre/lib/amd64/libjavafx_font.so
7f866a821000-7f866a822000 rw-p 00003000 08:07 2495448                    /usr/lib/jvm/jdk1.8.0_25/jre/lib/amd64/libjavafx_font.so
7f866a822000-7f866a838000 r-xp 00000000 08:07 2495477                    /usr/lib/jvm/jdk1.8.0_25/jre/lib/amd64/libnet.so
7f866a838000-7f866aa38000 ---p 00016000 08:07 2495477                    /usr/lib/jvm/jdk1.8.0_25/jre/lib/amd64/libnet.so
7f866aa38000-7f866aa39000 rw-p 00016000 08:07 2495477                    /usr/lib/jvm/jdk1.8.0_25/jre/lib/amd64/libnet.so
7f866aa39000-7f866ac39000 rw-p 00000000 00:00 0 
7f866ac39000-7f866ac3c000 ---p 00000000 00:00 0 
7f866ac3c000-7f866af3a000 rw-p 00000000 00:00 0                          [stack:6565]
7f866af3a000-7f866af3d000 ---p 00000000 00:00 0 
7f866af3d000-7f866b03b000 rw-p 00000000 00:00 0                          [stack:6564]
7f866b03b000-7f866b03e000 ---p 00000000 00:00 0 
7f866b03e000-7f866b13c000 rw-p 00000000 00:00 0                          [stack:6563]
7f866b13c000-7f866b13d000 ---p 00000000 00:00 0 
7f866b13d000-7f866b93d000 rw-p 00000000 00:00 0                          [stack:6561]
7f866b93d000-7f866b93e000 ---p 00000000 00:00 0 
7f866b93e000-7f866c13e000 rw-p 00000000 00:00 0                          [stack:6560]
7f866c13e000-7f866c149000 r-xp 00000000 08:07 1313010                    /usr/lib/x86_64-linux-gnu/gio/modules/libdconfsettings.so
7f866c149000-7f866c349000 ---p 0000b000 08:07 1313010                    /usr/lib/x86_64-linux-gnu/gio/modules/libdconfsettings.so
7f866c349000-7f866c34a000 r--p 0000b000 08:07 1313010                    /usr/lib/x86_64-linux-gnu/gio/modules/libdconfsettings.so
7f866c34a000-7f866c34b000 rw-p 0000c000 08:07 1313010                    /usr/lib/x86_64-linux-gnu/gio/modules/libdconfsettings.so
7f866c34b000-7f866c364000 r-xp 00000000 08:07 1313014                    /usr/lib/x86_64-linux-gnu/gio/modules/libgioremote-volume-monitor.so
7f866c364000-7f866c564000 ---p 00019000 08:07 1313014                    /usr/lib/x86_64-linux-gnu/gio/modules/libgioremote-volume-monitor.so
7f866c564000-7f866c567000 r--p 00019000 08:07 1313014                    /usr/lib/x86_64-linux-gnu/gio/modules/libgioremote-volume-monitor.so
7f866c567000-7f866c568000 rw-p 0001c000 08:07 1313014                    /usr/lib/x86_64-linux-gnu/gio/modules/libgioremote-volume-monitor.so
7f866c568000-7f866c59c000 r-xp 00000000 08:07 1313315                    /usr/lib/x86_64-linux-gnu/gvfs/libgvfscommon.so
7f866c59c000-7f866c79c000 ---p 00034000 08:07 1313315                    /usr/lib/x86_64-linux-gnu/gvfs/libgvfscommon.so
7f866c79c000-7f866c7a1000 r--p 00034000 08:07 1313315                    /usr/lib/x86_64-linux-gnu/gvfs/libgvfscommon.so
7f866c7a1000-7f866c7a2000 rw-p 00039000 08:07 1313315                    /usr/lib/x86_64-linux-gnu/gvfs/libgvfscommon.so
7f866c7a2000-7f866c7d1000 r-xp 00000000 08:07 1313015                    /usr/lib/x86_64-linux-gnu/gio/modules/libgvfsdbus.so
7f866c7d1000-7f866c9d1000 ---p 0002f000 08:07 1313015                    /usr/lib/x86_64-linux-gnu/gio/modules/libgvfsdbus.so
7f866c9d1000-7f866c9d2000 r--p 0002f000 08:07 1313015                    /usr/lib/x86_64-linux-gnu/gio/modules/libgvfsdbus.so
7f866c9d2000-7f866c9d3000 rw-p 00030000 08:07 1313015                    /usr/lib/x86_64-linux-gnu/gio/modules/libgvfsdbus.so
7f866c9d3000-7f866c9d4000 rw-p 00000000 00:00 0 
7f866c9d4000-7f866c9db000 r-xp 00000000 08:07 1058871                    /usr/lib/x86_64-linux-gnu/libogg.so.0.8.1
7f866c9db000-7f866cbdb000 ---p 00007000 08:07 1058871                    /usr/lib/x86_64-linux-gnu/libogg.so.0.8.1
7f866cbdb000-7f866cbdc000 r--p 00007000 08:07 1058871                    /usr/lib/x86_64-linux-gnu/libogg.so.0.8.1
7f866cbdc000-7f866cbdd000 rw-p 00008000 08:07 1058871                    /usr/lib/x86_64-linux-gnu/libogg.so.0.8.1
7f866cbdd000-7f866cc09000 r-xp 00000000 08:07 1059149                    /usr/lib/x86_64-linux-gnu/libvorbis.so.0.4.5
7f866cc09000-7f866ce08000 ---p 0002c000 08:07 1059149                    /usr/lib/x86_64-linux-gnu/libvorbis.so.0.4.5
7f866ce08000-7f866ce09000 r--p 0002b000 08:07 1059149                    /usr/lib/x86_64-linux-gnu/libvorbis.so.0.4.5
7f866ce09000-7f866ce0a000 rw-p 0002c000 08:07 1059149                    /usr/lib/x86_64-linux-gnu/libvorbis.so.0.4.5
7f866ce0a000-7f866ce13000 r-xp 00000000 08:07 1058777                    /usr/lib/x86_64-linux-gnu/libltdl.so.7.3.0
7f866ce13000-7f866d012000 ---p 00009000 08:07 1058777                    /usr/lib/x86_64-linux-gnu/libltdl.so.7.3.0
7f866d012000-7f866d013000 r--p 00008000 08:07 1058777                    /usr/lib/x86_64-linux-gnu/libltdl.so.7.3.0
7f866d013000-7f866d014000 rw-p 00009000 08:07 1058777                    /usr/lib/x86_64-linux-gnu/libltdl.so.7.3.0
7f866d014000-7f866d025000 r-xp 00000000 08:07 1059068                    /usr/lib/x86_64-linux-gnu/libtdb.so.1.2.12
7f866d025000-7f866d224000 ---p 00011000 08:07 1059068                    /usr/lib/x86_64-linux-gnu/libtdb.so.1.2.12
7f866d224000-7f866d225000 r--p 00010000 08:07 1059068                    /usr/lib/x86_64-linux-gnu/libtdb.so.1.2.12
7f866d225000-7f866d226000 rw-p 00011000 08:07 1059068                    /usr/lib/x86_64-linux-gnu/libtdb.so.1.2.12
7f866d226000-7f866d22d000 r-xp 00000000 08:07 1059153                    /usr/lib/x86_64-linux-gnu/libvorbisfile.so.3.3.4
7f866d22d000-7f866d42c000 ---p 00007000 08:07 1059153                    /usr/lib/x86_64-linux-gnu/libvorbisfile.so.3.3.4
7f866d42c000-7f866d42d000 r--p 00006000 08:07 1059153                    /usr/lib/x86_64-linux-gnu/libvorbisfile.so.3.3.4
7f866d42d000-7f866d42e000 rw-p 00007000 08:07 1059153                    /usr/lib/x86_64-linux-gnu/libvorbisfile.so.3.3.4
7f866d42e000-7f866d43d000 r-xp 00000000 08:07 1058291                    /usr/lib/x86_64-linux-gnu/libcanberra.so.0.2.5
7f866d43d000-7f866d63c000 ---p 0000f000 08:07 1058291                    /usr/lib/x86_64-linux-gnu/libcanberra.so.0.2.5
7f866d63c000-7f866d63d000 r--p 0000e000 08:07 1058291                    /usr/lib/x86_64-linux-gnu/libcanberra.so.0.2.5
7f866d63d000-7f866d63e000 rw-p 0000f000 08:07 1058291                    /usr/lib/x86_64-linux-gnu/libcanberra.so.0.2.5
7f866d63e000-7f866d642000 r-xp 00000000 08:07 1058287                    /usr/lib/x86_64-linux-gnu/libcanberra-gtk.so.0.1.9
7f866d642000-7f866d841000 ---p 00004000 08:07 1058287                    /usr/lib/x86_64-linux-gnu/libcanberra-gtk.so.0.1.9
7f866d841000-7f866d842000 r--p 00003000 08:07 1058287                    /usr/lib/x86_64-linux-gnu/libcanberra-gtk.so.0.1.9
7f866d842000-7f866d843000 rw-p 00004000 08:07 1058287                    /usr/lib/x86_64-linux-gnu/libcanberra-gtk.so.0.1.9
7f866d843000-7f866d848000 r-xp 00000000 08:07 1313265                    /usr/lib/x86_64-linux-gnu/gtk-2.0/modules/libcanberra-gtk-module.so
7f866d848000-7f866da47000 ---p 00005000 08:07 1313265                    /usr/lib/x86_64-linux-gnu/gtk-2.0/modules/libcanberra-gtk-module.so
7f866da47000-7f866da48000 r--p 00004000 08:07 1313265                    /usr/lib/x86_64-linux-gnu/gtk-2.0/modules/libcanberra-gtk-module.so
7f866da48000-7f866da49000 rw-p 00005000 08:07 1313265                    /usr/lib/x86_64-linux-gnu/gtk-2.0/modules/libcanberra-gtk-module.so
7f866da49000-7f866da78000 r-xp 00000000 08:07 1313247                    /usr/lib/x86_64-linux-gnu/gtk-2.0/2.10.0/engines/libmurrine.so
7f866da78000-7f866dc78000 ---p 0002f000 08:07 1313247                    /usr/lib/x86_64-linux-gnu/gtk-2.0/2.10.0/engines/libmurrine.so
7f866dc78000-7f866dc79000 r--p 0002f000 08:07 1313247                    /usr/lib/x86_64-linux-gnu/gtk-2.0/2.10.0/engines/libmurrine.so
7f866dc79000-7f866dc7a000 rw-p 00030000 08:07 1313247                    /usr/lib/x86_64-linux-gnu/gtk-2.0/2.10.0/engines/libmurrine.so
7f866dc7a000-7f866dc8a000 r-xp 00000000 08:07 1059117                    /usr/lib/x86_64-linux-gnu/libunity-gtk2-parser.so.0.0.0
7f866dc8a000-7f866de89000 ---p 00010000 08:07 1059117                    /usr/lib/x86_64-linux-gnu/libunity-gtk2-parser.so.0.0.0
7f866de89000-7f866de8a000 r--p 0000f000 08:07 1059117                    /usr/lib/x86_64-linux-gnu/libunity-gtk2-parser.so.0.0.0
7f866de8a000-7f866de8b000 rw-p 00010000 08:07 1059117                    /usr/lib/x86_64-linux-gnu/libunity-gtk2-parser.so.0.0.0
7f866de8b000-7f866de90000 r-xp 00000000 08:07 1313269                    /usr/lib/x86_64-linux-gnu/gtk-2.0/modules/libunity-gtk-module.so
7f866de90000-7f866e08f000 ---p 00005000 08:07 1313269                    /usr/lib/x86_64-linux-gnu/gtk-2.0/modules/libunity-gtk-module.so
7f866e08f000-7f866e090000 r--p 00004000 08:07 1313269                    /usr/lib/x86_64-linux-gnu/gtk-2.0/modules/libunity-gtk-module.so
7f866e090000-7f866e091000 rw-p 00005000 08:07 1313269                    /usr/lib/x86_64-linux-gnu/gtk-2.0/modules/libunity-gtk-module.so
7f866e091000-7f866e0a2000 r-xp 00000000 08:07 1313268                    /usr/lib/x86_64-linux-gnu/gtk-2.0/modules/liboverlay-scrollbar.so
7f866e0a2000-7f866e2a1000 ---p 00011000 08:07 1313268                    /usr/lib/x86_64-linux-gnu/gtk-2.0/modules/liboverlay-scrollbar.so
7f866e2a1000-7f866e2a2000 r--p 00010000 08:07 1313268                    /usr/lib/x86_64-linux-gnu/gtk-2.0/modules/liboverlay-scrollbar.so
7f866e2a2000-7f866e2a3000 rw-p 00011000 08:07 1313268                    /usr/lib/x86_64-linux-gnu/gtk-2.0/modules/liboverlay-scrollbar.so
7f866e2a3000-7f866e2cd000 r-xp 00000000 08:07 2495453                    /usr/lib/jvm/jdk1.8.0_25/jre/lib/amd64/libglass.so
7f866e2cd000-7f866e4cd000 ---p 0002a000 08:07 2495453                    /usr/lib/jvm/jdk1.8.0_25/jre/lib/amd64/libglass.so
7f866e4cd000-7f866e4cf000 r--p 0002a000 08:07 2495453                    /usr/lib/jvm/jdk1.8.0_25/jre/lib/amd64/libglass.so
7f866e4cf000-7f866e4d0000 rw-p 0002c000 08:07 2495453                    /usr/lib/jvm/jdk1.8.0_25/jre/lib/amd64/libglass.so
7f866e4d0000-7f866e4d1000 rw-p 00000000 00:00 0 
7f866e4d1000-7f866e508000 r-xp 00000000 08:07 1059100                    /usr/lib/x86_64-linux-gnu/libtxc_dxtn_s2tc.so.0.0.0
7f866e508000-7f866e707000 ---p 00037000 08:07 1059100                    /usr/lib/x86_64-linux-gnu/libtxc_dxtn_s2tc.so.0.0.0
7f866e707000-7f866e708000 r--p 00036000 08:07 1059100                    /usr/lib/x86_64-linux-gnu/libtxc_dxtn_s2tc.so.0.0.0
7f866e708000-7f866e709000 rw-p 00037000 08:07 1059100                    /usr/lib/x86_64-linux-gnu/libtxc_dxtn_s2tc.so.0.0.0
7f866e709000-7f866e711000 r-xp 00000000 08:07 1058903                    /usr/lib/x86_64-linux-gnu/libpciaccess.so.0.11.1
7f866e711000-7f866e910000 ---p 00008000 08:07 1058903                    /usr/lib/x86_64-linux-gnu/libpciaccess.so.0.11.1
7f866e910000-7f866e911000 r--p 00007000 08:07 1058903                    /usr/lib/x86_64-linux-gnu/libpciaccess.so.0.11.1
7f866e911000-7f866e912000 rw-p 00008000 08:07 1058903                    /usr/lib/x86_64-linux-gnu/libpciaccess.so.0.11.1
7f866e912000-7f866e91e000 r-xp 00000000 08:07 1058400                    /usr/lib/x86_64-linux-gnu/libdrm_radeon.so.1.0.1
7f866e91e000-7f866eb1d000 ---p 0000c000 08:07 1058400                    /usr/lib/x86_64-linux-gnu/libdrm_radeon.so.1.0.1
7f866eb1d000-7f866eb1e000 r--p 0000b000 08:07 1058400                    /usr/lib/x86_64-linux-gnu/libdrm_radeon.so.1.0.1
7f866eb1e000-7f866eb1f000 rw-p 0000c000 08:07 1058400                    /usr/lib/x86_64-linux-gnu/libdrm_radeon.so.1.0.1
7f866eb1f000-7f866eb24000 r-xp 00000000 08:07 1058398                    /usr/lib/x86_64-linux-gnu/libdrm_nouveau.so.2.0.0
7f866eb24000-7f866ed23000 ---p 00005000 08:07 1058398                    /usr/lib/x86_64-linux-gnu/libdrm_nouveau.so.2.0.0
7f866ed23000-7f866ed24000 r--p 00004000 08:07 1058398                    /usr/lib/x86_64-linux-gnu/libdrm_nouveau.so.2.0.0
7f866ed24000-7f866ed25000 rw-p 00005000 08:07 1058398                    /usr/lib/x86_64-linux-gnu/libdrm_nouveau.so.2.0.0
7f866ed25000-7f866ed44000 r-xp 00000000 08:07 1058396                    /usr/lib/x86_64-linux-gnu/libdrm_intel.so.1.0.0
7f866ed44000-7f866ef43000 ---p 0001f000 08:07 1058396                    /usr/lib/x86_64-linux-gnu/libdrm_intel.so.1.0.0
7f866ef43000-7f866ef44000 r--p 0001e000 08:07 1058396                    /usr/lib/x86_64-linux-gnu/libdrm_intel.so.1.0.0
7f866ef44000-7f866ef45000 rw-p 0001f000 08:07 1058396                    /usr/lib/x86_64-linux-gnu/libdrm_intel.so.1.0.0
7f866ef45000-7f866f432000 r-xp 00000000 08:07 1312344                    /usr/lib/x86_64-linux-gnu/dri/i965_dri.so
7f866f432000-7f866f632000 ---p 004ed000 08:07 1312344                    /usr/lib/x86_64-linux-gnu/dri/i965_dri.so
7f866f632000-7f866f649000 r--p 004ed000 08:07 1312344                    /usr/lib/x86_64-linux-gnu/dri/i965_dri.so
7f866f649000-7f866f655000 rw-p 00504000 08:07 1312344                    /usr/lib/x86_64-linux-gnu/dri/i965_dri.so
7f866f655000-7f866f6a1000 rw-p 00000000 00:00 0 
7f866f6a1000-7f866f6e5000 r-xp 00000000 08:07 1708082                    /lib/x86_64-linux-gnu/libdbus-1.so.3.7.6
7f866f6e5000-7f866f8e4000 ---p 00044000 08:07 1708082                    /lib/x86_64-linux-gnu/libdbus-1.so.3.7.6
7f866f8e4000-7f866f8e5000 r--p 00043000 08:07 1708082                    /lib/x86_64-linux-gnu/libdbus-1.so.3.7.6
7f866f8e5000-7f866f8e6000 rw-p 00044000 08:07 1708082                    /lib/x86_64-linux-gnu/libdbus-1.so.3.7.6
7f866f8e6000-7f866f8ee000 r-xp 00000000 08:07 1708130                    /lib/x86_64-linux-gnu/libnih-dbus.so.1.0.0
7f866f8ee000-7f866faee000 ---p 00008000 08:07 1708130                    /lib/x86_64-linux-gnu/libnih-dbus.so.1.0.0
7f866faee000-7f866faef000 r--p 00008000 08:07 1708130                    /lib/x86_64-linux-gnu/libnih-dbus.so.1.0.0
7f866faef000-7f866faf0000 rw-p 00009000 08:07 1708130                    /lib/x86_64-linux-gnu/libnih-dbus.so.1.0.0
7f866faf0000-7f866fb07000 r-xp 00000000 08:07 1708132                    /lib/x86_64-linux-gnu/libnih.so.1.0.0
7f866fb07000-7f866fd06000 ---p 00017000 08:07 1708132                    /lib/x86_64-linux-gnu/libnih.so.1.0.0
7f866fd06000-7f866fd07000 r--p 00016000 08:07 1708132                    /lib/x86_64-linux-gnu/libnih.so.1.0.0
7f866fd07000-7f866fd08000 rw-p 00017000 08:07 1708132                    /lib/x86_64-linux-gnu/libnih.so.1.0.0
7f866fd08000-7f866fd20000 r-xp 00000000 08:07 1708073                    /lib/x86_64-linux-gnu/libcgmanager.so.0.0.0
7f866fd20000-7f866ff1f000 ---p 00018000 08:07 1708073                    /lib/x86_64-linux-gnu/libcgmanager.so.0.0.0
7f866ff1f000-7f866ff21000 r--p 00017000 08:07 1708073                    /lib/x86_64-linux-gnu/libcgmanager.so.0.0.0
7f866ff21000-7f866ff22000 rw-p 00019000 08:07 1708073                    /lib/x86_64-linux-gnu/libcgmanager.so.0.0.0
7f866ff22000-7f866ff32000 r-xp 00000000 08:07 1708216                    /lib/x86_64-linux-gnu/libudev.so.1.3.5
7f866ff32000-7f8670131000 ---p 00010000 08:07 1708216                    /lib/x86_64-linux-gnu/libudev.so.1.3.5
7f8670131000-7f8670132000 r--p 0000f000 08:07 1708216                    /lib/x86_64-linux-gnu/libudev.so.1.3.5
7f8670132000-7f8670133000 rw-p 00010000 08:07 1708216                    /lib/x86_64-linux-gnu/libudev.so.1.3.5
7f8670133000-7f8670139000 r-xp 00000000 08:07 1058355                    /usr/lib/x86_64-linux-gnu/libdatrie.so.1.3.1
7f8670139000-7f8670338000 ---p 00006000 08:07 1058355                    /usr/lib/x86_64-linux-gnu/libdatrie.so.1.3.1
7f8670338000-7f8670339000 r--p 00005000 08:07 1058355                    /usr/lib/x86_64-linux-gnu/libdatrie.so.1.3.1
7f8670339000-7f867033a000 rw-p 00006000 08:07 1058355                    /usr/lib/x86_64-linux-gnu/libdatrie.so.1.3.1
7f867033a000-7f867033f000 r-xp 00000000 08:07 1058163                    /usr/lib/x86_64-linux-gnu/libXdmcp.so.6.0.0
7f867033f000-7f867053e000 ---p 00005000 08:07 1058163                    /usr/lib/x86_64-linux-gnu/libXdmcp.so.6.0.0
7f867053e000-7f867053f000 r--p 00004000 08:07 1058163                    /usr/lib/x86_64-linux-gnu/libXdmcp.so.6.0.0
7f867053f000-7f8670540000 rw-p 00005000 08:07 1058163                    /usr/lib/x86_64-linux-gnu/libXdmcp.so.6.0.0
7f8670540000-7f8670542000 r-xp 00000000 08:07 1058152                    /usr/lib/x86_64-linux-gnu/libXau.so.6.0.0
7f8670542000-7f8670742000 ---p 00002000 08:07 1058152                    /usr/lib/x86_64-linux-gnu/libXau.so.6.0.0
7f8670742000-7f8670743000 r--p 00002000 08:07 1058152                    /usr/lib/x86_64-linux-gnu/libXau.so.6.0.0
7f8670743000-7f8670744000 rw-p 00003000 08:07 1058152                    /usr/lib/x86_64-linux-gnu/libXau.so.6.0.0
7f8670744000-7f867075e000 r-xp 00000000 08:07 1058581                    /usr/lib/x86_64-linux-gnu/libgraphite2.so.3.0.1
7f867075e000-7f867095d000 ---p 0001a000 08:07 1058581                    /usr/lib/x86_64-linux-gnu/libgraphite2.so.3.0.1
7f867095d000-7f867095f000 r--p 00019000 08:07 1058581                    /usr/lib/x86_64-linux-gnu/libgraphite2.so.3.0.1
7f867095f000-7f8670960000 rw-p 0001b000 08:07 1058581                    /usr/lib/x86_64-linux-gnu/libgraphite2.so.3.0.1
7f8670960000-7f867096b000 r-xp 00000000 08:07 1058394                    /usr/lib/x86_64-linux-gnu/libdrm.so.2.4.0
7f867096b000-7f8670b6a000 ---p 0000b000 08:07 1058394                    /usr/lib/x86_64-linux-gnu/libdrm.so.2.4.0
7f8670b6a000-7f8670b6b000 r--p 0000a000 08:07 1058394                    /usr/lib/x86_64-linux-gnu/libdrm.so.2.4.0
7f8670b6b000-7f8670b6c000 rw-p 0000b000 08:07 1058394                    /usr/lib/x86_64-linux-gnu/libdrm.so.2.4.0
7f8670b6c000-7f8670b6d000 r-xp 00000000 08:07 1059228                    /usr/lib/x86_64-linux-gnu/libxshmfence.so.1.0.0
7f8670b6d000-7f8670d6c000 ---p 00001000 08:07 1059228                    /usr/lib/x86_64-linux-gnu/libxshmfence.so.1.0.0
7f8670d6c000-7f8670d6d000 r--p 00000000 08:07 1059228                    /usr/lib/x86_64-linux-gnu/libxshmfence.so.1.0.0
7f8670d6d000-7f8670d6e000 rw-p 00001000 08:07 1059228                    /usr/lib/x86_64-linux-gnu/libxshmfence.so.1.0.0
7f8670d6e000-7f8670d73000 r-xp 00000000 08:07 1059212                    /usr/lib/x86_64-linux-gnu/libxcb-sync.so.1.0.0
7f8670d73000-7f8670f72000 ---p 00005000 08:07 1059212                    /usr/lib/x86_64-linux-gnu/libxcb-sync.so.1.0.0
7f8670f72000-7f8670f73000 r--p 00004000 08:07 1059212                    /usr/lib/x86_64-linux-gnu/libxcb-sync.so.1.0.0
7f8670f73000-7f8670f74000 rw-p 00005000 08:07 1059212                    /usr/lib/x86_64-linux-gnu/libxcb-sync.so.1.0.0
7f8670f74000-7f8670f76000 r-xp 00000000 08:07 1059200                    /usr/lib/x86_64-linux-gnu/libxcb-present.so.0.0.0
7f8670f76000-7f8671175000 ---p 00002000 08:07 1059200                    /usr/lib/x86_64-linux-gnu/libxcb-present.so.0.0.0
7f8671175000-7f8671176000 r--p 00001000 08:07 1059200                    /usr/lib/x86_64-linux-gnu/libxcb-present.so.0.0.0
7f8671176000-7f8671177000 rw-p 00002000 08:07 1059200                    /usr/lib/x86_64-linux-gnu/libxcb-present.so.0.0.0
7f8671177000-7f8671179000 r-xp 00000000 08:07 1059192                    /usr/lib/x86_64-linux-gnu/libxcb-dri3.so.0.0.0
7f8671179000-7f8671378000 ---p 00002000 08:07 1059192                    /usr/lib/x86_64-linux-gnu/libxcb-dri3.so.0.0.0
7f8671378000-7f8671379000 r--p 00001000 08:07 1059192                    /usr/lib/x86_64-linux-gnu/libxcb-dri3.so.0.0.0
7f8671379000-7f867137a000 rw-p 00002000 08:07 1059192                    /usr/lib/x86_64-linux-gnu/libxcb-dri3.so.0.0.0
7f867137a000-7f867137d000 r-xp 00000000 08:07 1059190                    /usr/lib/x86_64-linux-gnu/libxcb-dri2.so.0.0.0
7f867137d000-7f867157d000 ---p 00003000 08:07 1059190                    /usr/lib/x86_64-linux-gnu/libxcb-dri2.so.0.0.0
7f867157d000-7f867157e000 r--p 00003000 08:07 1059190                    /usr/lib/x86_64-linux-gnu/libxcb-dri2.so.0.0.0
7f867157e000-7f867157f000 rw-p 00004000 08:07 1059190                    /usr/lib/x86_64-linux-gnu/libxcb-dri2.so.0.0.0
7f867157f000-7f8671594000 r-xp 00000000 08:07 1059194                    /usr/lib/x86_64-linux-gnu/libxcb-glx.so.0.0.0
7f8671594000-7f8671793000 ---p 00015000 08:07 1059194                    /usr/lib/x86_64-linux-gnu/libxcb-glx.so.0.0.0
7f8671793000-7f8671795000 r--p 00014000 08:07 1059194                    /usr/lib/x86_64-linux-gnu/libxcb-glx.so.0.0.0
7f8671795000-7f8671796000 rw-p 00016000 08:07 1059194                    /usr/lib/x86_64-linux-gnu/libxcb-glx.so.0.0.0
7f8671796000-7f8671797000 r-xp 00000000 08:07 1058146                    /usr/lib/x86_64-linux-gnu/libX11-xcb.so.1.0.0
7f8671797000-7f8671996000 ---p 00001000 08:07 1058146                    /usr/lib/x86_64-linux-gnu/libX11-xcb.so.1.0.0
7f8671996000-7f8671997000 r--p 00000000 08:07 1058146                    /usr/lib/x86_64-linux-gnu/libX11-xcb.so.1.0.0
7f8671997000-7f8671998000 rw-p 00001000 08:07 1058146                    /usr/lib/x86_64-linux-gnu/libX11-xcb.so.1.0.0
7f8671998000-7f86719ba000 r-xp 00000000 08:07 1058539                    /usr/lib/x86_64-linux-gnu/libglapi.so.0.0.0
7f86719ba000-7f8671bba000 ---p 00022000 08:07 1058539                    /usr/lib/x86_64-linux-gnu/libglapi.so.0.0.0
7f8671bba000-7f8671bbd000 r--p 00022000 08:07 1058539                    /usr/lib/x86_64-linux-gnu/libglapi.so.0.0.0
7f8671bbd000-7f8671bbe000 rw-p 00025000 08:07 1058539                    /usr/lib/x86_64-linux-gnu/libglapi.so.0.0.0
7f8671bbe000-7f8671bbf000 rw-p 00000000 00:00 0 
7f8671bbf000-7f8671bfc000 r-xp 00000000 08:07 1708171                    /lib/x86_64-linux-gnu/libpcre.so.3.13.1
7f8671bfc000-7f8671dfb000 ---p 0003d000 08:07 1708171                    /lib/x86_64-linux-gnu/libpcre.so.3.13.1
7f8671dfb000-7f8671dfc000 r--p 0003c000 08:07 1708171                    /lib/x86_64-linux-gnu/libpcre.so.3.13.1
7f8671dfc000-7f8671dfd000 rw-p 0003d000 08:07 1708171                    /lib/x86_64-linux-gnu/libpcre.so.3.13.1
7f8671dfd000-7f8671e04000 r-xp 00000000 08:07 1058430                    /usr/lib/x86_64-linux-gnu/libffi.so.6.0.1
7f8671e04000-7f8672003000 ---p 00007000 08:07 1058430                    /usr/lib/x86_64-linux-gnu/libffi.so.6.0.1
7f8672003000-7f8672004000 r--p 00006000 08:07 1058430                    /usr/lib/x86_64-linux-gnu/libffi.so.6.0.1
7f8672004000-7f8672005000 rw-p 00007000 08:07 1058430                    /usr/lib/x86_64-linux-gnu/libffi.so.6.0.1
7f8672005000-7f867202c000 r-xp 00000000 08:07 1708090                    /lib/x86_64-linux-gnu/libexpat.so.1.6.0
7f867202c000-7f867222c000 ---p 00027000 08:07 1708090                    /lib/x86_64-linux-gnu/libexpat.so.1.6.0
7f867222c000-7f867222e000 r--p 00027000 08:07 1708090                    /lib/x86_64-linux-gnu/libexpat.so.1.6.0
7f867222e000-7f867222f000 rw-p 00029000 08:07 1708090                    /lib/x86_64-linux-gnu/libexpat.so.1.6.0
7f867222f000-7f8672237000 r-xp 00000000 08:07 1059080                    /usr/lib/x86_64-linux-gnu/libthai.so.0.2.0
7f8672237000-7f8672436000 ---p 00008000 08:07 1059080                    /usr/lib/x86_64-linux-gnu/libthai.so.0.2.0
7f8672436000-7f8672437000 r--p 00007000 08:07 1059080                    /usr/lib/x86_64-linux-gnu/libthai.so.0.2.0
7f8672437000-7f8672438000 rw-p 00008000 08:07 1059080                    /usr/lib/x86_64-linux-gnu/libthai.so.0.2.0
7f8672438000-7f8672455000 r-xp 00000000 08:07 1059220                    /usr/lib/x86_64-linux-gnu/libxcb.so.1.1.0
7f8672455000-7f8672655000 ---p 0001d000 08:07 1059220                    /usr/lib/x86_64-linux-gnu/libxcb.so.1.1.0
7f8672655000-7f8672656000 r--p 0001d000 08:07 1059220                    /usr/lib/x86_64-linux-gnu/libxcb.so.1.1.0
7f8672656000-7f8672657000 rw-p 0001e000 08:07 1059220                    /usr/lib/x86_64-linux-gnu/libxcb.so.1.1.0
7f8672657000-7f867265f000 r-xp 00000000 08:07 1059206                    /usr/lib/x86_64-linux-gnu/libxcb-render.so.0.0.0
7f867265f000-7f867285e000 ---p 00008000 08:07 1059206                    /usr/lib/x86_64-linux-gnu/libxcb-render.so.0.0.0
7f867285e000-7f867285f000 r--p 00007000 08:07 1059206                    /usr/lib/x86_64-linux-gnu/libxcb-render.so.0.0.0
7f867285f000-7f8672860000 rw-p 00008000 08:07 1059206                    /usr/lib/x86_64-linux-gnu/libxcb-render.so.0.0.0
7f8672860000-7f8672862000 r-xp 00000000 08:07 1059210                    /usr/lib/x86_64-linux-gnu/libxcb-shm.so.0.0.0
7f8672862000-7f8672a61000 ---p 00002000 08:07 1059210                    /usr/lib/x86_64-linux-gnu/libxcb-shm.so.0.0.0
7f8672a61000-7f8672a62000 r--p 00001000 08:07 1059210                    /usr/lib/x86_64-linux-gnu/libxcb-shm.so.0.0.0
7f8672a62000-7f8672a63000 rw-p 00002000 08:07 1059210                    /usr/lib/x86_64-linux-gnu/libxcb-shm.so.0.0.0
7f8672a63000-7f8672a88000 r-xp 00000000 08:07 1708183                    /lib/x86_64-linux-gnu/libpng12.so.0.50.0
7f8672a88000-7f8672c87000 ---p 00025000 08:07 1708183                    /lib/x86_64-linux-gnu/libpng12.so.0.50.0
7f8672c87000-7f8672c88000 r--p 00024000 08:07 1708183                    /lib/x86_64-linux-gnu/libpng12.so.0.50.0
7f8672c88000-7f8672c89000 rw-p 00025000 08:07 1708183                    /lib/x86_64-linux-gnu/libpng12.so.0.50.0
7f8672c89000-7f8672d2a000 r-xp 00000000 08:07 1058910                    /usr/lib/x86_64-linux-gnu/libpixman-1.so.0.30.2
7f8672d2a000-7f8672f2a000 ---p 000a1000 08:07 1058910                    /usr/lib/x86_64-linux-gnu/libpixman-1.so.0.30.2
7f8672f2a000-7f8672f31000 r--p 000a1000 08:07 1058910                    /usr/lib/x86_64-linux-gnu/libpixman-1.so.0.30.2
7f8672f31000-7f8672f32000 rw-p 000a8000 08:07 1058910                    /usr/lib/x86_64-linux-gnu/libpixman-1.so.0.30.2
7f8672f32000-7f8672f85000 r-xp 00000000 08:07 1058694                    /usr/lib/x86_64-linux-gnu/libharfbuzz.so.0.927.0
7f8672f85000-7f8673185000 ---p 00053000 08:07 1058694                    /usr/lib/x86_64-linux-gnu/libharfbuzz.so.0.927.0
7f8673185000-7f8673186000 r--p 00053000 08:07 1058694                    /usr/lib/x86_64-linux-gnu/libharfbuzz.so.0.927.0
7f8673186000-7f8673187000 rw-p 00054000 08:07 1058694                    /usr/lib/x86_64-linux-gnu/libharfbuzz.so.0.927.0
7f8673187000-7f867319e000 r-xp 00000000 08:07 1708194                    /lib/x86_64-linux-gnu/libresolv-2.19.so
7f867319e000-7f867339e000 ---p 00017000 08:07 1708194                    /lib/x86_64-linux-gnu/libresolv-2.19.so
7f867339e000-7f867339f000 r--p 00017000 08:07 1708194                    /lib/x86_64-linux-gnu/libresolv-2.19.so
7f867339f000-7f86733a0000 rw-p 00018000 08:07 1708194                    /lib/x86_64-linux-gnu/libresolv-2.19.so
7f86733a0000-7f86733a2000 rw-p 00000000 00:00 0 
7f86733a2000-7f86733c2000 r-xp 00000000 08:07 1708198                    /lib/x86_64-linux-gnu/libselinux.so.1
7f86733c2000-7f86735c1000 ---p 00020000 08:07 1708198                    /lib/x86_64-linux-gnu/libselinux.so.1
7f86735c1000-7f86735c2000 r--p 0001f000 08:07 1708198                    /lib/x86_64-linux-gnu/libselinux.so.1
7f86735c2000-7f86735c3000 rw-p 00020000 08:07 1708198                    /lib/x86_64-linux-gnu/libselinux.so.1
7f86735c3000-7f86735c5000 rw-p 00000000 00:00 0 
7f86735c5000-7f86735dd000 r-xp 00000000 08:07 1708231                    /lib/x86_64-linux-gnu/libz.so.1.2.8
7f86735dd000-7f86737dc000 ---p 00018000 08:07 1708231                    /lib/x86_64-linux-gnu/libz.so.1.2.8
7f86737dc000-7f86737dd000 r--p 00017000 08:07 1708231                    /lib/x86_64-linux-gnu/libz.so.1.2.8
7f86737dd000-7f86737de000 rw-p 00018000 08:07 1708231                    /lib/x86_64-linux-gnu/libz.so.1.2.8
7f86737de000-7f86737ef000 r-xp 00000000 08:07 1058165                    /usr/lib/x86_64-linux-gnu/libXext.so.6.4.0
7f86737ef000-7f86739ee000 ---p 00011000 08:07 1058165                    /usr/lib/x86_64-linux-gnu/libXext.so.6.4.0
7f86739ee000-7f86739ef000 r--p 00010000 08:07 1058165                    /usr/lib/x86_64-linux-gnu/libXext.so.6.4.0
7f86739ef000-7f86739f0000 rw-p 00011000 08:07 1058165                    /usr/lib/x86_64-linux-gnu/libXext.so.6.4.0
7f86739f0000-7f86739f2000 r-xp 00000000 08:07 1058161                    /usr/lib/x86_64-linux-gnu/libXdamage.so.1.1.0
7f86739f2000-7f8673bf1000 ---p 00002000 08:07 1058161                    /usr/lib/x86_64-linux-gnu/libXdamage.so.1.1.0
7f8673bf1000-7f8673bf2000 r--p 00001000 08:07 1058161                    /usr/lib/x86_64-linux-gnu/libXdamage.so.1.1.0
7f8673bf2000-7f8673bf3000 rw-p 00002000 08:07 1058161                    /usr/lib/x86_64-linux-gnu/libXdamage.so.1.1.0
7f8673bf3000-7f8673bf5000 r-xp 00000000 08:07 1058157                    /usr/lib/x86_64-linux-gnu/libXcomposite.so.1.0.0
7f8673bf5000-7f8673df4000 ---p 00002000 08:07 1058157                    /usr/lib/x86_64-linux-gnu/libXcomposite.so.1.0.0
7f8673df4000-7f8673df5000 r--p 00001000 08:07 1058157                    /usr/lib/x86_64-linux-gnu/libXcomposite.so.1.0.0
7f8673df5000-7f8673df6000 rw-p 00002000 08:07 1058157                    /usr/lib/x86_64-linux-gnu/libXcomposite.so.1.0.0
7f8673df6000-7f8673dff000 r-xp 00000000 08:07 1058159                    /usr/lib/x86_64-linux-gnu/libXcursor.so.1.0.2
7f8673dff000-7f8673ffe000 ---p 00009000 08:07 1058159                    /usr/lib/x86_64-linux-gnu/libXcursor.so.1.0.2
7f8673ffe000-7f8673fff000 r--p 00008000 08:07 1058159                    /usr/lib/x86_64-linux-gnu/libXcursor.so.1.0.2
7f8673fff000-7f8674000000 rw-p 00009000 08:07 1058159                    /usr/lib/x86_64-linux-gnu/libXcursor.so.1.0.2
7f8674000000-7f8674021000 rw-p 00000000 00:00 0 
7f8674021000-7f8678000000 ---p 00000000 00:00 0 
7f8678000000-7f8679ebb000 rw-p 00000000 00:00 0 
7f8679ebb000-7f867c000000 ---p 00000000 00:00 0 
7f867c000000-7f867ccb4000 rw-p 00000000 00:00 0 
7f867ccb4000-7f8680000000 ---p 00000000 00:00 0 
7f8680000000-7f8680021000 rw-p 00000000 00:00 0 
7f8680021000-7f8684000000 ---p 00000000 00:00 0 
7f8684000000-7f86852eb000 rw-p 00000000 00:00 0 
7f86852eb000-7f8688000000 ---p 00000000 00:00 0 
7f8688000000-7f8688b49000 rw-p 00000000 00:00 0 
7f8688b49000-7f868c000000 ---p 00000000 00:00 0 
7f868c000000-7f868c021000 rw-p 00000000 00:00 0 
7f868c021000-7f8690000000 ---p 00000000 00:00 0 
7f8690000000-7f8690001000 r--s 00000000 08:07 1187965                    /var/cache/fontconfig/1ac9eb803944fde146138c791f5cc56a-le64.cache-4
7f8690001000-7f8690005000 r--s 00000000 08:07 1191336                    /var/cache/fontconfig/c57959a16110560c8d0fcea73374aeeb-le64.cache-4
7f8690005000-7f869000b000 r--s 00000000 08:07 1187984                    /var/cache/fontconfig/b47c4e1ecd0709278f4910c18777a504-le64.cache-4
7f869000b000-7f8690027000 r--s 00393000 08:07 267369                     /usr/lib/jvm/jdk1.8.0_25/jre/lib/ext/cldrdata.jar
7f8690027000-7f869002a000 ---p 00000000 00:00 0 
7f869002a000-7f8690128000 rw-p 00000000 00:00 0                          [stack:6562]
7f8690128000-7f8690169000 r--p 00000000 08:07 1996843                    /usr/share/glib-2.0/schemas/gschemas.compiled
7f8690169000-7f8690172000 r-xp 00000000 08:07 1058185                    /usr/lib/x86_64-linux-gnu/libXrandr.so.2.2.0
7f8690172000-7f8690371000 ---p 00009000 08:07 1058185                    /usr/lib/x86_64-linux-gnu/libXrandr.so.2.2.0
7f8690371000-7f8690372000 r--p 00008000 08:07 1058185                    /usr/lib/x86_64-linux-gnu/libXrandr.so.2.2.0
7f8690372000-7f8690373000 rw-p 00009000 08:07 1058185                    /usr/lib/x86_64-linux-gnu/libXrandr.so.2.2.0
7f8690373000-7f8690382000 r-xp 00000000 08:07 1058173                    /usr/lib/x86_64-linux-gnu/libXi.so.6.1.0
7f8690382000-7f8690581000 ---p 0000f000 08:07 1058173                    /usr/lib/x86_64-linux-gnu/libXi.so.6.1.0
7f8690581000-7f8690582000 r--p 0000e000 08:07 1058173                    /usr/lib/x86_64-linux-gnu/libXi.so.6.1.0
7f8690582000-7f8690583000 rw-p 0000f000 08:07 1058173                    /usr/lib/x86_64-linux-gnu/libXi.so.6.1.0
7f8690583000-7f8690585000 r-xp 00000000 08:07 1058175                    /usr/lib/x86_64-linux-gnu/libXinerama.so.1.0.0
7f8690585000-7f8690784000 ---p 00002000 08:07 1058175                    /usr/lib/x86_64-linux-gnu/libXinerama.so.1.0.0
7f8690784000-7f8690785000 r--p 00001000 08:07 1058175                    /usr/lib/x86_64-linux-gnu/libXinerama.so.1.0.0
7f8690785000-7f8690786000 rw-p 00002000 08:07 1058175                    /usr/lib/x86_64-linux-gnu/libXinerama.so.1.0.0
7f8690786000-7f869078f000 r-xp 00000000 08:07 1058187                    /usr/lib/x86_64-linux-gnu/libXrender.so.1.3.0
7f869078f000-7f869098e000 ---p 00009000 08:07 1058187                    /usr/lib/x86_64-linux-gnu/libXrender.so.1.3.0
7f869098e000-7f869098f000 r--p 00008000 08:07 1058187                    /usr/lib/x86_64-linux-gnu/libXrender.so.1.3.0
7f869098f000-7f8690990000 rw-p 00009000 08:07 1058187                    /usr/lib/x86_64-linux-gnu/libXrender.so.1.3.0
7f8690990000-7f8690995000 r-xp 00000000 08:07 1058167                    /usr/lib/x86_64-linux-gnu/libXfixes.so.3.1.0
7f8690995000-7f8690b94000 ---p 00005000 08:07 1058167                    /usr/lib/x86_64-linux-gnu/libXfixes.so.3.1.0
7f8690b94000-7f8690b95000 r--p 00004000 08:07 1058167                    /usr/lib/x86_64-linux-gnu/libXfixes.so.3.1.0
7f8690b95000-7f8690b96000 rw-p 00005000 08:07 1058167                    /usr/lib/x86_64-linux-gnu/libXfixes.so.3.1.0
7f8690b96000-7f8690bac000 r-xp 00000000 08:07 1708095                    /lib/x86_64-linux-gnu/libgcc_s.so.1
7f8690bac000-7f8690dab000 ---p 00016000 08:07 1708095                    /lib/x86_64-linux-gnu/libgcc_s.so.1
7f8690dab000-7f8690dac000 rw-p 00015000 08:07 1708095                    /lib/x86_64-linux-gnu/libgcc_s.so.1
7f8690dac000-7f8690e92000 r-xp 00000000 08:07 1059058                    /usr/lib/x86_64-linux-gnu/libstdc++.so.6.0.19
7f8690e92000-7f8691091000 ---p 000e6000 08:07 1059058                    /usr/lib/x86_64-linux-gnu/libstdc++.so.6.0.19
7f8691091000-7f8691099000 r--p 000e5000 08:07 1059058                    /usr/lib/x86_64-linux-gnu/libstdc++.so.6.0.19
7f8691099000-7f869109b000 rw-p 000ed000 08:07 1059058                    /usr/lib/x86_64-linux-gnu/libstdc++.so.6.0.19
7f869109b000-7f86910b0000 rw-p 00000000 00:00 0 
7f86910b0000-7f8691111000 r-xp 00000000 08:07 1313456                    /usr/lib/x86_64-linux-gnu/mesa/libGL.so.1.2.0
7f8691111000-7f8691310000 ---p 00061000 08:07 1313456                    /usr/lib/x86_64-linux-gnu/mesa/libGL.so.1.2.0
7f8691310000-7f8691313000 r--p 00060000 08:07 1313456                    /usr/lib/x86_64-linux-gnu/mesa/libGL.so.1.2.0
7f8691313000-7f8691314000 rw-p 00063000 08:07 1313456                    /usr/lib/x86_64-linux-gnu/mesa/libGL.so.1.2.0
7f8691314000-7f8691315000 rw-p 00000000 00:00 0 
7f8691315000-7f8691319000 r-xp 00000000 08:07 1058203                    /usr/lib/x86_64-linux-gnu/libXxf86vm.so.1.0.0
7f8691319000-7f8691519000 ---p 00004000 08:07 1058203                    /usr/lib/x86_64-linux-gnu/libXxf86vm.so.1.0.0
7f8691519000-7f869151a000 r--p 00004000 08:07 1058203                    /usr/lib/x86_64-linux-gnu/libXxf86vm.so.1.0.0
7f869151a000-7f869151b000 rw-p 00005000 08:07 1058203                    /usr/lib/x86_64-linux-gnu/libXxf86vm.so.1.0.0
7f869151b000-7f869164b000 r-xp 00000000 08:07 1058148                    /usr/lib/x86_64-linux-gnu/libX11.so.6.3.0
7f869164b000-7f869184b000 ---p 00130000 08:07 1058148                    /usr/lib/x86_64-linux-gnu/libX11.so.6.3.0
7f869184b000-7f869184c000 r--p 00130000 08:07 1058148                    /usr/lib/x86_64-linux-gnu/libX11.so.6.3.0
7f869184c000-7f8691850000 rw-p 00131000 08:07 1058148                    /usr/lib/x86_64-linux-gnu/libX11.so.6.3.0
7f8691850000-7f8691855000 r-xp 00000000 08:07 1058193                    /usr/lib/x86_64-linux-gnu/libXtst.so.6.1.0
7f8691855000-7f8691a54000 ---p 00005000 08:07 1058193                    /usr/lib/x86_64-linux-gnu/libXtst.so.6.1.0
7f8691a54000-7f8691a55000 r--p 00004000 08:07 1058193                    /usr/lib/x86_64-linux-gnu/libXtst.so.6.1.0
7f8691a55000-7f8691a56000 rw-p 00005000 08:07 1058193                    /usr/lib/x86_64-linux-gnu/libXtst.so.6.1.0
7f8691a56000-7f8691b5c000 r-xp 00000000 08:07 1708099                    /lib/x86_64-linux-gnu/libglib-2.0.so.0.4000.0
7f8691b5c000-7f8691d5b000 ---p 00106000 08:07 1708099                    /lib/x86_64-linux-gnu/libglib-2.0.so.0.4000.0
7f8691d5b000-7f8691d5c000 r--p 00105000 08:07 1708099                    /lib/x86_64-linux-gnu/libglib-2.0.so.0.4000.0
7f8691d5c000-7f8691d5d000 rw-p 00106000 08:07 1708099                    /lib/x86_64-linux-gnu/libglib-2.0.so.0.4000.0
7f8691d5d000-7f8691d5e000 rw-p 00000000 00:00 0 
7f8691d5e000-7f8691d5f000 r-xp 00000000 08:07 1058670                    /usr/lib/x86_64-linux-gnu/libgthread-2.0.so.0.4000.0
7f8691d5f000-7f8691f5e000 ---p 00001000 08:07 1058670                    /usr/lib/x86_64-linux-gnu/libgthread-2.0.so.0.4000.0
7f8691f5e000-7f8691f5f000 r--p 00000000 08:07 1058670                    /usr/lib/x86_64-linux-gnu/libgthread-2.0.so.0.4000.0
7f8691f5f000-7f8691f60000 rw-p 00001000 08:07 1058670                    /usr/lib/x86_64-linux-gnu/libgthread-2.0.so.0.4000.0
7f8691f60000-7f8691f63000 r-xp 00000000 08:07 1058547                    /usr/lib/x86_64-linux-gnu/libgmodule-2.0.so.0.4000.0
7f8691f63000-7f8692162000 ---p 00003000 08:07 1058547                    /usr/lib/x86_64-linux-gnu/libgmodule-2.0.so.0.4000.0
7f8692162000-7f8692163000 r--p 00002000 08:07 1058547                    /usr/lib/x86_64-linux-gnu/libgmodule-2.0.so.0.4000.0
7f8692163000-7f8692164000 rw-p 00003000 08:07 1058547                    /usr/lib/x86_64-linux-gnu/libgmodule-2.0.so.0.4000.0
7f8692164000-7f86921b3000 r-xp 00000000 08:07 1058563                    /usr/lib/x86_64-linux-gnu/libgobject-2.0.so.0.4000.0
7f86921b3000-7f86923b3000 ---p 0004f000 08:07 1058563                    /usr/lib/x86_64-linux-gnu/libgobject-2.0.so.0.4000.0
7f86923b3000-7f86923b4000 r--p 0004f000 08:07 1058563                    /usr/lib/x86_64-linux-gnu/libgobject-2.0.so.0.4000.0
7f86923b4000-7f86923b5000 rw-p 00050000 08:07 1058563                    /usr/lib/x86_64-linux-gnu/libgobject-2.0.so.0.4000.0
7f86923b5000-7f86923ef000 r-xp 00000000 08:07 1058444                    /usr/lib/x86_64-linux-gnu/libfontconfig.so.1.8.0
7f86923ef000-7f86925ee000 ---p 0003a000 08:07 1058444                    /usr/lib/x86_64-linux-gnu/libfontconfig.so.1.8.0
7f86925ee000-7f86925f0000 r--p 00039000 08:07 1058444                    /usr/lib/x86_64-linux-gnu/libfontconfig.so.1.8.0
7f86925f0000-7f86925f1000 rw-p 0003b000 08:07 1058444                    /usr/lib/x86_64-linux-gnu/libfontconfig.so.1.8.0
7f86925f1000-7f869268e000 r-xp 00000000 08:07 1058472                    /usr/lib/x86_64-linux-gnu/libfreetype.so.6.11.1
7f869268e000-7f869288d000 ---p 0009d000 08:07 1058472                    /usr/lib/x86_64-linux-gnu/libfreetype.so.6.11.1
7f869288d000-7f8692893000 r--p 0009c000 08:07 1058472                    /usr/lib/x86_64-linux-gnu/libfreetype.so.6.11.1
7f8692893000-7f8692894000 rw-p 000a2000 08:07 1058472                    /usr/lib/x86_64-linux-gnu/libfreetype.so.6.11.1
7f8692894000-7f86928de000 r-xp 00000000 08:07 1058887                    /usr/lib/x86_64-linux-gnu/libpango-1.0.so.0.3600.3
7f86928de000-7f8692ade000 ---p 0004a000 08:07 1058887                    /usr/lib/x86_64-linux-gnu/libpango-1.0.so.0.3600.3
7f8692ade000-7f8692ae0000 r--p 0004a000 08:07 1058887                    /usr/lib/x86_64-linux-gnu/libpango-1.0.so.0.3600.3
7f8692ae0000-7f8692ae1000 rw-p 0004c000 08:07 1058887                    /usr/lib/x86_64-linux-gnu/libpango-1.0.so.0.3600.3
7f8692ae1000-7f8692be7000 r-xp 00000000 08:07 1058283                    /usr/lib/x86_64-linux-gnu/libcairo.so.2.11301.0
7f8692be7000-7f8692de6000 ---p 00106000 08:07 1058283                    /usr/lib/x86_64-linux-gnu/libcairo.so.2.11301.0
7f8692de6000-7f8692de9000 r--p 00105000 08:07 1058283                    /usr/lib/x86_64-linux-gnu/libcairo.so.2.11301.0
7f8692de9000-7f8692dea000 rw-p 00108000 08:07 1058283                    /usr/lib/x86_64-linux-gnu/libcairo.so.2.11301.0
7f8692dea000-7f8692dec000 rw-p 00000000 00:00 0 
7f8692dec000-7f8692df7000 r-xp 00000000 08:07 1058889                    /usr/lib/x86_64-linux-gnu/libpangocairo-1.0.so.0.3600.3
7f8692df7000-7f8692ff7000 ---p 0000b000 08:07 1058889                    /usr/lib/x86_64-linux-gnu/libpangocairo-1.0.so.0.3600.3
7f8692ff7000-7f8692ff8000 r--p 0000b000 08:07 1058889                    /usr/lib/x86_64-linux-gnu/libpangocairo-1.0.so.0.3600.3
7f8692ff8000-7f8692ff9000 rw-p 0000c000 08:07 1058889                    /usr/lib/x86_64-linux-gnu/libpangocairo-1.0.so.0.3600.3
7f8692ff9000-7f8693018000 r-xp 00000000 08:07 1058509                    /usr/lib/x86_64-linux-gnu/libgdk_pixbuf-2.0.so.0.3000.7
7f8693018000-7f8693218000 ---p 0001f000 08:07 1058509                    /usr/lib/x86_64-linux-gnu/libgdk_pixbuf-2.0.so.0.3000.7
7f8693218000-7f8693219000 r--p 0001f000 08:07 1058509                    /usr/lib/x86_64-linux-gnu/libgdk_pixbuf-2.0.so.0.3000.7
7f8693219000-7f869321a000 rw-p 00020000 08:07 1058509                    /usr/lib/x86_64-linux-gnu/libgdk_pixbuf-2.0.so.0.3000.7
7f869321a000-7f869322e000 r-xp 00000000 08:07 1058891                    /usr/lib/x86_64-linux-gnu/libpangoft2-1.0.so.0.3600.3
7f869322e000-7f869342d000 ---p 00014000 08:07 1058891                    /usr/lib/x86_64-linux-gnu/libpangoft2-1.0.so.0.3600.3
7f869342d000-7f869342e000 r--p 00013000 08:07 1058891                    /usr/lib/x86_64-linux-gnu/libpangoft2-1.0.so.0.3600.3
7f869342e000-7f869342f000 rw-p 00014000 08:07 1058891                    /usr/lib/x86_64-linux-gnu/libpangoft2-1.0.so.0.3600.3
7f869342f000-7f869359a000 r-xp 00000000 08:07 1058533                    /usr/lib/x86_64-linux-gnu/libgio-2.0.so.0.4000.0
7f869359a000-7f869379a000 ---p 0016b000 08:07 1058533                    /usr/lib/x86_64-linux-gnu/libgio-2.0.so.0.4000.0
7f869379a000-7f869379e000 r--p 0016b000 08:07 1058533                    /usr/lib/x86_64-linux-gnu/libgio-2.0.so.0.4000.0
7f869379e000-7f86937a0000 rw-p 0016f000 08:07 1058533                    /usr/lib/x86_64-linux-gnu/libgio-2.0.so.0.4000.0
7f86937a0000-7f86937a2000 rw-p 00000000 00:00 0 
7f86937a2000-7f86937c1000 r-xp 00000000 08:07 1058244                    /usr/lib/x86_64-linux-gnu/libatk-1.0.so.0.21009.1
7f86937c1000-7f86939c1000 ---p 0001f000 08:07 1058244                    /usr/lib/x86_64-linux-gnu/libatk-1.0.so.0.21009.1
7f86939c1000-7f86939c3000 r--p 0001f000 08:07 1058244                    /usr/lib/x86_64-linux-gnu/libatk-1.0.so.0.21009.1
7f86939c3000-7f86939c4000 rw-p 00021000 08:07 1058244                    /usr/lib/x86_64-linux-gnu/libatk-1.0.so.0.21009.1
7f86939c4000-7f8693df3000 r-xp 00000000 08:07 1058674                    /usr/lib/x86_64-linux-gnu/libgtk-x11-2.0.so.0.2400.23
7f8693df3000-7f8693ff2000 ---p 0042f000 08:07 1058674                    /usr/lib/x86_64-linux-gnu/libgtk-x11-2.0.so.0.2400.23
7f8693ff2000-7f8693ff9000 r--p 0042e000 08:07 1058674                    /usr/lib/x86_64-linux-gnu/libgtk-x11-2.0.so.0.2400.23
7f8693ff9000-7f8693ffd000 rw-p 00435000 08:07 1058674                    /usr/lib/x86_64-linux-gnu/libgtk-x11-2.0.so.0.2400.23
7f8693ffd000-7f8694000000 rw-p 00000000 00:00 0 
7f8694000000-7f8694021000 rw-p 00000000 00:00 0 
7f8694021000-7f8698000000 ---p 00000000 00:00 0 
7f8698000000-7f8698021000 rw-p 00000000 00:00 0 
7f8698021000-7f869c000000 ---p 00000000 00:00 0 
7f869c000000-7f869c021000 rw-p 00000000 00:00 0 
7f869c021000-7f86a0000000 ---p 00000000 00:00 0 
7f86a0000000-7f86a00fa000 rw-p 00000000 00:00 0 
7f86a00fa000-7f86a4000000 ---p 00000000 00:00 0 
7f86a4000000-7f86a4021000 rw-p 00000000 00:00 0 
7f86a4021000-7f86a8000000 ---p 00000000 00:00 0 
7f86a8000000-7f86a8021000 rw-p 00000000 00:00 0 
7f86a8021000-7f86ac000000 ---p 00000000 00:00 0 
7f86ac000000-7f86ac021000 rw-p 00000000 00:00 0 
7f86ac021000-7f86b0000000 ---p 00000000 00:00 0 
7f86b0000000-7f86b0001000 r--s 00000000 08:07 1187993                    /var/cache/fontconfig/dc05db6664285cc2f12bf69c139ae4c3-le64.cache-4
7f86b0001000-7f86b0002000 r--s 00000000 08:07 1187971                    /var/cache/fontconfig/4794a0821666d79190d59a36cb4f44b5-le64.cache-4
7f86b0002000-7f86b0003000 r--s 00000000 08:07 1187973                    /var/cache/fontconfig/56cf4f4769d0f4abc89a4895d7bd3ae1-le64.cache-4
7f86b0003000-7f86b0004000 r--s 00000000 08:07 1187985                    /var/cache/fontconfig/b9d506c9ac06c20b433354fa67a72993-le64.cache-4
7f86b0004000-7f86b000d000 r--s 00000000 08:07 1187970                    /var/cache/fontconfig/3f7329c5293ffd510edef78f73874cfd-le64.cache-4
7f86b000d000-7f86b0011000 r--s 00000000 08:07 1187991                    /var/cache/fontconfig/d589a48862398ed80a3d6066f4f56f4c-le64.cache-4
7f86b0011000-7f86b0013000 r--s 00000000 08:07 1191335                    /var/cache/fontconfig/089dead882dea3570ffc31a9898cfb69-le64.cache-4
7f86b0013000-7f86b0017000 r--s 00000000 08:07 1188146                    /var/cache/fontconfig/7ef2298fde41cc6eeb7af42e48b7d293-le64.cache-4
7f86b0017000-7f86b0021000 r--s 00116000 08:07 267363                     /usr/lib/jvm/jdk1.8.0_25/jre/lib/ext/localedata.jar
7f86b0021000-7f86b00ce000 r-xp 00000000 08:07 1058507                    /usr/lib/x86_64-linux-gnu/libgdk-x11-2.0.so.0.2400.23
7f86b00ce000-7f86b02cd000 ---p 000ad000 08:07 1058507                    /usr/lib/x86_64-linux-gnu/libgdk-x11-2.0.so.0.2400.23
7f86b02cd000-7f86b02d1000 r--p 000ac000 08:07 1058507                    /usr/lib/x86_64-linux-gnu/libgdk-x11-2.0.so.0.2400.23
7f86b02d1000-7f86b02d3000 rw-p 000b0000 08:07 1058507                    /usr/lib/x86_64-linux-gnu/libgdk-x11-2.0.so.0.2400.23
7f86b02d3000-7f86b02df000 r-xp 00000000 08:07 2495489                    /usr/lib/jvm/jdk1.8.0_25/jre/lib/amd64/libprism_es2.so
7f86b02df000-7f86b04de000 ---p 0000c000 08:07 2495489                    /usr/lib/jvm/jdk1.8.0_25/jre/lib/amd64/libprism_es2.so
7f86b04de000-7f86b04df000 r--p 0000b000 08:07 2495489                    /usr/lib/jvm/jdk1.8.0_25/jre/lib/amd64/libprism_es2.so
7f86b04df000-7f86b04e0000 rw-p 0000c000 08:07 2495489                    /usr/lib/jvm/jdk1.8.0_25/jre/lib/amd64/libprism_es2.so
7f86b04e0000-7f86b04e3000 ---p 00000000 00:00 0 
7f86b04e3000-7f86b05e1000 rw-p 00000000 00:00 0                          [stack:6559]
7f86b05e1000-7f86b066d000 r--s 00fea000 08:07 267368                     /usr/lib/jvm/jdk1.8.0_25/jre/lib/ext/jfxrt.jar
7f86b066d000-7f86b066e000 ---p 00000000 00:00 0 
7f86b066e000-7f86b076e000 rw-p 00000000 00:00 0                          [stack:6558]
7f86b076e000-7f86b0771000 ---p 00000000 00:00 0 
7f86b0771000-7f86b086f000 rw-p 00000000 00:00 0                          [stack:6557]
7f86b086f000-7f86b0872000 ---p 00000000 00:00 0 
7f86b0872000-7f86b0970000 rw-p 00000000 00:00 0                          [stack:6556]
7f86b0970000-7f86b0973000 ---p 00000000 00:00 0 
7f86b0973000-7f86b0a71000 rw-p 00000000 00:00 0                          [stack:6555]
7f86b0a71000-7f86b0a74000 ---p 00000000 00:00 0 
7f86b0a74000-7f86b0b72000 rw-p 00000000 00:00 0                          [stack:6554]
7f86b0b72000-7f86b0b75000 ---p 00000000 00:00 0 
7f86b0b75000-7f86b0c73000 rw-p 00000000 00:00 0                          [stack:6553]
7f86b0c73000-7f86b15b2000 r--p 00000000 08:07 1056763                    /usr/lib/locale/locale-archive
7f86b15b2000-7f86b15b5000 ---p 00000000 00:00 0 
7f86b15b5000-7f86b16b3000 rw-p 00000000 00:00 0                          [stack:6552]
7f86b16b3000-7f86b16b6000 ---p 00000000 00:00 0 
7f86b16b6000-7f86b17b4000 rw-p 00000000 00:00 0                          [stack:6551]
7f86b17b4000-7f86b17b5000 ---p 00000000 00:00 0 
7f86b17b5000-7f86b27c4000 rw-p 00000000 00:00 0                          [stack:6550]
7f86b27c4000-7f86b299a000 r--s 03caa000 08:07 2495506                    /usr/lib/jvm/jdk1.8.0_25/jre/lib/rt.jar
7f86b299a000-7f86b5000000 rw-p 00000000 00:00 0 
7f86b5000000-7f86b5ac0000 rwxp 00000000 00:00 0 
7f86b5ac0000-7f86c4000000 ---p 00000000 00:00 0 
7f86c4000000-7f86c44ac000 rw-p 00000000 00:00 0 
7f86c44ac000-7f86c8000000 ---p 00000000 00:00 0 
7f86c8000000-7f86c8001000 r--s 00000000 08:07 1187962                    /var/cache/fontconfig/0c9eb80ebd1c36541ebe2852d3bb0c49-le64.cache-4
7f86c8001000-7f86c8009000 r--s 000c4000 08:07 1716395                    /home/linhsan/NetBeansProjects/ClinicManagement/dist/run1424885536/lib/mysql-connector-java-5.1.23-bin.jar
7f86c8009000-7f86c8011000 rw-s 00000000 00:04 62210                      /drm mm object (deleted)
7f86c8011000-7f86c81f0000 rw-p 00000000 00:00 0 
7f86c81f0000-7f86c81f1000 ---p 00000000 00:00 0 
7f86c81f1000-7f86c82f1000 rw-p 00000000 00:00 0                          [stack:6549]
7f86c82f1000-7f86c82f2000 ---p 00000000 00:00 0 
7f86c82f2000-7f86c83f2000 rw-p 00000000 00:00 0                          [stack:6548]
7f86c83f2000-7f86c83f3000 ---p 00000000 00:00 0 
7f86c83f3000-7f86c84f3000 rw-p 00000000 00:00 0                          [stack:6547]
7f86c84f3000-7f86c84f4000 ---p 00000000 00:00 0 
7f86c84f4000-7f86c8603000 rw-p 00000000 00:00 0                          [stack:6546]
7f86c8603000-7f86c8734000 ---p 00000000 00:00 0 
7f86c8734000-7f86c8743000 rw-p 00000000 00:00 0 
7f86c8743000-7f86c8873000 ---p 00000000 00:00 0 
7f86c8873000-7f86c8894000 rw-p 00000000 00:00 0 
7f86c8894000-7f86c8913000 ---p 00000000 00:00 0 
7f86c8913000-7f86c893f000 rw-p 00000000 00:00 0 
7f86c893f000-7f86c8cd4000 ---p 00000000 00:00 0 
7f86c8cd4000-7f86c8cee000 r-xp 00000000 08:07 2495471                    /usr/lib/jvm/jdk1.8.0_25/jre/lib/amd64/libzip.so
7f86c8cee000-7f86c8eee000 ---p 0001a000 08:07 2495471                    /usr/lib/jvm/jdk1.8.0_25/jre/lib/amd64/libzip.so
7f86c8eee000-7f86c8eef000 rw-p 0001a000 08:07 2495471                    /usr/lib/jvm/jdk1.8.0_25/jre/lib/amd64/libzip.so
7f86c8eef000-7f86c8efa000 r-xp 00000000 08:07 1708143                    /lib/x86_64-linux-gnu/libnss_files-2.19.so
7f86c8efa000-7f86c90f9000 ---p 0000b000 08:07 1708143                    /lib/x86_64-linux-gnu/libnss_files-2.19.so
7f86c90f9000-7f86c90fa000 r--p 0000a000 08:07 1708143                    /lib/x86_64-linux-gnu/libnss_files-2.19.so
7f86c90fa000-7f86c90fb000 rw-p 0000b000 08:07 1708143                    /lib/x86_64-linux-gnu/libnss_files-2.19.so
7f86c90fb000-7f86c9106000 r-xp 00000000 08:07 1708153                    /lib/x86_64-linux-gnu/libnss_nis-2.19.so
7f86c9106000-7f86c9305000 ---p 0000b000 08:07 1708153                    /lib/x86_64-linux-gnu/libnss_nis-2.19.so
7f86c9305000-7f86c9306000 r--p 0000a000 08:07 1708153                    /lib/x86_64-linux-gnu/libnss_nis-2.19.so
7f86c9306000-7f86c9307000 rw-p 0000b000 08:07 1708153                    /lib/x86_64-linux-gnu/libnss_nis-2.19.so
7f86c9307000-7f86c931e000 r-xp 00000000 08:07 1708137                    /lib/x86_64-linux-gnu/libnsl-2.19.so
7f86c931e000-7f86c951d000 ---p 00017000 08:07 1708137                    /lib/x86_64-linux-gnu/libnsl-2.19.so
7f86c951d000-7f86c951e000 r--p 00016000 08:07 1708137                    /lib/x86_64-linux-gnu/libnsl-2.19.so
7f86c951e000-7f86c951f000 rw-p 00017000 08:07 1708137                    /lib/x86_64-linux-gnu/libnsl-2.19.so
7f86c951f000-7f86c9521000 rw-p 00000000 00:00 0 
7f86c9521000-7f86c952a000 r-xp 00000000 08:07 1708139                    /lib/x86_64-linux-gnu/libnss_compat-2.19.so
7f86c952a000-7f86c9729000 ---p 00009000 08:07 1708139                    /lib/x86_64-linux-gnu/libnss_compat-2.19.so
7f86c9729000-7f86c972a000 r--p 00008000 08:07 1708139                    /lib/x86_64-linux-gnu/libnss_compat-2.19.so
7f86c972a000-7f86c972b000 rw-p 00009000 08:07 1708139                    /lib/x86_64-linux-gnu/libnss_compat-2.19.so
7f86c972b000-7f86c9755000 r-xp 00000000 08:07 2495452                    /usr/lib/jvm/jdk1.8.0_25/jre/lib/amd64/libjava.so
7f86c9755000-7f86c9955000 ---p 0002a000 08:07 2495452                    /usr/lib/jvm/jdk1.8.0_25/jre/lib/amd64/libjava.so
7f86c9955000-7f86c9957000 rw-p 0002a000 08:07 2495452                    /usr/lib/jvm/jdk1.8.0_25/jre/lib/amd64/libjava.so
7f86c9957000-7f86c9964000 r-xp 00000000 08:07 2495465                    /usr/lib/jvm/jdk1.8.0_25/jre/lib/amd64/libverify.so
7f86c9964000-7f86c9b64000 ---p 0000d000 08:07 2495465                    /usr/lib/jvm/jdk1.8.0_25/jre/lib/amd64/libverify.so
7f86c9b64000-7f86c9b66000 rw-p 0000d000 08:07 2495465                    /usr/lib/jvm/jdk1.8.0_25/jre/lib/amd64/libverify.so
7f86c9b66000-7f86c9b6d000 r-xp 00000000 08:07 1708196                    /lib/x86_64-linux-gnu/librt-2.19.so
7f86c9b6d000-7f86c9d6c000 ---p 00007000 08:07 1708196                    /lib/x86_64-linux-gnu/librt-2.19.so
7f86c9d6c000-7f86c9d6d000 r--p 00006000 08:07 1708196                    /lib/x86_64-linux-gnu/librt-2.19.so
7f86c9d6d000-7f86c9d6e000 rw-p 00007000 08:07 1708196                    /lib/x86_64-linux-gnu/librt-2.19.so
7f86c9d6e000-7f86c9e73000 r-xp 00000000 08:07 1708118                    /lib/x86_64-linux-gnu/libm-2.19.so
7f86c9e73000-7f86ca072000 ---p 00105000 08:07 1708118                    /lib/x86_64-linux-gnu/libm-2.19.so
7f86ca072000-7f86ca073000 r--p 00104000 08:07 1708118                    /lib/x86_64-linux-gnu/libm-2.19.so
7f86ca073000-7f86ca074000 rw-p 00105000 08:07 1708118                    /lib/x86_64-linux-gnu/libm-2.19.so
7f86ca074000-7f86cace1000 r-xp 00000000 08:07 2625176                    /usr/lib/jvm/jdk1.8.0_25/jre/lib/amd64/server/libjvm.so
7f86cace1000-7f86caee0000 ---p 00c6d000 08:07 2625176                    /usr/lib/jvm/jdk1.8.0_25/jre/lib/amd64/server/libjvm.so
7f86caee0000-7f86cafb6000 rw-p 00c6c000 08:07 2625176                    /usr/lib/jvm/jdk1.8.0_25/jre/lib/amd64/server/libjvm.so
7f86cafb6000-7f86caff9000 rw-p 00000000 00:00 0 
7f86caff9000-7f86cb1b5000 r-xp 00000000 08:07 1708068                    /lib/x86_64-linux-gnu/libc-2.19.so
7f86cb1b5000-7f86cb3b4000 ---p 001bc000 08:07 1708068                    /lib/x86_64-linux-gnu/libc-2.19.so
7f86cb3b4000-7f86cb3b8000 r--p 001bb000 08:07 1708068                    /lib/x86_64-linux-gnu/libc-2.19.so
7f86cb3b8000-7f86cb3ba000 rw-p 001bf000 08:07 1708068                    /lib/x86_64-linux-gnu/libc-2.19.so
7f86cb3ba000-7f86cb3bf000 rw-p 00000000 00:00 0 
7f86cb3bf000-7f86cb3c2000 r-xp 00000000 08:07 1708085                    /lib/x86_64-linux-gnu/libdl-2.19.so
7f86cb3c2000-7f86cb5c1000 ---p 00003000 08:07 1708085                    /lib/x86_64-linux-gnu/libdl-2.19.so
7f86cb5c1000-7f86cb5c2000 r--p 00002000 08:07 1708085                    /lib/x86_64-linux-gnu/libdl-2.19.so
7f86cb5c2000-7f86cb5c3000 rw-p 00003000 08:07 1708085                    /lib/x86_64-linux-gnu/libdl-2.19.so
7f86cb5c3000-7f86cb5d8000 r-xp 00000000 08:07 2625172                    /usr/lib/jvm/jdk1.8.0_25/jre/lib/amd64/jli/libjli.so
7f86cb5d8000-7f86cb7d7000 ---p 00015000 08:07 2625172                    /usr/lib/jvm/jdk1.8.0_25/jre/lib/amd64/jli/libjli.so
7f86cb7d7000-7f86cb7d8000 rw-p 00014000 08:07 2625172                    /usr/lib/jvm/jdk1.8.0_25/jre/lib/amd64/jli/libjli.so
7f86cb7d8000-7f86cb7f1000 r-xp 00000000 08:07 1708188                    /lib/x86_64-linux-gnu/libpthread-2.19.so
7f86cb7f1000-7f86cb9f0000 ---p 00019000 08:07 1708188                    /lib/x86_64-linux-gnu/libpthread-2.19.so
7f86cb9f0000-7f86cb9f1000 r--p 00018000 08:07 1708188                    /lib/x86_64-linux-gnu/libpthread-2.19.so
7f86cb9f1000-7f86cb9f2000 rw-p 00019000 08:07 1708188                    /lib/x86_64-linux-gnu/libpthread-2.19.so
7f86cb9f2000-7f86cb9f6000 rw-p 00000000 00:00 0 
7f86cb9f6000-7f86cba19000 r-xp 00000000 08:07 1708044                    /lib/x86_64-linux-gnu/ld-2.19.so
7f86cba19000-7f86cba1d000 r--s 00093000 08:07 2495509                    /usr/lib/jvm/jdk1.8.0_25/jre/lib/jsse.jar
7f86cba1d000-7f86cba25000 rw-s 00000000 00:04 62209                      /drm mm object (deleted)
7f86cba25000-7f86cba2d000 rw-s 00000000 00:04 62205                      /drm mm object (deleted)
7f86cba2d000-7f86cba33000 r--p 00000000 08:07 1591232                    /home/linhsan/.config/dconf/user
7f86cba33000-7f86cba3b000 rw-s 00000000 00:04 60979                      /drm mm object (deleted)
7f86cba3b000-7f86cbaf8000 rw-p 00000000 00:00 0 
7f86cbaf8000-7f86cbafb000 ---p 00000000 00:00 0 
7f86cbafb000-7f86cbbfd000 rw-p 00000000 00:00 0                          [stack:6545]
7f86cbbfd000-7f86cbc00000 r--s 00000000 08:07 1190693                    /var/cache/fontconfig/e13b20fdb08344e0e664864cc2ede53d-le64.cache-4
7f86cbc00000-7f86cbc01000 rw-s 00000000 00:04 62206                      /drm mm object (deleted)
7f86cbc01000-7f86cbc02000 r--s 00000000 00:16 56131                      /run/user/1000/dconf/user
7f86cbc02000-7f86cbc03000 rw-s 00000000 00:04 60976                      /drm mm object (deleted)
7f86cbc03000-7f86cbc0b000 rw-s 00000000 00:04 60975                      /drm mm object (deleted)
7f86cbc0b000-7f86cbc0c000 r--s 00007000 08:07 1716388                    /home/linhsan/NetBeansProjects/ClinicManagement/dist/run1424885536/ClinicManagement.jar
7f86cbc0c000-7f86cbc14000 rw-s 00000000 08:07 393907                     /tmp/hsperfdata_linhsan/6541
7f86cbc14000-7f86cbc15000 rw-p 00000000 00:00 0 
7f86cbc15000-7f86cbc16000 r--p 00000000 00:00 0 
7f86cbc16000-7f86cbc18000 rw-p 00000000 00:00 0 
7f86cbc18000-7f86cbc19000 r--p 00022000 08:07 1708044                    /lib/x86_64-linux-gnu/ld-2.19.so
7f86cbc19000-7f86cbc1a000 rw-p 00023000 08:07 1708044                    /lib/x86_64-linux-gnu/ld-2.19.so
7f86cbc1a000-7f86cbc1b000 rw-p 00000000 00:00 0 
7fffb10ad000-7fffb10ce000 rw-p 00000000 00:00 0                          [stack]
7fffb11ca000-7fffb11cc000 r-xp 00000000 00:00 0                          [vdso]
ffffffffff600000-ffffffffff601000 r-xp 00000000 00:00 0                  [vsyscall]

VM Arguments:
jvm_args: -Dfile.encoding=UTF-8 
java_command: /home/linhsan/NetBeansProjects/ClinicManagement/dist/run1424885536/ClinicManagement.jar
java_class_path (initial): /home/linhsan/NetBeansProjects/ClinicManagement/dist/run1424885536/ClinicManagement.jar
Launcher Type: SUN_STANDARD

Environment Variables:
PATH=/usr/local/sbin:/usr/local/bin:/usr/sbin:/usr/bin:/sbin:/bin:/usr/games:/usr/local/games
LD_LIBRARY_PATH=/usr/lib/jvm/jdk1.8.0_25/jre/lib/amd64:/usr/lib/jvm/jdk1.8.0_25/jre/lib/i386:
SHELL=/bin/bash
DISPLAY=:0

Signal Handlers:
SIGSEGV: [libjvm.so+0xa79a80], sa_mask[0]=11111111011111111101111111111110, sa_flags=SA_RESTART|SA_SIGINFO
SIGBUS: [libjvm.so+0xa79a80], sa_mask[0]=11111111011111111101111111111110, sa_flags=SA_RESTART|SA_SIGINFO
SIGFPE: [libjvm.so+0x8e24e0], sa_mask[0]=11111111011111111101111111111110, sa_flags=SA_RESTART|SA_SIGINFO
SIGPIPE: SIG_IGN, sa_mask[0]=00000000000010000000000000000000, sa_flags=SA_RESTART
SIGXFSZ: [libjvm.so+0x8e24e0], sa_mask[0]=11111111011111111101111111111110, sa_flags=SA_RESTART|SA_SIGINFO
SIGILL: [libjvm.so+0x8e24e0], sa_mask[0]=11111111011111111101111111111110, sa_flags=SA_RESTART|SA_SIGINFO
SIGUSR1: SIG_DFL, sa_mask[0]=00000000000000000000000000000000, sa_flags=none
SIGUSR2: [libjvm.so+0x8e3d10], sa_mask[0]=00100000000000000000000000000000, sa_flags=SA_RESTART|SA_SIGINFO
SIGHUP: [libjvm.so+0x8e50d0], sa_mask[0]=11111111011111111101111111111110, sa_flags=SA_RESTART|SA_SIGINFO
SIGINT: SIG_IGN, sa_mask[0]=00000000000000000000000000000000, sa_flags=none
SIGTERM: [libjvm.so+0x8e50d0], sa_mask[0]=11111111011111111101111111111110, sa_flags=SA_RESTART|SA_SIGINFO
SIGQUIT: [libjvm.so+0x8e50d0], sa_mask[0]=11111111011111111101111111111110, sa_flags=SA_RESTART|SA_SIGINFO


---------------  S Y S T E M  ---------------

OS:DISTRIB_ID=Ubuntu
DISTRIB_RELEASE=14.04
DISTRIB_CODENAME=trusty
DISTRIB_DESCRIPTION="Ubuntu 14.04 LTS"

uname:Linux 3.13.0-24-generic #46-Ubuntu SMP Thu Apr 10 19:11:08 UTC 2014 x86_64
libc:glibc 2.19 NPTL 2.19 
rlimit: STACK 8192k, CORE 0k, NPROC 30460, NOFILE 4096, AS infinity
load average:0,47 0,52 0,56

/proc/meminfo:
MemTotal:        3920420 kB
MemFree:          143968 kB
Buffers:           24392 kB
Cached:           962484 kB
SwapCached:         4168 kB
Active:          2191732 kB
Inactive:        1350448 kB
Active(anon):    1917312 kB
Inactive(anon):  1092564 kB
Active(file):     274420 kB
Inactive(file):   257884 kB
Unevictable:         104 kB
Mlocked:             104 kB
SwapTotal:       7762940 kB
SwapFree:        7745528 kB
Dirty:              2208 kB
Writeback:             0 kB
AnonPages:       2552324 kB
Mapped:           364280 kB
Shmem:            454572 kB
Slab:             103400 kB
SReclaimable:      64660 kB
SUnreclaim:        38740 kB
KernelStack:        5856 kB
PageTables:        47900 kB
NFS_Unstable:          0 kB
Bounce:                0 kB
WritebackTmp:          0 kB
CommitLimit:     9723148 kB
Committed_AS:    7887580 kB
VmallocTotal:   34359738367 kB
VmallocUsed:      545972 kB
VmallocChunk:   34359181820 kB
HardwareCorrupted:     0 kB
AnonHugePages:    591872 kB
HugePages_Total:       0
HugePages_Free:        0
HugePages_Rsvd:        0
HugePages_Surp:        0
Hugepagesize:       2048 kB
DirectMap4k:       87804 kB
DirectMap2M:     3979264 kB


CPU:total 4 (2 cores per cpu, 2 threads per core) family 6 model 58 stepping 9, cmov, cx8, fxsr, mmx, sse, sse2, sse3, ssse3, sse4.1, sse4.2, popcnt, avx, aes, clmul, erms, ht, tsc, tscinvbit, tscinv

/proc/cpuinfo:
processor	: 0
vendor_id	: GenuineIntel
cpu family	: 6
model		: 58
model name	: Intel(R) Core(TM) i5-3230M CPU @ 2.60GHz
stepping	: 9
microcode	: 0x15
cpu MHz		: 2601.000
cache size	: 3072 KB
physical id	: 0
siblings	: 4
core id		: 0
cpu cores	: 2
apicid		: 0
initial apicid	: 0
fpu		: yes
fpu_exception	: yes
cpuid level	: 13
wp		: yes
flags		: fpu vme de pse tsc msr pae mce cx8 apic sep mtrr pge mca cmov pat pse36 clflush dts acpi mmx fxsr sse sse2 ss ht tm pbe syscall nx rdtscp lm constant_tsc arch_perfmon pebs bts rep_good nopl xtopology nonstop_tsc aperfmperf eagerfpu pni pclmulqdq dtes64 monitor ds_cpl vmx est tm2 ssse3 cx16 xtpr pdcm pcid sse4_1 sse4_2 x2apic popcnt tsc_deadline_timer aes xsave avx f16c rdrand lahf_lm ida arat epb xsaveopt pln pts dtherm tpr_shadow vnmi flexpriority ept vpid fsgsbase smep erms
bogomips	: 5187.85
clflush size	: 64
cache_alignment	: 64
address sizes	: 36 bits physical, 48 bits virtual
power management:

processor	: 1
vendor_id	: GenuineIntel
cpu family	: 6
model		: 58
model name	: Intel(R) Core(TM) i5-3230M CPU @ 2.60GHz
stepping	: 9
microcode	: 0x15
cpu MHz		: 2200.000
cache size	: 3072 KB
physical id	: 0
siblings	: 4
core id		: 0
cpu cores	: 2
apicid		: 1
initial apicid	: 1
fpu		: yes
fpu_exception	: yes
cpuid level	: 13
wp		: yes
flags		: fpu vme de pse tsc msr pae mce cx8 apic sep mtrr pge mca cmov pat pse36 clflush dts acpi mmx fxsr sse sse2 ss ht tm pbe syscall nx rdtscp lm constant_tsc arch_perfmon pebs bts rep_good nopl xtopology nonstop_tsc aperfmperf eagerfpu pni pclmulqdq dtes64 monitor ds_cpl vmx est tm2 ssse3 cx16 xtpr pdcm pcid sse4_1 sse4_2 x2apic popcnt tsc_deadline_timer aes xsave avx f16c rdrand lahf_lm ida arat epb xsaveopt pln pts dtherm tpr_shadow vnmi flexpriority ept vpid fsgsbase smep erms
bogomips	: 5187.85
clflush size	: 64
cache_alignment	: 64
address sizes	: 36 bits physical, 48 bits virtual
power management:

processor	: 2
vendor_id	: GenuineIntel
cpu family	: 6
model		: 58
model name	: Intel(R) Core(TM) i5-3230M CPU @ 2.60GHz
stepping	: 9
microcode	: 0x15
cpu MHz		: 2500.000
cache size	: 3072 KB
physical id	: 0
siblings	: 4
core id		: 1
cpu cores	: 2
apicid		: 2
initial apicid	: 2
fpu		: yes
fpu_exception	: yes
cpuid level	: 13
wp		: yes
flags		: fpu vme de pse tsc msr pae mce cx8 apic sep mtrr pge mca cmov pat pse36 clflush dts acpi mmx fxsr sse sse2 ss ht tm pbe syscall nx rdtscp lm constant_tsc arch_perfmon pebs bts rep_good nopl xtopology nonstop_tsc aperfmperf eagerfpu pni pclmulqdq dtes64 monitor ds_cpl vmx est tm2 ssse3 cx16 xtpr pdcm pcid sse4_1 sse4_2 x2apic popcnt tsc_deadline_timer aes xsave avx f16c rdrand lahf_lm ida arat epb xsaveopt pln pts dtherm tpr_shadow vnmi flexpriority ept vpid fsgsbase smep erms
bogomips	: 5187.85
clflush size	: 64
cache_alignment	: 64
address sizes	: 36 bits physical, 48 bits virtual
power management:

processor	: 3
vendor_id	: GenuineIntel
cpu family	: 6
model		: 58
model name	: Intel(R) Core(TM) i5-3230M CPU @ 2.60GHz
stepping	: 9
microcode	: 0x15
cpu MHz		: 2601.000
cache size	: 3072 KB
physical id	: 0
siblings	: 4
core id		: 1
cpu cores	: 2
apicid		: 3
initial apicid	: 3
fpu		: yes
fpu_exception	: yes
cpuid level	: 13
wp		: yes
flags		: fpu vme de pse tsc msr pae mce cx8 apic sep mtrr pge mca cmov pat pse36 clflush dts acpi mmx fxsr sse sse2 ss ht tm pbe syscall nx rdtscp lm constant_tsc arch_perfmon pebs bts rep_good nopl xtopology nonstop_tsc aperfmperf eagerfpu pni pclmulqdq dtes64 monitor ds_cpl vmx est tm2 ssse3 cx16 xtpr pdcm pcid sse4_1 sse4_2 x2apic popcnt tsc_deadline_timer aes xsave avx f16c rdrand lahf_lm ida arat epb xsaveopt pln pts dtherm tpr_shadow vnmi flexpriority ept vpid fsgsbase smep erms
bogomips	: 5187.85
clflush size	: 64
cache_alignment	: 64
address sizes	: 36 bits physical, 48 bits virtual
power management:



Memory: 4k page, physical 3920420k(143968k free), swap 7762940k(7745528k free)

vm_info: Java HotSpot(TM) 64-Bit Server VM (25.25-b02) for linux-amd64 JRE (1.8.0_25-b17), built on Sep 17 2014 17:32:11 by "java_re" with gcc 4.3.0 20080428 (Red Hat 4.3.0-8)

time: Sat Nov 14 18:50:32 2015
elapsed time: 13 seconds (0d 0h 0m 13s)

