#
# A fatal error has been detected by the Java Runtime Environment:
#
#  SIGSEGV (0xb) at pc=0x00007f56fd021192, pid=26770, tid=140010259330816
#
# JRE version: Java(TM) SE Runtime Environment (8.0_66-b17) (build 1.8.0_66-b17)
# Java VM: Java HotSpot(TM) 64-Bit Server VM (25.66-b17 mixed mode linux-amd64 compressed oops)
# Problematic frame:
# j  com.sun.glass.ui.gtk.GtkView.notifyInputMethodDraw(Ljava/lang/String;III[B)V+50
#
# Failed to write core dump. Core dumps have been disabled. To enable core dumping, try "ulimit -c unlimited" before starting Java again
#
# If you would like to submit a bug report, please visit:
#   http://bugreport.java.com/bugreport/crash.jsp
#

---------------  T H R E A D  ---------------

Current thread (0x00007f570c31a000):  JavaThread "JavaFX Application Thread" [_thread_in_Java, id=26791, stack(0x00007f56adb5b000,0x00007f56adc5c000)]

siginfo: si_signo: 11 (SIGSEGV), si_code: 1 (SEGV_MAPERR), si_addr: 0x00000000a001bd68

Registers:
RAX=0x0000000000100000, RBX=0x00007f56fc598d88, RCX=0x00000000a001bd68, RDX=0x0000000070500003
RSP=0x00007f56adc593d0, RBP=0x00007f56adc59430, RSI=0x00007f56fd010c00, RDI=0x00007f56adc59550
R8 =0x00007f56fd010c00, R9 =0x00007f56adc596f8, R10=0x00007f57127f9260, R11=0x0000000000017101
R12=0x0000000000000000, R13=0x00007f56fca0792a, R14=0x00007f56adc594a8, R15=0x00007f570c31a000
RIP=0x00007f56fd021192, EFLAGS=0x0000000000010206, CSGSFS=0x0000000000000033, ERR=0x0000000000000004
  TRAPNO=0x000000000000000e

Top of Stack: (sp=0x00007f56adc593d0)
0x00007f56adc593d0:   00007f56fd0079d0 00000000ecc78958
0x00007f56adc593e0:   0000000000000000 00000000a001bd68
0x00007f56adc593f0:   00007f56adc593f0 00007f56fca0792a
0x00007f56adc59400:   00007f56adc594a8 00007f56fca1cc28
0x00007f56adc59410:   0000000000000000 00007f56fca07af8
0x00007f56adc59420:   0000000000000000 00007f56adc59480
0x00007f56adc59430:   00007f56adc59510 00007f56fd0007a7
0x00007f56adc59440:   0000000000000000 0000000000000000
0x00007f56adc59450:   0000000000000000 0000000000000000
0x00007f56adc59460:   0000000000000000 0000000000000000
0x00007f56adc59470:   0000000000000000 0000000000000000
0x00007f56adc59480:   00000000ecc78988 95eeb02b00000001
0x00007f56adc59490:   0000000000000000 ffffffff00000000
0x00007f56adc594a0:   00000000ecc78958 00007f56a001bd38
0x00007f56adc594b0:   0000000000001fa0 00007f570c319b38
0x00007f56adc594c0:   00007f570c31a000 00007f56adc59590
0x00007f56adc594d0:   00007f56a001bd38 00007f56adc59550
0x00007f56adc594e0:   00007f56adc59550 00007f56adc598a8
0x00007f56adc594f0:   00007f560000000a 00007f56fca07af8
0x00007f56adc59500:   00007f56fd010c00 00007f56adc596f8
0x00007f56adc59510:   00007f56adc59680 00007f5711ed3c46
0x00007f56adc59520:   00007f5600000006 00007f570c31a000
0x00007f56adc59530:   00007f56adc596f0 00007f56adc598a0
0x00007f56adc59540:   00007f56fd010c00 00007f570000000a
0x00007f56adc59550:   00007f570c31a000 00007f56a0000a30
0x00007f56adc59560:   00007f56fca07af8 00007f56a001bd38
0x00007f56adc59570:   00007f56adc5a640 00007f56fd015968
0x00007f56adc59580:   00007f56adc5a6a0 00007f56adc598a0
0x00007f56adc59590:   00007f570c31a000 00007f570c319ae0
0x00007f56adc595a0:   00007f570c319b20 00007f570c319b40
0x00007f56adc595b0:   00007f570c319c08 00000000000000d8
0x00007f56adc595c0:   00007f56adc5a8d0 0000000000000001 

Instructions: (pc=0x00007f56fd021192)
0x00007f56fd021172:   7f 12 57 7f 00 00 49 8b 14 d2 52 41 8b d5 4c 8b
0x00007f56fd021182:   6d c8 8b c2 81 e0 00 00 10 00 0f 84 6a 01 00 00
0x00007f56fd021192:   48 3b 01 48 8b 45 e0 48 85 c0 0f 84 12 00 00 00
0x00007f56fd0211a2:   48 83 40 08 01 48 83 58 08 00 48 83 c0 30 48 89 

Register to memory mapping:

RAX=0x0000000000100000 is an unknown value
RBX={method} {0x00007f56fc598d88} 'insert' '(ILjava/lang/String;)Ljava/lang/StringBuilder;' in 'java/lang/StringBuilder'
RCX=0x00000000a001bd68 is an unknown value
RDX=0x0000000070500003 is an unknown value
RSP=0x00007f56adc593d0 is pointing into the stack for thread: 0x00007f570c31a000
RBP=0x00007f56adc59430 is pointing into the stack for thread: 0x00007f570c31a000
RSI=0x00007f56fd010c00 is at code_begin+0 in an Interpreter codelet
method entry point (kind = zerolocals)  [0x00007f56fd010c00, 0x00007f56fd011080]  1152 bytes
RDI=0x00007f56adc59550 is pointing into the stack for thread: 0x00007f570c31a000
R8 =0x00007f56fd010c00 is at code_begin+0 in an Interpreter codelet
method entry point (kind = zerolocals)  [0x00007f56fd010c00, 0x00007f56fd011080]  1152 bytes
R9 =0x00007f56adc596f8 is pointing into the stack for thread: 0x00007f570c31a000
R10=0x00007f57127f9260: <offset 0xfb1260> in /usr/lib/jvm/jdk1.8.0_66/jre/lib/amd64/server/libjvm.so at 0x00007f5711848000
R11=0x0000000000017101 is an unknown value
R12=0x0000000000000000 is an unknown value
R13=0x00007f56fca0792a is pointing into metadata
R14=0x00007f56adc594a8 is pointing into the stack for thread: 0x00007f570c31a000
R15=0x00007f570c31a000 is a thread


Stack: [0x00007f56adb5b000,0x00007f56adc5c000],  sp=0x00007f56adc593d0,  free space=1016k
Native frames: (J=compiled Java code, j=interpreted, Vv=VM code, C=native code)
j  com.sun.glass.ui.gtk.GtkView.notifyInputMethodDraw(Ljava/lang/String;III[B)V+50
v  ~StubRoutines::call_stub
V  [libjvm.so+0x68bc46]  JavaCalls::call_helper(JavaValue*, methodHandle*, JavaCallArguments*, Thread*)+0x1056
V  [libjvm.so+0x6cdeeb]  jni_invoke_nonstatic(JNIEnv_*, JavaValue*, _jobject*, JNICallType, _jmethodID*, JNI_ArgumentPusher*, Thread*)+0x40b
V  [libjvm.so+0x6d22bf]  jni_CallVoidMethodV+0x10f
C  [libglass.so+0x18641]  JNIEnv_::CallVoidMethod(_jobject*, _jmethodID*, ...)+0x81
C  [libglass.so+0x19ca9]  im_preedit_draw(_XIM*, char*, char*)+0x219
C  [libX11.so.6+0x61138]
C  0x0000000000000000


---------------  P R O C E S S  ---------------

Java Threads: ( => current thread )
  0x00007f56a0395000 JavaThread "Prism Font Disposer" daemon [_thread_blocked, id=26797, stack(0x00007f56ac842000,0x00007f56ac943000)]
  0x00007f56a018f000 JavaThread "Abandoned connection cleanup thread" daemon [_thread_blocked, id=26793, stack(0x00007f56ad759000,0x00007f56ad85a000)]
  0x00007f570c31e000 JavaThread "JavaFX-Launcher" [_thread_blocked, id=26792, stack(0x00007f56ada5a000,0x00007f56adb5b000)]
=>0x00007f570c31a000 JavaThread "JavaFX Application Thread" [_thread_in_Java, id=26791, stack(0x00007f56adb5b000,0x00007f56adc5c000)]
  0x00007f570c316000 JavaThread "Thread-1" daemon [_thread_blocked, id=26790, stack(0x00007f56b8025000,0x00007f56b8126000)]
  0x00007f570c26f000 JavaThread "QuantumRenderer-0" daemon [_thread_blocked, id=26789, stack(0x00007f56f4b65000,0x00007f56f4c66000)]
  0x00007f570c187000 JavaThread "Service Thread" daemon [_thread_blocked, id=26786, stack(0x00007f56f4dfc000,0x00007f56f4efd000)]
  0x00007f570c182000 JavaThread "C1 CompilerThread2" daemon [_thread_blocked, id=26785, stack(0x00007f56f4efd000,0x00007f56f4ffe000)]
  0x00007f570c180000 JavaThread "C2 CompilerThread1" daemon [_thread_blocked, id=26784, stack(0x00007f56f4ffe000,0x00007f56f50ff000)]
  0x00007f570c17d000 JavaThread "C2 CompilerThread0" daemon [_thread_blocked, id=26783, stack(0x00007f56f50ff000,0x00007f56f5200000)]
  0x00007f570c17b800 JavaThread "Signal Dispatcher" daemon [_thread_blocked, id=26782, stack(0x00007f56f5200000,0x00007f56f5301000)]
  0x00007f570c145000 JavaThread "Finalizer" daemon [_thread_blocked, id=26781, stack(0x00007f56f5301000,0x00007f56f5402000)]
  0x00007f570c143000 JavaThread "Reference Handler" daemon [_thread_blocked, id=26780, stack(0x00007f56f5402000,0x00007f56f5503000)]
  0x00007f570c008800 JavaThread "main" [_thread_blocked, id=26771, stack(0x00007f5713319000,0x00007f571341a000)]

Other Threads:
  0x00007f570c13e000 VMThread [stack: 0x00007f56f5503000,0x00007f56f5604000] [id=26779]
  0x00007f570c18a000 WatcherThread [stack: 0x00007f56f4cfb000,0x00007f56f4dfc000] [id=26787]

VM state:not at safepoint (normal execution)

VM Mutex/Monitor currently owned by a thread: None

Heap:
 PSYoungGen      total 17920K, used 11775K [0x00000000ec100000, 0x00000000ed500000, 0x0000000100000000)
  eden space 15360K, 76% used [0x00000000ec100000,0x00000000ecc7fde0,0x00000000ed000000)
  from space 2560K, 0% used [0x00000000ed280000,0x00000000ed280000,0x00000000ed500000)
  to   space 2560K, 0% used [0x00000000ed000000,0x00000000ed000000,0x00000000ed280000)
 ParOldGen       total 26624K, used 7818K [0x00000000c4200000, 0x00000000c5c00000, 0x00000000ec100000)
  object space 26624K, 29% used [0x00000000c4200000,0x00000000c49a2ae8,0x00000000c5c00000)
 Metaspace       used 21200K, capacity 22278K, committed 22400K, reserved 1069056K
  class space    used 2903K, capacity 3154K, committed 3200K, reserved 1048576K

Card table byte_map: [0x00007f5710535000,0x00007f5710715000] byte_map_base: 0x00007f570ff14000

Marking Bits: (ParMarkBitMap*) 0x00007f57127f7020
 Begin Bits: [0x00007f56f6210000, 0x00007f56f7108000)
 End Bits:   [0x00007f56f7108000, 0x00007f56f8000000)

Polling page: 0x00007f5713436000

CodeCache: size=245760Kb used=8749Kb max_used=8761Kb free=237010Kb
 bounds [0x00007f56fd000000, 0x00007f56fd8a0000, 0x00007f570c000000]
 total_blobs=3569 nmethods=2861 adapters=621
 compilation: enabled

Compilation events (10 events):
Event: 55,452 Thread 0x00007f570c182000 3003       3       com.sun.prism.impl.ps.BaseShaderContext::updatePaintShader (157 bytes)
Event: 55,454 Thread 0x00007f570c182000 nmethod 3003 0x00007f56fd88b210 code [0x00007f56fd88b400, 0x00007f56fd88bc88]
Event: 55,696 Thread 0x00007f570c182000 3004       3       com.sun.prism.impl.ps.BaseShaderContext::getPaintShader (262 bytes)
Event: 55,701 Thread 0x00007f570c182000 nmethod 3004 0x00007f56fd88bfd0 code [0x00007f56fd88c3e0, 0x00007f56fd88eec8]
Event: 55,701 Thread 0x00007f570c182000 3005       3       com.sun.prism.impl.ps.BaseShaderContext::getStockShaderIndex (57 bytes)
Event: 55,701 Thread 0x00007f570c182000 nmethod 3005 0x00007f56fd890350 code [0x00007f56fd8904e0, 0x00007f56fd890b50]
Event: 56,382 Thread 0x00007f570c182000 3006       1       com.sun.javafx.sg.prism.NGNode::getOpacity (5 bytes)
Event: 56,383 Thread 0x00007f570c182000 nmethod 3006 0x00007f56fd8856d0 code [0x00007f56fd885820, 0x00007f56fd885930]
Event: 56,446 Thread 0x00007f570c17d000 3007       4       java.util.concurrent.LinkedBlockingDeque::unlinkFirst (74 bytes)
Event: 56,456 Thread 0x00007f570c17d000 nmethod 3007 0x00007f56fd893d10 code [0x00007f56fd893ea0, 0x00007f56fd894308]

GC Heap History (10 events):
Event: 0,832 GC heap before
{Heap before GC invocations=1 (full 0):
 PSYoungGen      total 17920K, used 15360K [0x00000000ec100000, 0x00000000ed500000, 0x0000000100000000)
  eden space 15360K, 100% used [0x00000000ec100000,0x00000000ed000000,0x00000000ed000000)
  from space 2560K, 0% used [0x00000000ed280000,0x00000000ed280000,0x00000000ed500000)
  to   space 2560K, 0% used [0x00000000ed000000,0x00000000ed000000,0x00000000ed280000)
 ParOldGen       total 40960K, used 0K [0x00000000c4200000, 0x00000000c6a00000, 0x00000000ec100000)
  object space 40960K, 0% used [0x00000000c4200000,0x00000000c4200000,0x00000000c6a00000)
 Metaspace       used 9319K, capacity 9680K, committed 9856K, reserved 1058816K
  class space    used 1196K, capacity 1302K, committed 1408K, reserved 1048576K
Event: 0,836 GC heap after
Heap after GC invocations=1 (full 0):
 PSYoungGen      total 17920K, used 2192K [0x00000000ec100000, 0x00000000ed500000, 0x0000000100000000)
  eden space 15360K, 0% used [0x00000000ec100000,0x00000000ec100000,0x00000000ed000000)
  from space 2560K, 85% used [0x00000000ed000000,0x00000000ed224040,0x00000000ed280000)
  to   space 2560K, 0% used [0x00000000ed280000,0x00000000ed280000,0x00000000ed500000)
 ParOldGen       total 40960K, used 8K [0x00000000c4200000, 0x00000000c6a00000, 0x00000000ec100000)
  object space 40960K, 0% used [0x00000000c4200000,0x00000000c4202000,0x00000000c6a00000)
 Metaspace       used 9319K, capacity 9680K, committed 9856K, reserved 1058816K
  class space    used 1196K, capacity 1302K, committed 1408K, reserved 1048576K
}
Event: 5,690 GC heap before
{Heap before GC invocations=2 (full 0):
 PSYoungGen      total 17920K, used 17552K [0x00000000ec100000, 0x00000000ed500000, 0x0000000100000000)
  eden space 15360K, 100% used [0x00000000ec100000,0x00000000ed000000,0x00000000ed000000)
  from space 2560K, 85% used [0x00000000ed000000,0x00000000ed224040,0x00000000ed280000)
  to   space 2560K, 0% used [0x00000000ed280000,0x00000000ed280000,0x00000000ed500000)
 ParOldGen       total 40960K, used 8K [0x00000000c4200000, 0x00000000c6a00000, 0x00000000ec100000)
  object space 40960K, 0% used [0x00000000c4200000,0x00000000c4202000,0x00000000c6a00000)
 Metaspace       used 15186K, capacity 15632K, committed 15744K, reserved 1062912K
  class space    used 1958K, capacity 2107K, committed 2176K, reserved 1048576K
Event: 5,711 GC heap after
Heap after GC invocations=2 (full 0):
 PSYoungGen      total 17920K, used 2528K [0x00000000ec100000, 0x00000000ed500000, 0x0000000100000000)
  eden space 15360K, 0% used [0x00000000ec100000,0x00000000ec100000,0x00000000ed000000)
  from space 2560K, 98% used [0x00000000ed280000,0x00000000ed4f8040,0x00000000ed500000)
  to   space 2560K, 0% used [0x00000000ed000000,0x00000000ed000000,0x00000000ed280000)
 ParOldGen       total 40960K, used 2601K [0x00000000c4200000, 0x00000000c6a00000, 0x00000000ec100000)
  object space 40960K, 6% used [0x00000000c4200000,0x00000000c448a600,0x00000000c6a00000)
 Metaspace       used 15186K, capacity 15632K, committed 15744K, reserved 1062912K
  class space    used 1958K, capacity 2107K, committed 2176K, reserved 1048576K
}
Event: 41,039 GC heap before
{Heap before GC invocations=3 (full 0):
 PSYoungGen      total 17920K, used 17888K [0x00000000ec100000, 0x00000000ed500000, 0x0000000100000000)
  eden space 15360K, 100% used [0x00000000ec100000,0x00000000ed000000,0x00000000ed000000)
  from space 2560K, 98% used [0x00000000ed280000,0x00000000ed4f8040,0x00000000ed500000)
  to   space 2560K, 0% used [0x00000000ed000000,0x00000000ed000000,0x00000000ed280000)
 ParOldGen       total 40960K, used 2601K [0x00000000c4200000, 0x00000000c6a00000, 0x00000000ec100000)
  object space 40960K, 6% used [0x00000000c4200000,0x00000000c448a600,0x00000000c6a00000)
 Metaspace       used 19044K, capacity 19696K, committed 19968K, reserved 1067008K
  class space    used 2574K, capacity 2735K, committed 2816K, reserved 1048576K
Event: 41,049 GC heap after
Heap after GC invocations=3 (full 0):
 PSYoungGen      total 17920K, used 2528K [0x00000000ec100000, 0x00000000ed500000, 0x0000000100000000)
  eden space 15360K, 0% used [0x00000000ec100000,0x00000000ec100000,0x00000000ed000000)
  from space 2560K, 98% used [0x00000000ed000000,0x00000000ed278058,0x00000000ed280000)
  to   space 2560K, 0% used [0x00000000ed280000,0x00000000ed280000,0x00000000ed500000)
 ParOldGen       total 40960K, used 4918K [0x00000000c4200000, 0x00000000c6a00000, 0x00000000ec100000)
  object space 40960K, 12% used [0x00000000c4200000,0x00000000c46cdb98,0x00000000c6a00000)
 Metaspace       used 19044K, capacity 19696K, committed 19968K, reserved 1067008K
  class space    used 2574K, capacity 2735K, committed 2816K, reserved 1048576K
}
Event: 45,526 GC heap before
{Heap before GC invocations=4 (full 0):
 PSYoungGen      total 17920K, used 13502K [0x00000000ec100000, 0x00000000ed500000, 0x0000000100000000)
  eden space 15360K, 71% used [0x00000000ec100000,0x00000000ecbb7880,0x00000000ed000000)
  from space 2560K, 98% used [0x00000000ed000000,0x00000000ed278058,0x00000000ed280000)
  to   space 2560K, 0% used [0x00000000ed280000,0x00000000ed280000,0x00000000ed500000)
 ParOldGen       total 40960K, used 4918K [0x00000000c4200000, 0x00000000c6a00000, 0x00000000ec100000)
  object space 40960K, 12% used [0x00000000c4200000,0x00000000c46cdb98,0x00000000c6a00000)
 Metaspace       used 20271K, capacity 21136K, committed 21248K, reserved 1067008K
  class space    used 2770K, capacity 2995K, committed 3072K, reserved 1048576K
Event: 45,534 GC heap after
Heap after GC invocations=4 (full 0):
 PSYoungGen      total 17920K, used 2528K [0x00000000ec100000, 0x00000000ed500000, 0x0000000100000000)
  eden space 15360K, 0% used [0x00000000ec100000,0x00000000ec100000,0x00000000ed000000)
  from space 2560K, 98% used [0x00000000ed280000,0x00000000ed4f8038,0x00000000ed500000)
  to   space 2560K, 0% used [0x00000000ed000000,0x00000000ed000000,0x00000000ed280000)
 ParOldGen       total 40960K, used 5590K [0x00000000c4200000, 0x00000000c6a00000, 0x00000000ec100000)
  object space 40960K, 13% used [0x00000000c4200000,0x00000000c4775b98,0x00000000c6a00000)
 Metaspace       used 20271K, capacity 21136K, committed 21248K, reserved 1067008K
  class space    used 2770K, capacity 2995K, committed 3072K, reserved 1048576K
}
Event: 45,534 GC heap before
{Heap before GC invocations=5 (full 1):
 PSYoungGen      total 17920K, used 2528K [0x00000000ec100000, 0x00000000ed500000, 0x0000000100000000)
  eden space 15360K, 0% used [0x00000000ec100000,0x00000000ec100000,0x00000000ed000000)
  from space 2560K, 98% used [0x00000000ed280000,0x00000000ed4f8038,0x00000000ed500000)
  to   space 2560K, 0% used [0x00000000ed000000,0x00000000ed000000,0x00000000ed280000)
 ParOldGen       total 40960K, used 5590K [0x00000000c4200000, 0x00000000c6a00000, 0x00000000ec100000)
  object space 40960K, 13% used [0x00000000c4200000,0x00000000c4775b98,0x00000000c6a00000)
 Metaspace       used 20271K, capacity 21136K, committed 21248K, reserved 1067008K
  class space    used 2770K, capacity 2995K, committed 3072K, reserved 1048576K
Event: 45,607 GC heap after
Heap after GC invocations=5 (full 1):
 PSYoungGen      total 17920K, used 0K [0x00000000ec100000, 0x00000000ed500000, 0x0000000100000000)
  eden space 15360K, 0% used [0x00000000ec100000,0x00000000ec100000,0x00000000ed000000)
  from space 2560K, 0% used [0x00000000ed280000,0x00000000ed280000,0x00000000ed500000)
  to   space 2560K, 0% used [0x00000000ed000000,0x00000000ed000000,0x00000000ed280000)
 ParOldGen       total 26624K, used 7818K [0x00000000c4200000, 0x00000000c5c00000, 0x00000000ec100000)
  object space 26624K, 29% used [0x00000000c4200000,0x00000000c49a2ae8,0x00000000c5c00000)
 Metaspace       used 20271K, capacity 21136K, committed 21248K, reserved 1067008K
  class space    used 2770K, capacity 2995K, committed 3072K, reserved 1048576K
}

Deoptimization events (10 events):
Event: 6,305 Thread 0x00007f570c31a000 Uncommon trap: reason=unstable_if action=reinterpret pc=0x00007f56fd3553a4 method=jdk.internal.org.objectweb.asm.Type.getArgumentsAndReturnSizes(Ljava/lang/String;)I @ 47
Event: 45,471 Thread 0x00007f570c31a000 Uncommon trap: reason=array_check action=maybe_recompile pc=0x00007f56fd730ef0 method=com.sun.javafx.css.SimpleSelector.applies(Ljavafx/css/Styleable;[Ljava/util/Set;I)Z @ 37
Event: 45,471 Thread 0x00007f570c31a000 Uncommon trap: reason=array_check action=maybe_recompile pc=0x00007f56fd730ef0 method=com.sun.javafx.css.SimpleSelector.applies(Ljavafx/css/Styleable;[Ljava/util/Set;I)Z @ 37
Event: 45,471 Thread 0x00007f570c31a000 Uncommon trap: reason=array_check action=maybe_recompile pc=0x00007f56fd730ef0 method=com.sun.javafx.css.SimpleSelector.applies(Ljavafx/css/Styleable;[Ljava/util/Set;I)Z @ 37
Event: 45,471 Thread 0x00007f570c31a000 Uncommon trap: reason=array_check action=maybe_recompile pc=0x00007f56fd730ef0 method=com.sun.javafx.css.SimpleSelector.applies(Ljavafx/css/Styleable;[Ljava/util/Set;I)Z @ 37
Event: 45,512 Thread 0x00007f570c31a000 Uncommon trap: reason=array_check action=maybe_recompile pc=0x00007f56fd73a2c8 method=com.sun.javafx.css.SimpleSelector.applies(Ljavafx/css/Styleable;[Ljava/util/Set;I)Z @ 37
Event: 45,611 Thread 0x00007f570c31a000 Uncommon trap: reason=unstable_if action=reinterpret pc=0x00007f56fd6ea37c method=com.sun.javafx.css.BitSet.add(Ljava/lang/Object;)Z @ 91
Event: 45,802 Thread 0x00007f570c31a000 Uncommon trap: reason=unstable_if action=reinterpret pc=0x00007f56fd607a68 method=javafx.scene.Node.hasProperties()Z @ 16
Event: 45,805 Thread 0x00007f570c31a000 Uncommon trap: reason=unstable_if action=reinterpret pc=0x00007f56fd5f8994 method=javafx.scene.Node.hasProperties()Z @ 16
Event: 45,809 Thread 0x00007f570c31a000 Uncommon trap: reason=unstable_if action=reinterpret pc=0x00007f56fd5748dc method=java.lang.Math.round(D)J @ 48

Internal exceptions (10 events):
Event: 0,800 Thread 0x00007f570c31a000 Exception <a 'java/lang/ArrayIndexOutOfBoundsException': 18> (0x00000000ece60128) thrown at [/HUDSON/workspace/8-2-build-linux-amd64/jdk8u66/4988/hotspot/src/share/vm/interpreter/interpreterRuntime.cpp, line 366]
Event: 0,801 Thread 0x00007f570c31a000 Exception <a 'java/lang/ArrayIndexOutOfBoundsException': 86> (0x00000000ece614d0) thrown at [/HUDSON/workspace/8-2-build-linux-amd64/jdk8u66/4988/hotspot/src/share/vm/interpreter/interpreterRuntime.cpp, line 366]
Event: 0,829 Thread 0x00007f570c31a000 Exception <a 'java/lang/ArrayIndexOutOfBoundsException'> (0x00000000ecfdb620) thrown at [/HUDSON/workspace/8-2-build-linux-amd64/jdk8u66/4988/hotspot/src/share/vm/runtime/sharedRuntime.cpp, line 605]
Event: 0,846 Thread 0x00007f570c31a000 Exception <a 'java/lang/ArrayIndexOutOfBoundsException'> (0x00000000ec150338) thrown at [/HUDSON/workspace/8-2-build-linux-amd64/jdk8u66/4988/hotspot/src/share/vm/runtime/sharedRuntime.cpp, line 605]
Event: 1,033 Thread 0x00007f570c31a000 Implicit null exception at 0x00007f56fd25c473 to 0x00007f56fd25c7e9
Event: 5,442 Thread 0x00007f570c31a000 Exception <a 'java/lang/reflect/InvocationTargetException'> (0x00000000ecc65850) thrown at [/HUDSON/workspace/8-2-build-linux-amd64/jdk8u66/4988/hotspot/src/share/vm/runtime/reflection.cpp, line 1092]
Event: 5,518 Thread 0x00007f570c31a000 Implicit null exception at 0x00007f56fd2cde75 to 0x00007f56fd2ce091
Event: 5,518 Thread 0x00007f570c31a000 Implicit null exception at 0x00007f56fd324858 to 0x00007f56fd3248e6
Event: 45,213 Thread 0x00007f570c31a000 Exception <a 'java/lang/reflect/InvocationTargetException'> (0x00000000ec7b9f00) thrown at [/HUDSON/workspace/8-2-build-linux-amd64/jdk8u66/4988/hotspot/src/share/vm/runtime/reflection.cpp, line 1092]
Event: 53,375 Thread 0x00007f570c31a000 Exception <a 'java/lang/reflect/InvocationTargetException'> (0x00000000ecb29be8) thrown at [/HUDSON/workspace/8-2-build-linux-amd64/jdk8u66/4988/hotspot/src/share/vm/runtime/reflection.cpp, line 1092]

Events (10 events):
Event: 53,455 Executing VM operation: RevokeBias
Event: 53,455 Executing VM operation: RevokeBias done
Event: 54,923 loading class com/sun/glass/ui/ClipboardAssistance
Event: 54,923 loading class com/sun/glass/ui/ClipboardAssistance done
Event: 54,924 loading class com/sun/javafx/tk/quantum/GlassViewEventHandler
Event: 54,924 loading class com/sun/javafx/tk/quantum/GlassViewEventHandler done
Event: 54,927 loading class com/sun/glass/ui/ClipboardAssistance
Event: 54,927 loading class com/sun/glass/ui/ClipboardAssistance done
Event: 54,927 loading class com/sun/javafx/tk/quantum/GlassSceneDnDEventHandler
Event: 54,927 loading class com/sun/javafx/tk/quantum/GlassSceneDnDEventHandler done


Dynamic libraries:
00400000-00401000 r-xp 00000000 fd:00 160703                             /usr/lib/jvm/jdk1.8.0_66/jre/bin/java
00600000-00601000 rw-p 00000000 fd:00 160703                             /usr/lib/jvm/jdk1.8.0_66/jre/bin/java
018d4000-018f5000 rw-p 00000000 00:00 0                                  [heap]
c4200000-c5c00000 rw-p 00000000 00:00 0 
c5c00000-ec100000 ---p 00000000 00:00 0 
ec100000-ed500000 rw-p 00000000 00:00 0 
ed500000-100000000 ---p 00000000 00:00 0 
100000000-100320000 rw-p 00000000 00:00 0 
100320000-140000000 ---p 00000000 00:00 0 
7f5697c26000-7f5697c28000 rw-p 00000000 00:00 0 
7f5697c28000-7f5697c30000 rw-s 00000000 00:05 436943                     /drm mm object (deleted)
7f5697c30000-7f5697df0000 rw-s 00000000 00:05 439838                     /drm mm object (deleted)
7f5697df0000-7f5697eb0000 rw-p 00000000 00:00 0 
7f5697eb0000-7f5697ff0000 ---p 00000000 00:00 0 
7f5697ff0000-7f5698000000 rw-s 00000000 00:05 436941                     /drm mm object (deleted)
7f5698000000-7f5698021000 rw-p 00000000 00:00 0 
7f5698021000-7f569c000000 ---p 00000000 00:00 0 
7f569c000000-7f569c021000 rw-p 00000000 00:00 0 
7f569c021000-7f56a0000000 ---p 00000000 00:00 0 
7f56a0000000-7f56a0835000 rw-p 00000000 00:00 0 
7f56a0835000-7f56a4000000 ---p 00000000 00:00 0 
7f56a4000000-7f56a4021000 rw-p 00000000 00:00 0 
7f56a4021000-7f56a8000000 ---p 00000000 00:00 0 
7f56a8000000-7f56a8021000 rw-p 00000000 00:00 0 
7f56a8021000-7f56ac000000 ---p 00000000 00:00 0 
7f56ac000000-7f56ac001000 rw-p 00000000 00:00 0 
7f56ac001000-7f56ac002000 rw-s 00000000 00:05 436945                     /drm mm object (deleted)
7f56ac002000-7f56ac003000 rw-s 00000000 00:05 436934                     /drm mm object (deleted)
7f56ac003000-7f56ac00a000 r--s 00000000 fd:00 2493270                    /usr/lib64/gconv/gconv-modules.cache
7f56ac00a000-7f56ac012000 rw-s 00000000 00:05 436939                     /drm mm object (deleted)
7f56ac012000-7f56ac212000 rw-p 00000000 00:00 0 
7f56ac212000-7f56ac222000 rw-s 00000000 00:05 436938                     /drm mm object (deleted)
7f56ac222000-7f56ac232000 rw-s 00000000 00:05 436935                     /drm mm object (deleted)
7f56ac232000-7f56ac3f2000 rw-s 106c9d000 00:06 11675                     /dev/dri/card0
7f56ac3f2000-7f56ac452000 rw-s 00000000 00:05 436170                     /drm mm object (deleted)
7f56ac452000-7f56ac460000 rw-s 00000000 00:05 436169                     /drm mm object (deleted)
7f56ac460000-7f56ac620000 rw-s 00000000 00:05 436892                     /drm mm object (deleted)
7f56ac620000-7f56ac630000 rw-s 00000000 00:05 436895                     /drm mm object (deleted)
7f56ac630000-7f56ac642000 r--s 00345000 fd:00 160749                     /usr/lib/jvm/jdk1.8.0_66/jre/lib/resources.jar
7f56ac642000-7f56ac842000 rw-p 00000000 00:00 0 
7f56ac842000-7f56ac845000 ---p 00000000 00:00 0 
7f56ac845000-7f56ac943000 rw-p 00000000 00:00 0                          [stack:26797]
7f56ac943000-7f56ac9fc000 r--p 00000000 fd:00 3165231                    /usr/share/fonts/dejavu/DejaVuSans.ttf
7f56ac9fc000-7f56aca36000 r--p 00000000 fd:00 160850                     /usr/lib/jvm/jdk1.8.0_66/jre/lib/fonts/LucidaTypewriterBold.ttf
7f56aca36000-7f56acae1000 r--p 00000000 fd:00 160844                     /usr/lib/jvm/jdk1.8.0_66/jre/lib/fonts/LucidaSansRegular.ttf
7f56acae1000-7f56acb36000 r--p 00000000 fd:00 160845                     /usr/lib/jvm/jdk1.8.0_66/jre/lib/fonts/LucidaBrightRegular.ttf
7f56acb36000-7f56acb3a000 r-xp 00000000 fd:00 160760                     /usr/lib/jvm/jdk1.8.0_66/jre/lib/amd64/libjavafx_font_pango.so
7f56acb3a000-7f56acd39000 ---p 00004000 fd:00 160760                     /usr/lib/jvm/jdk1.8.0_66/jre/lib/amd64/libjavafx_font_pango.so
7f56acd39000-7f56acd3a000 rw-p 00003000 fd:00 160760                     /usr/lib/jvm/jdk1.8.0_66/jre/lib/amd64/libjavafx_font_pango.so
7f56acd3a000-7f56acd3f000 r-xp 00000000 fd:00 160763                     /usr/lib/jvm/jdk1.8.0_66/jre/lib/amd64/libjavafx_font_freetype.so
7f56acd3f000-7f56acf3e000 ---p 00005000 fd:00 160763                     /usr/lib/jvm/jdk1.8.0_66/jre/lib/amd64/libjavafx_font_freetype.so
7f56acf3e000-7f56acf3f000 rw-p 00004000 fd:00 160763                     /usr/lib/jvm/jdk1.8.0_66/jre/lib/amd64/libjavafx_font_freetype.so
7f56acf3f000-7f56acf42000 r-xp 00000000 fd:00 160801                     /usr/lib/jvm/jdk1.8.0_66/jre/lib/amd64/libjavafx_font.so
7f56acf42000-7f56ad141000 ---p 00003000 fd:00 160801                     /usr/lib/jvm/jdk1.8.0_66/jre/lib/amd64/libjavafx_font.so
7f56ad141000-7f56ad142000 rw-p 00002000 fd:00 160801                     /usr/lib/jvm/jdk1.8.0_66/jre/lib/amd64/libjavafx_font.so
7f56ad142000-7f56ad342000 rw-p 00000000 00:00 0 
7f56ad342000-7f56ad358000 r-xp 00000000 fd:00 160800                     /usr/lib/jvm/jdk1.8.0_66/jre/lib/amd64/libnet.so
7f56ad358000-7f56ad558000 ---p 00016000 fd:00 160800                     /usr/lib/jvm/jdk1.8.0_66/jre/lib/amd64/libnet.so
7f56ad558000-7f56ad559000 rw-p 00016000 fd:00 160800                     /usr/lib/jvm/jdk1.8.0_66/jre/lib/amd64/libnet.so
7f56ad559000-7f56ad759000 rw-p 00000000 00:00 0 
7f56ad759000-7f56ad75c000 ---p 00000000 00:00 0 
7f56ad75c000-7f56ada5a000 rw-p 00000000 00:00 0                          [stack:26793]
7f56ada5a000-7f56ada5d000 ---p 00000000 00:00 0 
7f56ada5d000-7f56adb5b000 rw-p 00000000 00:00 0                          [stack:26792]
7f56adb5b000-7f56adb5e000 ---p 00000000 00:00 0 
7f56adb5e000-7f56adc5c000 rw-p 00000000 00:00 0                          [stack:26791]
7f56adc5c000-7f56adcd3000 r-xp 00000000 fd:00 2237377                    /usr/lib64/libfreebl3.so
7f56adcd3000-7f56aded2000 ---p 00077000 fd:00 2237377                    /usr/lib64/libfreebl3.so
7f56aded2000-7f56aded4000 r--p 00076000 fd:00 2237377                    /usr/lib64/libfreebl3.so
7f56aded4000-7f56aded5000 rw-p 00078000 fd:00 2237377                    /usr/lib64/libfreebl3.so
7f56aded5000-7f56aded9000 rw-p 00000000 00:00 0 
7f56aded9000-7f56adee0000 r-xp 00000000 fd:00 2235341                    /usr/lib64/libcrypt-2.21.so
7f56adee0000-7f56ae0df000 ---p 00007000 fd:00 2235341                    /usr/lib64/libcrypt-2.21.so
7f56ae0df000-7f56ae0e0000 r--p 00006000 fd:00 2235341                    /usr/lib64/libcrypt-2.21.so
7f56ae0e0000-7f56ae0e1000 rw-p 00007000 fd:00 2235341                    /usr/lib64/libcrypt-2.21.so
7f56ae0e1000-7f56ae10f000 rw-p 00000000 00:00 0 
7f56ae10f000-7f56ae115000 r-xp 00000000 fd:00 2237031                    /usr/lib64/libogg.so.0.8.2
7f56ae115000-7f56ae314000 ---p 00006000 fd:00 2237031                    /usr/lib64/libogg.so.0.8.2
7f56ae314000-7f56ae315000 r--p 00005000 fd:00 2237031                    /usr/lib64/libogg.so.0.8.2
7f56ae315000-7f56ae316000 rw-p 00006000 fd:00 2237031                    /usr/lib64/libogg.so.0.8.2
7f56ae316000-7f56ae341000 r-xp 00000000 fd:00 2237297                    /usr/lib64/libvorbis.so.0.4.7
7f56ae341000-7f56ae541000 ---p 0002b000 fd:00 2237297                    /usr/lib64/libvorbis.so.0.4.7
7f56ae541000-7f56ae542000 r--p 0002b000 fd:00 2237297                    /usr/lib64/libvorbis.so.0.4.7
7f56ae542000-7f56ae543000 rw-p 0002c000 fd:00 2237297                    /usr/lib64/libvorbis.so.0.4.7
7f56ae543000-7f56ae54c000 r-xp 00000000 fd:00 2236924                    /usr/lib64/libltdl.so.7.3.0
7f56ae54c000-7f56ae74b000 ---p 00009000 fd:00 2236924                    /usr/lib64/libltdl.so.7.3.0
7f56ae74b000-7f56ae74c000 r--p 00008000 fd:00 2236924                    /usr/lib64/libltdl.so.7.3.0
7f56ae74c000-7f56ae74d000 rw-p 00009000 fd:00 2236924                    /usr/lib64/libltdl.so.7.3.0
7f56ae74d000-7f56ae761000 r-xp 00000000 fd:00 2235942                    /usr/lib64/libtdb.so.1.3.7
7f56ae761000-7f56ae960000 ---p 00014000 fd:00 2235942                    /usr/lib64/libtdb.so.1.3.7
7f56ae960000-7f56ae961000 r--p 00013000 fd:00 2235942                    /usr/lib64/libtdb.so.1.3.7
7f56ae961000-7f56ae962000 rw-p 00014000 fd:00 2235942                    /usr/lib64/libtdb.so.1.3.7
7f56ae962000-7f56ae96a000 r-xp 00000000 fd:00 2237299                    /usr/lib64/libvorbisfile.so.3.3.6
7f56ae96a000-7f56aeb69000 ---p 00008000 fd:00 2237299                    /usr/lib64/libvorbisfile.so.3.3.6
7f56aeb69000-7f56aeb6a000 r--p 00007000 fd:00 2237299                    /usr/lib64/libvorbisfile.so.3.3.6
7f56aeb6a000-7f56aeb6b000 rw-p 00008000 fd:00 2237299                    /usr/lib64/libvorbisfile.so.3.3.6
7f56aeb6b000-7f56aeb7c000 r-xp 00000000 fd:00 2236546                    /usr/lib64/libcanberra.so.0.2.5
7f56aeb7c000-7f56aed7b000 ---p 00011000 fd:00 2236546                    /usr/lib64/libcanberra.so.0.2.5
7f56aed7b000-7f56aed7c000 r--p 00010000 fd:00 2236546                    /usr/lib64/libcanberra.so.0.2.5
7f56aed7c000-7f56aed7d000 rw-p 00011000 fd:00 2236546                    /usr/lib64/libcanberra.so.0.2.5
7f56aed7d000-7f56aed81000 r-xp 00000000 fd:00 2236544                    /usr/lib64/libcanberra-gtk.so.0.1.9
7f56aed81000-7f56aef80000 ---p 00004000 fd:00 2236544                    /usr/lib64/libcanberra-gtk.so.0.1.9
7f56aef80000-7f56aef81000 r--p 00003000 fd:00 2236544                    /usr/lib64/libcanberra-gtk.so.0.1.9
7f56aef81000-7f56aef82000 rw-p 00004000 fd:00 2236544                    /usr/lib64/libcanberra-gtk.so.0.1.9
7f56aef82000-7f56aef87000 r-xp 00000000 fd:00 2494004                    /usr/lib64/gtk-2.0/modules/libcanberra-gtk-module.so
7f56aef87000-7f56af187000 ---p 00005000 fd:00 2494004                    /usr/lib64/gtk-2.0/modules/libcanberra-gtk-module.so
7f56af187000-7f56af188000 r--p 00005000 fd:00 2494004                    /usr/lib64/gtk-2.0/modules/libcanberra-gtk-module.so
7f56af188000-7f56af189000 rw-p 00006000 fd:00 2494004                    /usr/lib64/gtk-2.0/modules/libcanberra-gtk-module.so
7f56af189000-7f56af18a000 r-xp 00000000 fd:00 2499523                    /usr/lib64/gtk-2.0/modules/libpk-gtk-module.so
7f56af18a000-7f56af389000 ---p 00001000 fd:00 2499523                    /usr/lib64/gtk-2.0/modules/libpk-gtk-module.so
7f56af389000-7f56af38a000 r--p 00000000 fd:00 2499523                    /usr/lib64/gtk-2.0/modules/libpk-gtk-module.so
7f56af38a000-7f56af38b000 rw-p 00001000 fd:00 2499523                    /usr/lib64/gtk-2.0/modules/libpk-gtk-module.so
7f56af38b000-7f56af38e000 r-xp 00000000 fd:00 2493997                    /usr/lib64/gtk-2.0/2.10.0/engines/libadwaita.so
7f56af38e000-7f56af58d000 ---p 00003000 fd:00 2493997                    /usr/lib64/gtk-2.0/2.10.0/engines/libadwaita.so
7f56af58d000-7f56af58e000 r--p 00002000 fd:00 2493997                    /usr/lib64/gtk-2.0/2.10.0/engines/libadwaita.so
7f56af58e000-7f56af58f000 rw-p 00003000 fd:00 2493997                    /usr/lib64/gtk-2.0/2.10.0/engines/libadwaita.so
7f56af58f000-7f56af599000 r-xp 00000000 fd:00 2493998                    /usr/lib64/gtk-2.0/2.10.0/engines/libpixmap.so
7f56af599000-7f56af798000 ---p 0000a000 fd:00 2493998                    /usr/lib64/gtk-2.0/2.10.0/engines/libpixmap.so
7f56af798000-7f56af799000 r--p 00009000 fd:00 2493998                    /usr/lib64/gtk-2.0/2.10.0/engines/libpixmap.so
7f56af799000-7f56af79a000 rw-p 0000a000 fd:00 2493998                    /usr/lib64/gtk-2.0/2.10.0/engines/libpixmap.so
7f56af79a000-7f56af7c3000 r-xp 00000000 fd:00 160777                     /usr/lib/jvm/jdk1.8.0_66/jre/lib/amd64/libglass.so
7f56af7c3000-7f56af9c2000 ---p 00029000 fd:00 160777                     /usr/lib/jvm/jdk1.8.0_66/jre/lib/amd64/libglass.so
7f56af9c2000-7f56af9c5000 rw-p 00028000 fd:00 160777                     /usr/lib/jvm/jdk1.8.0_66/jre/lib/amd64/libglass.so
7f56af9c5000-7f56af9cd000 r-xp 00000000 fd:00 2237064                    /usr/lib64/libpciaccess.so.0.11.1
7f56af9cd000-7f56afbcd000 ---p 00008000 fd:00 2237064                    /usr/lib64/libpciaccess.so.0.11.1
7f56afbcd000-7f56afbce000 r--p 00008000 fd:00 2237064                    /usr/lib64/libpciaccess.so.0.11.1
7f56afbce000-7f56afbcf000 rw-p 00009000 fd:00 2237064                    /usr/lib64/libpciaccess.so.0.11.1
7f56afbcf000-7f56afbda000 r-xp 00000000 fd:00 2236637                    /usr/lib64/libdrm_radeon.so.1.0.1
7f56afbda000-7f56afdd9000 ---p 0000b000 fd:00 2236637                    /usr/lib64/libdrm_radeon.so.1.0.1
7f56afdd9000-7f56afdda000 r--p 0000a000 fd:00 2236637                    /usr/lib64/libdrm_radeon.so.1.0.1
7f56afdda000-7f56afddb000 rw-p 0000b000 fd:00 2236637                    /usr/lib64/libdrm_radeon.so.1.0.1
7f56afddb000-7f56afde1000 r-xp 00000000 fd:00 2236636                    /usr/lib64/libdrm_nouveau.so.2.0.0
7f56afde1000-7f56affe0000 ---p 00006000 fd:00 2236636                    /usr/lib64/libdrm_nouveau.so.2.0.0
7f56affe0000-7f56affe1000 r--p 00005000 fd:00 2236636                    /usr/lib64/libdrm_nouveau.so.2.0.0
7f56affe1000-7f56affe2000 rw-p 00006000 fd:00 2236636                    /usr/lib64/libdrm_nouveau.so.2.0.0
7f56affe2000-7f56b0002000 r-xp 00000000 fd:00 2236635                    /usr/lib64/libdrm_intel.so.1.0.0
7f56b0002000-7f56b0202000 ---p 00020000 fd:00 2236635                    /usr/lib64/libdrm_intel.so.1.0.0
7f56b0202000-7f56b0203000 r--p 00020000 fd:00 2236635                    /usr/lib64/libdrm_intel.so.1.0.0
7f56b0203000-7f56b0204000 rw-p 00021000 fd:00 2236635                    /usr/lib64/libdrm_intel.so.1.0.0
7f56b0204000-7f56b0798000 r-xp 00000000 fd:00 2492960                    /usr/lib64/dri/i965_dri.so
7f56b0798000-7f56b0997000 ---p 00594000 fd:00 2492960                    /usr/lib64/dri/i965_dri.so
7f56b0997000-7f56b09c2000 r--p 00593000 fd:00 2492960                    /usr/lib64/dri/i965_dri.so
7f56b09c2000-7f56b09c8000 rw-p 005be000 fd:00 2492960                    /usr/lib64/dri/i965_dri.so
7f56b09c8000-7f56b09d0000 rw-p 00000000 00:00 0 
7f56b09d0000-7f56b09f5000 r-xp 00000000 fd:00 2236931                    /usr/lib64/liblzma.so.5.2.0
7f56b09f5000-7f56b0bf4000 ---p 00025000 fd:00 2236931                    /usr/lib64/liblzma.so.5.2.0
7f56b0bf4000-7f56b0bf5000 r--p 00024000 fd:00 2236931                    /usr/lib64/liblzma.so.5.2.0
7f56b0bf5000-7f56b0bf6000 rw-p 00025000 fd:00 2236931                    /usr/lib64/liblzma.so.5.2.0
7f56b0bf6000-7f56b0c0b000 r-xp 00000000 fd:00 2237070                    /usr/lib64/libelf-0.163.so
7f56b0c0b000-7f56b0e0a000 ---p 00015000 fd:00 2237070                    /usr/lib64/libelf-0.163.so
7f56b0e0a000-7f56b0e0b000 r--p 00014000 fd:00 2237070                    /usr/lib64/libelf-0.163.so
7f56b0e0b000-7f56b0e0c000 rw-p 00015000 fd:00 2237070                    /usr/lib64/libelf-0.163.so
7f56b0e0c000-7f56b0e10000 r-xp 00000000 fd:00 2235270                    /usr/lib64/libattr.so.1.1.0
7f56b0e10000-7f56b100f000 ---p 00004000 fd:00 2235270                    /usr/lib64/libattr.so.1.1.0
7f56b100f000-7f56b1010000 r--p 00003000 fd:00 2235270                    /usr/lib64/libattr.so.1.1.0
7f56b1010000-7f56b1011000 rw-p 00004000 fd:00 2235270                    /usr/lib64/libattr.so.1.1.0
7f56b1011000-7f56b1057000 r-xp 00000000 fd:00 2232187                    /usr/lib64/libdw-0.163.so
7f56b1057000-7f56b1257000 ---p 00046000 fd:00 2232187                    /usr/lib64/libdw-0.163.so
7f56b1257000-7f56b1259000 r--p 00046000 fd:00 2232187                    /usr/lib64/libdw-0.163.so
7f56b1259000-7f56b125a000 rw-p 00048000 fd:00 2232187                    /usr/lib64/libdw-0.163.so
7f56b125a000-7f56b125e000 r-xp 00000000 fd:00 2236548                    /usr/lib64/libcap.so.2.24
7f56b125e000-7f56b145d000 ---p 00004000 fd:00 2236548                    /usr/lib64/libcap.so.2.24
7f56b145d000-7f56b145e000 r--p 00003000 fd:00 2236548                    /usr/lib64/libcap.so.2.24
7f56b145e000-7f56b145f000 rw-p 00004000 fd:00 2236548                    /usr/lib64/libcap.so.2.24
7f56b145f000-7f56b1461000 r-xp 00000000 fd:00 2236438                    /usr/lib64/libXau.so.6.0.0
7f56b1461000-7f56b1661000 ---p 00002000 fd:00 2236438                    /usr/lib64/libXau.so.6.0.0
7f56b1661000-7f56b1662000 r--p 00002000 fd:00 2236438                    /usr/lib64/libXau.so.6.0.0
7f56b1662000-7f56b1663000 rw-p 00003000 fd:00 2236438                    /usr/lib64/libXau.so.6.0.0
7f56b1663000-7f56b1672000 r-xp 00000000 fd:00 2237309                    /usr/lib64/libwayland-server.so.0.1.0
7f56b1672000-7f56b1872000 ---p 0000f000 fd:00 2237309                    /usr/lib64/libwayland-server.so.0.1.0
7f56b1872000-7f56b1874000 r--p 0000f000 fd:00 2237309                    /usr/lib64/libwayland-server.so.0.1.0
7f56b1874000-7f56b1875000 rw-p 00011000 fd:00 2237309                    /usr/lib64/libwayland-server.so.0.1.0
7f56b1875000-7f56b1881000 r-xp 00000000 fd:00 2237306                    /usr/lib64/libwayland-client.so.0.3.0
7f56b1881000-7f56b1a80000 ---p 0000c000 fd:00 2237306                    /usr/lib64/libwayland-client.so.0.3.0
7f56b1a80000-7f56b1a82000 r--p 0000b000 fd:00 2237306                    /usr/lib64/libwayland-client.so.0.3.0
7f56b1a82000-7f56b1a83000 rw-p 0000d000 fd:00 2237306                    /usr/lib64/libwayland-client.so.0.3.0
7f56b1a83000-7f56b1a8f000 r-xp 00000000 fd:00 2235662                    /usr/lib64/libgbm.so.1.0.0
7f56b1a8f000-7f56b1c8f000 ---p 0000c000 fd:00 2235662                    /usr/lib64/libgbm.so.1.0.0
7f56b1c8f000-7f56b1c90000 r--p 0000c000 fd:00 2235662                    /usr/lib64/libgbm.so.1.0.0
7f56b1c90000-7f56b1c91000 rw-p 0000d000 fd:00 2235662                    /usr/lib64/libgbm.so.1.0.0
7f56b1c91000-7f56b1cad000 r-xp 00000000 fd:00 2236780                    /usr/lib64/libgraphite2.so.3.0.1
7f56b1cad000-7f56b1eac000 ---p 0001c000 fd:00 2236780                    /usr/lib64/libgraphite2.so.3.0.1
7f56b1eac000-7f56b1eae000 r--p 0001b000 fd:00 2236780                    /usr/lib64/libgraphite2.so.3.0.1
7f56b1eae000-7f56b1eaf000 rw-p 0001d000 fd:00 2236780                    /usr/lib64/libgraphite2.so.3.0.1
7f56b1eaf000-7f56b1f1d000 r-xp 00000000 fd:00 2235801                    /usr/lib64/libpcre.so.1.2.5
7f56b1f1d000-7f56b211d000 ---p 0006e000 fd:00 2235801                    /usr/lib64/libpcre.so.1.2.5
7f56b211d000-7f56b211e000 r--p 0006e000 fd:00 2235801                    /usr/lib64/libpcre.so.1.2.5
7f56b211e000-7f56b211f000 rw-p 0006f000 fd:00 2235801                    /usr/lib64/libpcre.so.1.2.5
7f56b211f000-7f56b212b000 r-xp 00000000 fd:00 2236634                    /usr/lib64/libdrm.so.2.4.0
7f56b212b000-7f56b232a000 ---p 0000c000 fd:00 2236634                    /usr/lib64/libdrm.so.2.4.0
7f56b232a000-7f56b232b000 r--p 0000b000 fd:00 2236634                    /usr/lib64/libdrm.so.2.4.0
7f56b232b000-7f56b232c000 rw-p 0000c000 fd:00 2236634                    /usr/lib64/libdrm.so.2.4.0
7f56b232c000-7f56b232d000 r-xp 00000000 fd:00 2237387                    /usr/lib64/libxshmfence.so.1.0.0
7f56b232d000-7f56b252d000 ---p 00001000 fd:00 2237387                    /usr/lib64/libxshmfence.so.1.0.0
7f56b252d000-7f56b252e000 r--p 00001000 fd:00 2237387                    /usr/lib64/libxshmfence.so.1.0.0
7f56b252e000-7f56b252f000 rw-p 00002000 fd:00 2237387                    /usr/lib64/libxshmfence.so.1.0.0
7f56b252f000-7f56b2534000 r-xp 00000000 fd:00 2232135                    /usr/lib64/libxcb-sync.so.1.0.0
7f56b2534000-7f56b2734000 ---p 00005000 fd:00 2232135                    /usr/lib64/libxcb-sync.so.1.0.0
7f56b2734000-7f56b2735000 r--p 00005000 fd:00 2232135                    /usr/lib64/libxcb-sync.so.1.0.0
7f56b2735000-7f56b2736000 rw-p 00006000 fd:00 2232135                    /usr/lib64/libxcb-sync.so.1.0.0
7f56b2736000-7f56b2739000 r-xp 00000000 fd:00 2232131                    /usr/lib64/libxcb-shape.so.0.0.0
7f56b2739000-7f56b2938000 ---p 00003000 fd:00 2232131                    /usr/lib64/libxcb-shape.so.0.0.0
7f56b2938000-7f56b2939000 r--p 00002000 fd:00 2232131                    /usr/lib64/libxcb-shape.so.0.0.0
7f56b2939000-7f56b293a000 rw-p 00003000 fd:00 2232131                    /usr/lib64/libxcb-shape.so.0.0.0
7f56b293a000-7f56b2940000 r-xp 00000000 fd:00 2232141                    /usr/lib64/libxcb-xfixes.so.0.0.0
7f56b2940000-7f56b2b40000 ---p 00006000 fd:00 2232141                    /usr/lib64/libxcb-xfixes.so.0.0.0
7f56b2b40000-7f56b2b41000 r--p 00006000 fd:00 2232141                    /usr/lib64/libxcb-xfixes.so.0.0.0
7f56b2b41000-7f56b2b42000 rw-p 00007000 fd:00 2232141                    /usr/lib64/libxcb-xfixes.so.0.0.0
7f56b2b42000-7f56b2b4e000 r-xp 00000000 fd:00 2232120                    /usr/lib64/libxcb-randr.so.0.1.0
7f56b2b4e000-7f56b2d4e000 ---p 0000c000 fd:00 2232120                    /usr/lib64/libxcb-randr.so.0.1.0
7f56b2d4e000-7f56b2d4f000 r--p 0000c000 fd:00 2232120                    /usr/lib64/libxcb-randr.so.0.1.0
7f56b2d4f000-7f56b2d50000 rw-p 0000d000 fd:00 2232120                    /usr/lib64/libxcb-randr.so.0.1.0
7f56b2d50000-7f56b2d52000 r-xp 00000000 fd:00 2232118                    /usr/lib64/libxcb-present.so.0.0.0
7f56b2d52000-7f56b2f51000 ---p 00002000 fd:00 2232118                    /usr/lib64/libxcb-present.so.0.0.0
7f56b2f51000-7f56b2f52000 r--p 00001000 fd:00 2232118                    /usr/lib64/libxcb-present.so.0.0.0
7f56b2f52000-7f56b2f53000 rw-p 00002000 fd:00 2232118                    /usr/lib64/libxcb-present.so.0.0.0
7f56b2f53000-7f56b2f55000 r-xp 00000000 fd:00 2232114                    /usr/lib64/libxcb-dri3.so.0.0.0
7f56b2f55000-7f56b3154000 ---p 00002000 fd:00 2232114                    /usr/lib64/libxcb-dri3.so.0.0.0
7f56b3154000-7f56b3155000 r--p 00001000 fd:00 2232114                    /usr/lib64/libxcb-dri3.so.0.0.0
7f56b3155000-7f56b3156000 rw-p 00002000 fd:00 2232114                    /usr/lib64/libxcb-dri3.so.0.0.0
7f56b3156000-7f56b315a000 r-xp 00000000 fd:00 2232112                    /usr/lib64/libxcb-dri2.so.0.0.0
7f56b315a000-7f56b3359000 ---p 00004000 fd:00 2232112                    /usr/lib64/libxcb-dri2.so.0.0.0
7f56b3359000-7f56b335a000 r--p 00003000 fd:00 2232112                    /usr/lib64/libxcb-dri2.so.0.0.0
7f56b335a000-7f56b335b000 rw-p 00004000 fd:00 2232112                    /usr/lib64/libxcb-dri2.so.0.0.0
7f56b335b000-7f56b3372000 r-xp 00000000 fd:00 2232116                    /usr/lib64/libxcb-glx.so.0.0.0
7f56b3372000-7f56b3571000 ---p 00017000 fd:00 2232116                    /usr/lib64/libxcb-glx.so.0.0.0
7f56b3571000-7f56b3573000 r--p 00016000 fd:00 2232116                    /usr/lib64/libxcb-glx.so.0.0.0
7f56b3573000-7f56b3574000 rw-p 00018000 fd:00 2232116                    /usr/lib64/libxcb-glx.so.0.0.0
7f56b3574000-7f56b3575000 r-xp 00000000 fd:00 2236435                    /usr/lib64/libX11-xcb.so.1.0.0
7f56b3575000-7f56b3774000 ---p 00001000 fd:00 2236435                    /usr/lib64/libX11-xcb.so.1.0.0
7f56b3774000-7f56b3775000 r--p 00000000 fd:00 2236435                    /usr/lib64/libX11-xcb.so.1.0.0
7f56b3775000-7f56b3776000 rw-p 00001000 fd:00 2236435                    /usr/lib64/libX11-xcb.so.1.0.0
7f56b3776000-7f56b379f000 r-xp 00000000 fd:00 2235556                    /usr/lib64/libglapi.so.0.0.0
7f56b379f000-7f56b399e000 ---p 00029000 fd:00 2235556                    /usr/lib64/libglapi.so.0.0.0
7f56b399e000-7f56b39a2000 r--p 00028000 fd:00 2235556                    /usr/lib64/libglapi.so.0.0.0
7f56b39a2000-7f56b39a3000 rw-p 0002c000 fd:00 2235556                    /usr/lib64/libglapi.so.0.0.0
7f56b39a3000-7f56b39a4000 rw-p 00000000 00:00 0 
7f56b39a4000-7f56b39ca000 r-xp 00000000 fd:00 2236673                    /usr/lib64/libexpat.so.1.6.0
7f56b39ca000-7f56b3bca000 ---p 00026000 fd:00 2236673                    /usr/lib64/libexpat.so.1.6.0
7f56b3bca000-7f56b3bcd000 r--p 00026000 fd:00 2236673                    /usr/lib64/libexpat.so.1.6.0
7f56b3bcd000-7f56b3bce000 rw-p 00029000 fd:00 2236673                    /usr/lib64/libexpat.so.1.6.0
7f56b3bce000-7f56b3bdd000 r-xp 00000000 fd:00 2236536                    /usr/lib64/libbz2.so.1.0.6
7f56b3bdd000-7f56b3ddc000 ---p 0000f000 fd:00 2236536                    /usr/lib64/libbz2.so.1.0.6
7f56b3ddc000-7f56b3ddd000 r--p 0000e000 fd:00 2236536                    /usr/lib64/libbz2.so.1.0.6
7f56b3ddd000-7f56b3dde000 rw-p 0000f000 fd:00 2236536                    /usr/lib64/libbz2.so.1.0.6
7f56b3dde000-7f56b3dff000 r-xp 00000000 fd:00 2232157                    /usr/lib64/libxcb.so.1.1.0
7f56b3dff000-7f56b3ffe000 ---p 00021000 fd:00 2232157                    /usr/lib64/libxcb.so.1.1.0
7f56b3ffe000-7f56b3fff000 r--p 00020000 fd:00 2232157                    /usr/lib64/libxcb.so.1.1.0
7f56b3fff000-7f56b4000000 rw-p 00021000 fd:00 2232157                    /usr/lib64/libxcb.so.1.1.0
7f56b4000000-7f56b6dfc000 rw-p 00000000 00:00 0 
7f56b6dfc000-7f56b8000000 ---p 00000000 00:00 0 
7f56b8000000-7f56b8001000 rw-s 00000000 00:05 436196                     /drm mm object (deleted)
7f56b8001000-7f56b8005000 rw-s 106e5e000 00:06 11675                     /dev/dri/card0
7f56b8005000-7f56b8011000 rw-s 00000000 00:05 436867                     /drm mm object (deleted)
7f56b8011000-7f56b8025000 r--p 00000000 fd:00 160843                     /usr/lib/jvm/jdk1.8.0_66/jre/lib/fonts/LucidaBrightItalic.ttf
7f56b8025000-7f56b8028000 ---p 00000000 00:00 0 
7f56b8028000-7f56b8126000 rw-p 00000000 00:00 0                          [stack:26790]
7f56b8126000-7f56b812f000 r-xp 00000000 fd:00 2232124                    /usr/lib64/libxcb-render.so.0.0.0
7f56b812f000-7f56b832e000 ---p 00009000 fd:00 2232124                    /usr/lib64/libxcb-render.so.0.0.0
7f56b832e000-7f56b832f000 r--p 00008000 fd:00 2232124                    /usr/lib64/libxcb-render.so.0.0.0
7f56b832f000-7f56b8330000 rw-p 00009000 fd:00 2232124                    /usr/lib64/libxcb-render.so.0.0.0
7f56b8330000-7f56b8332000 r-xp 00000000 fd:00 2232133                    /usr/lib64/libxcb-shm.so.0.0.0
7f56b8332000-7f56b8532000 ---p 00002000 fd:00 2232133                    /usr/lib64/libxcb-shm.so.0.0.0
7f56b8532000-7f56b8533000 r--p 00002000 fd:00 2232133                    /usr/lib64/libxcb-shm.so.0.0.0
7f56b8533000-7f56b8534000 rw-p 00003000 fd:00 2232133                    /usr/lib64/libxcb-shm.so.0.0.0
7f56b8534000-7f56b855a000 r-xp 00000000 fd:00 2235663                    /usr/lib64/libEGL.so.1.0.0
7f56b855a000-7f56b8759000 ---p 00026000 fd:00 2235663                    /usr/lib64/libEGL.so.1.0.0
7f56b8759000-7f56b875a000 r--p 00025000 fd:00 2235663                    /usr/lib64/libEGL.so.1.0.0
7f56b875a000-7f56b875b000 rw-p 00026000 fd:00 2235663                    /usr/lib64/libEGL.so.1.0.0
7f56b875b000-7f56b87fe000 r-xp 00000000 fd:00 2235813                    /usr/lib64/libpixman-1.so.0.32.8
7f56b87fe000-7f56b89fe000 ---p 000a3000 fd:00 2235813                    /usr/lib64/libpixman-1.so.0.32.8
7f56b89fe000-7f56b8a05000 r--p 000a3000 fd:00 2235813                    /usr/lib64/libpixman-1.so.0.32.8
7f56b8a05000-7f56b8a06000 rw-p 000aa000 fd:00 2235813                    /usr/lib64/libpixman-1.so.0.32.8
7f56b8a06000-7f56b8a38000 r-xp 00000000 fd:00 2237088                    /usr/lib64/libpng16.so.16.16.0
7f56b8a38000-7f56b8c37000 ---p 00032000 fd:00 2237088                    /usr/lib64/libpng16.so.16.16.0
7f56b8c37000-7f56b8c38000 r--p 00031000 fd:00 2237088                    /usr/lib64/libpng16.so.16.16.0
7f56b8c38000-7f56b8c39000 rw-p 00032000 fd:00 2237088                    /usr/lib64/libpng16.so.16.16.0
7f56b8c39000-7f56b8c94000 r-xp 00000000 fd:00 2236845                    /usr/lib64/libharfbuzz.so.0.940.0
7f56b8c94000-7f56b8e93000 ---p 0005b000 fd:00 2236845                    /usr/lib64/libharfbuzz.so.0.940.0
7f56b8e93000-7f56b8e94000 r--p 0005a000 fd:00 2236845                    /usr/lib64/libharfbuzz.so.0.940.0
7f56b8e94000-7f56b8e95000 rw-p 0005b000 fd:00 2236845                    /usr/lib64/libharfbuzz.so.0.940.0
7f56b8e95000-7f56b8eac000 r-xp 00000000 fd:00 2235834                    /usr/lib64/libresolv-2.21.so
7f56b8eac000-7f56b90ac000 ---p 00017000 fd:00 2235834                    /usr/lib64/libresolv-2.21.so
7f56b90ac000-7f56b90ad000 r--p 00017000 fd:00 2235834                    /usr/lib64/libresolv-2.21.so
7f56b90ad000-7f56b90ae000 rw-p 00018000 fd:00 2235834                    /usr/lib64/libresolv-2.21.so
7f56b90ae000-7f56b90b0000 rw-p 00000000 00:00 0 
7f56b90b0000-7f56b90d1000 r-xp 00000000 fd:00 2236224                    /usr/lib64/libselinux.so.1
7f56b90d1000-7f56b92d0000 ---p 00021000 fd:00 2236224                    /usr/lib64/libselinux.so.1
7f56b92d0000-7f56b92d1000 r--p 00020000 fd:00 2236224                    /usr/lib64/libselinux.so.1
7f56b92d1000-7f56b92d2000 rw-p 00021000 fd:00 2236224                    /usr/lib64/libselinux.so.1
7f56b92d2000-7f56b92d4000 rw-p 00000000 00:00 0 
7f56b92d4000-7f56b92e9000 r-xp 00000000 fd:00 2237393                    /usr/lib64/libz.so.1.2.8
7f56b92e9000-7f56b94e8000 ---p 00015000 fd:00 2237393                    /usr/lib64/libz.so.1.2.8
7f56b94e8000-7f56b94e9000 r--p 00014000 fd:00 2237393                    /usr/lib64/libz.so.1.2.8
7f56b94e9000-7f56b94ea000 rw-p 00015000 fd:00 2237393                    /usr/lib64/libz.so.1.2.8
7f56b94ea000-7f56b94f1000 r-xp 00000000 fd:00 2236682                    /usr/lib64/libffi.so.6.0.2
7f56b94f1000-7f56b96f0000 ---p 00007000 fd:00 2236682                    /usr/lib64/libffi.so.6.0.2
7f56b96f0000-7f56b96f1000 r--p 00006000 fd:00 2236682                    /usr/lib64/libffi.so.6.0.2
7f56b96f1000-7f56b96f2000 rw-p 00007000 fd:00 2236682                    /usr/lib64/libffi.so.6.0.2
7f56b96f2000-7f56b9703000 r-xp 00000000 fd:00 2236444                    /usr/lib64/libXext.so.6.4.0
7f56b9703000-7f56b9902000 ---p 00011000 fd:00 2236444                    /usr/lib64/libXext.so.6.4.0
7f56b9902000-7f56b9903000 r--p 00010000 fd:00 2236444                    /usr/lib64/libXext.so.6.4.0
7f56b9903000-7f56b9904000 rw-p 00011000 fd:00 2236444                    /usr/lib64/libXext.so.6.4.0
7f56b9904000-7f56b9906000 r-xp 00000000 fd:00 2236441                    /usr/lib64/libXdamage.so.1.1.0
7f56b9906000-7f56b9b05000 ---p 00002000 fd:00 2236441                    /usr/lib64/libXdamage.so.1.1.0
7f56b9b05000-7f56b9b06000 r--p 00001000 fd:00 2236441                    /usr/lib64/libXdamage.so.1.1.0
7f56b9b06000-7f56b9b07000 rw-p 00002000 fd:00 2236441                    /usr/lib64/libXdamage.so.1.1.0
7f56b9b07000-7f56b9b09000 r-xp 00000000 fd:00 2236439                    /usr/lib64/libXcomposite.so.1.0.0
7f56b9b09000-7f56b9d08000 ---p 00002000 fd:00 2236439                    /usr/lib64/libXcomposite.so.1.0.0
7f56b9d08000-7f56b9d09000 r--p 00001000 fd:00 2236439                    /usr/lib64/libXcomposite.so.1.0.0
7f56b9d09000-7f56b9d0a000 rw-p 00002000 fd:00 2236439                    /usr/lib64/libXcomposite.so.1.0.0
7f56b9d0a000-7f56b9d14000 r-xp 00000000 fd:00 2236440                    /usr/lib64/libXcursor.so.1.0.2
7f56b9d14000-7f56b9f13000 ---p 0000a000 fd:00 2236440                    /usr/lib64/libXcursor.so.1.0.2
7f56b9f13000-7f56b9f14000 r--p 00009000 fd:00 2236440                    /usr/lib64/libXcursor.so.1.0.2
7f56b9f14000-7f56b9f15000 rw-p 0000a000 fd:00 2236440                    /usr/lib64/libXcursor.so.1.0.2
7f56b9f15000-7f56b9f1e000 r-xp 00000000 fd:00 2236453                    /usr/lib64/libXrandr.so.2.2.0
7f56b9f1e000-7f56ba11d000 ---p 00009000 fd:00 2236453                    /usr/lib64/libXrandr.so.2.2.0
7f56ba11d000-7f56ba11e000 r--p 00008000 fd:00 2236453                    /usr/lib64/libXrandr.so.2.2.0
7f56ba11e000-7f56ba11f000 rw-p 00009000 fd:00 2236453                    /usr/lib64/libXrandr.so.2.2.0
7f56ba11f000-7f56ba12e000 r-xp 00000000 fd:00 2236448                    /usr/lib64/libXi.so.6.1.0
7f56ba12e000-7f56ba32d000 ---p 0000f000 fd:00 2236448                    /usr/lib64/libXi.so.6.1.0
7f56ba32d000-7f56ba32e000 r--p 0000e000 fd:00 2236448                    /usr/lib64/libXi.so.6.1.0
7f56ba32e000-7f56ba32f000 rw-p 0000f000 fd:00 2236448                    /usr/lib64/libXi.so.6.1.0
7f56ba32f000-7f56ba331000 r-xp 00000000 fd:00 2236449                    /usr/lib64/libXinerama.so.1.0.0
7f56ba331000-7f56ba530000 ---p 00002000 fd:00 2236449                    /usr/lib64/libXinerama.so.1.0.0
7f56ba530000-7f56ba531000 r--p 00001000 fd:00 2236449                    /usr/lib64/libXinerama.so.1.0.0
7f56ba531000-7f56ba532000 rw-p 00002000 fd:00 2236449                    /usr/lib64/libXinerama.so.1.0.0
7f56ba532000-7f56ba53b000 r-xp 00000000 fd:00 2236454                    /usr/lib64/libXrender.so.1.3.0
7f56ba53b000-7f56ba73a000 ---p 00009000 fd:00 2236454                    /usr/lib64/libXrender.so.1.3.0
7f56ba73a000-7f56ba73b000 r--p 00008000 fd:00 2236454                    /usr/lib64/libXrender.so.1.3.0
7f56ba73b000-7f56ba73c000 rw-p 00009000 fd:00 2236454                    /usr/lib64/libXrender.so.1.3.0
7f56ba73c000-7f56ba741000 r-xp 00000000 fd:00 2236445                    /usr/lib64/libXfixes.so.3.1.0
7f56ba741000-7f56ba940000 ---p 00005000 fd:00 2236445                    /usr/lib64/libXfixes.so.3.1.0
7f56ba940000-7f56ba941000 r--p 00004000 fd:00 2236445                    /usr/lib64/libXfixes.so.3.1.0
7f56ba941000-7f56ba942000 rw-p 00005000 fd:00 2236445                    /usr/lib64/libXfixes.so.3.1.0
7f56ba942000-7f56ba958000 r-xp 00000000 fd:00 2238760                    /usr/lib64/libgcc_s-5.1.1-20150618.so.1
7f56ba958000-7f56bab57000 ---p 00016000 fd:00 2238760                    /usr/lib64/libgcc_s-5.1.1-20150618.so.1
7f56bab57000-7f56bab58000 r--p 00015000 fd:00 2238760                    /usr/lib64/libgcc_s-5.1.1-20150618.so.1
7f56bab58000-7f56bab59000 rw-p 00016000 fd:00 2238760                    /usr/lib64/libgcc_s-5.1.1-20150618.so.1
7f56bab59000-7f56baccb000 r-xp 00000000 fd:00 2235932                    /usr/lib64/libstdc++.so.6.0.21
7f56baccb000-7f56baecb000 ---p 00172000 fd:00 2235932                    /usr/lib64/libstdc++.so.6.0.21
7f56baecb000-7f56baed5000 r--p 00172000 fd:00 2235932                    /usr/lib64/libstdc++.so.6.0.21
7f56baed5000-7f56baed7000 rw-p 0017c000 fd:00 2235932                    /usr/lib64/libstdc++.so.6.0.21
7f56baed7000-7f56baedb000 rw-p 00000000 00:00 0 
7f56baedb000-7f56baf6f000 r-xp 00000000 fd:00 2235594                    /usr/lib64/libGL.so.1.2.0
7f56baf6f000-7f56bb16e000 ---p 00094000 fd:00 2235594                    /usr/lib64/libGL.so.1.2.0
7f56bb16e000-7f56bb171000 r--p 00093000 fd:00 2235594                    /usr/lib64/libGL.so.1.2.0
7f56bb171000-7f56bb172000 rw-p 00096000 fd:00 2235594                    /usr/lib64/libGL.so.1.2.0
7f56bb172000-7f56bb173000 rw-p 00000000 00:00 0 
7f56bb173000-7f56bb178000 r-xp 00000000 fd:00 2236462                    /usr/lib64/libXxf86vm.so.1.0.0
7f56bb178000-7f56bb377000 ---p 00005000 fd:00 2236462                    /usr/lib64/libXxf86vm.so.1.0.0
7f56bb377000-7f56bb378000 r--p 00004000 fd:00 2236462                    /usr/lib64/libXxf86vm.so.1.0.0
7f56bb378000-7f56bb379000 rw-p 00005000 fd:00 2236462                    /usr/lib64/libXxf86vm.so.1.0.0
7f56bb379000-7f56bb4b4000 r-xp 00000000 fd:00 2236436                    /usr/lib64/libX11.so.6.3.0
7f56bb4b4000-7f56bb6b4000 ---p 0013b000 fd:00 2236436                    /usr/lib64/libX11.so.6.3.0
7f56bb6b4000-7f56bb6b5000 r--p 0013b000 fd:00 2236436                    /usr/lib64/libX11.so.6.3.0
7f56bb6b5000-7f56bb6ba000 rw-p 0013c000 fd:00 2236436                    /usr/lib64/libX11.so.6.3.0
7f56bb6ba000-7f56bb6bf000 r-xp 00000000 fd:00 2236456                    /usr/lib64/libXtst.so.6.1.0
7f56bb6bf000-7f56bb8be000 ---p 00005000 fd:00 2236456                    /usr/lib64/libXtst.so.6.1.0
7f56bb8be000-7f56bb8bf000 r--p 00004000 fd:00 2236456                    /usr/lib64/libXtst.so.6.1.0
7f56bb8bf000-7f56bb8c0000 rw-p 00005000 fd:00 2236456                    /usr/lib64/libXtst.so.6.1.0
7f56bb8c0000-7f56bb9f7000 r-xp 00000000 fd:00 2235516                    /usr/lib64/libglib-2.0.so.0.4400.1
7f56bb9f7000-7f56bbbf7000 ---p 00137000 fd:00 2235516                    /usr/lib64/libglib-2.0.so.0.4400.1
7f56bbbf7000-7f56bbbf8000 r--p 00137000 fd:00 2235516                    /usr/lib64/libglib-2.0.so.0.4400.1
7f56bbbf8000-7f56bbbf9000 rw-p 00138000 fd:00 2235516                    /usr/lib64/libglib-2.0.so.0.4400.1
7f56bbbf9000-7f56bbbfa000 rw-p 00000000 00:00 0 
7f56bbbfa000-7f56bbbfb000 r-xp 00000000 fd:00 2235584                    /usr/lib64/libgthread-2.0.so.0.4400.1
7f56bbbfb000-7f56bbdfa000 ---p 00001000 fd:00 2235584                    /usr/lib64/libgthread-2.0.so.0.4400.1
7f56bbdfa000-7f56bbdfb000 r--p 00000000 fd:00 2235584                    /usr/lib64/libgthread-2.0.so.0.4400.1
7f56bbdfb000-7f56bbdfc000 rw-p 00001000 fd:00 2235584                    /usr/lib64/libgthread-2.0.so.0.4400.1
7f56bbdfc000-7f56bbdff000 r-xp 00000000 fd:00 2235522                    /usr/lib64/libgmodule-2.0.so.0.4400.1
7f56bbdff000-7f56bbffe000 ---p 00003000 fd:00 2235522                    /usr/lib64/libgmodule-2.0.so.0.4400.1
7f56bbffe000-7f56bbfff000 r--p 00002000 fd:00 2235522                    /usr/lib64/libgmodule-2.0.so.0.4400.1
7f56bbfff000-7f56bc000000 rw-p 00003000 fd:00 2235522                    /usr/lib64/libgmodule-2.0.so.0.4400.1
7f56bc000000-7f56bc021000 rw-p 00000000 00:00 0 
7f56bc021000-7f56c0000000 ---p 00000000 00:00 0 
7f56c0000000-7f56c0021000 rw-p 00000000 00:00 0 
7f56c0021000-7f56c4000000 ---p 00000000 00:00 0 
7f56c4000000-7f56c4a78000 rw-p 00000000 00:00 0 
7f56c4a78000-7f56c8000000 ---p 00000000 00:00 0 
7f56c8000000-7f56c8533000 rw-p 00000000 00:00 0 
7f56c8533000-7f56cc000000 ---p 00000000 00:00 0 
7f56cc000000-7f56cc8ed000 rw-p 00000000 00:00 0 
7f56cc8ed000-7f56d0000000 ---p 00000000 00:00 0 
7f56d0000000-7f56d0001000 rw-s 00000000 00:05 439837                     /drm mm object (deleted)
7f56d0001000-7f56d0002000 rw-s 00000000 00:05 436884                     /drm mm object (deleted)
7f56d0002000-7f56d000a000 rw-s 00000000 00:05 439809                     /drm mm object (deleted)
7f56d000a000-7f56d001d000 r--p 00000000 fd:00 160848                     /usr/lib/jvm/jdk1.8.0_66/jre/lib/fonts/LucidaBrightDemiItalic.ttf
7f56d001d000-7f56d0059000 r--p 00000000 fd:00 160849                     /usr/lib/jvm/jdk1.8.0_66/jre/lib/fonts/LucidaTypewriterRegular.ttf
7f56d0059000-7f56d00a7000 r--p 00000000 fd:00 160846                     /usr/lib/jvm/jdk1.8.0_66/jre/lib/fonts/LucidaSansDemiBold.ttf
7f56d00a7000-7f56d00f7000 r-xp 00000000 fd:00 2235535                    /usr/lib64/libgobject-2.0.so.0.4400.1
7f56d00f7000-7f56d02f7000 ---p 00050000 fd:00 2235535                    /usr/lib64/libgobject-2.0.so.0.4400.1
7f56d02f7000-7f56d02f8000 r--p 00050000 fd:00 2235535                    /usr/lib64/libgobject-2.0.so.0.4400.1
7f56d02f8000-7f56d02f9000 rw-p 00051000 fd:00 2235535                    /usr/lib64/libgobject-2.0.so.0.4400.1
7f56d02f9000-7f56d0336000 r-xp 00000000 fd:00 2228951                    /usr/lib64/libfontconfig.so.1.9.0
7f56d0336000-7f56d0536000 ---p 0003d000 fd:00 2228951                    /usr/lib64/libfontconfig.so.1.9.0
7f56d0536000-7f56d0538000 r--p 0003d000 fd:00 2228951                    /usr/lib64/libfontconfig.so.1.9.0
7f56d0538000-7f56d053d000 rw-p 0003f000 fd:00 2228951                    /usr/lib64/libfontconfig.so.1.9.0
7f56d053d000-7f56d05df000 r-xp 00000000 fd:00 2235467                    /usr/lib64/libfreetype.so.6.11.4
7f56d05df000-7f56d07de000 ---p 000a2000 fd:00 2235467                    /usr/lib64/libfreetype.so.6.11.4
7f56d07de000-7f56d07e4000 r--p 000a1000 fd:00 2235467                    /usr/lib64/libfreetype.so.6.11.4
7f56d07e4000-7f56d07e5000 rw-p 000a7000 fd:00 2235467                    /usr/lib64/libfreetype.so.6.11.4
7f56d07e5000-7f56d082e000 r-xp 00000000 fd:00 2229493                    /usr/lib64/libpango-1.0.so.0.3600.8
7f56d082e000-7f56d0a2e000 ---p 00049000 fd:00 2229493                    /usr/lib64/libpango-1.0.so.0.3600.8
7f56d0a2e000-7f56d0a30000 r--p 00049000 fd:00 2229493                    /usr/lib64/libpango-1.0.so.0.3600.8
7f56d0a30000-7f56d0a31000 rw-p 0004b000 fd:00 2229493                    /usr/lib64/libpango-1.0.so.0.3600.8
7f56d0a31000-7f56d0b55000 r-xp 00000000 fd:00 2236541                    /usr/lib64/libcairo.so.2.11400.2
7f56d0b55000-7f56d0d54000 ---p 00124000 fd:00 2236541                    /usr/lib64/libcairo.so.2.11400.2
7f56d0d54000-7f56d0d57000 r--p 00123000 fd:00 2236541                    /usr/lib64/libcairo.so.2.11400.2
7f56d0d57000-7f56d0d59000 rw-p 00126000 fd:00 2236541                    /usr/lib64/libcairo.so.2.11400.2
7f56d0d59000-7f56d0d5a000 rw-p 00000000 00:00 0 
7f56d0d5a000-7f56d0d66000 r-xp 00000000 fd:00 2235836                    /usr/lib64/libpangocairo-1.0.so.0.3600.8
7f56d0d66000-7f56d0f65000 ---p 0000c000 fd:00 2235836                    /usr/lib64/libpangocairo-1.0.so.0.3600.8
7f56d0f65000-7f56d0f66000 r--p 0000b000 fd:00 2235836                    /usr/lib64/libpangocairo-1.0.so.0.3600.8
7f56d0f66000-7f56d0f67000 rw-p 0000c000 fd:00 2235836                    /usr/lib64/libpangocairo-1.0.so.0.3600.8
7f56d0f67000-7f56d0f8b000 r-xp 00000000 fd:00 2235492                    /usr/lib64/libgdk_pixbuf-2.0.so.0.3100.6
7f56d0f8b000-7f56d118b000 ---p 00024000 fd:00 2235492                    /usr/lib64/libgdk_pixbuf-2.0.so.0.3100.6
7f56d118b000-7f56d118c000 r--p 00024000 fd:00 2235492                    /usr/lib64/libgdk_pixbuf-2.0.so.0.3100.6
7f56d118c000-7f56d118d000 rw-p 00025000 fd:00 2235492                    /usr/lib64/libgdk_pixbuf-2.0.so.0.3100.6
7f56d118d000-7f56d11a1000 r-xp 00000000 fd:00 2235837                    /usr/lib64/libpangoft2-1.0.so.0.3600.8
7f56d11a1000-7f56d13a0000 ---p 00014000 fd:00 2235837                    /usr/lib64/libpangoft2-1.0.so.0.3600.8
7f56d13a0000-7f56d13a1000 r--p 00013000 fd:00 2235837                    /usr/lib64/libpangoft2-1.0.so.0.3600.8
7f56d13a1000-7f56d13a2000 rw-p 00014000 fd:00 2235837                    /usr/lib64/libpangoft2-1.0.so.0.3600.8
7f56d13a2000-7f56d1518000 r-xp 00000000 fd:00 2235509                    /usr/lib64/libgio-2.0.so.0.4400.1
7f56d1518000-7f56d1718000 ---p 00176000 fd:00 2235509                    /usr/lib64/libgio-2.0.so.0.4400.1
7f56d1718000-7f56d171c000 r--p 00176000 fd:00 2235509                    /usr/lib64/libgio-2.0.so.0.4400.1
7f56d171c000-7f56d171e000 rw-p 0017a000 fd:00 2235509                    /usr/lib64/libgio-2.0.so.0.4400.1
7f56d171e000-7f56d1720000 rw-p 00000000 00:00 0 
7f56d1720000-7f56d1743000 r-xp 00000000 fd:00 2236486                    /usr/lib64/libatk-1.0.so.0.21609.1
7f56d1743000-7f56d1942000 ---p 00023000 fd:00 2236486                    /usr/lib64/libatk-1.0.so.0.21609.1
7f56d1942000-7f56d1945000 r--p 00022000 fd:00 2236486                    /usr/lib64/libatk-1.0.so.0.21609.1
7f56d1945000-7f56d1946000 rw-p 00025000 fd:00 2236486                    /usr/lib64/libatk-1.0.so.0.21609.1
7f56d1946000-7f56d8000000 r--p 00000000 fd:00 2237682                    /usr/lib/locale/locale-archive
7f56d8000000-7f56d8021000 rw-p 00000000 00:00 0 
7f56d8021000-7f56dc000000 ---p 00000000 00:00 0 
7f56dc000000-7f56dc021000 rw-p 00000000 00:00 0 
7f56dc021000-7f56e0000000 ---p 00000000 00:00 0 
7f56e0000000-7f56e0021000 rw-p 00000000 00:00 0 
7f56e0021000-7f56e4000000 ---p 00000000 00:00 0 
7f56e4000000-7f56e4021000 rw-p 00000000 00:00 0 
7f56e4021000-7f56e8000000 ---p 00000000 00:00 0 
7f56e8000000-7f56e8021000 rw-p 00000000 00:00 0 
7f56e8021000-7f56ec000000 ---p 00000000 00:00 0 
7f56ec000000-7f56ec021000 rw-p 00000000 00:00 0 
7f56ec021000-7f56f0000000 ---p 00000000 00:00 0 
7f56f0000000-7f56f0021000 rw-p 00000000 00:00 0 
7f56f0021000-7f56f4000000 ---p 00000000 00:00 0 
7f56f4000000-7f56f4001000 rw-s 00000000 00:05 436861                     /drm mm object (deleted)
7f56f4001000-7f56f4002000 rw-s 00000000 00:05 436891                     /drm mm object (deleted)
7f56f4002000-7f56f4003000 rw-s 00000000 00:05 436893                     /drm mm object (deleted)
7f56f4003000-7f56f400b000 rw-s 00000000 00:05 436896                     /drm mm object (deleted)
7f56f400b000-7f56f40c8000 r-xp 00000000 fd:00 2236724                    /usr/lib64/libgdk-x11-2.0.so.0.2400.28
7f56f40c8000-7f56f42c7000 ---p 000bd000 fd:00 2236724                    /usr/lib64/libgdk-x11-2.0.so.0.2400.28
7f56f42c7000-7f56f42cb000 r--p 000bc000 fd:00 2236724                    /usr/lib64/libgdk-x11-2.0.so.0.2400.28
7f56f42cb000-7f56f42cd000 rw-p 000c0000 fd:00 2236724                    /usr/lib64/libgdk-x11-2.0.so.0.2400.28
7f56f42cd000-7f56f474b000 r-xp 00000000 fd:00 2236821                    /usr/lib64/libgtk-x11-2.0.so.0.2400.28
7f56f474b000-7f56f494b000 ---p 0047e000 fd:00 2236821                    /usr/lib64/libgtk-x11-2.0.so.0.2400.28
7f56f494b000-7f56f4952000 r--p 0047e000 fd:00 2236821                    /usr/lib64/libgtk-x11-2.0.so.0.2400.28
7f56f4952000-7f56f4956000 rw-p 00485000 fd:00 2236821                    /usr/lib64/libgtk-x11-2.0.so.0.2400.28
7f56f4956000-7f56f4959000 rw-p 00000000 00:00 0 
7f56f4959000-7f56f4965000 r-xp 00000000 fd:00 160804                     /usr/lib/jvm/jdk1.8.0_66/jre/lib/amd64/libprism_es2.so
7f56f4965000-7f56f4b64000 ---p 0000c000 fd:00 160804                     /usr/lib/jvm/jdk1.8.0_66/jre/lib/amd64/libprism_es2.so
7f56f4b64000-7f56f4b65000 rw-p 0000b000 fd:00 160804                     /usr/lib/jvm/jdk1.8.0_66/jre/lib/amd64/libprism_es2.so
7f56f4b65000-7f56f4b68000 ---p 00000000 00:00 0 
7f56f4b68000-7f56f4c66000 rw-p 00000000 00:00 0                          [stack:26789]
7f56f4c66000-7f56f4cfb000 r--s 01108000 fd:00 160940                     /usr/lib/jvm/jdk1.8.0_66/jre/lib/ext/jfxrt.jar
7f56f4cfb000-7f56f4cfc000 ---p 00000000 00:00 0 
7f56f4cfc000-7f56f4dfc000 rw-p 00000000 00:00 0                          [stack:26787]
7f56f4dfc000-7f56f4dff000 ---p 00000000 00:00 0 
7f56f4dff000-7f56f4efd000 rw-p 00000000 00:00 0                          [stack:26786]
7f56f4efd000-7f56f4f00000 ---p 00000000 00:00 0 
7f56f4f00000-7f56f4ffe000 rw-p 00000000 00:00 0                          [stack:26785]
7f56f4ffe000-7f56f5001000 ---p 00000000 00:00 0 
7f56f5001000-7f56f50ff000 rw-p 00000000 00:00 0                          [stack:26784]
7f56f50ff000-7f56f5102000 ---p 00000000 00:00 0 
7f56f5102000-7f56f5200000 rw-p 00000000 00:00 0                          [stack:26783]
7f56f5200000-7f56f5203000 ---p 00000000 00:00 0 
7f56f5203000-7f56f5301000 rw-p 00000000 00:00 0                          [stack:26782]
7f56f5301000-7f56f5304000 ---p 00000000 00:00 0 
7f56f5304000-7f56f5402000 rw-p 00000000 00:00 0                          [stack:26781]
7f56f5402000-7f56f5405000 ---p 00000000 00:00 0 
7f56f5405000-7f56f5503000 rw-p 00000000 00:00 0                          [stack:26780]
7f56f5503000-7f56f5504000 ---p 00000000 00:00 0 
7f56f5504000-7f56f8000000 rw-p 00000000 00:00 0                          [stack:26779]
7f56f8000000-7f56f8021000 rw-p 00000000 00:00 0 
7f56f8021000-7f56fc000000 ---p 00000000 00:00 0 
7f56fc000000-7f56fc013000 r--p 00000000 fd:00 160851                     /usr/lib/jvm/jdk1.8.0_66/jre/lib/fonts/LucidaBrightDemiBold.ttf
7f56fc013000-7f56fc018000 r--s 00083000 fd:00 160711                     /usr/lib/jvm/jdk1.8.0_66/jre/lib/jfr.jar
7f56fc018000-7f56fc01a000 r--s 00000000 fd:00 923304                     /var/cache/fontconfig/87f5e051180a7a75f16eb6fe7dbd3749-le64.cache-7
7f56fc01a000-7f56fc025000 r--s 00000000 fd:00 921923                     /var/cache/fontconfig/b79f3aaa7d385a141ab53ec885cc22a8-le64.cache-7
7f56fc025000-7f56fc027000 r--s 00000000 fd:00 923302                     /var/cache/fontconfig/2e1514a9fdd499050989183bb65136db-le64.cache-7
7f56fc027000-7f56fc029000 r--s 00000000 fd:00 923300                     /var/cache/fontconfig/3f821257dd33660ba7bbb45c32deb84c-le64.cache-7
7f56fc029000-7f56fc02a000 r--s 00000000 fd:00 923299                     /var/cache/fontconfig/4e602040080c966cb821813a3e584564-le64.cache-7
7f56fc02a000-7f56fc02d000 r--s 00000000 fd:00 923295                     /var/cache/fontconfig/830f035fa84a65ce80e050178dbb630d-le64.cache-7
7f56fc02d000-7f56fc02e000 r--s 00000000 fd:00 923293                     /var/cache/fontconfig/81a173283b451552b599cfaafd6236bd-le64.cache-7
7f56fc02e000-7f56fc02f000 r--s 00000000 fd:00 923292                     /var/cache/fontconfig/ac68f755438cc3dc5a526084839fc7ca-le64.cache-7
7f56fc02f000-7f56fc030000 r--s 00000000 fd:00 923291                     /var/cache/fontconfig/f951a6bc01c50d58ac4af16a0108457e-le64.cache-7
7f56fc030000-7f56fc031000 r--s 00000000 fd:00 923288                     /var/cache/fontconfig/8cab66d8f642305e525ba3e322d0979c-le64.cache-7
7f56fc031000-7f56fc032000 r--s 00000000 fd:00 923195                     /var/cache/fontconfig/12513961c6e7090f8648812f9eaf65d6-le64.cache-7
7f56fc032000-7f56fc035000 r--s 00000000 fd:00 923192                     /var/cache/fontconfig/e26bf336397aae6fcef4d3803472adec-le64.cache-7
7f56fc035000-7f56fc036000 r--s 00000000 fd:00 923183                     /var/cache/fontconfig/f132fa2327207a6ac3298c0518879731-le64.cache-7
7f56fc036000-7f56fc037000 r--s 00000000 fd:00 923316                     /var/cache/fontconfig/6fcb01a03a016cc71057b587cdea6709-le64.cache-7
7f56fc037000-7f56fc03b000 r--s 00000000 fd:00 923175                     /var/cache/fontconfig/8aa05f52519ebacbdf5713e01a6153b0-le64.cache-7
7f56fc03b000-7f56fc03c000 r--s 00000000 fd:00 923165                     /var/cache/fontconfig/b887eea8f1b96e1d899b44ed6681fc27-le64.cache-7
7f56fc03c000-7f56fc03d000 r--s 00000000 fd:00 923146                     /var/cache/fontconfig/860639f272b8b4b3094f9e399e41bccd-le64.cache-7
7f56fc03d000-7f56fc03e000 r--s 00000000 fd:00 923126                     /var/cache/fontconfig/5d33f04e74a97395cf88bbd83847f1f1-le64.cache-7
7f56fc03e000-7f56fc03f000 r--s 00000000 fd:00 923117                     /var/cache/fontconfig/df893b4576ad6107f9397134092c4059-le64.cache-7
7f56fc03f000-7f56fc040000 r--s 00000000 fd:00 923114                     /var/cache/fontconfig/1e1e03b57ed9f0c723c5aeafda46c3fb-le64.cache-7
7f56fc040000-7f56fc041000 r--s 00000000 fd:00 923112                     /var/cache/fontconfig/900402270e15d763a6e008bb2d4c7686-le64.cache-7
7f56fc041000-7f56fc042000 r--s 00000000 fd:00 923108                     /var/cache/fontconfig/47f48679023f44a4d1e44699a69464f6-le64.cache-7
7f56fc042000-7f56fc043000 r--s 00000000 fd:00 923106                     /var/cache/fontconfig/2881ed3fd21ca306ddad6f9b0dd3189f-le64.cache-7
7f56fc043000-7f56fc044000 r--s 00000000 fd:00 923101                     /var/cache/fontconfig/3c3fb04d32a5211b073874b125d29701-le64.cache-7
7f56fc044000-7f56fc347000 rw-p 00000000 00:00 0 
7f56fc347000-7f56fc520000 r--s 03d20000 fd:00 160740                     /usr/lib/jvm/jdk1.8.0_66/jre/lib/rt.jar
7f56fc520000-7f56fceff000 rw-p 00000000 00:00 0 
7f56fceff000-7f56fcf00000 ---p 00000000 00:00 0 
7f56fcf00000-7f56fd000000 rw-p 00000000 00:00 0                          [stack:26778]
7f56fd000000-7f56fd8a0000 rwxp 00000000 00:00 0 
7f56fd8a0000-7f570c000000 ---p 00000000 00:00 0 
7f570c000000-7f570c4b7000 rw-p 00000000 00:00 0 
7f570c4b7000-7f5710000000 ---p 00000000 00:00 0 
7f5710000000-7f5710001000 r--s 00000000 fd:00 923100                     /var/cache/fontconfig/e61abf8156cc476151baa07d67337cae-le64.cache-7
7f5710001000-7f5710006000 r--s 00000000 fd:00 923311                     /var/cache/fontconfig/b67b32625a2bb51b023d3814a918f351-le64.cache-7
7f5710006000-7f5710008000 r--s 00000000 fd:00 923094                     /var/cache/fontconfig/d3379abda271c4acd2ad0c01f565d0b0-le64.cache-7
7f5710008000-7f5710009000 r--s 00000000 fd:00 923093                     /var/cache/fontconfig/b4d0b56f766d89640448751fcd18ec1e-le64.cache-7
7f5710009000-7f571000b000 r--s 00000000 fd:00 923092                     /var/cache/fontconfig/7ee6df7a8311986241317a58487e0145-le64.cache-7
7f571000b000-7f571000d000 r--s 00000000 fd:00 922883                     /var/cache/fontconfig/99a1ce9f8b6a0434aadb01d3779b0780-le64.cache-7
7f571000d000-7f5710020000 r--s 00000000 fd:00 921966                     /var/cache/fontconfig/614d1caaa4d7914789410f6367de37ca-le64.cache-7
7f5710020000-7f571002b000 r--s 00000000 fd:00 923307                     /var/cache/fontconfig/12b26b760a24f8b4feb03ad48a333a72-le64.cache-7
7f571002b000-7f5710032000 r--s 00000000 fd:00 923528                     /var/cache/fontconfig/a4412f743c4d1c8e7d1a441b64ec7319-le64.cache-7
7f5710032000-7f5710037000 r--s 00000000 fd:00 921831                     /var/cache/fontconfig/a289f7e03715303a9a1b010d74c00c6a-le64.cache-7
7f5710037000-7f571003b000 r--s 00000000 fd:00 923303                     /var/cache/fontconfig/beeeeb3dfe132a8a0633a017c99ce0c0-le64.cache-7
7f571003b000-7f5710057000 r--s 00393000 fd:00 160939                     /usr/lib/jvm/jdk1.8.0_66/jre/lib/ext/cldrdata.jar
7f5710057000-7f5710061000 r--s 00116000 fd:00 160946                     /usr/lib/jvm/jdk1.8.0_66/jre/lib/ext/localedata.jar
7f5710061000-7f5710066000 r--s 00096000 fd:00 160750                     /usr/lib/jvm/jdk1.8.0_66/jre/lib/jsse.jar
7f5710066000-7f5710079000 r-xp 00000000 fd:00 2232205                    /usr/lib64/libudev.so.1.6.2
7f5710079000-7f571007a000 ---p 00013000 fd:00 2232205                    /usr/lib64/libudev.so.1.6.2
7f571007a000-7f571007b000 r--p 00013000 fd:00 2232205                    /usr/lib64/libudev.so.1.6.2
7f571007b000-7f571007c000 rw-p 00014000 fd:00 2232205                    /usr/lib64/libudev.so.1.6.2
7f571007c000-7f57100f2000 rw-p 00000000 00:00 0 
7f57100f2000-7f57100f3000 ---p 00000000 00:00 0 
7f57100f3000-7f57101f3000 rw-p 00000000 00:00 0                          [stack:26777]
7f57101f3000-7f57101f4000 ---p 00000000 00:00 0 
7f57101f4000-7f57102f4000 rw-p 00000000 00:00 0                          [stack:26776]
7f57102f4000-7f57102f5000 ---p 00000000 00:00 0 
7f57102f5000-7f5710402000 rw-p 00000000 00:00 0                          [stack:26775]
7f5710402000-7f5710535000 ---p 00000000 00:00 0 
7f5710535000-7f5710542000 rw-p 00000000 00:00 0 
7f5710542000-7f5710674000 ---p 00000000 00:00 0 
7f5710674000-7f571067f000 rw-p 00000000 00:00 0 
7f571067f000-7f5710714000 ---p 00000000 00:00 0 
7f5710714000-7f5710738000 rw-p 00000000 00:00 0 
7f5710738000-7f5710ad5000 ---p 00000000 00:00 0 
7f5710ad5000-7f5710aef000 r-xp 00000000 fd:00 160796                     /usr/lib/jvm/jdk1.8.0_66/jre/lib/amd64/libzip.so
7f5710aef000-7f5710cef000 ---p 0001a000 fd:00 160796                     /usr/lib/jvm/jdk1.8.0_66/jre/lib/amd64/libzip.so
7f5710cef000-7f5710cf0000 rw-p 0001a000 fd:00 160796                     /usr/lib/jvm/jdk1.8.0_66/jre/lib/amd64/libzip.so
7f5710cf0000-7f5710cfc000 r-xp 00000000 fd:00 2235757                    /usr/lib64/libnss_files-2.21.so
7f5710cfc000-7f5710efb000 ---p 0000c000 fd:00 2235757                    /usr/lib64/libnss_files-2.21.so
7f5710efb000-7f5710efc000 r--p 0000b000 fd:00 2235757                    /usr/lib64/libnss_files-2.21.so
7f5710efc000-7f5710efd000 rw-p 0000c000 fd:00 2235757                    /usr/lib64/libnss_files-2.21.so
7f5710efd000-7f5710f27000 r-xp 00000000 fd:00 160791                     /usr/lib/jvm/jdk1.8.0_66/jre/lib/amd64/libjava.so
7f5710f27000-7f5711127000 ---p 0002a000 fd:00 160791                     /usr/lib/jvm/jdk1.8.0_66/jre/lib/amd64/libjava.so
7f5711127000-7f5711129000 rw-p 0002a000 fd:00 160791                     /usr/lib/jvm/jdk1.8.0_66/jre/lib/amd64/libjava.so
7f5711129000-7f5711136000 r-xp 00000000 fd:00 160795                     /usr/lib/jvm/jdk1.8.0_66/jre/lib/amd64/libverify.so
7f5711136000-7f5711336000 ---p 0000d000 fd:00 160795                     /usr/lib/jvm/jdk1.8.0_66/jre/lib/amd64/libverify.so
7f5711336000-7f5711338000 rw-p 0000d000 fd:00 160795                     /usr/lib/jvm/jdk1.8.0_66/jre/lib/amd64/libverify.so
7f5711338000-7f571133f000 r-xp 00000000 fd:00 2235865                    /usr/lib64/librt-2.21.so
7f571133f000-7f571153e000 ---p 00007000 fd:00 2235865                    /usr/lib64/librt-2.21.so
7f571153e000-7f571153f000 r--p 00006000 fd:00 2235865                    /usr/lib64/librt-2.21.so
7f571153f000-7f5711540000 rw-p 00007000 fd:00 2235865                    /usr/lib64/librt-2.21.so
7f5711540000-7f5711647000 r-xp 00000000 fd:00 2235393                    /usr/lib64/libm-2.21.so
7f5711647000-7f5711846000 ---p 00107000 fd:00 2235393                    /usr/lib64/libm-2.21.so
7f5711846000-7f5711847000 r--p 00106000 fd:00 2235393                    /usr/lib64/libm-2.21.so
7f5711847000-7f5711848000 rw-p 00107000 fd:00 2235393                    /usr/lib64/libm-2.21.so
7f5711848000-7f5712506000 r-xp 00000000 fd:00 160818                     /usr/lib/jvm/jdk1.8.0_66/jre/lib/amd64/server/libjvm.so
7f5712506000-7f5712705000 ---p 00cbe000 fd:00 160818                     /usr/lib/jvm/jdk1.8.0_66/jre/lib/amd64/server/libjvm.so
7f5712705000-7f57127de000 rw-p 00cbd000 fd:00 160818                     /usr/lib/jvm/jdk1.8.0_66/jre/lib/amd64/server/libjvm.so
7f57127de000-7f5712822000 rw-p 00000000 00:00 0 
7f5712822000-7f57129d9000 r-xp 00000000 fd:00 2235248                    /usr/lib64/libc-2.21.so
7f57129d9000-7f5712bd8000 ---p 001b7000 fd:00 2235248                    /usr/lib64/libc-2.21.so
7f5712bd8000-7f5712bdc000 r--p 001b6000 fd:00 2235248                    /usr/lib64/libc-2.21.so
7f5712bdc000-7f5712bde000 rw-p 001ba000 fd:00 2235248                    /usr/lib64/libc-2.21.so
7f5712bde000-7f5712be2000 rw-p 00000000 00:00 0 
7f5712be2000-7f5712be5000 r-xp 00000000 fd:00 2235371                    /usr/lib64/libdl-2.21.so
7f5712be5000-7f5712de4000 ---p 00003000 fd:00 2235371                    /usr/lib64/libdl-2.21.so
7f5712de4000-7f5712de5000 r--p 00002000 fd:00 2235371                    /usr/lib64/libdl-2.21.so
7f5712de5000-7f5712de6000 rw-p 00003000 fd:00 2235371                    /usr/lib64/libdl-2.21.so
7f5712de6000-7f5712dfb000 r-xp 00000000 fd:00 160814                     /usr/lib/jvm/jdk1.8.0_66/jre/lib/amd64/jli/libjli.so
7f5712dfb000-7f5712ffb000 ---p 00015000 fd:00 160814                     /usr/lib/jvm/jdk1.8.0_66/jre/lib/amd64/jli/libjli.so
7f5712ffb000-7f5712ffc000 rw-p 00015000 fd:00 160814                     /usr/lib/jvm/jdk1.8.0_66/jre/lib/amd64/jli/libjli.so
7f5712ffc000-7f5713013000 r-xp 00000000 fd:00 2235761                    /usr/lib64/libpthread-2.21.so
7f5713013000-7f5713212000 ---p 00017000 fd:00 2235761                    /usr/lib64/libpthread-2.21.so
7f5713212000-7f5713213000 r--p 00016000 fd:00 2235761                    /usr/lib64/libpthread-2.21.so
7f5713213000-7f5713214000 rw-p 00017000 fd:00 2235761                    /usr/lib64/libpthread-2.21.so
7f5713214000-7f5713218000 rw-p 00000000 00:00 0 
7f5713218000-7f5713239000 r-xp 00000000 fd:00 2237522                    /usr/lib64/ld-2.21.so
7f5713239000-7f571323b000 r--s 00000000 fd:00 921988                     /var/cache/fontconfig/f9d379b867d7c69c85310a4f24e5228f-le64.cache-7
7f571323b000-7f571323c000 r--s 00000000 fd:00 921976                     /var/cache/fontconfig/a0c19c2c21e758d73376b5942921cc72-le64.cache-7
7f571323c000-7f5713244000 r--s 000c4000 fd:02 1967163                    /home/XyzC/NetBeansProjects/ClinicManagementProject/dist/run1042609662/lib/mysql-connector-java-5.1.23-bin.jar
7f5713244000-7f571324c000 rw-s 00000000 00:05 436866                     /drm mm object (deleted)
7f571324c000-7f5713254000 rw-s 00000000 00:05 436937                     /drm mm object (deleted)
7f5713254000-7f571325c000 rw-s 00000000 00:05 436163                     /drm mm object (deleted)
7f571325c000-7f5713319000 rw-p 00000000 00:00 0 
7f5713319000-7f571331c000 ---p 00000000 00:00 0 
7f571331c000-7f571341e000 rw-p 00000000 00:00 0                          [stack:26771]
7f571341e000-7f571341f000 r--s 00000000 fd:00 921793                     /var/cache/fontconfig/3640555adad8a8f6978400293cfce7ab-le64.cache-7
7f571341f000-7f5713421000 r--s 00000000 fd:00 921759                     /var/cache/fontconfig/b3043b29744cf0a429678d296f5e4026-le64.cache-7
7f5713421000-7f5713422000 rw-s 00000000 00:05 436160                     /drm mm object (deleted)
7f5713422000-7f5713423000 rw-s 103e82000 00:06 11675                     /dev/dri/card0
7f5713423000-7f571342b000 rw-s 00000000 00:05 436159                     /drm mm object (deleted)
7f571342b000-7f571342d000 r--s 0001a000 fd:02 1966846                    /home/XyzC/NetBeansProjects/ClinicManagementProject/dist/run1042609662/ClinicManagement.jar
7f571342d000-7f5713435000 rw-s 00000000 00:24 439766                     /tmp/hsperfdata_XyzC/26770
7f5713435000-7f5713436000 rw-p 00000000 00:00 0 
7f5713436000-7f5713437000 r--p 00000000 00:00 0 
7f5713437000-7f5713438000 rw-p 00000000 00:00 0 
7f5713438000-7f5713439000 r--p 00020000 fd:00 2237522                    /usr/lib64/ld-2.21.so
7f5713439000-7f571343a000 rw-p 00021000 fd:00 2237522                    /usr/lib64/ld-2.21.so
7f571343a000-7f571343b000 rw-p 00000000 00:00 0 
7ffc2f8d5000-7ffc2f8f6000 rw-p 00000000 00:00 0                          [stack]
7ffc2f91d000-7ffc2f91f000 r--p 00000000 00:00 0                          [vvar]
7ffc2f91f000-7ffc2f921000 r-xp 00000000 00:00 0                          [vdso]
ffffffffff600000-ffffffffff601000 r-xp 00000000 00:00 0                  [vsyscall]

VM Arguments:
jvm_args: -Dfile.encoding=UTF-8 
java_command: /home/XyzC/NetBeansProjects/ClinicManagementProject/dist/run1042609662/ClinicManagement.jar
java_class_path (initial): /home/XyzC/NetBeansProjects/ClinicManagementProject/dist/run1042609662/ClinicManagement.jar
Launcher Type: SUN_STANDARD

Environment Variables:
PATH=/usr/lib64/qt-3.3/bin:/usr/local/bin:/usr/local/sbin:/usr/bin:/usr/sbin:/bin:/sbin:/home/XyzC/.local/bin:/home/XyzC/bin
USERNAME=XyzC
LD_LIBRARY_PATH=/usr/lib/jvm/jdk1.8.0_66/jre/lib/amd64:/usr/lib/jvm/jdk1.8.0_66/jre/lib/i386:
SHELL=/bin/bash
DISPLAY=:0

Signal Handlers:
SIGSEGV: [libjvm.so+0xaba2a0], sa_mask[0]=11111111011111111101111111111110, sa_flags=SA_RESTART|SA_SIGINFO
SIGBUS: [libjvm.so+0xaba2a0], sa_mask[0]=11111111011111111101111111111110, sa_flags=SA_RESTART|SA_SIGINFO
SIGFPE: [libjvm.so+0x917710], sa_mask[0]=11111111011111111101111111111110, sa_flags=SA_RESTART|SA_SIGINFO
SIGPIPE: SIG_IGN, sa_mask[0]=00000000000010000000000000000000, sa_flags=SA_RESTART
SIGXFSZ: [libjvm.so+0x917710], sa_mask[0]=11111111011111111101111111111110, sa_flags=SA_RESTART|SA_SIGINFO
SIGILL: [libjvm.so+0x917710], sa_mask[0]=11111111011111111101111111111110, sa_flags=SA_RESTART|SA_SIGINFO
SIGUSR1: SIG_DFL, sa_mask[0]=00000000000000000000000000000000, sa_flags=none
SIGUSR2: [libjvm.so+0x918d40], sa_mask[0]=00100000000000000000000000000000, sa_flags=SA_RESTART|SA_SIGINFO
SIGHUP: [libjvm.so+0x91a140], sa_mask[0]=11111111011111111101111111111110, sa_flags=SA_RESTART|SA_SIGINFO
SIGINT: SIG_IGN, sa_mask[0]=00000000000000000000000000000000, sa_flags=none
SIGTERM: [libjvm.so+0x91a140], sa_mask[0]=11111111011111111101111111111110, sa_flags=SA_RESTART|SA_SIGINFO
SIGQUIT: [libjvm.so+0x91a140], sa_mask[0]=11111111011111111101111111111110, sa_flags=SA_RESTART|SA_SIGINFO


---------------  S Y S T E M  ---------------

OS:Fedora release 22 (Twenty Two)

uname:Linux 4.2.3-200.fc22.x86_64 #1 SMP Thu Oct 8 03:23:55 UTC 2015 x86_64
libc:glibc 2.21 NPTL 2.21 
rlimit: STACK 8192k, CORE 0k, NPROC 4096, NOFILE 4096, AS infinity
load average:2,22 2,07 1,68

/proc/meminfo:
MemTotal:        3919720 kB
MemFree:          255400 kB
MemAvailable:    1574152 kB
Buffers:          165772 kB
Cached:          1174844 kB
SwapCached:         8008 kB
Active:          2356144 kB
Inactive:         982468 kB
Active(anon):    1695868 kB
Inactive(anon):   442472 kB
Active(file):     660276 kB
Inactive(file):   539996 kB
Unevictable:           0 kB
Mlocked:               0 kB
SwapTotal:       3932156 kB
SwapFree:        3358332 kB
Dirty:                12 kB
Writeback:             0 kB
AnonPages:       1992812 kB
Mapped:           185096 kB
Shmem:            140344 kB
Slab:             213272 kB
SReclaimable:     147724 kB
SUnreclaim:        65548 kB
KernelStack:        8832 kB
PageTables:        46416 kB
NFS_Unstable:          0 kB
Bounce:                0 kB
WritebackTmp:          0 kB
CommitLimit:     5892016 kB
Committed_AS:    6108632 kB
VmallocTotal:   34359738367 kB
VmallocUsed:      557032 kB
VmallocChunk:   34358423548 kB
HardwareCorrupted:     0 kB
AnonHugePages:         0 kB
HugePages_Total:       0
HugePages_Free:        0
HugePages_Rsvd:        0
HugePages_Surp:        0
Hugepagesize:       2048 kB
DirectMap4k:      259836 kB
DirectMap2M:     3807232 kB


CPU:total 4 (2 cores per cpu, 2 threads per core) family 6 model 58 stepping 9, cmov, cx8, fxsr, mmx, sse, sse2, sse3, ssse3, sse4.1, sse4.2, popcnt, avx, aes, clmul, erms, ht, tsc, tscinvbit, tscinv

/proc/cpuinfo:
processor	: 0
vendor_id	: GenuineIntel
cpu family	: 6
model		: 58
model name	: Intel(R) Core(TM) i5-3230M CPU @ 2.60GHz
stepping	: 9
microcode	: 0x1b
cpu MHz		: 1519.578
cache size	: 3072 KB
physical id	: 0
siblings	: 4
core id		: 0
cpu cores	: 2
apicid		: 0
initial apicid	: 0
fpu		: yes
fpu_exception	: yes
cpuid level	: 13
wp		: yes
flags		: fpu vme de pse tsc msr pae mce cx8 apic sep mtrr pge mca cmov pat pse36 clflush dts acpi mmx fxsr sse sse2 ss ht tm pbe syscall nx rdtscp lm constant_tsc arch_perfmon pebs bts rep_good nopl xtopology nonstop_tsc aperfmperf eagerfpu pni pclmulqdq dtes64 monitor ds_cpl vmx est tm2 ssse3 cx16 xtpr pdcm pcid sse4_1 sse4_2 x2apic popcnt tsc_deadline_timer aes xsave avx f16c rdrand lahf_lm ida arat epb pln pts dtherm tpr_shadow vnmi flexpriority ept vpid fsgsbase smep erms xsaveopt
bugs		:
bogomips	: 5188.15
clflush size	: 64
cache_alignment	: 64
address sizes	: 36 bits physical, 48 bits virtual
power management:

processor	: 1
vendor_id	: GenuineIntel
cpu family	: 6
model		: 58
model name	: Intel(R) Core(TM) i5-3230M CPU @ 2.60GHz
stepping	: 9
microcode	: 0x1b
cpu MHz		: 1519.578
cache size	: 3072 KB
physical id	: 0
siblings	: 4
core id		: 0
cpu cores	: 2
apicid		: 1
initial apicid	: 1
fpu		: yes
fpu_exception	: yes
cpuid level	: 13
wp		: yes
flags		: fpu vme de pse tsc msr pae mce cx8 apic sep mtrr pge mca cmov pat pse36 clflush dts acpi mmx fxsr sse sse2 ss ht tm pbe syscall nx rdtscp lm constant_tsc arch_perfmon pebs bts rep_good nopl xtopology nonstop_tsc aperfmperf eagerfpu pni pclmulqdq dtes64 monitor ds_cpl vmx est tm2 ssse3 cx16 xtpr pdcm pcid sse4_1 sse4_2 x2apic popcnt tsc_deadline_timer aes xsave avx f16c rdrand lahf_lm ida arat epb pln pts dtherm tpr_shadow vnmi flexpriority ept vpid fsgsbase smep erms xsaveopt
bugs		:
bogomips	: 5188.15
clflush size	: 64
cache_alignment	: 64
address sizes	: 36 bits physical, 48 bits virtual
power management:

processor	: 2
vendor_id	: GenuineIntel
cpu family	: 6
model		: 58
model name	: Intel(R) Core(TM) i5-3230M CPU @ 2.60GHz
stepping	: 9
microcode	: 0x1b
cpu MHz		: 1499.468
cache size	: 3072 KB
physical id	: 0
siblings	: 4
core id		: 1
cpu cores	: 2
apicid		: 2
initial apicid	: 2
fpu		: yes
fpu_exception	: yes
cpuid level	: 13
wp		: yes
flags		: fpu vme de pse tsc msr pae mce cx8 apic sep mtrr pge mca cmov pat pse36 clflush dts acpi mmx fxsr sse sse2 ss ht tm pbe syscall nx rdtscp lm constant_tsc arch_perfmon pebs bts rep_good nopl xtopology nonstop_tsc aperfmperf eagerfpu pni pclmulqdq dtes64 monitor ds_cpl vmx est tm2 ssse3 cx16 xtpr pdcm pcid sse4_1 sse4_2 x2apic popcnt tsc_deadline_timer aes xsave avx f16c rdrand lahf_lm ida arat epb pln pts dtherm tpr_shadow vnmi flexpriority ept vpid fsgsbase smep erms xsaveopt
bugs		:
bogomips	: 5188.15
clflush size	: 64
cache_alignment	: 64
address sizes	: 36 bits physical, 48 bits virtual
power management:

processor	: 3
vendor_id	: GenuineIntel
cpu family	: 6
model		: 58
model name	: Intel(R) Core(TM) i5-3230M CPU @ 2.60GHz
stepping	: 9
microcode	: 0x1b
cpu MHz		: 1411.921
cache size	: 3072 KB
physical id	: 0
siblings	: 4
core id		: 1
cpu cores	: 2
apicid		: 3
initial apicid	: 3
fpu		: yes
fpu_exception	: yes
cpuid level	: 13
wp		: yes
flags		: fpu vme de pse tsc msr pae mce cx8 apic sep mtrr pge mca cmov pat pse36 clflush dts acpi mmx fxsr sse sse2 ss ht tm pbe syscall nx rdtscp lm constant_tsc arch_perfmon pebs bts rep_good nopl xtopology nonstop_tsc aperfmperf eagerfpu pni pclmulqdq dtes64 monitor ds_cpl vmx est tm2 ssse3 cx16 xtpr pdcm pcid sse4_1 sse4_2 x2apic popcnt tsc_deadline_timer aes xsave avx f16c rdrand lahf_lm ida arat epb pln pts dtherm tpr_shadow vnmi flexpriority ept vpid fsgsbase smep erms xsaveopt
bugs		:
bogomips	: 5188.15
clflush size	: 64
cache_alignment	: 64
address sizes	: 36 bits physical, 48 bits virtual
power management:



Memory: 4k page, physical 3919720k(255400k free), swap 3932156k(3358332k free)

vm_info: Java HotSpot(TM) 64-Bit Server VM (25.66-b17) for linux-amd64 JRE (1.8.0_66-b17), built on Oct  6 2015 17:28:34 by "java_re" with gcc 4.3.0 20080428 (Red Hat 4.3.0-8)

time: Mon Nov 30 03:40:40 2015
elapsed time: 56 seconds (0d 0h 0m 56s)

